log begin
..............
5/10/2021 12:35:07 AM : ping
5/10/2021 12:35:07 AM : ping
5/10/2021 12:35:07 AM : ping
5/10/2021 12:35:08 AM : ping
5/10/2021 12:35:08 AM : ping
5/10/2021 12:35:08 AM : ping
5/10/2021 12:35:09 AM : ping
5/10/2021 12:35:09 AM : ping
5/10/2021 12:35:09 AM : ping
5/10/2021 12:35:10 AM : ping
5/10/2021 12:35:10 AM : ping
5/10/2021 12:35:10 AM : ping
5/10/2021 12:35:11 AM : ping
5/10/2021 12:35:11 AM : ping
5/10/2021 12:35:11 AM : ping
5/10/2021 12:35:12 AM : ping
5/10/2021 12:35:12 AM : ping
5/10/2021 12:35:13 AM : ping
5/10/2021 12:35:14 AM : ping
5/10/2021 12:35:14 AM : ping
5/10/2021 12:35:14 AM : ping
5/10/2021 12:35:15 AM : ping
5/10/2021 12:35:15 AM : ping
5/10/2021 12:35:15 AM : ping
5/10/2021 12:35:16 AM : ping
5/10/2021 12:35:16 AM : ping
5/10/2021 12:35:16 AM : ping
5/10/2021 12:35:17 AM : ping
5/10/2021 12:35:17 AM : ping
5/10/2021 12:35:17 AM : ping
5/10/2021 12:35:18 AM : ping
5/10/2021 12:35:18 AM : ping
5/10/2021 12:35:18 AM : ping
5/10/2021 12:35:19 AM : ping
5/10/2021 12:35:19 AM : ping
5/10/2021 12:35:19 AM : ping
5/10/2021 12:35:20 AM : ping
5/10/2021 12:35:20 AM : ping
5/10/2021 12:35:20 AM : ping
5/10/2021 12:35:21 AM : ping
5/10/2021 12:35:21 AM : ping
5/10/2021 12:35:21 AM : ping
5/10/2021 12:35:23 AM : ping
5/10/2021 12:35:23 AM : ping
5/10/2021 12:35:23 AM : ping
5/10/2021 12:35:24 AM : ping
5/10/2021 12:35:24 AM : ping
5/10/2021 12:35:24 AM : ping
5/10/2021 12:35:25 AM : ping
5/10/2021 12:35:25 AM : ping
5/10/2021 12:35:25 AM : ping
5/10/2021 12:35:26 AM : ping
5/10/2021 12:35:26 AM : ping
5/10/2021 12:35:26 AM : ping
5/10/2021 12:35:27 AM : ping
5/10/2021 12:35:27 AM : ping
5/10/2021 12:35:27 AM : ping
5/10/2021 12:35:28 AM : ping
5/10/2021 12:35:28 AM : ping
5/10/2021 12:35:28 AM : ping
5/10/2021 12:35:29 AM : ping
5/10/2021 12:35:29 AM : ping
5/10/2021 12:35:29 AM : ping
5/10/2021 12:35:30 AM : ping
5/10/2021 12:35:30 AM : ping
5/10/2021 12:35:30 AM : ping
5/10/2021 12:35:32 AM : ping
5/10/2021 12:35:32 AM : ping
5/10/2021 12:35:32 AM : ping
5/10/2021 12:35:32 AM : launch server at port: 7003
5/10/2021 12:35:33 AM : ping
5/10/2021 12:35:33 AM : ping
5/10/2021 12:35:33 AM : ping
5/10/2021 12:35:34 AM : ping
5/10/2021 12:35:34 AM : ping
5/10/2021 12:35:34 AM : ping
5/10/2021 12:35:35 AM : ping
5/10/2021 12:35:35 AM : ping
5/10/2021 12:35:35 AM : ping
5/10/2021 12:35:36 AM : ping
5/10/2021 12:35:36 AM : ping
5/10/2021 12:35:36 AM : ping
5/10/2021 12:35:37 AM : ping
5/10/2021 12:35:37 AM : ping
5/10/2021 12:35:37 AM : ping
5/10/2021 12:35:38 AM : ping
5/10/2021 12:35:38 AM : ping
5/10/2021 12:35:38 AM : ping
5/10/2021 12:35:39 AM : ping
5/10/2021 12:35:39 AM : ping
5/10/2021 12:35:39 AM : ping
5/10/2021 12:35:41 AM : ping
5/10/2021 12:35:41 AM : ping
5/10/2021 12:35:41 AM : ping
5/10/2021 12:35:42 AM : ping
5/10/2021 12:35:42 AM : ping
5/10/2021 12:35:42 AM : ping
5/10/2021 12:35:43 AM : ping
5/10/2021 12:35:43 AM : ping
5/10/2021 12:35:43 AM : ping
5/10/2021 12:35:44 AM : ping
5/10/2021 12:35:44 AM : ping
5/10/2021 12:35:44 AM : ping
5/10/2021 12:35:45 AM : ping
5/10/2021 12:35:45 AM : ping
5/10/2021 12:35:45 AM : ping
5/10/2021 12:35:46 AM : ping
5/10/2021 12:35:46 AM : ping
5/10/2021 12:35:46 AM : ping
5/10/2021 12:35:47 AM : ping
5/10/2021 12:35:47 AM : ping
5/10/2021 12:35:47 AM : ping
5/10/2021 12:35:48 AM : ping
5/10/2021 12:35:48 AM : ping
5/10/2021 12:35:48 AM : ping
5/10/2021 12:35:50 AM : ping
5/10/2021 12:35:50 AM : ping
5/10/2021 12:35:50 AM : ping
5/10/2021 12:35:51 AM : ping
5/10/2021 12:35:51 AM : ping
5/10/2021 12:35:51 AM : ping
5/10/2021 12:35:52 AM : ping
5/10/2021 12:35:52 AM : ping
5/10/2021 12:35:52 AM : ping
5/10/2021 12:35:53 AM : ping
5/10/2021 12:35:53 AM : ping
5/10/2021 12:35:53 AM : ping
5/10/2021 12:35:54 AM : ping
5/10/2021 12:35:54 AM : ping
5/10/2021 12:35:54 AM : ping
5/10/2021 12:35:55 AM : ping
5/10/2021 12:35:55 AM : ping
5/10/2021 12:35:55 AM : ping
5/10/2021 12:35:56 AM : ping
5/10/2021 12:35:56 AM : ping
5/10/2021 12:35:56 AM : ping
5/10/2021 12:35:57 AM : ping
5/10/2021 12:35:57 AM : ping
5/10/2021 12:35:57 AM : ping
5/10/2021 12:35:59 AM : ping
5/10/2021 12:35:59 AM : ping
5/10/2021 12:35:59 AM : ping
5/10/2021 12:36:00 AM : ping
5/10/2021 12:36:00 AM : ping
5/10/2021 12:36:00 AM : ping
5/10/2021 12:36:01 AM : ping
5/10/2021 12:36:01 AM : ping
5/10/2021 12:36:01 AM : ping
5/10/2021 12:36:02 AM : ping
5/10/2021 12:36:02 AM : ping
5/10/2021 12:36:02 AM : ping
5/10/2021 12:36:03 AM : ping
5/10/2021 12:36:03 AM : ping
5/10/2021 12:36:03 AM : ping
5/10/2021 12:36:04 AM : ping
5/10/2021 12:36:04 AM : ping
5/10/2021 12:36:04 AM : ping
5/10/2021 12:36:05 AM : ping
5/10/2021 12:36:05 AM : ping
5/10/2021 12:36:05 AM : ping
5/10/2021 12:36:06 AM : ping
5/10/2021 12:36:06 AM : ping
5/10/2021 12:36:06 AM : ping
5/10/2021 12:36:07 AM : ping
5/10/2021 12:36:07 AM : ping
5/10/2021 12:36:07 AM : ping
5/10/2021 12:36:09 AM : ping
5/10/2021 12:36:09 AM : ping
5/10/2021 12:36:09 AM : ping
5/10/2021 12:36:10 AM : ping
5/10/2021 12:36:10 AM : ping
5/10/2021 12:36:10 AM : ping
5/10/2021 12:36:11 AM : ping
5/10/2021 12:36:11 AM : ping
5/10/2021 12:36:11 AM : ping
5/10/2021 12:36:12 AM : ping
5/10/2021 12:36:12 AM : ping
5/10/2021 12:36:12 AM : ping
5/10/2021 12:36:13 AM : ping
5/10/2021 12:36:13 AM : ping
5/10/2021 12:36:13 AM : ping
5/10/2021 12:36:14 AM : ping
5/10/2021 12:36:14 AM : ping
5/10/2021 12:36:14 AM : ping
5/10/2021 12:36:15 AM : ping
5/10/2021 12:36:15 AM : ping
5/10/2021 12:36:15 AM : ping
5/10/2021 12:36:16 AM : ping
5/10/2021 12:36:16 AM : ping
5/10/2021 12:36:16 AM : ping
5/10/2021 12:36:18 AM : ping
5/10/2021 12:36:18 AM : ping
5/10/2021 12:36:18 AM : ping
5/10/2021 12:36:19 AM : ping
5/10/2021 12:36:19 AM : ping
5/10/2021 12:36:19 AM : ping
5/10/2021 12:36:20 AM : ping
5/10/2021 12:36:20 AM : ping
5/10/2021 12:36:20 AM : ping
5/10/2021 12:36:21 AM : ping
5/10/2021 12:36:21 AM : ping
5/10/2021 12:36:21 AM : ping
5/10/2021 12:36:22 AM : ping
5/10/2021 12:36:22 AM : ping
5/10/2021 12:36:22 AM : ping
5/10/2021 12:36:23 AM : ping
5/10/2021 12:36:23 AM : ping
5/10/2021 12:36:23 AM : ping
5/10/2021 12:36:24 AM : ping
5/10/2021 12:36:24 AM : ping
5/10/2021 12:36:24 AM : ping
5/10/2021 12:36:25 AM : ping
5/10/2021 12:36:25 AM : ping
5/10/2021 12:36:25 AM : ping
5/10/2021 12:36:27 AM : ping
5/10/2021 12:36:27 AM : ping
5/10/2021 12:36:27 AM : ping
5/10/2021 12:36:28 AM : ping
5/10/2021 12:36:28 AM : ping
5/10/2021 12:36:28 AM : ping
5/10/2021 12:36:29 AM : ping
5/10/2021 12:36:29 AM : ping
5/10/2021 12:36:29 AM : ping
5/10/2021 12:36:30 AM : ping
5/10/2021 12:36:30 AM : ping
5/10/2021 12:36:30 AM : ping
5/10/2021 12:36:31 AM : ping
5/10/2021 12:36:31 AM : ping
5/10/2021 12:36:31 AM : ping
5/10/2021 12:36:32 AM : ping
5/10/2021 12:36:32 AM : ping
5/10/2021 12:36:32 AM : ping
5/10/2021 12:36:33 AM : ping
5/10/2021 12:36:33 AM : ping
5/10/2021 12:36:33 AM : ping
5/10/2021 12:36:34 AM : ping
5/10/2021 12:36:34 AM : ping
5/10/2021 12:36:34 AM : ping
5/10/2021 12:36:36 AM : ping
5/10/2021 12:36:36 AM : ping
5/10/2021 12:36:36 AM : ping
5/10/2021 12:36:37 AM : ping
5/10/2021 12:36:37 AM : ping
5/10/2021 12:36:37 AM : ping
5/10/2021 12:36:38 AM : ping
5/10/2021 12:36:38 AM : ping
5/10/2021 12:36:38 AM : ping
5/10/2021 12:36:39 AM : ping
5/10/2021 12:36:39 AM : ping
5/10/2021 12:36:39 AM : ping
5/10/2021 12:36:40 AM : ping
5/10/2021 12:36:40 AM : ping
5/10/2021 12:36:40 AM : ping
5/10/2021 12:36:41 AM : ping
5/10/2021 12:36:41 AM : ping
5/10/2021 12:36:41 AM : ping
5/10/2021 12:36:42 AM : ping
5/10/2021 12:36:42 AM : ping
5/10/2021 12:36:42 AM : ping
5/10/2021 12:36:43 AM : ping
5/10/2021 12:36:43 AM : ping
5/10/2021 12:36:43 AM : ping
5/10/2021 12:36:45 AM : ping
5/10/2021 12:36:45 AM : ping
5/10/2021 12:36:45 AM : ping
5/10/2021 12:36:46 AM : ping
5/10/2021 12:36:46 AM : ping
5/10/2021 12:36:46 AM : ping
5/10/2021 12:36:47 AM : ping
5/10/2021 12:36:47 AM : ping
5/10/2021 12:36:47 AM : ping
5/10/2021 12:36:48 AM : ping
5/10/2021 12:36:48 AM : ping
5/10/2021 12:36:48 AM : ping
5/10/2021 12:36:49 AM : ping
5/10/2021 12:36:49 AM : ping
5/10/2021 12:36:49 AM : ping
5/10/2021 12:36:50 AM : ping
5/10/2021 12:36:50 AM : ping
5/10/2021 12:36:50 AM : ping
5/10/2021 12:36:51 AM : ping
5/10/2021 12:36:51 AM : ping
5/10/2021 12:36:51 AM : ping
5/10/2021 12:36:52 AM : ping
5/10/2021 12:36:52 AM : ping
5/10/2021 12:36:52 AM : ping
5/10/2021 12:36:53 AM : ping
5/10/2021 12:36:53 AM : ping
5/10/2021 12:36:53 AM : ping
5/10/2021 12:36:54 AM : launch server at port: 7004
5/10/2021 12:36:55 AM : ping
5/10/2021 12:36:55 AM : ping
5/10/2021 12:36:55 AM : ping
5/10/2021 12:36:56 AM : ping
5/10/2021 12:36:56 AM : ping
5/10/2021 12:36:56 AM : ping
5/10/2021 12:36:57 AM : ping
5/10/2021 12:36:57 AM : ping
5/10/2021 12:36:57 AM : ping
5/10/2021 12:36:58 AM : ping
5/10/2021 12:36:58 AM : ping
5/10/2021 12:36:58 AM : ping
5/10/2021 12:36:59 AM : ping
5/10/2021 12:36:59 AM : ping
5/10/2021 12:36:59 AM : ping
5/10/2021 12:37:00 AM : ping
5/10/2021 12:37:00 AM : ping
5/10/2021 12:37:00 AM : ping
5/10/2021 12:37:01 AM : ping
5/10/2021 12:37:01 AM : ping
5/10/2021 12:37:01 AM : ping
5/10/2021 12:37:02 AM : ping
5/10/2021 12:37:02 AM : ping
5/10/2021 12:37:02 AM : ping
5/10/2021 12:37:03 AM : launch server at port: 7005
5/10/2021 12:37:03 AM : ping
5/10/2021 12:37:03 AM : ping
5/10/2021 12:37:03 AM : ping
5/10/2021 12:37:05 AM : ping
5/10/2021 12:37:05 AM : ping
5/10/2021 12:37:05 AM : ping
5/10/2021 12:37:06 AM : ping
5/10/2021 12:37:06 AM : ping
5/10/2021 12:37:06 AM : ping
5/10/2021 12:37:07 AM : ping
5/10/2021 12:37:07 AM : ping
5/10/2021 12:37:07 AM : ping
5/10/2021 12:37:08 AM : ping
5/10/2021 12:37:08 AM : ping
5/10/2021 12:37:08 AM : ping
5/10/2021 12:37:09 AM : ping
5/10/2021 12:37:09 AM : ping
5/10/2021 12:37:09 AM : ping
5/10/2021 12:37:10 AM : ping
5/10/2021 12:37:10 AM : ping
5/10/2021 12:37:10 AM : ping
5/10/2021 12:37:11 AM : ping
5/10/2021 12:37:11 AM : ping
5/10/2021 12:37:11 AM : ping
5/10/2021 12:37:12 AM : ping
5/10/2021 12:37:12 AM : ping
5/10/2021 12:37:12 AM : ping
5/10/2021 12:37:13 AM : ping
5/10/2021 12:37:13 AM : ping
5/10/2021 12:37:13 AM : ping
5/10/2021 12:37:14 AM : ping
5/10/2021 12:37:14 AM : ping
5/10/2021 12:37:14 AM : ping
5/10/2021 12:37:16 AM : ping
5/10/2021 12:37:16 AM : ping
5/10/2021 12:37:16 AM : ping
5/10/2021 12:37:17 AM : ping
5/10/2021 12:37:17 AM : ping
5/10/2021 12:37:17 AM : ping
5/10/2021 12:37:18 AM : ping
5/10/2021 12:37:18 AM : ping
5/10/2021 12:37:18 AM : ping
5/10/2021 12:37:19 AM : ping
5/10/2021 12:37:19 AM : ping
5/10/2021 12:37:19 AM : ping
5/10/2021 12:37:20 AM : ping
5/10/2021 12:37:20 AM : ping
5/10/2021 12:37:20 AM : ping
5/10/2021 12:37:21 AM : ping
5/10/2021 12:37:21 AM : ping
5/10/2021 12:37:21 AM : ping
5/10/2021 12:37:22 AM : ping
5/10/2021 12:37:22 AM : ping
5/10/2021 12:37:22 AM : ping
5/10/2021 12:37:23 AM : ping
5/10/2021 12:37:23 AM : ping
5/10/2021 12:37:23 AM : ping
5/10/2021 12:37:25 AM : ping
5/10/2021 12:37:25 AM : ping
5/10/2021 12:37:25 AM : ping
5/10/2021 12:37:26 AM : ping
5/10/2021 12:37:26 AM : ping
5/10/2021 12:37:26 AM : ping
5/10/2021 12:37:27 AM : ping
5/10/2021 12:37:27 AM : ping
5/10/2021 12:37:27 AM : ping
5/10/2021 12:37:28 AM : ping
5/10/2021 12:37:28 AM : ping
5/10/2021 12:37:28 AM : ping
5/10/2021 12:37:29 AM : ping
5/10/2021 12:37:29 AM : ping
5/10/2021 12:37:29 AM : ping
5/10/2021 12:37:30 AM : ping
5/10/2021 12:37:30 AM : ping
5/10/2021 12:37:30 AM : ping
5/10/2021 12:37:31 AM : ping
5/10/2021 12:37:31 AM : ping
5/10/2021 12:37:31 AM : ping
5/10/2021 12:37:32 AM : ping
5/10/2021 12:37:32 AM : ping
5/10/2021 12:37:32 AM : ping
5/10/2021 12:37:34 AM : ping
5/10/2021 12:37:34 AM : ping
5/10/2021 12:37:34 AM : ping
5/10/2021 12:37:35 AM : ping
5/10/2021 12:37:35 AM : ping
5/10/2021 12:37:35 AM : ping
5/10/2021 12:37:36 AM : ping
5/10/2021 12:37:36 AM : ping
5/10/2021 12:37:36 AM : ping
5/10/2021 12:37:37 AM : ping
5/10/2021 12:37:37 AM : ping
5/10/2021 12:37:37 AM : ping
5/10/2021 12:37:38 AM : ping
5/10/2021 12:37:38 AM : ping
5/10/2021 12:37:38 AM : ping
5/10/2021 12:37:39 AM : ping
5/10/2021 12:37:39 AM : ping
5/10/2021 12:37:39 AM : ping
5/10/2021 12:37:40 AM : ping
5/10/2021 12:37:40 AM : ping
5/10/2021 12:37:40 AM : ping
5/10/2021 12:37:41 AM : ping
5/10/2021 12:37:41 AM : ping
5/10/2021 12:37:41 AM : ping
5/10/2021 12:37:42 AM : ping
5/10/2021 12:37:42 AM : ping
5/10/2021 12:37:42 AM : ping
5/10/2021 12:37:43 AM : ping
5/10/2021 12:37:43 AM : ping
5/10/2021 12:37:44 AM : ping
5/10/2021 12:37:45 AM : ping
5/10/2021 12:37:45 AM : ping
5/10/2021 12:37:45 AM : ping
5/10/2021 12:37:46 AM : ping
5/10/2021 12:37:46 AM : ping
5/10/2021 12:37:46 AM : ping
5/10/2021 12:37:47 AM : ping
5/10/2021 12:37:47 AM : ping
5/10/2021 12:37:47 AM : ping
5/10/2021 12:37:48 AM : ping
5/10/2021 12:37:48 AM : ping
5/10/2021 12:37:48 AM : ping
5/10/2021 12:37:49 AM : ping
5/10/2021 12:37:49 AM : ping
5/10/2021 12:37:49 AM : ping
5/10/2021 12:37:50 AM : ping
5/10/2021 12:37:50 AM : ping
5/10/2021 12:37:50 AM : ping
5/10/2021 12:37:51 AM : ping
5/10/2021 12:37:51 AM : ping
5/10/2021 12:37:51 AM : ping
5/10/2021 12:37:52 AM : ping
5/10/2021 12:37:52 AM : ping
5/10/2021 12:37:52 AM : ping
5/10/2021 12:37:53 AM : ping
5/10/2021 12:37:53 AM : ping
5/10/2021 12:37:54 AM : ping
5/10/2021 12:37:55 AM : ping
5/10/2021 12:37:55 AM : ping
5/10/2021 12:37:55 AM : ping
5/10/2021 12:37:56 AM : ping
5/10/2021 12:37:56 AM : ping
5/10/2021 12:37:56 AM : ping
5/10/2021 12:37:57 AM : ping
5/10/2021 12:37:57 AM : ping
5/10/2021 12:37:57 AM : ping
5/10/2021 12:37:58 AM : ping
5/10/2021 12:37:58 AM : ping
5/10/2021 12:37:58 AM : ping
5/10/2021 12:37:59 AM : ping
5/10/2021 12:37:59 AM : ping
5/10/2021 12:37:59 AM : ping
5/10/2021 12:38:00 AM : ping
5/10/2021 12:38:00 AM : ping
5/10/2021 12:38:00 AM : ping
5/10/2021 12:38:01 AM : ping
5/10/2021 12:38:01 AM : ping
5/10/2021 12:38:01 AM : ping
5/10/2021 12:38:02 AM : ping
5/10/2021 12:38:02 AM : ping
5/10/2021 12:38:02 AM : ping
5/10/2021 12:38:03 AM : ping
5/10/2021 12:38:03 AM : ping
5/10/2021 12:38:03 AM : ping
5/10/2021 12:38:05 AM : ping
5/10/2021 12:38:05 AM : ping
5/10/2021 12:38:05 AM : ping
5/10/2021 12:38:06 AM : ping
5/10/2021 12:38:06 AM : ping
5/10/2021 12:38:06 AM : ping
5/10/2021 12:38:07 AM : ping
5/10/2021 12:38:07 AM : ping
5/10/2021 12:38:07 AM : ping
5/10/2021 12:38:08 AM : ping
5/10/2021 12:38:08 AM : ping
5/10/2021 12:38:08 AM : ping
5/10/2021 12:38:09 AM : ping
5/10/2021 12:38:09 AM : ping
5/10/2021 12:38:09 AM : ping
5/10/2021 12:38:10 AM : ping
5/10/2021 12:38:10 AM : ping
5/10/2021 12:38:10 AM : ping
5/10/2021 12:38:11 AM : ping
5/10/2021 12:38:11 AM : ping
5/10/2021 12:38:11 AM : ping
5/10/2021 12:38:12 AM : ping
5/10/2021 12:38:12 AM : ping
5/10/2021 12:38:12 AM : ping
5/10/2021 12:38:14 AM : ping
5/10/2021 12:38:14 AM : ping
5/10/2021 12:38:14 AM : ping
5/10/2021 12:38:15 AM : ping
5/10/2021 12:38:15 AM : ping
5/10/2021 12:38:15 AM : ping
5/10/2021 12:38:16 AM : ping
5/10/2021 12:38:16 AM : ping
5/10/2021 12:38:16 AM : ping
5/10/2021 12:38:17 AM : ping
5/10/2021 12:38:17 AM : ping
5/10/2021 12:38:17 AM : ping
5/10/2021 12:38:18 AM : ping
5/10/2021 12:38:18 AM : ping
5/10/2021 12:38:18 AM : ping
5/10/2021 12:38:19 AM : ping
5/10/2021 12:38:19 AM : ping
5/10/2021 12:38:19 AM : ping
5/10/2021 12:38:20 AM : ping
5/10/2021 12:38:20 AM : ping
5/10/2021 12:38:20 AM : ping
5/10/2021 12:38:21 AM : ping
5/10/2021 12:38:21 AM : ping
5/10/2021 12:38:21 AM : ping
5/10/2021 12:38:22 AM : ping
5/10/2021 12:38:22 AM : ping
5/10/2021 12:38:22 AM : ping
5/10/2021 12:38:24 AM : ping
5/10/2021 12:38:24 AM : ping
5/10/2021 12:38:24 AM : ping
5/10/2021 12:38:25 AM : ping
5/10/2021 12:38:25 AM : ping
5/10/2021 12:38:25 AM : ping
5/10/2021 12:38:26 AM : ping
5/10/2021 12:38:26 AM : ping
5/10/2021 12:38:26 AM : ping
5/10/2021 12:38:27 AM : ping
5/10/2021 12:38:27 AM : ping
5/10/2021 12:38:27 AM : ping
5/10/2021 12:38:28 AM : ping
5/10/2021 12:38:28 AM : ping
5/10/2021 12:38:28 AM : ping
5/10/2021 12:38:29 AM : ping
5/10/2021 12:38:29 AM : ping
5/10/2021 12:38:29 AM : ping
5/10/2021 12:38:30 AM : ping
5/10/2021 12:38:30 AM : ping
5/10/2021 12:38:30 AM : ping
5/10/2021 12:38:31 AM : ping
5/10/2021 12:38:31 AM : ping
5/10/2021 12:38:31 AM : ping
5/10/2021 12:38:32 AM : ping
5/10/2021 12:38:32 AM : ping
5/10/2021 12:38:32 AM : ping
5/10/2021 12:38:34 AM : ping
5/10/2021 12:38:34 AM : ping
5/10/2021 12:38:34 AM : ping
5/10/2021 12:38:35 AM : ping
5/10/2021 12:38:35 AM : ping
5/10/2021 12:38:35 AM : ping
5/10/2021 12:38:36 AM : ping
5/10/2021 12:38:36 AM : ping
5/10/2021 12:38:36 AM : ping
5/10/2021 12:38:37 AM : ping
5/10/2021 12:38:37 AM : ping
5/10/2021 12:38:37 AM : ping
5/10/2021 12:38:38 AM : ping
5/10/2021 12:38:38 AM : ping
5/10/2021 12:38:38 AM : ping
5/10/2021 12:38:39 AM : ping
5/10/2021 12:38:39 AM : ping
5/10/2021 12:38:39 AM : ping
5/10/2021 12:38:40 AM : ping
5/10/2021 12:38:40 AM : ping
5/10/2021 12:38:40 AM : ping
5/10/2021 12:38:41 AM : ping
5/10/2021 12:38:41 AM : ping
5/10/2021 12:38:41 AM : ping
5/10/2021 12:38:42 AM : ping
5/10/2021 12:38:42 AM : ping
5/10/2021 12:38:42 AM : ping
5/10/2021 12:38:43 AM : ping
5/10/2021 12:38:43 AM : ping
5/10/2021 12:38:43 AM : ping
5/10/2021 12:38:45 AM : ping
5/10/2021 12:38:45 AM : ping
5/10/2021 12:38:45 AM : ping
5/10/2021 12:38:45 AM : kService.requestChannels.Count :1
5/10/2021 12:38:46 AM : ping
5/10/2021 12:38:46 AM : ping
5/10/2021 12:38:46 AM : ping
5/10/2021 12:38:47 AM : ping
5/10/2021 12:38:47 AM : ping
5/10/2021 12:38:47 AM : ping
5/10/2021 12:38:48 AM : ping
5/10/2021 12:38:48 AM : ping
5/10/2021 12:38:48 AM : ping
5/10/2021 12:38:49 AM : ping
5/10/2021 12:38:49 AM : ping
5/10/2021 12:38:49 AM : ping
5/10/2021 12:38:50 AM : ping
5/10/2021 12:38:50 AM : ping
5/10/2021 12:38:50 AM : ping
5/10/2021 12:38:51 AM : ping
5/10/2021 12:38:51 AM : ping
5/10/2021 12:38:51 AM : ping
5/10/2021 12:38:52 AM : ping
5/10/2021 12:38:52 AM : ping
5/10/2021 12:38:52 AM : ping
5/10/2021 12:38:53 AM : ping
5/10/2021 12:38:53 AM : ping
5/10/2021 12:38:53 AM : ping
5/10/2021 12:38:54 AM : ping
5/10/2021 12:38:54 AM : ping
5/10/2021 12:38:54 AM : ping
5/10/2021 12:38:56 AM : ping
5/10/2021 12:38:56 AM : ping
5/10/2021 12:38:56 AM : ping
5/10/2021 12:38:57 AM : ping
5/10/2021 12:38:57 AM : ping
5/10/2021 12:38:57 AM : ping
5/10/2021 12:38:58 AM : ping
5/10/2021 12:38:58 AM : ping
5/10/2021 12:38:58 AM : ping
5/10/2021 12:38:59 AM : ping
5/10/2021 12:38:59 AM : ping
5/10/2021 12:38:59 AM : ping
5/10/2021 12:39:00 AM : ping
5/10/2021 12:39:00 AM : ping
5/10/2021 12:39:00 AM : ping
5/10/2021 12:39:01 AM : ping
5/10/2021 12:39:01 AM : ping
5/10/2021 12:39:01 AM : ping
5/10/2021 12:39:02 AM : ping
5/10/2021 12:39:02 AM : ping
5/10/2021 12:39:02 AM : ping
5/10/2021 12:39:03 AM : ping
5/10/2021 12:39:03 AM : ping
5/10/2021 12:39:03 AM : ping
5/10/2021 12:39:04 AM : ping
5/10/2021 12:39:04 AM : ping
5/10/2021 12:39:04 AM : ping
5/10/2021 12:39:06 AM : ping
5/10/2021 12:39:06 AM : ping
5/10/2021 12:39:06 AM : ping
5/10/2021 12:39:07 AM : ping
5/10/2021 12:39:07 AM : ping
5/10/2021 12:39:07 AM : ping
5/10/2021 12:39:08 AM : ping
5/10/2021 12:39:08 AM : ping
5/10/2021 12:39:08 AM : ping
5/10/2021 12:39:09 AM : ping
5/10/2021 12:39:09 AM : ping
5/10/2021 12:39:09 AM : ping
5/10/2021 12:39:10 AM : ping
5/10/2021 12:39:10 AM : ping
5/10/2021 12:39:10 AM : ping
5/10/2021 12:39:11 AM : ping
5/10/2021 12:39:11 AM : ping
5/10/2021 12:39:11 AM : ping
5/10/2021 12:39:12 AM : ping
5/10/2021 12:39:12 AM : ping
5/10/2021 12:39:12 AM : ping
5/10/2021 12:39:13 AM : ping
5/10/2021 12:39:13 AM : ping
5/10/2021 12:39:14 AM : ping
5/10/2021 12:39:15 AM : ping
5/10/2021 12:39:15 AM : ping
5/10/2021 12:39:15 AM : ping
5/10/2021 12:39:16 AM : ping
5/10/2021 12:39:16 AM : ping
5/10/2021 12:39:16 AM : ping
5/10/2021 12:39:17 AM : ping
5/10/2021 12:39:17 AM : ping
5/10/2021 12:39:17 AM : ping
5/10/2021 12:39:18 AM : ping
5/10/2021 12:39:18 AM : ping
5/10/2021 12:39:18 AM : ping
5/10/2021 12:39:19 AM : ping
5/10/2021 12:39:19 AM : ping
5/10/2021 12:39:19 AM : ping
5/10/2021 12:39:19 AM : kService.requestChannels.Count :0
5/10/2021 12:39:19 AM : kService.requestChannels.Count :0
5/10/2021 12:39:20 AM : ping
5/10/2021 12:39:20 AM : ping
5/10/2021 12:39:20 AM : ping
5/10/2021 12:39:21 AM : kService.requestChannels.Count :0
5/10/2021 12:39:21 AM : ping
5/10/2021 12:39:21 AM : ping
5/10/2021 12:39:21 AM : ping
5/10/2021 12:39:23 AM : ping
5/10/2021 12:39:23 AM : ping
5/10/2021 12:39:23 AM : ping
5/10/2021 12:39:24 AM : ping
5/10/2021 12:39:24 AM : ping
5/10/2021 12:39:24 AM : ping
5/10/2021 12:39:25 AM : ping
5/10/2021 12:39:25 AM : ping
5/10/2021 12:39:25 AM : ping
5/10/2021 12:39:26 AM : ping
5/10/2021 12:39:26 AM : ping
5/10/2021 12:39:26 AM : ping
5/10/2021 12:39:27 AM : ping
5/10/2021 12:39:27 AM : ping
5/10/2021 12:39:27 AM : ping
5/10/2021 12:39:28 AM : ping
5/10/2021 12:39:28 AM : ping
5/10/2021 12:39:28 AM : ping
5/10/2021 12:39:29 AM : ping
5/10/2021 12:39:29 AM : ping
5/10/2021 12:39:29 AM : ping
5/10/2021 12:39:30 AM : ping
5/10/2021 12:39:30 AM : ping
5/10/2021 12:39:30 AM : ping
5/10/2021 12:39:32 AM : ping
5/10/2021 12:39:32 AM : ping
5/10/2021 12:39:32 AM : ping
5/10/2021 12:39:33 AM : ping
5/10/2021 12:39:33 AM : ping
5/10/2021 12:39:33 AM : ping
5/10/2021 12:39:34 AM : ping
5/10/2021 12:39:34 AM : ping
5/10/2021 12:39:34 AM : ping
5/10/2021 12:39:35 AM : ping
5/10/2021 12:39:35 AM : ping
5/10/2021 12:39:35 AM : ping
5/10/2021 12:39:36 AM : ping
5/10/2021 12:39:36 AM : ping
5/10/2021 12:39:36 AM : ping
5/10/2021 12:39:37 AM : ping
5/10/2021 12:39:37 AM : ping
5/10/2021 12:39:37 AM : ping
5/10/2021 12:39:38 AM : ping
5/10/2021 12:39:38 AM : ping
5/10/2021 12:39:38 AM : ping
5/10/2021 12:39:39 AM : ping
5/10/2021 12:39:40 AM : ping
5/10/2021 12:39:40 AM : ping
5/10/2021 12:39:41 AM : ping
5/10/2021 12:39:41 AM : ping
5/10/2021 12:39:41 AM : ping
5/10/2021 12:39:42 AM : ping
5/10/2021 12:39:42 AM : ping
5/10/2021 12:39:42 AM : ping
5/10/2021 12:39:43 AM : ping
5/10/2021 12:39:43 AM : ping
5/10/2021 12:39:43 AM : ping
5/10/2021 12:39:44 AM : ping
5/10/2021 12:39:44 AM : ping
5/10/2021 12:39:44 AM : ping
5/10/2021 12:39:45 AM : ping
5/10/2021 12:39:45 AM : ping
5/10/2021 12:39:45 AM : ping
5/10/2021 12:39:46 AM : ping
5/10/2021 12:39:46 AM : ping
5/10/2021 12:39:46 AM : ping
5/10/2021 12:39:47 AM : ping
5/10/2021 12:39:47 AM : ping
5/10/2021 12:39:47 AM : ping
5/10/2021 12:39:49 AM : ping
5/10/2021 12:39:49 AM : ping
5/10/2021 12:39:49 AM : ping
5/10/2021 12:39:50 AM : ping
5/10/2021 12:39:50 AM : ping
5/10/2021 12:39:50 AM : ping
5/10/2021 12:39:51 AM : ping
5/10/2021 12:39:51 AM : ping
5/10/2021 12:39:51 AM : ping
5/10/2021 12:39:52 AM : ping
5/10/2021 12:39:52 AM : ping
5/10/2021 12:39:52 AM : ping
5/10/2021 12:39:53 AM : ping
5/10/2021 12:39:53 AM : ping
5/10/2021 12:39:53 AM : ping
5/10/2021 12:39:54 AM : ping
5/10/2021 12:39:54 AM : ping
5/10/2021 12:39:54 AM : ping
5/10/2021 12:39:55 AM : ping
5/10/2021 12:39:55 AM : ping
5/10/2021 12:39:55 AM : ping
5/10/2021 12:39:56 AM : ping
5/10/2021 12:39:56 AM : ping
5/10/2021 12:39:57 AM : ping
5/10/2021 12:39:58 AM : ping
5/10/2021 12:39:58 AM : ping
5/10/2021 12:39:58 AM : ping
5/10/2021 12:39:59 AM : ping
5/10/2021 12:39:59 AM : ping
5/10/2021 12:39:59 AM : ping
5/10/2021 12:40:00 AM : ping
5/10/2021 12:40:00 AM : ping
5/10/2021 12:40:00 AM : ping
5/10/2021 12:40:01 AM : ping
5/10/2021 12:40:01 AM : ping
5/10/2021 12:40:01 AM : ping
5/10/2021 12:40:02 AM : ping
5/10/2021 12:40:02 AM : ping
5/10/2021 12:40:02 AM : ping
5/10/2021 12:40:03 AM : ping
5/10/2021 12:40:03 AM : ping
5/10/2021 12:40:03 AM : ping
5/10/2021 12:40:04 AM : ping
5/10/2021 12:40:04 AM : ping
5/10/2021 12:40:04 AM : ping
5/10/2021 12:40:06 AM : ping
5/10/2021 12:40:06 AM : ping
5/10/2021 12:40:06 AM : ping
5/10/2021 12:40:07 AM : ping
5/10/2021 12:40:07 AM : ping
5/10/2021 12:40:07 AM : ping
5/10/2021 12:40:08 AM : ping
5/10/2021 12:40:08 AM : ping
5/10/2021 12:40:08 AM : ping
5/10/2021 12:40:09 AM : ping
5/10/2021 12:40:09 AM : ping
5/10/2021 12:40:09 AM : ping
5/10/2021 12:40:10 AM : ping
5/10/2021 12:40:10 AM : ping
5/10/2021 12:40:10 AM : ping
5/10/2021 12:40:11 AM : ping
5/10/2021 12:40:11 AM : ping
5/10/2021 12:40:11 AM : ping
5/10/2021 12:40:12 AM : ping
5/10/2021 12:40:12 AM : ping
5/10/2021 12:40:12 AM : ping
5/10/2021 12:40:13 AM : ping
5/10/2021 12:40:13 AM : ping
5/10/2021 12:40:13 AM : ping
5/10/2021 12:40:15 AM : ping
5/10/2021 12:40:15 AM : ping
5/10/2021 12:40:15 AM : ping
5/10/2021 12:40:37 AM : ping
5/10/2021 12:40:37 AM : ping
5/10/2021 12:40:37 AM : ping
5/10/2021 12:40:39 AM : ping
5/10/2021 12:40:39 AM : ping
5/10/2021 12:40:39 AM : ping
5/10/2021 12:40:40 AM : ping
5/10/2021 12:40:40 AM : ping
5/10/2021 12:40:40 AM : ping
5/10/2021 12:40:41 AM : ping
5/10/2021 12:40:41 AM : ping
5/10/2021 12:40:41 AM : ping
5/10/2021 12:40:42 AM : ping
5/10/2021 12:40:42 AM : ping
5/10/2021 12:40:42 AM : ping
5/10/2021 12:40:43 AM : ping
5/10/2021 12:40:43 AM : ping
5/10/2021 12:40:43 AM : ping
5/10/2021 12:40:44 AM : ping
5/10/2021 12:40:44 AM : ping
5/10/2021 12:40:44 AM : ping
5/10/2021 12:40:45 AM : ping
5/10/2021 12:40:45 AM : ping
5/10/2021 12:40:45 AM : ping
5/10/2021 12:40:46 AM : ping
5/10/2021 12:40:46 AM : ping
5/10/2021 12:40:46 AM : ping
5/10/2021 12:40:48 AM : ping
5/10/2021 12:40:48 AM : ping
5/10/2021 12:40:48 AM : ping
