log begin
..............
5/8/2021 2:06:22 PM : ping
5/8/2021 2:06:22 PM : ping
5/8/2021 2:06:22 PM : ping
5/8/2021 2:06:23 PM : ping
5/8/2021 2:06:23 PM : ping
5/8/2021 2:06:23 PM : ping
5/8/2021 2:06:24 PM : ping
5/8/2021 2:06:24 PM : ping
5/8/2021 2:06:24 PM : ping
5/8/2021 2:06:25 PM : ping
5/8/2021 2:06:25 PM : ping
5/8/2021 2:06:25 PM : ping
5/8/2021 2:06:26 PM : ping
5/8/2021 2:06:26 PM : ping
5/8/2021 2:06:26 PM : ping
5/8/2021 2:06:27 PM : ping
5/8/2021 2:06:27 PM : ping
5/8/2021 2:06:27 PM : ping
5/8/2021 2:06:28 PM : ping
5/8/2021 2:06:28 PM : ping
5/8/2021 2:06:28 PM : ping
5/8/2021 2:06:29 PM : ping
5/8/2021 2:06:29 PM : ping
5/8/2021 2:06:29 PM : ping
5/8/2021 2:06:30 PM : ping
5/8/2021 2:06:30 PM : ping
5/8/2021 2:06:30 PM : ping
5/8/2021 2:06:31 PM : launch server at port: 7003
5/8/2021 2:06:31 PM : launch server at port: 7004
5/8/2021 2:06:32 PM : ping
5/8/2021 2:06:32 PM : ping
5/8/2021 2:06:32 PM : ping
5/8/2021 2:06:33 PM : ping
5/8/2021 2:06:33 PM : ping
5/8/2021 2:06:33 PM : ping
5/8/2021 2:06:34 PM : ping
5/8/2021 2:06:34 PM : ping
5/8/2021 2:06:34 PM : ping
5/8/2021 2:06:35 PM : ping
5/8/2021 2:06:35 PM : ping
5/8/2021 2:06:35 PM : ping
5/8/2021 2:06:36 PM : ping
5/8/2021 2:06:36 PM : ping
5/8/2021 2:06:36 PM : ping
5/8/2021 2:06:37 PM : ping
5/8/2021 2:06:37 PM : ping
5/8/2021 2:06:37 PM : ping
5/8/2021 2:06:38 PM : ping
5/8/2021 2:06:38 PM : ping
5/8/2021 2:06:38 PM : ping
5/8/2021 2:06:39 PM : ping
5/8/2021 2:06:39 PM : ping
5/8/2021 2:06:39 PM : ping
5/8/2021 2:06:40 PM : ping
5/8/2021 2:06:40 PM : ping
5/8/2021 2:06:40 PM : ping
5/8/2021 2:06:42 PM : ping
5/8/2021 2:06:42 PM : ping
5/8/2021 2:06:42 PM : ping
5/8/2021 2:06:43 PM : ping
5/8/2021 2:06:43 PM : ping
5/8/2021 2:06:43 PM : ping
5/8/2021 2:06:44 PM : ping
5/8/2021 2:06:44 PM : ping
5/8/2021 2:06:44 PM : ping
5/8/2021 2:06:45 PM : ping
5/8/2021 2:06:45 PM : ping
5/8/2021 2:06:45 PM : ping
5/8/2021 2:06:46 PM : ping
5/8/2021 2:06:46 PM : ping
5/8/2021 2:06:46 PM : ping
5/8/2021 2:06:46 PM : kService.requestChannels.Count :2
5/8/2021 2:06:46 PM : kService.requestChannels.Count :2
5/8/2021 2:06:47 PM : kService.requestChannels.Count :1
5/8/2021 2:06:47 PM : kService.requestChannels.Count :1
5/8/2021 2:06:47 PM : ping
5/8/2021 2:06:47 PM : ping
5/8/2021 2:06:47 PM : ping
5/8/2021 2:06:48 PM : ping
5/8/2021 2:06:48 PM : ping
5/8/2021 2:06:48 PM : ping
5/8/2021 2:06:49 PM : ping
5/8/2021 2:06:49 PM : ping
5/8/2021 2:06:49 PM : ping
5/8/2021 2:06:50 PM : ping
5/8/2021 2:06:50 PM : ping
5/8/2021 2:06:50 PM : ping
5/8/2021 2:06:52 PM : ping
5/8/2021 2:06:52 PM : ping
5/8/2021 2:06:52 PM : ping
5/8/2021 2:06:52 PM : launch server at port: 7005
5/8/2021 2:06:53 PM : ping
5/8/2021 2:06:53 PM : ping
5/8/2021 2:06:53 PM : ping
5/8/2021 2:06:54 PM : ping
5/8/2021 2:06:54 PM : ping
5/8/2021 2:06:54 PM : ping
5/8/2021 2:06:55 PM : ping
5/8/2021 2:06:55 PM : ping
5/8/2021 2:06:55 PM : ping
5/8/2021 2:06:56 PM : ping
5/8/2021 2:06:56 PM : ping
5/8/2021 2:06:56 PM : ping
5/8/2021 2:06:57 PM : ping
5/8/2021 2:06:57 PM : ping
5/8/2021 2:06:57 PM : ping
5/8/2021 2:06:58 PM : ping
5/8/2021 2:06:58 PM : ping
5/8/2021 2:06:58 PM : ping
5/8/2021 2:06:59 PM : ping
5/8/2021 2:06:59 PM : ping
5/8/2021 2:06:59 PM : ping
5/8/2021 2:07:00 PM : ping
5/8/2021 2:07:00 PM : ping
5/8/2021 2:07:00 PM : ping
5/8/2021 2:07:02 PM : ping
5/8/2021 2:07:02 PM : ping
5/8/2021 2:07:02 PM : ping
5/8/2021 2:07:03 PM : ping
5/8/2021 2:07:03 PM : ping
5/8/2021 2:07:03 PM : ping
5/8/2021 2:07:04 PM : ~KChannel()
5/8/2021 2:07:04 PM : ~KChannel()
5/8/2021 2:07:04 PM : ping
5/8/2021 2:07:04 PM : ping
5/8/2021 2:07:04 PM : ping
5/8/2021 2:07:05 PM : ping
5/8/2021 2:07:05 PM : ping
5/8/2021 2:07:05 PM : ping
5/8/2021 2:07:06 PM : ping
5/8/2021 2:07:06 PM : ping
5/8/2021 2:07:06 PM : ping
5/8/2021 2:07:07 PM : ping
5/8/2021 2:07:07 PM : ping
5/8/2021 2:07:07 PM : ping
5/8/2021 2:07:08 PM : ping
5/8/2021 2:07:08 PM : ping
5/8/2021 2:07:08 PM : ping
5/8/2021 2:07:09 PM : ping
5/8/2021 2:07:09 PM : ping
5/8/2021 2:07:09 PM : ping
5/8/2021 2:07:10 PM : ping
5/8/2021 2:07:10 PM : ping
5/8/2021 2:07:10 PM : ping
5/8/2021 2:07:12 PM : ping
5/8/2021 2:07:12 PM : ping
5/8/2021 2:07:12 PM : ping
5/8/2021 2:07:13 PM : ping
5/8/2021 2:07:13 PM : ping
5/8/2021 2:07:13 PM : ping
5/8/2021 2:07:14 PM : ping
5/8/2021 2:07:14 PM : ping
5/8/2021 2:07:14 PM : ping
5/8/2021 2:07:15 PM : ping
5/8/2021 2:07:15 PM : ping
5/8/2021 2:07:15 PM : ping
5/8/2021 2:07:16 PM : ping
5/8/2021 2:07:16 PM : ping
5/8/2021 2:07:16 PM : ping
5/8/2021 2:07:17 PM : ping
5/8/2021 2:07:17 PM : ping
5/8/2021 2:07:17 PM : ping
5/8/2021 2:07:18 PM : ping
5/8/2021 2:07:18 PM : ping
5/8/2021 2:07:18 PM : ping
5/8/2021 2:07:19 PM : ping
5/8/2021 2:07:19 PM : ping
5/8/2021 2:07:19 PM : ping
5/8/2021 2:07:20 PM : ping
5/8/2021 2:07:20 PM : ping
5/8/2021 2:07:20 PM : ping
5/8/2021 2:07:22 PM : ping
5/8/2021 2:07:22 PM : ping
5/8/2021 2:07:22 PM : ping
5/8/2021 2:07:23 PM : ping
5/8/2021 2:07:23 PM : ping
5/8/2021 2:07:23 PM : ping
5/8/2021 2:07:24 PM : ping
5/8/2021 2:07:24 PM : ping
5/8/2021 2:07:24 PM : ping
5/8/2021 2:07:25 PM : ping
5/8/2021 2:07:25 PM : ping
5/8/2021 2:07:25 PM : ping
5/8/2021 2:07:26 PM : ping
5/8/2021 2:07:26 PM : ping
5/8/2021 2:07:26 PM : ping
5/8/2021 2:07:27 PM : ping
5/8/2021 2:07:27 PM : ping
5/8/2021 2:07:27 PM : ping
5/8/2021 2:07:28 PM : ping
5/8/2021 2:07:28 PM : ping
5/8/2021 2:07:28 PM : ping
5/8/2021 2:07:29 PM : ping
5/8/2021 2:07:29 PM : ping
5/8/2021 2:07:29 PM : ping
5/8/2021 2:07:30 PM : kService.requestChannels.Count :0
5/8/2021 2:07:30 PM : kService.requestChannels.Count :0
5/8/2021 2:07:30 PM : ping
5/8/2021 2:07:30 PM : ping
5/8/2021 2:07:30 PM : ping
5/8/2021 2:07:31 PM : ping
5/8/2021 2:07:31 PM : ping
5/8/2021 2:07:32 PM : ping
5/8/2021 2:07:33 PM : ping
5/8/2021 2:07:33 PM : ping
5/8/2021 2:07:33 PM : ping
5/8/2021 2:07:34 PM : ping
5/8/2021 2:07:34 PM : ping
5/8/2021 2:07:34 PM : ping
5/8/2021 2:07:34 PM : ~KChannel()
5/8/2021 2:07:35 PM : ping
5/8/2021 2:07:35 PM : ping
5/8/2021 2:07:35 PM : ping
5/8/2021 2:07:36 PM : ping
5/8/2021 2:07:36 PM : ping
5/8/2021 2:07:36 PM : ping
5/8/2021 2:07:37 PM : ping
5/8/2021 2:07:37 PM : ping
5/8/2021 2:07:37 PM : ping
5/8/2021 2:07:38 PM : ping
5/8/2021 2:07:38 PM : ping
5/8/2021 2:07:38 PM : ping
5/8/2021 2:07:39 PM : ping
5/8/2021 2:07:39 PM : ping
5/8/2021 2:07:39 PM : ping
5/8/2021 2:07:40 PM : ping
5/8/2021 2:07:40 PM : ping
5/8/2021 2:07:40 PM : ping
5/8/2021 2:07:41 PM : ping
5/8/2021 2:07:41 PM : ping
5/8/2021 2:07:41 PM : ping
5/8/2021 2:07:43 PM : ping
5/8/2021 2:07:43 PM : ping
5/8/2021 2:07:43 PM : ping
5/8/2021 2:07:44 PM : ping
5/8/2021 2:07:44 PM : ping
5/8/2021 2:07:44 PM : ping
5/8/2021 2:07:45 PM : ping
5/8/2021 2:07:45 PM : ping
5/8/2021 2:07:45 PM : ping
5/8/2021 2:07:46 PM : ping
5/8/2021 2:07:46 PM : ping
5/8/2021 2:07:46 PM : ping
5/8/2021 2:07:47 PM : ping
5/8/2021 2:07:47 PM : ping
5/8/2021 2:07:47 PM : ping
5/8/2021 2:07:48 PM : ping
5/8/2021 2:07:48 PM : ping
5/8/2021 2:07:48 PM : ping
5/8/2021 2:07:49 PM : ping
5/8/2021 2:07:49 PM : ping
5/8/2021 2:07:49 PM : ping
5/8/2021 2:07:50 PM : ping
5/8/2021 2:07:50 PM : ping
5/8/2021 2:07:50 PM : ping
5/8/2021 2:07:51 PM : ping
5/8/2021 2:07:51 PM : ping
5/8/2021 2:07:51 PM : ping
5/8/2021 2:07:52 PM : launch server at port: 7006
5/8/2021 2:07:53 PM : ping
5/8/2021 2:07:53 PM : ping
5/8/2021 2:07:53 PM : ping
5/8/2021 2:07:54 PM : ping
5/8/2021 2:07:54 PM : ping
5/8/2021 2:07:54 PM : ping
5/8/2021 2:07:55 PM : ping
5/8/2021 2:07:55 PM : ping
5/8/2021 2:07:55 PM : ping
5/8/2021 2:07:56 PM : ping
5/8/2021 2:07:56 PM : ping
5/8/2021 2:07:56 PM : ping
5/8/2021 2:07:57 PM : ping
5/8/2021 2:07:57 PM : ping
5/8/2021 2:07:57 PM : ping
5/8/2021 2:07:58 PM : ping
5/8/2021 2:07:58 PM : ping
5/8/2021 2:07:58 PM : ping
5/8/2021 2:07:59 PM : ping
5/8/2021 2:07:59 PM : ping
5/8/2021 2:07:59 PM : ping
5/8/2021 2:08:00 PM : ping
5/8/2021 2:08:00 PM : ping
5/8/2021 2:08:00 PM : ping
5/8/2021 2:08:01 PM : ping
5/8/2021 2:08:01 PM : ping
5/8/2021 2:08:01 PM : ping
5/8/2021 2:08:03 PM : ping
5/8/2021 2:08:03 PM : ping
5/8/2021 2:08:03 PM : ping
5/8/2021 2:08:04 PM : ping
5/8/2021 2:08:04 PM : ping
5/8/2021 2:08:04 PM : ping
5/8/2021 2:08:05 PM : ping
5/8/2021 2:08:05 PM : ping
5/8/2021 2:08:05 PM : ping
5/8/2021 2:08:06 PM : ping
5/8/2021 2:08:06 PM : ping
5/8/2021 2:08:06 PM : ping
5/8/2021 2:08:07 PM : ping
5/8/2021 2:08:07 PM : ping
5/8/2021 2:08:07 PM : ping
5/8/2021 2:08:08 PM : ping
5/8/2021 2:08:08 PM : ping
5/8/2021 2:08:08 PM : ping
5/8/2021 2:08:09 PM : ping
5/8/2021 2:08:09 PM : ping
5/8/2021 2:08:09 PM : ping
5/8/2021 2:08:10 PM : ping
5/8/2021 2:08:10 PM : ping
5/8/2021 2:08:10 PM : ping
5/8/2021 2:08:11 PM : ping
5/8/2021 2:08:11 PM : ping
5/8/2021 2:08:11 PM : ping
5/8/2021 2:08:13 PM : ping
5/8/2021 2:08:13 PM : ping
5/8/2021 2:08:13 PM : ping
