log begin
..............
5/8/2021 10:58:08 PM : ping
5/8/2021 10:58:08 PM : ping
5/8/2021 10:58:08 PM : ping
5/8/2021 10:58:09 PM : ping
5/8/2021 10:58:09 PM : ping
5/8/2021 10:58:09 PM : ping
5/8/2021 10:58:10 PM : ping
5/8/2021 10:58:10 PM : ping
5/8/2021 10:58:10 PM : ping
5/8/2021 10:58:12 PM : ping
5/8/2021 10:58:12 PM : ping
5/8/2021 10:58:12 PM : ping
5/8/2021 10:58:13 PM : ping
5/8/2021 10:58:13 PM : ping
5/8/2021 10:58:13 PM : ping
5/8/2021 10:58:14 PM : ping
5/8/2021 10:58:14 PM : ping
5/8/2021 10:58:14 PM : ping
5/8/2021 10:58:15 PM : launch server at port: 7003
5/8/2021 10:58:15 PM : ping
5/8/2021 10:58:15 PM : ping
5/8/2021 10:58:15 PM : ping
5/8/2021 10:58:16 PM : ping
5/8/2021 10:58:16 PM : ping
5/8/2021 10:58:16 PM : ping
5/8/2021 10:58:17 PM : launch server at port: 7004
5/8/2021 10:58:17 PM : ping
5/8/2021 10:58:17 PM : ping
5/8/2021 10:58:17 PM : ping
5/8/2021 10:58:17 PM : launch server at port: 7005
5/8/2021 10:58:18 PM : ping
5/8/2021 10:58:18 PM : ping
5/8/2021 10:58:18 PM : ping
5/8/2021 10:58:19 PM : launch server at port: 7006
5/8/2021 10:58:19 PM : ping
5/8/2021 10:58:19 PM : ping
5/8/2021 10:58:19 PM : ping
5/8/2021 10:58:20 PM : ping
5/8/2021 10:58:20 PM : ping
5/8/2021 10:58:20 PM : ping
5/8/2021 10:58:21 PM : launch server at port: 7007
5/8/2021 10:58:21 PM : launch server at port: 7008
5/8/2021 10:58:22 PM : ping
5/8/2021 10:58:22 PM : ping
5/8/2021 10:58:22 PM : ping
5/8/2021 10:58:22 PM : launch server at port: 7009
5/8/2021 10:58:23 PM : ping
5/8/2021 10:58:23 PM : ping
5/8/2021 10:58:23 PM : ping
5/8/2021 10:58:23 PM : launch server at port: 7010
5/8/2021 10:58:24 PM : ping
5/8/2021 10:58:24 PM : ping
5/8/2021 10:58:24 PM : ping
5/8/2021 10:58:25 PM : ping
5/8/2021 10:58:25 PM : ping
5/8/2021 10:58:25 PM : ping
5/8/2021 10:58:26 PM : ping
5/8/2021 10:58:26 PM : ping
5/8/2021 10:58:26 PM : ping
5/8/2021 10:58:27 PM : ping
5/8/2021 10:58:27 PM : ping
5/8/2021 10:58:27 PM : ping
5/8/2021 10:58:28 PM : ping
5/8/2021 10:58:28 PM : ping
5/8/2021 10:58:28 PM : ping
5/8/2021 10:58:29 PM : ping
5/8/2021 10:58:29 PM : ping
5/8/2021 10:58:29 PM : ping
5/8/2021 10:58:30 PM : ping
5/8/2021 10:58:30 PM : ping
5/8/2021 10:58:30 PM : ping
5/8/2021 10:58:32 PM : ping
5/8/2021 10:58:32 PM : ping
5/8/2021 10:58:32 PM : ping
5/8/2021 10:58:33 PM : ping
5/8/2021 10:58:33 PM : ping
5/8/2021 10:58:33 PM : ping
5/8/2021 10:58:34 PM : ping
5/8/2021 10:58:34 PM : ping
5/8/2021 10:58:34 PM : ping
5/8/2021 10:58:35 PM : ping
5/8/2021 10:58:35 PM : ping
5/8/2021 10:58:35 PM : ping
5/8/2021 10:58:36 PM : ping
5/8/2021 10:58:36 PM : ping
5/8/2021 10:58:36 PM : ping
5/8/2021 10:58:37 PM : ping
5/8/2021 10:58:37 PM : ping
5/8/2021 10:58:37 PM : ping
5/8/2021 10:58:38 PM : ping
5/8/2021 10:58:38 PM : ping
5/8/2021 10:58:38 PM : ping
5/8/2021 10:58:39 PM : ping
5/8/2021 10:58:39 PM : ping
5/8/2021 10:58:39 PM : ping
5/8/2021 10:58:41 PM : ping
5/8/2021 10:58:41 PM : ping
5/8/2021 10:58:41 PM : ping
5/8/2021 10:58:41 PM : launch server at port: 7011
5/8/2021 10:58:42 PM : ping
5/8/2021 10:58:42 PM : ping
5/8/2021 10:58:42 PM : ping
5/8/2021 10:58:43 PM : ping
5/8/2021 10:58:43 PM : ping
5/8/2021 10:58:43 PM : ping
5/8/2021 10:58:44 PM : ping
5/8/2021 10:58:44 PM : ping
5/8/2021 10:58:44 PM : ping
5/8/2021 10:58:45 PM : ping
5/8/2021 10:58:45 PM : ping
5/8/2021 10:58:45 PM : ping
5/8/2021 10:58:46 PM : ping
5/8/2021 10:58:46 PM : ping
5/8/2021 10:58:46 PM : ping
5/8/2021 10:58:47 PM : ping
5/8/2021 10:58:47 PM : ping
5/8/2021 10:58:47 PM : ping
5/8/2021 10:58:48 PM : ping
5/8/2021 10:58:48 PM : ping
5/8/2021 10:58:48 PM : ping
5/8/2021 10:58:49 PM : ping
5/8/2021 10:58:49 PM : ping
5/8/2021 10:58:49 PM : ping
5/8/2021 10:58:50 PM : ping
5/8/2021 10:58:50 PM : ping
5/8/2021 10:58:50 PM : ping
5/8/2021 10:58:52 PM : ping
5/8/2021 10:58:52 PM : ping
5/8/2021 10:58:52 PM : ping
5/8/2021 10:58:53 PM : ping
5/8/2021 10:58:53 PM : ping
5/8/2021 10:58:53 PM : ping
5/8/2021 10:58:54 PM : ping
5/8/2021 10:58:54 PM : ping
5/8/2021 10:58:54 PM : ping
5/8/2021 10:58:55 PM : ping
5/8/2021 10:58:55 PM : ping
5/8/2021 10:58:55 PM : ping
5/8/2021 10:58:56 PM : ping
5/8/2021 10:58:56 PM : ping
5/8/2021 10:58:56 PM : ping
5/8/2021 10:58:57 PM : ping
5/8/2021 10:58:57 PM : ping
5/8/2021 10:58:57 PM : ping
5/8/2021 10:58:58 PM : ping
5/8/2021 10:58:58 PM : ping
5/8/2021 10:58:58 PM : ping
5/8/2021 10:58:59 PM : ping
5/8/2021 10:58:59 PM : ping
5/8/2021 10:58:59 PM : ping
5/8/2021 10:59:00 PM : ping
5/8/2021 10:59:00 PM : ping
5/8/2021 10:59:00 PM : ping
5/8/2021 10:59:02 PM : ping
5/8/2021 10:59:02 PM : ping
5/8/2021 10:59:02 PM : ping
5/8/2021 10:59:03 PM : ping
5/8/2021 10:59:03 PM : ping
5/8/2021 10:59:03 PM : ping
5/8/2021 10:59:04 PM : ping
5/8/2021 10:59:04 PM : ping
5/8/2021 10:59:04 PM : ping
5/8/2021 10:59:05 PM : launch server at port: 7012
5/8/2021 10:59:05 PM : ping
5/8/2021 10:59:05 PM : ping
5/8/2021 10:59:05 PM : ping
5/8/2021 10:59:06 PM : ping
5/8/2021 10:59:06 PM : ping
5/8/2021 10:59:06 PM : ping
5/8/2021 10:59:07 PM : ping
5/8/2021 10:59:07 PM : ping
5/8/2021 10:59:07 PM : ping
5/8/2021 10:59:08 PM : ping
5/8/2021 10:59:08 PM : ping
5/8/2021 10:59:08 PM : ping
5/8/2021 10:59:09 PM : ping
5/8/2021 10:59:09 PM : ping
5/8/2021 10:59:09 PM : ping
5/8/2021 10:59:10 PM : ping
5/8/2021 10:59:10 PM : ping
5/8/2021 10:59:10 PM : ping
5/8/2021 10:59:12 PM : ping
5/8/2021 10:59:12 PM : ping
5/8/2021 10:59:12 PM : ping
5/8/2021 10:59:13 PM : ping
5/8/2021 10:59:13 PM : ping
5/8/2021 10:59:13 PM : ping
5/8/2021 10:59:14 PM : ping
5/8/2021 10:59:14 PM : ping
5/8/2021 10:59:14 PM : ping
5/8/2021 10:59:15 PM : ping
5/8/2021 10:59:15 PM : ping
5/8/2021 10:59:15 PM : ping
5/8/2021 10:59:16 PM : ping
5/8/2021 10:59:16 PM : ping
5/8/2021 10:59:16 PM : ping
5/8/2021 10:59:17 PM : ping
5/8/2021 10:59:17 PM : ping
5/8/2021 10:59:17 PM : ping
5/8/2021 10:59:18 PM : ping
5/8/2021 10:59:18 PM : ping
5/8/2021 10:59:18 PM : ping
5/8/2021 10:59:19 PM : ping
5/8/2021 10:59:19 PM : ping
5/8/2021 10:59:19 PM : ping
5/8/2021 10:59:20 PM : ping
5/8/2021 10:59:20 PM : ping
5/8/2021 10:59:20 PM : ping
5/8/2021 10:59:22 PM : ping
5/8/2021 10:59:22 PM : ping
5/8/2021 10:59:22 PM : ping
5/8/2021 10:59:23 PM : ping
5/8/2021 10:59:23 PM : ping
5/8/2021 10:59:23 PM : ping
5/8/2021 10:59:24 PM : ping
5/8/2021 10:59:24 PM : ping
5/8/2021 10:59:24 PM : ping
5/8/2021 10:59:25 PM : ping
5/8/2021 10:59:25 PM : ping
5/8/2021 10:59:25 PM : ping
5/8/2021 10:59:26 PM : ping
5/8/2021 10:59:26 PM : ping
5/8/2021 10:59:26 PM : ping
5/8/2021 10:59:27 PM : ping
5/8/2021 10:59:27 PM : ping
5/8/2021 10:59:27 PM : ping
5/8/2021 10:59:28 PM : ping
5/8/2021 10:59:28 PM : ping
5/8/2021 10:59:28 PM : ping
5/8/2021 10:59:29 PM : ping
5/8/2021 10:59:29 PM : ping
5/8/2021 10:59:29 PM : ping
5/8/2021 10:59:30 PM : ping
5/8/2021 10:59:30 PM : ping
5/8/2021 10:59:30 PM : ping
5/8/2021 10:59:32 PM : ping
5/8/2021 10:59:32 PM : ping
5/8/2021 10:59:32 PM : ping
5/8/2021 10:59:33 PM : ping
5/8/2021 10:59:33 PM : ping
5/8/2021 10:59:33 PM : ping
5/8/2021 10:59:34 PM : ping
5/8/2021 10:59:34 PM : ping
5/8/2021 10:59:34 PM : ping
5/8/2021 10:59:35 PM : ping
5/8/2021 10:59:35 PM : ping
5/8/2021 10:59:35 PM : ping
5/8/2021 10:59:36 PM : ping
5/8/2021 10:59:36 PM : ping
5/8/2021 10:59:36 PM : ping
5/8/2021 10:59:37 PM : ping
5/8/2021 10:59:37 PM : ping
5/8/2021 10:59:37 PM : ping
5/8/2021 10:59:38 PM : ping
5/8/2021 10:59:38 PM : ping
5/8/2021 10:59:38 PM : ping
5/8/2021 10:59:39 PM : ping
5/8/2021 10:59:39 PM : ping
5/8/2021 10:59:39 PM : ping
5/8/2021 10:59:40 PM : ping
5/8/2021 10:59:40 PM : ping
5/8/2021 10:59:40 PM : ping
5/8/2021 10:59:42 PM : ping
5/8/2021 10:59:42 PM : ping
5/8/2021 10:59:42 PM : ping
5/8/2021 10:59:43 PM : ping
5/8/2021 10:59:43 PM : ping
5/8/2021 10:59:43 PM : ping
5/8/2021 10:59:44 PM : ping
5/8/2021 10:59:44 PM : ping
5/8/2021 10:59:44 PM : ping
5/8/2021 10:59:45 PM : ping
5/8/2021 10:59:45 PM : ping
5/8/2021 10:59:45 PM : ping
5/8/2021 10:59:46 PM : ping
5/8/2021 10:59:46 PM : ping
5/8/2021 10:59:46 PM : ping
5/8/2021 10:59:47 PM : ping
5/8/2021 10:59:47 PM : ping
5/8/2021 10:59:47 PM : ping
5/8/2021 10:59:48 PM : ping
5/8/2021 10:59:48 PM : ping
5/8/2021 10:59:48 PM : ping
5/8/2021 10:59:49 PM : ping
5/8/2021 10:59:49 PM : ping
5/8/2021 10:59:49 PM : ping
5/8/2021 10:59:50 PM : ping
5/8/2021 10:59:50 PM : ping
5/8/2021 10:59:50 PM : ping
5/8/2021 10:59:52 PM : ping
5/8/2021 10:59:52 PM : ping
5/8/2021 10:59:52 PM : ping
5/8/2021 10:59:53 PM : ping
5/8/2021 10:59:53 PM : ping
5/8/2021 10:59:53 PM : ping
5/8/2021 10:59:54 PM : ping
5/8/2021 10:59:54 PM : ping
5/8/2021 10:59:54 PM : ping
5/8/2021 10:59:55 PM : ping
5/8/2021 10:59:55 PM : ping
5/8/2021 10:59:55 PM : ping
5/8/2021 10:59:56 PM : ping
5/8/2021 10:59:56 PM : ping
5/8/2021 10:59:56 PM : ping
5/8/2021 10:59:57 PM : ping
5/8/2021 10:59:57 PM : ping
5/8/2021 10:59:57 PM : ping
5/8/2021 10:59:58 PM : ping
5/8/2021 10:59:58 PM : ping
5/8/2021 10:59:58 PM : ping
5/8/2021 10:59:58 PM : kService.requestChannels.Count :15
5/8/2021 10:59:58 PM : kService.requestChannels.Count :15
5/8/2021 10:59:59 PM : ping
5/8/2021 10:59:59 PM : ping
5/8/2021 10:59:59 PM : ping
5/8/2021 11:00:00 PM : kService.requestChannels.Count :14
5/8/2021 11:00:00 PM : kService.requestChannels.Count :14
5/8/2021 11:00:00 PM : ping
5/8/2021 11:00:00 PM : ping
5/8/2021 11:00:00 PM : ping
5/8/2021 11:00:01 PM : ping
5/8/2021 11:00:01 PM : ping
5/8/2021 11:00:01 PM : ping
5/8/2021 11:00:03 PM : ping
5/8/2021 11:00:03 PM : ping
5/8/2021 11:00:03 PM : ping
5/8/2021 11:00:03 PM : kService.requestChannels.Count :13
5/8/2021 11:00:03 PM : kService.requestChannels.Count :13
5/8/2021 11:00:03 PM : kService.requestChannels.Count :12
5/8/2021 11:00:03 PM : kService.requestChannels.Count :12
5/8/2021 11:00:03 PM : kService.requestChannels.Count :11
5/8/2021 11:00:03 PM : kService.requestChannels.Count :11
5/8/2021 11:00:04 PM : ping
5/8/2021 11:00:04 PM : ping
5/8/2021 11:00:04 PM : ping
5/8/2021 11:00:04 PM : kService.requestChannels.Count :10
5/8/2021 11:00:04 PM : kService.requestChannels.Count :10
5/8/2021 11:00:04 PM : kService.requestChannels.Count :9
5/8/2021 11:00:04 PM : kService.requestChannels.Count :9
5/8/2021 11:00:05 PM : kService.requestChannels.Count :8
5/8/2021 11:00:05 PM : kService.requestChannels.Count :8
5/8/2021 11:00:05 PM : ping
5/8/2021 11:00:05 PM : ping
5/8/2021 11:00:05 PM : ping
5/8/2021 11:00:05 PM : kService.requestChannels.Count :7
5/8/2021 11:00:05 PM : kService.requestChannels.Count :7
5/8/2021 11:00:06 PM : kService.requestChannels.Count :6
5/8/2021 11:00:06 PM : kService.requestChannels.Count :6
5/8/2021 11:00:06 PM : ping
5/8/2021 11:00:06 PM : ping
5/8/2021 11:00:06 PM : ping
5/8/2021 11:00:06 PM : kService.requestChannels.Count :5
5/8/2021 11:00:06 PM : kService.requestChannels.Count :5
5/8/2021 11:00:07 PM : kService.requestChannels.Count :4
5/8/2021 11:00:07 PM : kService.requestChannels.Count :4
5/8/2021 11:00:07 PM : ping
5/8/2021 11:00:07 PM : ping
5/8/2021 11:00:07 PM : ping
5/8/2021 11:00:07 PM : kService.requestChannels.Count :3
5/8/2021 11:00:07 PM : kService.requestChannels.Count :3
5/8/2021 11:00:08 PM : kService.requestChannels.Count :2
5/8/2021 11:00:08 PM : kService.requestChannels.Count :2
5/8/2021 11:00:08 PM : kService.requestChannels.Count :1
5/8/2021 11:00:08 PM : kService.requestChannels.Count :1
5/8/2021 11:00:08 PM : ping
5/8/2021 11:00:08 PM : ping
5/8/2021 11:00:08 PM : ping
5/8/2021 11:00:09 PM : kService.requestChannels.Count :0
5/8/2021 11:00:09 PM : kService.requestChannels.Count :0
5/8/2021 11:00:09 PM : ping
5/8/2021 11:00:09 PM : ping
5/8/2021 11:00:09 PM : ping
5/8/2021 11:00:10 PM : ping
5/8/2021 11:00:10 PM : ping
5/8/2021 11:00:10 PM : ping
5/8/2021 11:00:11 PM : ping
5/8/2021 11:00:11 PM : ping
5/8/2021 11:00:11 PM : ping
5/8/2021 11:00:13 PM : ping
5/8/2021 11:00:13 PM : ping
5/8/2021 11:00:13 PM : ping
5/8/2021 11:00:14 PM : ping
5/8/2021 11:00:14 PM : ping
5/8/2021 11:00:14 PM : ping
5/8/2021 11:00:15 PM : ping
5/8/2021 11:00:15 PM : ping
5/8/2021 11:00:15 PM : ping
5/8/2021 11:00:16 PM : ping
5/8/2021 11:00:16 PM : ping
5/8/2021 11:00:16 PM : ping
5/8/2021 11:00:17 PM : ping
5/8/2021 11:00:17 PM : ping
5/8/2021 11:00:17 PM : ping
