log begin
..............
5/8/2021 11:00:48 PM : ping
5/8/2021 11:00:48 PM : ping
5/8/2021 11:00:48 PM : ping
5/8/2021 11:00:49 PM : ping
5/8/2021 11:00:49 PM : ping
5/8/2021 11:00:49 PM : ping
5/8/2021 11:00:50 PM : ping
5/8/2021 11:00:50 PM : ping
5/8/2021 11:00:50 PM : ping
5/8/2021 11:00:51 PM : ping
5/8/2021 11:00:51 PM : ping
5/8/2021 11:00:51 PM : ping
5/8/2021 11:00:53 PM : ping
5/8/2021 11:00:53 PM : ping
5/8/2021 11:00:53 PM : ping
5/8/2021 11:00:54 PM : ping
5/8/2021 11:00:54 PM : ping
5/8/2021 11:00:54 PM : ping
5/8/2021 11:00:55 PM : ping
5/8/2021 11:00:55 PM : ping
5/8/2021 11:00:55 PM : ping
5/8/2021 11:00:56 PM : ping
5/8/2021 11:00:56 PM : ping
5/8/2021 11:00:56 PM : ping
5/8/2021 11:00:57 PM : ping
5/8/2021 11:00:57 PM : ping
5/8/2021 11:00:57 PM : ping
5/8/2021 11:00:58 PM : launch server at port: 7003
5/8/2021 11:00:58 PM : ping
5/8/2021 11:00:58 PM : ping
5/8/2021 11:00:58 PM : ping
5/8/2021 11:00:59 PM : ping
5/8/2021 11:00:59 PM : ping
5/8/2021 11:00:59 PM : ping
5/8/2021 11:01:00 PM : ping
5/8/2021 11:01:00 PM : ping
5/8/2021 11:01:00 PM : ping
5/8/2021 11:01:01 PM : ping
5/8/2021 11:01:01 PM : ping
5/8/2021 11:01:01 PM : ping
5/8/2021 11:01:02 PM : launch server at port: 7004
5/8/2021 11:01:03 PM : ping
5/8/2021 11:01:03 PM : ping
5/8/2021 11:01:03 PM : ping
5/8/2021 11:01:04 PM : ping
5/8/2021 11:01:04 PM : ping
5/8/2021 11:01:04 PM : ping
5/8/2021 11:01:05 PM : ping
5/8/2021 11:01:05 PM : ping
5/8/2021 11:01:05 PM : ping
5/8/2021 11:01:06 PM : ping
5/8/2021 11:01:06 PM : ping
5/8/2021 11:01:06 PM : ping
5/8/2021 11:01:07 PM : ping
5/8/2021 11:01:07 PM : ping
5/8/2021 11:01:07 PM : ping
5/8/2021 11:01:08 PM : ping
5/8/2021 11:01:08 PM : ping
5/8/2021 11:01:08 PM : launch server at port: 7005
5/8/2021 11:01:08 PM : ping
5/8/2021 11:01:09 PM : ping
5/8/2021 11:01:09 PM : ping
5/8/2021 11:01:09 PM : ping
5/8/2021 11:01:10 PM : ping
5/8/2021 11:01:10 PM : ping
5/8/2021 11:01:10 PM : ping
5/8/2021 11:01:11 PM : ping
5/8/2021 11:01:11 PM : ping
5/8/2021 11:01:11 PM : ping
5/8/2021 11:01:13 PM : ping
5/8/2021 11:01:13 PM : ping
5/8/2021 11:01:13 PM : ping
5/8/2021 11:01:14 PM : ping
5/8/2021 11:01:14 PM : ping
5/8/2021 11:01:14 PM : ping
5/8/2021 11:01:15 PM : ping
5/8/2021 11:01:15 PM : ping
5/8/2021 11:01:15 PM : ping
5/8/2021 11:01:16 PM : ping
5/8/2021 11:01:16 PM : ping
5/8/2021 11:01:16 PM : ping
5/8/2021 11:01:17 PM : ping
5/8/2021 11:01:17 PM : ping
5/8/2021 11:01:17 PM : ping
5/8/2021 11:01:18 PM : ping
5/8/2021 11:01:18 PM : ping
5/8/2021 11:01:18 PM : ping
5/8/2021 11:01:19 PM : ping
5/8/2021 11:01:19 PM : ping
5/8/2021 11:01:19 PM : ping
5/8/2021 11:01:20 PM : ping
5/8/2021 11:01:20 PM : ping
5/8/2021 11:01:20 PM : ping
5/8/2021 11:01:21 PM : ping
5/8/2021 11:01:21 PM : ping
5/8/2021 11:01:21 PM : ping
5/8/2021 11:01:23 PM : ping
5/8/2021 11:01:23 PM : ping
5/8/2021 11:01:23 PM : ping
5/8/2021 11:01:24 PM : ping
5/8/2021 11:01:24 PM : ping
5/8/2021 11:01:24 PM : ping
5/8/2021 11:01:25 PM : ping
5/8/2021 11:01:25 PM : ping
5/8/2021 11:01:25 PM : ping
5/8/2021 11:01:26 PM : ping
5/8/2021 11:01:26 PM : ping
5/8/2021 11:01:26 PM : ping
5/8/2021 11:01:27 PM : ping
5/8/2021 11:01:27 PM : ping
5/8/2021 11:01:27 PM : ping
5/8/2021 11:01:28 PM : ping
5/8/2021 11:01:28 PM : ping
5/8/2021 11:01:28 PM : ping
5/8/2021 11:01:29 PM : ping
5/8/2021 11:01:29 PM : ping
5/8/2021 11:01:29 PM : ping
5/8/2021 11:01:30 PM : ping
5/8/2021 11:01:30 PM : ping
5/8/2021 11:01:30 PM : ping
5/8/2021 11:01:31 PM : ping
5/8/2021 11:01:31 PM : ping
5/8/2021 11:01:31 PM : ping
5/8/2021 11:01:33 PM : ping
5/8/2021 11:01:33 PM : ping
5/8/2021 11:01:33 PM : ping
5/8/2021 11:01:34 PM : ping
5/8/2021 11:01:34 PM : ping
5/8/2021 11:01:34 PM : ping
5/8/2021 11:01:35 PM : ping
5/8/2021 11:01:35 PM : ping
5/8/2021 11:01:35 PM : ping
5/8/2021 11:01:36 PM : ping
5/8/2021 11:01:36 PM : ping
5/8/2021 11:01:36 PM : ping
5/8/2021 11:01:37 PM : ping
5/8/2021 11:01:37 PM : ping
5/8/2021 11:01:37 PM : ping
5/8/2021 11:01:38 PM : ping
5/8/2021 11:01:38 PM : ping
5/8/2021 11:01:38 PM : ping
5/8/2021 11:01:39 PM : ping
5/8/2021 11:01:39 PM : ping
5/8/2021 11:01:39 PM : ping
5/8/2021 11:01:40 PM : ping
5/8/2021 11:01:40 PM : ping
5/8/2021 11:01:40 PM : ping
5/8/2021 11:01:41 PM : ping
5/8/2021 11:01:41 PM : ping
5/8/2021 11:01:41 PM : ping
5/8/2021 11:01:42 PM : ping
5/8/2021 11:01:42 PM : ping
5/8/2021 11:01:43 PM : ping
5/8/2021 11:01:44 PM : ping
5/8/2021 11:01:44 PM : ping
5/8/2021 11:01:44 PM : ping
5/8/2021 11:01:45 PM : ping
5/8/2021 11:01:45 PM : ping
5/8/2021 11:01:45 PM : ping
5/8/2021 11:01:46 PM : ping
5/8/2021 11:01:46 PM : ping
5/8/2021 11:01:46 PM : ping
5/8/2021 11:01:47 PM : ping
5/8/2021 11:01:47 PM : ping
5/8/2021 11:01:47 PM : ping
5/8/2021 11:01:48 PM : ping
5/8/2021 11:01:48 PM : ping
5/8/2021 11:01:48 PM : ping
5/8/2021 11:01:49 PM : ping
5/8/2021 11:01:49 PM : ping
5/8/2021 11:01:49 PM : ping
5/8/2021 11:01:50 PM : ping
5/8/2021 11:01:50 PM : ping
5/8/2021 11:01:50 PM : ping
5/8/2021 11:01:51 PM : ping
5/8/2021 11:01:51 PM : ping
5/8/2021 11:01:51 PM : ping
5/8/2021 11:01:52 PM : ping
5/8/2021 11:01:52 PM : ping
5/8/2021 11:01:52 PM : ping
5/8/2021 11:01:54 PM : ping
5/8/2021 11:01:54 PM : ping
5/8/2021 11:01:54 PM : ping
5/8/2021 11:01:55 PM : ping
5/8/2021 11:01:55 PM : ping
5/8/2021 11:01:55 PM : ping
5/8/2021 11:01:56 PM : ping
5/8/2021 11:01:56 PM : ping
5/8/2021 11:01:56 PM : ping
5/8/2021 11:01:57 PM : ping
5/8/2021 11:01:57 PM : ping
5/8/2021 11:01:57 PM : ping
5/8/2021 11:01:58 PM : ping
5/8/2021 11:01:58 PM : ping
5/8/2021 11:01:58 PM : ping
5/8/2021 11:01:59 PM : ping
5/8/2021 11:01:59 PM : ping
5/8/2021 11:01:59 PM : ping
5/8/2021 11:02:00 PM : ping
5/8/2021 11:02:00 PM : ping
5/8/2021 11:02:00 PM : ping
5/8/2021 11:02:01 PM : ping
5/8/2021 11:02:01 PM : ping
5/8/2021 11:02:01 PM : ping
5/8/2021 11:02:02 PM : ping
5/8/2021 11:02:02 PM : ping
5/8/2021 11:02:02 PM : ping
5/8/2021 11:02:04 PM : ping
5/8/2021 11:02:04 PM : ping
5/8/2021 11:02:04 PM : ping
5/8/2021 11:02:05 PM : ping
5/8/2021 11:02:05 PM : ping
5/8/2021 11:02:05 PM : ping
5/8/2021 11:02:06 PM : ping
5/8/2021 11:02:06 PM : ping
5/8/2021 11:02:06 PM : ping
5/8/2021 11:02:07 PM : ping
5/8/2021 11:02:07 PM : ping
5/8/2021 11:02:07 PM : ping
5/8/2021 11:02:08 PM : ping
5/8/2021 11:02:08 PM : ping
5/8/2021 11:02:08 PM : ping
5/8/2021 11:02:09 PM : ping
5/8/2021 11:02:09 PM : ping
5/8/2021 11:02:09 PM : ping
5/8/2021 11:02:10 PM : ping
5/8/2021 11:02:10 PM : ping
5/8/2021 11:02:10 PM : ping
5/8/2021 11:02:11 PM : ping
5/8/2021 11:02:11 PM : ping
5/8/2021 11:02:11 PM : ping
5/8/2021 11:02:12 PM : ping
5/8/2021 11:02:12 PM : ping
5/8/2021 11:02:12 PM : ping
5/8/2021 11:02:14 PM : ping
5/8/2021 11:02:14 PM : ping
5/8/2021 11:02:14 PM : ping
5/8/2021 11:02:15 PM : ping
5/8/2021 11:02:15 PM : ping
5/8/2021 11:02:15 PM : ping
5/8/2021 11:02:16 PM : ping
5/8/2021 11:02:16 PM : ping
5/8/2021 11:02:16 PM : ping
5/8/2021 11:02:17 PM : ping
5/8/2021 11:02:17 PM : ping
5/8/2021 11:02:17 PM : ping
5/8/2021 11:02:18 PM : ping
5/8/2021 11:02:18 PM : ping
5/8/2021 11:02:18 PM : ping
5/8/2021 11:02:19 PM : ping
5/8/2021 11:02:19 PM : ping
5/8/2021 11:02:19 PM : ping
5/8/2021 11:02:20 PM : ping
5/8/2021 11:02:20 PM : ping
5/8/2021 11:02:20 PM : ping
5/8/2021 11:02:21 PM : ping
5/8/2021 11:02:21 PM : ping
5/8/2021 11:02:21 PM : ping
5/8/2021 11:02:22 PM : ping
5/8/2021 11:02:22 PM : ping
5/8/2021 11:02:22 PM : ping
5/8/2021 11:02:24 PM : ping
5/8/2021 11:02:24 PM : ping
5/8/2021 11:02:24 PM : ping
5/8/2021 11:02:25 PM : ping
5/8/2021 11:02:25 PM : ping
5/8/2021 11:02:25 PM : ping
5/8/2021 11:02:26 PM : ping
5/8/2021 11:02:26 PM : ping
5/8/2021 11:02:26 PM : ping
5/8/2021 11:02:27 PM : ping
5/8/2021 11:02:27 PM : ping
5/8/2021 11:02:27 PM : ping
5/8/2021 11:02:28 PM : ping
5/8/2021 11:02:28 PM : ping
5/8/2021 11:02:28 PM : ping
5/8/2021 11:02:29 PM : ping
5/8/2021 11:02:29 PM : ping
5/8/2021 11:02:29 PM : ping
5/8/2021 11:02:30 PM : ping
5/8/2021 11:02:30 PM : ping
5/8/2021 11:02:30 PM : ping
5/8/2021 11:02:31 PM : ping
5/8/2021 11:02:31 PM : ping
5/8/2021 11:02:31 PM : ping
5/8/2021 11:02:32 PM : ping
5/8/2021 11:02:32 PM : ping
5/8/2021 11:02:32 PM : ping
5/8/2021 11:02:33 PM : ping
5/8/2021 11:02:33 PM : ping
5/8/2021 11:02:34 PM : ping
5/8/2021 11:02:35 PM : ping
5/8/2021 11:02:35 PM : ping
5/8/2021 11:02:35 PM : ping
5/8/2021 11:02:36 PM : ping
5/8/2021 11:02:36 PM : ping
5/8/2021 11:02:36 PM : ping
5/8/2021 11:02:37 PM : ping
5/8/2021 11:02:37 PM : ping
5/8/2021 11:02:37 PM : ping
5/8/2021 11:02:38 PM : ping
5/8/2021 11:02:38 PM : ping
5/8/2021 11:02:38 PM : ping
5/8/2021 11:02:39 PM : ping
5/8/2021 11:02:39 PM : ping
5/8/2021 11:02:39 PM : ping
5/8/2021 11:02:40 PM : ping
5/8/2021 11:02:40 PM : ping
5/8/2021 11:02:40 PM : ping
5/8/2021 11:02:41 PM : ping
5/8/2021 11:02:41 PM : ping
5/8/2021 11:02:41 PM : ping
5/8/2021 11:02:42 PM : ping
5/8/2021 11:02:42 PM : ping
5/8/2021 11:02:42 PM : ping
5/8/2021 11:02:43 PM : ping
5/8/2021 11:02:43 PM : ping
5/8/2021 11:02:43 PM : ping
5/8/2021 11:02:45 PM : ping
5/8/2021 11:02:45 PM : ping
5/8/2021 11:02:45 PM : ping
5/8/2021 11:02:46 PM : ping
5/8/2021 11:02:46 PM : ping
5/8/2021 11:02:46 PM : ping
5/8/2021 11:02:47 PM : ping
5/8/2021 11:02:47 PM : ping
5/8/2021 11:02:47 PM : ping
5/8/2021 11:02:48 PM : ping
5/8/2021 11:02:48 PM : ping
5/8/2021 11:02:48 PM : ping
5/8/2021 11:02:49 PM : ping
5/8/2021 11:02:49 PM : ping
5/8/2021 11:02:49 PM : ping
5/8/2021 11:02:50 PM : ping
5/8/2021 11:02:50 PM : ping
5/8/2021 11:02:50 PM : ping
5/8/2021 11:02:51 PM : ping
5/8/2021 11:02:51 PM : ping
5/8/2021 11:02:51 PM : ping
5/8/2021 11:02:52 PM : ping
5/8/2021 11:02:52 PM : ping
5/8/2021 11:02:52 PM : ping
5/8/2021 11:02:53 PM : ping
5/8/2021 11:02:53 PM : ping
5/8/2021 11:02:53 PM : ping
5/8/2021 11:02:55 PM : ping
5/8/2021 11:02:55 PM : ping
5/8/2021 11:02:55 PM : ping
5/8/2021 11:02:56 PM : ping
5/8/2021 11:02:56 PM : ping
5/8/2021 11:02:56 PM : ping
5/8/2021 11:02:57 PM : ping
5/8/2021 11:02:57 PM : ping
5/8/2021 11:02:57 PM : ping
5/8/2021 11:02:58 PM : ping
5/8/2021 11:02:58 PM : ping
5/8/2021 11:02:58 PM : ping
5/8/2021 11:02:59 PM : ping
5/8/2021 11:02:59 PM : ping
5/8/2021 11:02:59 PM : ping
5/8/2021 11:03:00 PM : ping
5/8/2021 11:03:00 PM : ping
5/8/2021 11:03:00 PM : ping
5/8/2021 11:03:01 PM : ping
5/8/2021 11:03:01 PM : ping
5/8/2021 11:03:01 PM : ping
5/8/2021 11:03:02 PM : ping
5/8/2021 11:03:02 PM : ping
5/8/2021 11:03:02 PM : ping
5/8/2021 11:03:03 PM : ping
5/8/2021 11:03:03 PM : ping
5/8/2021 11:03:03 PM : ping
5/8/2021 11:03:05 PM : ping
5/8/2021 11:03:05 PM : ping
5/8/2021 11:03:05 PM : ping
5/8/2021 11:03:06 PM : ping
5/8/2021 11:03:06 PM : ping
5/8/2021 11:03:06 PM : ping
5/8/2021 11:03:07 PM : ping
5/8/2021 11:03:07 PM : ping
5/8/2021 11:03:07 PM : ping
5/8/2021 11:03:08 PM : ping
5/8/2021 11:03:08 PM : ping
5/8/2021 11:03:08 PM : ping
5/8/2021 11:03:09 PM : ping
5/8/2021 11:03:09 PM : ping
5/8/2021 11:03:09 PM : ping
5/8/2021 11:03:10 PM : ping
5/8/2021 11:03:10 PM : ping
5/8/2021 11:03:10 PM : ping
5/8/2021 11:03:11 PM : ping
5/8/2021 11:03:11 PM : ping
5/8/2021 11:03:11 PM : ping
5/8/2021 11:03:12 PM : ping
5/8/2021 11:03:12 PM : ping
5/8/2021 11:03:12 PM : ping
5/8/2021 11:03:13 PM : ping
5/8/2021 11:03:13 PM : ping
5/8/2021 11:03:13 PM : ping
5/8/2021 11:03:15 PM : ping
5/8/2021 11:03:15 PM : ping
5/8/2021 11:03:15 PM : ping
5/8/2021 11:03:16 PM : ping
5/8/2021 11:03:16 PM : ping
5/8/2021 11:03:16 PM : ping
5/8/2021 11:03:17 PM : ping
5/8/2021 11:03:17 PM : ping
5/8/2021 11:03:17 PM : ping
5/8/2021 11:03:18 PM : ping
5/8/2021 11:03:18 PM : ping
5/8/2021 11:03:18 PM : ping
5/8/2021 11:03:19 PM : ping
5/8/2021 11:03:19 PM : ping
5/8/2021 11:03:19 PM : ping
5/8/2021 11:03:20 PM : ping
5/8/2021 11:03:20 PM : ping
5/8/2021 11:03:20 PM : ping
5/8/2021 11:03:21 PM : ping
5/8/2021 11:03:21 PM : ping
5/8/2021 11:03:21 PM : ping
5/8/2021 11:03:22 PM : ping
5/8/2021 11:03:22 PM : ping
5/8/2021 11:03:22 PM : ping
5/8/2021 11:03:23 PM : ping
5/8/2021 11:03:23 PM : ping
5/8/2021 11:03:23 PM : ping
5/8/2021 11:03:25 PM : ping
5/8/2021 11:03:25 PM : ping
5/8/2021 11:03:25 PM : ping
5/8/2021 11:03:26 PM : ping
5/8/2021 11:03:26 PM : ping
5/8/2021 11:03:26 PM : ping
5/8/2021 11:03:27 PM : ping
5/8/2021 11:03:27 PM : ping
5/8/2021 11:03:27 PM : ping
5/8/2021 11:03:28 PM : ping
5/8/2021 11:03:28 PM : ping
5/8/2021 11:03:28 PM : ping
5/8/2021 11:03:29 PM : ping
5/8/2021 11:03:29 PM : ping
5/8/2021 11:03:29 PM : ping
5/8/2021 11:03:30 PM : ping
5/8/2021 11:03:30 PM : ping
5/8/2021 11:03:30 PM : ping
5/8/2021 11:03:31 PM : ping
5/8/2021 11:03:31 PM : ping
5/8/2021 11:03:31 PM : ping
5/8/2021 11:03:32 PM : ping
5/8/2021 11:03:32 PM : ping
5/8/2021 11:03:32 PM : ping
5/8/2021 11:03:33 PM : ping
5/8/2021 11:03:33 PM : ping
5/8/2021 11:03:33 PM : ping
5/8/2021 11:03:35 PM : ping
5/8/2021 11:03:35 PM : ping
5/8/2021 11:03:35 PM : ping
5/8/2021 11:03:36 PM : ping
5/8/2021 11:03:36 PM : ping
5/8/2021 11:03:36 PM : ping
5/8/2021 11:03:37 PM : ping
5/8/2021 11:03:37 PM : ping
5/8/2021 11:03:37 PM : ping
5/8/2021 11:03:38 PM : ping
5/8/2021 11:03:38 PM : ping
5/8/2021 11:03:38 PM : ping
5/8/2021 11:03:39 PM : ping
5/8/2021 11:03:39 PM : ping
5/8/2021 11:03:39 PM : ping
5/8/2021 11:03:40 PM : ping
5/8/2021 11:03:40 PM : ping
5/8/2021 11:03:40 PM : ping
5/8/2021 11:03:41 PM : ping
5/8/2021 11:03:41 PM : ping
5/8/2021 11:03:41 PM : ping
5/8/2021 11:03:42 PM : ping
5/8/2021 11:03:42 PM : ping
5/8/2021 11:03:42 PM : ping
5/8/2021 11:03:43 PM : ping
5/8/2021 11:03:43 PM : ping
5/8/2021 11:03:43 PM : ping
5/8/2021 11:03:45 PM : ping
5/8/2021 11:03:45 PM : ping
5/8/2021 11:03:45 PM : ping
5/8/2021 11:03:46 PM : ping
5/8/2021 11:03:46 PM : ping
5/8/2021 11:03:46 PM : ping
5/8/2021 11:03:47 PM : ping
5/8/2021 11:03:47 PM : ping
5/8/2021 11:03:47 PM : ping
5/8/2021 11:03:48 PM : ping
5/8/2021 11:03:48 PM : ping
5/8/2021 11:03:48 PM : ping
5/8/2021 11:03:49 PM : kService.requestChannels.Count :24
5/8/2021 11:03:49 PM : kService.requestChannels.Count :24
5/8/2021 11:03:49 PM : ping
5/8/2021 11:03:49 PM : ping
5/8/2021 11:03:49 PM : ping
5/8/2021 11:03:50 PM : ping
5/8/2021 11:03:50 PM : ping
5/8/2021 11:03:50 PM : ping
5/8/2021 11:03:51 PM : ping
5/8/2021 11:03:51 PM : ping
5/8/2021 11:03:51 PM : ping
5/8/2021 11:03:52 PM : ping
5/8/2021 11:03:52 PM : ping
5/8/2021 11:03:52 PM : ping
5/8/2021 11:03:53 PM : ping
5/8/2021 11:03:53 PM : ping
5/8/2021 11:03:53 PM : ping
5/8/2021 11:03:54 PM : ping
5/8/2021 11:03:54 PM : ping
5/8/2021 11:03:54 PM : ping
5/8/2021 11:03:56 PM : ping
5/8/2021 11:03:56 PM : ping
5/8/2021 11:03:56 PM : ping
5/8/2021 11:03:57 PM : ping
5/8/2021 11:03:57 PM : ping
5/8/2021 11:03:57 PM : ping
5/8/2021 11:03:58 PM : ping
5/8/2021 11:03:58 PM : ping
5/8/2021 11:03:58 PM : ping
5/8/2021 11:03:59 PM : ping
5/8/2021 11:03:59 PM : ping
5/8/2021 11:03:59 PM : ping
5/8/2021 11:03:59 PM : kService.requestChannels.Count :23
5/8/2021 11:03:59 PM : kService.requestChannels.Count :23
5/8/2021 11:04:00 PM : ping
5/8/2021 11:04:00 PM : ping
5/8/2021 11:04:00 PM : ping
5/8/2021 11:04:00 PM : kService.requestChannels.Count :22
5/8/2021 11:04:00 PM : kService.requestChannels.Count :22
5/8/2021 11:04:01 PM : ping
5/8/2021 11:04:01 PM : ping
5/8/2021 11:04:01 PM : ping
5/8/2021 11:04:02 PM : ping
5/8/2021 11:04:02 PM : ping
5/8/2021 11:04:02 PM : ping
5/8/2021 11:04:03 PM : ping
5/8/2021 11:04:03 PM : ping
5/8/2021 11:04:03 PM : ping
5/8/2021 11:04:04 PM : ping
5/8/2021 11:04:04 PM : ping
5/8/2021 11:04:04 PM : ping
5/8/2021 11:04:06 PM : ping
5/8/2021 11:04:06 PM : ping
5/8/2021 11:04:06 PM : ping
5/8/2021 11:04:07 PM : ping
5/8/2021 11:04:07 PM : ping
5/8/2021 11:04:07 PM : ping
5/8/2021 11:04:08 PM : ping
5/8/2021 11:04:08 PM : ping
5/8/2021 11:04:08 PM : ping
5/8/2021 11:04:09 PM : ping
5/8/2021 11:04:09 PM : ping
5/8/2021 11:04:09 PM : ping
5/8/2021 11:04:10 PM : ping
5/8/2021 11:04:10 PM : ping
5/8/2021 11:04:10 PM : ping
5/8/2021 11:04:11 PM : ping
5/8/2021 11:04:11 PM : ping
5/8/2021 11:04:11 PM : ping
5/8/2021 11:04:12 PM : ping
5/8/2021 11:04:12 PM : ping
5/8/2021 11:04:12 PM : ping
5/8/2021 11:04:13 PM : ping
5/8/2021 11:04:13 PM : ping
5/8/2021 11:04:13 PM : ping
5/8/2021 11:04:14 PM : ping
5/8/2021 11:04:14 PM : ping
5/8/2021 11:04:14 PM : ping
5/8/2021 11:04:16 PM : ping
5/8/2021 11:04:16 PM : ping
5/8/2021 11:04:16 PM : ping
5/8/2021 11:04:17 PM : ping
5/8/2021 11:04:17 PM : ping
5/8/2021 11:04:17 PM : ping
5/8/2021 11:04:18 PM : ping
5/8/2021 11:04:18 PM : ping
5/8/2021 11:04:18 PM : ping
5/8/2021 11:04:19 PM : ping
5/8/2021 11:04:19 PM : ping
5/8/2021 11:04:19 PM : ping
5/8/2021 11:04:20 PM : ping
5/8/2021 11:04:20 PM : ping
5/8/2021 11:04:20 PM : ping
5/8/2021 11:04:21 PM : ping
5/8/2021 11:04:21 PM : ping
5/8/2021 11:04:21 PM : ping
5/8/2021 11:04:22 PM : ping
5/8/2021 11:04:22 PM : ping
5/8/2021 11:04:22 PM : ping
5/8/2021 11:04:23 PM : ping
5/8/2021 11:04:23 PM : ping
5/8/2021 11:04:23 PM : ping
5/8/2021 11:04:24 PM : ping
5/8/2021 11:04:24 PM : ping
5/8/2021 11:04:24 PM : ping
5/8/2021 11:04:26 PM : ping
5/8/2021 11:04:26 PM : ping
5/8/2021 11:04:26 PM : ping
5/8/2021 11:04:27 PM : ping
5/8/2021 11:04:27 PM : ping
5/8/2021 11:04:27 PM : ping
5/8/2021 11:04:28 PM : ping
5/8/2021 11:04:28 PM : ping
5/8/2021 11:04:28 PM : ping
5/8/2021 11:04:29 PM : ping
5/8/2021 11:04:29 PM : ping
5/8/2021 11:04:29 PM : ping
5/8/2021 11:04:30 PM : ping
5/8/2021 11:04:30 PM : ping
5/8/2021 11:04:30 PM : ping
5/8/2021 11:04:31 PM : ping
5/8/2021 11:04:31 PM : ping
5/8/2021 11:04:31 PM : ping
5/8/2021 11:04:32 PM : ping
5/8/2021 11:04:32 PM : ping
5/8/2021 11:04:32 PM : ping
5/8/2021 11:04:33 PM : ping
5/8/2021 11:04:33 PM : ping
5/8/2021 11:04:33 PM : ping
5/8/2021 11:04:34 PM : ping
5/8/2021 11:04:34 PM : ping
5/8/2021 11:04:34 PM : ping
5/8/2021 11:04:36 PM : ping
5/8/2021 11:04:36 PM : ping
5/8/2021 11:04:36 PM : ping
5/8/2021 11:04:37 PM : ping
5/8/2021 11:04:37 PM : ping
5/8/2021 11:04:37 PM : ping
5/8/2021 11:04:38 PM : ping
5/8/2021 11:04:38 PM : ping
5/8/2021 11:04:38 PM : ping
5/8/2021 11:04:39 PM : ping
5/8/2021 11:04:39 PM : ping
5/8/2021 11:04:39 PM : ping
5/8/2021 11:04:40 PM : ping
5/8/2021 11:04:40 PM : ping
5/8/2021 11:04:40 PM : ping
5/8/2021 11:04:41 PM : ping
5/8/2021 11:04:41 PM : ping
5/8/2021 11:04:41 PM : ping
5/8/2021 11:04:42 PM : ping
5/8/2021 11:04:42 PM : ping
5/8/2021 11:04:42 PM : ping
5/8/2021 11:04:43 PM : ping
5/8/2021 11:04:43 PM : ping
5/8/2021 11:04:43 PM : ping
5/8/2021 11:04:44 PM : ping
5/8/2021 11:04:44 PM : ping
5/8/2021 11:04:44 PM : ping
5/8/2021 11:04:46 PM : ping
5/8/2021 11:04:46 PM : ping
5/8/2021 11:04:46 PM : ping
5/8/2021 11:04:47 PM : ping
5/8/2021 11:04:47 PM : ping
5/8/2021 11:04:47 PM : ping
5/8/2021 11:04:48 PM : ping
5/8/2021 11:04:48 PM : ping
5/8/2021 11:04:48 PM : ping
5/8/2021 11:04:49 PM : ping
5/8/2021 11:04:49 PM : ping
5/8/2021 11:04:49 PM : ping
5/8/2021 11:04:50 PM : ping
5/8/2021 11:04:50 PM : ping
5/8/2021 11:04:50 PM : ping
5/8/2021 11:04:51 PM : ping
5/8/2021 11:04:51 PM : ping
5/8/2021 11:04:51 PM : ping
5/8/2021 11:04:52 PM : ping
5/8/2021 11:04:52 PM : ping
5/8/2021 11:04:52 PM : ping
5/8/2021 11:04:53 PM : ping
5/8/2021 11:04:53 PM : ping
5/8/2021 11:04:53 PM : ping
5/8/2021 11:04:54 PM : ping
5/8/2021 11:04:54 PM : ping
5/8/2021 11:04:54 PM : ping
5/8/2021 11:04:56 PM : ping
5/8/2021 11:04:56 PM : ping
5/8/2021 11:04:56 PM : ping
5/8/2021 11:04:57 PM : ping
5/8/2021 11:04:57 PM : ping
5/8/2021 11:04:57 PM : ping
5/8/2021 11:04:58 PM : ping
5/8/2021 11:04:58 PM : ping
5/8/2021 11:04:58 PM : ping
5/8/2021 11:04:59 PM : ping
5/8/2021 11:04:59 PM : ping
5/8/2021 11:04:59 PM : ping
5/8/2021 11:05:00 PM : ping
5/8/2021 11:05:00 PM : ping
5/8/2021 11:05:00 PM : ping
5/8/2021 11:05:01 PM : ping
5/8/2021 11:05:01 PM : ping
5/8/2021 11:05:01 PM : ping
5/8/2021 11:05:02 PM : ping
5/8/2021 11:05:02 PM : ping
5/8/2021 11:05:02 PM : ping
5/8/2021 11:05:03 PM : ping
5/8/2021 11:05:03 PM : ping
5/8/2021 11:05:03 PM : ping
5/8/2021 11:05:04 PM : ping
5/8/2021 11:05:04 PM : ping
5/8/2021 11:05:04 PM : ping
5/8/2021 11:05:06 PM : ping
5/8/2021 11:05:06 PM : ping
5/8/2021 11:05:06 PM : ping
5/8/2021 11:05:07 PM : ping
5/8/2021 11:05:07 PM : ping
5/8/2021 11:05:07 PM : ping
5/8/2021 11:05:08 PM : ping
5/8/2021 11:05:08 PM : ping
5/8/2021 11:05:08 PM : ping
5/8/2021 11:05:09 PM : ping
5/8/2021 11:05:09 PM : ping
5/8/2021 11:05:09 PM : ping
5/8/2021 11:05:10 PM : ping
5/8/2021 11:05:10 PM : ping
5/8/2021 11:05:10 PM : ping
5/8/2021 11:05:11 PM : ping
5/8/2021 11:05:11 PM : ping
5/8/2021 11:05:11 PM : ping
5/8/2021 11:05:12 PM : ping
5/8/2021 11:05:12 PM : ping
5/8/2021 11:05:12 PM : ping
5/8/2021 11:05:13 PM : ping
5/8/2021 11:05:13 PM : ping
5/8/2021 11:05:13 PM : ping
5/8/2021 11:05:14 PM : ping
5/8/2021 11:05:14 PM : ping
5/8/2021 11:05:14 PM : ping
5/8/2021 11:05:16 PM : ping
5/8/2021 11:05:16 PM : ping
5/8/2021 11:05:16 PM : ping
5/8/2021 11:05:17 PM : ping
5/8/2021 11:05:17 PM : ping
5/8/2021 11:05:17 PM : ping
5/8/2021 11:05:18 PM : ping
5/8/2021 11:05:18 PM : ping
5/8/2021 11:05:18 PM : ping
5/8/2021 11:05:19 PM : ping
5/8/2021 11:05:19 PM : ping
5/8/2021 11:05:19 PM : ping
5/8/2021 11:05:20 PM : ping
5/8/2021 11:05:20 PM : ping
5/8/2021 11:05:20 PM : ping
5/8/2021 11:05:21 PM : ping
5/8/2021 11:05:21 PM : ping
5/8/2021 11:05:21 PM : ping
5/8/2021 11:05:22 PM : ping
5/8/2021 11:05:22 PM : ping
5/8/2021 11:05:22 PM : ping
5/8/2021 11:05:23 PM : ping
5/8/2021 11:05:23 PM : ping
5/8/2021 11:05:23 PM : ping
5/8/2021 11:05:24 PM : ping
5/8/2021 11:05:24 PM : ping
5/8/2021 11:05:24 PM : ping
5/8/2021 11:05:26 PM : ping
5/8/2021 11:05:26 PM : ping
5/8/2021 11:05:26 PM : ping
5/8/2021 11:05:27 PM : ping
5/8/2021 11:05:27 PM : ping
5/8/2021 11:05:27 PM : ping
5/8/2021 11:05:28 PM : ping
5/8/2021 11:05:28 PM : ping
5/8/2021 11:05:28 PM : ping
5/8/2021 11:05:29 PM : ping
5/8/2021 11:05:29 PM : ping
5/8/2021 11:05:29 PM : ping
5/8/2021 11:05:30 PM : ping
5/8/2021 11:05:30 PM : ping
5/8/2021 11:05:30 PM : ping
5/8/2021 11:05:31 PM : ping
5/8/2021 11:05:31 PM : ping
5/8/2021 11:05:31 PM : ping
5/8/2021 11:05:32 PM : ping
5/8/2021 11:05:32 PM : ping
5/8/2021 11:05:32 PM : ping
5/8/2021 11:05:33 PM : ping
5/8/2021 11:05:33 PM : ping
5/8/2021 11:05:33 PM : ping
5/8/2021 11:05:34 PM : ping
5/8/2021 11:05:34 PM : ping
5/8/2021 11:05:34 PM : ping
5/8/2021 11:05:36 PM : ping
5/8/2021 11:05:36 PM : ping
5/8/2021 11:05:36 PM : ping
5/8/2021 11:05:37 PM : ping
5/8/2021 11:05:37 PM : ping
5/8/2021 11:05:37 PM : ping
5/8/2021 11:05:38 PM : ping
5/8/2021 11:05:38 PM : ping
5/8/2021 11:05:38 PM : ping
5/8/2021 11:05:39 PM : ping
5/8/2021 11:05:39 PM : ping
5/8/2021 11:05:39 PM : ping
5/8/2021 11:05:40 PM : ping
5/8/2021 11:05:40 PM : ping
5/8/2021 11:05:40 PM : ping
5/8/2021 11:05:41 PM : ping
5/8/2021 11:05:41 PM : ping
5/8/2021 11:05:41 PM : ping
5/8/2021 11:05:42 PM : ping
5/8/2021 11:05:42 PM : ping
5/8/2021 11:05:42 PM : ping
5/8/2021 11:05:43 PM : ping
5/8/2021 11:05:43 PM : ping
5/8/2021 11:05:43 PM : ping
5/8/2021 11:05:44 PM : ping
5/8/2021 11:05:44 PM : ping
5/8/2021 11:05:44 PM : ping
5/8/2021 11:05:46 PM : ping
5/8/2021 11:05:46 PM : ping
5/8/2021 11:05:46 PM : ping
5/8/2021 11:05:47 PM : ping
5/8/2021 11:05:47 PM : ping
5/8/2021 11:05:47 PM : ping
5/8/2021 11:05:48 PM : ping
5/8/2021 11:05:48 PM : ping
5/8/2021 11:05:48 PM : ping
5/8/2021 11:05:49 PM : ping
5/8/2021 11:05:49 PM : ping
5/8/2021 11:05:49 PM : ping
5/8/2021 11:05:50 PM : ping
5/8/2021 11:05:50 PM : ping
5/8/2021 11:05:50 PM : ping
5/8/2021 11:05:51 PM : ping
5/8/2021 11:05:51 PM : ping
5/8/2021 11:05:51 PM : ping
5/8/2021 11:05:52 PM : ping
5/8/2021 11:05:52 PM : ping
5/8/2021 11:05:52 PM : ping
5/8/2021 11:05:53 PM : ping
5/8/2021 11:05:53 PM : ping
5/8/2021 11:05:53 PM : ping
5/8/2021 11:05:54 PM : ping
5/8/2021 11:05:54 PM : ping
5/8/2021 11:05:54 PM : ping
5/8/2021 11:05:56 PM : ping
5/8/2021 11:05:56 PM : ping
5/8/2021 11:05:56 PM : ping
5/8/2021 11:05:57 PM : ping
5/8/2021 11:05:57 PM : ping
5/8/2021 11:05:57 PM : ping
5/8/2021 11:05:58 PM : ping
5/8/2021 11:05:58 PM : ping
5/8/2021 11:05:58 PM : ping
5/8/2021 11:05:59 PM : ping
5/8/2021 11:05:59 PM : ping
5/8/2021 11:05:59 PM : ping
5/8/2021 11:06:00 PM : ping
5/8/2021 11:06:00 PM : ping
5/8/2021 11:06:00 PM : ping
5/8/2021 11:06:01 PM : ping
5/8/2021 11:06:01 PM : ping
5/8/2021 11:06:01 PM : ping
5/8/2021 11:06:02 PM : ping
5/8/2021 11:06:02 PM : ping
5/8/2021 11:06:02 PM : ping
5/8/2021 11:06:03 PM : ping
5/8/2021 11:06:03 PM : ping
5/8/2021 11:06:03 PM : ping
5/8/2021 11:06:04 PM : ping
5/8/2021 11:06:04 PM : ping
5/8/2021 11:06:04 PM : ping
5/8/2021 11:06:06 PM : ping
5/8/2021 11:06:06 PM : ping
5/8/2021 11:06:06 PM : ping
5/8/2021 11:06:07 PM : ping
5/8/2021 11:06:07 PM : ping
5/8/2021 11:06:07 PM : ping
5/8/2021 11:06:08 PM : ping
5/8/2021 11:06:08 PM : ping
5/8/2021 11:06:08 PM : ping
5/8/2021 11:06:09 PM : ping
5/8/2021 11:06:09 PM : ping
5/8/2021 11:06:09 PM : ping
5/8/2021 11:06:10 PM : ping
5/8/2021 11:06:10 PM : ping
5/8/2021 11:06:10 PM : ping
5/8/2021 11:06:11 PM : ping
5/8/2021 11:06:11 PM : ping
5/8/2021 11:06:11 PM : ping
5/8/2021 11:06:12 PM : ping
5/8/2021 11:06:12 PM : ping
5/8/2021 11:06:12 PM : ping
5/8/2021 11:06:13 PM : ping
5/8/2021 11:06:13 PM : ping
5/8/2021 11:06:13 PM : ping
5/8/2021 11:06:14 PM : ping
5/8/2021 11:06:14 PM : ping
5/8/2021 11:06:14 PM : ping
5/8/2021 11:06:16 PM : ping
5/8/2021 11:06:16 PM : ping
5/8/2021 11:06:16 PM : ping
5/8/2021 11:06:17 PM : ping
5/8/2021 11:06:17 PM : ping
5/8/2021 11:06:17 PM : ping
5/8/2021 11:06:18 PM : ping
5/8/2021 11:06:18 PM : ping
5/8/2021 11:06:18 PM : ping
5/8/2021 11:06:19 PM : ping
5/8/2021 11:06:19 PM : ping
5/8/2021 11:06:19 PM : ping
5/8/2021 11:06:20 PM : ping
5/8/2021 11:06:20 PM : ping
5/8/2021 11:06:20 PM : ping
5/8/2021 11:06:21 PM : ping
5/8/2021 11:06:21 PM : ping
5/8/2021 11:06:21 PM : ping
5/8/2021 11:06:22 PM : ping
5/8/2021 11:06:22 PM : ping
5/8/2021 11:06:22 PM : ping
5/8/2021 11:06:23 PM : ping
5/8/2021 11:06:23 PM : ping
5/8/2021 11:06:23 PM : ping
5/8/2021 11:06:24 PM : ping
5/8/2021 11:06:24 PM : ping
5/8/2021 11:06:24 PM : ping
5/8/2021 11:06:26 PM : ping
5/8/2021 11:06:26 PM : ping
5/8/2021 11:06:26 PM : ping
5/8/2021 11:06:27 PM : ping
5/8/2021 11:06:27 PM : ping
5/8/2021 11:06:27 PM : ping
5/8/2021 11:06:28 PM : ping
5/8/2021 11:06:28 PM : ping
5/8/2021 11:06:28 PM : ping
5/8/2021 11:06:29 PM : ping
5/8/2021 11:06:29 PM : ping
5/8/2021 11:06:29 PM : ping
5/8/2021 11:06:30 PM : ping
5/8/2021 11:06:30 PM : ping
5/8/2021 11:06:30 PM : ping
5/8/2021 11:06:31 PM : ping
5/8/2021 11:06:31 PM : ping
5/8/2021 11:06:31 PM : ping
5/8/2021 11:06:32 PM : ping
5/8/2021 11:06:32 PM : ping
5/8/2021 11:06:32 PM : ping
5/8/2021 11:06:33 PM : ping
5/8/2021 11:06:33 PM : ping
5/8/2021 11:06:33 PM : ping
5/8/2021 11:06:34 PM : ping
5/8/2021 11:06:34 PM : ping
5/8/2021 11:06:34 PM : ping
5/8/2021 11:06:36 PM : ping
5/8/2021 11:06:36 PM : ping
5/8/2021 11:06:36 PM : ping
5/8/2021 11:06:37 PM : ping
5/8/2021 11:06:37 PM : ping
5/8/2021 11:06:37 PM : ping
5/8/2021 11:06:38 PM : ping
5/8/2021 11:06:38 PM : ping
5/8/2021 11:06:38 PM : ping
5/8/2021 11:06:39 PM : ping
5/8/2021 11:06:39 PM : ping
5/8/2021 11:06:39 PM : ping
5/8/2021 11:06:40 PM : ping
5/8/2021 11:06:40 PM : ping
5/8/2021 11:06:40 PM : ping
5/8/2021 11:06:41 PM : ping
5/8/2021 11:06:41 PM : ping
5/8/2021 11:06:41 PM : ping
5/8/2021 11:06:42 PM : ping
5/8/2021 11:06:42 PM : ping
5/8/2021 11:06:42 PM : ping
5/8/2021 11:06:43 PM : ping
5/8/2021 11:06:43 PM : ping
5/8/2021 11:06:43 PM : ping
5/8/2021 11:06:44 PM : ping
5/8/2021 11:06:44 PM : ping
5/8/2021 11:06:44 PM : ping
5/8/2021 11:06:46 PM : ping
5/8/2021 11:06:46 PM : ping
5/8/2021 11:06:46 PM : ping
5/8/2021 11:06:47 PM : ping
5/8/2021 11:06:47 PM : ping
5/8/2021 11:06:47 PM : ping
5/8/2021 11:06:48 PM : ping
5/8/2021 11:06:48 PM : ping
5/8/2021 11:06:48 PM : ping
5/8/2021 11:06:49 PM : ping
5/8/2021 11:06:49 PM : ping
5/8/2021 11:06:49 PM : ping
5/8/2021 11:06:50 PM : ping
5/8/2021 11:06:50 PM : ping
5/8/2021 11:06:50 PM : ping
5/8/2021 11:06:51 PM : ping
5/8/2021 11:06:51 PM : ping
5/8/2021 11:06:51 PM : ping
5/8/2021 11:06:52 PM : ping
5/8/2021 11:06:52 PM : ping
5/8/2021 11:06:52 PM : ping
5/8/2021 11:06:53 PM : ping
5/8/2021 11:06:53 PM : ping
5/8/2021 11:06:53 PM : ping
5/8/2021 11:06:54 PM : ping
5/8/2021 11:06:54 PM : ping
5/8/2021 11:06:54 PM : ping
5/8/2021 11:06:56 PM : ping
5/8/2021 11:06:56 PM : ping
5/8/2021 11:06:56 PM : ping
5/8/2021 11:06:57 PM : ping
5/8/2021 11:06:57 PM : ping
5/8/2021 11:06:57 PM : ping
5/8/2021 11:06:58 PM : ping
5/8/2021 11:06:58 PM : ping
5/8/2021 11:06:58 PM : ping
5/8/2021 11:06:59 PM : ping
5/8/2021 11:06:59 PM : ping
5/8/2021 11:06:59 PM : ping
5/8/2021 11:07:00 PM : ping
5/8/2021 11:07:00 PM : ping
5/8/2021 11:07:00 PM : ping
5/8/2021 11:07:01 PM : ping
5/8/2021 11:07:01 PM : ping
5/8/2021 11:07:01 PM : ping
5/8/2021 11:07:02 PM : ping
5/8/2021 11:07:02 PM : ping
5/8/2021 11:07:02 PM : ping
5/8/2021 11:07:03 PM : ping
5/8/2021 11:07:03 PM : ping
5/8/2021 11:07:03 PM : ping
5/8/2021 11:07:04 PM : ping
5/8/2021 11:07:04 PM : ping
5/8/2021 11:07:04 PM : ping
5/8/2021 11:07:06 PM : ping
5/8/2021 11:07:06 PM : ping
5/8/2021 11:07:06 PM : ping
5/8/2021 11:07:07 PM : ping
5/8/2021 11:07:07 PM : ping
5/8/2021 11:07:07 PM : ping
5/8/2021 11:07:08 PM : ping
5/8/2021 11:07:08 PM : ping
5/8/2021 11:07:08 PM : ping
5/8/2021 11:07:09 PM : ping
5/8/2021 11:07:09 PM : ping
5/8/2021 11:07:09 PM : ping
5/8/2021 11:07:10 PM : ping
5/8/2021 11:07:10 PM : ping
5/8/2021 11:07:10 PM : ping
5/8/2021 11:07:11 PM : ping
5/8/2021 11:07:11 PM : ping
5/8/2021 11:07:11 PM : ping
5/8/2021 11:07:12 PM : ping
5/8/2021 11:07:12 PM : ping
5/8/2021 11:07:12 PM : ping
5/8/2021 11:07:13 PM : ping
5/8/2021 11:07:13 PM : ping
5/8/2021 11:07:13 PM : ping
5/8/2021 11:07:14 PM : ping
5/8/2021 11:07:14 PM : ping
5/8/2021 11:07:14 PM : ping
5/8/2021 11:07:16 PM : ping
5/8/2021 11:07:16 PM : ping
5/8/2021 11:07:16 PM : ping
5/8/2021 11:07:17 PM : ping
5/8/2021 11:07:17 PM : ping
5/8/2021 11:07:17 PM : ping
5/8/2021 11:07:18 PM : ping
5/8/2021 11:07:18 PM : ping
5/8/2021 11:07:18 PM : ping
5/8/2021 11:07:19 PM : ping
5/8/2021 11:07:19 PM : ping
5/8/2021 11:07:19 PM : ping
5/8/2021 11:07:20 PM : ping
5/8/2021 11:07:20 PM : ping
5/8/2021 11:07:20 PM : ping
5/8/2021 11:07:21 PM : ping
5/8/2021 11:07:21 PM : ping
5/8/2021 11:07:21 PM : ping
5/8/2021 11:07:22 PM : ping
5/8/2021 11:07:22 PM : ping
5/8/2021 11:07:22 PM : ping
5/8/2021 11:07:23 PM : ping
5/8/2021 11:07:23 PM : ping
5/8/2021 11:07:23 PM : ping
5/8/2021 11:07:24 PM : ping
5/8/2021 11:07:24 PM : ping
5/8/2021 11:07:24 PM : ping
5/8/2021 11:07:26 PM : ping
5/8/2021 11:07:26 PM : ping
5/8/2021 11:07:26 PM : ping
5/8/2021 11:07:27 PM : ping
5/8/2021 11:07:27 PM : ping
5/8/2021 11:07:27 PM : ping
5/8/2021 11:07:28 PM : ping
5/8/2021 11:07:28 PM : ping
5/8/2021 11:07:28 PM : ping
5/8/2021 11:07:29 PM : ping
5/8/2021 11:07:29 PM : ping
5/8/2021 11:07:29 PM : ping
5/8/2021 11:07:30 PM : ping
5/8/2021 11:07:30 PM : ping
5/8/2021 11:07:30 PM : ping
5/8/2021 11:07:31 PM : ping
5/8/2021 11:07:31 PM : ping
5/8/2021 11:07:31 PM : ping
5/8/2021 11:07:32 PM : ping
5/8/2021 11:07:32 PM : ping
5/8/2021 11:07:32 PM : ping
5/8/2021 11:07:33 PM : ping
5/8/2021 11:07:33 PM : ping
5/8/2021 11:07:33 PM : ping
5/8/2021 11:07:34 PM : ping
5/8/2021 11:07:34 PM : ping
5/8/2021 11:07:34 PM : ping
5/8/2021 11:07:36 PM : ping
5/8/2021 11:07:36 PM : ping
5/8/2021 11:07:36 PM : ping
5/8/2021 11:07:37 PM : ping
5/8/2021 11:07:37 PM : ping
5/8/2021 11:07:37 PM : ping
5/8/2021 11:07:38 PM : ping
5/8/2021 11:07:38 PM : ping
5/8/2021 11:07:38 PM : ping
5/8/2021 11:07:39 PM : ping
5/8/2021 11:07:39 PM : ping
5/8/2021 11:07:39 PM : ping
5/8/2021 11:07:40 PM : ping
5/8/2021 11:07:40 PM : ping
5/8/2021 11:07:40 PM : ping
5/8/2021 11:07:41 PM : ping
5/8/2021 11:07:41 PM : ping
5/8/2021 11:07:41 PM : ping
5/8/2021 11:07:42 PM : ping
5/8/2021 11:07:42 PM : ping
5/8/2021 11:07:42 PM : ping
5/8/2021 11:07:43 PM : ping
5/8/2021 11:07:43 PM : ping
5/8/2021 11:07:43 PM : ping
5/8/2021 11:07:44 PM : ping
5/8/2021 11:07:44 PM : ping
5/8/2021 11:07:44 PM : ping
5/8/2021 11:07:46 PM : ping
5/8/2021 11:07:46 PM : ping
5/8/2021 11:07:46 PM : ping
5/8/2021 11:07:47 PM : ping
5/8/2021 11:07:47 PM : ping
5/8/2021 11:07:47 PM : ping
5/8/2021 11:07:48 PM : ping
5/8/2021 11:07:48 PM : ping
5/8/2021 11:07:48 PM : ping
5/8/2021 11:07:49 PM : ping
5/8/2021 11:07:49 PM : ping
5/8/2021 11:07:49 PM : ping
5/8/2021 11:07:50 PM : ping
5/8/2021 11:07:50 PM : ping
5/8/2021 11:07:50 PM : ping
5/8/2021 11:07:51 PM : ping
5/8/2021 11:07:51 PM : ping
5/8/2021 11:07:51 PM : ping
5/8/2021 11:07:52 PM : ping
5/8/2021 11:07:52 PM : ping
5/8/2021 11:07:52 PM : ping
5/8/2021 11:07:53 PM : ping
5/8/2021 11:07:53 PM : ping
5/8/2021 11:07:53 PM : ping
5/8/2021 11:07:54 PM : ping
5/8/2021 11:07:54 PM : ping
5/8/2021 11:07:54 PM : ping
5/8/2021 11:07:56 PM : ping
5/8/2021 11:07:56 PM : ping
5/8/2021 11:07:56 PM : ping
5/8/2021 11:07:57 PM : ping
5/8/2021 11:07:57 PM : ping
5/8/2021 11:07:57 PM : ping
5/8/2021 11:07:58 PM : ping
5/8/2021 11:07:58 PM : ping
5/8/2021 11:07:58 PM : ping
5/8/2021 11:07:59 PM : ping
5/8/2021 11:07:59 PM : ping
5/8/2021 11:07:59 PM : ping
5/8/2021 11:08:00 PM : ping
5/8/2021 11:08:00 PM : ping
5/8/2021 11:08:00 PM : ping
5/8/2021 11:08:01 PM : ping
5/8/2021 11:08:01 PM : ping
5/8/2021 11:08:01 PM : ping
5/8/2021 11:08:02 PM : ping
5/8/2021 11:08:02 PM : ping
5/8/2021 11:08:02 PM : ping
5/8/2021 11:08:03 PM : ping
5/8/2021 11:08:03 PM : ping
5/8/2021 11:08:03 PM : ping
5/8/2021 11:08:04 PM : ping
5/8/2021 11:08:04 PM : ping
5/8/2021 11:08:04 PM : ping
5/8/2021 11:08:06 PM : ping
5/8/2021 11:08:06 PM : ping
5/8/2021 11:08:06 PM : ping
5/8/2021 11:08:07 PM : ping
5/8/2021 11:08:07 PM : ping
5/8/2021 11:08:07 PM : ping
5/8/2021 11:08:08 PM : ping
5/8/2021 11:08:08 PM : ping
5/8/2021 11:08:08 PM : ping
5/8/2021 11:08:09 PM : ping
5/8/2021 11:08:09 PM : ping
5/8/2021 11:08:09 PM : ping
5/8/2021 11:08:10 PM : ping
5/8/2021 11:08:10 PM : ping
5/8/2021 11:08:10 PM : ping
5/8/2021 11:08:11 PM : ping
5/8/2021 11:08:11 PM : ping
5/8/2021 11:08:11 PM : ping
5/8/2021 11:08:12 PM : ping
5/8/2021 11:08:12 PM : ping
5/8/2021 11:08:12 PM : ping
5/8/2021 11:08:13 PM : ping
5/8/2021 11:08:13 PM : ping
5/8/2021 11:08:13 PM : ping
5/8/2021 11:08:14 PM : ping
5/8/2021 11:08:14 PM : ping
5/8/2021 11:08:14 PM : ping
5/8/2021 11:08:16 PM : ping
5/8/2021 11:08:16 PM : ping
5/8/2021 11:08:16 PM : ping
5/8/2021 11:08:17 PM : ping
5/8/2021 11:08:17 PM : ping
5/8/2021 11:08:17 PM : ping
5/8/2021 11:08:18 PM : ping
5/8/2021 11:08:18 PM : ping
5/8/2021 11:08:18 PM : ping
5/8/2021 11:08:19 PM : ping
5/8/2021 11:08:19 PM : ping
5/8/2021 11:08:19 PM : ping
5/8/2021 11:08:20 PM : ping
5/8/2021 11:08:20 PM : ping
5/8/2021 11:08:20 PM : ping
5/8/2021 11:08:21 PM : ping
5/8/2021 11:08:21 PM : ping
5/8/2021 11:08:21 PM : ping
5/8/2021 11:08:22 PM : ping
5/8/2021 11:08:22 PM : ping
5/8/2021 11:08:22 PM : ping
5/8/2021 11:08:23 PM : ping
5/8/2021 11:08:23 PM : ping
5/8/2021 11:08:23 PM : ping
5/8/2021 11:08:24 PM : ping
5/8/2021 11:08:24 PM : ping
5/8/2021 11:08:24 PM : ping
5/8/2021 11:08:26 PM : ping
5/8/2021 11:08:26 PM : ping
5/8/2021 11:08:26 PM : ping
5/8/2021 11:08:27 PM : ping
5/8/2021 11:08:27 PM : ping
5/8/2021 11:08:27 PM : ping
5/8/2021 11:08:28 PM : ping
5/8/2021 11:08:28 PM : ping
5/8/2021 11:08:28 PM : ping
5/8/2021 11:08:29 PM : ping
5/8/2021 11:08:29 PM : ping
5/8/2021 11:08:29 PM : ping
5/8/2021 11:08:30 PM : ping
5/8/2021 11:08:30 PM : ping
5/8/2021 11:08:30 PM : ping
5/8/2021 11:08:31 PM : ping
5/8/2021 11:08:31 PM : ping
5/8/2021 11:08:31 PM : ping
5/8/2021 11:08:32 PM : ping
5/8/2021 11:08:32 PM : ping
5/8/2021 11:08:32 PM : ping
5/8/2021 11:08:33 PM : ping
5/8/2021 11:08:33 PM : ping
5/8/2021 11:08:33 PM : ping
5/8/2021 11:08:34 PM : ping
5/8/2021 11:08:34 PM : ping
5/8/2021 11:08:34 PM : ping
5/8/2021 11:08:36 PM : ping
5/8/2021 11:08:36 PM : ping
5/8/2021 11:08:36 PM : ping
5/8/2021 11:08:37 PM : ping
5/8/2021 11:08:37 PM : ping
5/8/2021 11:08:37 PM : ping
5/8/2021 11:08:38 PM : ping
5/8/2021 11:08:38 PM : ping
5/8/2021 11:08:38 PM : ping
5/8/2021 11:08:39 PM : ping
5/8/2021 11:08:39 PM : ping
5/8/2021 11:08:39 PM : ping
5/8/2021 11:08:40 PM : ping
5/8/2021 11:08:40 PM : ping
5/8/2021 11:08:40 PM : ping
5/8/2021 11:08:41 PM : ping
5/8/2021 11:08:41 PM : ping
5/8/2021 11:08:41 PM : ping
5/8/2021 11:08:42 PM : ping
5/8/2021 11:08:42 PM : ping
5/8/2021 11:08:42 PM : ping
5/8/2021 11:08:43 PM : ping
5/8/2021 11:08:43 PM : ping
5/8/2021 11:08:43 PM : ping
5/8/2021 11:08:44 PM : ping
5/8/2021 11:08:44 PM : ping
5/8/2021 11:08:44 PM : ping
5/8/2021 11:08:46 PM : ping
5/8/2021 11:08:46 PM : ping
5/8/2021 11:08:46 PM : ping
5/8/2021 11:08:47 PM : ping
5/8/2021 11:08:47 PM : ping
5/8/2021 11:08:47 PM : ping
5/8/2021 11:08:48 PM : ping
5/8/2021 11:08:48 PM : ping
5/8/2021 11:08:48 PM : ping
5/8/2021 11:08:49 PM : ping
5/8/2021 11:08:49 PM : ping
5/8/2021 11:08:49 PM : ping
5/8/2021 11:08:50 PM : ping
5/8/2021 11:08:50 PM : ping
5/8/2021 11:08:50 PM : ping
5/8/2021 11:08:51 PM : ping
5/8/2021 11:08:51 PM : ping
5/8/2021 11:08:51 PM : ping
5/8/2021 11:08:52 PM : ping
5/8/2021 11:08:52 PM : ping
5/8/2021 11:08:52 PM : ping
5/8/2021 11:08:53 PM : ping
5/8/2021 11:08:53 PM : ping
5/8/2021 11:08:53 PM : ping
5/8/2021 11:08:54 PM : ping
5/8/2021 11:08:54 PM : ping
5/8/2021 11:08:54 PM : ping
5/8/2021 11:08:56 PM : ping
5/8/2021 11:08:56 PM : ping
5/8/2021 11:08:56 PM : ping
5/8/2021 11:08:57 PM : ping
5/8/2021 11:08:57 PM : ping
5/8/2021 11:08:57 PM : ping
5/8/2021 11:08:58 PM : ping
5/8/2021 11:08:58 PM : ping
5/8/2021 11:08:58 PM : ping
5/8/2021 11:08:59 PM : ping
5/8/2021 11:08:59 PM : ping
5/8/2021 11:08:59 PM : ping
5/8/2021 11:09:00 PM : ping
5/8/2021 11:09:00 PM : ping
5/8/2021 11:09:00 PM : ping
5/8/2021 11:09:01 PM : ping
5/8/2021 11:09:01 PM : ping
5/8/2021 11:09:01 PM : ping
5/8/2021 11:09:02 PM : ping
5/8/2021 11:09:02 PM : ping
5/8/2021 11:09:02 PM : ping
5/8/2021 11:09:03 PM : ping
5/8/2021 11:09:03 PM : ping
5/8/2021 11:09:03 PM : ping
5/8/2021 11:09:04 PM : ping
5/8/2021 11:09:04 PM : ping
5/8/2021 11:09:04 PM : ping
5/8/2021 11:09:06 PM : ping
5/8/2021 11:09:06 PM : ping
5/8/2021 11:09:06 PM : ping
5/8/2021 11:09:07 PM : ping
5/8/2021 11:09:07 PM : ping
5/8/2021 11:09:07 PM : ping
5/8/2021 11:09:08 PM : ping
5/8/2021 11:09:08 PM : ping
5/8/2021 11:09:08 PM : ping
5/8/2021 11:09:09 PM : ping
5/8/2021 11:09:09 PM : ping
5/8/2021 11:09:09 PM : ping
5/8/2021 11:09:10 PM : ping
5/8/2021 11:09:10 PM : ping
5/8/2021 11:09:10 PM : ping
5/8/2021 11:09:11 PM : ping
5/8/2021 11:09:11 PM : ping
5/8/2021 11:09:11 PM : ping
5/8/2021 11:09:12 PM : ping
5/8/2021 11:09:12 PM : ping
5/8/2021 11:09:12 PM : ping
5/8/2021 11:09:13 PM : ping
5/8/2021 11:09:13 PM : ping
5/8/2021 11:09:13 PM : ping
5/8/2021 11:09:14 PM : ping
5/8/2021 11:09:14 PM : ping
5/8/2021 11:09:14 PM : ping
5/8/2021 11:09:16 PM : ping
5/8/2021 11:09:16 PM : ping
5/8/2021 11:09:16 PM : ping
5/8/2021 11:09:17 PM : ping
5/8/2021 11:09:17 PM : ping
5/8/2021 11:09:17 PM : ping
5/8/2021 11:09:18 PM : ping
5/8/2021 11:09:18 PM : ping
5/8/2021 11:09:18 PM : ping
5/8/2021 11:09:19 PM : ping
5/8/2021 11:09:19 PM : ping
5/8/2021 11:09:19 PM : ping
5/8/2021 11:09:20 PM : ping
5/8/2021 11:09:20 PM : ping
5/8/2021 11:09:20 PM : ping
5/8/2021 11:09:21 PM : ping
5/8/2021 11:09:21 PM : ping
5/8/2021 11:09:21 PM : ping
5/8/2021 11:09:22 PM : ping
5/8/2021 11:09:22 PM : ping
5/8/2021 11:09:22 PM : ping
5/8/2021 11:09:23 PM : ping
5/8/2021 11:09:23 PM : ping
5/8/2021 11:09:23 PM : ping
5/8/2021 11:09:24 PM : ping
5/8/2021 11:09:24 PM : ping
5/8/2021 11:09:24 PM : ping
5/8/2021 11:09:26 PM : ping
5/8/2021 11:09:26 PM : ping
5/8/2021 11:09:26 PM : ping
5/8/2021 11:09:27 PM : ping
5/8/2021 11:09:27 PM : ping
5/8/2021 11:09:27 PM : ping
5/8/2021 11:09:28 PM : ping
5/8/2021 11:09:28 PM : ping
5/8/2021 11:09:28 PM : ping
5/8/2021 11:09:29 PM : ping
5/8/2021 11:09:29 PM : ping
5/8/2021 11:09:29 PM : ping
5/8/2021 11:09:30 PM : ping
5/8/2021 11:09:30 PM : ping
5/8/2021 11:09:30 PM : ping
5/8/2021 11:09:31 PM : ping
5/8/2021 11:09:31 PM : ping
5/8/2021 11:09:31 PM : ping
5/8/2021 11:09:32 PM : ping
5/8/2021 11:09:32 PM : ping
5/8/2021 11:09:32 PM : ping
5/8/2021 11:09:33 PM : ping
5/8/2021 11:09:33 PM : ping
5/8/2021 11:09:33 PM : ping
5/8/2021 11:09:34 PM : ping
5/8/2021 11:09:34 PM : ping
5/8/2021 11:09:34 PM : ping
5/8/2021 11:09:36 PM : ping
5/8/2021 11:09:36 PM : ping
5/8/2021 11:09:36 PM : ping
5/8/2021 11:09:37 PM : ping
5/8/2021 11:09:37 PM : ping
5/8/2021 11:09:37 PM : ping
5/8/2021 11:09:38 PM : ping
5/8/2021 11:09:38 PM : ping
5/8/2021 11:09:38 PM : ping
5/8/2021 11:09:39 PM : ping
5/8/2021 11:09:39 PM : ping
5/8/2021 11:09:39 PM : ping
5/8/2021 11:09:40 PM : ping
5/8/2021 11:09:40 PM : ping
5/8/2021 11:09:40 PM : ping
5/8/2021 11:09:41 PM : ping
5/8/2021 11:09:41 PM : ping
5/8/2021 11:09:41 PM : ping
5/8/2021 11:09:42 PM : ping
5/8/2021 11:09:42 PM : ping
5/8/2021 11:09:42 PM : ping
5/8/2021 11:09:43 PM : ping
5/8/2021 11:09:43 PM : ping
5/8/2021 11:09:43 PM : ping
5/8/2021 11:09:44 PM : ping
5/8/2021 11:09:44 PM : ping
5/8/2021 11:09:44 PM : ping
5/8/2021 11:09:46 PM : ping
5/8/2021 11:09:46 PM : ping
5/8/2021 11:09:46 PM : ping
5/8/2021 11:09:47 PM : ping
5/8/2021 11:09:47 PM : ping
5/8/2021 11:09:47 PM : ping
5/8/2021 11:09:48 PM : ping
5/8/2021 11:09:48 PM : ping
5/8/2021 11:09:48 PM : ping
5/8/2021 11:09:49 PM : ping
5/8/2021 11:09:49 PM : ping
5/8/2021 11:09:49 PM : ping
5/8/2021 11:09:50 PM : ping
5/8/2021 11:09:50 PM : ping
5/8/2021 11:09:50 PM : ping
5/8/2021 11:09:51 PM : ping
5/8/2021 11:09:51 PM : ping
5/8/2021 11:09:51 PM : ping
5/8/2021 11:09:52 PM : ping
5/8/2021 11:09:52 PM : ping
5/8/2021 11:09:52 PM : ping
5/8/2021 11:09:53 PM : ping
5/8/2021 11:09:53 PM : ping
5/8/2021 11:09:53 PM : ping
5/8/2021 11:09:54 PM : ping
5/8/2021 11:09:54 PM : ping
5/8/2021 11:09:54 PM : ping
5/8/2021 11:09:56 PM : ping
5/8/2021 11:09:56 PM : ping
5/8/2021 11:09:56 PM : ping
5/8/2021 11:09:57 PM : ping
5/8/2021 11:09:57 PM : ping
5/8/2021 11:09:57 PM : ping
5/8/2021 11:09:58 PM : ping
5/8/2021 11:09:58 PM : ping
5/8/2021 11:09:58 PM : ping
5/8/2021 11:09:59 PM : ping
5/8/2021 11:09:59 PM : ping
5/8/2021 11:09:59 PM : ping
5/8/2021 11:10:00 PM : ping
5/8/2021 11:10:00 PM : ping
5/8/2021 11:10:00 PM : ping
5/8/2021 11:10:01 PM : ping
5/8/2021 11:10:01 PM : ping
5/8/2021 11:10:01 PM : ping
5/8/2021 11:10:02 PM : ping
5/8/2021 11:10:02 PM : ping
5/8/2021 11:10:02 PM : ping
5/8/2021 11:10:03 PM : ping
5/8/2021 11:10:03 PM : ping
5/8/2021 11:10:03 PM : ping
5/8/2021 11:10:04 PM : ping
5/8/2021 11:10:04 PM : ping
5/8/2021 11:10:04 PM : ping
5/8/2021 11:10:06 PM : ping
5/8/2021 11:10:06 PM : ping
5/8/2021 11:10:06 PM : ping
5/8/2021 11:10:07 PM : ping
5/8/2021 11:10:07 PM : ping
5/8/2021 11:10:07 PM : ping
5/8/2021 11:10:08 PM : ping
5/8/2021 11:10:08 PM : ping
5/8/2021 11:10:08 PM : ping
5/8/2021 11:10:09 PM : ping
5/8/2021 11:10:09 PM : ping
5/8/2021 11:10:09 PM : ping
5/8/2021 11:10:10 PM : ping
5/8/2021 11:10:10 PM : ping
5/8/2021 11:10:10 PM : ping
5/8/2021 11:10:11 PM : ping
5/8/2021 11:10:11 PM : ping
5/8/2021 11:10:11 PM : ping
5/8/2021 11:10:12 PM : ping
5/8/2021 11:10:12 PM : ping
5/8/2021 11:10:12 PM : ping
5/8/2021 11:10:13 PM : ping
5/8/2021 11:10:13 PM : ping
5/8/2021 11:10:13 PM : ping
5/8/2021 11:10:14 PM : ping
5/8/2021 11:10:14 PM : ping
5/8/2021 11:10:14 PM : ping
5/8/2021 11:10:16 PM : ping
5/8/2021 11:10:16 PM : ping
5/8/2021 11:10:16 PM : ping
5/8/2021 11:10:17 PM : ping
5/8/2021 11:10:17 PM : ping
5/8/2021 11:10:17 PM : ping
5/8/2021 11:10:18 PM : ping
5/8/2021 11:10:18 PM : ping
5/8/2021 11:10:18 PM : ping
5/8/2021 11:10:19 PM : ping
5/8/2021 11:10:19 PM : ping
5/8/2021 11:10:19 PM : ping
5/8/2021 11:10:20 PM : ping
5/8/2021 11:10:20 PM : ping
5/8/2021 11:10:20 PM : ping
5/8/2021 11:10:21 PM : ping
5/8/2021 11:10:21 PM : ping
5/8/2021 11:10:21 PM : ping
5/8/2021 11:10:22 PM : ping
5/8/2021 11:10:22 PM : ping
5/8/2021 11:10:22 PM : ping
5/8/2021 11:10:23 PM : ping
5/8/2021 11:10:23 PM : ping
5/8/2021 11:10:23 PM : ping
5/8/2021 11:10:24 PM : ping
5/8/2021 11:10:24 PM : ping
5/8/2021 11:10:24 PM : ping
5/8/2021 11:10:26 PM : ping
5/8/2021 11:10:26 PM : ping
5/8/2021 11:10:26 PM : ping
5/8/2021 11:10:27 PM : ping
5/8/2021 11:10:27 PM : ping
5/8/2021 11:10:27 PM : ping
5/8/2021 11:10:28 PM : ping
5/8/2021 11:10:28 PM : ping
5/8/2021 11:10:28 PM : ping
5/8/2021 11:10:29 PM : ping
5/8/2021 11:10:29 PM : ping
5/8/2021 11:10:29 PM : ping
5/8/2021 11:10:30 PM : ping
5/8/2021 11:10:30 PM : ping
5/8/2021 11:10:30 PM : ping
5/8/2021 11:10:31 PM : ping
5/8/2021 11:10:31 PM : ping
5/8/2021 11:10:31 PM : ping
5/8/2021 11:10:32 PM : ping
5/8/2021 11:10:32 PM : ping
5/8/2021 11:10:32 PM : ping
5/8/2021 11:10:33 PM : ping
5/8/2021 11:10:33 PM : ping
5/8/2021 11:10:33 PM : ping
5/8/2021 11:10:34 PM : ping
5/8/2021 11:10:34 PM : ping
5/8/2021 11:10:34 PM : ping
5/8/2021 11:10:36 PM : ping
5/8/2021 11:10:36 PM : ping
5/8/2021 11:10:36 PM : ping
5/8/2021 11:10:37 PM : ping
5/8/2021 11:10:37 PM : ping
5/8/2021 11:10:37 PM : ping
5/8/2021 11:10:38 PM : ping
5/8/2021 11:10:38 PM : ping
5/8/2021 11:10:38 PM : ping
5/8/2021 11:10:39 PM : ping
5/8/2021 11:10:39 PM : ping
5/8/2021 11:10:39 PM : ping
5/8/2021 11:10:40 PM : ping
5/8/2021 11:10:40 PM : ping
5/8/2021 11:10:40 PM : ping
5/8/2021 11:10:41 PM : ping
5/8/2021 11:10:41 PM : ping
5/8/2021 11:10:41 PM : ping
5/8/2021 11:10:42 PM : ping
5/8/2021 11:10:42 PM : ping
5/8/2021 11:10:42 PM : ping
5/8/2021 11:10:43 PM : ping
5/8/2021 11:10:43 PM : ping
5/8/2021 11:10:43 PM : ping
5/8/2021 11:10:44 PM : ping
5/8/2021 11:10:44 PM : ping
5/8/2021 11:10:44 PM : ping
5/8/2021 11:10:45 PM : ping
5/8/2021 11:10:45 PM : ping
5/8/2021 11:10:46 PM : ping
5/8/2021 11:10:47 PM : ping
5/8/2021 11:10:47 PM : ping
5/8/2021 11:10:47 PM : ping
5/8/2021 11:10:48 PM : ping
5/8/2021 11:10:48 PM : ping
5/8/2021 11:10:48 PM : ping
5/8/2021 11:10:49 PM : ping
5/8/2021 11:10:49 PM : ping
5/8/2021 11:10:49 PM : ping
5/8/2021 11:10:50 PM : ping
5/8/2021 11:10:50 PM : ping
5/8/2021 11:10:50 PM : ping
5/8/2021 11:10:51 PM : ping
5/8/2021 11:10:51 PM : ping
5/8/2021 11:10:51 PM : ping
5/8/2021 11:10:52 PM : ping
5/8/2021 11:10:52 PM : ping
5/8/2021 11:10:52 PM : ping
5/8/2021 11:10:53 PM : ping
5/8/2021 11:10:53 PM : ping
5/8/2021 11:10:53 PM : ping
5/8/2021 11:10:54 PM : ping
5/8/2021 11:10:54 PM : ping
5/8/2021 11:10:54 PM : ping
5/8/2021 11:10:55 PM : ping
5/8/2021 11:10:55 PM : ping
5/8/2021 11:10:55 PM : ping
5/8/2021 11:10:57 PM : ping
5/8/2021 11:10:57 PM : ping
5/8/2021 11:10:57 PM : ping
5/8/2021 11:10:58 PM : ping
5/8/2021 11:10:58 PM : ping
5/8/2021 11:10:58 PM : ping
5/8/2021 11:10:59 PM : ping
5/8/2021 11:10:59 PM : ping
5/8/2021 11:10:59 PM : ping
5/8/2021 11:11:00 PM : ping
5/8/2021 11:11:00 PM : ping
5/8/2021 11:11:00 PM : ping
5/8/2021 11:11:01 PM : ping
5/8/2021 11:11:01 PM : ping
5/8/2021 11:11:01 PM : ping
5/8/2021 11:11:02 PM : ping
5/8/2021 11:11:02 PM : ping
5/8/2021 11:11:02 PM : ping
5/8/2021 11:11:03 PM : ping
5/8/2021 11:11:03 PM : ping
5/8/2021 11:11:03 PM : ping
5/8/2021 11:11:04 PM : ping
5/8/2021 11:11:04 PM : ping
5/8/2021 11:11:04 PM : ping
5/8/2021 11:11:05 PM : ping
5/8/2021 11:11:06 PM : ping
5/8/2021 11:11:06 PM : ping
5/8/2021 11:11:07 PM : ping
5/8/2021 11:11:07 PM : ping
5/8/2021 11:11:07 PM : ping
5/8/2021 11:11:08 PM : ping
5/8/2021 11:11:08 PM : ping
5/8/2021 11:11:08 PM : ping
5/8/2021 11:11:09 PM : ping
5/8/2021 11:11:09 PM : ping
5/8/2021 11:11:09 PM : ping
5/8/2021 11:11:10 PM : ping
5/8/2021 11:11:10 PM : ping
5/8/2021 11:11:10 PM : ping
5/8/2021 11:11:10 PM : kService.requestChannels.Count :21
5/8/2021 11:11:10 PM : kService.requestChannels.Count :21
5/8/2021 11:11:11 PM : kService.requestChannels.Count :20
5/8/2021 11:11:11 PM : kService.requestChannels.Count :20
5/8/2021 11:11:11 PM : ping
5/8/2021 11:11:11 PM : ping
5/8/2021 11:11:11 PM : ping
5/8/2021 11:11:11 PM : kService.requestChannels.Count :19
5/8/2021 11:11:11 PM : kService.requestChannels.Count :19
5/8/2021 11:11:12 PM : kService.requestChannels.Count :18
5/8/2021 11:11:12 PM : kService.requestChannels.Count :18
5/8/2021 11:11:12 PM : ping
5/8/2021 11:11:12 PM : ping
5/8/2021 11:11:12 PM : ping
5/8/2021 11:11:13 PM : ping
5/8/2021 11:11:13 PM : ping
5/8/2021 11:11:13 PM : ping
5/8/2021 11:11:14 PM : ping
5/8/2021 11:11:14 PM : ping
5/8/2021 11:11:14 PM : ping
5/8/2021 11:11:16 PM : ping
5/8/2021 11:11:16 PM : ping
5/8/2021 11:11:16 PM : ping
5/8/2021 11:11:17 PM : ping
5/8/2021 11:11:17 PM : ping
5/8/2021 11:11:17 PM : ping
5/8/2021 11:11:18 PM : ping
5/8/2021 11:11:18 PM : ping
5/8/2021 11:11:18 PM : ping
5/8/2021 11:11:19 PM : ping
5/8/2021 11:11:19 PM : ping
5/8/2021 11:11:19 PM : ping
5/8/2021 11:11:20 PM : ping
5/8/2021 11:11:20 PM : ping
5/8/2021 11:11:20 PM : ping
5/8/2021 11:11:20 PM : kService.requestChannels.Count :17
5/8/2021 11:11:20 PM : kService.requestChannels.Count :17
5/8/2021 11:11:21 PM : ping
5/8/2021 11:11:21 PM : ping
5/8/2021 11:11:21 PM : ping
5/8/2021 11:11:22 PM : ping
5/8/2021 11:11:22 PM : ping
5/8/2021 11:11:22 PM : ping
5/8/2021 11:11:23 PM : ping
5/8/2021 11:11:23 PM : ping
5/8/2021 11:11:23 PM : ping
5/8/2021 11:11:24 PM : ping
5/8/2021 11:11:24 PM : ping
5/8/2021 11:11:24 PM : ping
5/8/2021 11:11:25 PM : ping
5/8/2021 11:11:25 PM : ping
5/8/2021 11:11:25 PM : ping
5/8/2021 11:11:27 PM : ping
5/8/2021 11:11:27 PM : ping
5/8/2021 11:11:27 PM : ping
5/8/2021 11:11:28 PM : ping
5/8/2021 11:11:28 PM : ping
5/8/2021 11:11:28 PM : ping
5/8/2021 11:11:29 PM : ping
5/8/2021 11:11:29 PM : ping
5/8/2021 11:11:29 PM : ping
5/8/2021 11:11:30 PM : ping
5/8/2021 11:11:30 PM : ping
5/8/2021 11:11:30 PM : ping
5/8/2021 11:11:31 PM : ping
5/8/2021 11:11:31 PM : ping
5/8/2021 11:11:31 PM : ping
5/8/2021 11:11:32 PM : ping
5/8/2021 11:11:32 PM : ping
5/8/2021 11:11:32 PM : ping
5/8/2021 11:11:33 PM : ping
5/8/2021 11:11:33 PM : ping
5/8/2021 11:11:33 PM : ping
5/8/2021 11:11:34 PM : ping
5/8/2021 11:11:34 PM : ping
5/8/2021 11:11:34 PM : ping
5/8/2021 11:11:34 PM : kService.requestChannels.Count :16
5/8/2021 11:11:34 PM : kService.requestChannels.Count :16
5/8/2021 11:11:35 PM : ping
5/8/2021 11:11:35 PM : ping
5/8/2021 11:11:35 PM : ping
5/8/2021 11:11:37 PM : ping
5/8/2021 11:11:37 PM : ping
5/8/2021 11:11:37 PM : ping
5/8/2021 11:11:38 PM : ping
5/8/2021 11:11:38 PM : ping
5/8/2021 11:11:38 PM : ping
5/8/2021 11:11:39 PM : ping
5/8/2021 11:11:39 PM : ping
5/8/2021 11:11:39 PM : ping
5/8/2021 11:11:40 PM : ping
5/8/2021 11:11:40 PM : ping
5/8/2021 11:11:40 PM : ping
5/8/2021 11:11:41 PM : ping
5/8/2021 11:11:41 PM : ping
5/8/2021 11:11:41 PM : ping
5/8/2021 11:11:42 PM : ping
5/8/2021 11:11:42 PM : ping
5/8/2021 11:11:42 PM : ping
5/8/2021 11:11:43 PM : ping
5/8/2021 11:11:43 PM : ping
5/8/2021 11:11:43 PM : ping
5/8/2021 11:11:44 PM : ping
5/8/2021 11:11:44 PM : ping
5/8/2021 11:11:44 PM : ping
5/8/2021 11:11:45 PM : ping
5/8/2021 11:11:45 PM : ping
5/8/2021 11:11:45 PM : ping
5/8/2021 11:11:47 PM : ping
5/8/2021 11:11:47 PM : ping
5/8/2021 11:11:47 PM : ping
5/8/2021 11:11:48 PM : ping
5/8/2021 11:11:48 PM : ping
5/8/2021 11:11:48 PM : ping
5/8/2021 11:11:49 PM : ping
5/8/2021 11:11:49 PM : ping
5/8/2021 11:11:49 PM : ping
5/8/2021 11:11:50 PM : ping
5/8/2021 11:11:50 PM : ping
5/8/2021 11:11:50 PM : ping
5/8/2021 11:11:50 PM : kService.requestChannels.Count :15
5/8/2021 11:11:50 PM : kService.requestChannels.Count :15
5/8/2021 11:11:51 PM : ping
5/8/2021 11:11:51 PM : ping
5/8/2021 11:11:51 PM : ping
5/8/2021 11:11:52 PM : ping
5/8/2021 11:11:52 PM : ping
5/8/2021 11:11:52 PM : ping
5/8/2021 11:11:53 PM : ping
5/8/2021 11:11:53 PM : ping
5/8/2021 11:11:53 PM : ping
5/8/2021 11:11:54 PM : kService.requestChannels.Count :14
5/8/2021 11:11:54 PM : kService.requestChannels.Count :14
5/8/2021 11:11:54 PM : ping
5/8/2021 11:11:54 PM : ping
5/8/2021 11:11:54 PM : ping
5/8/2021 11:11:55 PM : ping
5/8/2021 11:11:55 PM : ping
5/8/2021 11:11:55 PM : ping
5/8/2021 11:11:57 PM : ping
5/8/2021 11:11:57 PM : ping
5/8/2021 11:11:57 PM : ping
5/8/2021 11:11:58 PM : ping
5/8/2021 11:11:58 PM : ping
5/8/2021 11:11:58 PM : ping
5/8/2021 11:11:59 PM : ping
5/8/2021 11:11:59 PM : ping
5/8/2021 11:11:59 PM : ping
5/8/2021 11:12:00 PM : ping
5/8/2021 11:12:00 PM : ping
5/8/2021 11:12:00 PM : ping
5/8/2021 11:12:00 PM : kService.requestChannels.Count :13
5/8/2021 11:12:00 PM : kService.requestChannels.Count :13
5/8/2021 11:12:01 PM : ping
5/8/2021 11:12:01 PM : ping
5/8/2021 11:12:01 PM : kService.requestChannels.Count :12
5/8/2021 11:12:01 PM : kService.requestChannels.Count :12
5/8/2021 11:12:01 PM : ping
5/8/2021 11:12:02 PM : kService.requestChannels.Count :11
5/8/2021 11:12:02 PM : kService.requestChannels.Count :11
5/8/2021 11:12:02 PM : ping
5/8/2021 11:12:02 PM : ping
5/8/2021 11:12:02 PM : ping
5/8/2021 11:12:02 PM : kService.requestChannels.Count :10
5/8/2021 11:12:02 PM : kService.requestChannels.Count :10
5/8/2021 11:12:03 PM : kService.requestChannels.Count :9
5/8/2021 11:12:03 PM : kService.requestChannels.Count :9
5/8/2021 11:12:03 PM : ping
5/8/2021 11:12:03 PM : ping
5/8/2021 11:12:03 PM : ping
5/8/2021 11:12:03 PM : kService.requestChannels.Count :8
5/8/2021 11:12:03 PM : kService.requestChannels.Count :8
5/8/2021 11:12:04 PM : kService.requestChannels.Count :7
5/8/2021 11:12:04 PM : kService.requestChannels.Count :7
5/8/2021 11:12:04 PM : ping
5/8/2021 11:12:04 PM : ping
5/8/2021 11:12:04 PM : ping
5/8/2021 11:12:05 PM : ping
5/8/2021 11:12:05 PM : ping
5/8/2021 11:12:05 PM : ping
5/8/2021 11:12:06 PM : ping
5/8/2021 11:12:06 PM : ping
5/8/2021 11:12:06 PM : ping
5/8/2021 11:12:08 PM : ping
5/8/2021 11:12:08 PM : ping
5/8/2021 11:12:08 PM : ping
5/8/2021 11:12:09 PM : ping
5/8/2021 11:12:09 PM : ping
5/8/2021 11:12:09 PM : ping
5/8/2021 11:12:10 PM : ping
5/8/2021 11:12:10 PM : ping
5/8/2021 11:12:10 PM : ping
5/8/2021 11:12:11 PM : ping
5/8/2021 11:12:11 PM : ping
5/8/2021 11:12:11 PM : ping
5/8/2021 11:12:12 PM : ping
5/8/2021 11:12:12 PM : ping
5/8/2021 11:12:12 PM : ping
5/8/2021 11:12:13 PM : ping
5/8/2021 11:12:13 PM : ping
5/8/2021 11:12:13 PM : ping
5/8/2021 11:12:14 PM : ping
5/8/2021 11:12:14 PM : ping
5/8/2021 11:12:14 PM : ping
5/8/2021 11:12:15 PM : ping
5/8/2021 11:12:15 PM : ping
5/8/2021 11:12:15 PM : ping
5/8/2021 11:12:16 PM : ping
5/8/2021 11:12:16 PM : ping
5/8/2021 11:12:16 PM : ping
5/8/2021 11:12:18 PM : ping
5/8/2021 11:12:18 PM : ping
5/8/2021 11:12:18 PM : ping
5/8/2021 11:12:19 PM : ping
5/8/2021 11:12:19 PM : ping
5/8/2021 11:12:19 PM : ping
5/8/2021 11:12:20 PM : ping
5/8/2021 11:12:20 PM : ping
5/8/2021 11:12:20 PM : ping
5/8/2021 11:12:21 PM : ping
5/8/2021 11:12:21 PM : ping
5/8/2021 11:12:21 PM : ping
5/8/2021 11:12:22 PM : ping
5/8/2021 11:12:22 PM : ping
5/8/2021 11:12:22 PM : ping
5/8/2021 11:12:23 PM : ping
5/8/2021 11:12:23 PM : ping
5/8/2021 11:12:23 PM : ping
5/8/2021 11:12:24 PM : ping
5/8/2021 11:12:24 PM : ping
5/8/2021 11:12:24 PM : ping
5/8/2021 11:12:25 PM : ping
5/8/2021 11:12:25 PM : ping
5/8/2021 11:12:25 PM : ping
5/8/2021 11:12:26 PM : ping
5/8/2021 11:12:26 PM : ping
5/8/2021 11:12:26 PM : ping
5/8/2021 11:12:28 PM : ping
5/8/2021 11:12:28 PM : ping
5/8/2021 11:12:28 PM : ping
5/8/2021 11:12:29 PM : ping
5/8/2021 11:12:29 PM : ping
5/8/2021 11:12:29 PM : ping
5/8/2021 11:12:30 PM : ping
5/8/2021 11:12:30 PM : ping
5/8/2021 11:12:30 PM : ping
5/8/2021 11:12:31 PM : ping
5/8/2021 11:12:31 PM : ping
5/8/2021 11:12:31 PM : ping
5/8/2021 11:12:32 PM : ping
5/8/2021 11:12:32 PM : ping
5/8/2021 11:12:32 PM : ping
5/8/2021 11:12:33 PM : ping
5/8/2021 11:12:33 PM : ping
5/8/2021 11:12:33 PM : ping
5/8/2021 11:12:34 PM : ping
5/8/2021 11:12:34 PM : ping
5/8/2021 11:12:34 PM : ping
5/8/2021 11:12:35 PM : ping
5/8/2021 11:12:35 PM : ping
5/8/2021 11:12:35 PM : ping
5/8/2021 11:12:36 PM : ping
5/8/2021 11:12:36 PM : ping
5/8/2021 11:12:36 PM : ping
5/8/2021 11:12:37 PM : ping
5/8/2021 11:12:37 PM : ping
5/8/2021 11:12:38 PM : ping
5/8/2021 11:12:39 PM : ping
5/8/2021 11:12:39 PM : ping
5/8/2021 11:12:39 PM : ping
5/8/2021 11:12:40 PM : kService.requestChannels.Count :6
5/8/2021 11:12:40 PM : kService.requestChannels.Count :6
5/8/2021 11:12:40 PM : ping
5/8/2021 11:12:40 PM : ping
5/8/2021 11:12:40 PM : ping
5/8/2021 11:12:40 PM : kService.requestChannels.Count :5
5/8/2021 11:12:40 PM : kService.requestChannels.Count :5
5/8/2021 11:12:41 PM : kService.requestChannels.Count :4
5/8/2021 11:12:41 PM : kService.requestChannels.Count :4
5/8/2021 11:12:41 PM : ping
5/8/2021 11:12:41 PM : ping
5/8/2021 11:12:41 PM : ping
5/8/2021 11:12:41 PM : kService.requestChannels.Count :3
5/8/2021 11:12:41 PM : kService.requestChannels.Count :3
5/8/2021 11:12:42 PM : kService.requestChannels.Count :2
5/8/2021 11:12:42 PM : kService.requestChannels.Count :2
5/8/2021 11:12:42 PM : ping
5/8/2021 11:12:42 PM : ping
5/8/2021 11:12:42 PM : ping
5/8/2021 11:12:42 PM : kService.requestChannels.Count :1
5/8/2021 11:12:42 PM : kService.requestChannels.Count :1
5/8/2021 11:12:42 PM : kService.requestChannels.Count :0
5/8/2021 11:12:42 PM : kService.requestChannels.Count :0
5/8/2021 11:12:43 PM : ping
5/8/2021 11:12:43 PM : ping
5/8/2021 11:12:43 PM : ping
5/8/2021 11:12:44 PM : ping
5/8/2021 11:12:44 PM : ping
5/8/2021 11:12:44 PM : ping
5/8/2021 11:12:45 PM : ping
5/8/2021 11:12:45 PM : ping
5/8/2021 11:12:45 PM : ping
5/8/2021 11:12:46 PM : ping
5/8/2021 11:12:46 PM : ping
5/8/2021 11:12:46 PM : ping
5/8/2021 11:12:47 PM : ping
5/8/2021 11:12:47 PM : ping
5/8/2021 11:12:47 PM : ping
5/8/2021 11:12:49 PM : ping
5/8/2021 11:12:49 PM : ping
5/8/2021 11:12:49 PM : ping
5/8/2021 11:12:50 PM : ping
5/8/2021 11:12:50 PM : ping
5/8/2021 11:12:50 PM : ping
5/8/2021 11:12:51 PM : ping
5/8/2021 11:12:51 PM : ping
5/8/2021 11:12:51 PM : ping
5/8/2021 11:12:52 PM : ping
5/8/2021 11:12:52 PM : ping
5/8/2021 11:12:52 PM : ping
5/8/2021 11:12:53 PM : ping
5/8/2021 11:12:53 PM : ping
5/8/2021 11:12:53 PM : ping
5/8/2021 11:12:54 PM : ping
5/8/2021 11:12:54 PM : ping
5/8/2021 11:12:54 PM : ping
5/8/2021 11:12:55 PM : ping
5/8/2021 11:12:55 PM : ping
5/8/2021 11:12:55 PM : ping
5/8/2021 11:12:56 PM : ping
5/8/2021 11:12:56 PM : ping
5/8/2021 11:12:56 PM : ping
5/8/2021 11:12:57 PM : ping
5/8/2021 11:12:57 PM : ping
5/8/2021 11:12:57 PM : ping
5/8/2021 11:12:59 PM : ping
5/8/2021 11:12:59 PM : ping
5/8/2021 11:12:59 PM : ping
5/8/2021 11:13:00 PM : ping
5/8/2021 11:13:00 PM : ping
5/8/2021 11:13:00 PM : ping
5/8/2021 11:13:01 PM : ping
5/8/2021 11:13:01 PM : ping
5/8/2021 11:13:01 PM : ping
5/8/2021 11:13:02 PM : ping
5/8/2021 11:13:02 PM : ping
5/8/2021 11:13:02 PM : ping
5/8/2021 11:13:03 PM : ping
5/8/2021 11:13:03 PM : ping
5/8/2021 11:13:03 PM : ping
5/8/2021 11:13:04 PM : ping
5/8/2021 11:13:04 PM : ping
5/8/2021 11:13:04 PM : ping
5/8/2021 11:13:05 PM : ping
5/8/2021 11:13:05 PM : ping
5/8/2021 11:13:05 PM : ping
5/8/2021 11:13:06 PM : ping
5/8/2021 11:13:06 PM : ping
5/8/2021 11:13:06 PM : ping
5/8/2021 11:13:07 PM : ping
5/8/2021 11:13:07 PM : ping
5/8/2021 11:13:07 PM : ping
5/8/2021 11:13:09 PM : ping
5/8/2021 11:13:09 PM : ping
5/8/2021 11:13:09 PM : ping
5/8/2021 11:13:10 PM : ping
5/8/2021 11:13:10 PM : ping
5/8/2021 11:13:10 PM : ping
5/8/2021 11:13:11 PM : ping
5/8/2021 11:13:11 PM : ping
5/8/2021 11:13:11 PM : ping
5/8/2021 11:13:12 PM : ping
5/8/2021 11:13:12 PM : ping
5/8/2021 11:13:12 PM : ping
5/8/2021 11:13:13 PM : ping
5/8/2021 11:13:13 PM : ping
5/8/2021 11:13:13 PM : ping
5/8/2021 11:13:14 PM : ping
5/8/2021 11:13:14 PM : ping
5/8/2021 11:13:14 PM : ping
5/8/2021 11:13:15 PM : ping
5/8/2021 11:13:15 PM : ping
5/8/2021 11:13:15 PM : ping
5/8/2021 11:13:16 PM : ping
5/8/2021 11:13:16 PM : ping
5/8/2021 11:13:16 PM : ping
5/8/2021 11:13:17 PM : ping
5/8/2021 11:13:17 PM : ping
5/8/2021 11:13:17 PM : ping
5/8/2021 11:13:18 PM : ping
5/8/2021 11:13:18 PM : ping
5/8/2021 11:13:18 PM : ping
5/8/2021 11:13:20 PM : ping
5/8/2021 11:13:20 PM : ping
5/8/2021 11:13:20 PM : ping
5/8/2021 11:13:21 PM : ping
5/8/2021 11:13:21 PM : ping
5/8/2021 11:13:21 PM : ping
5/8/2021 11:13:22 PM : ping
5/8/2021 11:13:22 PM : ping
5/8/2021 11:13:22 PM : ping
5/8/2021 11:13:23 PM : ping
5/8/2021 11:13:23 PM : ping
5/8/2021 11:13:23 PM : ping
5/8/2021 11:13:24 PM : ping
5/8/2021 11:13:24 PM : ping
5/8/2021 11:13:24 PM : ping
5/8/2021 11:13:25 PM : ping
5/8/2021 11:13:25 PM : ping
5/8/2021 11:13:25 PM : ping
5/8/2021 11:13:26 PM : ping
5/8/2021 11:13:26 PM : ping
5/8/2021 11:13:26 PM : ping
5/8/2021 11:13:27 PM : ping
5/8/2021 11:13:27 PM : ping
5/8/2021 11:13:27 PM : ping
5/8/2021 11:13:28 PM : ping
5/8/2021 11:13:28 PM : ping
5/8/2021 11:13:28 PM : ping
5/8/2021 11:13:30 PM : ping
5/8/2021 11:13:30 PM : ping
5/8/2021 11:13:30 PM : ping
5/8/2021 11:13:31 PM : ping
5/8/2021 11:13:31 PM : ping
5/8/2021 11:13:31 PM : ping
5/8/2021 11:13:32 PM : ping
5/8/2021 11:13:32 PM : ping
5/8/2021 11:13:32 PM : ping
5/8/2021 11:13:33 PM : ping
5/8/2021 11:13:33 PM : ping
5/8/2021 11:13:33 PM : ping
5/8/2021 11:13:34 PM : ping
5/8/2021 11:13:34 PM : ping
5/8/2021 11:13:34 PM : ping
5/8/2021 11:13:35 PM : ping
5/8/2021 11:13:35 PM : ping
5/8/2021 11:13:35 PM : ping
5/8/2021 11:13:36 PM : ping
5/8/2021 11:13:36 PM : ping
5/8/2021 11:13:36 PM : ping
5/8/2021 11:13:37 PM : ping
5/8/2021 11:13:37 PM : ping
5/8/2021 11:13:37 PM : ping
5/8/2021 11:13:38 PM : ping
5/8/2021 11:13:38 PM : ping
5/8/2021 11:13:38 PM : ping
5/8/2021 11:13:40 PM : ping
5/8/2021 11:13:40 PM : ping
5/8/2021 11:13:40 PM : ping
5/8/2021 11:13:41 PM : ping
5/8/2021 11:13:41 PM : ping
5/8/2021 11:13:41 PM : ping
5/8/2021 11:13:42 PM : ping
5/8/2021 11:13:42 PM : ping
5/8/2021 11:13:42 PM : ping
5/8/2021 11:13:43 PM : ping
5/8/2021 11:13:43 PM : ping
5/8/2021 11:13:43 PM : ping
5/8/2021 11:13:44 PM : ping
5/8/2021 11:13:44 PM : ping
5/8/2021 11:13:44 PM : ping
5/8/2021 11:13:45 PM : ping
5/8/2021 11:13:45 PM : ping
5/8/2021 11:13:45 PM : ping
5/8/2021 11:13:46 PM : ping
5/8/2021 11:13:46 PM : ping
5/8/2021 11:13:46 PM : ping
5/8/2021 11:13:47 PM : ping
5/8/2021 11:13:47 PM : ping
5/8/2021 11:13:47 PM : ping
5/8/2021 11:13:48 PM : ping
5/8/2021 11:13:48 PM : ping
5/8/2021 11:13:48 PM : ping
5/8/2021 11:13:49 PM : ping
5/8/2021 11:13:49 PM : ping
5/8/2021 11:13:49 PM : ping
5/8/2021 11:13:51 PM : ping
5/8/2021 11:13:51 PM : ping
5/8/2021 11:13:51 PM : ping
5/8/2021 11:13:52 PM : ping
5/8/2021 11:13:52 PM : ping
5/8/2021 11:13:52 PM : ping
5/8/2021 11:13:53 PM : ping
5/8/2021 11:13:53 PM : ping
5/8/2021 11:13:53 PM : ping
5/8/2021 11:13:54 PM : ping
5/8/2021 11:13:54 PM : ping
5/8/2021 11:13:54 PM : ping
5/8/2021 11:13:55 PM : ping
5/8/2021 11:13:55 PM : ping
5/8/2021 11:13:55 PM : ping
5/8/2021 11:13:56 PM : ping
5/8/2021 11:13:56 PM : ping
5/8/2021 11:13:56 PM : ping
5/8/2021 11:13:57 PM : ping
5/8/2021 11:13:57 PM : ping
5/8/2021 11:13:57 PM : ping
5/8/2021 11:13:58 PM : ping
5/8/2021 11:13:58 PM : ping
5/8/2021 11:13:58 PM : ping
5/8/2021 11:13:59 PM : ping
5/8/2021 11:13:59 PM : ping
5/8/2021 11:13:59 PM : ping
5/8/2021 11:14:01 PM : ping
5/8/2021 11:14:01 PM : ping
5/8/2021 11:14:01 PM : ping
5/8/2021 11:14:02 PM : ping
5/8/2021 11:14:02 PM : ping
5/8/2021 11:14:02 PM : ping
5/8/2021 11:14:03 PM : ping
5/8/2021 11:14:03 PM : ping
5/8/2021 11:14:03 PM : ping
5/8/2021 11:14:04 PM : ping
5/8/2021 11:14:04 PM : ping
5/8/2021 11:14:04 PM : ping
5/8/2021 11:14:05 PM : ping
5/8/2021 11:14:05 PM : ping
5/8/2021 11:14:05 PM : ping
5/8/2021 11:14:06 PM : ping
5/8/2021 11:14:06 PM : ping
5/8/2021 11:14:06 PM : ping
5/8/2021 11:14:07 PM : ping
5/8/2021 11:14:07 PM : ping
5/8/2021 11:14:07 PM : ping
5/8/2021 11:14:08 PM : ping
5/8/2021 11:14:08 PM : ping
5/8/2021 11:14:08 PM : ping
5/8/2021 11:14:09 PM : ping
5/8/2021 11:14:09 PM : ping
5/8/2021 11:14:09 PM : ping
5/8/2021 11:14:11 PM : ping
5/8/2021 11:14:11 PM : ping
5/8/2021 11:14:11 PM : ping
5/8/2021 11:14:12 PM : ping
5/8/2021 11:14:12 PM : ping
5/8/2021 11:14:12 PM : ping
5/8/2021 11:14:13 PM : ping
5/8/2021 11:14:13 PM : ping
5/8/2021 11:14:13 PM : ping
5/8/2021 11:14:14 PM : ping
5/8/2021 11:14:14 PM : ping
5/8/2021 11:14:14 PM : ping
5/8/2021 11:14:15 PM : ping
5/8/2021 11:14:15 PM : ping
5/8/2021 11:14:15 PM : ping
5/8/2021 11:14:16 PM : ping
5/8/2021 11:14:16 PM : ping
5/8/2021 11:14:16 PM : ping
5/8/2021 11:14:17 PM : ping
5/8/2021 11:14:17 PM : ping
5/8/2021 11:14:17 PM : ping
5/8/2021 11:14:18 PM : ping
5/8/2021 11:14:18 PM : ping
5/8/2021 11:14:18 PM : ping
5/8/2021 11:14:19 PM : ping
5/8/2021 11:14:19 PM : ping
5/8/2021 11:14:19 PM : ping
5/8/2021 11:14:20 PM : ping
5/8/2021 11:14:20 PM : ping
5/8/2021 11:14:20 PM : ping
5/8/2021 11:14:22 PM : ping
5/8/2021 11:14:22 PM : ping
5/8/2021 11:14:22 PM : ping
5/8/2021 11:14:23 PM : ping
5/8/2021 11:14:23 PM : ping
5/8/2021 11:14:23 PM : ping
5/8/2021 11:14:24 PM : ping
5/8/2021 11:14:24 PM : ping
5/8/2021 11:14:24 PM : ping
5/8/2021 11:14:25 PM : ping
5/8/2021 11:14:25 PM : ping
5/8/2021 11:14:25 PM : ping
5/8/2021 11:14:26 PM : ping
5/8/2021 11:14:26 PM : ping
5/8/2021 11:14:26 PM : ping
