log begin
..............
5/16/2021 3:30:56 PM : ping
5/16/2021 3:30:56 PM : ping
5/16/2021 3:30:56 PM : ping
5/16/2021 3:30:57 PM : ping
5/16/2021 3:30:57 PM : ping
5/16/2021 3:30:57 PM : ping
5/16/2021 3:30:58 PM : ping
5/16/2021 3:30:58 PM : ping
5/16/2021 3:30:58 PM : ping
5/16/2021 3:30:59 PM : ping
5/16/2021 3:30:59 PM : ping
5/16/2021 3:30:59 PM : ping
5/16/2021 3:31:00 PM : ping
5/16/2021 3:31:00 PM : ping
5/16/2021 3:31:00 PM : ping
5/16/2021 3:31:02 PM : ping
5/16/2021 3:31:02 PM : ping
5/16/2021 3:31:02 PM : ping
5/16/2021 3:31:03 PM : ping
5/16/2021 3:31:03 PM : ping
5/16/2021 3:31:03 PM : ping
5/16/2021 3:31:04 PM : ping
5/16/2021 3:31:04 PM : ping
5/16/2021 3:31:04 PM : ping
5/16/2021 3:31:05 PM : ping
5/16/2021 3:31:05 PM : ping
5/16/2021 3:31:05 PM : ping
5/16/2021 3:31:06 PM : ping
5/16/2021 3:31:06 PM : ping
5/16/2021 3:31:06 PM : ping
5/16/2021 3:31:07 PM : ping
5/16/2021 3:31:07 PM : ping
5/16/2021 3:31:07 PM : ping
5/16/2021 3:31:08 PM : ping
5/16/2021 3:31:08 PM : ping
5/16/2021 3:31:08 PM : ping
5/16/2021 3:31:09 PM : ping
5/16/2021 3:31:09 PM : ping
5/16/2021 3:31:09 PM : ping
5/16/2021 3:31:10 PM : launch server at port: 7003
5/16/2021 3:31:10 PM : ping
5/16/2021 3:31:10 PM : ping
5/16/2021 3:31:10 PM : ping
5/16/2021 3:31:11 PM : ping
5/16/2021 3:31:11 PM : ping
5/16/2021 3:31:12 PM : ping
5/16/2021 3:31:13 PM : ping
5/16/2021 3:31:13 PM : ping
5/16/2021 3:31:13 PM : ping
5/16/2021 3:31:14 PM : ping
5/16/2021 3:31:14 PM : ping
5/16/2021 3:31:14 PM : ping
5/16/2021 3:31:15 PM : ping
5/16/2021 3:31:15 PM : ping
5/16/2021 3:31:15 PM : ping
5/16/2021 3:31:16 PM : ping
5/16/2021 3:31:16 PM : ping
5/16/2021 3:31:16 PM : ping
5/16/2021 3:31:17 PM : ping
5/16/2021 3:31:17 PM : ping
5/16/2021 3:31:17 PM : ping
5/16/2021 3:31:18 PM : ping
5/16/2021 3:31:18 PM : ping
5/16/2021 3:31:18 PM : ping
5/16/2021 3:31:19 PM : ping
5/16/2021 3:31:19 PM : ping
5/16/2021 3:31:19 PM : ping
5/16/2021 3:31:20 PM : ping
5/16/2021 3:31:20 PM : ping
5/16/2021 3:31:20 PM : ping
5/16/2021 3:31:21 PM : ping
5/16/2021 3:31:21 PM : ping
5/16/2021 3:31:21 PM : ping
5/16/2021 3:31:23 PM : ping
5/16/2021 3:31:23 PM : ping
5/16/2021 3:31:23 PM : ping
5/16/2021 3:31:24 PM : ping
5/16/2021 3:31:24 PM : ping
5/16/2021 3:31:24 PM : ping
5/16/2021 3:31:25 PM : ping
5/16/2021 3:31:25 PM : ping
5/16/2021 3:31:25 PM : ping
5/16/2021 3:31:26 PM : ping
5/16/2021 3:31:26 PM : ping
5/16/2021 3:31:26 PM : ping
5/16/2021 3:31:27 PM : ping
5/16/2021 3:31:27 PM : ping
5/16/2021 3:31:27 PM : ping
5/16/2021 3:31:28 PM : ping
5/16/2021 3:31:28 PM : ping
5/16/2021 3:31:28 PM : ping
5/16/2021 3:31:29 PM : ping
5/16/2021 3:31:29 PM : ping
5/16/2021 3:31:29 PM : ping
5/16/2021 3:31:30 PM : ping
5/16/2021 3:31:30 PM : ping
5/16/2021 3:31:30 PM : ping
5/16/2021 3:31:31 PM : ping
5/16/2021 3:31:31 PM : ping
5/16/2021 3:31:31 PM : ping
5/16/2021 3:31:33 PM : ping
5/16/2021 3:31:33 PM : ping
5/16/2021 3:31:33 PM : ping
5/16/2021 3:31:34 PM : ping
5/16/2021 3:31:34 PM : ping
5/16/2021 3:31:34 PM : ping
5/16/2021 3:31:35 PM : ping
5/16/2021 3:31:35 PM : ping
5/16/2021 3:31:35 PM : ping
5/16/2021 3:31:36 PM : ping
5/16/2021 3:31:36 PM : ping
5/16/2021 3:31:36 PM : ping
5/16/2021 3:31:37 PM : ping
5/16/2021 3:31:37 PM : ping
5/16/2021 3:31:37 PM : ping
5/16/2021 3:31:38 PM : ping
5/16/2021 3:31:38 PM : ping
5/16/2021 3:31:38 PM : ping
5/16/2021 3:31:39 PM : ping
5/16/2021 3:31:39 PM : ping
5/16/2021 3:31:39 PM : ping
5/16/2021 3:31:40 PM : ping
5/16/2021 3:31:40 PM : ping
5/16/2021 3:31:40 PM : ping
5/16/2021 3:31:41 PM : ping
5/16/2021 3:31:41 PM : ping
5/16/2021 3:31:41 PM : ping
5/16/2021 3:31:43 PM : ping
5/16/2021 3:31:43 PM : ping
5/16/2021 3:31:43 PM : ping
5/16/2021 3:31:44 PM : ping
5/16/2021 3:31:44 PM : ping
5/16/2021 3:31:44 PM : ping
5/16/2021 3:31:45 PM : ping
5/16/2021 3:31:45 PM : ping
5/16/2021 3:31:45 PM : ping
5/16/2021 3:31:46 PM : ping
5/16/2021 3:31:46 PM : ping
5/16/2021 3:31:46 PM : ping
5/16/2021 3:31:46 PM : kService.requestChannels.Count :0
5/16/2021 3:31:46 PM : kService.requestChannels.Count :0
5/16/2021 3:31:47 PM : ping
5/16/2021 3:31:47 PM : ping
5/16/2021 3:31:47 PM : ping
5/16/2021 3:31:48 PM : ping
5/16/2021 3:31:48 PM : ping
5/16/2021 3:31:48 PM : ping
5/16/2021 3:31:49 PM : ping
5/16/2021 3:31:49 PM : ping
5/16/2021 3:31:49 PM : ping
5/16/2021 3:31:50 PM : ping
5/16/2021 3:31:50 PM : ping
5/16/2021 3:31:50 PM : ping
5/16/2021 3:31:51 PM : ping
5/16/2021 3:31:51 PM : ping
5/16/2021 3:31:51 PM : ping
5/16/2021 3:31:52 PM : ping
5/16/2021 3:31:52 PM : ping
5/16/2021 3:31:52 PM : ping
5/16/2021 3:31:54 PM : ping
5/16/2021 3:31:54 PM : ping
5/16/2021 3:31:54 PM : ping
5/16/2021 3:31:55 PM : ping
5/16/2021 3:31:55 PM : ping
5/16/2021 3:31:55 PM : ping
5/16/2021 3:31:56 PM : ping
5/16/2021 3:31:56 PM : ping
5/16/2021 3:31:56 PM : ping
5/16/2021 3:31:57 PM : ping
5/16/2021 3:31:57 PM : ping
5/16/2021 3:31:57 PM : ping
5/16/2021 3:31:58 PM : ping
5/16/2021 3:31:58 PM : ping
5/16/2021 3:31:58 PM : ping
5/16/2021 3:31:59 PM : ping
5/16/2021 3:31:59 PM : ping
5/16/2021 3:31:59 PM : ping
5/16/2021 3:32:00 PM : ping
5/16/2021 3:32:00 PM : ping
5/16/2021 3:32:00 PM : ping
5/16/2021 3:32:01 PM : ping
5/16/2021 3:32:01 PM : ping
5/16/2021 3:32:01 PM : ping
5/16/2021 3:32:02 PM : ping
5/16/2021 3:32:02 PM : ping
5/16/2021 3:32:02 PM : ping
5/16/2021 3:32:04 PM : ping
5/16/2021 3:32:04 PM : ping
5/16/2021 3:32:04 PM : ping
5/16/2021 3:32:05 PM : ping
5/16/2021 3:32:05 PM : ping
5/16/2021 3:32:05 PM : ping
5/16/2021 3:32:06 PM : ping
5/16/2021 3:32:06 PM : ping
5/16/2021 3:32:06 PM : ping
5/16/2021 3:32:07 PM : ping
5/16/2021 3:32:07 PM : ping
5/16/2021 3:32:07 PM : ping
5/16/2021 3:32:08 PM : ping
5/16/2021 3:32:08 PM : ping
5/16/2021 3:32:08 PM : ping
5/16/2021 3:32:09 PM : ping
5/16/2021 3:32:09 PM : ping
5/16/2021 3:32:09 PM : ping
5/16/2021 3:32:10 PM : ping
5/16/2021 3:32:10 PM : ping
5/16/2021 3:32:10 PM : ping
5/16/2021 3:32:11 PM : ping
5/16/2021 3:32:11 PM : ping
5/16/2021 3:32:11 PM : ping
5/16/2021 3:32:12 PM : ping
5/16/2021 3:32:12 PM : ping
5/16/2021 3:32:12 PM : ping
5/16/2021 3:32:14 PM : ping
5/16/2021 3:32:14 PM : ping
5/16/2021 3:32:14 PM : ping
5/16/2021 3:32:14 PM : ~KChannel()
5/16/2021 3:32:15 PM : ping
5/16/2021 3:32:15 PM : ping
5/16/2021 3:32:15 PM : ping
5/16/2021 3:32:16 PM : ping
5/16/2021 3:32:16 PM : ping
5/16/2021 3:32:16 PM : ping
5/16/2021 3:32:17 PM : ping
5/16/2021 3:32:17 PM : ping
5/16/2021 3:32:17 PM : ping
5/16/2021 3:32:18 PM : ping
5/16/2021 3:32:18 PM : ping
5/16/2021 3:32:18 PM : ping
5/16/2021 3:32:19 PM : ping
5/16/2021 3:32:19 PM : ping
5/16/2021 3:32:19 PM : ping
5/16/2021 3:32:20 PM : ping
5/16/2021 3:32:20 PM : ping
5/16/2021 3:32:20 PM : ping
5/16/2021 3:32:21 PM : ping
5/16/2021 3:32:21 PM : ping
5/16/2021 3:32:21 PM : ping
5/16/2021 3:32:22 PM : ping
5/16/2021 3:32:22 PM : ping
5/16/2021 3:32:22 PM : ping
5/16/2021 3:32:24 PM : ping
5/16/2021 3:32:24 PM : ping
5/16/2021 3:32:24 PM : ping
5/16/2021 3:32:25 PM : ping
5/16/2021 3:32:25 PM : ping
5/16/2021 3:32:25 PM : ping
5/16/2021 3:32:26 PM : ping
5/16/2021 3:32:26 PM : ping
5/16/2021 3:32:26 PM : ping
5/16/2021 3:32:27 PM : ping
5/16/2021 3:32:27 PM : ping
5/16/2021 3:32:27 PM : ping
5/16/2021 3:32:28 PM : ping
5/16/2021 3:32:28 PM : ping
5/16/2021 3:32:28 PM : ping
5/16/2021 3:32:29 PM : ping
5/16/2021 3:32:29 PM : ping
5/16/2021 3:32:29 PM : ping
5/16/2021 3:32:30 PM : ping
5/16/2021 3:32:30 PM : ping
5/16/2021 3:32:30 PM : ping
5/16/2021 3:32:31 PM : ping
5/16/2021 3:32:31 PM : ping
5/16/2021 3:32:31 PM : ping
5/16/2021 3:32:32 PM : ping
5/16/2021 3:32:32 PM : ping
5/16/2021 3:32:32 PM : ping
5/16/2021 3:32:34 PM : ping
5/16/2021 3:32:34 PM : ping
5/16/2021 3:32:34 PM : ping
5/16/2021 3:32:35 PM : ping
5/16/2021 3:32:35 PM : ping
5/16/2021 3:32:35 PM : ping
5/16/2021 3:32:36 PM : ping
5/16/2021 3:32:36 PM : ping
5/16/2021 3:32:36 PM : ping
5/16/2021 3:32:37 PM : ping
5/16/2021 3:32:37 PM : ping
5/16/2021 3:32:37 PM : ping
5/16/2021 3:32:38 PM : ping
5/16/2021 3:32:38 PM : ping
5/16/2021 3:32:38 PM : ping
5/16/2021 3:32:39 PM : ping
5/16/2021 3:32:39 PM : ping
5/16/2021 3:32:39 PM : ping
5/16/2021 3:32:40 PM : ping
5/16/2021 3:32:40 PM : ping
5/16/2021 3:32:40 PM : ping
5/16/2021 3:32:41 PM : ping
5/16/2021 3:32:41 PM : ping
5/16/2021 3:32:41 PM : ping
5/16/2021 3:32:42 PM : ping
5/16/2021 3:32:42 PM : ping
5/16/2021 3:32:42 PM : ping
5/16/2021 3:32:44 PM : ping
5/16/2021 3:32:44 PM : ping
5/16/2021 3:32:44 PM : ping
5/16/2021 3:32:45 PM : ping
5/16/2021 3:32:45 PM : ping
5/16/2021 3:32:45 PM : ping
5/16/2021 3:32:46 PM : ping
5/16/2021 3:32:46 PM : ping
5/16/2021 3:32:46 PM : ping
5/16/2021 3:32:47 PM : ping
5/16/2021 3:32:47 PM : ping
5/16/2021 3:32:47 PM : ping
5/16/2021 3:32:48 PM : ping
5/16/2021 3:32:48 PM : ping
5/16/2021 3:32:48 PM : ping
5/16/2021 3:32:49 PM : ping
5/16/2021 3:32:49 PM : ping
5/16/2021 3:32:49 PM : ping
5/16/2021 3:32:50 PM : ping
5/16/2021 3:32:50 PM : ping
5/16/2021 3:32:50 PM : ping
5/16/2021 3:32:51 PM : ping
5/16/2021 3:32:51 PM : ping
5/16/2021 3:32:51 PM : ping
5/16/2021 3:32:52 PM : ping
5/16/2021 3:32:52 PM : ping
5/16/2021 3:32:52 PM : ping
5/16/2021 3:32:53 PM : ping
5/16/2021 3:32:53 PM : ping
5/16/2021 3:32:54 PM : ping
5/16/2021 3:32:55 PM : ping
5/16/2021 3:32:55 PM : ping
5/16/2021 3:32:55 PM : ping
5/16/2021 3:32:56 PM : ping
5/16/2021 3:32:56 PM : ping
5/16/2021 3:32:56 PM : ping
5/16/2021 3:32:57 PM : ping
5/16/2021 3:32:57 PM : ping
5/16/2021 3:32:57 PM : ping
5/16/2021 3:32:58 PM : ping
5/16/2021 3:32:58 PM : ping
5/16/2021 3:32:58 PM : ping
5/16/2021 3:32:59 PM : ping
5/16/2021 3:32:59 PM : ping
5/16/2021 3:32:59 PM : ping
5/16/2021 3:33:00 PM : ping
5/16/2021 3:33:00 PM : ping
5/16/2021 3:33:00 PM : ping
5/16/2021 3:33:01 PM : ping
5/16/2021 3:33:01 PM : ping
5/16/2021 3:33:01 PM : ping
5/16/2021 3:33:02 PM : ping
5/16/2021 3:33:02 PM : ping
5/16/2021 3:33:02 PM : ping
5/16/2021 3:33:03 PM : ping
5/16/2021 3:33:03 PM : ping
5/16/2021 3:33:03 PM : ping
5/16/2021 3:33:05 PM : ping
5/16/2021 3:33:05 PM : ping
5/16/2021 3:33:05 PM : ping
5/16/2021 3:33:06 PM : ping
5/16/2021 3:33:06 PM : ping
5/16/2021 3:33:06 PM : ping
5/16/2021 3:33:07 PM : ping
5/16/2021 3:33:07 PM : ping
5/16/2021 3:33:07 PM : ping
5/16/2021 3:33:08 PM : ping
5/16/2021 3:33:08 PM : ping
5/16/2021 3:33:08 PM : ping
5/16/2021 3:33:09 PM : ping
5/16/2021 3:33:09 PM : ping
5/16/2021 3:33:09 PM : ping
5/16/2021 3:33:10 PM : ping
5/16/2021 3:33:10 PM : ping
5/16/2021 3:33:10 PM : ping
5/16/2021 3:33:11 PM : ping
5/16/2021 3:33:11 PM : ping
5/16/2021 3:33:11 PM : ping
5/16/2021 3:33:12 PM : ping
5/16/2021 3:33:12 PM : ping
5/16/2021 3:33:12 PM : ping
5/16/2021 3:33:13 PM : ping
5/16/2021 3:33:13 PM : ping
5/16/2021 3:33:13 PM : ping
5/16/2021 3:33:15 PM : ping
5/16/2021 3:33:15 PM : ping
5/16/2021 3:33:15 PM : ping
5/16/2021 3:33:16 PM : ping
5/16/2021 3:33:16 PM : ping
5/16/2021 3:33:16 PM : ping
5/16/2021 3:33:17 PM : ping
5/16/2021 3:33:17 PM : ping
5/16/2021 3:33:17 PM : ping
5/16/2021 3:33:18 PM : ping
5/16/2021 3:33:18 PM : ping
5/16/2021 3:33:18 PM : ping
5/16/2021 3:33:19 PM : ping
5/16/2021 3:33:19 PM : ping
5/16/2021 3:33:19 PM : ping
5/16/2021 3:33:20 PM : ping
5/16/2021 3:33:20 PM : ping
5/16/2021 3:33:20 PM : ping
5/16/2021 3:33:21 PM : ping
5/16/2021 3:33:21 PM : ping
5/16/2021 3:33:21 PM : ping
5/16/2021 3:33:22 PM : ping
5/16/2021 3:33:22 PM : ping
5/16/2021 3:33:22 PM : ping
5/16/2021 3:33:23 PM : ping
5/16/2021 3:33:23 PM : ping
5/16/2021 3:33:23 PM : ping
5/16/2021 3:33:24 PM : ping
5/16/2021 3:33:24 PM : ping
5/16/2021 3:33:25 PM : ping
5/16/2021 3:33:26 PM : ping
5/16/2021 3:33:26 PM : ping
5/16/2021 3:33:26 PM : ping
5/16/2021 3:33:27 PM : ping
5/16/2021 3:33:27 PM : ping
5/16/2021 3:33:27 PM : ping
5/16/2021 3:33:28 PM : ping
5/16/2021 3:33:28 PM : ping
5/16/2021 3:33:28 PM : ping
5/16/2021 3:33:29 PM : ping
5/16/2021 3:33:29 PM : ping
5/16/2021 3:33:29 PM : ping
5/16/2021 3:33:30 PM : ping
5/16/2021 3:33:30 PM : ping
5/16/2021 3:33:30 PM : ping
5/16/2021 3:33:31 PM : ping
5/16/2021 3:33:31 PM : ping
5/16/2021 3:33:31 PM : ping
5/16/2021 3:33:32 PM : ping
5/16/2021 3:33:32 PM : ping
5/16/2021 3:33:32 PM : ping
5/16/2021 3:33:33 PM : ping
5/16/2021 3:33:33 PM : ping
5/16/2021 3:33:33 PM : ping
5/16/2021 3:33:34 PM : ping
5/16/2021 3:33:34 PM : ping
5/16/2021 3:33:34 PM : ping
5/16/2021 3:33:36 PM : ping
5/16/2021 3:33:36 PM : ping
5/16/2021 3:33:36 PM : ping
5/16/2021 3:33:37 PM : ping
5/16/2021 3:33:37 PM : ping
5/16/2021 3:33:37 PM : ping
5/16/2021 3:33:38 PM : ping
5/16/2021 3:33:38 PM : ping
5/16/2021 3:33:38 PM : ping
5/16/2021 3:33:39 PM : ping
5/16/2021 3:33:39 PM : ping
5/16/2021 3:33:39 PM : ping
5/16/2021 3:33:40 PM : ping
5/16/2021 3:33:40 PM : ping
5/16/2021 3:33:40 PM : ping
5/16/2021 3:33:41 PM : ping
5/16/2021 3:33:41 PM : ping
5/16/2021 3:33:41 PM : ping
5/16/2021 3:33:42 PM : ping
5/16/2021 3:33:42 PM : ping
5/16/2021 3:33:42 PM : ping
5/16/2021 3:33:43 PM : ping
5/16/2021 3:33:43 PM : ping
5/16/2021 3:33:43 PM : ping
5/16/2021 3:33:44 PM : ping
5/16/2021 3:33:44 PM : ping
5/16/2021 3:33:44 PM : ping
5/16/2021 3:33:46 PM : ping
5/16/2021 3:33:46 PM : ping
5/16/2021 3:33:46 PM : ping
5/16/2021 3:33:47 PM : ping
5/16/2021 3:33:47 PM : ping
5/16/2021 3:33:47 PM : ping
5/16/2021 3:33:48 PM : ping
5/16/2021 3:33:48 PM : ping
5/16/2021 3:33:48 PM : ping
5/16/2021 3:33:49 PM : ping
5/16/2021 3:33:49 PM : ping
5/16/2021 3:33:49 PM : ping
5/16/2021 3:33:50 PM : ping
5/16/2021 3:33:50 PM : ping
5/16/2021 3:33:50 PM : ping
5/16/2021 3:33:51 PM : ping
5/16/2021 3:33:51 PM : ping
5/16/2021 3:33:51 PM : ping
5/16/2021 3:33:52 PM : ping
5/16/2021 3:33:52 PM : ping
5/16/2021 3:33:52 PM : ping
5/16/2021 3:33:53 PM : ping
5/16/2021 3:33:53 PM : ping
5/16/2021 3:33:53 PM : ping
5/16/2021 3:33:54 PM : ping
5/16/2021 3:33:54 PM : ping
5/16/2021 3:33:54 PM : ping
5/16/2021 3:33:56 PM : ping
5/16/2021 3:33:56 PM : ping
5/16/2021 3:33:56 PM : ping
5/16/2021 3:33:57 PM : ping
5/16/2021 3:33:57 PM : ping
5/16/2021 3:33:57 PM : ping
5/16/2021 3:33:58 PM : ping
5/16/2021 3:33:58 PM : ping
5/16/2021 3:33:58 PM : ping
5/16/2021 3:33:59 PM : ping
5/16/2021 3:33:59 PM : ping
5/16/2021 3:33:59 PM : ping
5/16/2021 3:34:00 PM : ping
5/16/2021 3:34:00 PM : ping
5/16/2021 3:34:00 PM : ping
5/16/2021 3:34:01 PM : ping
5/16/2021 3:34:01 PM : ping
5/16/2021 3:34:01 PM : ping
5/16/2021 3:34:02 PM : ping
5/16/2021 3:34:02 PM : ping
5/16/2021 3:34:02 PM : ping
5/16/2021 3:34:03 PM : ping
5/16/2021 3:34:03 PM : ping
5/16/2021 3:34:03 PM : ping
5/16/2021 3:34:04 PM : ping
5/16/2021 3:34:04 PM : ping
5/16/2021 3:34:04 PM : ping
5/16/2021 3:34:06 PM : ping
5/16/2021 3:34:06 PM : ping
5/16/2021 3:34:06 PM : ping
5/16/2021 3:34:07 PM : ping
5/16/2021 3:34:07 PM : ping
5/16/2021 3:34:07 PM : ping
5/16/2021 3:34:08 PM : ping
5/16/2021 3:34:08 PM : ping
5/16/2021 3:34:08 PM : ping
5/16/2021 3:34:09 PM : ping
5/16/2021 3:34:09 PM : ping
5/16/2021 3:34:09 PM : ping
5/16/2021 3:34:10 PM : ping
5/16/2021 3:34:10 PM : ping
5/16/2021 3:34:10 PM : ping
5/16/2021 3:34:11 PM : ping
5/16/2021 3:34:11 PM : ping
5/16/2021 3:34:11 PM : ping
5/16/2021 3:34:12 PM : ping
5/16/2021 3:34:12 PM : ping
5/16/2021 3:34:12 PM : ping
5/16/2021 3:34:13 PM : ping
5/16/2021 3:34:13 PM : ping
5/16/2021 3:34:13 PM : ping
5/16/2021 3:34:14 PM : ping
5/16/2021 3:34:14 PM : ping
5/16/2021 3:34:14 PM : ping
5/16/2021 3:34:15 PM : ping
5/16/2021 3:34:15 PM : ping
5/16/2021 3:34:15 PM : ping
5/16/2021 3:34:17 PM : ping
5/16/2021 3:34:17 PM : ping
5/16/2021 3:34:17 PM : ping
5/16/2021 3:34:18 PM : ping
5/16/2021 3:34:18 PM : ping
5/16/2021 3:34:18 PM : ping
5/16/2021 3:34:19 PM : ping
5/16/2021 3:34:19 PM : ping
5/16/2021 3:34:19 PM : ping
5/16/2021 3:34:20 PM : ping
5/16/2021 3:34:20 PM : ping
5/16/2021 3:34:20 PM : ping
5/16/2021 3:34:21 PM : ping
5/16/2021 3:34:21 PM : ping
5/16/2021 3:34:21 PM : ping
5/16/2021 3:34:22 PM : ping
5/16/2021 3:34:22 PM : ping
5/16/2021 3:34:22 PM : ping
5/16/2021 3:34:23 PM : ping
5/16/2021 3:34:23 PM : ping
5/16/2021 3:34:23 PM : ping
5/16/2021 3:34:24 PM : ping
5/16/2021 3:34:24 PM : ping
5/16/2021 3:34:24 PM : ping
5/16/2021 3:34:25 PM : ping
5/16/2021 3:34:25 PM : ping
5/16/2021 3:34:25 PM : ping
5/16/2021 3:34:27 PM : ping
5/16/2021 3:34:27 PM : ping
5/16/2021 3:34:27 PM : ping
5/16/2021 3:34:28 PM : ping
5/16/2021 3:34:28 PM : ping
5/16/2021 3:34:28 PM : ping
5/16/2021 3:34:29 PM : ping
5/16/2021 3:34:29 PM : ping
5/16/2021 3:34:29 PM : ping
5/16/2021 3:34:30 PM : ping
5/16/2021 3:34:30 PM : ping
5/16/2021 3:34:30 PM : ping
5/16/2021 3:34:31 PM : ping
5/16/2021 3:34:31 PM : ping
5/16/2021 3:34:31 PM : ping
5/16/2021 3:34:32 PM : ping
5/16/2021 3:34:32 PM : ping
5/16/2021 3:34:32 PM : ping
5/16/2021 3:34:33 PM : ping
5/16/2021 3:34:33 PM : ping
5/16/2021 3:34:33 PM : ping
5/16/2021 3:34:34 PM : ping
5/16/2021 3:34:34 PM : ping
5/16/2021 3:34:34 PM : ping
5/16/2021 3:34:35 PM : ping
5/16/2021 3:34:35 PM : ping
5/16/2021 3:34:35 PM : ping
5/16/2021 3:34:37 PM : ping
5/16/2021 3:34:37 PM : ping
5/16/2021 3:34:37 PM : ping
5/16/2021 3:34:38 PM : ping
5/16/2021 3:34:38 PM : ping
5/16/2021 3:34:38 PM : ping
5/16/2021 3:34:39 PM : ping
5/16/2021 3:34:39 PM : ping
5/16/2021 3:34:39 PM : ping
5/16/2021 3:34:40 PM : ping
5/16/2021 3:34:40 PM : ping
5/16/2021 3:34:40 PM : ping
5/16/2021 3:34:41 PM : ping
5/16/2021 3:34:41 PM : ping
5/16/2021 3:34:41 PM : ping
5/16/2021 3:34:42 PM : ping
5/16/2021 3:34:42 PM : ping
5/16/2021 3:34:42 PM : ping
5/16/2021 3:34:43 PM : ping
5/16/2021 3:34:43 PM : ping
5/16/2021 3:34:43 PM : ping
5/16/2021 3:34:44 PM : ping
5/16/2021 3:34:44 PM : ping
5/16/2021 3:34:44 PM : ping
5/16/2021 3:34:45 PM : ping
5/16/2021 3:34:45 PM : ping
5/16/2021 3:34:45 PM : ping
5/16/2021 3:34:46 PM : ping
5/16/2021 3:34:46 PM : ping
5/16/2021 3:34:46 PM : ping
5/16/2021 3:34:48 PM : ping
5/16/2021 3:34:48 PM : ping
5/16/2021 3:34:48 PM : ping
5/16/2021 3:34:49 PM : ping
5/16/2021 3:34:49 PM : ping
5/16/2021 3:34:49 PM : ping
5/16/2021 3:34:50 PM : ping
5/16/2021 3:34:50 PM : ping
5/16/2021 3:34:50 PM : ping
5/16/2021 3:34:51 PM : ping
5/16/2021 3:34:51 PM : ping
5/16/2021 3:34:51 PM : ping
5/16/2021 3:34:52 PM : ping
5/16/2021 3:34:52 PM : ping
5/16/2021 3:34:52 PM : ping
5/16/2021 3:34:53 PM : ping
5/16/2021 3:34:53 PM : ping
5/16/2021 3:34:53 PM : ping
5/16/2021 3:34:54 PM : ping
5/16/2021 3:34:54 PM : ping
5/16/2021 3:34:54 PM : ping
5/16/2021 3:34:55 PM : ping
5/16/2021 3:34:55 PM : ping
5/16/2021 3:34:55 PM : ping
5/16/2021 3:34:56 PM : ping
5/16/2021 3:34:56 PM : ping
5/16/2021 3:34:56 PM : ping
5/16/2021 3:34:58 PM : ping
5/16/2021 3:34:58 PM : ping
5/16/2021 3:34:58 PM : ping
5/16/2021 3:34:59 PM : ping
5/16/2021 3:34:59 PM : ping
5/16/2021 3:34:59 PM : ping
5/16/2021 3:35:00 PM : ping
5/16/2021 3:35:00 PM : ping
5/16/2021 3:35:00 PM : ping
5/16/2021 3:35:01 PM : ping
5/16/2021 3:35:01 PM : ping
5/16/2021 3:35:01 PM : ping
5/16/2021 3:35:02 PM : ping
5/16/2021 3:35:02 PM : ping
5/16/2021 3:35:02 PM : ping
5/16/2021 3:35:03 PM : ping
5/16/2021 3:35:03 PM : ping
5/16/2021 3:35:03 PM : ping
5/16/2021 3:35:04 PM : ping
5/16/2021 3:35:04 PM : ping
5/16/2021 3:35:04 PM : ping
5/16/2021 3:35:05 PM : ping
5/16/2021 3:35:05 PM : ping
5/16/2021 3:35:05 PM : ping
5/16/2021 3:35:06 PM : ping
5/16/2021 3:35:06 PM : ping
5/16/2021 3:35:06 PM : ping
5/16/2021 3:35:08 PM : ping
5/16/2021 3:35:08 PM : ping
5/16/2021 3:35:08 PM : ping
5/16/2021 3:35:09 PM : ping
5/16/2021 3:35:09 PM : ping
5/16/2021 3:35:09 PM : ping
5/16/2021 3:35:10 PM : ping
5/16/2021 3:35:10 PM : ping
5/16/2021 3:35:10 PM : ping
5/16/2021 3:35:11 PM : ping
5/16/2021 3:35:11 PM : ping
5/16/2021 3:35:11 PM : ping
5/16/2021 3:35:12 PM : ping
5/16/2021 3:35:12 PM : ping
5/16/2021 3:35:12 PM : ping
5/16/2021 3:35:13 PM : ping
5/16/2021 3:35:13 PM : ping
5/16/2021 3:35:13 PM : ping
5/16/2021 3:35:14 PM : ping
5/16/2021 3:35:14 PM : ping
5/16/2021 3:35:14 PM : ping
5/16/2021 3:35:15 PM : ping
5/16/2021 3:35:15 PM : ping
5/16/2021 3:35:15 PM : ping
5/16/2021 3:35:16 PM : ping
5/16/2021 3:35:16 PM : ping
5/16/2021 3:35:16 PM : ping
5/16/2021 3:35:18 PM : ping
5/16/2021 3:35:18 PM : ping
5/16/2021 3:35:18 PM : ping
5/16/2021 3:35:19 PM : ping
5/16/2021 3:35:19 PM : ping
5/16/2021 3:35:19 PM : ping
5/16/2021 3:35:20 PM : ping
5/16/2021 3:35:20 PM : ping
5/16/2021 3:35:20 PM : ping
5/16/2021 3:35:21 PM : ping
5/16/2021 3:35:21 PM : ping
5/16/2021 3:35:21 PM : ping
5/16/2021 3:35:22 PM : ping
5/16/2021 3:35:22 PM : ping
5/16/2021 3:35:22 PM : ping
5/16/2021 3:35:23 PM : ping
5/16/2021 3:35:23 PM : ping
5/16/2021 3:35:23 PM : ping
5/16/2021 3:35:24 PM : ping
5/16/2021 3:35:24 PM : ping
5/16/2021 3:35:24 PM : ping
5/16/2021 3:35:25 PM : ping
5/16/2021 3:35:25 PM : ping
5/16/2021 3:35:25 PM : ping
5/16/2021 3:35:26 PM : ping
5/16/2021 3:35:26 PM : ping
5/16/2021 3:35:26 PM : ping
5/16/2021 3:35:27 PM : ping
5/16/2021 3:35:27 PM : ping
5/16/2021 3:35:28 PM : ping
5/16/2021 3:35:29 PM : ping
5/16/2021 3:35:29 PM : ping
5/16/2021 3:35:29 PM : ping
5/16/2021 3:35:30 PM : ping
5/16/2021 3:35:30 PM : ping
5/16/2021 3:35:30 PM : ping
5/16/2021 3:35:31 PM : ping
5/16/2021 3:35:31 PM : ping
5/16/2021 3:35:31 PM : ping
5/16/2021 3:35:32 PM : ping
5/16/2021 3:35:32 PM : ping
5/16/2021 3:35:32 PM : ping
5/16/2021 3:35:33 PM : ping
5/16/2021 3:35:33 PM : ping
5/16/2021 3:35:33 PM : ping
5/16/2021 3:35:34 PM : ping
5/16/2021 3:35:34 PM : ping
5/16/2021 3:35:34 PM : ping
5/16/2021 3:35:35 PM : ping
5/16/2021 3:35:35 PM : ping
5/16/2021 3:35:35 PM : ping
5/16/2021 3:35:36 PM : ping
5/16/2021 3:35:36 PM : ping
5/16/2021 3:35:36 PM : ping
5/16/2021 3:35:37 PM : ping
5/16/2021 3:35:37 PM : ping
5/16/2021 3:35:37 PM : ping
5/16/2021 3:35:39 PM : ping
5/16/2021 3:35:39 PM : ping
5/16/2021 3:35:39 PM : ping
5/16/2021 3:35:40 PM : ping
5/16/2021 3:35:40 PM : ping
5/16/2021 3:35:40 PM : ping
5/16/2021 3:35:41 PM : ping
5/16/2021 3:35:41 PM : ping
5/16/2021 3:35:41 PM : ping
5/16/2021 3:35:42 PM : ping
5/16/2021 3:35:42 PM : ping
5/16/2021 3:35:42 PM : ping
5/16/2021 3:35:43 PM : ping
5/16/2021 3:35:43 PM : ping
5/16/2021 3:35:43 PM : ping
5/16/2021 3:35:44 PM : ping
5/16/2021 3:35:44 PM : ping
5/16/2021 3:35:44 PM : ping
5/16/2021 3:35:45 PM : ping
5/16/2021 3:35:45 PM : ping
5/16/2021 3:35:45 PM : ping
5/16/2021 3:35:46 PM : ping
5/16/2021 3:35:46 PM : ping
5/16/2021 3:35:46 PM : ping
5/16/2021 3:35:47 PM : ping
5/16/2021 3:35:47 PM : ping
5/16/2021 3:35:47 PM : ping
5/16/2021 3:35:49 PM : ping
5/16/2021 3:35:49 PM : ping
5/16/2021 3:35:49 PM : ping
5/16/2021 3:35:50 PM : ping
5/16/2021 3:35:50 PM : ping
5/16/2021 3:35:50 PM : ping
5/16/2021 3:35:51 PM : ping
5/16/2021 3:35:51 PM : ping
5/16/2021 3:35:51 PM : ping
5/16/2021 3:35:52 PM : ping
5/16/2021 3:35:52 PM : ping
5/16/2021 3:35:52 PM : ping
5/16/2021 3:35:53 PM : ping
5/16/2021 3:35:53 PM : ping
5/16/2021 3:35:53 PM : ping
