log begin
..............
5/9/2021 3:06:58 PM : ping
5/9/2021 3:06:58 PM : ping
5/9/2021 3:06:58 PM : ping
5/9/2021 3:07:00 PM : ping
5/9/2021 3:07:00 PM : ping
5/9/2021 3:07:00 PM : ping
5/9/2021 3:07:01 PM : ping
5/9/2021 3:07:01 PM : ping
5/9/2021 3:07:01 PM : ping
5/9/2021 3:07:02 PM : ping
5/9/2021 3:07:02 PM : ping
5/9/2021 3:07:02 PM : ping
5/9/2021 3:07:03 PM : ping
5/9/2021 3:07:03 PM : ping
5/9/2021 3:07:03 PM : ping
5/9/2021 3:07:04 PM : ping
5/9/2021 3:07:04 PM : ping
5/9/2021 3:07:04 PM : ping
5/9/2021 3:07:05 PM : ping
5/9/2021 3:07:05 PM : ping
5/9/2021 3:07:05 PM : ping
5/9/2021 3:07:06 PM : ping
5/9/2021 3:07:06 PM : ping
5/9/2021 3:07:06 PM : ping
5/9/2021 3:07:07 PM : ping
5/9/2021 3:07:07 PM : ping
5/9/2021 3:07:07 PM : ping
5/9/2021 3:07:08 PM : ping
5/9/2021 3:07:08 PM : ping
5/9/2021 3:07:08 PM : ping
5/9/2021 3:07:10 PM : ping
5/9/2021 3:07:10 PM : ping
5/9/2021 3:07:10 PM : ping
5/9/2021 3:07:11 PM : ping
5/9/2021 3:07:11 PM : ping
5/9/2021 3:07:11 PM : ping
5/9/2021 3:07:12 PM : ping
5/9/2021 3:07:12 PM : ping
5/9/2021 3:07:12 PM : ping
5/9/2021 3:07:13 PM : ping
5/9/2021 3:07:13 PM : ping
5/9/2021 3:07:13 PM : ping
5/9/2021 3:07:14 PM : ping
5/9/2021 3:07:14 PM : ping
5/9/2021 3:07:14 PM : launch server at port: 7003
5/9/2021 3:07:14 PM : ping
5/9/2021 3:07:14 PM : launch server at port: 7004
5/9/2021 3:07:15 PM : launch server at port: 7005
5/9/2021 3:07:15 PM : ping
5/9/2021 3:07:15 PM : ping
5/9/2021 3:07:15 PM : ping
5/9/2021 3:07:16 PM : ping
5/9/2021 3:07:16 PM : ping
5/9/2021 3:07:16 PM : ping
5/9/2021 3:07:17 PM : ping
5/9/2021 3:07:17 PM : ping
5/9/2021 3:07:17 PM : ping
5/9/2021 3:07:19 PM : ping
5/9/2021 3:07:19 PM : ping
5/9/2021 3:07:19 PM : ping
5/9/2021 3:07:19 PM : launch server at port: 7006
5/9/2021 3:07:20 PM : ping
5/9/2021 3:07:20 PM : ping
5/9/2021 3:07:20 PM : ping
5/9/2021 3:07:20 PM : launch server at port: 7007
5/9/2021 3:07:21 PM : launch server at port: 7008
5/9/2021 3:07:21 PM : ping
5/9/2021 3:07:21 PM : ping
5/9/2021 3:07:21 PM : ping
5/9/2021 3:07:22 PM : ping
5/9/2021 3:07:22 PM : ping
5/9/2021 3:07:22 PM : ping
5/9/2021 3:07:23 PM : ping
5/9/2021 3:07:23 PM : ping
5/9/2021 3:07:23 PM : ping
5/9/2021 3:07:24 PM : ping
5/9/2021 3:07:24 PM : ping
5/9/2021 3:07:24 PM : ping
5/9/2021 3:07:25 PM : ping
5/9/2021 3:07:25 PM : ping
5/9/2021 3:07:25 PM : ping
5/9/2021 3:07:26 PM : launch server at port: 7009
5/9/2021 3:07:26 PM : launch server at port: 7010
5/9/2021 3:07:26 PM : ping
5/9/2021 3:07:26 PM : ping
5/9/2021 3:07:26 PM : ping
5/9/2021 3:07:26 PM : launch server at port: 7011
5/9/2021 3:07:27 PM : ping
5/9/2021 3:07:27 PM : ping
5/9/2021 3:07:27 PM : ping
5/9/2021 3:07:29 PM : ping
5/9/2021 3:07:29 PM : ping
5/9/2021 3:07:29 PM : ping
5/9/2021 3:07:30 PM : ping
5/9/2021 3:07:30 PM : ping
5/9/2021 3:07:30 PM : ping
5/9/2021 3:07:31 PM : ping
5/9/2021 3:07:31 PM : ping
5/9/2021 3:07:31 PM : ping
5/9/2021 3:07:32 PM : ping
5/9/2021 3:07:32 PM : ping
5/9/2021 3:07:32 PM : ping
5/9/2021 3:07:33 PM : ping
5/9/2021 3:07:33 PM : ping
5/9/2021 3:07:33 PM : ping
5/9/2021 3:07:34 PM : ping
5/9/2021 3:07:34 PM : ping
5/9/2021 3:07:34 PM : ping
5/9/2021 3:07:35 PM : ping
5/9/2021 3:07:35 PM : ping
5/9/2021 3:07:35 PM : ping
5/9/2021 3:07:36 PM : ping
5/9/2021 3:07:36 PM : ping
5/9/2021 3:07:36 PM : ping
5/9/2021 3:07:37 PM : ping
5/9/2021 3:07:37 PM : ping
5/9/2021 3:07:37 PM : ping
5/9/2021 3:07:39 PM : ping
5/9/2021 3:07:39 PM : ping
5/9/2021 3:07:39 PM : ping
5/9/2021 3:07:40 PM : ping
5/9/2021 3:07:40 PM : ping
5/9/2021 3:07:40 PM : ping
5/9/2021 3:07:41 PM : ping
5/9/2021 3:07:41 PM : ping
5/9/2021 3:07:41 PM : ping
5/9/2021 3:07:42 PM : ping
5/9/2021 3:07:42 PM : ping
5/9/2021 3:07:42 PM : ping
5/9/2021 3:07:43 PM : ping
5/9/2021 3:07:43 PM : ping
5/9/2021 3:07:43 PM : ping
5/9/2021 3:07:43 PM : kService.requestChannels.Count :20
5/9/2021 3:07:43 PM : kService.requestChannels.Count :20
5/9/2021 3:07:43 PM : kService.requestChannels.Count :19
5/9/2021 3:07:43 PM : kService.requestChannels.Count :19
5/9/2021 3:07:44 PM : ping
5/9/2021 3:07:44 PM : ping
5/9/2021 3:07:44 PM : ping
5/9/2021 3:07:44 PM : kService.requestChannels.Count :18
5/9/2021 3:07:44 PM : kService.requestChannels.Count :18
5/9/2021 3:07:45 PM : ping
5/9/2021 3:07:45 PM : ping
5/9/2021 3:07:45 PM : ping
5/9/2021 3:07:45 PM : kService.requestChannels.Count :17
5/9/2021 3:07:45 PM : kService.requestChannels.Count :17
5/9/2021 3:07:46 PM : kService.requestChannels.Count :16
5/9/2021 3:07:46 PM : kService.requestChannels.Count :16
5/9/2021 3:07:46 PM : kService.requestChannels.Count :15
5/9/2021 3:07:46 PM : kService.requestChannels.Count :15
5/9/2021 3:07:46 PM : ping
5/9/2021 3:07:46 PM : ping
5/9/2021 3:07:46 PM : ping
5/9/2021 3:07:46 PM : kService.requestChannels.Count :14
5/9/2021 3:07:46 PM : kService.requestChannels.Count :14
5/9/2021 3:07:47 PM : kService.requestChannels.Count :13
5/9/2021 3:07:47 PM : kService.requestChannels.Count :13
5/9/2021 3:07:47 PM : kService.requestChannels.Count :12
5/9/2021 3:07:47 PM : kService.requestChannels.Count :12
5/9/2021 3:07:47 PM : ping
5/9/2021 3:07:47 PM : ping
5/9/2021 3:07:47 PM : ping
5/9/2021 3:07:48 PM : kService.requestChannels.Count :11
5/9/2021 3:07:48 PM : kService.requestChannels.Count :11
5/9/2021 3:07:49 PM : ping
5/9/2021 3:07:49 PM : ping
5/9/2021 3:07:49 PM : ping
5/9/2021 3:07:50 PM : ping
5/9/2021 3:07:50 PM : ping
5/9/2021 3:07:50 PM : ping
5/9/2021 3:07:50 PM : kService.requestChannels.Count :10
5/9/2021 3:07:50 PM : kService.requestChannels.Count :10
5/9/2021 3:07:51 PM : kService.requestChannels.Count :9
5/9/2021 3:07:51 PM : kService.requestChannels.Count :9
5/9/2021 3:07:51 PM : ping
5/9/2021 3:07:51 PM : ping
5/9/2021 3:07:51 PM : ping
5/9/2021 3:07:51 PM : kService.requestChannels.Count :8
5/9/2021 3:07:51 PM : kService.requestChannels.Count :8
5/9/2021 3:07:51 PM : kService.requestChannels.Count :7
5/9/2021 3:07:51 PM : kService.requestChannels.Count :7
5/9/2021 3:07:51 PM : kService.requestChannels.Count :6
5/9/2021 3:07:51 PM : kService.requestChannels.Count :6
5/9/2021 3:07:52 PM : kService.requestChannels.Count :5
5/9/2021 3:07:52 PM : kService.requestChannels.Count :5
5/9/2021 3:07:52 PM : kService.requestChannels.Count :4
5/9/2021 3:07:52 PM : kService.requestChannels.Count :4
5/9/2021 3:07:52 PM : kService.requestChannels.Count :3
5/9/2021 3:07:52 PM : kService.requestChannels.Count :3
5/9/2021 3:07:52 PM : ping
5/9/2021 3:07:52 PM : ping
5/9/2021 3:07:52 PM : ping
5/9/2021 3:07:52 PM : kService.requestChannels.Count :2
5/9/2021 3:07:52 PM : kService.requestChannels.Count :2
5/9/2021 3:07:52 PM : kService.requestChannels.Count :1
5/9/2021 3:07:52 PM : kService.requestChannels.Count :1
5/9/2021 3:07:53 PM : kService.requestChannels.Count :0
5/9/2021 3:07:53 PM : kService.requestChannels.Count :0
5/9/2021 3:07:53 PM : ping
5/9/2021 3:07:53 PM : ping
5/9/2021 3:07:53 PM : ping
5/9/2021 3:07:54 PM : ping
5/9/2021 3:07:54 PM : ping
5/9/2021 3:07:54 PM : ping
5/9/2021 3:07:55 PM : ping
5/9/2021 3:07:55 PM : ping
5/9/2021 3:07:55 PM : ping
5/9/2021 3:07:56 PM : ping
5/9/2021 3:07:56 PM : ping
5/9/2021 3:07:56 PM : ping
5/9/2021 3:07:57 PM : ping
5/9/2021 3:07:57 PM : ping
5/9/2021 3:07:57 PM : ping
5/9/2021 3:07:59 PM : ping
5/9/2021 3:07:59 PM : ping
5/9/2021 3:07:59 PM : ping
5/9/2021 3:08:00 PM : ping
5/9/2021 3:08:00 PM : ping
5/9/2021 3:08:00 PM : ping
5/9/2021 3:08:01 PM : ping
5/9/2021 3:08:01 PM : ping
