log begin
..............
5/13/2021 1:32:50 AM : ping
5/13/2021 1:32:51 AM : ping
5/13/2021 1:32:52 AM : ping
5/13/2021 1:32:53 AM : ping
5/13/2021 1:32:54 AM : ping
5/13/2021 1:32:55 AM : ping
5/13/2021 1:32:56 AM : ping
5/13/2021 1:32:57 AM : ping
5/13/2021 1:32:59 AM : ping
5/13/2021 1:33:00 AM : ping
5/13/2021 1:33:01 AM : ping
5/13/2021 1:33:02 AM : ping
5/13/2021 1:33:03 AM : ping
5/13/2021 1:33:04 AM : ping
5/13/2021 1:33:05 AM : ping
5/13/2021 1:33:06 AM : ping
5/13/2021 1:33:07 AM : ping
5/13/2021 1:33:08 AM : ping
5/13/2021 1:33:10 AM : ping
5/13/2021 1:33:11 AM : ping
5/13/2021 1:33:12 AM : ping
5/13/2021 1:33:13 AM : ping
5/13/2021 1:33:30 AM : ping
5/13/2021 1:33:31 AM : ping
5/13/2021 1:33:32 AM : ping
5/13/2021 1:33:46 AM : ping
5/13/2021 1:33:47 AM : ping
5/13/2021 1:33:48 AM : ping
5/13/2021 1:33:49 AM : ping
5/13/2021 1:33:50 AM : ping
5/13/2021 1:33:51 AM : ping
5/13/2021 1:33:52 AM : ping
5/13/2021 1:33:53 AM : kService.requestChannels.Count :0
5/13/2021 1:33:53 AM : kService.requestChannels.Count :0
5/13/2021 1:33:53 AM : kService.requestChannels.Count :0
5/13/2021 1:33:53 AM : kService.requestChannels.Count :0
5/13/2021 1:33:53 AM : kService.requestChannels.Count :0
5/13/2021 1:33:53 AM : kService.requestChannels.Count :0
5/13/2021 1:33:53 AM : kService.requestChannels.Count :0
5/13/2021 1:33:53 AM : kService.requestChannels.Count :0
5/13/2021 1:33:53 AM : kService.requestChannels.Count :0
5/13/2021 1:33:53 AM : kService.requestChannels.Count :0
5/13/2021 1:33:53 AM : kService.requestChannels.Count :0
5/13/2021 1:33:53 AM : kService.requestChannels.Count :0
5/13/2021 1:33:53 AM : kService.requestChannels.Count :0
5/13/2021 1:33:53 AM : kService.requestChannels.Count :0
5/13/2021 1:33:53 AM : kService.requestChannels.Count :0
5/13/2021 1:33:53 AM : kService.requestChannels.Count :0
5/13/2021 1:33:53 AM : kService.requestChannels.Count :0
5/13/2021 1:33:53 AM : kService.requestChannels.Count :0
5/13/2021 1:33:53 AM : kService.requestChannels.Count :0
5/13/2021 1:33:53 AM : kService.requestChannels.Count :0
5/13/2021 1:33:53 AM : kService.requestChannels.Count :0
5/13/2021 1:33:53 AM : kService.requestChannels.Count :0
5/13/2021 1:33:53 AM : kService.requestChannels.Count :0
5/13/2021 1:33:53 AM : kService.requestChannels.Count :0
5/13/2021 1:33:53 AM : kService.requestChannels.Count :0
5/13/2021 1:33:53 AM : kService.requestChannels.Count :0
5/13/2021 1:33:53 AM : kService.requestChannels.Count :0
5/13/2021 1:33:53 AM : kService.requestChannels.Count :0
5/13/2021 1:33:53 AM : kService.requestChannels.Count :0
5/13/2021 1:33:53 AM : kService.requestChannels.Count :0
5/13/2021 1:33:53 AM : kService.requestChannels.Count :0
5/13/2021 1:33:53 AM : kService.requestChannels.Count :0
5/13/2021 1:33:53 AM : kService.requestChannels.Count :0
5/13/2021 1:33:53 AM : kService.requestChannels.Count :0
5/13/2021 1:33:53 AM : kService.requestChannels.Count :0
5/13/2021 1:33:53 AM : kService.requestChannels.Count :0
5/13/2021 1:33:53 AM : kService.requestChannels.Count :0
5/13/2021 1:33:53 AM : kService.requestChannels.Count :0
5/13/2021 1:33:53 AM : kService.requestChannels.Count :0
5/13/2021 1:33:53 AM : kService.requestChannels.Count :0
5/13/2021 1:33:53 AM : ping
5/13/2021 1:33:55 AM : ping
5/13/2021 1:33:56 AM : ping
5/13/2021 1:33:57 AM : ping
5/13/2021 1:33:58 AM : ping
5/13/2021 1:33:59 AM : ping
5/13/2021 1:34:00 AM : ping
5/13/2021 1:34:01 AM : ping
5/13/2021 1:34:02 AM : ping
5/13/2021 1:34:03 AM : ping
5/13/2021 1:34:03 AM : kService.requestChannels.Count :0
5/13/2021 1:34:04 AM : ping
5/13/2021 1:34:05 AM : ping
5/13/2021 1:34:07 AM : ping
5/13/2021 1:34:08 AM : ping
5/13/2021 1:34:09 AM : ping
5/13/2021 1:34:10 AM : ping
5/13/2021 1:34:11 AM : ping
5/13/2021 1:34:12 AM : ping
5/13/2021 1:34:13 AM : ping
5/13/2021 1:34:14 AM : ping
5/13/2021 1:34:15 AM : ping
5/13/2021 1:34:16 AM : ping
5/13/2021 1:34:18 AM : ping
5/13/2021 1:34:19 AM : ping
5/13/2021 1:34:20 AM : ping
5/13/2021 1:34:21 AM : ping
5/13/2021 1:34:22 AM : ping
5/13/2021 1:34:23 AM : ping
5/13/2021 1:34:24 AM : ping
5/13/2021 1:34:25 AM : ping
5/13/2021 1:34:26 AM : ping
5/13/2021 1:34:27 AM : ping
5/13/2021 1:34:28 AM : ping
5/13/2021 1:34:30 AM : ping
5/13/2021 1:34:31 AM : ping
5/13/2021 1:34:32 AM : ping
5/13/2021 1:34:33 AM : ping
5/13/2021 1:34:34 AM : ping
5/13/2021 1:34:35 AM : ping
5/13/2021 1:34:36 AM : ping
5/13/2021 1:34:37 AM : ping
5/13/2021 1:34:38 AM : ping
5/13/2021 1:34:39 AM : ping
5/13/2021 1:34:41 AM : ping
5/13/2021 1:34:42 AM : ping
5/13/2021 1:34:43 AM : ping
5/13/2021 1:34:44 AM : ping
5/13/2021 1:34:45 AM : ping
5/13/2021 1:34:46 AM : ping
5/13/2021 1:34:47 AM : ping
5/13/2021 1:34:48 AM : ping
5/13/2021 1:34:49 AM : ping
5/13/2021 1:34:50 AM : ping
5/13/2021 1:34:51 AM : ping
5/13/2021 1:34:53 AM : ping
5/13/2021 1:34:54 AM : ping
5/13/2021 1:34:55 AM : ping
5/13/2021 1:34:56 AM : ping
5/13/2021 1:34:57 AM : ping
5/13/2021 1:34:58 AM : ping
5/13/2021 1:34:59 AM : ping
5/13/2021 1:35:00 AM : ping
5/13/2021 1:35:01 AM : ping
5/13/2021 1:35:02 AM : ping
5/13/2021 1:35:04 AM : ping
5/13/2021 1:35:05 AM : ping
5/13/2021 1:35:06 AM : ping
5/13/2021 1:35:07 AM : ping
5/13/2021 1:35:08 AM : ping
5/13/2021 1:35:09 AM : ping
5/13/2021 1:35:10 AM : ping
5/13/2021 1:35:11 AM : ping
5/13/2021 1:35:12 AM : ping
5/13/2021 1:35:13 AM : ping
5/13/2021 1:35:14 AM : ping
5/13/2021 1:35:16 AM : ping
5/13/2021 1:35:17 AM : ping
5/13/2021 1:35:18 AM : ping
5/13/2021 1:35:19 AM : ping
5/13/2021 1:35:20 AM : ping
5/13/2021 1:35:21 AM : ping
5/13/2021 1:35:22 AM : ping
5/13/2021 1:35:23 AM : ping
5/13/2021 1:35:23 AM : ~KChannel()
5/13/2021 1:35:23 AM : ~KChannel()
5/13/2021 1:35:23 AM : ~KChannel()
5/13/2021 1:35:23 AM : ~KChannel()
5/13/2021 1:35:23 AM : ~KChannel()
5/13/2021 1:35:23 AM : ~KChannel()
5/13/2021 1:35:23 AM : ~KChannel()
5/13/2021 1:35:23 AM : ~KChannel()
5/13/2021 1:35:23 AM : ~KChannel()
5/13/2021 1:35:23 AM : ~KChannel()
5/13/2021 1:35:23 AM : ~KChannel()
5/13/2021 1:35:23 AM : ~KChannel()
5/13/2021 1:35:23 AM : ~KChannel()
5/13/2021 1:35:23 AM : ~KChannel()
5/13/2021 1:35:23 AM : ~KChannel()
5/13/2021 1:35:23 AM : ~KChannel()
5/13/2021 1:35:23 AM : ~KChannel()
5/13/2021 1:35:23 AM : ~KChannel()
5/13/2021 1:35:23 AM : ~KChannel()
5/13/2021 1:35:23 AM : ~KChannel()
5/13/2021 1:35:23 AM : ~KChannel()
5/13/2021 1:35:23 AM : ~KChannel()
5/13/2021 1:35:23 AM : ~KChannel()
5/13/2021 1:35:23 AM : ~KChannel()
5/13/2021 1:35:23 AM : ~KChannel()
5/13/2021 1:35:23 AM : ~KChannel()
5/13/2021 1:35:23 AM : ~KChannel()
5/13/2021 1:35:23 AM : ~KChannel()
5/13/2021 1:35:23 AM : ~KChannel()
5/13/2021 1:35:23 AM : ~KChannel()
5/13/2021 1:35:23 AM : ~KChannel()
5/13/2021 1:35:23 AM : ~KChannel()
5/13/2021 1:35:23 AM : ~KChannel()
5/13/2021 1:35:23 AM : ~KChannel()
5/13/2021 1:35:23 AM : ~KChannel()
5/13/2021 1:35:23 AM : ~KChannel()
5/13/2021 1:35:23 AM : ~KChannel()
5/13/2021 1:35:23 AM : ~KChannel()
5/13/2021 1:35:23 AM : ~KChannel()
5/13/2021 1:35:23 AM : ~KChannel()
5/13/2021 1:35:23 AM : ~KChannel()
5/13/2021 1:35:24 AM : ping
5/13/2021 1:35:25 AM : ping
5/13/2021 1:35:27 AM : ping
5/13/2021 1:35:28 AM : ping
5/13/2021 1:35:29 AM : ping
5/13/2021 1:35:30 AM : ping
5/13/2021 1:35:31 AM : ping
5/13/2021 1:35:32 AM : ping
5/13/2021 1:35:33 AM : ping
5/13/2021 1:35:34 AM : ping
5/13/2021 1:35:35 AM : ping
5/13/2021 1:35:36 AM : ping
5/13/2021 1:35:37 AM : ping
5/13/2021 1:35:39 AM : ping
5/13/2021 1:35:40 AM : ping
5/13/2021 1:35:41 AM : ping
5/13/2021 1:35:42 AM : ping
5/13/2021 1:35:43 AM : ping
5/13/2021 1:35:44 AM : ping
5/13/2021 1:35:45 AM : ping
5/13/2021 1:35:46 AM : ping
5/13/2021 1:35:47 AM : ping
5/13/2021 1:35:48 AM : ping
5/13/2021 1:35:49 AM : ping
5/13/2021 1:35:51 AM : ping
5/13/2021 1:35:52 AM : ping
5/13/2021 1:35:53 AM : ping
5/13/2021 1:35:54 AM : ping
5/13/2021 1:35:55 AM : ping
5/13/2021 1:35:56 AM : ping
5/13/2021 1:35:58 AM : ping
5/13/2021 1:35:59 AM : ping
5/13/2021 1:36:01 AM : ping
5/13/2021 1:36:02 AM : ping
5/13/2021 1:36:03 AM : ping
5/13/2021 1:36:04 AM : ping
5/13/2021 1:36:05 AM : ping
5/13/2021 1:36:06 AM : ping
5/13/2021 1:36:07 AM : ping
5/13/2021 1:36:09 AM : ping
5/13/2021 1:36:10 AM : ping
5/13/2021 1:36:11 AM : ping
5/13/2021 1:36:12 AM : ping
5/13/2021 1:36:13 AM : ping
5/13/2021 1:36:14 AM : ping
5/13/2021 1:36:15 AM : ping
5/13/2021 1:36:16 AM : ping
5/13/2021 1:36:17 AM : ping
5/13/2021 1:36:18 AM : ping
5/13/2021 1:36:20 AM : ping
5/13/2021 1:36:21 AM : ping
5/13/2021 1:36:22 AM : ping
5/13/2021 1:36:23 AM : ping
5/13/2021 1:36:24 AM : ping
5/13/2021 1:36:25 AM : ping
5/13/2021 1:36:26 AM : ping
5/13/2021 1:36:27 AM : ping
5/13/2021 1:36:28 AM : ping
5/13/2021 1:36:29 AM : ping
5/13/2021 1:36:31 AM : ping
5/13/2021 1:36:32 AM : ping
5/13/2021 1:36:33 AM : ping
5/13/2021 1:36:34 AM : ping
5/13/2021 1:36:35 AM : ping
5/13/2021 1:36:36 AM : ping
5/13/2021 1:36:37 AM : ping
5/13/2021 1:36:38 AM : ping
5/13/2021 1:36:39 AM : ping
5/13/2021 1:36:40 AM : ping
5/13/2021 1:36:41 AM : ping
5/13/2021 1:36:43 AM : ping
5/13/2021 1:36:44 AM : ping
5/13/2021 1:36:45 AM : ping
5/13/2021 1:36:46 AM : ping
5/13/2021 1:36:47 AM : ping
5/13/2021 1:36:48 AM : ping
5/13/2021 1:36:49 AM : ping
5/13/2021 1:36:50 AM : ping
5/13/2021 1:36:51 AM : ping
5/13/2021 1:36:52 AM : ping
5/13/2021 1:36:54 AM : ping
5/13/2021 1:36:55 AM : ping
5/13/2021 1:36:56 AM : ping
5/13/2021 1:36:57 AM : ping
5/13/2021 1:36:58 AM : ping
5/13/2021 1:36:59 AM : ping
5/13/2021 1:37:00 AM : ping
5/13/2021 1:37:01 AM : ping
5/13/2021 1:37:02 AM : ping
5/13/2021 1:37:03 AM : ping
5/13/2021 1:37:05 AM : ping
5/13/2021 1:37:06 AM : ping
5/13/2021 1:37:07 AM : ping
5/13/2021 1:37:08 AM : ping
5/13/2021 1:37:09 AM : ping
5/13/2021 1:37:10 AM : ping
5/13/2021 1:37:11 AM : ping
5/13/2021 1:37:12 AM : ping
5/13/2021 1:37:13 AM : ping
5/13/2021 1:37:14 AM : ping
5/13/2021 1:37:15 AM : ping
5/13/2021 1:37:17 AM : ping
5/13/2021 1:37:18 AM : ping
5/13/2021 1:37:19 AM : ping
5/13/2021 1:37:20 AM : ping
5/13/2021 1:37:21 AM : ping
5/13/2021 1:37:22 AM : ping
5/13/2021 1:37:23 AM : ping
5/13/2021 1:37:24 AM : ping
5/13/2021 1:37:25 AM : ping
5/13/2021 1:37:26 AM : ping
5/13/2021 1:37:28 AM : ping
5/13/2021 1:37:29 AM : ping
5/13/2021 1:37:30 AM : ping
5/13/2021 1:37:31 AM : ping
5/13/2021 1:37:32 AM : ping
5/13/2021 1:37:33 AM : ping
5/13/2021 1:37:34 AM : ping
5/13/2021 1:37:35 AM : ping
5/13/2021 1:37:36 AM : ping
5/13/2021 1:37:37 AM : ping
5/13/2021 1:37:38 AM : ping
5/13/2021 1:37:40 AM : ping
5/13/2021 1:37:41 AM : ping
5/13/2021 1:37:42 AM : ping
5/13/2021 1:37:43 AM : ping
5/13/2021 1:37:44 AM : ping
5/13/2021 1:37:45 AM : ping
5/13/2021 1:37:46 AM : ping
5/13/2021 1:37:47 AM : ping
5/13/2021 1:37:48 AM : ping
5/13/2021 1:37:49 AM : ping
5/13/2021 1:37:50 AM : ping
5/13/2021 1:37:52 AM : ping
5/13/2021 1:37:53 AM : ping
5/13/2021 1:37:54 AM : ping
5/13/2021 1:37:55 AM : ping
5/13/2021 1:37:56 AM : ping
5/13/2021 1:37:57 AM : ping
5/13/2021 1:37:58 AM : ping
5/13/2021 1:37:59 AM : ping
5/13/2021 1:38:00 AM : ping
5/13/2021 1:38:01 AM : ping
5/13/2021 1:38:03 AM : ping
5/13/2021 1:38:04 AM : ping
5/13/2021 1:38:05 AM : ping
5/13/2021 1:38:06 AM : ping
5/13/2021 1:38:07 AM : ping
5/13/2021 1:38:08 AM : ping
5/13/2021 1:38:09 AM : ping
5/13/2021 1:38:10 AM : ping
5/13/2021 1:38:11 AM : ping
5/13/2021 1:38:12 AM : ping
5/13/2021 1:38:13 AM : ping
5/13/2021 1:38:15 AM : ping
5/13/2021 1:38:16 AM : ping
5/13/2021 1:38:17 AM : ping
5/13/2021 1:38:18 AM : ping
5/13/2021 1:38:19 AM : ping
5/13/2021 1:38:20 AM : ping
5/13/2021 1:38:21 AM : ping
5/13/2021 1:38:22 AM : ping
5/13/2021 1:38:23 AM : ping
5/13/2021 1:38:24 AM : ping
5/13/2021 1:38:26 AM : ping
5/13/2021 1:38:27 AM : ping
5/13/2021 1:38:28 AM : ping
5/13/2021 1:38:29 AM : ping
5/13/2021 1:38:30 AM : ping
5/13/2021 1:38:31 AM : ping
5/13/2021 1:38:32 AM : ping
5/13/2021 1:38:33 AM : ping
5/13/2021 1:38:34 AM : ping
5/13/2021 1:38:35 AM : ping
5/13/2021 1:38:36 AM : ping
5/13/2021 1:38:38 AM : ping
5/13/2021 1:38:39 AM : ping
5/13/2021 1:38:40 AM : ping
5/13/2021 1:38:41 AM : ping
5/13/2021 1:38:42 AM : ping
5/13/2021 1:38:43 AM : ping
5/13/2021 1:38:44 AM : ping
5/13/2021 1:38:45 AM : ping
5/13/2021 1:38:46 AM : ping
5/13/2021 1:38:47 AM : ping
5/13/2021 1:38:49 AM : ping
5/13/2021 1:38:50 AM : ping
5/13/2021 1:38:51 AM : ping
5/13/2021 1:38:52 AM : ping
5/13/2021 1:38:53 AM : ping
5/13/2021 1:38:54 AM : ping
5/13/2021 1:38:55 AM : ping
5/13/2021 1:38:56 AM : ping
5/13/2021 1:38:57 AM : ping
5/13/2021 1:38:58 AM : ping
5/13/2021 1:38:59 AM : ping
5/13/2021 1:39:01 AM : ping
5/13/2021 1:39:02 AM : ping
5/13/2021 1:39:03 AM : ping
5/13/2021 1:39:04 AM : ping
5/13/2021 1:39:05 AM : ping
5/13/2021 1:39:06 AM : ping
5/13/2021 1:39:07 AM : ping
5/13/2021 1:39:08 AM : ping
5/13/2021 1:39:09 AM : ping
5/13/2021 1:39:10 AM : ping
5/13/2021 1:39:11 AM : ping
5/13/2021 1:39:13 AM : ping
5/13/2021 1:39:14 AM : ping
5/13/2021 1:39:15 AM : ping
5/13/2021 1:39:16 AM : ping
5/13/2021 1:39:17 AM : ping
5/13/2021 1:39:18 AM : ping
5/13/2021 1:39:19 AM : ping
5/13/2021 1:39:20 AM : ping
5/13/2021 1:39:21 AM : ping
5/13/2021 1:39:22 AM : ping
5/13/2021 1:39:24 AM : ping
5/13/2021 1:39:25 AM : ping
5/13/2021 1:39:26 AM : ping
5/13/2021 1:39:27 AM : ping
5/13/2021 1:39:28 AM : ping
5/13/2021 1:39:29 AM : ping
5/13/2021 1:39:30 AM : ping
5/13/2021 1:39:31 AM : ping
5/13/2021 1:39:32 AM : ping
5/13/2021 1:39:33 AM : ping
5/13/2021 1:39:34 AM : ping
5/13/2021 1:39:36 AM : ping
5/13/2021 1:39:37 AM : ping
5/13/2021 1:39:38 AM : ping
5/13/2021 1:39:39 AM : ping
5/13/2021 1:39:40 AM : ping
5/13/2021 1:39:41 AM : ping
5/13/2021 1:39:42 AM : ping
5/13/2021 1:39:43 AM : ping
5/13/2021 1:39:44 AM : ping
5/13/2021 1:39:45 AM : ping
5/13/2021 1:39:46 AM : ping
5/13/2021 1:39:48 AM : ping
5/13/2021 1:39:49 AM : ping
5/13/2021 1:39:50 AM : ping
5/13/2021 1:39:51 AM : ping
5/13/2021 1:39:52 AM : ping
5/13/2021 1:39:53 AM : ping
5/13/2021 1:39:54 AM : ping
5/13/2021 1:39:55 AM : ping
5/13/2021 1:39:56 AM : ping
5/13/2021 1:39:57 AM : ping
5/13/2021 1:39:58 AM : ping
5/13/2021 1:40:00 AM : ping
5/13/2021 1:40:01 AM : ping
5/13/2021 1:40:02 AM : ping
5/13/2021 1:40:03 AM : ping
5/13/2021 1:40:04 AM : ping
5/13/2021 1:40:05 AM : ping
5/13/2021 1:40:06 AM : ping
5/13/2021 1:40:07 AM : ping
5/13/2021 1:40:08 AM : ping
5/13/2021 1:40:09 AM : ping
5/13/2021 1:40:11 AM : ping
5/13/2021 1:40:12 AM : ping
5/13/2021 1:40:13 AM : ping
5/13/2021 1:40:14 AM : ping
5/13/2021 1:40:15 AM : ping
5/13/2021 1:40:16 AM : ping
5/13/2021 1:40:17 AM : ping
5/13/2021 1:40:18 AM : ping
5/13/2021 1:40:19 AM : ping
5/13/2021 1:40:20 AM : ping
5/13/2021 1:40:21 AM : ping
5/13/2021 1:40:23 AM : ping
5/13/2021 1:40:24 AM : ping
5/13/2021 1:40:25 AM : ping
5/13/2021 1:40:26 AM : ping
5/13/2021 1:40:27 AM : ping
5/13/2021 1:40:28 AM : ping
5/13/2021 1:40:29 AM : ping
5/13/2021 1:40:30 AM : ping
5/13/2021 1:40:31 AM : ping
5/13/2021 1:40:32 AM : ping
5/13/2021 1:40:33 AM : ping
5/13/2021 1:40:35 AM : ping
5/13/2021 1:40:36 AM : ping
5/13/2021 1:40:37 AM : ping
5/13/2021 1:40:38 AM : ping
5/13/2021 1:40:39 AM : ping
5/13/2021 1:40:40 AM : ping
5/13/2021 1:40:41 AM : ping
5/13/2021 1:40:42 AM : ping
5/13/2021 1:40:43 AM : ping
5/13/2021 1:40:44 AM : ping
5/13/2021 1:40:45 AM : ping
5/13/2021 1:40:47 AM : ping
5/13/2021 1:40:48 AM : ping
5/13/2021 1:40:49 AM : ping
5/13/2021 1:40:50 AM : ping
5/13/2021 1:40:51 AM : ping
5/13/2021 1:40:52 AM : ping
5/13/2021 1:40:53 AM : ping
5/13/2021 1:40:54 AM : ping
5/13/2021 1:40:55 AM : ping
5/13/2021 1:40:56 AM : ping
5/13/2021 1:40:58 AM : ping
5/13/2021 1:40:59 AM : ping
5/13/2021 1:41:00 AM : ping
5/13/2021 1:41:01 AM : ping
5/13/2021 1:41:02 AM : ping
5/13/2021 1:41:03 AM : ping
5/13/2021 1:41:04 AM : ping
5/13/2021 1:41:05 AM : ping
5/13/2021 1:41:06 AM : ping
5/13/2021 1:41:07 AM : ping
5/13/2021 1:41:08 AM : ping
5/13/2021 1:41:10 AM : ping
5/13/2021 1:41:11 AM : ping
5/13/2021 1:41:12 AM : ping
5/13/2021 1:41:13 AM : ping
5/13/2021 1:41:14 AM : ping
5/13/2021 1:41:15 AM : ping
5/13/2021 1:41:16 AM : ping
5/13/2021 1:41:17 AM : ping
5/13/2021 1:41:18 AM : ping
5/13/2021 1:41:19 AM : ping
5/13/2021 1:41:20 AM : ping
5/13/2021 1:41:22 AM : ping
5/13/2021 1:41:23 AM : ping
5/13/2021 1:41:24 AM : ping
5/13/2021 1:41:25 AM : ping
5/13/2021 1:41:26 AM : ping
5/13/2021 1:41:27 AM : ping
5/13/2021 1:41:28 AM : ping
5/13/2021 1:41:29 AM : ping
5/13/2021 1:41:30 AM : ping
5/13/2021 1:41:31 AM : ping
5/13/2021 1:41:32 AM : ping
5/13/2021 1:41:34 AM : ping
5/13/2021 1:41:35 AM : ping
5/13/2021 1:41:36 AM : ping
5/13/2021 1:41:37 AM : ping
5/13/2021 1:41:38 AM : ping
5/13/2021 1:41:39 AM : ping
5/13/2021 1:41:40 AM : ping
5/13/2021 1:41:41 AM : ping
5/13/2021 1:41:42 AM : ping
5/13/2021 1:41:43 AM : ping
5/13/2021 1:41:45 AM : ping
5/13/2021 1:41:46 AM : ping
5/13/2021 1:41:47 AM : ping
5/13/2021 1:41:48 AM : ping
5/13/2021 1:41:49 AM : ping
5/13/2021 1:41:50 AM : ping
5/13/2021 1:41:51 AM : ping
5/13/2021 1:41:52 AM : ping
5/13/2021 1:41:53 AM : ping
5/13/2021 1:41:54 AM : ping
5/13/2021 1:41:55 AM : ping
5/13/2021 1:41:57 AM : ping
5/13/2021 1:41:58 AM : ping
5/13/2021 1:41:59 AM : ping
5/13/2021 1:42:00 AM : ping
5/13/2021 1:42:01 AM : ping
5/13/2021 1:42:02 AM : ping
5/13/2021 1:42:03 AM : ping
5/13/2021 1:42:04 AM : ping
5/13/2021 1:42:05 AM : ping
5/13/2021 1:42:06 AM : ping
5/13/2021 1:42:07 AM : ping
5/13/2021 1:42:09 AM : ping
5/13/2021 1:42:10 AM : ping
5/13/2021 1:42:11 AM : ping
5/13/2021 1:42:12 AM : ping
5/13/2021 1:42:13 AM : ping
5/13/2021 1:42:14 AM : ping
5/13/2021 1:42:15 AM : ping
5/13/2021 1:42:16 AM : ping
5/13/2021 1:42:17 AM : ping
5/13/2021 1:42:18 AM : ping
5/13/2021 1:42:19 AM : ping
5/13/2021 1:42:21 AM : ping
5/13/2021 1:42:22 AM : ping
5/13/2021 1:42:23 AM : ping
5/13/2021 1:42:24 AM : ping
5/13/2021 1:42:25 AM : ping
5/13/2021 1:42:26 AM : ping
5/13/2021 1:42:27 AM : ping
5/13/2021 1:42:28 AM : ping
5/13/2021 1:42:29 AM : ping
5/13/2021 1:42:30 AM : ping
5/13/2021 1:42:32 AM : ping
5/13/2021 1:42:33 AM : ping
5/13/2021 1:42:34 AM : ping
5/13/2021 1:42:35 AM : ping
5/13/2021 1:42:36 AM : ping
5/13/2021 1:42:37 AM : ping
5/13/2021 1:42:38 AM : ping
5/13/2021 1:42:39 AM : ping
5/13/2021 1:42:40 AM : ping
5/13/2021 1:42:41 AM : ping
5/13/2021 1:42:42 AM : ping
5/13/2021 1:42:44 AM : ping
5/13/2021 1:42:45 AM : ping
5/13/2021 1:42:46 AM : ping
5/13/2021 1:42:47 AM : ping
5/13/2021 1:42:48 AM : ping
5/13/2021 1:42:49 AM : ping
5/13/2021 1:42:50 AM : ping
5/13/2021 1:42:51 AM : ping
5/13/2021 1:42:52 AM : ping
5/13/2021 1:42:53 AM : ping
5/13/2021 1:42:54 AM : ping
5/13/2021 1:42:56 AM : ping
5/13/2021 1:42:57 AM : ping
5/13/2021 1:42:58 AM : ping
5/13/2021 1:42:59 AM : ping
5/13/2021 1:43:00 AM : ping
5/13/2021 1:43:01 AM : ping
5/13/2021 1:43:02 AM : ping
5/13/2021 1:43:03 AM : ping
5/13/2021 1:43:04 AM : ping
5/13/2021 1:43:05 AM : ping
5/13/2021 1:43:07 AM : ping
5/13/2021 1:43:08 AM : ping
5/13/2021 1:43:09 AM : ping
5/13/2021 1:43:10 AM : ping
5/13/2021 1:43:11 AM : ping
5/13/2021 1:43:12 AM : ping
5/13/2021 1:43:13 AM : ping
5/13/2021 1:43:14 AM : ping
5/13/2021 1:43:15 AM : ping
5/13/2021 1:43:16 AM : ping
5/13/2021 1:43:17 AM : ping
5/13/2021 1:43:19 AM : ping
5/13/2021 1:43:20 AM : ping
5/13/2021 1:43:21 AM : ping
5/13/2021 1:43:22 AM : ping
5/13/2021 1:43:23 AM : ping
5/13/2021 1:43:24 AM : ping
5/13/2021 1:43:25 AM : ping
5/13/2021 1:43:26 AM : ping
5/13/2021 1:43:27 AM : ping
5/13/2021 1:43:28 AM : ping
5/13/2021 1:43:29 AM : ping
5/13/2021 1:43:31 AM : ping
5/13/2021 1:43:32 AM : ping
5/13/2021 1:43:33 AM : ping
5/13/2021 1:43:34 AM : ping
5/13/2021 1:43:35 AM : ping
5/13/2021 1:43:36 AM : ping
5/13/2021 1:43:37 AM : ping
5/13/2021 1:43:38 AM : ping
5/13/2021 1:43:40 AM : ping
5/13/2021 1:43:41 AM : ping
5/13/2021 1:43:42 AM : ping
5/13/2021 1:43:43 AM : ping
5/13/2021 1:43:44 AM : ping
5/13/2021 1:43:45 AM : ping
5/13/2021 1:43:46 AM : ping
5/13/2021 1:43:48 AM : ping
5/13/2021 1:43:49 AM : ping
5/13/2021 1:43:50 AM : ping
5/13/2021 1:43:51 AM : ping
5/13/2021 1:43:52 AM : ping
5/13/2021 1:43:53 AM : ping
5/13/2021 1:43:54 AM : ping
5/13/2021 1:43:55 AM : ping
5/13/2021 1:43:57 AM : ping
5/13/2021 1:43:58 AM : ping
5/13/2021 1:43:59 AM : ping
5/13/2021 1:44:00 AM : ping
5/13/2021 1:44:01 AM : ping
5/13/2021 1:44:02 AM : ping
5/13/2021 1:44:03 AM : ping
5/13/2021 1:44:05 AM : ping
5/13/2021 1:44:06 AM : ping
5/13/2021 1:44:07 AM : ping
5/13/2021 1:44:08 AM : ping
5/13/2021 1:44:09 AM : ping
5/13/2021 1:44:10 AM : ping
5/13/2021 1:44:11 AM : ping
5/13/2021 1:44:13 AM : ping
5/13/2021 1:44:14 AM : ping
5/13/2021 1:44:15 AM : ping
5/13/2021 1:44:16 AM : ping
5/13/2021 1:44:17 AM : ping
5/13/2021 1:44:18 AM : ping
5/13/2021 1:44:19 AM : ping
5/13/2021 1:44:20 AM : ping
5/13/2021 1:44:21 AM : ping
5/13/2021 1:44:23 AM : ping
5/13/2021 1:44:24 AM : ping
5/13/2021 1:44:25 AM : ping
5/13/2021 1:44:26 AM : ping
5/13/2021 1:44:27 AM : ping
5/13/2021 1:44:28 AM : ping
5/13/2021 1:44:29 AM : ping
5/13/2021 1:44:30 AM : ping
5/13/2021 1:44:32 AM : ping
5/13/2021 1:44:33 AM : ping
5/13/2021 1:44:34 AM : ping
5/13/2021 1:44:35 AM : ping
5/13/2021 1:44:36 AM : ping
5/13/2021 1:44:37 AM : ping
5/13/2021 1:44:38 AM : ping
5/13/2021 1:44:39 AM : ping
5/13/2021 1:44:40 AM : ping
5/13/2021 1:44:42 AM : ping
5/13/2021 1:44:43 AM : ping
5/13/2021 1:44:44 AM : ping
5/13/2021 1:44:45 AM : ping
5/13/2021 1:44:46 AM : ping
5/13/2021 1:44:47 AM : ping
5/13/2021 1:44:48 AM : ping
5/13/2021 1:44:49 AM : ping
5/13/2021 1:44:50 AM : ping
5/13/2021 1:44:51 AM : ping
5/13/2021 1:44:52 AM : ping
5/13/2021 1:44:54 AM : ping
5/13/2021 1:44:55 AM : ping
5/13/2021 1:44:56 AM : ping
5/13/2021 1:44:57 AM : ping
5/13/2021 1:44:58 AM : ping
5/13/2021 1:44:59 AM : ping
5/13/2021 1:45:00 AM : ping
5/13/2021 1:45:01 AM : ping
5/13/2021 1:45:02 AM : ping
5/13/2021 1:45:03 AM : ping
5/13/2021 1:45:05 AM : ping
5/13/2021 1:45:06 AM : ping
5/13/2021 1:45:07 AM : ping
5/13/2021 1:45:08 AM : ping
5/13/2021 1:45:09 AM : ping
5/13/2021 1:45:10 AM : ping
5/13/2021 1:45:11 AM : ping
5/13/2021 1:45:12 AM : ping
5/13/2021 1:45:13 AM : ping
5/13/2021 1:45:14 AM : ping
5/13/2021 1:45:15 AM : ping
5/13/2021 1:45:17 AM : ping
5/13/2021 1:45:18 AM : ping
5/13/2021 1:45:19 AM : ping
5/13/2021 1:45:20 AM : ping
5/13/2021 1:45:21 AM : ping
5/13/2021 1:45:22 AM : ping
5/13/2021 1:45:23 AM : ping
5/13/2021 1:45:24 AM : ping
5/13/2021 1:45:25 AM : ping
5/13/2021 1:45:26 AM : ping
5/13/2021 1:45:28 AM : ping
5/13/2021 1:45:29 AM : ping
5/13/2021 1:45:30 AM : ping
5/13/2021 1:45:31 AM : ping
5/13/2021 1:45:32 AM : ping
5/13/2021 1:45:33 AM : ping
5/13/2021 1:45:34 AM : ping
5/13/2021 1:45:35 AM : ping
5/13/2021 1:45:36 AM : ping
5/13/2021 1:45:37 AM : ping
5/13/2021 1:45:38 AM : ping
5/13/2021 1:45:40 AM : ping
5/13/2021 1:45:41 AM : ping
5/13/2021 1:45:42 AM : ping
5/13/2021 1:45:43 AM : ping
5/13/2021 1:45:44 AM : ping
5/13/2021 1:45:45 AM : ping
5/13/2021 1:45:46 AM : ping
5/13/2021 1:45:47 AM : ping
5/13/2021 1:45:48 AM : ping
5/13/2021 1:45:49 AM : ping
5/13/2021 1:45:51 AM : ping
5/13/2021 1:45:52 AM : ping
5/13/2021 1:45:53 AM : ping
5/13/2021 1:45:54 AM : ping
5/13/2021 1:45:55 AM : ping
5/13/2021 1:45:56 AM : ping
5/13/2021 1:45:57 AM : ping
5/13/2021 1:45:58 AM : ping
5/13/2021 1:45:59 AM : ping
5/13/2021 1:46:00 AM : ping
5/13/2021 1:46:01 AM : ping
5/13/2021 1:46:03 AM : ping
5/13/2021 1:46:04 AM : ping
5/13/2021 1:46:05 AM : ping
5/13/2021 1:46:06 AM : ping
5/13/2021 1:46:07 AM : ping
5/13/2021 1:46:08 AM : ping
5/13/2021 1:46:09 AM : ping
5/13/2021 1:46:10 AM : ping
5/13/2021 1:46:11 AM : ping
5/13/2021 1:46:12 AM : ping
5/13/2021 1:46:14 AM : ping
5/13/2021 1:46:15 AM : ping
5/13/2021 1:46:16 AM : ping
5/13/2021 1:46:17 AM : ping
5/13/2021 1:46:18 AM : ping
5/13/2021 1:46:19 AM : ping
5/13/2021 1:46:20 AM : ping
5/13/2021 1:46:21 AM : ping
5/13/2021 1:46:22 AM : ping
5/13/2021 1:46:23 AM : ping
5/13/2021 1:46:24 AM : ping
5/13/2021 1:46:26 AM : ping
5/13/2021 1:46:27 AM : ping
5/13/2021 1:46:28 AM : ping
5/13/2021 1:46:29 AM : ping
5/13/2021 1:46:30 AM : ping
5/13/2021 1:46:31 AM : ping
5/13/2021 1:46:32 AM : ping
5/13/2021 1:46:33 AM : ping
5/13/2021 1:46:34 AM : ping
5/13/2021 1:46:35 AM : ping
5/13/2021 1:46:37 AM : ping
5/13/2021 1:46:38 AM : ping
5/13/2021 1:46:39 AM : ping
5/13/2021 1:46:40 AM : ping
5/13/2021 1:46:41 AM : ping
5/13/2021 1:46:42 AM : ping
5/13/2021 1:46:43 AM : ping
5/13/2021 1:46:44 AM : ping
5/13/2021 1:46:45 AM : ping
5/13/2021 1:46:46 AM : ping
5/13/2021 1:46:47 AM : ping
5/13/2021 1:46:49 AM : ping
5/13/2021 1:46:50 AM : ping
5/13/2021 1:46:51 AM : ping
5/13/2021 1:46:52 AM : ping
5/13/2021 1:46:53 AM : ping
5/13/2021 1:46:54 AM : ping
5/13/2021 1:46:55 AM : ping
5/13/2021 1:46:56 AM : ping
5/13/2021 1:46:57 AM : ping
5/13/2021 1:46:58 AM : ping
5/13/2021 1:47:00 AM : ping
5/13/2021 1:47:01 AM : ping
5/13/2021 1:47:02 AM : ping
5/13/2021 1:47:03 AM : ping
5/13/2021 1:47:04 AM : ping
5/13/2021 1:47:05 AM : ping
5/13/2021 1:47:06 AM : ping
5/13/2021 1:47:07 AM : ping
5/13/2021 1:47:08 AM : ping
5/13/2021 1:47:09 AM : ping
5/13/2021 1:47:11 AM : ping
5/13/2021 1:47:12 AM : ping
5/13/2021 1:47:13 AM : ping
5/13/2021 1:47:14 AM : ping
5/13/2021 1:47:15 AM : ping
5/13/2021 1:47:16 AM : ping
5/13/2021 1:47:17 AM : ping
5/13/2021 1:47:18 AM : ping
5/13/2021 1:47:19 AM : ping
5/13/2021 1:47:20 AM : ping
5/13/2021 1:47:21 AM : ping
5/13/2021 1:47:23 AM : ping
5/13/2021 1:47:24 AM : ping
5/13/2021 1:47:25 AM : ping
5/13/2021 1:47:26 AM : ping
5/13/2021 1:47:27 AM : ping
5/13/2021 1:47:28 AM : ping
5/13/2021 1:47:29 AM : ping
5/13/2021 1:47:30 AM : ping
5/13/2021 1:47:31 AM : ping
5/13/2021 1:47:32 AM : ping
5/13/2021 1:47:34 AM : ping
5/13/2021 1:47:35 AM : ping
5/13/2021 1:47:36 AM : ping
5/13/2021 1:47:37 AM : ping
5/13/2021 1:47:38 AM : ping
5/13/2021 1:47:39 AM : ping
5/13/2021 1:47:40 AM : ping
5/13/2021 1:47:41 AM : ping
5/13/2021 1:47:42 AM : ping
5/13/2021 1:47:43 AM : ping
5/13/2021 1:47:44 AM : ping
5/13/2021 1:47:46 AM : ping
5/13/2021 1:47:47 AM : ping
5/13/2021 1:47:48 AM : ping
5/13/2021 1:47:49 AM : ping
5/13/2021 1:47:50 AM : ping
5/13/2021 1:47:51 AM : ping
5/13/2021 1:47:52 AM : ping
5/13/2021 1:47:53 AM : ping
5/13/2021 1:47:54 AM : ping
5/13/2021 1:47:55 AM : ping
5/13/2021 1:47:57 AM : ping
5/13/2021 1:47:58 AM : ping
5/13/2021 1:47:59 AM : ping
5/13/2021 1:48:00 AM : ping
5/13/2021 1:48:01 AM : ping
5/13/2021 1:48:02 AM : ping
5/13/2021 1:48:03 AM : ping
5/13/2021 1:48:04 AM : ping
5/13/2021 1:48:05 AM : ping
5/13/2021 1:48:06 AM : ping
5/13/2021 1:48:07 AM : ping
5/13/2021 1:48:09 AM : ping
5/13/2021 1:48:10 AM : ping
5/13/2021 1:48:11 AM : ping
5/13/2021 1:48:12 AM : ping
5/13/2021 1:48:13 AM : ping
5/13/2021 1:48:14 AM : ping
5/13/2021 1:48:15 AM : ping
5/13/2021 1:48:16 AM : ping
5/13/2021 1:48:17 AM : ping
5/13/2021 1:48:18 AM : ping
5/13/2021 1:48:20 AM : ping
5/13/2021 1:48:21 AM : ping
5/13/2021 1:48:22 AM : ping
5/13/2021 1:48:23 AM : ping
5/13/2021 1:48:24 AM : ping
5/13/2021 1:48:25 AM : ping
5/13/2021 1:48:26 AM : ping
5/13/2021 1:48:27 AM : ping
5/13/2021 1:48:28 AM : ping
5/13/2021 1:48:29 AM : ping
5/13/2021 1:48:30 AM : ping
5/13/2021 1:48:32 AM : ping
5/13/2021 1:48:33 AM : ping
5/13/2021 1:48:34 AM : ping
5/13/2021 1:48:35 AM : ping
5/13/2021 1:48:36 AM : ping
5/13/2021 1:48:37 AM : ping
5/13/2021 1:48:38 AM : ping
5/13/2021 1:48:39 AM : ping
5/13/2021 1:48:40 AM : ping
5/13/2021 1:48:41 AM : ping
5/13/2021 1:48:43 AM : ping
5/13/2021 1:48:44 AM : ping
5/13/2021 1:48:45 AM : ping
5/13/2021 1:48:46 AM : ping
5/13/2021 1:48:47 AM : ping
5/13/2021 1:48:48 AM : ping
5/13/2021 1:48:49 AM : ping
5/13/2021 1:48:50 AM : ping
5/13/2021 1:48:51 AM : ping
5/13/2021 1:48:52 AM : ping
5/13/2021 1:48:53 AM : ping
5/13/2021 1:48:55 AM : ping
5/13/2021 1:48:56 AM : ping
5/13/2021 1:48:57 AM : ping
5/13/2021 1:48:58 AM : ping
5/13/2021 1:48:59 AM : ping
5/13/2021 1:49:00 AM : ping
5/13/2021 1:49:01 AM : ping
5/13/2021 1:49:02 AM : ping
5/13/2021 1:49:03 AM : ping
5/13/2021 1:49:04 AM : ping
5/13/2021 1:49:06 AM : ping
5/13/2021 1:49:07 AM : ping
5/13/2021 1:49:08 AM : ping
5/13/2021 1:49:09 AM : ping
5/13/2021 1:49:10 AM : ping
5/13/2021 1:49:11 AM : ping
5/13/2021 1:49:12 AM : ping
5/13/2021 1:49:13 AM : ping
5/13/2021 1:49:14 AM : ping
5/13/2021 1:49:15 AM : ping
5/13/2021 1:49:17 AM : ping
5/13/2021 1:49:18 AM : ping
5/13/2021 1:49:19 AM : ping
5/13/2021 1:49:20 AM : ping
5/13/2021 1:49:21 AM : ping
5/13/2021 1:49:22 AM : ping
5/13/2021 1:49:23 AM : ping
5/13/2021 1:49:24 AM : ping
5/13/2021 1:49:25 AM : ping
5/13/2021 1:49:26 AM : ping
5/13/2021 1:49:27 AM : ping
5/13/2021 1:49:29 AM : ping
5/13/2021 1:49:30 AM : ping
5/13/2021 1:49:31 AM : ping
5/13/2021 1:49:32 AM : ping
5/13/2021 1:49:33 AM : ping
5/13/2021 1:49:34 AM : ping
5/13/2021 1:49:35 AM : ping
5/13/2021 1:49:36 AM : ping
5/13/2021 1:49:37 AM : ping
5/13/2021 1:49:38 AM : ping
5/13/2021 1:49:40 AM : ping
5/13/2021 1:49:41 AM : ping
5/13/2021 1:49:42 AM : ping
5/13/2021 1:49:43 AM : ping
5/13/2021 1:49:44 AM : ping
5/13/2021 1:49:45 AM : ping
5/13/2021 1:49:46 AM : ping
5/13/2021 1:49:47 AM : ping
5/13/2021 1:49:48 AM : ping
5/13/2021 1:49:49 AM : ping
5/13/2021 1:49:50 AM : ping
5/13/2021 1:49:52 AM : ping
5/13/2021 1:49:53 AM : ping
5/13/2021 1:49:54 AM : ping
5/13/2021 1:49:55 AM : ping
5/13/2021 1:49:56 AM : ping
5/13/2021 1:49:57 AM : ping
5/13/2021 1:49:58 AM : ping
5/13/2021 1:49:59 AM : ping
5/13/2021 1:50:00 AM : ping
5/13/2021 1:50:01 AM : ping
5/13/2021 1:50:03 AM : ping
5/13/2021 1:50:04 AM : ping
5/13/2021 1:50:05 AM : ping
5/13/2021 1:50:06 AM : ping
5/13/2021 1:50:07 AM : ping
5/13/2021 1:50:08 AM : ping
5/13/2021 1:50:09 AM : ping
5/13/2021 1:50:10 AM : ping
5/13/2021 1:50:11 AM : ping
5/13/2021 1:50:12 AM : ping
5/13/2021 1:50:13 AM : ping
5/13/2021 1:50:15 AM : ping
5/13/2021 1:50:16 AM : ping
5/13/2021 1:50:17 AM : ping
5/13/2021 1:50:18 AM : ping
5/13/2021 1:50:19 AM : ping
5/13/2021 1:50:20 AM : ping
5/13/2021 1:50:21 AM : ping
5/13/2021 1:50:22 AM : ping
5/13/2021 1:50:23 AM : ping
5/13/2021 1:50:24 AM : ping
5/13/2021 1:50:26 AM : ping
5/13/2021 1:50:27 AM : ping
5/13/2021 1:50:28 AM : ping
5/13/2021 1:50:29 AM : ping
5/13/2021 1:50:30 AM : ping
5/13/2021 1:50:31 AM : ping
5/13/2021 1:50:32 AM : ping
5/13/2021 1:50:33 AM : ping
5/13/2021 1:50:34 AM : ping
5/13/2021 1:50:35 AM : ping
5/13/2021 1:50:36 AM : ping
5/13/2021 1:50:38 AM : ping
5/13/2021 1:50:39 AM : ping
5/13/2021 1:50:40 AM : ping
5/13/2021 1:50:41 AM : ping
5/13/2021 1:50:42 AM : ping
5/13/2021 1:50:43 AM : ping
5/13/2021 1:50:44 AM : ping
5/13/2021 1:50:45 AM : ping
5/13/2021 1:50:46 AM : ping
5/13/2021 1:50:47 AM : ping
5/13/2021 1:50:49 AM : ping
5/13/2021 1:50:50 AM : ping
5/13/2021 1:50:51 AM : ping
5/13/2021 1:50:52 AM : ping
5/13/2021 1:50:53 AM : ping
5/13/2021 1:50:54 AM : ping
5/13/2021 1:50:55 AM : ping
5/13/2021 1:50:56 AM : ping
5/13/2021 1:50:57 AM : ping
5/13/2021 1:50:58 AM : ping
5/13/2021 1:51:00 AM : ping
5/13/2021 1:51:01 AM : ping
5/13/2021 1:51:02 AM : ping
5/13/2021 1:51:03 AM : ping
5/13/2021 1:51:04 AM : ping
5/13/2021 1:51:05 AM : ping
5/13/2021 1:51:06 AM : ping
5/13/2021 1:51:07 AM : ping
5/13/2021 1:51:08 AM : ping
5/13/2021 1:51:09 AM : ping
5/13/2021 1:51:10 AM : ping
5/13/2021 1:51:12 AM : ping
5/13/2021 1:51:13 AM : ping
5/13/2021 1:51:14 AM : ping
5/13/2021 1:51:15 AM : ping
5/13/2021 1:51:16 AM : ping
5/13/2021 1:51:17 AM : ping
5/13/2021 1:51:18 AM : ping
5/13/2021 1:51:19 AM : ping
5/13/2021 1:51:20 AM : ping
5/13/2021 1:51:21 AM : ping
5/13/2021 1:51:23 AM : ping
5/13/2021 1:51:24 AM : ping
5/13/2021 1:51:25 AM : ping
5/13/2021 1:51:26 AM : ping
5/13/2021 1:51:27 AM : ping
5/13/2021 1:51:28 AM : ping
5/13/2021 1:51:29 AM : ping
5/13/2021 1:51:30 AM : ping
5/13/2021 1:51:31 AM : ping
5/13/2021 1:51:32 AM : ping
5/13/2021 1:51:33 AM : ping
5/13/2021 1:51:35 AM : ping
5/13/2021 1:51:36 AM : ping
5/13/2021 1:51:37 AM : ping
5/13/2021 1:51:38 AM : ping
5/13/2021 1:51:39 AM : ping
5/13/2021 1:51:40 AM : ping
5/13/2021 1:51:41 AM : ping
5/13/2021 1:51:42 AM : ping
5/13/2021 1:51:43 AM : ping
5/13/2021 1:51:44 AM : ping
5/13/2021 1:51:46 AM : ping
5/13/2021 1:51:47 AM : ping
5/13/2021 1:51:48 AM : ping
5/13/2021 1:51:49 AM : ping
5/13/2021 1:51:50 AM : ping
5/13/2021 1:51:51 AM : ping
5/13/2021 1:51:52 AM : ping
5/13/2021 1:51:53 AM : ping
5/13/2021 1:51:54 AM : ping
5/13/2021 1:51:55 AM : ping
5/13/2021 1:51:56 AM : ping
5/13/2021 1:51:58 AM : ping
5/13/2021 1:51:59 AM : ping
5/13/2021 1:52:00 AM : ping
5/13/2021 1:52:01 AM : ping
5/13/2021 1:52:02 AM : ping
5/13/2021 1:52:03 AM : ping
5/13/2021 1:52:04 AM : ping
5/13/2021 1:52:05 AM : ping
5/13/2021 1:52:06 AM : ping
5/13/2021 1:52:07 AM : ping
5/13/2021 1:52:09 AM : ping
5/13/2021 1:52:10 AM : ping
5/13/2021 1:52:11 AM : ping
5/13/2021 1:52:12 AM : ping
5/13/2021 1:52:13 AM : ping
5/13/2021 1:52:14 AM : ping
5/13/2021 1:52:15 AM : ping
5/13/2021 1:52:16 AM : ping
5/13/2021 1:52:17 AM : ping
5/13/2021 1:52:18 AM : ping
5/13/2021 1:52:19 AM : ping
5/13/2021 1:52:21 AM : ping
5/13/2021 1:52:22 AM : ping
5/13/2021 1:52:23 AM : ping
5/13/2021 1:52:24 AM : ping
5/13/2021 1:52:25 AM : ping
5/13/2021 1:52:26 AM : ping
5/13/2021 1:52:27 AM : ping
5/13/2021 1:52:28 AM : ping
5/13/2021 1:52:29 AM : ping
5/13/2021 1:52:30 AM : ping
5/13/2021 1:52:32 AM : ping
5/13/2021 1:52:33 AM : ping
5/13/2021 1:52:34 AM : ping
