log begin
..............
5/8/2021 11:51:05 PM : ping
5/8/2021 11:51:05 PM : ping
5/8/2021 11:51:05 PM : ping
5/8/2021 11:51:06 PM : ping
5/8/2021 11:51:06 PM : ping
5/8/2021 11:51:06 PM : ping
5/8/2021 11:51:07 PM : ping
5/8/2021 11:51:07 PM : ping
5/8/2021 11:51:07 PM : ping
5/8/2021 11:51:08 PM : ping
5/8/2021 11:51:08 PM : ping
5/8/2021 11:51:08 PM : ping
5/8/2021 11:51:09 PM : ping
5/8/2021 11:51:09 PM : ping
5/8/2021 11:51:09 PM : ping
5/8/2021 11:51:10 PM : ping
5/8/2021 11:51:10 PM : ping
5/8/2021 11:51:10 PM : ping
5/8/2021 11:51:12 PM : ping
5/8/2021 11:51:12 PM : ping
5/8/2021 11:51:12 PM : ping
5/8/2021 11:51:13 PM : ping
5/8/2021 11:51:13 PM : ping
5/8/2021 11:51:13 PM : ping
5/8/2021 11:51:14 PM : ping
5/8/2021 11:51:14 PM : ping
5/8/2021 11:51:14 PM : ping
5/8/2021 11:51:15 PM : ping
5/8/2021 11:51:15 PM : ping
5/8/2021 11:51:15 PM : ping
5/8/2021 11:51:16 PM : ping
5/8/2021 11:51:16 PM : ping
5/8/2021 11:51:16 PM : ping
5/8/2021 11:51:17 PM : ping
5/8/2021 11:51:17 PM : ping
5/8/2021 11:51:17 PM : ping
5/8/2021 11:51:18 PM : ping
5/8/2021 11:51:18 PM : ping
5/8/2021 11:51:18 PM : ping
5/8/2021 11:51:19 PM : ping
5/8/2021 11:51:19 PM : ping
5/8/2021 11:51:19 PM : ping
5/8/2021 11:51:20 PM : ping
5/8/2021 11:51:20 PM : ping
5/8/2021 11:51:20 PM : ping
5/8/2021 11:51:22 PM : ping
5/8/2021 11:51:22 PM : ping
5/8/2021 11:51:22 PM : ping
5/8/2021 11:51:22 PM : launch server at port: 7003
5/8/2021 11:51:23 PM : ping
5/8/2021 11:51:23 PM : ping
5/8/2021 11:51:23 PM : ping
5/8/2021 11:51:24 PM : ping
5/8/2021 11:51:24 PM : ping
5/8/2021 11:51:24 PM : ping
5/8/2021 11:51:24 PM : launch server at port: 7004
5/8/2021 11:51:25 PM : ping
5/8/2021 11:51:25 PM : ping
5/8/2021 11:51:25 PM : ping
5/8/2021 11:51:26 PM : ping
5/8/2021 11:51:26 PM : ping
5/8/2021 11:51:26 PM : ping
5/8/2021 11:51:27 PM : ping
5/8/2021 11:51:27 PM : ping
5/8/2021 11:51:27 PM : ping
5/8/2021 11:51:28 PM : ping
5/8/2021 11:51:28 PM : ping
5/8/2021 11:51:28 PM : ping
5/8/2021 11:51:29 PM : ping
5/8/2021 11:51:29 PM : ping
5/8/2021 11:51:29 PM : ping
5/8/2021 11:51:30 PM : ping
5/8/2021 11:51:30 PM : ping
5/8/2021 11:51:30 PM : ping
5/8/2021 11:51:32 PM : ping
5/8/2021 11:51:32 PM : ping
5/8/2021 11:51:32 PM : ping
5/8/2021 11:51:33 PM : ping
5/8/2021 11:51:33 PM : ping
5/8/2021 11:51:33 PM : ping
5/8/2021 11:51:34 PM : ping
5/8/2021 11:51:34 PM : ping
5/8/2021 11:51:34 PM : ping
5/8/2021 11:51:35 PM : ping
5/8/2021 11:51:35 PM : ping
5/8/2021 11:51:35 PM : ping
5/8/2021 11:51:36 PM : ping
5/8/2021 11:51:36 PM : ping
5/8/2021 11:51:36 PM : ping
5/8/2021 11:51:37 PM : ping
5/8/2021 11:51:37 PM : ping
5/8/2021 11:51:37 PM : ping
5/8/2021 11:51:38 PM : ping
5/8/2021 11:51:38 PM : ping
5/8/2021 11:51:38 PM : ping
5/8/2021 11:51:39 PM : ping
5/8/2021 11:51:39 PM : ping
5/8/2021 11:51:39 PM : ping
5/8/2021 11:51:40 PM : ping
5/8/2021 11:51:40 PM : ping
5/8/2021 11:51:40 PM : ping
5/8/2021 11:51:42 PM : ping
5/8/2021 11:51:42 PM : ping
5/8/2021 11:51:42 PM : ping
5/8/2021 11:51:43 PM : ping
5/8/2021 11:51:43 PM : ping
5/8/2021 11:51:43 PM : ping
5/8/2021 11:51:44 PM : ping
5/8/2021 11:51:44 PM : ping
5/8/2021 11:51:44 PM : ping
5/8/2021 11:51:45 PM : ping
5/8/2021 11:51:45 PM : ping
5/8/2021 11:51:45 PM : ping
5/8/2021 11:51:46 PM : ping
5/8/2021 11:51:46 PM : ping
5/8/2021 11:51:46 PM : ping
5/8/2021 11:51:47 PM : ping
5/8/2021 11:51:47 PM : ping
5/8/2021 11:51:47 PM : ping
5/8/2021 11:51:48 PM : ping
5/8/2021 11:51:48 PM : ping
5/8/2021 11:51:48 PM : ping
5/8/2021 11:51:49 PM : ping
5/8/2021 11:51:49 PM : ping
5/8/2021 11:51:49 PM : ping
5/8/2021 11:51:50 PM : ping
5/8/2021 11:51:50 PM : ping
5/8/2021 11:51:50 PM : ping
5/8/2021 11:51:51 PM : ping
5/8/2021 11:51:51 PM : ping
5/8/2021 11:51:51 PM : ping
5/8/2021 11:51:53 PM : ping
5/8/2021 11:51:53 PM : ping
5/8/2021 11:51:53 PM : ping
5/8/2021 11:51:54 PM : ping
5/8/2021 11:51:54 PM : ping
5/8/2021 11:51:54 PM : ping
5/8/2021 11:51:55 PM : ping
5/8/2021 11:51:55 PM : ping
5/8/2021 11:51:55 PM : ping
5/8/2021 11:51:56 PM : ping
5/8/2021 11:51:56 PM : ping
5/8/2021 11:51:56 PM : ping
5/8/2021 11:51:57 PM : ping
5/8/2021 11:51:57 PM : ping
5/8/2021 11:51:57 PM : ping
5/8/2021 11:51:58 PM : ping
5/8/2021 11:51:58 PM : ping
5/8/2021 11:51:58 PM : ping
5/8/2021 11:51:59 PM : ping
5/8/2021 11:51:59 PM : ping
5/8/2021 11:51:59 PM : ping
5/8/2021 11:52:00 PM : ping
5/8/2021 11:52:00 PM : ping
5/8/2021 11:52:00 PM : ping
5/8/2021 11:52:01 PM : ping
5/8/2021 11:52:01 PM : ping
5/8/2021 11:52:01 PM : ping
5/8/2021 11:52:03 PM : ping
5/8/2021 11:52:03 PM : ping
5/8/2021 11:52:03 PM : ping
5/8/2021 11:52:04 PM : ping
5/8/2021 11:52:04 PM : ping
5/8/2021 11:52:04 PM : ping
5/8/2021 11:52:05 PM : ping
5/8/2021 11:52:05 PM : ping
5/8/2021 11:52:05 PM : ping
5/8/2021 11:52:06 PM : ping
5/8/2021 11:52:06 PM : ping
5/8/2021 11:52:06 PM : ping
5/8/2021 11:52:07 PM : ping
5/8/2021 11:52:07 PM : ping
5/8/2021 11:52:07 PM : ping
5/8/2021 11:52:08 PM : ping
5/8/2021 11:52:08 PM : ping
5/8/2021 11:52:08 PM : ping
5/8/2021 11:52:09 PM : ping
5/8/2021 11:52:09 PM : ping
5/8/2021 11:52:09 PM : ping
5/8/2021 11:52:10 PM : ping
5/8/2021 11:52:10 PM : ping
5/8/2021 11:52:10 PM : ping
5/8/2021 11:52:11 PM : ping
5/8/2021 11:52:11 PM : ping
5/8/2021 11:52:11 PM : ping
5/8/2021 11:52:13 PM : ping
5/8/2021 11:52:13 PM : ping
5/8/2021 11:52:13 PM : ping
5/8/2021 11:52:14 PM : ping
5/8/2021 11:52:14 PM : ping
5/8/2021 11:52:14 PM : ping
5/8/2021 11:52:15 PM : ping
5/8/2021 11:52:15 PM : ping
5/8/2021 11:52:15 PM : ping
5/8/2021 11:52:16 PM : ping
5/8/2021 11:52:16 PM : ping
5/8/2021 11:52:16 PM : ping
5/8/2021 11:52:17 PM : ping
5/8/2021 11:52:17 PM : ping
5/8/2021 11:52:17 PM : ping
5/8/2021 11:52:18 PM : ping
5/8/2021 11:52:18 PM : ping
5/8/2021 11:52:18 PM : ping
5/8/2021 11:52:19 PM : ping
5/8/2021 11:52:19 PM : ping
5/8/2021 11:52:19 PM : ping
5/8/2021 11:52:20 PM : ping
5/8/2021 11:52:20 PM : ping
5/8/2021 11:52:20 PM : ping
5/8/2021 11:52:21 PM : kService.requestChannels.Count :6
5/8/2021 11:52:21 PM : kService.requestChannels.Count :6
5/8/2021 11:52:21 PM : kService.requestChannels.Count :5
5/8/2021 11:52:21 PM : kService.requestChannels.Count :5
5/8/2021 11:52:21 PM : ping
5/8/2021 11:52:21 PM : ping
5/8/2021 11:52:21 PM : ping
5/8/2021 11:52:22 PM : kService.requestChannels.Count :4
5/8/2021 11:52:22 PM : kService.requestChannels.Count :4
5/8/2021 11:52:22 PM : kService.requestChannels.Count :3
5/8/2021 11:52:22 PM : kService.requestChannels.Count :3
5/8/2021 11:52:23 PM : ping
5/8/2021 11:52:23 PM : ping
5/8/2021 11:52:23 PM : ping
5/8/2021 11:52:23 PM : kService.requestChannels.Count :2
5/8/2021 11:52:23 PM : kService.requestChannels.Count :2
5/8/2021 11:52:24 PM : ping
5/8/2021 11:52:24 PM : ping
5/8/2021 11:52:24 PM : ping
5/8/2021 11:52:25 PM : ping
5/8/2021 11:52:25 PM : ping
5/8/2021 11:52:25 PM : ping
5/8/2021 11:52:26 PM : ping
5/8/2021 11:52:26 PM : ping
5/8/2021 11:52:26 PM : ping
5/8/2021 11:52:27 PM : ping
5/8/2021 11:52:27 PM : ping
5/8/2021 11:52:27 PM : ping
5/8/2021 11:52:28 PM : ping
5/8/2021 11:52:28 PM : ping
5/8/2021 11:52:28 PM : ping
5/8/2021 11:52:29 PM : ping
5/8/2021 11:52:29 PM : ping
5/8/2021 11:52:29 PM : ping
5/8/2021 11:52:30 PM : ping
5/8/2021 11:52:30 PM : ping
5/8/2021 11:52:30 PM : ping
5/8/2021 11:52:31 PM : kService.requestChannels.Count :1
5/8/2021 11:52:31 PM : kService.requestChannels.Count :1
5/8/2021 11:52:31 PM : ping
5/8/2021 11:52:31 PM : ping
5/8/2021 11:52:31 PM : ping
5/8/2021 11:52:32 PM : kService.requestChannels.Count :0
5/8/2021 11:52:32 PM : kService.requestChannels.Count :0
5/8/2021 11:52:32 PM : ping
5/8/2021 11:52:32 PM : ping
5/8/2021 11:52:32 PM : ping
5/8/2021 11:52:34 PM : ping
5/8/2021 11:52:34 PM : ping
5/8/2021 11:52:34 PM : ping
5/8/2021 11:52:35 PM : ping
5/8/2021 11:52:35 PM : ping
5/8/2021 11:52:35 PM : ping
5/8/2021 11:52:36 PM : ping
5/8/2021 11:52:36 PM : ping
5/8/2021 11:52:36 PM : ping
5/8/2021 11:52:37 PM : ping
5/8/2021 11:52:37 PM : ping
5/8/2021 11:52:37 PM : ping
5/8/2021 11:52:38 PM : ping
5/8/2021 11:52:38 PM : ping
5/8/2021 11:52:38 PM : ping
5/8/2021 11:52:39 PM : ping
5/8/2021 11:52:39 PM : ping
5/8/2021 11:52:39 PM : ping
5/8/2021 11:52:40 PM : ping
5/8/2021 11:52:40 PM : ping
5/8/2021 11:52:40 PM : ping
5/8/2021 11:52:41 PM : ping
5/8/2021 11:52:41 PM : ping
5/8/2021 11:52:41 PM : ping
5/8/2021 11:52:42 PM : ping
5/8/2021 11:52:42 PM : ping
5/8/2021 11:52:42 PM : ping
5/8/2021 11:52:44 PM : ping
5/8/2021 11:52:44 PM : ping
5/8/2021 11:52:44 PM : ping
5/8/2021 11:52:45 PM : ping
5/8/2021 11:52:45 PM : ping
5/8/2021 11:52:45 PM : ping
5/8/2021 11:52:46 PM : ping
5/8/2021 11:52:46 PM : ping
5/8/2021 11:52:46 PM : ping
5/8/2021 11:52:47 PM : ping
5/8/2021 11:52:47 PM : ping
5/8/2021 11:52:47 PM : ping
