log begin
..............
5/16/2021 12:53:53 AM : ping
5/16/2021 12:53:53 AM : ping
5/16/2021 12:53:53 AM : ping
5/16/2021 12:53:54 AM : ping
5/16/2021 12:53:54 AM : ping
5/16/2021 12:53:54 AM : ping
5/16/2021 12:53:55 AM : ping
5/16/2021 12:53:55 AM : ping
5/16/2021 12:53:55 AM : ping
5/16/2021 12:53:56 AM : ping
5/16/2021 12:53:56 AM : ping
5/16/2021 12:53:56 AM : ping
5/16/2021 12:53:57 AM : ping
5/16/2021 12:53:57 AM : ping
5/16/2021 12:53:57 AM : ping
5/16/2021 12:53:59 AM : ping
5/16/2021 12:53:59 AM : ping
5/16/2021 12:53:59 AM : ping
5/16/2021 12:54:00 AM : ping
5/16/2021 12:54:00 AM : ping
5/16/2021 12:54:00 AM : ping
5/16/2021 12:54:01 AM : ping
5/16/2021 12:54:01 AM : ping
5/16/2021 12:54:01 AM : ping
5/16/2021 12:54:02 AM : ping
5/16/2021 12:54:02 AM : ping
5/16/2021 12:54:02 AM : ping
5/16/2021 12:54:03 AM : ping
5/16/2021 12:54:03 AM : ping
5/16/2021 12:54:03 AM : ping
5/16/2021 12:54:04 AM : ping
5/16/2021 12:54:04 AM : ping
5/16/2021 12:54:04 AM : ping
5/16/2021 12:54:05 AM : ping
5/16/2021 12:54:05 AM : ping
5/16/2021 12:54:05 AM : ping
5/16/2021 12:54:06 AM : ping
5/16/2021 12:54:06 AM : ping
5/16/2021 12:54:06 AM : ping
5/16/2021 12:54:07 AM : ping
5/16/2021 12:54:07 AM : ping
5/16/2021 12:54:07 AM : ping
5/16/2021 12:54:09 AM : ping
5/16/2021 12:54:09 AM : ping
5/16/2021 12:54:09 AM : ping
5/16/2021 12:54:10 AM : ping
5/16/2021 12:54:10 AM : ping
5/16/2021 12:54:10 AM : ping
5/16/2021 12:54:11 AM : ping
5/16/2021 12:54:11 AM : ping
5/16/2021 12:54:11 AM : ping
5/16/2021 12:54:12 AM : ping
5/16/2021 12:54:12 AM : ping
5/16/2021 12:54:12 AM : ping
5/16/2021 12:54:13 AM : ping
5/16/2021 12:54:13 AM : ping
5/16/2021 12:54:13 AM : ping
5/16/2021 12:54:14 AM : ping
5/16/2021 12:54:14 AM : ping
5/16/2021 12:54:14 AM : ping
5/16/2021 12:54:15 AM : ping
5/16/2021 12:54:15 AM : ping
5/16/2021 12:54:15 AM : ping
5/16/2021 12:54:16 AM : ping
5/16/2021 12:54:16 AM : ping
5/16/2021 12:54:16 AM : ping
5/16/2021 12:54:17 AM : ping
5/16/2021 12:54:17 AM : ping
5/16/2021 12:54:17 AM : ping
5/16/2021 12:54:18 AM : launch server at port: 7003
5/16/2021 12:54:19 AM : ping
5/16/2021 12:54:19 AM : ping
5/16/2021 12:54:19 AM : ping
5/16/2021 12:54:19 AM : launch server at port: 7004
5/16/2021 12:54:19 AM : launch server at port: 7005
5/16/2021 12:54:20 AM : ping
5/16/2021 12:54:20 AM : ping
5/16/2021 12:54:20 AM : ping
5/16/2021 12:54:21 AM : ping
5/16/2021 12:54:21 AM : ping
5/16/2021 12:54:21 AM : ping
5/16/2021 12:54:22 AM : ping
5/16/2021 12:54:22 AM : ping
5/16/2021 12:54:22 AM : ping
5/16/2021 12:54:23 AM : ping
5/16/2021 12:54:23 AM : ping
5/16/2021 12:54:23 AM : ping
5/16/2021 12:54:24 AM : ping
5/16/2021 12:54:24 AM : ping
5/16/2021 12:54:24 AM : ping
5/16/2021 12:54:25 AM : launch server at port: 7006
5/16/2021 12:54:25 AM : ping
5/16/2021 12:54:25 AM : ping
5/16/2021 12:54:25 AM : ping
5/16/2021 12:54:26 AM : ping
5/16/2021 12:54:26 AM : ping
5/16/2021 12:54:26 AM : ping
5/16/2021 12:54:26 AM : launch server at port: 7007
5/16/2021 12:54:27 AM : ping
5/16/2021 12:54:27 AM : ping
5/16/2021 12:54:27 AM : ping
5/16/2021 12:54:29 AM : ping
5/16/2021 12:54:29 AM : ping
5/16/2021 12:54:29 AM : ping
5/16/2021 12:54:30 AM : ping
5/16/2021 12:54:30 AM : ping
5/16/2021 12:54:30 AM : ping
5/16/2021 12:54:31 AM : launch server at port: 7008
5/16/2021 12:54:31 AM : ping
5/16/2021 12:54:31 AM : ping
5/16/2021 12:54:31 AM : ping
5/16/2021 12:54:32 AM : ping
5/16/2021 12:54:32 AM : ping
5/16/2021 12:54:32 AM : ping
5/16/2021 12:54:33 AM : ping
5/16/2021 12:54:33 AM : ping
5/16/2021 12:54:33 AM : ping
5/16/2021 12:54:34 AM : ping
5/16/2021 12:54:34 AM : ping
5/16/2021 12:54:34 AM : ping
5/16/2021 12:54:35 AM : ping
5/16/2021 12:54:35 AM : ping
5/16/2021 12:54:35 AM : ping
5/16/2021 12:54:36 AM : ping
5/16/2021 12:54:36 AM : ping
5/16/2021 12:54:36 AM : ping
5/16/2021 12:54:37 AM : launch server at port: 7009
5/16/2021 12:54:37 AM : launch server at port: 7010
5/16/2021 12:54:37 AM : ping
5/16/2021 12:54:37 AM : ping
5/16/2021 12:54:37 AM : ping
5/16/2021 12:54:38 AM : launch server at port: 7011
5/16/2021 12:54:39 AM : ping
5/16/2021 12:54:39 AM : ping
5/16/2021 12:54:39 AM : ping
5/16/2021 12:54:40 AM : ping
5/16/2021 12:54:40 AM : ping
5/16/2021 12:54:40 AM : ping
5/16/2021 12:54:41 AM : ping
5/16/2021 12:54:41 AM : ping
5/16/2021 12:54:41 AM : ping
5/16/2021 12:54:42 AM : ping
5/16/2021 12:54:42 AM : ping
5/16/2021 12:54:42 AM : ping
5/16/2021 12:54:43 AM : ping
5/16/2021 12:54:43 AM : ping
5/16/2021 12:54:43 AM : ping
5/16/2021 12:54:44 AM : ping
5/16/2021 12:54:44 AM : ping
5/16/2021 12:54:44 AM : ping
5/16/2021 12:54:45 AM : ping
5/16/2021 12:54:45 AM : ping
5/16/2021 12:54:45 AM : ping
5/16/2021 12:54:46 AM : ping
5/16/2021 12:54:46 AM : ping
5/16/2021 12:54:46 AM : ping
5/16/2021 12:54:47 AM : ping
5/16/2021 12:54:47 AM : ping
5/16/2021 12:54:47 AM : ping
5/16/2021 12:54:49 AM : ping
5/16/2021 12:54:49 AM : ping
5/16/2021 12:54:49 AM : ping
5/16/2021 12:54:50 AM : ping
5/16/2021 12:54:50 AM : ping
5/16/2021 12:54:50 AM : ping
5/16/2021 12:54:51 AM : ping
5/16/2021 12:54:51 AM : ping
5/16/2021 12:54:51 AM : ping
5/16/2021 12:54:52 AM : ping
5/16/2021 12:54:52 AM : ping
5/16/2021 12:54:52 AM : ping
5/16/2021 12:54:53 AM : ping
5/16/2021 12:54:53 AM : ping
5/16/2021 12:54:53 AM : ping
5/16/2021 12:54:54 AM : ping
5/16/2021 12:54:54 AM : ping
5/16/2021 12:54:54 AM : ping
5/16/2021 12:54:55 AM : ping
5/16/2021 12:54:55 AM : ping
5/16/2021 12:54:55 AM : ping
5/16/2021 12:54:56 AM : ping
5/16/2021 12:54:56 AM : ping
5/16/2021 12:54:56 AM : ping
5/16/2021 12:54:57 AM : ping
5/16/2021 12:54:57 AM : ping
5/16/2021 12:54:57 AM : ping
5/16/2021 12:54:59 AM : ping
5/16/2021 12:54:59 AM : ping
5/16/2021 12:54:59 AM : ping
5/16/2021 12:55:00 AM : ping
5/16/2021 12:55:00 AM : ping
5/16/2021 12:55:00 AM : ping
5/16/2021 12:55:01 AM : ping
5/16/2021 12:55:01 AM : ping
5/16/2021 12:55:01 AM : ping
5/16/2021 12:55:02 AM : ping
5/16/2021 12:55:02 AM : ping
5/16/2021 12:55:02 AM : ping
5/16/2021 12:55:03 AM : ping
5/16/2021 12:55:03 AM : ping
5/16/2021 12:55:03 AM : ping
5/16/2021 12:55:04 AM : ping
5/16/2021 12:55:04 AM : ping
5/16/2021 12:55:04 AM : ping
5/16/2021 12:55:05 AM : ping
5/16/2021 12:55:05 AM : ping
5/16/2021 12:55:05 AM : ping
5/16/2021 12:55:06 AM : ping
5/16/2021 12:55:06 AM : ping
5/16/2021 12:55:06 AM : ping
5/16/2021 12:55:07 AM : ping
5/16/2021 12:55:07 AM : ping
5/16/2021 12:55:07 AM : ping
5/16/2021 12:55:09 AM : ping
5/16/2021 12:55:09 AM : ping
5/16/2021 12:55:09 AM : ping
5/16/2021 12:55:10 AM : ping
5/16/2021 12:55:10 AM : ping
5/16/2021 12:55:10 AM : ping
5/16/2021 12:55:11 AM : ping
5/16/2021 12:55:11 AM : ping
5/16/2021 12:55:11 AM : ping
5/16/2021 12:55:12 AM : ping
5/16/2021 12:55:12 AM : ping
5/16/2021 12:55:12 AM : ping
5/16/2021 12:55:13 AM : ping
5/16/2021 12:55:13 AM : ping
5/16/2021 12:55:13 AM : ping
5/16/2021 12:55:14 AM : ping
5/16/2021 12:55:14 AM : ping
5/16/2021 12:55:14 AM : ping
5/16/2021 12:55:15 AM : ping
5/16/2021 12:55:15 AM : ping
5/16/2021 12:55:15 AM : ping
5/16/2021 12:55:16 AM : ping
5/16/2021 12:55:16 AM : ping
5/16/2021 12:55:16 AM : ping
5/16/2021 12:55:17 AM : ping
5/16/2021 12:55:17 AM : ping
5/16/2021 12:55:17 AM : ping
5/16/2021 12:55:18 AM : ping
5/16/2021 12:55:18 AM : ping
5/16/2021 12:55:18 AM : ping
5/16/2021 12:55:20 AM : ping
5/16/2021 12:55:20 AM : ping
5/16/2021 12:55:20 AM : ping
5/16/2021 12:55:21 AM : ping
5/16/2021 12:55:21 AM : ping
5/16/2021 12:55:21 AM : ping
5/16/2021 12:55:22 AM : ping
5/16/2021 12:55:22 AM : ping
5/16/2021 12:55:22 AM : ping
5/16/2021 12:55:23 AM : ping
5/16/2021 12:55:23 AM : ping
5/16/2021 12:55:23 AM : ping
5/16/2021 12:55:24 AM : ping
5/16/2021 12:55:24 AM : ping
5/16/2021 12:55:24 AM : ping
5/16/2021 12:55:25 AM : ping
5/16/2021 12:55:25 AM : ping
5/16/2021 12:55:25 AM : ping
5/16/2021 12:55:26 AM : ping
5/16/2021 12:55:26 AM : ping
5/16/2021 12:55:26 AM : ping
5/16/2021 12:55:27 AM : ping
5/16/2021 12:55:27 AM : ping
5/16/2021 12:55:27 AM : ping
5/16/2021 12:55:28 AM : ping
5/16/2021 12:55:28 AM : ping
5/16/2021 12:55:28 AM : ping
5/16/2021 12:55:30 AM : ping
5/16/2021 12:55:30 AM : ping
5/16/2021 12:55:30 AM : ping
5/16/2021 12:55:31 AM : ping
5/16/2021 12:55:31 AM : ping
5/16/2021 12:55:31 AM : ping
5/16/2021 12:55:32 AM : ping
5/16/2021 12:55:32 AM : ping
5/16/2021 12:55:32 AM : ping
5/16/2021 12:55:33 AM : ping
5/16/2021 12:55:33 AM : ping
5/16/2021 12:55:33 AM : ping
5/16/2021 12:55:34 AM : ping
5/16/2021 12:55:34 AM : ping
5/16/2021 12:55:34 AM : ping
5/16/2021 12:55:35 AM : ping
5/16/2021 12:55:35 AM : ping
5/16/2021 12:55:35 AM : ping
5/16/2021 12:55:36 AM : ping
5/16/2021 12:55:36 AM : ping
5/16/2021 12:55:36 AM : ping
5/16/2021 12:55:37 AM : ping
5/16/2021 12:55:37 AM : ping
5/16/2021 12:55:37 AM : ping
5/16/2021 12:55:38 AM : ping
5/16/2021 12:55:38 AM : ping
5/16/2021 12:55:38 AM : ping
5/16/2021 12:55:40 AM : ping
5/16/2021 12:55:40 AM : ping
5/16/2021 12:55:40 AM : ping
5/16/2021 12:55:41 AM : ping
5/16/2021 12:55:41 AM : ping
5/16/2021 12:55:41 AM : ping
5/16/2021 12:55:42 AM : ping
5/16/2021 12:55:42 AM : ping
5/16/2021 12:55:42 AM : ping
5/16/2021 12:55:43 AM : ping
5/16/2021 12:55:43 AM : ping
5/16/2021 12:55:43 AM : ping
5/16/2021 12:55:44 AM : ping
5/16/2021 12:55:44 AM : ping
5/16/2021 12:55:44 AM : ping
5/16/2021 12:55:45 AM : ping
5/16/2021 12:55:45 AM : ping
5/16/2021 12:55:45 AM : ping
5/16/2021 12:55:46 AM : ping
5/16/2021 12:55:46 AM : ping
5/16/2021 12:55:46 AM : ping
5/16/2021 12:55:47 AM : ping
5/16/2021 12:55:47 AM : ping
5/16/2021 12:55:47 AM : ping
5/16/2021 12:55:48 AM : ping
5/16/2021 12:55:48 AM : ping
5/16/2021 12:55:48 AM : ping
5/16/2021 12:55:50 AM : ping
5/16/2021 12:55:50 AM : ping
5/16/2021 12:55:50 AM : ping
5/16/2021 12:55:51 AM : ping
5/16/2021 12:55:51 AM : ping
5/16/2021 12:55:51 AM : ping
5/16/2021 12:55:52 AM : ping
5/16/2021 12:55:52 AM : ping
5/16/2021 12:55:52 AM : ping
5/16/2021 12:55:53 AM : ping
5/16/2021 12:55:53 AM : ping
5/16/2021 12:55:53 AM : ping
5/16/2021 12:55:54 AM : ping
5/16/2021 12:55:54 AM : ping
5/16/2021 12:55:54 AM : ping
5/16/2021 12:55:55 AM : ping
5/16/2021 12:55:55 AM : ping
5/16/2021 12:55:55 AM : ping
5/16/2021 12:55:56 AM : ping
5/16/2021 12:55:56 AM : ping
5/16/2021 12:55:56 AM : ping
5/16/2021 12:55:57 AM : ping
5/16/2021 12:55:57 AM : ping
5/16/2021 12:55:57 AM : ping
5/16/2021 12:55:58 AM : ping
5/16/2021 12:55:58 AM : ping
5/16/2021 12:55:58 AM : ping
5/16/2021 12:56:00 AM : ping
5/16/2021 12:56:00 AM : ping
5/16/2021 12:56:00 AM : ping
5/16/2021 12:56:01 AM : ping
5/16/2021 12:56:01 AM : ping
5/16/2021 12:56:01 AM : ping
5/16/2021 12:56:02 AM : ping
5/16/2021 12:56:02 AM : ping
5/16/2021 12:56:02 AM : ping
5/16/2021 12:56:03 AM : ping
5/16/2021 12:56:03 AM : ping
5/16/2021 12:56:03 AM : ping
5/16/2021 12:56:04 AM : ping
5/16/2021 12:56:04 AM : ping
5/16/2021 12:56:04 AM : ping
5/16/2021 12:56:05 AM : ping
5/16/2021 12:56:05 AM : ping
5/16/2021 12:56:05 AM : ping
5/16/2021 12:56:06 AM : ping
5/16/2021 12:56:06 AM : ping
5/16/2021 12:56:06 AM : ping
5/16/2021 12:56:07 AM : ping
5/16/2021 12:56:07 AM : ping
5/16/2021 12:56:07 AM : ping
5/16/2021 12:56:08 AM : ping
5/16/2021 12:56:08 AM : ping
5/16/2021 12:56:08 AM : ping
5/16/2021 12:56:10 AM : ping
5/16/2021 12:56:10 AM : ping
5/16/2021 12:56:10 AM : ping
5/16/2021 12:56:11 AM : ping
5/16/2021 12:56:11 AM : ping
5/16/2021 12:56:11 AM : ping
5/16/2021 12:56:12 AM : ping
5/16/2021 12:56:12 AM : ping
5/16/2021 12:56:12 AM : ping
5/16/2021 12:56:13 AM : ping
5/16/2021 12:56:13 AM : ping
5/16/2021 12:56:13 AM : ping
5/16/2021 12:56:14 AM : ping
5/16/2021 12:56:14 AM : ping
5/16/2021 12:56:14 AM : ping
5/16/2021 12:56:15 AM : ping
5/16/2021 12:56:15 AM : ping
5/16/2021 12:56:15 AM : ping
5/16/2021 12:56:16 AM : ping
5/16/2021 12:56:16 AM : ping
5/16/2021 12:56:16 AM : ping
5/16/2021 12:56:17 AM : ping
5/16/2021 12:56:17 AM : ping
5/16/2021 12:56:17 AM : ping
5/16/2021 12:56:18 AM : ping
5/16/2021 12:56:18 AM : ping
5/16/2021 12:56:18 AM : ping
5/16/2021 12:56:19 AM : ping
5/16/2021 12:56:20 AM : ping
5/16/2021 12:56:20 AM : ping
5/16/2021 12:56:21 AM : ping
5/16/2021 12:56:21 AM : ping
5/16/2021 12:56:21 AM : ping
5/16/2021 12:56:22 AM : ping
5/16/2021 12:56:22 AM : ping
5/16/2021 12:56:22 AM : ping
5/16/2021 12:56:23 AM : ping
5/16/2021 12:56:23 AM : ping
5/16/2021 12:56:23 AM : ping
5/16/2021 12:56:24 AM : ping
5/16/2021 12:56:24 AM : ping
5/16/2021 12:56:24 AM : ping
5/16/2021 12:56:25 AM : ping
5/16/2021 12:56:25 AM : ping
5/16/2021 12:56:25 AM : ping
5/16/2021 12:56:26 AM : ping
5/16/2021 12:56:26 AM : ping
5/16/2021 12:56:26 AM : ping
5/16/2021 12:56:27 AM : ping
5/16/2021 12:56:27 AM : ping
5/16/2021 12:56:27 AM : ping
5/16/2021 12:56:28 AM : ping
5/16/2021 12:56:28 AM : ping
5/16/2021 12:56:28 AM : ping
5/16/2021 12:56:29 AM : ping
5/16/2021 12:56:29 AM : ping
5/16/2021 12:56:29 AM : ping
5/16/2021 12:56:31 AM : ping
5/16/2021 12:56:31 AM : ping
5/16/2021 12:56:31 AM : ping
5/16/2021 12:56:32 AM : ping
5/16/2021 12:56:32 AM : ping
5/16/2021 12:56:32 AM : ping
5/16/2021 12:56:33 AM : ping
5/16/2021 12:56:33 AM : ping
5/16/2021 12:56:33 AM : ping
5/16/2021 12:56:34 AM : ping
5/16/2021 12:56:34 AM : ping
5/16/2021 12:56:34 AM : ping
5/16/2021 12:56:35 AM : ping
5/16/2021 12:56:35 AM : ping
5/16/2021 12:56:35 AM : ping
5/16/2021 12:56:36 AM : ping
5/16/2021 12:56:36 AM : ping
5/16/2021 12:56:36 AM : ping
5/16/2021 12:56:37 AM : ping
5/16/2021 12:56:37 AM : ping
5/16/2021 12:56:37 AM : ping
5/16/2021 12:56:38 AM : ping
5/16/2021 12:56:38 AM : ping
5/16/2021 12:56:38 AM : ping
5/16/2021 12:56:39 AM : ping
5/16/2021 12:56:39 AM : ping
5/16/2021 12:56:39 AM : ping
5/16/2021 12:56:41 AM : ping
5/16/2021 12:56:41 AM : ping
5/16/2021 12:56:41 AM : ping
5/16/2021 12:56:42 AM : ping
5/16/2021 12:56:42 AM : ping
5/16/2021 12:56:42 AM : ping
5/16/2021 12:56:43 AM : ping
5/16/2021 12:56:43 AM : ping
5/16/2021 12:56:43 AM : ping
5/16/2021 12:56:44 AM : ping
5/16/2021 12:56:44 AM : ping
5/16/2021 12:56:44 AM : ping
5/16/2021 12:56:45 AM : ping
5/16/2021 12:56:45 AM : ping
5/16/2021 12:56:45 AM : ping
5/16/2021 12:56:46 AM : kService.requestChannels.Count :33
5/16/2021 12:56:46 AM : kService.requestChannels.Count :33
5/16/2021 12:56:46 AM : ping
5/16/2021 12:56:46 AM : ping
5/16/2021 12:56:46 AM : ping
5/16/2021 12:56:46 AM : kService.requestChannels.Count :32
5/16/2021 12:56:46 AM : kService.requestChannels.Count :32
5/16/2021 12:56:46 AM : kService.requestChannels.Count :31
5/16/2021 12:56:46 AM : kService.requestChannels.Count :31
5/16/2021 12:56:47 AM : kService.requestChannels.Count :30
5/16/2021 12:56:47 AM : kService.requestChannels.Count :30
5/16/2021 12:56:47 AM : kService.requestChannels.Count :29
5/16/2021 12:56:47 AM : kService.requestChannels.Count :29
5/16/2021 12:56:47 AM : kService.requestChannels.Count :28
5/16/2021 12:56:47 AM : kService.requestChannels.Count :28
5/16/2021 12:56:47 AM : kService.requestChannels.Count :27
5/16/2021 12:56:47 AM : kService.requestChannels.Count :27
5/16/2021 12:56:47 AM : ping
5/16/2021 12:56:47 AM : ping
5/16/2021 12:56:47 AM : ping
5/16/2021 12:56:47 AM : kService.requestChannels.Count :26
5/16/2021 12:56:47 AM : kService.requestChannels.Count :26
5/16/2021 12:56:47 AM : kService.requestChannels.Count :25
5/16/2021 12:56:47 AM : kService.requestChannels.Count :25
5/16/2021 12:56:48 AM : kService.requestChannels.Count :24
5/16/2021 12:56:48 AM : kService.requestChannels.Count :24
5/16/2021 12:56:48 AM : kService.requestChannels.Count :23
5/16/2021 12:56:48 AM : kService.requestChannels.Count :23
5/16/2021 12:56:48 AM : ping
5/16/2021 12:56:48 AM : ping
5/16/2021 12:56:48 AM : ping
5/16/2021 12:56:49 AM : kService.requestChannels.Count :22
5/16/2021 12:56:49 AM : kService.requestChannels.Count :22
5/16/2021 12:56:49 AM : ping
5/16/2021 12:56:49 AM : ping
5/16/2021 12:56:49 AM : ping
5/16/2021 12:56:50 AM : kService.requestChannels.Count :21
5/16/2021 12:56:50 AM : kService.requestChannels.Count :21
5/16/2021 12:56:50 AM : kService.requestChannels.Count :20
5/16/2021 12:56:50 AM : kService.requestChannels.Count :20
5/16/2021 12:56:51 AM : ping
5/16/2021 12:56:51 AM : ping
5/16/2021 12:56:51 AM : ping
5/16/2021 12:56:51 AM : kService.requestChannels.Count :19
5/16/2021 12:56:51 AM : kService.requestChannels.Count :19
5/16/2021 12:56:51 AM : kService.requestChannels.Count :18
5/16/2021 12:56:51 AM : kService.requestChannels.Count :18
5/16/2021 12:56:52 AM : ping
5/16/2021 12:56:52 AM : ping
5/16/2021 12:56:52 AM : ping
5/16/2021 12:56:52 AM : kService.requestChannels.Count :17
5/16/2021 12:56:52 AM : kService.requestChannels.Count :17
5/16/2021 12:56:52 AM : kService.requestChannels.Count :16
5/16/2021 12:56:52 AM : kService.requestChannels.Count :16
5/16/2021 12:56:53 AM : ping
5/16/2021 12:56:53 AM : ping
5/16/2021 12:56:53 AM : ping
5/16/2021 12:56:53 AM : kService.requestChannels.Count :15
5/16/2021 12:56:53 AM : kService.requestChannels.Count :15
5/16/2021 12:56:53 AM : kService.requestChannels.Count :14
5/16/2021 12:56:53 AM : kService.requestChannels.Count :14
5/16/2021 12:56:53 AM : kService.requestChannels.Count :13
5/16/2021 12:56:53 AM : kService.requestChannels.Count :13
5/16/2021 12:56:54 AM : kService.requestChannels.Count :12
5/16/2021 12:56:54 AM : kService.requestChannels.Count :12
5/16/2021 12:56:54 AM : ping
5/16/2021 12:56:54 AM : ping
5/16/2021 12:56:54 AM : ping
5/16/2021 12:56:54 AM : kService.requestChannels.Count :11
5/16/2021 12:56:54 AM : kService.requestChannels.Count :11
5/16/2021 12:56:54 AM : kService.requestChannels.Count :10
5/16/2021 12:56:54 AM : kService.requestChannels.Count :10
5/16/2021 12:56:55 AM : ping
5/16/2021 12:56:55 AM : ping
5/16/2021 12:56:55 AM : ping
5/16/2021 12:56:55 AM : kService.requestChannels.Count :9
5/16/2021 12:56:55 AM : kService.requestChannels.Count :9
5/16/2021 12:56:56 AM : kService.requestChannels.Count :8
5/16/2021 12:56:56 AM : kService.requestChannels.Count :8
5/16/2021 12:56:56 AM : kService.requestChannels.Count :7
5/16/2021 12:56:56 AM : kService.requestChannels.Count :7
5/16/2021 12:56:56 AM : kService.requestChannels.Count :6
5/16/2021 12:56:56 AM : kService.requestChannels.Count :6
5/16/2021 12:56:56 AM : ping
5/16/2021 12:56:56 AM : kService.requestChannels.Count :5
5/16/2021 12:56:56 AM : kService.requestChannels.Count :5
5/16/2021 12:56:56 AM : ping
5/16/2021 12:56:56 AM : ping
5/16/2021 12:56:56 AM : kService.requestChannels.Count :4
5/16/2021 12:56:56 AM : kService.requestChannels.Count :4
5/16/2021 12:56:56 AM : kService.requestChannels.Count :3
5/16/2021 12:56:56 AM : kService.requestChannels.Count :3
5/16/2021 12:56:57 AM : kService.requestChannels.Count :2
5/16/2021 12:56:57 AM : kService.requestChannels.Count :2
5/16/2021 12:56:57 AM : kService.requestChannels.Count :1
5/16/2021 12:56:57 AM : kService.requestChannels.Count :1
5/16/2021 12:56:57 AM : ping
5/16/2021 12:56:57 AM : ping
5/16/2021 12:56:57 AM : ping
5/16/2021 12:56:57 AM : kService.requestChannels.Count :0
5/16/2021 12:56:57 AM : kService.requestChannels.Count :0
5/16/2021 12:56:58 AM : ping
5/16/2021 12:56:58 AM : ping
5/16/2021 12:56:58 AM : ping
5/16/2021 12:56:59 AM : ping
5/16/2021 12:56:59 AM : ping
5/16/2021 12:56:59 AM : ping
5/16/2021 12:57:01 AM : ping
5/16/2021 12:57:01 AM : ping
5/16/2021 12:57:01 AM : ping
5/16/2021 12:57:02 AM : ping
5/16/2021 12:57:02 AM : ping
5/16/2021 12:57:02 AM : ping
5/16/2021 12:57:03 AM : ping
5/16/2021 12:57:03 AM : ping
5/16/2021 12:57:03 AM : ping
5/16/2021 12:57:04 AM : ping
5/16/2021 12:57:04 AM : ping
5/16/2021 12:57:04 AM : ping
5/16/2021 12:57:05 AM : ping
5/16/2021 12:57:05 AM : ping
5/16/2021 12:57:05 AM : ping
5/16/2021 12:57:06 AM : ping
5/16/2021 12:57:06 AM : ping
5/16/2021 12:57:06 AM : ping
5/16/2021 12:57:07 AM : ping
5/16/2021 12:57:07 AM : ping
5/16/2021 12:57:07 AM : ping
5/16/2021 12:57:08 AM : ping
5/16/2021 12:57:08 AM : ping
5/16/2021 12:57:08 AM : ping
5/16/2021 12:57:09 AM : ping
5/16/2021 12:57:09 AM : ping
5/16/2021 12:57:09 AM : ping
5/16/2021 12:57:11 AM : ping
5/16/2021 12:57:11 AM : ping
5/16/2021 12:57:11 AM : ping
5/16/2021 12:57:12 AM : ping
5/16/2021 12:57:12 AM : ping
5/16/2021 12:57:12 AM : ping
