log begin
..............
5/8/2021 11:49:10 PM : ping
5/8/2021 11:49:10 PM : ping
5/8/2021 11:49:10 PM : ping
5/8/2021 11:49:11 PM : ping
5/8/2021 11:49:11 PM : ping
5/8/2021 11:49:11 PM : ping
5/8/2021 11:49:12 PM : ping
5/8/2021 11:49:12 PM : ping
5/8/2021 11:49:12 PM : ping
5/8/2021 11:49:13 PM : ping
5/8/2021 11:49:13 PM : ping
5/8/2021 11:49:13 PM : ping
5/8/2021 11:49:15 PM : ping
5/8/2021 11:49:15 PM : ping
5/8/2021 11:49:15 PM : ping
5/8/2021 11:49:16 PM : ping
5/8/2021 11:49:16 PM : ping
5/8/2021 11:49:16 PM : ping
5/8/2021 11:49:17 PM : ping
5/8/2021 11:49:17 PM : ping
5/8/2021 11:49:17 PM : ping
5/8/2021 11:49:18 PM : ping
5/8/2021 11:49:18 PM : ping
5/8/2021 11:49:18 PM : ping
5/8/2021 11:49:19 PM : ping
5/8/2021 11:49:19 PM : ping
5/8/2021 11:49:19 PM : ping
5/8/2021 11:49:20 PM : ping
5/8/2021 11:49:20 PM : ping
5/8/2021 11:49:20 PM : ping
5/8/2021 11:49:21 PM : ping
5/8/2021 11:49:21 PM : ping
5/8/2021 11:49:21 PM : ping
5/8/2021 11:49:22 PM : ping
5/8/2021 11:49:22 PM : ping
5/8/2021 11:49:22 PM : ping
5/8/2021 11:49:23 PM : ping
5/8/2021 11:49:23 PM : ping
5/8/2021 11:49:23 PM : ping
5/8/2021 11:49:24 PM : launch server at port: 7003
5/8/2021 11:49:25 PM : ping
5/8/2021 11:49:25 PM : ping
5/8/2021 11:49:25 PM : ping
5/8/2021 11:49:25 PM : launch server at port: 7004
5/8/2021 11:49:26 PM : ping
5/8/2021 11:49:26 PM : ping
5/8/2021 11:49:26 PM : ping
5/8/2021 11:49:27 PM : ping
5/8/2021 11:49:27 PM : ping
5/8/2021 11:49:27 PM : ping
5/8/2021 11:49:28 PM : ping
5/8/2021 11:49:28 PM : ping
5/8/2021 11:49:28 PM : ping
5/8/2021 11:49:29 PM : ping
5/8/2021 11:49:29 PM : ping
5/8/2021 11:49:29 PM : ping
5/8/2021 11:49:30 PM : ping
5/8/2021 11:49:30 PM : ping
5/8/2021 11:49:30 PM : ping
5/8/2021 11:49:31 PM : ping
5/8/2021 11:49:31 PM : ping
5/8/2021 11:49:31 PM : ping
5/8/2021 11:49:32 PM : ping
5/8/2021 11:49:32 PM : ping
5/8/2021 11:49:32 PM : ping
5/8/2021 11:49:33 PM : ping
5/8/2021 11:49:33 PM : ping
5/8/2021 11:49:33 PM : ping
5/8/2021 11:49:35 PM : ping
5/8/2021 11:49:35 PM : ping
5/8/2021 11:49:35 PM : ping
5/8/2021 11:49:36 PM : ping
5/8/2021 11:49:36 PM : ping
5/8/2021 11:49:36 PM : ping
5/8/2021 11:49:37 PM : ping
5/8/2021 11:49:37 PM : ping
5/8/2021 11:49:37 PM : ping
5/8/2021 11:49:38 PM : ping
5/8/2021 11:49:38 PM : ping
5/8/2021 11:49:38 PM : ping
5/8/2021 11:49:39 PM : ping
5/8/2021 11:49:39 PM : ping
5/8/2021 11:49:39 PM : ping
5/8/2021 11:49:40 PM : ping
5/8/2021 11:49:40 PM : ping
5/8/2021 11:49:40 PM : ping
5/8/2021 11:49:41 PM : ping
5/8/2021 11:49:41 PM : ping
5/8/2021 11:49:41 PM : ping
5/8/2021 11:49:42 PM : ping
5/8/2021 11:49:42 PM : ping
5/8/2021 11:49:42 PM : ping
5/8/2021 11:49:43 PM : ping
5/8/2021 11:49:43 PM : ping
5/8/2021 11:49:43 PM : ping
5/8/2021 11:49:44 PM : ping
5/8/2021 11:49:44 PM : ping
5/8/2021 11:49:44 PM : ping
5/8/2021 11:49:46 PM : ping
5/8/2021 11:49:46 PM : ping
5/8/2021 11:49:46 PM : ping
5/8/2021 11:49:47 PM : ping
5/8/2021 11:49:47 PM : ping
5/8/2021 11:49:47 PM : ping
5/8/2021 11:49:48 PM : ping
5/8/2021 11:49:48 PM : ping
5/8/2021 11:49:48 PM : ping
5/8/2021 11:49:48 PM : kService.requestChannels.Count :6
5/8/2021 11:49:48 PM : kService.requestChannels.Count :6
5/8/2021 11:49:48 PM : kService.requestChannels.Count :5
5/8/2021 11:49:48 PM : kService.requestChannels.Count :5
5/8/2021 11:49:49 PM : ping
5/8/2021 11:49:49 PM : ping
5/8/2021 11:49:49 PM : ping
5/8/2021 11:49:49 PM : kService.requestChannels.Count :4
5/8/2021 11:49:49 PM : kService.requestChannels.Count :4
5/8/2021 11:49:49 PM : ~KChannel()
5/8/2021 11:49:49 PM : ~KChannel()
5/8/2021 11:49:49 PM : kService.requestChannels.Count :3
5/8/2021 11:49:49 PM : kService.requestChannels.Count :3
5/8/2021 11:49:50 PM : kService.requestChannels.Count :2
5/8/2021 11:49:50 PM : kService.requestChannels.Count :2
5/8/2021 11:49:50 PM : ping
5/8/2021 11:49:50 PM : ping
5/8/2021 11:49:50 PM : ping
5/8/2021 11:49:50 PM : kService.requestChannels.Count :1
5/8/2021 11:49:50 PM : kService.requestChannels.Count :1
5/8/2021 11:49:51 PM : kService.requestChannels.Count :0
5/8/2021 11:49:51 PM : kService.requestChannels.Count :0
5/8/2021 11:49:51 PM : ping
5/8/2021 11:49:51 PM : ping
5/8/2021 11:49:51 PM : ping
5/8/2021 11:49:52 PM : ping
5/8/2021 11:49:52 PM : ping
5/8/2021 11:49:52 PM : ping
5/8/2021 11:49:53 PM : ping
5/8/2021 11:49:53 PM : ping
5/8/2021 11:49:53 PM : ping
5/8/2021 11:49:54 PM : ping
5/8/2021 11:49:54 PM : ping
5/8/2021 11:49:54 PM : ping
