log begin
..............
5/8/2021 9:28:03 PM : ping
5/8/2021 9:28:03 PM : ping
5/8/2021 9:28:03 PM : ping
5/8/2021 9:28:05 PM : ping
5/8/2021 9:28:05 PM : ping
5/8/2021 9:28:05 PM : ping
5/8/2021 9:28:06 PM : ping
5/8/2021 9:28:06 PM : ping
5/8/2021 9:28:06 PM : ping
5/8/2021 9:28:07 PM : ping
5/8/2021 9:28:07 PM : ping
5/8/2021 9:28:07 PM : ping
5/8/2021 9:28:08 PM : ping
5/8/2021 9:28:08 PM : ping
5/8/2021 9:28:08 PM : ping
5/8/2021 9:28:09 PM : ping
5/8/2021 9:28:09 PM : ping
5/8/2021 9:28:09 PM : ping
5/8/2021 9:28:10 PM : ping
5/8/2021 9:28:10 PM : ping
5/8/2021 9:28:10 PM : ping
5/8/2021 9:28:11 PM : ping
5/8/2021 9:28:11 PM : ping
5/8/2021 9:28:11 PM : ping
5/8/2021 9:28:12 PM : ping
5/8/2021 9:28:12 PM : ping
5/8/2021 9:28:12 PM : ping
5/8/2021 9:28:13 PM : ping
5/8/2021 9:28:13 PM : ping
5/8/2021 9:28:13 PM : ping
5/8/2021 9:28:15 PM : ping
5/8/2021 9:28:15 PM : ping
5/8/2021 9:28:15 PM : ping
5/8/2021 9:28:16 PM : ping
5/8/2021 9:28:16 PM : ping
5/8/2021 9:28:16 PM : ping
5/8/2021 9:28:17 PM : ping
5/8/2021 9:28:17 PM : ping
5/8/2021 9:28:17 PM : ping
5/8/2021 9:28:18 PM : ping
5/8/2021 9:28:18 PM : ping
5/8/2021 9:28:18 PM : ping
5/8/2021 9:28:19 PM : ping
5/8/2021 9:28:19 PM : ping
5/8/2021 9:28:19 PM : ping
5/8/2021 9:28:20 PM : ping
5/8/2021 9:28:20 PM : ping
5/8/2021 9:28:20 PM : ping
5/8/2021 9:28:21 PM : ping
5/8/2021 9:28:21 PM : ping
5/8/2021 9:28:21 PM : ping
5/8/2021 9:28:22 PM : ping
5/8/2021 9:28:22 PM : ping
5/8/2021 9:28:22 PM : ping
5/8/2021 9:28:23 PM : launch server at port: 7003
5/8/2021 9:28:23 PM : ping
5/8/2021 9:28:23 PM : ping
5/8/2021 9:28:23 PM : ping
5/8/2021 9:28:25 PM : ping
5/8/2021 9:28:25 PM : ping
5/8/2021 9:28:25 PM : ping
5/8/2021 9:28:26 PM : ping
5/8/2021 9:28:26 PM : ping
5/8/2021 9:28:26 PM : ping
5/8/2021 9:28:27 PM : ping
5/8/2021 9:28:27 PM : ping
5/8/2021 9:28:27 PM : ping
5/8/2021 9:28:28 PM : ping
5/8/2021 9:28:28 PM : ping
5/8/2021 9:28:28 PM : ping
5/8/2021 9:28:29 PM : ping
5/8/2021 9:28:29 PM : ping
5/8/2021 9:28:29 PM : ping
5/8/2021 9:28:30 PM : ping
5/8/2021 9:28:30 PM : ping
5/8/2021 9:28:30 PM : ping
5/8/2021 9:28:31 PM : ping
5/8/2021 9:28:31 PM : ping
5/8/2021 9:28:31 PM : ping
5/8/2021 9:28:32 PM : ping
5/8/2021 9:28:32 PM : ping
5/8/2021 9:28:32 PM : ping
5/8/2021 9:28:33 PM : ping
5/8/2021 9:28:33 PM : ping
5/8/2021 9:28:33 PM : ping
5/8/2021 9:28:35 PM : ping
5/8/2021 9:28:35 PM : ping
5/8/2021 9:28:35 PM : ping
5/8/2021 9:28:36 PM : ping
5/8/2021 9:28:36 PM : ping
5/8/2021 9:28:36 PM : ping
5/8/2021 9:28:37 PM : ping
5/8/2021 9:28:37 PM : ping
5/8/2021 9:28:37 PM : ping
5/8/2021 9:28:38 PM : ping
5/8/2021 9:28:38 PM : ping
5/8/2021 9:28:38 PM : ping
5/8/2021 9:28:39 PM : ping
5/8/2021 9:28:39 PM : ping
5/8/2021 9:28:39 PM : ping
5/8/2021 9:28:40 PM : ping
5/8/2021 9:28:40 PM : ping
5/8/2021 9:28:40 PM : ping
5/8/2021 9:28:41 PM : launch server at port: 7004
5/8/2021 9:28:41 PM : ping
5/8/2021 9:28:41 PM : ping
5/8/2021 9:28:41 PM : ping
5/8/2021 9:28:42 PM : ping
5/8/2021 9:28:42 PM : ping
5/8/2021 9:28:42 PM : ping
5/8/2021 9:28:43 PM : ping
5/8/2021 9:28:43 PM : ping
5/8/2021 9:28:43 PM : ping
5/8/2021 9:28:45 PM : ping
5/8/2021 9:28:45 PM : ping
5/8/2021 9:28:45 PM : ping
5/8/2021 9:28:46 PM : ping
5/8/2021 9:28:46 PM : ping
5/8/2021 9:28:46 PM : ping
5/8/2021 9:28:46 PM : launch server at port: 7005
5/8/2021 9:28:46 PM : launch server at port: 7006
5/8/2021 9:28:47 PM : ping
5/8/2021 9:28:47 PM : ping
5/8/2021 9:28:47 PM : ping
5/8/2021 9:28:48 PM : ping
5/8/2021 9:28:48 PM : ping
5/8/2021 9:28:48 PM : ping
5/8/2021 9:28:48 PM : launch server at port: 7007
5/8/2021 9:28:49 PM : launch server at port: 7008
5/8/2021 9:28:49 PM : ping
5/8/2021 9:28:49 PM : ping
5/8/2021 9:28:49 PM : ping
5/8/2021 9:28:50 PM : ping
5/8/2021 9:28:50 PM : ping
5/8/2021 9:28:50 PM : ping
5/8/2021 9:28:51 PM : ping
5/8/2021 9:28:51 PM : ping
5/8/2021 9:28:51 PM : ping
5/8/2021 9:28:52 PM : ping
5/8/2021 9:28:52 PM : ping
5/8/2021 9:28:52 PM : ping
5/8/2021 9:28:53 PM : ping
5/8/2021 9:28:53 PM : ping
5/8/2021 9:28:53 PM : ping
5/8/2021 9:28:55 PM : ping
5/8/2021 9:28:55 PM : ping
5/8/2021 9:28:55 PM : ping
5/8/2021 9:28:56 PM : ping
5/8/2021 9:28:56 PM : ping
5/8/2021 9:28:56 PM : ping
5/8/2021 9:28:57 PM : ping
5/8/2021 9:28:57 PM : ping
5/8/2021 9:28:57 PM : ping
5/8/2021 9:28:58 PM : ping
5/8/2021 9:28:58 PM : ping
5/8/2021 9:28:58 PM : ping
5/8/2021 9:28:59 PM : ping
5/8/2021 9:28:59 PM : ping
5/8/2021 9:28:59 PM : ping
5/8/2021 9:29:00 PM : ping
5/8/2021 9:29:00 PM : ping
5/8/2021 9:29:00 PM : ping
5/8/2021 9:29:01 PM : ping
5/8/2021 9:29:01 PM : ping
5/8/2021 9:29:01 PM : ping
5/8/2021 9:29:02 PM : ping
5/8/2021 9:29:02 PM : ping
5/8/2021 9:29:02 PM : ping
5/8/2021 9:29:03 PM : ping
5/8/2021 9:29:03 PM : ping
5/8/2021 9:29:03 PM : ping
5/8/2021 9:29:05 PM : ping
5/8/2021 9:29:05 PM : ping
5/8/2021 9:29:05 PM : ping
5/8/2021 9:29:06 PM : ping
5/8/2021 9:29:06 PM : ping
5/8/2021 9:29:06 PM : ping
5/8/2021 9:29:07 PM : ping
5/8/2021 9:29:07 PM : ping
5/8/2021 9:29:07 PM : ping
5/8/2021 9:29:08 PM : ping
5/8/2021 9:29:08 PM : ping
5/8/2021 9:29:08 PM : ping
5/8/2021 9:29:09 PM : ping
5/8/2021 9:29:09 PM : ping
5/8/2021 9:29:09 PM : ping
5/8/2021 9:29:10 PM : ping
5/8/2021 9:29:10 PM : ping
5/8/2021 9:29:10 PM : ping
5/8/2021 9:29:11 PM : ping
5/8/2021 9:29:11 PM : ping
5/8/2021 9:29:11 PM : ping
5/8/2021 9:29:12 PM : ping
5/8/2021 9:29:12 PM : ping
5/8/2021 9:29:12 PM : ping
5/8/2021 9:29:13 PM : ping
5/8/2021 9:29:13 PM : ping
5/8/2021 9:29:13 PM : ping
5/8/2021 9:29:14 PM : ping
5/8/2021 9:29:14 PM : ping
5/8/2021 9:29:14 PM : ping
5/8/2021 9:29:16 PM : ping
5/8/2021 9:29:16 PM : ping
5/8/2021 9:29:16 PM : ping
5/8/2021 9:29:17 PM : ping
5/8/2021 9:29:17 PM : ping
5/8/2021 9:29:17 PM : ping
5/8/2021 9:29:18 PM : ping
5/8/2021 9:29:18 PM : ping
5/8/2021 9:29:18 PM : ping
5/8/2021 9:29:19 PM : ping
5/8/2021 9:29:19 PM : ping
5/8/2021 9:29:19 PM : ping
5/8/2021 9:29:20 PM : ping
5/8/2021 9:29:20 PM : ping
5/8/2021 9:29:20 PM : ping
5/8/2021 9:29:21 PM : ping
5/8/2021 9:29:21 PM : ping
5/8/2021 9:29:21 PM : ping
5/8/2021 9:29:22 PM : ping
5/8/2021 9:29:22 PM : ping
5/8/2021 9:29:22 PM : ping
5/8/2021 9:29:23 PM : ping
5/8/2021 9:29:23 PM : ping
5/8/2021 9:29:23 PM : ping
5/8/2021 9:29:24 PM : ping
5/8/2021 9:29:24 PM : ping
5/8/2021 9:29:24 PM : ping
5/8/2021 9:29:26 PM : ping
5/8/2021 9:29:26 PM : ping
5/8/2021 9:29:26 PM : ping
5/8/2021 9:29:27 PM : ping
5/8/2021 9:29:27 PM : ping
5/8/2021 9:29:27 PM : ping
5/8/2021 9:29:28 PM : ping
5/8/2021 9:29:28 PM : ping
5/8/2021 9:29:28 PM : ping
5/8/2021 9:29:29 PM : ping
5/8/2021 9:29:29 PM : ping
5/8/2021 9:29:29 PM : ping
5/8/2021 9:29:30 PM : ping
5/8/2021 9:29:30 PM : ping
5/8/2021 9:29:30 PM : ping
5/8/2021 9:29:31 PM : ping
5/8/2021 9:29:31 PM : ping
5/8/2021 9:29:31 PM : ping
5/8/2021 9:29:32 PM : ping
5/8/2021 9:29:32 PM : ping
5/8/2021 9:29:32 PM : ping
5/8/2021 9:29:33 PM : ping
5/8/2021 9:29:33 PM : ping
5/8/2021 9:29:33 PM : ping
5/8/2021 9:29:34 PM : ping
5/8/2021 9:29:34 PM : ping
5/8/2021 9:29:34 PM : ping
5/8/2021 9:29:36 PM : ping
5/8/2021 9:29:36 PM : ping
5/8/2021 9:29:36 PM : ping
5/8/2021 9:29:37 PM : ping
5/8/2021 9:29:37 PM : ping
5/8/2021 9:29:37 PM : ping
5/8/2021 9:29:38 PM : ping
5/8/2021 9:29:38 PM : ping
5/8/2021 9:29:38 PM : ping
5/8/2021 9:29:39 PM : ping
5/8/2021 9:29:39 PM : ping
5/8/2021 9:29:39 PM : ping
5/8/2021 9:29:40 PM : ping
5/8/2021 9:29:40 PM : ping
5/8/2021 9:29:40 PM : ping
5/8/2021 9:29:41 PM : ping
5/8/2021 9:29:41 PM : ping
5/8/2021 9:29:41 PM : ping
5/8/2021 9:29:42 PM : ping
5/8/2021 9:29:42 PM : ping
5/8/2021 9:29:42 PM : ping
5/8/2021 9:29:43 PM : ping
5/8/2021 9:29:43 PM : ping
5/8/2021 9:29:43 PM : ping
5/8/2021 9:29:44 PM : ping
5/8/2021 9:29:44 PM : ping
5/8/2021 9:29:44 PM : ping
5/8/2021 9:29:46 PM : ping
5/8/2021 9:29:46 PM : ping
5/8/2021 9:29:46 PM : ping
5/8/2021 9:29:47 PM : ping
5/8/2021 9:29:47 PM : ping
5/8/2021 9:29:47 PM : ping
5/8/2021 9:29:48 PM : ping
5/8/2021 9:29:48 PM : ping
5/8/2021 9:29:48 PM : ping
5/8/2021 9:29:49 PM : ping
5/8/2021 9:29:49 PM : ping
5/8/2021 9:29:49 PM : ping
5/8/2021 9:29:50 PM : ping
5/8/2021 9:29:50 PM : ping
5/8/2021 9:29:50 PM : ping
5/8/2021 9:29:51 PM : ping
5/8/2021 9:29:51 PM : ping
5/8/2021 9:29:51 PM : ping
5/8/2021 9:29:52 PM : ping
5/8/2021 9:29:52 PM : ping
5/8/2021 9:29:52 PM : ping
5/8/2021 9:29:53 PM : ping
5/8/2021 9:29:53 PM : ping
5/8/2021 9:29:53 PM : ping
5/8/2021 9:29:54 PM : ping
5/8/2021 9:29:54 PM : ping
5/8/2021 9:29:54 PM : ping
5/8/2021 9:29:55 PM : ping
5/8/2021 9:29:55 PM : ping
5/8/2021 9:29:55 PM : ping
5/8/2021 9:29:56 PM : kService.requestChannels.Count :6
5/8/2021 9:29:56 PM : kService.requestChannels.Count :6
5/8/2021 9:29:57 PM : ping
5/8/2021 9:29:57 PM : ping
5/8/2021 9:29:57 PM : ping
5/8/2021 9:29:58 PM : ping
5/8/2021 9:29:58 PM : ping
5/8/2021 9:29:58 PM : ping
5/8/2021 9:29:59 PM : ping
5/8/2021 9:29:59 PM : ping
5/8/2021 9:29:59 PM : ping
5/8/2021 9:30:00 PM : ping
5/8/2021 9:30:00 PM : ping
5/8/2021 9:30:00 PM : ping
5/8/2021 9:30:01 PM : ping
5/8/2021 9:30:01 PM : ping
5/8/2021 9:30:01 PM : ping
5/8/2021 9:30:02 PM : ping
5/8/2021 9:30:02 PM : ping
5/8/2021 9:30:02 PM : ping
5/8/2021 9:30:03 PM : ping
5/8/2021 9:30:03 PM : ping
5/8/2021 9:30:03 PM : ping
5/8/2021 9:30:04 PM : ping
5/8/2021 9:30:04 PM : ping
5/8/2021 9:30:04 PM : ping
5/8/2021 9:30:05 PM : ping
5/8/2021 9:30:05 PM : ping
5/8/2021 9:30:05 PM : ping
5/8/2021 9:30:07 PM : ping
5/8/2021 9:30:07 PM : ping
5/8/2021 9:30:07 PM : ping
5/8/2021 9:30:08 PM : ping
5/8/2021 9:30:08 PM : ping
5/8/2021 9:30:08 PM : ping
5/8/2021 9:30:09 PM : ping
5/8/2021 9:30:09 PM : ping
5/8/2021 9:30:09 PM : ping
5/8/2021 9:30:10 PM : ping
5/8/2021 9:30:10 PM : ping
5/8/2021 9:30:10 PM : ping
5/8/2021 9:30:11 PM : ping
5/8/2021 9:30:11 PM : ping
5/8/2021 9:30:11 PM : ping
5/8/2021 9:30:12 PM : ping
5/8/2021 9:30:12 PM : ping
5/8/2021 9:30:12 PM : ping
5/8/2021 9:30:13 PM : ping
5/8/2021 9:30:13 PM : ping
5/8/2021 9:30:13 PM : ping
5/8/2021 9:30:14 PM : ping
5/8/2021 9:30:14 PM : ping
5/8/2021 9:30:14 PM : ping
5/8/2021 9:30:15 PM : kService.requestChannels.Count :5
5/8/2021 9:30:15 PM : kService.requestChannels.Count :5
5/8/2021 9:30:15 PM : ping
5/8/2021 9:30:15 PM : ping
5/8/2021 9:30:15 PM : ping
5/8/2021 9:30:17 PM : ping
5/8/2021 9:30:17 PM : ping
5/8/2021 9:30:17 PM : ping
5/8/2021 9:30:18 PM : ping
5/8/2021 9:30:18 PM : ping
5/8/2021 9:30:18 PM : ping
5/8/2021 9:30:19 PM : ping
5/8/2021 9:30:19 PM : ping
5/8/2021 9:30:19 PM : ping
5/8/2021 9:30:20 PM : ping
5/8/2021 9:30:20 PM : ping
5/8/2021 9:30:20 PM : ping
5/8/2021 9:30:21 PM : ping
5/8/2021 9:30:21 PM : ping
5/8/2021 9:30:21 PM : ping
5/8/2021 9:30:22 PM : ping
5/8/2021 9:30:22 PM : ping
5/8/2021 9:30:22 PM : ping
5/8/2021 9:30:23 PM : ping
5/8/2021 9:30:23 PM : ping
5/8/2021 9:30:23 PM : ping
5/8/2021 9:30:24 PM : ping
5/8/2021 9:30:24 PM : ping
5/8/2021 9:30:24 PM : ping
5/8/2021 9:30:25 PM : ping
5/8/2021 9:30:25 PM : ping
5/8/2021 9:30:25 PM : ping
5/8/2021 9:30:26 PM : ping
5/8/2021 9:30:26 PM : ping
5/8/2021 9:30:26 PM : ping
5/8/2021 9:30:28 PM : ping
5/8/2021 9:30:28 PM : ping
5/8/2021 9:30:28 PM : ping
5/8/2021 9:30:29 PM : ping
5/8/2021 9:30:29 PM : ping
5/8/2021 9:30:29 PM : ping
5/8/2021 9:30:30 PM : ping
5/8/2021 9:30:30 PM : ping
5/8/2021 9:30:30 PM : ping
5/8/2021 9:30:31 PM : ping
5/8/2021 9:30:31 PM : ping
5/8/2021 9:30:31 PM : ping
5/8/2021 9:30:32 PM : ping
5/8/2021 9:30:32 PM : ping
5/8/2021 9:30:32 PM : ping
5/8/2021 9:30:33 PM : ping
5/8/2021 9:30:33 PM : ping
5/8/2021 9:30:33 PM : ping
5/8/2021 9:30:34 PM : ping
5/8/2021 9:30:34 PM : ping
5/8/2021 9:30:34 PM : ping
5/8/2021 9:30:35 PM : ping
5/8/2021 9:30:35 PM : ping
5/8/2021 9:30:35 PM : ping
5/8/2021 9:30:36 PM : ping
5/8/2021 9:30:36 PM : ping
5/8/2021 9:30:36 PM : ping
5/8/2021 9:30:38 PM : ping
5/8/2021 9:30:38 PM : ping
5/8/2021 9:30:38 PM : ping
5/8/2021 9:30:39 PM : ping
5/8/2021 9:30:39 PM : ping
5/8/2021 9:30:39 PM : ping
5/8/2021 9:30:40 PM : ping
5/8/2021 9:30:40 PM : ping
5/8/2021 9:30:40 PM : ping
5/8/2021 9:30:41 PM : ping
5/8/2021 9:30:41 PM : ping
5/8/2021 9:30:41 PM : ping
5/8/2021 9:30:42 PM : ping
5/8/2021 9:30:42 PM : ping
5/8/2021 9:30:42 PM : ping
5/8/2021 9:30:43 PM : ping
5/8/2021 9:30:43 PM : ping
5/8/2021 9:30:43 PM : ping
5/8/2021 9:30:44 PM : ping
5/8/2021 9:30:44 PM : ping
5/8/2021 9:30:44 PM : ping
5/8/2021 9:30:45 PM : ping
5/8/2021 9:30:45 PM : ping
5/8/2021 9:30:45 PM : ping
5/8/2021 9:30:46 PM : ping
5/8/2021 9:30:46 PM : ping
5/8/2021 9:30:46 PM : ping
5/8/2021 9:30:48 PM : ping
5/8/2021 9:30:48 PM : ping
5/8/2021 9:30:48 PM : ping
5/8/2021 9:30:49 PM : ping
5/8/2021 9:30:49 PM : ping
5/8/2021 9:30:49 PM : ping
5/8/2021 9:30:50 PM : ping
5/8/2021 9:30:50 PM : ping
5/8/2021 9:30:50 PM : ping
5/8/2021 9:30:51 PM : ping
5/8/2021 9:30:51 PM : ping
5/8/2021 9:30:51 PM : ping
5/8/2021 9:30:52 PM : ping
5/8/2021 9:30:52 PM : ping
5/8/2021 9:30:52 PM : ping
5/8/2021 9:30:53 PM : ping
5/8/2021 9:30:53 PM : ping
5/8/2021 9:30:53 PM : ping
5/8/2021 9:30:54 PM : ping
5/8/2021 9:30:54 PM : ping
5/8/2021 9:30:54 PM : ping
5/8/2021 9:30:55 PM : ping
5/8/2021 9:30:55 PM : ping
5/8/2021 9:30:55 PM : ping
5/8/2021 9:30:56 PM : ping
5/8/2021 9:30:56 PM : ping
5/8/2021 9:30:56 PM : ping
5/8/2021 9:30:57 PM : ping
5/8/2021 9:30:57 PM : ping
5/8/2021 9:30:57 PM : ping
5/8/2021 9:30:59 PM : ping
5/8/2021 9:30:59 PM : ping
5/8/2021 9:30:59 PM : ping
5/8/2021 9:31:00 PM : ping
5/8/2021 9:31:00 PM : ping
5/8/2021 9:31:00 PM : ping
5/8/2021 9:31:01 PM : ping
5/8/2021 9:31:01 PM : ping
5/8/2021 9:31:01 PM : ping
5/8/2021 9:31:02 PM : ping
5/8/2021 9:31:02 PM : ping
5/8/2021 9:31:02 PM : ping
5/8/2021 9:31:03 PM : ping
5/8/2021 9:31:03 PM : ping
5/8/2021 9:31:03 PM : ping
5/8/2021 9:31:04 PM : ping
5/8/2021 9:31:04 PM : ping
5/8/2021 9:31:04 PM : ping
5/8/2021 9:31:05 PM : ping
5/8/2021 9:31:05 PM : ping
5/8/2021 9:31:05 PM : ping
5/8/2021 9:31:06 PM : ping
5/8/2021 9:31:06 PM : ping
5/8/2021 9:31:06 PM : ping
5/8/2021 9:31:07 PM : ping
5/8/2021 9:31:07 PM : ping
5/8/2021 9:31:07 PM : ping
5/8/2021 9:31:09 PM : ping
5/8/2021 9:31:09 PM : ping
5/8/2021 9:31:09 PM : ping
5/8/2021 9:31:10 PM : ping
5/8/2021 9:31:10 PM : ping
5/8/2021 9:31:10 PM : ping
5/8/2021 9:31:11 PM : ping
5/8/2021 9:31:11 PM : ping
5/8/2021 9:31:11 PM : ping
5/8/2021 9:31:12 PM : ping
5/8/2021 9:31:12 PM : ping
5/8/2021 9:31:12 PM : ping
5/8/2021 9:31:13 PM : ping
5/8/2021 9:31:13 PM : ping
5/8/2021 9:31:13 PM : ping
5/8/2021 9:31:14 PM : ping
5/8/2021 9:31:14 PM : ping
5/8/2021 9:31:14 PM : ping
5/8/2021 9:31:15 PM : ping
5/8/2021 9:31:15 PM : ping
5/8/2021 9:31:15 PM : ping
5/8/2021 9:31:16 PM : ping
5/8/2021 9:31:16 PM : ping
5/8/2021 9:31:16 PM : ping
5/8/2021 9:31:17 PM : ping
5/8/2021 9:31:17 PM : ping
5/8/2021 9:31:17 PM : ping
5/8/2021 9:31:18 PM : ping
5/8/2021 9:31:18 PM : ping
5/8/2021 9:31:18 PM : ping
5/8/2021 9:31:20 PM : ping
5/8/2021 9:31:20 PM : ping
5/8/2021 9:31:20 PM : ping
5/8/2021 9:31:21 PM : ping
5/8/2021 9:31:21 PM : ping
5/8/2021 9:31:21 PM : ping
5/8/2021 9:31:22 PM : ping
5/8/2021 9:31:22 PM : ping
5/8/2021 9:31:22 PM : ping
5/8/2021 9:31:23 PM : ping
5/8/2021 9:31:23 PM : ping
5/8/2021 9:31:23 PM : ping
5/8/2021 9:31:24 PM : ping
5/8/2021 9:31:24 PM : ping
5/8/2021 9:31:24 PM : ping
5/8/2021 9:31:25 PM : ping
5/8/2021 9:31:25 PM : ping
5/8/2021 9:31:25 PM : ping
5/8/2021 9:31:26 PM : ping
5/8/2021 9:31:26 PM : ping
5/8/2021 9:31:26 PM : ping
5/8/2021 9:31:27 PM : ping
5/8/2021 9:31:27 PM : ping
5/8/2021 9:31:27 PM : ping
5/8/2021 9:31:28 PM : ping
5/8/2021 9:31:28 PM : ping
5/8/2021 9:31:28 PM : ping
5/8/2021 9:31:30 PM : ping
5/8/2021 9:31:30 PM : ping
5/8/2021 9:31:30 PM : ping
5/8/2021 9:31:31 PM : ping
5/8/2021 9:31:31 PM : ping
5/8/2021 9:31:31 PM : ping
5/8/2021 9:31:32 PM : ping
5/8/2021 9:31:32 PM : ping
5/8/2021 9:31:32 PM : ping
5/8/2021 9:31:33 PM : ping
5/8/2021 9:31:33 PM : ping
5/8/2021 9:31:33 PM : ping
5/8/2021 9:31:34 PM : ping
5/8/2021 9:31:34 PM : ping
5/8/2021 9:31:34 PM : ping
5/8/2021 9:31:35 PM : ping
5/8/2021 9:31:35 PM : ping
5/8/2021 9:31:35 PM : ping
5/8/2021 9:31:36 PM : ping
5/8/2021 9:31:36 PM : ping
5/8/2021 9:31:36 PM : ping
5/8/2021 9:31:37 PM : ping
5/8/2021 9:31:37 PM : ping
5/8/2021 9:31:37 PM : ping
5/8/2021 9:31:38 PM : ping
5/8/2021 9:31:38 PM : ping
5/8/2021 9:31:38 PM : ping
5/8/2021 9:31:40 PM : ping
5/8/2021 9:31:40 PM : ping
5/8/2021 9:31:40 PM : ping
5/8/2021 9:31:41 PM : ping
5/8/2021 9:31:41 PM : ping
5/8/2021 9:31:41 PM : ping
5/8/2021 9:31:42 PM : ping
5/8/2021 9:31:42 PM : ping
5/8/2021 9:31:42 PM : ping
5/8/2021 9:31:43 PM : ping
5/8/2021 9:31:43 PM : ping
5/8/2021 9:31:43 PM : ping
5/8/2021 9:31:44 PM : ping
5/8/2021 9:31:44 PM : ping
5/8/2021 9:31:44 PM : ping
5/8/2021 9:31:45 PM : ping
5/8/2021 9:31:45 PM : ping
5/8/2021 9:31:45 PM : ping
5/8/2021 9:31:46 PM : ping
5/8/2021 9:31:46 PM : ping
5/8/2021 9:31:46 PM : ping
5/8/2021 9:31:47 PM : ping
5/8/2021 9:31:47 PM : ping
5/8/2021 9:31:47 PM : ping
5/8/2021 9:31:48 PM : ping
5/8/2021 9:31:48 PM : ping
5/8/2021 9:31:48 PM : ping
5/8/2021 9:31:50 PM : ping
5/8/2021 9:31:50 PM : ping
5/8/2021 9:31:50 PM : ping
5/8/2021 9:31:51 PM : ping
5/8/2021 9:31:51 PM : ping
5/8/2021 9:31:51 PM : ping
5/8/2021 9:31:52 PM : ping
5/8/2021 9:31:52 PM : ping
5/8/2021 9:31:52 PM : ping
5/8/2021 9:31:53 PM : ping
5/8/2021 9:31:53 PM : ping
5/8/2021 9:31:53 PM : ping
5/8/2021 9:31:54 PM : ping
5/8/2021 9:31:54 PM : ping
5/8/2021 9:31:54 PM : ping
5/8/2021 9:31:55 PM : ping
5/8/2021 9:31:55 PM : ping
5/8/2021 9:31:55 PM : ping
5/8/2021 9:31:56 PM : ping
5/8/2021 9:31:56 PM : ping
5/8/2021 9:31:56 PM : ping
5/8/2021 9:31:57 PM : ping
5/8/2021 9:31:57 PM : ping
5/8/2021 9:31:57 PM : ping
5/8/2021 9:31:58 PM : ping
5/8/2021 9:31:58 PM : ping
5/8/2021 9:31:58 PM : ping
5/8/2021 9:31:59 PM : ping
5/8/2021 9:31:59 PM : ping
5/8/2021 9:31:59 PM : ping
5/8/2021 9:32:01 PM : ping
5/8/2021 9:32:01 PM : ping
5/8/2021 9:32:01 PM : ping
5/8/2021 9:32:02 PM : ping
5/8/2021 9:32:02 PM : ping
5/8/2021 9:32:02 PM : ping
5/8/2021 9:32:03 PM : ping
5/8/2021 9:32:03 PM : ping
5/8/2021 9:32:03 PM : ping
5/8/2021 9:32:04 PM : ping
5/8/2021 9:32:04 PM : ping
5/8/2021 9:32:04 PM : ping
5/8/2021 9:32:05 PM : ping
5/8/2021 9:32:05 PM : ping
5/8/2021 9:32:05 PM : ping
5/8/2021 9:32:06 PM : ping
5/8/2021 9:32:06 PM : ping
5/8/2021 9:32:06 PM : ping
5/8/2021 9:32:07 PM : ping
5/8/2021 9:32:07 PM : ping
5/8/2021 9:32:07 PM : ping
5/8/2021 9:32:08 PM : ping
5/8/2021 9:32:08 PM : ping
5/8/2021 9:32:08 PM : ping
5/8/2021 9:32:09 PM : ping
5/8/2021 9:32:09 PM : ping
5/8/2021 9:32:09 PM : ping
5/8/2021 9:32:11 PM : ping
5/8/2021 9:32:11 PM : ping
5/8/2021 9:32:11 PM : ping
5/8/2021 9:32:12 PM : ping
5/8/2021 9:32:12 PM : ping
5/8/2021 9:32:12 PM : ping
5/8/2021 9:32:13 PM : ping
5/8/2021 9:32:13 PM : ping
5/8/2021 9:32:13 PM : ping
5/8/2021 9:32:14 PM : ping
5/8/2021 9:32:14 PM : ping
5/8/2021 9:32:14 PM : ping
5/8/2021 9:32:15 PM : ping
5/8/2021 9:32:15 PM : ping
5/8/2021 9:32:15 PM : ping
5/8/2021 9:32:16 PM : ping
5/8/2021 9:32:16 PM : ping
5/8/2021 9:32:16 PM : ping
5/8/2021 9:32:17 PM : ping
5/8/2021 9:32:17 PM : ping
5/8/2021 9:32:17 PM : ping
5/8/2021 9:32:18 PM : ping
5/8/2021 9:32:18 PM : ping
5/8/2021 9:32:18 PM : ping
5/8/2021 9:32:19 PM : ping
5/8/2021 9:32:19 PM : ping
5/8/2021 9:32:19 PM : ping
5/8/2021 9:32:20 PM : kService.requestChannels.Count :4
5/8/2021 9:32:20 PM : kService.requestChannels.Count :4
5/8/2021 9:32:21 PM : ping
5/8/2021 9:32:21 PM : ping
5/8/2021 9:32:21 PM : ping
5/8/2021 9:32:22 PM : ping
5/8/2021 9:32:22 PM : ping
5/8/2021 9:32:22 PM : ping
5/8/2021 9:32:23 PM : kService.requestChannels.Count :3
5/8/2021 9:32:23 PM : kService.requestChannels.Count :3
5/8/2021 9:32:23 PM : ping
5/8/2021 9:32:23 PM : ping
5/8/2021 9:32:23 PM : ping
5/8/2021 9:32:23 PM : kService.requestChannels.Count :2
5/8/2021 9:32:23 PM : kService.requestChannels.Count :2
5/8/2021 9:32:24 PM : ping
5/8/2021 9:32:24 PM : ping
5/8/2021 9:32:24 PM : ping
5/8/2021 9:32:25 PM : ping
5/8/2021 9:32:25 PM : ping
5/8/2021 9:32:25 PM : ping
5/8/2021 9:32:26 PM : ping
5/8/2021 9:32:26 PM : ping
5/8/2021 9:32:26 PM : ping
5/8/2021 9:32:27 PM : ping
5/8/2021 9:32:27 PM : ping
5/8/2021 9:32:27 PM : ping
5/8/2021 9:32:28 PM : ping
5/8/2021 9:32:28 PM : ping
5/8/2021 9:32:28 PM : ping
5/8/2021 9:32:29 PM : ping
5/8/2021 9:32:29 PM : ping
5/8/2021 9:32:29 PM : ping
5/8/2021 9:32:31 PM : ping
5/8/2021 9:32:31 PM : ping
5/8/2021 9:32:31 PM : ping
5/8/2021 9:32:32 PM : ping
5/8/2021 9:32:32 PM : ping
5/8/2021 9:32:32 PM : ping
5/8/2021 9:32:32 PM : kService.requestChannels.Count :1
5/8/2021 9:32:32 PM : kService.requestChannels.Count :1
5/8/2021 9:32:32 PM : kService.requestChannels.Count :0
5/8/2021 9:32:32 PM : kService.requestChannels.Count :0
5/8/2021 9:32:33 PM : ping
5/8/2021 9:32:33 PM : ping
5/8/2021 9:32:33 PM : ping
5/8/2021 9:32:34 PM : ping
5/8/2021 9:32:34 PM : ping
5/8/2021 9:32:34 PM : ping
5/8/2021 9:32:35 PM : ping
5/8/2021 9:32:35 PM : ping
5/8/2021 9:32:35 PM : ping
5/8/2021 9:32:36 PM : ping
5/8/2021 9:32:36 PM : ping
5/8/2021 9:32:36 PM : ping
5/8/2021 9:32:37 PM : ping
5/8/2021 9:32:37 PM : ping
5/8/2021 9:32:37 PM : ping
5/8/2021 9:32:38 PM : ping
5/8/2021 9:32:38 PM : ping
5/8/2021 9:32:38 PM : ping
5/8/2021 9:32:39 PM : ping
5/8/2021 9:32:39 PM : ping
5/8/2021 9:32:39 PM : ping
5/8/2021 9:32:41 PM : ping
5/8/2021 9:32:41 PM : ping
5/8/2021 9:32:41 PM : ping
5/8/2021 9:32:42 PM : ping
5/8/2021 9:32:42 PM : ping
5/8/2021 9:32:42 PM : ping
5/8/2021 9:32:43 PM : ping
5/8/2021 9:32:43 PM : ping
5/8/2021 9:32:43 PM : ping
5/8/2021 9:32:44 PM : ping
5/8/2021 9:32:44 PM : ping
5/8/2021 9:32:44 PM : ping
5/8/2021 9:32:45 PM : ping
5/8/2021 9:32:45 PM : ping
5/8/2021 9:32:45 PM : ping
5/8/2021 9:32:46 PM : ping
5/8/2021 9:32:46 PM : ping
5/8/2021 9:32:46 PM : ping
5/8/2021 9:32:47 PM : ping
5/8/2021 9:32:47 PM : ping
5/8/2021 9:32:47 PM : ping
5/8/2021 9:32:48 PM : ping
5/8/2021 9:32:48 PM : ping
5/8/2021 9:32:48 PM : ping
5/8/2021 9:32:49 PM : ping
5/8/2021 9:32:49 PM : ping
5/8/2021 9:32:49 PM : ping
5/8/2021 9:32:50 PM : ping
5/8/2021 9:32:50 PM : ping
5/8/2021 9:32:50 PM : ping
5/8/2021 9:32:52 PM : ping
5/8/2021 9:32:52 PM : ping
5/8/2021 9:32:52 PM : ping
5/8/2021 9:32:53 PM : ping
5/8/2021 9:32:53 PM : ping
5/8/2021 9:32:53 PM : ping
5/8/2021 9:32:54 PM : ping
5/8/2021 9:32:54 PM : ping
5/8/2021 9:32:54 PM : ping
5/8/2021 9:32:55 PM : ping
5/8/2021 9:32:55 PM : ping
5/8/2021 9:32:55 PM : ping
5/8/2021 9:32:56 PM : ping
5/8/2021 9:32:56 PM : ping
5/8/2021 9:32:56 PM : ping
5/8/2021 9:32:57 PM : ping
5/8/2021 9:32:57 PM : ping
5/8/2021 9:32:57 PM : ping
