log begin
..............
5/8/2021 2:04:32 PM : ping
5/8/2021 2:04:32 PM : ping
5/8/2021 2:04:32 PM : ping
5/8/2021 2:04:33 PM : ping
5/8/2021 2:04:33 PM : ping
5/8/2021 2:04:34 PM : ping
5/8/2021 2:04:35 PM : ping
5/8/2021 2:04:35 PM : ping
5/8/2021 2:04:35 PM : ping
5/8/2021 2:04:36 PM : ping
5/8/2021 2:04:36 PM : ping
5/8/2021 2:04:36 PM : ping
5/8/2021 2:04:37 PM : ping
5/8/2021 2:04:37 PM : ping
5/8/2021 2:04:37 PM : ping
5/8/2021 2:04:38 PM : ping
5/8/2021 2:04:38 PM : ping
5/8/2021 2:04:38 PM : ping
5/8/2021 2:04:39 PM : ping
5/8/2021 2:04:39 PM : ping
5/8/2021 2:04:39 PM : ping
5/8/2021 2:04:40 PM : ping
5/8/2021 2:04:40 PM : ping
5/8/2021 2:04:40 PM : ping
5/8/2021 2:04:41 PM : ping
5/8/2021 2:04:41 PM : ping
5/8/2021 2:04:41 PM : ping
5/8/2021 2:04:41 PM : launch server at port: 7003
5/8/2021 2:04:42 PM : launch server at port: 7004
5/8/2021 2:04:42 PM : ping
5/8/2021 2:04:42 PM : ping
5/8/2021 2:04:42 PM : ping
5/8/2021 2:04:44 PM : ping
5/8/2021 2:04:44 PM : ping
5/8/2021 2:04:44 PM : ping
5/8/2021 2:04:45 PM : ping
5/8/2021 2:04:45 PM : ping
5/8/2021 2:04:45 PM : ping
5/8/2021 2:04:46 PM : ping
5/8/2021 2:04:46 PM : ping
5/8/2021 2:04:46 PM : ping
5/8/2021 2:04:47 PM : kService.requestChannels.Count :2
5/8/2021 2:04:47 PM : kService.requestChannels.Count :2
5/8/2021 2:04:47 PM : ping
5/8/2021 2:04:47 PM : ping
5/8/2021 2:04:47 PM : ping
5/8/2021 2:04:48 PM : ping
5/8/2021 2:04:48 PM : ping
5/8/2021 2:04:48 PM : ping
5/8/2021 2:04:49 PM : ping
5/8/2021 2:04:49 PM : ping
5/8/2021 2:04:49 PM : ping
5/8/2021 2:04:50 PM : ping
5/8/2021 2:04:50 PM : ping
5/8/2021 2:04:50 PM : ping
5/8/2021 2:04:51 PM : ping
5/8/2021 2:04:51 PM : ping
5/8/2021 2:04:51 PM : ping
5/8/2021 2:04:52 PM : ping
5/8/2021 2:04:52 PM : ping
5/8/2021 2:04:52 PM : ping
5/8/2021 2:04:54 PM : ping
5/8/2021 2:04:54 PM : ping
5/8/2021 2:04:54 PM : ping
5/8/2021 2:04:55 PM : ping
5/8/2021 2:04:55 PM : ping
5/8/2021 2:04:55 PM : ping
5/8/2021 2:04:56 PM : ping
5/8/2021 2:04:56 PM : ping
5/8/2021 2:04:56 PM : ping
5/8/2021 2:04:57 PM : kService.requestChannels.Count :1
5/8/2021 2:04:57 PM : kService.requestChannels.Count :1
5/8/2021 2:04:57 PM : ping
5/8/2021 2:04:57 PM : ping
5/8/2021 2:04:57 PM : ping
5/8/2021 2:04:57 PM : kService.requestChannels.Count :0
5/8/2021 2:04:57 PM : kService.requestChannels.Count :0
5/8/2021 2:04:58 PM : ping
5/8/2021 2:04:58 PM : ping
5/8/2021 2:04:58 PM : ping
5/8/2021 2:04:59 PM : ping
5/8/2021 2:04:59 PM : ping
5/8/2021 2:04:59 PM : ping
5/8/2021 2:05:00 PM : ping
5/8/2021 2:05:00 PM : ping
5/8/2021 2:05:00 PM : ping
5/8/2021 2:05:01 PM : ping
5/8/2021 2:05:01 PM : ping
5/8/2021 2:05:01 PM : ping
5/8/2021 2:05:02 PM : ping
5/8/2021 2:05:02 PM : ping
5/8/2021 2:05:02 PM : ping
5/8/2021 2:05:03 PM : ping
5/8/2021 2:05:03 PM : ping
5/8/2021 2:05:04 PM : ping
5/8/2021 2:05:05 PM : ping
5/8/2021 2:05:05 PM : ping
5/8/2021 2:05:05 PM : ping
5/8/2021 2:05:06 PM : ping
5/8/2021 2:05:06 PM : ping
5/8/2021 2:05:06 PM : ping
5/8/2021 2:05:07 PM : ping
5/8/2021 2:05:07 PM : ping
5/8/2021 2:05:07 PM : ping
5/8/2021 2:05:08 PM : ping
5/8/2021 2:05:08 PM : ping
5/8/2021 2:05:08 PM : ping
5/8/2021 2:05:09 PM : ping
5/8/2021 2:05:09 PM : ping
5/8/2021 2:05:09 PM : ping
5/8/2021 2:05:10 PM : ping
5/8/2021 2:05:10 PM : ping
5/8/2021 2:05:10 PM : ping
5/8/2021 2:05:11 PM : ping
5/8/2021 2:05:11 PM : ping
5/8/2021 2:05:11 PM : ping
5/8/2021 2:05:12 PM : ping
5/8/2021 2:05:12 PM : ping
5/8/2021 2:05:12 PM : ping
5/8/2021 2:05:13 PM : ping
5/8/2021 2:05:13 PM : ping
5/8/2021 2:05:13 PM : ping
5/8/2021 2:05:15 PM : ping
5/8/2021 2:05:15 PM : ping
5/8/2021 2:05:15 PM : ping
5/8/2021 2:05:16 PM : ~KChannel()
5/8/2021 2:05:16 PM : ~KChannel()
5/8/2021 2:05:16 PM : ~KChannel()
5/8/2021 2:05:16 PM : ping
5/8/2021 2:05:16 PM : ping
5/8/2021 2:05:16 PM : ping
5/8/2021 2:05:17 PM : ping
5/8/2021 2:05:17 PM : ping
5/8/2021 2:05:17 PM : ping
5/8/2021 2:05:18 PM : ping
5/8/2021 2:05:18 PM : ping
5/8/2021 2:05:18 PM : ping
5/8/2021 2:05:19 PM : ping
5/8/2021 2:05:19 PM : ping
5/8/2021 2:05:19 PM : ping
5/8/2021 2:05:20 PM : ping
5/8/2021 2:05:20 PM : ping
5/8/2021 2:05:20 PM : ping
5/8/2021 2:05:21 PM : ping
5/8/2021 2:05:21 PM : ping
5/8/2021 2:05:21 PM : ping
5/8/2021 2:05:22 PM : ping
5/8/2021 2:05:22 PM : ping
5/8/2021 2:05:22 PM : ping
5/8/2021 2:05:23 PM : ping
5/8/2021 2:05:23 PM : ping
5/8/2021 2:05:23 PM : ping
5/8/2021 2:05:25 PM : ping
5/8/2021 2:05:25 PM : ping
5/8/2021 2:05:25 PM : ping
5/8/2021 2:05:26 PM : ping
5/8/2021 2:05:26 PM : ping
5/8/2021 2:05:26 PM : ping
