log begin
..............
5/9/2021 1:42:13 PM : ping
5/9/2021 1:42:13 PM : ping
5/9/2021 1:42:13 PM : ping
5/9/2021 1:42:15 PM : ping
5/9/2021 1:42:15 PM : ping
5/9/2021 1:42:15 PM : ping
5/9/2021 1:42:16 PM : ping
5/9/2021 1:42:16 PM : ping
5/9/2021 1:42:16 PM : ping
5/9/2021 1:42:17 PM : ping
5/9/2021 1:42:17 PM : ping
5/9/2021 1:42:17 PM : ping
5/9/2021 1:42:18 PM : ping
5/9/2021 1:42:18 PM : ping
5/9/2021 1:42:18 PM : ping
5/9/2021 1:42:19 PM : ping
5/9/2021 1:42:19 PM : ping
5/9/2021 1:42:19 PM : ping
5/9/2021 1:42:27 PM : ping
5/9/2021 1:42:27 PM : ping
5/9/2021 1:42:27 PM : ping
5/9/2021 1:42:28 PM : ping
5/9/2021 1:42:28 PM : ping
5/9/2021 1:42:28 PM : ping
5/9/2021 1:42:31 PM : ping
5/9/2021 1:42:31 PM : ping
5/9/2021 1:42:31 PM : ping
5/9/2021 1:42:32 PM : ping
5/9/2021 1:42:32 PM : ping
5/9/2021 1:42:32 PM : ping
5/9/2021 1:42:33 PM : launch server at port: 7003
5/9/2021 1:42:33 PM : ping
5/9/2021 1:42:33 PM : ping
5/9/2021 1:42:33 PM : ping
5/9/2021 1:42:35 PM : ping
5/9/2021 1:42:35 PM : ping
5/9/2021 1:42:35 PM : ping
5/9/2021 1:42:35 PM : launch server at port: 7004
5/9/2021 1:42:36 PM : ping
5/9/2021 1:42:36 PM : ping
5/9/2021 1:42:36 PM : ping
5/9/2021 1:42:37 PM : ping
5/9/2021 1:42:37 PM : ping
5/9/2021 1:42:37 PM : ping
5/9/2021 1:42:38 PM : ping
5/9/2021 1:42:38 PM : ping
5/9/2021 1:42:38 PM : ping
5/9/2021 1:42:39 PM : ping
5/9/2021 1:42:39 PM : ping
5/9/2021 1:42:39 PM : ping
5/9/2021 1:42:40 PM : kService.requestChannels.Count :7
5/9/2021 1:42:40 PM : kService.requestChannels.Count :7
5/9/2021 1:42:40 PM : kService.requestChannels.Count :7
5/9/2021 1:42:40 PM : kService.requestChannels.Count :7
5/9/2021 1:42:40 PM : kService.requestChannels.Count :7
5/9/2021 1:42:40 PM : kService.requestChannels.Count :7
5/9/2021 1:42:40 PM : kService.requestChannels.Count :7
5/9/2021 1:42:40 PM : kService.requestChannels.Count :7
5/9/2021 1:42:40 PM : kService.requestChannels.Count :7
5/9/2021 1:42:40 PM : kService.requestChannels.Count :7
5/9/2021 1:42:40 PM : kService.requestChannels.Count :7
5/9/2021 1:42:40 PM : kService.requestChannels.Count :7
5/9/2021 1:42:40 PM : kService.requestChannels.Count :7
5/9/2021 1:42:40 PM : kService.requestChannels.Count :7
5/9/2021 1:42:40 PM : kService.requestChannels.Count :7
5/9/2021 1:42:40 PM : kService.requestChannels.Count :7
5/9/2021 1:42:40 PM : kService.requestChannels.Count :7
5/9/2021 1:42:40 PM : kService.requestChannels.Count :7
5/9/2021 1:42:40 PM : kService.requestChannels.Count :7
5/9/2021 1:42:40 PM : kService.requestChannels.Count :7
5/9/2021 1:42:40 PM : kService.requestChannels.Count :7
5/9/2021 1:42:40 PM : kService.requestChannels.Count :7
5/9/2021 1:42:40 PM : kService.requestChannels.Count :7
5/9/2021 1:42:40 PM : kService.requestChannels.Count :7
5/9/2021 1:42:40 PM : kService.requestChannels.Count :7
5/9/2021 1:42:40 PM : kService.requestChannels.Count :7
5/9/2021 1:42:40 PM : kService.requestChannels.Count :7
5/9/2021 1:42:40 PM : ping
5/9/2021 1:42:40 PM : ping
5/9/2021 1:42:40 PM : ping
5/9/2021 1:42:41 PM : ping
5/9/2021 1:42:41 PM : ping
5/9/2021 1:42:41 PM : ping
5/9/2021 1:42:42 PM : ping
5/9/2021 1:42:42 PM : ping
5/9/2021 1:42:42 PM : ping
5/9/2021 1:42:43 PM : ping
5/9/2021 1:42:43 PM : ping
5/9/2021 1:42:43 PM : ping
5/9/2021 1:42:45 PM : ping
5/9/2021 1:42:45 PM : ping
5/9/2021 1:42:45 PM : ping
5/9/2021 1:42:46 PM : ping
5/9/2021 1:42:46 PM : ping
5/9/2021 1:42:46 PM : ping
5/9/2021 1:42:47 PM : ping
5/9/2021 1:42:47 PM : ping
5/9/2021 1:42:47 PM : ping
5/9/2021 1:42:48 PM : ping
5/9/2021 1:42:48 PM : ping
5/9/2021 1:42:48 PM : ping
5/9/2021 1:42:49 PM : ping
5/9/2021 1:42:49 PM : ping
5/9/2021 1:42:49 PM : ping
5/9/2021 1:42:50 PM : ping
5/9/2021 1:42:50 PM : ping
5/9/2021 1:42:50 PM : ping
5/9/2021 1:42:51 PM : ping
5/9/2021 1:42:51 PM : ping
5/9/2021 1:42:51 PM : ping
5/9/2021 1:42:52 PM : ping
5/9/2021 1:42:52 PM : ping
5/9/2021 1:42:52 PM : ~KChannel()
5/9/2021 1:42:52 PM : ~KChannel()
5/9/2021 1:42:52 PM : ~KChannel()
5/9/2021 1:42:52 PM : ~KChannel()
5/9/2021 1:42:52 PM : ~KChannel()
5/9/2021 1:42:52 PM : ~KChannel()
5/9/2021 1:42:52 PM : ~KChannel()
5/9/2021 1:42:52 PM : ~KChannel()
5/9/2021 1:42:52 PM : ~KChannel()
5/9/2021 1:42:52 PM : ~KChannel()
5/9/2021 1:42:52 PM : ~KChannel()
5/9/2021 1:42:52 PM : ~KChannel()
5/9/2021 1:42:52 PM : ~KChannel()
5/9/2021 1:42:52 PM : ~KChannel()
5/9/2021 1:42:52 PM : ~KChannel()
5/9/2021 1:42:52 PM : ~KChannel()
5/9/2021 1:42:52 PM : ~KChannel()
5/9/2021 1:42:52 PM : ~KChannel()
5/9/2021 1:42:52 PM : ~KChannel()
5/9/2021 1:42:52 PM : ~KChannel()
5/9/2021 1:42:52 PM : ~KChannel()
5/9/2021 1:42:52 PM : ~KChannel()
5/9/2021 1:42:52 PM : ~KChannel()
5/9/2021 1:42:52 PM : ~KChannel()
5/9/2021 1:42:52 PM : ~KChannel()
5/9/2021 1:42:52 PM : ~KChannel()
5/9/2021 1:42:52 PM : ~KChannel()
5/9/2021 1:42:52 PM : ping
5/9/2021 1:42:53 PM : ping
5/9/2021 1:42:53 PM : ping
5/9/2021 1:42:53 PM : ping
5/9/2021 1:42:55 PM : ping
5/9/2021 1:42:55 PM : ping
5/9/2021 1:42:55 PM : ping
5/9/2021 1:42:56 PM : ping
5/9/2021 1:42:56 PM : ping
5/9/2021 1:42:56 PM : ping
5/9/2021 1:42:57 PM : ping
5/9/2021 1:42:57 PM : ping
5/9/2021 1:42:57 PM : ping
5/9/2021 1:42:58 PM : ping
5/9/2021 1:42:58 PM : ping
5/9/2021 1:42:58 PM : ping
5/9/2021 1:42:59 PM : ping
5/9/2021 1:42:59 PM : ping
5/9/2021 1:42:59 PM : ping
5/9/2021 1:43:00 PM : ping
5/9/2021 1:43:00 PM : ping
5/9/2021 1:43:00 PM : ping
5/9/2021 1:43:01 PM : ping
5/9/2021 1:43:01 PM : ping
5/9/2021 1:43:01 PM : ping
5/9/2021 1:43:02 PM : ping
5/9/2021 1:43:02 PM : ping
5/9/2021 1:43:02 PM : ping
5/9/2021 1:43:03 PM : ping
5/9/2021 1:43:03 PM : ping
5/9/2021 1:43:03 PM : ping
5/9/2021 1:43:05 PM : ping
5/9/2021 1:43:05 PM : ping
5/9/2021 1:43:05 PM : ping
5/9/2021 1:43:06 PM : ping
5/9/2021 1:43:06 PM : ping
5/9/2021 1:43:06 PM : ping
5/9/2021 1:43:07 PM : ping
5/9/2021 1:43:07 PM : ping
5/9/2021 1:43:07 PM : ping
5/9/2021 1:43:08 PM : ping
5/9/2021 1:43:08 PM : ping
5/9/2021 1:43:08 PM : ping
5/9/2021 1:43:09 PM : ping
5/9/2021 1:43:09 PM : ping
5/9/2021 1:43:09 PM : ping
5/9/2021 1:43:10 PM : ping
5/9/2021 1:43:10 PM : ping
5/9/2021 1:43:10 PM : ping
5/9/2021 1:43:11 PM : kService.requestChannels.Count :6
5/9/2021 1:43:11 PM : kService.requestChannels.Count :6
5/9/2021 1:43:11 PM : kService.requestChannels.Count :5
5/9/2021 1:43:11 PM : kService.requestChannels.Count :5
5/9/2021 1:43:11 PM : ping
5/9/2021 1:43:11 PM : ping
5/9/2021 1:43:11 PM : ping
5/9/2021 1:43:12 PM : kService.requestChannels.Count :4
5/9/2021 1:43:12 PM : kService.requestChannels.Count :4
5/9/2021 1:43:12 PM : kService.requestChannels.Count :3
5/9/2021 1:43:12 PM : kService.requestChannels.Count :3
5/9/2021 1:43:12 PM : kService.requestChannels.Count :2
5/9/2021 1:43:12 PM : kService.requestChannels.Count :2
5/9/2021 1:43:12 PM : ping
5/9/2021 1:43:12 PM : ping
5/9/2021 1:43:12 PM : ping
5/9/2021 1:43:12 PM : kService.requestChannels.Count :1
5/9/2021 1:43:12 PM : kService.requestChannels.Count :1
5/9/2021 1:43:13 PM : kService.requestChannels.Count :0
5/9/2021 1:43:13 PM : kService.requestChannels.Count :0
5/9/2021 1:43:13 PM : kService.requestChannels.Count :0
5/9/2021 1:43:13 PM : kService.requestChannels.Count :0
5/9/2021 1:43:13 PM : ping
5/9/2021 1:43:13 PM : ping
5/9/2021 1:43:13 PM : ping
5/9/2021 1:43:15 PM : ping
5/9/2021 1:43:15 PM : ping
5/9/2021 1:43:15 PM : ping
5/9/2021 1:43:16 PM : ping
5/9/2021 1:43:16 PM : ping
5/9/2021 1:43:16 PM : ping
5/9/2021 1:43:17 PM : ping
5/9/2021 1:43:17 PM : ping
5/9/2021 1:43:17 PM : ping
5/9/2021 1:43:18 PM : ping
5/9/2021 1:43:18 PM : ping
5/9/2021 1:43:18 PM : ping
5/9/2021 1:43:19 PM : ping
5/9/2021 1:43:19 PM : ping
5/9/2021 1:43:19 PM : ping
5/9/2021 1:43:20 PM : ping
5/9/2021 1:43:20 PM : ping
5/9/2021 1:43:20 PM : ping
5/9/2021 1:43:21 PM : ping
5/9/2021 1:43:21 PM : ping
5/9/2021 1:43:21 PM : ping
5/9/2021 1:43:22 PM : ping
5/9/2021 1:43:22 PM : ping
5/9/2021 1:43:22 PM : ping
5/9/2021 1:43:23 PM : ping
5/9/2021 1:43:23 PM : ping
5/9/2021 1:43:23 PM : ping
5/9/2021 1:43:24 PM : ping
5/9/2021 1:43:24 PM : ping
5/9/2021 1:43:24 PM : ping
5/9/2021 1:43:26 PM : ping
5/9/2021 1:43:26 PM : ping
5/9/2021 1:43:26 PM : ping
5/9/2021 1:43:27 PM : ping
5/9/2021 1:43:27 PM : ping
5/9/2021 1:43:27 PM : ping
5/9/2021 1:43:28 PM : ping
5/9/2021 1:43:28 PM : ping
5/9/2021 1:43:28 PM : ping
5/9/2021 1:43:29 PM : ping
5/9/2021 1:43:29 PM : ping
5/9/2021 1:43:29 PM : ping
5/9/2021 1:43:30 PM : ping
5/9/2021 1:43:30 PM : ping
5/9/2021 1:43:30 PM : ping
5/9/2021 1:43:31 PM : ping
5/9/2021 1:43:31 PM : ping
5/9/2021 1:43:31 PM : ping
5/9/2021 1:43:32 PM : ping
5/9/2021 1:43:32 PM : ping
5/9/2021 1:43:32 PM : ping
