log begin
..............
5/16/2021 1:12:12 AM : ping
5/16/2021 1:12:12 AM : ping
5/16/2021 1:12:12 AM : ping
5/16/2021 1:12:13 AM : ping
5/16/2021 1:12:13 AM : ping
5/16/2021 1:12:13 AM : ping
5/16/2021 1:12:15 AM : ping
5/16/2021 1:12:15 AM : ping
5/16/2021 1:12:15 AM : ping
5/16/2021 1:12:16 AM : ping
5/16/2021 1:12:16 AM : ping
5/16/2021 1:12:16 AM : ping
5/16/2021 1:12:17 AM : ping
5/16/2021 1:12:17 AM : ping
5/16/2021 1:12:17 AM : ping
5/16/2021 1:12:18 AM : ping
5/16/2021 1:12:18 AM : ping
5/16/2021 1:12:18 AM : ping
5/16/2021 1:12:19 AM : ping
5/16/2021 1:12:19 AM : ping
5/16/2021 1:12:19 AM : ping
5/16/2021 1:12:20 AM : ping
5/16/2021 1:12:20 AM : ping
5/16/2021 1:12:20 AM : ping
5/16/2021 1:12:21 AM : ping
5/16/2021 1:12:21 AM : ping
5/16/2021 1:12:21 AM : ping
5/16/2021 1:12:22 AM : launch server at port: 7003
5/16/2021 1:12:22 AM : ping
5/16/2021 1:12:22 AM : ping
5/16/2021 1:12:22 AM : ping
5/16/2021 1:12:23 AM : ping
5/16/2021 1:12:23 AM : ping
5/16/2021 1:12:23 AM : ping
5/16/2021 1:12:25 AM : ping
5/16/2021 1:12:25 AM : ping
5/16/2021 1:12:25 AM : ping
5/16/2021 1:12:26 AM : ping
5/16/2021 1:12:26 AM : ping
5/16/2021 1:12:26 AM : ping
5/16/2021 1:12:27 AM : ping
5/16/2021 1:12:27 AM : ping
5/16/2021 1:12:27 AM : ping
5/16/2021 1:12:28 AM : ping
5/16/2021 1:12:28 AM : ping
5/16/2021 1:12:28 AM : ping
5/16/2021 1:12:29 AM : ping
5/16/2021 1:12:29 AM : ping
5/16/2021 1:12:29 AM : ping
5/16/2021 1:12:30 AM : ping
5/16/2021 1:12:30 AM : ping
5/16/2021 1:12:30 AM : ping
5/16/2021 1:12:31 AM : ping
5/16/2021 1:12:31 AM : ping
5/16/2021 1:12:31 AM : ping
5/16/2021 1:12:32 AM : ping
5/16/2021 1:12:32 AM : ping
5/16/2021 1:12:32 AM : ping
5/16/2021 1:12:33 AM : ping
5/16/2021 1:12:33 AM : ping
5/16/2021 1:12:33 AM : ping
5/16/2021 1:12:35 AM : ping
5/16/2021 1:12:35 AM : ping
5/16/2021 1:12:35 AM : ping
5/16/2021 1:12:36 AM : ping
5/16/2021 1:12:36 AM : ping
5/16/2021 1:12:36 AM : ping
5/16/2021 1:12:37 AM : ping
5/16/2021 1:12:37 AM : ping
5/16/2021 1:12:37 AM : ping
5/16/2021 1:12:38 AM : ping
5/16/2021 1:12:38 AM : ping
5/16/2021 1:12:38 AM : ping
5/16/2021 1:12:39 AM : ping
5/16/2021 1:12:39 AM : ping
5/16/2021 1:12:39 AM : ping
5/16/2021 1:12:40 AM : ping
5/16/2021 1:12:40 AM : ping
5/16/2021 1:12:40 AM : ping
5/16/2021 1:12:41 AM : ping
5/16/2021 1:12:41 AM : ping
5/16/2021 1:12:41 AM : ping
5/16/2021 1:12:42 AM : ping
5/16/2021 1:12:42 AM : ping
5/16/2021 1:12:42 AM : ping
5/16/2021 1:12:43 AM : ping
5/16/2021 1:12:43 AM : ping
5/16/2021 1:12:43 AM : ping
5/16/2021 1:12:44 AM : ping
5/16/2021 1:12:44 AM : ping
5/16/2021 1:12:44 AM : ping
5/16/2021 1:12:46 AM : ping
5/16/2021 1:12:46 AM : ping
5/16/2021 1:12:46 AM : ping
5/16/2021 1:12:47 AM : ping
5/16/2021 1:12:47 AM : ping
5/16/2021 1:12:47 AM : ping
5/16/2021 1:12:47 AM : kService.requestChannels.Count :0
5/16/2021 1:12:47 AM : kService.requestChannels.Count :0
5/16/2021 1:12:48 AM : ping
5/16/2021 1:12:48 AM : ping
5/16/2021 1:12:48 AM : ping
5/16/2021 1:12:49 AM : ping
5/16/2021 1:12:49 AM : ping
5/16/2021 1:12:49 AM : ping
5/16/2021 1:12:50 AM : ping
5/16/2021 1:12:50 AM : ping
5/16/2021 1:12:50 AM : ping
5/16/2021 1:12:51 AM : ping
5/16/2021 1:12:51 AM : ping
5/16/2021 1:12:51 AM : ping
5/16/2021 1:12:52 AM : ping
5/16/2021 1:12:52 AM : ping
5/16/2021 1:12:52 AM : ping
5/16/2021 1:12:53 AM : ping
5/16/2021 1:12:53 AM : ping
5/16/2021 1:12:53 AM : ping
5/16/2021 1:12:54 AM : ping
5/16/2021 1:12:54 AM : ping
5/16/2021 1:12:54 AM : ping
5/16/2021 1:12:56 AM : ping
5/16/2021 1:12:56 AM : ping
5/16/2021 1:12:56 AM : ping
5/16/2021 1:12:57 AM : ping
5/16/2021 1:12:57 AM : ping
5/16/2021 1:12:57 AM : ping
5/16/2021 1:12:58 AM : ping
5/16/2021 1:12:58 AM : ping
5/16/2021 1:12:58 AM : ping
5/16/2021 1:12:59 AM : ping
5/16/2021 1:12:59 AM : ping
5/16/2021 1:12:59 AM : ping
5/16/2021 1:12:59 AM : ~KChannel()
5/16/2021 1:13:00 AM : ping
5/16/2021 1:13:00 AM : ping
5/16/2021 1:13:00 AM : ping
5/16/2021 1:13:01 AM : ping
5/16/2021 1:13:01 AM : ping
5/16/2021 1:13:01 AM : ping
5/16/2021 1:13:02 AM : ping
5/16/2021 1:13:02 AM : ping
5/16/2021 1:13:02 AM : ping
5/16/2021 1:13:03 AM : ping
5/16/2021 1:13:03 AM : ping
5/16/2021 1:13:03 AM : ping
5/16/2021 1:13:04 AM : ping
5/16/2021 1:13:04 AM : ping
5/16/2021 1:13:04 AM : ping
5/16/2021 1:13:06 AM : ping
5/16/2021 1:13:06 AM : ping
5/16/2021 1:13:06 AM : ping
5/16/2021 1:13:07 AM : ping
5/16/2021 1:13:07 AM : ping
5/16/2021 1:13:07 AM : ping
5/16/2021 1:13:08 AM : ping
5/16/2021 1:13:08 AM : ping
5/16/2021 1:13:08 AM : ping
5/16/2021 1:13:09 AM : ping
5/16/2021 1:13:09 AM : ping
5/16/2021 1:13:09 AM : ping
5/16/2021 1:13:10 AM : ping
5/16/2021 1:13:10 AM : ping
5/16/2021 1:13:10 AM : ping
5/16/2021 1:13:11 AM : ping
5/16/2021 1:13:11 AM : ping
5/16/2021 1:13:11 AM : ping
5/16/2021 1:13:12 AM : ping
5/16/2021 1:13:12 AM : ping
5/16/2021 1:13:12 AM : ping
