log begin
..............
5/9/2021 3:45:45 PM : ping
5/9/2021 3:45:45 PM : ping
5/9/2021 3:45:45 PM : ping
5/9/2021 3:45:46 PM : ping
5/9/2021 3:45:46 PM : ping
5/9/2021 3:45:46 PM : ping
5/9/2021 3:45:47 PM : ping
5/9/2021 3:45:47 PM : ping
5/9/2021 3:45:47 PM : ping
5/9/2021 3:45:48 PM : ping
5/9/2021 3:45:48 PM : ping
5/9/2021 3:45:48 PM : ping
5/9/2021 3:45:49 PM : ping
5/9/2021 3:45:49 PM : ping
5/9/2021 3:45:49 PM : ping
5/9/2021 3:45:51 PM : ping
5/9/2021 3:45:51 PM : ping
5/9/2021 3:45:51 PM : ping
5/9/2021 3:45:52 PM : ping
5/9/2021 3:45:52 PM : ping
5/9/2021 3:45:52 PM : ping
5/9/2021 3:45:53 PM : ping
5/9/2021 3:45:53 PM : ping
5/9/2021 3:45:53 PM : ping
5/9/2021 3:45:54 PM : ping
5/9/2021 3:45:54 PM : ping
5/9/2021 3:45:54 PM : ping
5/9/2021 3:45:55 PM : ping
5/9/2021 3:45:55 PM : ping
5/9/2021 3:45:55 PM : ping
5/9/2021 3:45:56 PM : ping
5/9/2021 3:45:56 PM : ping
5/9/2021 3:45:56 PM : ping
5/9/2021 3:45:57 PM : launch server at port: 7003
5/9/2021 3:45:57 PM : launch server at port: 7004
5/9/2021 3:45:57 PM : ping
5/9/2021 3:45:57 PM : ping
5/9/2021 3:45:57 PM : ping
5/9/2021 3:45:58 PM : launch server at port: 7005
5/9/2021 3:45:58 PM : ping
5/9/2021 3:45:58 PM : ping
5/9/2021 3:45:58 PM : ping
5/9/2021 3:46:00 PM : ping
5/9/2021 3:46:00 PM : ping
5/9/2021 3:46:00 PM : ping
5/9/2021 3:46:01 PM : ping
5/9/2021 3:46:01 PM : ping
5/9/2021 3:46:01 PM : ping
5/9/2021 3:46:02 PM : ping
5/9/2021 3:46:02 PM : ping
5/9/2021 3:46:02 PM : ping
5/9/2021 3:46:03 PM : launch server at port: 7006
5/9/2021 3:46:03 PM : ping
5/9/2021 3:46:03 PM : ping
5/9/2021 3:46:03 PM : ping
5/9/2021 3:46:04 PM : launch server at port: 7007
5/9/2021 3:46:04 PM : ping
5/9/2021 3:46:04 PM : ping
5/9/2021 3:46:04 PM : ping
5/9/2021 3:46:05 PM : ping
5/9/2021 3:46:05 PM : ping
5/9/2021 3:46:05 PM : ping
5/9/2021 3:46:06 PM : ping
5/9/2021 3:46:06 PM : ping
5/9/2021 3:46:06 PM : ping
5/9/2021 3:46:07 PM : ping
5/9/2021 3:46:07 PM : ping
5/9/2021 3:46:07 PM : ping
5/9/2021 3:46:08 PM : launch server at port: 7008
5/9/2021 3:46:08 PM : ping
5/9/2021 3:46:08 PM : ping
5/9/2021 3:46:08 PM : ping
5/9/2021 3:46:10 PM : ping
5/9/2021 3:46:10 PM : ping
5/9/2021 3:46:10 PM : ping
5/9/2021 3:46:11 PM : ping
5/9/2021 3:46:11 PM : ping
5/9/2021 3:46:11 PM : ping
5/9/2021 3:46:12 PM : ping
5/9/2021 3:46:12 PM : ping
5/9/2021 3:46:12 PM : ping
5/9/2021 3:46:12 PM : launch server at port: 7009
5/9/2021 3:46:13 PM : launch server at port: 7010
5/9/2021 3:46:13 PM : ping
5/9/2021 3:46:13 PM : ping
5/9/2021 3:46:13 PM : ping
5/9/2021 3:46:14 PM : launch server at port: 7011
5/9/2021 3:46:14 PM : ping
5/9/2021 3:46:14 PM : ping
5/9/2021 3:46:14 PM : ping
5/9/2021 3:46:15 PM : ping
5/9/2021 3:46:15 PM : ping
5/9/2021 3:46:15 PM : ping
5/9/2021 3:46:16 PM : ping
5/9/2021 3:46:16 PM : ping
5/9/2021 3:46:16 PM : ping
5/9/2021 3:46:17 PM : ping
5/9/2021 3:46:17 PM : ping
5/9/2021 3:46:17 PM : ping
5/9/2021 3:46:18 PM : ping
5/9/2021 3:46:18 PM : ping
5/9/2021 3:46:18 PM : ping
5/9/2021 3:46:19 PM : ping
5/9/2021 3:46:19 PM : ping
5/9/2021 3:46:20 PM : ping
5/9/2021 3:46:20 PM : launch server at port: 7012
5/9/2021 3:46:20 PM : launch server at port: 7013
5/9/2021 3:46:21 PM : ping
5/9/2021 3:46:21 PM : ping
5/9/2021 3:46:21 PM : ping
5/9/2021 3:46:21 PM : launch server at port: 7014
5/9/2021 3:46:22 PM : ping
5/9/2021 3:46:22 PM : ping
5/9/2021 3:46:22 PM : ping
5/9/2021 3:46:23 PM : ping
5/9/2021 3:46:23 PM : ping
5/9/2021 3:46:23 PM : ping
5/9/2021 3:46:24 PM : ping
5/9/2021 3:46:24 PM : ping
5/9/2021 3:46:24 PM : ping
5/9/2021 3:46:25 PM : ping
5/9/2021 3:46:25 PM : ping
5/9/2021 3:46:25 PM : ping
5/9/2021 3:46:26 PM : ping
5/9/2021 3:46:26 PM : ping
5/9/2021 3:46:26 PM : ping
5/9/2021 3:46:27 PM : ping
5/9/2021 3:46:27 PM : ping
5/9/2021 3:46:27 PM : launch server at port: 7015
5/9/2021 3:46:27 PM : ping
5/9/2021 3:46:28 PM : launch server at port: 7016
5/9/2021 3:46:28 PM : ping
5/9/2021 3:46:28 PM : ping
5/9/2021 3:46:28 PM : ping
5/9/2021 3:46:29 PM : launch server at port: 7017
5/9/2021 3:46:29 PM : ping
5/9/2021 3:46:29 PM : ping
5/9/2021 3:46:30 PM : ping
5/9/2021 3:46:31 PM : ping
5/9/2021 3:46:31 PM : ping
5/9/2021 3:46:31 PM : ping
5/9/2021 3:46:32 PM : ping
5/9/2021 3:46:32 PM : ping
5/9/2021 3:46:32 PM : ping
5/9/2021 3:46:33 PM : ping
5/9/2021 3:46:33 PM : ping
5/9/2021 3:46:33 PM : ping
5/9/2021 3:46:34 PM : ping
5/9/2021 3:46:34 PM : ping
5/9/2021 3:46:34 PM : ping
5/9/2021 3:46:35 PM : launch server at port: 7018
5/9/2021 3:46:35 PM : ping
5/9/2021 3:46:35 PM : ping
5/9/2021 3:46:35 PM : ping
5/9/2021 3:46:35 PM : launch server at port: 7019
5/9/2021 3:46:36 PM : launch server at port: 7020
5/9/2021 3:46:36 PM : launch server at port: 7021
5/9/2021 3:46:36 PM : ping
5/9/2021 3:46:36 PM : ping
5/9/2021 3:46:36 PM : ping
5/9/2021 3:46:37 PM : ping
5/9/2021 3:46:37 PM : ping
5/9/2021 3:46:37 PM : ping
5/9/2021 3:46:38 PM : ping
5/9/2021 3:46:38 PM : ping
5/9/2021 3:46:38 PM : ping
5/9/2021 3:46:39 PM : ping
5/9/2021 3:46:39 PM : ping
5/9/2021 3:46:39 PM : ping
5/9/2021 3:46:41 PM : ping
5/9/2021 3:46:41 PM : ping
5/9/2021 3:46:41 PM : ping
5/9/2021 3:46:41 PM : launch server at port: 7022
5/9/2021 3:46:41 PM : launch server at port: 7023
5/9/2021 3:46:42 PM : ping
5/9/2021 3:46:42 PM : ping
5/9/2021 3:46:42 PM : ping
5/9/2021 3:46:42 PM : launch server at port: 7024
5/9/2021 3:46:43 PM : launch server at port: 7025
5/9/2021 3:46:43 PM : ping
5/9/2021 3:46:43 PM : ping
5/9/2021 3:46:43 PM : ping
5/9/2021 3:46:44 PM : ping
5/9/2021 3:46:44 PM : ping
5/9/2021 3:46:44 PM : ping
5/9/2021 3:46:45 PM : ping
5/9/2021 3:46:45 PM : ping
5/9/2021 3:46:45 PM : ping
5/9/2021 3:46:46 PM : ping
5/9/2021 3:46:46 PM : ping
5/9/2021 3:46:46 PM : ping
5/9/2021 3:46:47 PM : ping
5/9/2021 3:46:47 PM : ping
5/9/2021 3:46:47 PM : ping
5/9/2021 3:46:48 PM : launch server at port: 7026
5/9/2021 3:46:48 PM : ping
5/9/2021 3:46:48 PM : ping
5/9/2021 3:46:48 PM : ping
5/9/2021 3:46:49 PM : launch server at port: 7027
5/9/2021 3:46:49 PM : ping
5/9/2021 3:46:49 PM : ping
5/9/2021 3:46:50 PM : ping
5/9/2021 3:46:51 PM : ping
5/9/2021 3:46:51 PM : ping
5/9/2021 3:46:51 PM : ping
5/9/2021 3:46:52 PM : ping
5/9/2021 3:46:52 PM : ping
5/9/2021 3:46:52 PM : ping
5/9/2021 3:46:53 PM : ping
5/9/2021 3:46:53 PM : ping
5/9/2021 3:46:53 PM : ping
5/9/2021 3:46:54 PM : ping
5/9/2021 3:46:54 PM : ping
5/9/2021 3:46:54 PM : ping
5/9/2021 3:46:55 PM : ping
5/9/2021 3:46:55 PM : ping
5/9/2021 3:46:55 PM : ping
5/9/2021 3:46:56 PM : ping
5/9/2021 3:46:56 PM : ping
5/9/2021 3:46:56 PM : ping
5/9/2021 3:46:57 PM : launch server at port: 7028
5/9/2021 3:46:57 PM : ping
5/9/2021 3:46:57 PM : ping
5/9/2021 3:46:57 PM : ping
5/9/2021 3:46:58 PM : launch server at port: 7029
5/9/2021 3:46:58 PM : ping
5/9/2021 3:46:58 PM : ping
5/9/2021 3:46:58 PM : ping
5/9/2021 3:47:00 PM : ping
5/9/2021 3:47:00 PM : ping
5/9/2021 3:47:00 PM : ping
5/9/2021 3:47:01 PM : ping
5/9/2021 3:47:01 PM : ping
5/9/2021 3:47:01 PM : ping
5/9/2021 3:47:02 PM : ping
5/9/2021 3:47:02 PM : ping
5/9/2021 3:47:02 PM : ping
5/9/2021 3:47:03 PM : ping
5/9/2021 3:47:03 PM : ping
5/9/2021 3:47:03 PM : ping
5/9/2021 3:47:03 PM : launch server at port: 7030
5/9/2021 3:47:04 PM : launch server at port: 7031
5/9/2021 3:47:04 PM : ping
5/9/2021 3:47:04 PM : ping
5/9/2021 3:47:04 PM : ping
5/9/2021 3:47:05 PM : ping
5/9/2021 3:47:05 PM : ping
5/9/2021 3:47:05 PM : ping
5/9/2021 3:47:06 PM : ping
5/9/2021 3:47:06 PM : ping
5/9/2021 3:47:06 PM : ping
5/9/2021 3:47:07 PM : ping
5/9/2021 3:47:07 PM : ping
5/9/2021 3:47:07 PM : ping
5/9/2021 3:47:08 PM : ping
5/9/2021 3:47:08 PM : ping
5/9/2021 3:47:09 PM : ping
5/9/2021 3:47:09 PM : launch server at port: 7032
5/9/2021 3:47:10 PM : ping
5/9/2021 3:47:10 PM : ping
5/9/2021 3:47:10 PM : ping
5/9/2021 3:47:11 PM : ping
5/9/2021 3:47:11 PM : ping
5/9/2021 3:47:11 PM : ping
5/9/2021 3:47:12 PM : ping
5/9/2021 3:47:12 PM : ping
5/9/2021 3:47:12 PM : ping
5/9/2021 3:47:13 PM : ping
5/9/2021 3:47:13 PM : ping
5/9/2021 3:47:13 PM : ping
5/9/2021 3:47:14 PM : ping
5/9/2021 3:47:14 PM : ping
5/9/2021 3:47:14 PM : ping
5/9/2021 3:47:15 PM : ping
5/9/2021 3:47:15 PM : ping
5/9/2021 3:47:15 PM : ping
5/9/2021 3:47:16 PM : ping
5/9/2021 3:47:16 PM : ping
5/9/2021 3:47:16 PM : ping
5/9/2021 3:47:17 PM : ping
5/9/2021 3:47:17 PM : ping
5/9/2021 3:47:17 PM : ping
5/9/2021 3:47:19 PM : ping
5/9/2021 3:47:19 PM : ping
5/9/2021 3:47:19 PM : ping
5/9/2021 3:47:20 PM : ping
5/9/2021 3:47:20 PM : ping
5/9/2021 3:47:20 PM : ping
5/9/2021 3:47:21 PM : ping
5/9/2021 3:47:21 PM : ping
5/9/2021 3:47:21 PM : ping
5/9/2021 3:47:22 PM : ping
5/9/2021 3:47:22 PM : ping
5/9/2021 3:47:22 PM : ping
5/9/2021 3:47:23 PM : ping
5/9/2021 3:47:23 PM : ping
5/9/2021 3:47:23 PM : ping
5/9/2021 3:47:24 PM : ping
5/9/2021 3:47:24 PM : ping
5/9/2021 3:47:24 PM : ping
5/9/2021 3:47:25 PM : ping
5/9/2021 3:47:25 PM : ping
5/9/2021 3:47:25 PM : ping
5/9/2021 3:47:26 PM : ping
5/9/2021 3:47:26 PM : ping
5/9/2021 3:47:26 PM : ping
5/9/2021 3:47:27 PM : ping
5/9/2021 3:47:27 PM : ping
5/9/2021 3:47:27 PM : ping
5/9/2021 3:47:29 PM : ping
5/9/2021 3:47:29 PM : ping
5/9/2021 3:47:29 PM : ping
5/9/2021 3:47:30 PM : kService.requestChannels.Count :97
5/9/2021 3:47:30 PM : kService.requestChannels.Count :97
5/9/2021 3:47:30 PM : ping
5/9/2021 3:47:30 PM : ping
5/9/2021 3:47:30 PM : ping
5/9/2021 3:47:31 PM : ping
5/9/2021 3:47:31 PM : ping
5/9/2021 3:47:31 PM : ping
5/9/2021 3:47:32 PM : ping
5/9/2021 3:47:32 PM : ping
5/9/2021 3:47:32 PM : ping
5/9/2021 3:47:33 PM : ping
5/9/2021 3:47:33 PM : ping
5/9/2021 3:47:33 PM : ping
5/9/2021 3:47:34 PM : ping
5/9/2021 3:47:34 PM : ping
5/9/2021 3:47:34 PM : ping
5/9/2021 3:47:34 PM : kService.requestChannels.Count :96
5/9/2021 3:47:34 PM : kService.requestChannels.Count :96
5/9/2021 3:47:35 PM : ping
5/9/2021 3:47:35 PM : ping
5/9/2021 3:47:35 PM : ping
5/9/2021 3:47:36 PM : ping
5/9/2021 3:47:36 PM : ping
5/9/2021 3:47:36 PM : ping
5/9/2021 3:47:37 PM : kService.requestChannels.Count :95
5/9/2021 3:47:37 PM : kService.requestChannels.Count :95
5/9/2021 3:47:37 PM : kService.requestChannels.Count :94
5/9/2021 3:47:37 PM : kService.requestChannels.Count :94
5/9/2021 3:47:37 PM : kService.requestChannels.Count :93
5/9/2021 3:47:37 PM : kService.requestChannels.Count :93
5/9/2021 3:47:38 PM : ping
5/9/2021 3:47:38 PM : ping
5/9/2021 3:47:38 PM : ping
5/9/2021 3:47:39 PM : ping
5/9/2021 3:47:39 PM : ping
5/9/2021 3:47:39 PM : ping
5/9/2021 3:47:39 PM : kService.requestChannels.Count :92
5/9/2021 3:47:39 PM : kService.requestChannels.Count :92
5/9/2021 3:47:40 PM : ping
5/9/2021 3:47:40 PM : ping
5/9/2021 3:47:40 PM : ping
5/9/2021 3:47:40 PM : kService.requestChannels.Count :91
5/9/2021 3:47:40 PM : kService.requestChannels.Count :91
5/9/2021 3:47:40 PM : kService.requestChannels.Count :90
5/9/2021 3:47:40 PM : kService.requestChannels.Count :90
5/9/2021 3:47:40 PM : kService.requestChannels.Count :89
5/9/2021 3:47:40 PM : kService.requestChannels.Count :89
5/9/2021 3:47:41 PM : kService.requestChannels.Count :88
5/9/2021 3:47:41 PM : kService.requestChannels.Count :88
5/9/2021 3:47:41 PM : ping
5/9/2021 3:47:41 PM : ping
5/9/2021 3:47:41 PM : ping
5/9/2021 3:47:41 PM : kService.requestChannels.Count :87
5/9/2021 3:47:41 PM : kService.requestChannels.Count :87
5/9/2021 3:47:42 PM : ping
5/9/2021 3:47:42 PM : ping
5/9/2021 3:47:42 PM : ping
5/9/2021 3:47:43 PM : ping
5/9/2021 3:47:43 PM : ping
5/9/2021 3:47:43 PM : ping
5/9/2021 3:47:44 PM : ping
5/9/2021 3:47:44 PM : ping
5/9/2021 3:47:44 PM : ping
5/9/2021 3:47:45 PM : kService.requestChannels.Count :86
5/9/2021 3:47:45 PM : kService.requestChannels.Count :86
5/9/2021 3:47:45 PM : kService.requestChannels.Count :85
5/9/2021 3:47:45 PM : kService.requestChannels.Count :85
5/9/2021 3:47:45 PM : kService.requestChannels.Count :84
5/9/2021 3:47:45 PM : kService.requestChannels.Count :84
5/9/2021 3:47:45 PM : ping
5/9/2021 3:47:45 PM : ping
5/9/2021 3:47:45 PM : ping
5/9/2021 3:47:46 PM : ping
5/9/2021 3:47:46 PM : ping
5/9/2021 3:47:46 PM : ping
5/9/2021 3:47:46 PM : kService.requestChannels.Count :83
5/9/2021 3:47:46 PM : kService.requestChannels.Count :83
5/9/2021 3:47:47 PM : kService.requestChannels.Count :82
5/9/2021 3:47:47 PM : kService.requestChannels.Count :82
5/9/2021 3:47:47 PM : kService.requestChannels.Count :81
5/9/2021 3:47:47 PM : kService.requestChannels.Count :81
5/9/2021 3:47:48 PM : ping
5/9/2021 3:47:48 PM : ping
5/9/2021 3:47:48 PM : ping
5/9/2021 3:47:48 PM : kService.requestChannels.Count :80
5/9/2021 3:47:48 PM : kService.requestChannels.Count :80
5/9/2021 3:47:48 PM : kService.requestChannels.Count :79
5/9/2021 3:47:48 PM : kService.requestChannels.Count :79
5/9/2021 3:47:49 PM : ping
5/9/2021 3:47:49 PM : ping
5/9/2021 3:47:49 PM : ping
5/9/2021 3:47:50 PM : kService.requestChannels.Count :78
5/9/2021 3:47:50 PM : kService.requestChannels.Count :78
5/9/2021 3:47:50 PM : ping
5/9/2021 3:47:50 PM : ping
5/9/2021 3:47:50 PM : ping
5/9/2021 3:47:51 PM : ping
5/9/2021 3:47:51 PM : ping
5/9/2021 3:47:51 PM : ping
5/9/2021 3:47:51 PM : kService.requestChannels.Count :77
5/9/2021 3:47:51 PM : kService.requestChannels.Count :77
5/9/2021 3:47:51 PM : kService.requestChannels.Count :76
5/9/2021 3:47:51 PM : kService.requestChannels.Count :76
5/9/2021 3:47:52 PM : kService.requestChannels.Count :75
5/9/2021 3:47:52 PM : kService.requestChannels.Count :75
5/9/2021 3:47:52 PM : kService.requestChannels.Count :74
5/9/2021 3:47:52 PM : kService.requestChannels.Count :74
5/9/2021 3:47:52 PM : ping
5/9/2021 3:47:52 PM : ping
5/9/2021 3:47:52 PM : ping
5/9/2021 3:47:52 PM : kService.requestChannels.Count :73
5/9/2021 3:47:52 PM : kService.requestChannels.Count :73
5/9/2021 3:47:52 PM : kService.requestChannels.Count :72
5/9/2021 3:47:52 PM : kService.requestChannels.Count :72
5/9/2021 3:47:53 PM : kService.requestChannels.Count :71
5/9/2021 3:47:53 PM : kService.requestChannels.Count :71
5/9/2021 3:47:53 PM : ping
5/9/2021 3:47:53 PM : ping
5/9/2021 3:47:53 PM : ping
5/9/2021 3:47:53 PM : kService.requestChannels.Count :70
5/9/2021 3:47:53 PM : kService.requestChannels.Count :70
5/9/2021 3:47:54 PM : ping
5/9/2021 3:47:54 PM : ping
5/9/2021 3:47:54 PM : ping
5/9/2021 3:47:54 PM : kService.requestChannels.Count :69
5/9/2021 3:47:54 PM : kService.requestChannels.Count :69
5/9/2021 3:47:55 PM : kService.requestChannels.Count :68
5/9/2021 3:47:55 PM : kService.requestChannels.Count :68
5/9/2021 3:47:55 PM : kService.requestChannels.Count :67
5/9/2021 3:47:55 PM : kService.requestChannels.Count :67
5/9/2021 3:47:55 PM : ping
5/9/2021 3:47:55 PM : ping
5/9/2021 3:47:55 PM : ping
5/9/2021 3:47:55 PM : kService.requestChannels.Count :66
5/9/2021 3:47:55 PM : kService.requestChannels.Count :66
5/9/2021 3:47:56 PM : kService.requestChannels.Count :65
5/9/2021 3:47:56 PM : kService.requestChannels.Count :65
5/9/2021 3:47:56 PM : ping
5/9/2021 3:47:56 PM : ping
5/9/2021 3:47:56 PM : ping
5/9/2021 3:47:57 PM : kService.requestChannels.Count :64
5/9/2021 3:47:57 PM : kService.requestChannels.Count :64
5/9/2021 3:47:58 PM : ping
5/9/2021 3:47:58 PM : ping
5/9/2021 3:47:58 PM : ping
5/9/2021 3:47:59 PM : ping
5/9/2021 3:47:59 PM : ping
5/9/2021 3:47:59 PM : ping
5/9/2021 3:47:59 PM : kService.requestChannels.Count :63
5/9/2021 3:47:59 PM : kService.requestChannels.Count :63
5/9/2021 3:47:59 PM : kService.requestChannels.Count :62
5/9/2021 3:47:59 PM : kService.requestChannels.Count :62
5/9/2021 3:48:00 PM : kService.requestChannels.Count :61
5/9/2021 3:48:00 PM : kService.requestChannels.Count :61
5/9/2021 3:48:00 PM : ping
5/9/2021 3:48:00 PM : ping
5/9/2021 3:48:00 PM : ping
5/9/2021 3:48:00 PM : kService.requestChannels.Count :60
5/9/2021 3:48:00 PM : kService.requestChannels.Count :60
5/9/2021 3:48:00 PM : kService.requestChannels.Count :59
5/9/2021 3:48:00 PM : kService.requestChannels.Count :59
5/9/2021 3:48:01 PM : kService.requestChannels.Count :58
5/9/2021 3:48:01 PM : kService.requestChannels.Count :58
5/9/2021 3:48:01 PM : ping
5/9/2021 3:48:01 PM : ping
5/9/2021 3:48:01 PM : ping
5/9/2021 3:48:02 PM : ping
5/9/2021 3:48:02 PM : ping
5/9/2021 3:48:02 PM : ping
5/9/2021 3:48:02 PM : kService.requestChannels.Count :57
5/9/2021 3:48:02 PM : kService.requestChannels.Count :57
5/9/2021 3:48:02 PM : kService.requestChannels.Count :56
5/9/2021 3:48:02 PM : kService.requestChannels.Count :56
5/9/2021 3:48:03 PM : kService.requestChannels.Count :55
5/9/2021 3:48:03 PM : kService.requestChannels.Count :55
5/9/2021 3:48:03 PM : kService.requestChannels.Count :54
5/9/2021 3:48:03 PM : kService.requestChannels.Count :54
5/9/2021 3:48:03 PM : ping
5/9/2021 3:48:03 PM : ping
5/9/2021 3:48:03 PM : ping
5/9/2021 3:48:03 PM : kService.requestChannels.Count :53
5/9/2021 3:48:03 PM : kService.requestChannels.Count :53
5/9/2021 3:48:04 PM : kService.requestChannels.Count :52
5/9/2021 3:48:04 PM : kService.requestChannels.Count :52
5/9/2021 3:48:04 PM : kService.requestChannels.Count :51
5/9/2021 3:48:04 PM : kService.requestChannels.Count :51
5/9/2021 3:48:04 PM : ping
5/9/2021 3:48:04 PM : ping
5/9/2021 3:48:04 PM : ping
5/9/2021 3:48:04 PM : kService.requestChannels.Count :50
5/9/2021 3:48:04 PM : kService.requestChannels.Count :50
5/9/2021 3:48:05 PM : ping
5/9/2021 3:48:05 PM : ping
5/9/2021 3:48:05 PM : ping
5/9/2021 3:48:06 PM : ping
5/9/2021 3:48:06 PM : ping
5/9/2021 3:48:06 PM : ping
5/9/2021 3:48:07 PM : kService.requestChannels.Count :49
5/9/2021 3:48:07 PM : kService.requestChannels.Count :49
5/9/2021 3:48:07 PM : kService.requestChannels.Count :48
5/9/2021 3:48:07 PM : kService.requestChannels.Count :48
5/9/2021 3:48:07 PM : kService.requestChannels.Count :47
5/9/2021 3:48:07 PM : kService.requestChannels.Count :47
5/9/2021 3:48:08 PM : ping
5/9/2021 3:48:08 PM : ping
5/9/2021 3:48:08 PM : ping
5/9/2021 3:48:08 PM : kService.requestChannels.Count :46
5/9/2021 3:48:08 PM : kService.requestChannels.Count :46
5/9/2021 3:48:08 PM : kService.requestChannels.Count :45
5/9/2021 3:48:08 PM : kService.requestChannels.Count :45
5/9/2021 3:48:09 PM : ping
5/9/2021 3:48:09 PM : ping
5/9/2021 3:48:09 PM : ping
5/9/2021 3:48:10 PM : ping
5/9/2021 3:48:10 PM : ping
5/9/2021 3:48:10 PM : ping
5/9/2021 3:48:10 PM : kService.requestChannels.Count :44
5/9/2021 3:48:10 PM : kService.requestChannels.Count :44
5/9/2021 3:48:11 PM : ping
5/9/2021 3:48:11 PM : ping
5/9/2021 3:48:11 PM : ping
5/9/2021 3:48:11 PM : kService.requestChannels.Count :43
5/9/2021 3:48:11 PM : kService.requestChannels.Count :43
5/9/2021 3:48:12 PM : kService.requestChannels.Count :42
5/9/2021 3:48:12 PM : kService.requestChannels.Count :42
5/9/2021 3:48:12 PM : kService.requestChannels.Count :41
5/9/2021 3:48:12 PM : kService.requestChannels.Count :41
5/9/2021 3:48:12 PM : ping
5/9/2021 3:48:12 PM : ping
5/9/2021 3:48:12 PM : ping
5/9/2021 3:48:12 PM : kService.requestChannels.Count :40
5/9/2021 3:48:12 PM : kService.requestChannels.Count :40
5/9/2021 3:48:13 PM : kService.requestChannels.Count :39
5/9/2021 3:48:13 PM : kService.requestChannels.Count :39
5/9/2021 3:48:13 PM : kService.requestChannels.Count :38
5/9/2021 3:48:13 PM : kService.requestChannels.Count :38
5/9/2021 3:48:13 PM : ping
5/9/2021 3:48:13 PM : ping
5/9/2021 3:48:13 PM : ping
5/9/2021 3:48:13 PM : kService.requestChannels.Count :37
5/9/2021 3:48:13 PM : kService.requestChannels.Count :37
5/9/2021 3:48:14 PM : kService.requestChannels.Count :36
5/9/2021 3:48:14 PM : kService.requestChannels.Count :36
5/9/2021 3:48:14 PM : kService.requestChannels.Count :35
5/9/2021 3:48:14 PM : kService.requestChannels.Count :35
5/9/2021 3:48:14 PM : ping
5/9/2021 3:48:14 PM : ping
5/9/2021 3:48:14 PM : ping
5/9/2021 3:48:15 PM : kService.requestChannels.Count :34
5/9/2021 3:48:15 PM : kService.requestChannels.Count :34
5/9/2021 3:48:15 PM : ping
5/9/2021 3:48:15 PM : ping
5/9/2021 3:48:15 PM : ping
5/9/2021 3:48:16 PM : kService.requestChannels.Count :33
5/9/2021 3:48:16 PM : kService.requestChannels.Count :33
5/9/2021 3:48:16 PM : ping
5/9/2021 3:48:16 PM : ping
5/9/2021 3:48:16 PM : ping
5/9/2021 3:48:17 PM : kService.requestChannels.Count :32
5/9/2021 3:48:17 PM : kService.requestChannels.Count :32
5/9/2021 3:48:17 PM : kService.requestChannels.Count :31
5/9/2021 3:48:17 PM : kService.requestChannels.Count :31
5/9/2021 3:48:18 PM : ping
5/9/2021 3:48:18 PM : ping
5/9/2021 3:48:18 PM : ping
5/9/2021 3:48:18 PM : kService.requestChannels.Count :30
5/9/2021 3:48:18 PM : kService.requestChannels.Count :30
5/9/2021 3:48:18 PM : kService.requestChannels.Count :29
5/9/2021 3:48:18 PM : kService.requestChannels.Count :29
5/9/2021 3:48:18 PM : kService.requestChannels.Count :28
5/9/2021 3:48:18 PM : kService.requestChannels.Count :28
5/9/2021 3:48:18 PM : kService.requestChannels.Count :27
5/9/2021 3:48:18 PM : kService.requestChannels.Count :27
5/9/2021 3:48:19 PM : kService.requestChannels.Count :26
5/9/2021 3:48:19 PM : kService.requestChannels.Count :26
5/9/2021 3:48:19 PM : ping
5/9/2021 3:48:19 PM : ping
5/9/2021 3:48:19 PM : ping
5/9/2021 3:48:19 PM : kService.requestChannels.Count :25
5/9/2021 3:48:19 PM : kService.requestChannels.Count :25
5/9/2021 3:48:19 PM : kService.requestChannels.Count :24
5/9/2021 3:48:19 PM : kService.requestChannels.Count :24
5/9/2021 3:48:20 PM : kService.requestChannels.Count :23
5/9/2021 3:48:20 PM : kService.requestChannels.Count :23
5/9/2021 3:48:20 PM : ping
5/9/2021 3:48:20 PM : ping
5/9/2021 3:48:20 PM : ping
5/9/2021 3:48:21 PM : kService.requestChannels.Count :22
5/9/2021 3:48:21 PM : kService.requestChannels.Count :22
5/9/2021 3:48:21 PM : ping
5/9/2021 3:48:21 PM : ping
5/9/2021 3:48:21 PM : ping
5/9/2021 3:48:21 PM : kService.requestChannels.Count :21
5/9/2021 3:48:21 PM : kService.requestChannels.Count :21
5/9/2021 3:48:21 PM : kService.requestChannels.Count :20
5/9/2021 3:48:21 PM : kService.requestChannels.Count :20
5/9/2021 3:48:22 PM : ping
5/9/2021 3:48:22 PM : ping
5/9/2021 3:48:22 PM : ping
5/9/2021 3:48:23 PM : ping
5/9/2021 3:48:23 PM : ping
5/9/2021 3:48:23 PM : ping
5/9/2021 3:48:23 PM : kService.requestChannels.Count :19
5/9/2021 3:48:23 PM : kService.requestChannels.Count :19
5/9/2021 3:48:24 PM : kService.requestChannels.Count :18
5/9/2021 3:48:24 PM : kService.requestChannels.Count :18
5/9/2021 3:48:24 PM : kService.requestChannels.Count :17
5/9/2021 3:48:24 PM : kService.requestChannels.Count :17
5/9/2021 3:48:24 PM : kService.requestChannels.Count :16
5/9/2021 3:48:24 PM : kService.requestChannels.Count :16
5/9/2021 3:48:24 PM : ping
5/9/2021 3:48:24 PM : ping
5/9/2021 3:48:24 PM : ping
5/9/2021 3:48:24 PM : kService.requestChannels.Count :15
5/9/2021 3:48:24 PM : kService.requestChannels.Count :15
5/9/2021 3:48:25 PM : ping
5/9/2021 3:48:25 PM : ping
5/9/2021 3:48:25 PM : ping
5/9/2021 3:48:26 PM : kService.requestChannels.Count :14
5/9/2021 3:48:26 PM : kService.requestChannels.Count :14
5/9/2021 3:48:26 PM : kService.requestChannels.Count :13
5/9/2021 3:48:26 PM : kService.requestChannels.Count :13
5/9/2021 3:48:26 PM : kService.requestChannels.Count :12
5/9/2021 3:48:26 PM : kService.requestChannels.Count :12
5/9/2021 3:48:26 PM : kService.requestChannels.Count :11
5/9/2021 3:48:26 PM : kService.requestChannels.Count :11
5/9/2021 3:48:26 PM : ping
5/9/2021 3:48:26 PM : ping
5/9/2021 3:48:26 PM : ping
5/9/2021 3:48:26 PM : kService.requestChannels.Count :10
5/9/2021 3:48:26 PM : kService.requestChannels.Count :10
5/9/2021 3:48:28 PM : ping
5/9/2021 3:48:28 PM : ping
5/9/2021 3:48:28 PM : ping
5/9/2021 3:48:28 PM : kService.requestChannels.Count :9
5/9/2021 3:48:28 PM : kService.requestChannels.Count :9
5/9/2021 3:48:28 PM : kService.requestChannels.Count :8
5/9/2021 3:48:28 PM : kService.requestChannels.Count :8
5/9/2021 3:48:28 PM : kService.requestChannels.Count :7
5/9/2021 3:48:28 PM : kService.requestChannels.Count :7
5/9/2021 3:48:29 PM : ping
5/9/2021 3:48:29 PM : ping
5/9/2021 3:48:29 PM : ping
5/9/2021 3:48:30 PM : ping
5/9/2021 3:48:30 PM : ping
5/9/2021 3:48:30 PM : ping
5/9/2021 3:48:30 PM : kService.requestChannels.Count :6
5/9/2021 3:48:30 PM : kService.requestChannels.Count :6
5/9/2021 3:48:31 PM : ping
5/9/2021 3:48:31 PM : ping
5/9/2021 3:48:31 PM : ping
5/9/2021 3:48:31 PM : kService.requestChannels.Count :5
5/9/2021 3:48:31 PM : kService.requestChannels.Count :5
5/9/2021 3:48:31 PM : kService.requestChannels.Count :4
5/9/2021 3:48:31 PM : kService.requestChannels.Count :4
5/9/2021 3:48:32 PM : ping
5/9/2021 3:48:32 PM : ping
5/9/2021 3:48:32 PM : ping
5/9/2021 3:48:33 PM : ping
5/9/2021 3:48:33 PM : ping
5/9/2021 3:48:33 PM : ping
5/9/2021 3:48:34 PM : ping
5/9/2021 3:48:34 PM : ping
5/9/2021 3:48:34 PM : ping
5/9/2021 3:48:35 PM : kService.requestChannels.Count :3
5/9/2021 3:48:35 PM : kService.requestChannels.Count :3
5/9/2021 3:48:35 PM : ping
5/9/2021 3:48:35 PM : ping
5/9/2021 3:48:35 PM : ping
5/9/2021 3:48:36 PM : kService.requestChannels.Count :2
5/9/2021 3:48:36 PM : kService.requestChannels.Count :2
5/9/2021 3:48:36 PM : kService.requestChannels.Count :1
5/9/2021 3:48:36 PM : kService.requestChannels.Count :1
5/9/2021 3:48:36 PM : kService.requestChannels.Count :0
5/9/2021 3:48:36 PM : kService.requestChannels.Count :0
5/9/2021 3:48:36 PM : ping
5/9/2021 3:48:36 PM : ping
5/9/2021 3:48:36 PM : ping
5/9/2021 3:48:38 PM : ping
5/9/2021 3:48:38 PM : ping
5/9/2021 3:48:38 PM : ping
5/9/2021 3:48:39 PM : ping
5/9/2021 3:48:39 PM : ping
5/9/2021 3:48:39 PM : ping
5/9/2021 3:48:40 PM : ping
5/9/2021 3:48:40 PM : ping
5/9/2021 3:48:40 PM : ping
5/9/2021 3:48:41 PM : ping
5/9/2021 3:48:41 PM : ping
5/9/2021 3:48:41 PM : ping
5/9/2021 3:48:42 PM : ping
5/9/2021 3:48:42 PM : ping
5/9/2021 3:48:42 PM : ping
5/9/2021 3:48:43 PM : ping
5/9/2021 3:48:43 PM : ping
5/9/2021 3:48:43 PM : ping
5/9/2021 3:48:44 PM : ping
5/9/2021 3:48:44 PM : ping
5/9/2021 3:48:44 PM : ping
5/9/2021 3:48:45 PM : ping
5/9/2021 3:48:45 PM : ping
5/9/2021 3:48:45 PM : ping
5/9/2021 3:48:46 PM : ping
5/9/2021 3:48:46 PM : ping
5/9/2021 3:48:46 PM : ping
5/9/2021 3:48:47 PM : ping
5/9/2021 3:48:47 PM : ping
5/9/2021 3:48:48 PM : ping
5/9/2021 3:48:49 PM : ping
5/9/2021 3:48:49 PM : ping
5/9/2021 3:48:49 PM : ping
5/9/2021 3:48:50 PM : ping
5/9/2021 3:48:50 PM : ping
5/9/2021 3:48:50 PM : ping
5/9/2021 3:48:51 PM : ping
5/9/2021 3:48:51 PM : ping
5/9/2021 3:48:51 PM : ping
5/9/2021 3:48:52 PM : ping
5/9/2021 3:48:52 PM : ping
5/9/2021 3:48:52 PM : ping
5/9/2021 3:48:53 PM : ping
5/9/2021 3:48:53 PM : ping
5/9/2021 3:48:53 PM : ping
5/9/2021 3:48:54 PM : ping
5/9/2021 3:48:54 PM : ping
5/9/2021 3:48:54 PM : ping
5/9/2021 3:48:55 PM : ping
5/9/2021 3:48:55 PM : ping
5/9/2021 3:48:55 PM : ping
5/9/2021 3:48:56 PM : ping
5/9/2021 3:48:56 PM : ping
5/9/2021 3:48:56 PM : ping
5/9/2021 3:48:57 PM : ping
5/9/2021 3:48:57 PM : ping
5/9/2021 3:48:57 PM : ping
5/9/2021 3:48:59 PM : ping
5/9/2021 3:48:59 PM : ping
5/9/2021 3:48:59 PM : ping
5/9/2021 3:49:00 PM : ping
5/9/2021 3:49:00 PM : ping
5/9/2021 3:49:00 PM : ping
5/9/2021 3:49:01 PM : ping
5/9/2021 3:49:01 PM : ping
5/9/2021 3:49:01 PM : ping
5/9/2021 3:49:02 PM : ping
5/9/2021 3:49:02 PM : ping
5/9/2021 3:49:02 PM : ping
5/9/2021 3:49:03 PM : ping
5/9/2021 3:49:03 PM : ping
5/9/2021 3:49:03 PM : ping
5/9/2021 3:49:04 PM : ping
5/9/2021 3:49:04 PM : ping
5/9/2021 3:49:04 PM : ping
5/9/2021 3:49:05 PM : ping
5/9/2021 3:49:05 PM : ping
5/9/2021 3:49:05 PM : ping
5/9/2021 3:49:06 PM : ping
5/9/2021 3:49:06 PM : ping
5/9/2021 3:49:06 PM : ping
5/9/2021 3:49:07 PM : ping
5/9/2021 3:49:07 PM : ping
5/9/2021 3:49:07 PM : ping
5/9/2021 3:49:09 PM : ping
5/9/2021 3:49:09 PM : ping
5/9/2021 3:49:09 PM : ping
5/9/2021 3:49:10 PM : ping
5/9/2021 3:49:10 PM : ping
5/9/2021 3:49:10 PM : ping
5/9/2021 3:49:11 PM : ping
5/9/2021 3:49:11 PM : ping
5/9/2021 3:49:11 PM : ping
5/9/2021 3:49:12 PM : ping
5/9/2021 3:49:12 PM : ping
5/9/2021 3:49:12 PM : ping
5/9/2021 3:49:13 PM : ping
5/9/2021 3:49:13 PM : ping
5/9/2021 3:49:13 PM : ping
5/9/2021 3:49:14 PM : ping
5/9/2021 3:49:14 PM : ping
5/9/2021 3:49:14 PM : ping
5/9/2021 3:49:15 PM : ping
5/9/2021 3:49:15 PM : ping
5/9/2021 3:49:15 PM : ping
5/9/2021 3:49:16 PM : ping
5/9/2021 3:49:16 PM : ping
5/9/2021 3:49:16 PM : ping
5/9/2021 3:49:17 PM : ping
5/9/2021 3:49:17 PM : ping
5/9/2021 3:49:17 PM : ping
5/9/2021 3:49:19 PM : ping
5/9/2021 3:49:19 PM : ping
5/9/2021 3:49:19 PM : ping
5/9/2021 3:49:20 PM : ping
5/9/2021 3:49:20 PM : ping
5/9/2021 3:49:20 PM : ping
5/9/2021 3:49:21 PM : ping
5/9/2021 3:49:21 PM : ping
5/9/2021 3:49:21 PM : ping
5/9/2021 3:49:22 PM : ping
5/9/2021 3:49:22 PM : ping
5/9/2021 3:49:22 PM : ping
5/9/2021 3:49:23 PM : ping
5/9/2021 3:49:23 PM : ping
5/9/2021 3:49:23 PM : ping
5/9/2021 3:49:24 PM : ping
5/9/2021 3:49:24 PM : ping
5/9/2021 3:49:24 PM : ping
