log begin
..............
5/9/2021 12:46:40 AM : ping
5/9/2021 12:46:40 AM : ping
5/9/2021 12:46:40 AM : ping
5/9/2021 12:46:41 AM : ping
5/9/2021 12:46:41 AM : ping
5/9/2021 12:46:41 AM : ping
5/9/2021 12:46:42 AM : ping
5/9/2021 12:46:42 AM : ping
5/9/2021 12:46:42 AM : ping
5/9/2021 12:46:43 AM : ping
5/9/2021 12:46:43 AM : ping
5/9/2021 12:46:43 AM : ping
5/9/2021 12:46:44 AM : ping
5/9/2021 12:46:44 AM : ping
5/9/2021 12:46:44 AM : ping
5/9/2021 12:46:45 AM : ping
5/9/2021 12:46:45 AM : ping
5/9/2021 12:46:45 AM : ping
5/9/2021 12:46:46 AM : ping
5/9/2021 12:46:46 AM : ping
5/9/2021 12:46:46 AM : ping
5/9/2021 12:46:47 AM : ping
5/9/2021 12:46:47 AM : ping
5/9/2021 12:46:47 AM : ping
5/9/2021 12:46:49 AM : ping
5/9/2021 12:46:49 AM : ping
5/9/2021 12:46:49 AM : ping
5/9/2021 12:46:50 AM : ping
5/9/2021 12:46:50 AM : ping
5/9/2021 12:46:50 AM : ping
5/9/2021 12:46:51 AM : ping
5/9/2021 12:46:51 AM : ping
5/9/2021 12:46:51 AM : ping
5/9/2021 12:46:52 AM : ping
5/9/2021 12:46:52 AM : ping
5/9/2021 12:46:52 AM : ping
5/9/2021 12:46:53 AM : ping
5/9/2021 12:46:53 AM : ping
5/9/2021 12:46:53 AM : ping
5/9/2021 12:46:53 AM : launch server at port: 7003
5/9/2021 12:46:54 AM : ping
5/9/2021 12:46:54 AM : ping
5/9/2021 12:46:54 AM : ping
5/9/2021 12:46:54 AM : launch server at port: 7004
5/9/2021 12:46:55 AM : ping
5/9/2021 12:46:55 AM : ping
5/9/2021 12:46:55 AM : ping
5/9/2021 12:46:56 AM : ping
5/9/2021 12:46:56 AM : ping
5/9/2021 12:46:56 AM : ping
5/9/2021 12:46:57 AM : ping
5/9/2021 12:46:57 AM : ping
5/9/2021 12:46:57 AM : ping
5/9/2021 12:46:59 AM : ping
5/9/2021 12:46:59 AM : ping
5/9/2021 12:46:59 AM : ping
5/9/2021 12:47:00 AM : ping
5/9/2021 12:47:00 AM : ping
5/9/2021 12:47:00 AM : ping
5/9/2021 12:47:01 AM : launch server at port: 7005
5/9/2021 12:47:01 AM : ping
5/9/2021 12:47:01 AM : ping
5/9/2021 12:47:01 AM : ping
5/9/2021 12:47:01 AM : launch server at port: 7006
5/9/2021 12:47:02 AM : ping
5/9/2021 12:47:02 AM : ping
5/9/2021 12:47:02 AM : ping
5/9/2021 12:47:03 AM : ping
5/9/2021 12:47:03 AM : ping
5/9/2021 12:47:03 AM : ping
5/9/2021 12:47:04 AM : ping
5/9/2021 12:47:04 AM : ping
5/9/2021 12:47:04 AM : ping
5/9/2021 12:47:05 AM : ping
5/9/2021 12:47:05 AM : ping
5/9/2021 12:47:05 AM : ping
5/9/2021 12:47:06 AM : ping
5/9/2021 12:47:06 AM : ping
5/9/2021 12:47:06 AM : ping
5/9/2021 12:47:07 AM : ping
5/9/2021 12:47:07 AM : ping
5/9/2021 12:47:08 AM : ping
5/9/2021 12:47:09 AM : ping
5/9/2021 12:47:09 AM : ping
5/9/2021 12:47:09 AM : ping
5/9/2021 12:47:10 AM : ping
5/9/2021 12:47:10 AM : ping
5/9/2021 12:47:10 AM : ping
5/9/2021 12:47:11 AM : ping
5/9/2021 12:47:11 AM : ping
5/9/2021 12:47:11 AM : ping
5/9/2021 12:47:12 AM : ping
5/9/2021 12:47:12 AM : ping
5/9/2021 12:47:12 AM : ping
5/9/2021 12:47:13 AM : ping
5/9/2021 12:47:13 AM : ping
5/9/2021 12:47:13 AM : ping
5/9/2021 12:47:14 AM : ping
5/9/2021 12:47:14 AM : ping
5/9/2021 12:47:14 AM : ping
5/9/2021 12:47:15 AM : ping
5/9/2021 12:47:15 AM : ping
5/9/2021 12:47:15 AM : ping
5/9/2021 12:47:16 AM : ping
5/9/2021 12:47:16 AM : ping
5/9/2021 12:47:16 AM : ping
5/9/2021 12:47:18 AM : ping
5/9/2021 12:47:18 AM : ping
5/9/2021 12:47:18 AM : ping
5/9/2021 12:47:19 AM : ping
5/9/2021 12:47:19 AM : ping
5/9/2021 12:47:19 AM : ping
5/9/2021 12:47:20 AM : ping
5/9/2021 12:47:20 AM : ping
5/9/2021 12:47:20 AM : ping
5/9/2021 12:47:21 AM : ping
5/9/2021 12:47:21 AM : ping
5/9/2021 12:47:21 AM : ping
5/9/2021 12:47:22 AM : ping
5/9/2021 12:47:22 AM : ping
5/9/2021 12:47:22 AM : ping
5/9/2021 12:47:23 AM : ping
5/9/2021 12:47:23 AM : ping
5/9/2021 12:47:23 AM : ping
5/9/2021 12:47:24 AM : ping
5/9/2021 12:47:24 AM : ping
5/9/2021 12:47:24 AM : ping
5/9/2021 12:47:25 AM : ping
5/9/2021 12:47:25 AM : ping
5/9/2021 12:47:25 AM : ping
5/9/2021 12:47:26 AM : ping
5/9/2021 12:47:26 AM : ping
5/9/2021 12:47:26 AM : ping
5/9/2021 12:47:28 AM : ping
5/9/2021 12:47:28 AM : ping
5/9/2021 12:47:28 AM : ping
5/9/2021 12:47:29 AM : ping
5/9/2021 12:47:29 AM : ping
5/9/2021 12:47:29 AM : ping
5/9/2021 12:47:30 AM : ping
5/9/2021 12:47:30 AM : ping
5/9/2021 12:47:30 AM : ping
5/9/2021 12:47:31 AM : ping
5/9/2021 12:47:31 AM : ping
5/9/2021 12:47:31 AM : ping
5/9/2021 12:47:32 AM : ping
5/9/2021 12:47:32 AM : ping
5/9/2021 12:47:32 AM : ping
5/9/2021 12:47:33 AM : ping
5/9/2021 12:47:33 AM : ping
5/9/2021 12:47:33 AM : ping
5/9/2021 12:47:33 AM : launch server at port: 7007
5/9/2021 12:47:34 AM : launch server at port: 7008
5/9/2021 12:47:34 AM : ping
5/9/2021 12:47:34 AM : ping
5/9/2021 12:47:34 AM : ping
5/9/2021 12:47:35 AM : ping
5/9/2021 12:47:35 AM : ping
5/9/2021 12:47:35 AM : ping
5/9/2021 12:47:36 AM : ping
5/9/2021 12:47:36 AM : ping
5/9/2021 12:47:36 AM : ping
5/9/2021 12:47:38 AM : ping
5/9/2021 12:47:38 AM : ping
5/9/2021 12:47:38 AM : ping
5/9/2021 12:47:39 AM : ping
5/9/2021 12:47:39 AM : ping
5/9/2021 12:47:39 AM : ping
5/9/2021 12:47:40 AM : ping
5/9/2021 12:47:40 AM : ping
5/9/2021 12:47:40 AM : ping
5/9/2021 12:47:40 AM : launch server at port: 7009
5/9/2021 12:47:41 AM : ping
5/9/2021 12:47:41 AM : ping
5/9/2021 12:47:41 AM : ping
5/9/2021 12:47:42 AM : ping
5/9/2021 12:47:42 AM : ping
5/9/2021 12:47:42 AM : ping
5/9/2021 12:47:43 AM : ping
5/9/2021 12:47:43 AM : ping
5/9/2021 12:47:43 AM : ping
5/9/2021 12:47:44 AM : ping
5/9/2021 12:47:44 AM : ping
5/9/2021 12:47:44 AM : ping
5/9/2021 12:47:45 AM : launch server at port: 7010
5/9/2021 12:47:45 AM : ping
5/9/2021 12:47:45 AM : ping
5/9/2021 12:47:45 AM : ping
5/9/2021 12:47:46 AM : ping
5/9/2021 12:47:46 AM : ping
5/9/2021 12:47:46 AM : ping
5/9/2021 12:47:47 AM : launch server at port: 7011
5/9/2021 12:47:48 AM : ping
5/9/2021 12:47:48 AM : ping
5/9/2021 12:47:48 AM : ping
5/9/2021 12:47:49 AM : ping
5/9/2021 12:47:49 AM : ping
5/9/2021 12:47:49 AM : ping
5/9/2021 12:47:50 AM : ping
5/9/2021 12:47:50 AM : ping
5/9/2021 12:47:50 AM : ping
5/9/2021 12:47:51 AM : ping
5/9/2021 12:47:51 AM : ping
5/9/2021 12:47:51 AM : ping
5/9/2021 12:47:51 AM : launch server at port: 7012
5/9/2021 12:47:52 AM : ping
5/9/2021 12:47:52 AM : ping
5/9/2021 12:47:52 AM : ping
5/9/2021 12:47:53 AM : ping
5/9/2021 12:47:53 AM : ping
5/9/2021 12:47:53 AM : ping
5/9/2021 12:47:53 AM : launch server at port: 7013
5/9/2021 12:47:54 AM : ping
5/9/2021 12:47:54 AM : ping
5/9/2021 12:47:54 AM : ping
5/9/2021 12:47:55 AM : ping
5/9/2021 12:47:55 AM : ping
5/9/2021 12:47:55 AM : ping
5/9/2021 12:47:56 AM : ping
5/9/2021 12:47:56 AM : ping
5/9/2021 12:47:56 AM : ping
5/9/2021 12:47:57 AM : ping
5/9/2021 12:47:57 AM : ping
5/9/2021 12:47:58 AM : ping
5/9/2021 12:47:59 AM : ping
5/9/2021 12:47:59 AM : ping
5/9/2021 12:47:59 AM : ping
5/9/2021 12:48:00 AM : ping
5/9/2021 12:48:00 AM : ping
5/9/2021 12:48:00 AM : ping
5/9/2021 12:48:01 AM : ping
5/9/2021 12:48:01 AM : ping
5/9/2021 12:48:01 AM : ping
5/9/2021 12:48:02 AM : ping
5/9/2021 12:48:02 AM : ping
5/9/2021 12:48:02 AM : ping
5/9/2021 12:48:03 AM : ping
5/9/2021 12:48:03 AM : ping
5/9/2021 12:48:03 AM : ping
5/9/2021 12:48:04 AM : ping
5/9/2021 12:48:04 AM : ping
5/9/2021 12:48:04 AM : ping
5/9/2021 12:48:05 AM : ping
5/9/2021 12:48:05 AM : ping
5/9/2021 12:48:05 AM : ping
5/9/2021 12:48:06 AM : ping
5/9/2021 12:48:06 AM : ping
5/9/2021 12:48:06 AM : ping
5/9/2021 12:48:07 AM : ping
5/9/2021 12:48:07 AM : ping
5/9/2021 12:48:07 AM : ping
5/9/2021 12:48:09 AM : ping
5/9/2021 12:48:09 AM : ping
5/9/2021 12:48:09 AM : ping
5/9/2021 12:48:10 AM : ping
5/9/2021 12:48:10 AM : ping
5/9/2021 12:48:10 AM : ping
5/9/2021 12:48:11 AM : ping
5/9/2021 12:48:11 AM : ping
5/9/2021 12:48:11 AM : ping
5/9/2021 12:48:12 AM : ping
5/9/2021 12:48:12 AM : ping
5/9/2021 12:48:12 AM : ping
5/9/2021 12:48:13 AM : ping
5/9/2021 12:48:13 AM : ping
5/9/2021 12:48:13 AM : ping
5/9/2021 12:48:14 AM : ping
5/9/2021 12:48:14 AM : ping
5/9/2021 12:48:14 AM : ping
5/9/2021 12:48:15 AM : ping
5/9/2021 12:48:15 AM : ping
5/9/2021 12:48:15 AM : ping
5/9/2021 12:48:16 AM : ping
5/9/2021 12:48:16 AM : ping
5/9/2021 12:48:16 AM : ping
5/9/2021 12:48:17 AM : ping
5/9/2021 12:48:17 AM : ping
5/9/2021 12:48:17 AM : ping
5/9/2021 12:48:19 AM : ping
5/9/2021 12:48:19 AM : ping
5/9/2021 12:48:19 AM : ping
5/9/2021 12:48:20 AM : ping
5/9/2021 12:48:20 AM : ping
5/9/2021 12:48:20 AM : ping
5/9/2021 12:48:21 AM : ping
5/9/2021 12:48:21 AM : ping
5/9/2021 12:48:21 AM : ping
5/9/2021 12:48:22 AM : ping
5/9/2021 12:48:22 AM : ping
5/9/2021 12:48:22 AM : ping
5/9/2021 12:48:23 AM : ping
5/9/2021 12:48:23 AM : ping
5/9/2021 12:48:23 AM : ping
5/9/2021 12:48:24 AM : ping
5/9/2021 12:48:24 AM : ping
5/9/2021 12:48:24 AM : ping
5/9/2021 12:48:25 AM : ping
5/9/2021 12:48:25 AM : ping
5/9/2021 12:48:25 AM : ping
5/9/2021 12:48:26 AM : ping
5/9/2021 12:48:26 AM : ping
5/9/2021 12:48:26 AM : ping
5/9/2021 12:48:27 AM : ping
5/9/2021 12:48:27 AM : ping
5/9/2021 12:48:27 AM : ping
5/9/2021 12:48:29 AM : ping
5/9/2021 12:48:29 AM : ping
5/9/2021 12:48:29 AM : ping
5/9/2021 12:48:30 AM : ping
5/9/2021 12:48:30 AM : ping
5/9/2021 12:48:30 AM : ping
5/9/2021 12:48:30 AM : launch server at port: 7014
5/9/2021 12:48:30 AM : launch server at port: 7015
5/9/2021 12:48:31 AM : ping
5/9/2021 12:48:31 AM : ping
5/9/2021 12:48:31 AM : ping
5/9/2021 12:48:32 AM : ping
5/9/2021 12:48:32 AM : ping
5/9/2021 12:48:32 AM : ping
5/9/2021 12:48:33 AM : ping
5/9/2021 12:48:33 AM : ping
5/9/2021 12:48:33 AM : ping
5/9/2021 12:48:34 AM : ping
5/9/2021 12:48:34 AM : ping
5/9/2021 12:48:34 AM : ping
5/9/2021 12:48:35 AM : ping
5/9/2021 12:48:35 AM : ping
5/9/2021 12:48:35 AM : ping
5/9/2021 12:48:35 AM : launch server at port: 7016
5/9/2021 12:48:36 AM : launch server at port: 7017
5/9/2021 12:48:36 AM : ping
5/9/2021 12:48:36 AM : ping
5/9/2021 12:48:36 AM : ping
5/9/2021 12:48:37 AM : ping
5/9/2021 12:48:37 AM : ping
5/9/2021 12:48:37 AM : ping
5/9/2021 12:48:39 AM : ping
5/9/2021 12:48:39 AM : ping
5/9/2021 12:48:39 AM : ping
5/9/2021 12:48:40 AM : ping
5/9/2021 12:48:40 AM : ping
5/9/2021 12:48:40 AM : ping
5/9/2021 12:48:40 AM : launch server at port: 7018
5/9/2021 12:48:41 AM : ping
5/9/2021 12:48:41 AM : ping
5/9/2021 12:48:41 AM : ping
5/9/2021 12:48:41 AM : launch server at port: 7019
5/9/2021 12:48:42 AM : ping
5/9/2021 12:48:42 AM : ping
5/9/2021 12:48:42 AM : ping
5/9/2021 12:48:43 AM : ping
5/9/2021 12:48:43 AM : ping
5/9/2021 12:48:43 AM : ping
5/9/2021 12:48:44 AM : ping
5/9/2021 12:48:44 AM : ping
5/9/2021 12:48:44 AM : ping
5/9/2021 12:48:45 AM : ping
5/9/2021 12:48:45 AM : ping
5/9/2021 12:48:45 AM : ping
5/9/2021 12:48:46 AM : launch server at port: 7020
5/9/2021 12:48:46 AM : ping
5/9/2021 12:48:46 AM : ping
5/9/2021 12:48:46 AM : ping
5/9/2021 12:48:47 AM : ping
5/9/2021 12:48:47 AM : ping
5/9/2021 12:48:47 AM : ping
5/9/2021 12:48:48 AM : ping
5/9/2021 12:48:48 AM : ping
5/9/2021 12:48:48 AM : ping
5/9/2021 12:48:50 AM : ping
5/9/2021 12:48:50 AM : ping
5/9/2021 12:48:50 AM : ping
5/9/2021 12:48:51 AM : ping
5/9/2021 12:48:51 AM : ping
5/9/2021 12:48:51 AM : ping
5/9/2021 12:48:52 AM : ping
5/9/2021 12:48:52 AM : ping
5/9/2021 12:48:52 AM : ping
5/9/2021 12:48:53 AM : ping
5/9/2021 12:48:53 AM : ping
5/9/2021 12:48:53 AM : ping
5/9/2021 12:48:54 AM : ping
5/9/2021 12:48:54 AM : ping
5/9/2021 12:48:54 AM : ping
5/9/2021 12:48:55 AM : ping
5/9/2021 12:48:55 AM : ping
5/9/2021 12:48:55 AM : ping
5/9/2021 12:48:56 AM : ping
5/9/2021 12:48:56 AM : ping
5/9/2021 12:48:56 AM : ping
5/9/2021 12:48:57 AM : ping
5/9/2021 12:48:57 AM : ping
5/9/2021 12:48:57 AM : ping
5/9/2021 12:48:58 AM : ping
5/9/2021 12:48:58 AM : ping
5/9/2021 12:48:58 AM : ping
5/9/2021 12:49:00 AM : ping
5/9/2021 12:49:00 AM : ping
5/9/2021 12:49:00 AM : ping
5/9/2021 12:49:01 AM : ping
5/9/2021 12:49:01 AM : ping
5/9/2021 12:49:01 AM : ping
5/9/2021 12:49:02 AM : ping
5/9/2021 12:49:02 AM : ping
5/9/2021 12:49:02 AM : ping
5/9/2021 12:49:03 AM : ping
5/9/2021 12:49:03 AM : ping
5/9/2021 12:49:03 AM : ping
5/9/2021 12:49:04 AM : ping
5/9/2021 12:49:04 AM : ping
5/9/2021 12:49:04 AM : ping
5/9/2021 12:49:05 AM : ping
5/9/2021 12:49:05 AM : ping
5/9/2021 12:49:05 AM : ping
5/9/2021 12:49:06 AM : ping
5/9/2021 12:49:06 AM : ping
5/9/2021 12:49:06 AM : ping
5/9/2021 12:49:07 AM : ping
5/9/2021 12:49:07 AM : ping
5/9/2021 12:49:07 AM : ping
5/9/2021 12:49:08 AM : ping
5/9/2021 12:49:08 AM : ping
5/9/2021 12:49:08 AM : ping
5/9/2021 12:49:09 AM : ping
5/9/2021 12:49:09 AM : ping
5/9/2021 12:49:09 AM : ping
5/9/2021 12:49:11 AM : ping
5/9/2021 12:49:11 AM : ping
5/9/2021 12:49:11 AM : ping
5/9/2021 12:49:12 AM : ping
5/9/2021 12:49:12 AM : ping
5/9/2021 12:49:12 AM : ping
5/9/2021 12:49:13 AM : ping
5/9/2021 12:49:13 AM : ping
5/9/2021 12:49:13 AM : ping
5/9/2021 12:49:14 AM : ping
5/9/2021 12:49:14 AM : ping
5/9/2021 12:49:14 AM : ping
5/9/2021 12:49:15 AM : ping
5/9/2021 12:49:15 AM : ping
5/9/2021 12:49:15 AM : ping
5/9/2021 12:49:16 AM : ping
5/9/2021 12:49:16 AM : ping
5/9/2021 12:49:16 AM : ping
5/9/2021 12:49:17 AM : ping
5/9/2021 12:49:17 AM : ping
5/9/2021 12:49:17 AM : ping
5/9/2021 12:49:18 AM : ping
5/9/2021 12:49:18 AM : ping
5/9/2021 12:49:18 AM : ping
5/9/2021 12:49:19 AM : ping
5/9/2021 12:49:19 AM : ping
5/9/2021 12:49:19 AM : ping
5/9/2021 12:49:21 AM : ping
5/9/2021 12:49:21 AM : ping
5/9/2021 12:49:21 AM : ping
5/9/2021 12:49:22 AM : ping
5/9/2021 12:49:22 AM : ping
5/9/2021 12:49:22 AM : ping
5/9/2021 12:49:23 AM : ping
5/9/2021 12:49:23 AM : ping
5/9/2021 12:49:23 AM : ping
5/9/2021 12:49:24 AM : ping
5/9/2021 12:49:24 AM : ping
5/9/2021 12:49:24 AM : ping
5/9/2021 12:49:25 AM : ping
5/9/2021 12:49:25 AM : ping
5/9/2021 12:49:25 AM : ping
5/9/2021 12:49:26 AM : ping
5/9/2021 12:49:26 AM : ping
5/9/2021 12:49:26 AM : ping
5/9/2021 12:49:27 AM : ping
5/9/2021 12:49:27 AM : ping
5/9/2021 12:49:27 AM : ping
5/9/2021 12:49:28 AM : ping
5/9/2021 12:49:28 AM : ping
5/9/2021 12:49:28 AM : ping
5/9/2021 12:49:29 AM : ping
5/9/2021 12:49:29 AM : ping
5/9/2021 12:49:29 AM : ping
5/9/2021 12:49:31 AM : ping
5/9/2021 12:49:31 AM : ping
5/9/2021 12:49:31 AM : ping
5/9/2021 12:49:32 AM : ping
5/9/2021 12:49:32 AM : ping
5/9/2021 12:49:32 AM : ping
5/9/2021 12:49:33 AM : ping
5/9/2021 12:49:33 AM : ping
5/9/2021 12:49:33 AM : ping
5/9/2021 12:49:34 AM : ping
5/9/2021 12:49:34 AM : ping
5/9/2021 12:49:34 AM : ping
5/9/2021 12:49:35 AM : ping
5/9/2021 12:49:35 AM : ping
5/9/2021 12:49:35 AM : ping
5/9/2021 12:49:36 AM : ping
5/9/2021 12:49:36 AM : ping
5/9/2021 12:49:36 AM : ping
5/9/2021 12:49:37 AM : ping
5/9/2021 12:49:37 AM : ping
5/9/2021 12:49:37 AM : ping
5/9/2021 12:49:38 AM : ping
5/9/2021 12:49:38 AM : ping
5/9/2021 12:49:38 AM : ping
5/9/2021 12:49:39 AM : ping
5/9/2021 12:49:39 AM : ping
5/9/2021 12:49:39 AM : ping
5/9/2021 12:49:40 AM : ping
5/9/2021 12:49:40 AM : ping
5/9/2021 12:49:40 AM : ping
5/9/2021 12:49:42 AM : ping
5/9/2021 12:49:42 AM : ping
5/9/2021 12:49:42 AM : ping
5/9/2021 12:49:43 AM : ping
5/9/2021 12:49:43 AM : ping
5/9/2021 12:49:43 AM : ping
5/9/2021 12:49:44 AM : ping
5/9/2021 12:49:44 AM : ping
5/9/2021 12:49:44 AM : ping
5/9/2021 12:49:45 AM : ping
5/9/2021 12:49:45 AM : ping
5/9/2021 12:49:45 AM : ping
5/9/2021 12:49:46 AM : ping
5/9/2021 12:49:46 AM : ping
5/9/2021 12:49:46 AM : ping
5/9/2021 12:49:47 AM : ping
5/9/2021 12:49:47 AM : ping
5/9/2021 12:49:47 AM : ping
5/9/2021 12:49:48 AM : ping
5/9/2021 12:49:48 AM : ping
5/9/2021 12:49:48 AM : ping
5/9/2021 12:49:49 AM : ping
5/9/2021 12:49:49 AM : ping
5/9/2021 12:49:49 AM : ping
5/9/2021 12:49:50 AM : ping
5/9/2021 12:49:50 AM : ping
5/9/2021 12:49:50 AM : ping
5/9/2021 12:49:52 AM : ping
5/9/2021 12:49:52 AM : ping
5/9/2021 12:49:52 AM : ping
5/9/2021 12:49:53 AM : ping
5/9/2021 12:49:53 AM : ping
5/9/2021 12:49:53 AM : ping
5/9/2021 12:49:54 AM : ping
5/9/2021 12:49:54 AM : ping
5/9/2021 12:49:54 AM : ping
5/9/2021 12:49:55 AM : ping
5/9/2021 12:49:55 AM : ping
5/9/2021 12:49:55 AM : ping
5/9/2021 12:49:56 AM : ping
5/9/2021 12:49:56 AM : ping
5/9/2021 12:49:56 AM : ping
5/9/2021 12:49:57 AM : ping
5/9/2021 12:49:57 AM : ping
5/9/2021 12:49:57 AM : ping
5/9/2021 12:49:58 AM : ping
5/9/2021 12:49:58 AM : ping
5/9/2021 12:49:58 AM : ping
5/9/2021 12:49:59 AM : ping
5/9/2021 12:49:59 AM : ping
5/9/2021 12:49:59 AM : ping
5/9/2021 12:50:00 AM : ping
5/9/2021 12:50:00 AM : ping
5/9/2021 12:50:00 AM : ping
5/9/2021 12:50:01 AM : ping
5/9/2021 12:50:01 AM : ping
5/9/2021 12:50:02 AM : ping
5/9/2021 12:50:03 AM : ping
5/9/2021 12:50:03 AM : ping
5/9/2021 12:50:03 AM : ping
5/9/2021 12:50:04 AM : ping
5/9/2021 12:50:04 AM : ping
5/9/2021 12:50:04 AM : ping
5/9/2021 12:50:05 AM : ping
5/9/2021 12:50:05 AM : ping
5/9/2021 12:50:05 AM : ping
5/9/2021 12:50:06 AM : ping
5/9/2021 12:50:06 AM : ping
5/9/2021 12:50:06 AM : ping
5/9/2021 12:50:07 AM : ping
5/9/2021 12:50:07 AM : ping
5/9/2021 12:50:07 AM : ping
5/9/2021 12:50:08 AM : ping
5/9/2021 12:50:08 AM : ping
5/9/2021 12:50:08 AM : ping
5/9/2021 12:50:09 AM : kService.requestChannels.Count :71
5/9/2021 12:50:09 AM : kService.requestChannels.Count :71
5/9/2021 12:50:09 AM : ping
5/9/2021 12:50:09 AM : ping
5/9/2021 12:50:09 AM : ping
5/9/2021 12:50:10 AM : ping
5/9/2021 12:50:10 AM : ping
5/9/2021 12:50:10 AM : ping
5/9/2021 12:50:11 AM : ping
5/9/2021 12:50:11 AM : ping
5/9/2021 12:50:11 AM : ping
5/9/2021 12:50:13 AM : ping
5/9/2021 12:50:13 AM : ping
5/9/2021 12:50:13 AM : ping
5/9/2021 12:50:14 AM : ping
5/9/2021 12:50:14 AM : ping
5/9/2021 12:50:14 AM : ping
5/9/2021 12:50:15 AM : ping
5/9/2021 12:50:15 AM : ping
5/9/2021 12:50:15 AM : ping
5/9/2021 12:50:16 AM : kService.requestChannels.Count :70
5/9/2021 12:50:16 AM : kService.requestChannels.Count :70
5/9/2021 12:50:16 AM : ping
5/9/2021 12:50:16 AM : ping
5/9/2021 12:50:16 AM : ping
5/9/2021 12:50:16 AM : kService.requestChannels.Count :69
5/9/2021 12:50:16 AM : kService.requestChannels.Count :69
5/9/2021 12:50:17 AM : kService.requestChannels.Count :68
5/9/2021 12:50:17 AM : kService.requestChannels.Count :68
5/9/2021 12:50:17 AM : ping
5/9/2021 12:50:17 AM : ping
5/9/2021 12:50:17 AM : ping
5/9/2021 12:50:17 AM : kService.requestChannels.Count :67
5/9/2021 12:50:17 AM : kService.requestChannels.Count :67
5/9/2021 12:50:18 AM : ping
5/9/2021 12:50:18 AM : ping
5/9/2021 12:50:18 AM : ping
5/9/2021 12:50:19 AM : kService.requestChannels.Count :66
5/9/2021 12:50:19 AM : kService.requestChannels.Count :66
5/9/2021 12:50:19 AM : ping
5/9/2021 12:50:19 AM : ping
5/9/2021 12:50:19 AM : ping
5/9/2021 12:50:19 AM : kService.requestChannels.Count :65
5/9/2021 12:50:19 AM : kService.requestChannels.Count :65
5/9/2021 12:50:20 AM : ping
5/9/2021 12:50:20 AM : ping
5/9/2021 12:50:20 AM : ping
5/9/2021 12:50:21 AM : kService.requestChannels.Count :64
5/9/2021 12:50:21 AM : kService.requestChannels.Count :64
5/9/2021 12:50:21 AM : ping
5/9/2021 12:50:21 AM : ping
5/9/2021 12:50:21 AM : ping
5/9/2021 12:50:22 AM : kService.requestChannels.Count :63
5/9/2021 12:50:22 AM : kService.requestChannels.Count :63
5/9/2021 12:50:22 AM : kService.requestChannels.Count :62
5/9/2021 12:50:22 AM : kService.requestChannels.Count :62
5/9/2021 12:50:23 AM : ping
5/9/2021 12:50:23 AM : ping
5/9/2021 12:50:23 AM : ping
5/9/2021 12:50:23 AM : kService.requestChannels.Count :61
5/9/2021 12:50:23 AM : kService.requestChannels.Count :61
5/9/2021 12:50:24 AM : ping
5/9/2021 12:50:24 AM : ping
5/9/2021 12:50:24 AM : ping
5/9/2021 12:50:24 AM : kService.requestChannels.Count :60
5/9/2021 12:50:24 AM : kService.requestChannels.Count :60
5/9/2021 12:50:25 AM : ping
5/9/2021 12:50:25 AM : ping
5/9/2021 12:50:25 AM : ping
5/9/2021 12:50:26 AM : ping
5/9/2021 12:50:26 AM : ping
5/9/2021 12:50:26 AM : ping
5/9/2021 12:50:27 AM : ping
5/9/2021 12:50:27 AM : ping
5/9/2021 12:50:27 AM : ping
5/9/2021 12:50:28 AM : ping
5/9/2021 12:50:28 AM : ping
5/9/2021 12:50:28 AM : ping
5/9/2021 12:50:28 AM : kService.requestChannels.Count :59
5/9/2021 12:50:28 AM : kService.requestChannels.Count :59
5/9/2021 12:50:29 AM : ping
5/9/2021 12:50:29 AM : ping
5/9/2021 12:50:29 AM : ping
5/9/2021 12:50:30 AM : ping
5/9/2021 12:50:30 AM : ping
5/9/2021 12:50:30 AM : ping
5/9/2021 12:50:30 AM : kService.requestChannels.Count :58
5/9/2021 12:50:30 AM : kService.requestChannels.Count :58
5/9/2021 12:50:31 AM : kService.requestChannels.Count :57
5/9/2021 12:50:31 AM : kService.requestChannels.Count :57
5/9/2021 12:50:31 AM : kService.requestChannels.Count :56
5/9/2021 12:50:31 AM : kService.requestChannels.Count :56
5/9/2021 12:50:31 AM : ping
5/9/2021 12:50:31 AM : ping
5/9/2021 12:50:31 AM : ping
5/9/2021 12:50:32 AM : kService.requestChannels.Count :55
5/9/2021 12:50:32 AM : kService.requestChannels.Count :55
5/9/2021 12:50:32 AM : ping
5/9/2021 12:50:32 AM : ping
5/9/2021 12:50:32 AM : ping
5/9/2021 12:50:34 AM : ping
5/9/2021 12:50:34 AM : ping
5/9/2021 12:50:34 AM : ping
5/9/2021 12:50:34 AM : kService.requestChannels.Count :54
5/9/2021 12:50:34 AM : kService.requestChannels.Count :54
5/9/2021 12:50:34 AM : kService.requestChannels.Count :53
5/9/2021 12:50:34 AM : kService.requestChannels.Count :53
5/9/2021 12:50:35 AM : ping
5/9/2021 12:50:35 AM : ping
5/9/2021 12:50:35 AM : ping
5/9/2021 12:50:35 AM : kService.requestChannels.Count :52
5/9/2021 12:50:35 AM : kService.requestChannels.Count :52
5/9/2021 12:50:36 AM : kService.requestChannels.Count :51
5/9/2021 12:50:36 AM : kService.requestChannels.Count :51
5/9/2021 12:50:36 AM : ping
5/9/2021 12:50:36 AM : ping
5/9/2021 12:50:36 AM : ping
5/9/2021 12:50:36 AM : kService.requestChannels.Count :50
5/9/2021 12:50:36 AM : kService.requestChannels.Count :50
5/9/2021 12:50:36 AM : kService.requestChannels.Count :49
5/9/2021 12:50:36 AM : kService.requestChannels.Count :49
5/9/2021 12:50:36 AM : kService.requestChannels.Count :48
5/9/2021 12:50:36 AM : kService.requestChannels.Count :48
5/9/2021 12:50:37 AM : ping
5/9/2021 12:50:37 AM : ping
5/9/2021 12:50:37 AM : ping
5/9/2021 12:50:37 AM : kService.requestChannels.Count :47
5/9/2021 12:50:37 AM : kService.requestChannels.Count :47
5/9/2021 12:50:38 AM : kService.requestChannels.Count :46
5/9/2021 12:50:38 AM : kService.requestChannels.Count :46
5/9/2021 12:50:38 AM : ping
5/9/2021 12:50:38 AM : ping
5/9/2021 12:50:38 AM : ping
5/9/2021 12:50:39 AM : ping
5/9/2021 12:50:39 AM : ping
5/9/2021 12:50:39 AM : ping
5/9/2021 12:50:39 AM : kService.requestChannels.Count :45
5/9/2021 12:50:39 AM : kService.requestChannels.Count :45
5/9/2021 12:50:40 AM : ping
5/9/2021 12:50:40 AM : ping
5/9/2021 12:50:40 AM : ping
5/9/2021 12:50:41 AM : ping
5/9/2021 12:50:41 AM : ping
5/9/2021 12:50:41 AM : ping
5/9/2021 12:50:42 AM : ping
5/9/2021 12:50:42 AM : ping
5/9/2021 12:50:42 AM : ping
5/9/2021 12:50:44 AM : ping
5/9/2021 12:50:44 AM : ping
5/9/2021 12:50:44 AM : ping
5/9/2021 12:50:45 AM : kService.requestChannels.Count :44
5/9/2021 12:50:45 AM : kService.requestChannels.Count :44
5/9/2021 12:50:45 AM : ping
5/9/2021 12:50:45 AM : ping
5/9/2021 12:50:45 AM : ping
5/9/2021 12:50:45 AM : kService.requestChannels.Count :43
5/9/2021 12:50:45 AM : kService.requestChannels.Count :43
5/9/2021 12:50:46 AM : kService.requestChannels.Count :42
5/9/2021 12:50:46 AM : kService.requestChannels.Count :42
5/9/2021 12:50:46 AM : ping
5/9/2021 12:50:46 AM : ping
5/9/2021 12:50:46 AM : kService.requestChannels.Count :41
5/9/2021 12:50:46 AM : kService.requestChannels.Count :41
5/9/2021 12:50:46 AM : ping
5/9/2021 12:50:46 AM : kService.requestChannels.Count :40
5/9/2021 12:50:46 AM : kService.requestChannels.Count :40
5/9/2021 12:50:47 AM : ping
5/9/2021 12:50:47 AM : ping
5/9/2021 12:50:47 AM : ping
5/9/2021 12:50:48 AM : ping
5/9/2021 12:50:48 AM : ping
5/9/2021 12:50:48 AM : ping
5/9/2021 12:50:48 AM : kService.requestChannels.Count :39
5/9/2021 12:50:48 AM : kService.requestChannels.Count :39
5/9/2021 12:50:49 AM : kService.requestChannels.Count :38
5/9/2021 12:50:49 AM : kService.requestChannels.Count :38
5/9/2021 12:50:49 AM : ping
5/9/2021 12:50:49 AM : ping
5/9/2021 12:50:49 AM : ping
5/9/2021 12:50:49 AM : kService.requestChannels.Count :37
5/9/2021 12:50:49 AM : kService.requestChannels.Count :37
5/9/2021 12:50:50 AM : kService.requestChannels.Count :36
5/9/2021 12:50:50 AM : kService.requestChannels.Count :36
5/9/2021 12:50:50 AM : ping
5/9/2021 12:50:50 AM : ping
5/9/2021 12:50:50 AM : ping
5/9/2021 12:50:50 AM : kService.requestChannels.Count :35
5/9/2021 12:50:50 AM : kService.requestChannels.Count :35
5/9/2021 12:50:51 AM : ping
5/9/2021 12:50:51 AM : ping
5/9/2021 12:50:51 AM : ping
5/9/2021 12:50:52 AM : kService.requestChannels.Count :34
5/9/2021 12:50:52 AM : kService.requestChannels.Count :34
5/9/2021 12:50:52 AM : kService.requestChannels.Count :33
5/9/2021 12:50:52 AM : kService.requestChannels.Count :33
5/9/2021 12:50:52 AM : ping
5/9/2021 12:50:52 AM : ping
5/9/2021 12:50:52 AM : ping
5/9/2021 12:50:54 AM : ping
5/9/2021 12:50:54 AM : ping
5/9/2021 12:50:54 AM : ping
5/9/2021 12:50:54 AM : kService.requestChannels.Count :32
5/9/2021 12:50:54 AM : kService.requestChannels.Count :32
5/9/2021 12:50:54 AM : kService.requestChannels.Count :31
5/9/2021 12:50:54 AM : kService.requestChannels.Count :31
5/9/2021 12:50:55 AM : ping
5/9/2021 12:50:55 AM : ping
5/9/2021 12:50:55 AM : ping
5/9/2021 12:50:56 AM : ping
5/9/2021 12:50:56 AM : ping
5/9/2021 12:50:56 AM : ping
5/9/2021 12:50:57 AM : ping
5/9/2021 12:50:57 AM : ping
5/9/2021 12:50:57 AM : ping
5/9/2021 12:50:57 AM : kService.requestChannels.Count :30
5/9/2021 12:50:57 AM : kService.requestChannels.Count :30
5/9/2021 12:50:58 AM : kService.requestChannels.Count :29
5/9/2021 12:50:58 AM : kService.requestChannels.Count :29
5/9/2021 12:50:58 AM : ping
5/9/2021 12:50:58 AM : ping
5/9/2021 12:50:58 AM : ping
5/9/2021 12:50:58 AM : kService.requestChannels.Count :28
5/9/2021 12:50:58 AM : kService.requestChannels.Count :28
5/9/2021 12:50:59 AM : kService.requestChannels.Count :27
5/9/2021 12:50:59 AM : kService.requestChannels.Count :27
5/9/2021 12:50:59 AM : kService.requestChannels.Count :26
5/9/2021 12:50:59 AM : kService.requestChannels.Count :26
5/9/2021 12:50:59 AM : ping
5/9/2021 12:50:59 AM : ping
5/9/2021 12:50:59 AM : ping
5/9/2021 12:51:00 AM : kService.requestChannels.Count :25
5/9/2021 12:51:00 AM : kService.requestChannels.Count :25
5/9/2021 12:51:00 AM : ping
5/9/2021 12:51:00 AM : ping
5/9/2021 12:51:00 AM : ping
5/9/2021 12:51:00 AM : kService.requestChannels.Count :24
5/9/2021 12:51:00 AM : kService.requestChannels.Count :24
5/9/2021 12:51:01 AM : ping
5/9/2021 12:51:01 AM : ping
5/9/2021 12:51:01 AM : ping
5/9/2021 12:51:02 AM : ping
5/9/2021 12:51:02 AM : ping
5/9/2021 12:51:02 AM : ping
5/9/2021 12:51:04 AM : ping
5/9/2021 12:51:04 AM : ping
5/9/2021 12:51:04 AM : ping
5/9/2021 12:51:05 AM : ping
5/9/2021 12:51:05 AM : ping
5/9/2021 12:51:05 AM : ping
5/9/2021 12:51:05 AM : kService.requestChannels.Count :23
5/9/2021 12:51:05 AM : kService.requestChannels.Count :23
5/9/2021 12:51:06 AM : ping
5/9/2021 12:51:06 AM : ping
5/9/2021 12:51:06 AM : ping
5/9/2021 12:51:06 AM : kService.requestChannels.Count :22
5/9/2021 12:51:06 AM : kService.requestChannels.Count :22
5/9/2021 12:51:07 AM : kService.requestChannels.Count :21
5/9/2021 12:51:07 AM : kService.requestChannels.Count :21
5/9/2021 12:51:07 AM : kService.requestChannels.Count :20
5/9/2021 12:51:07 AM : kService.requestChannels.Count :20
5/9/2021 12:51:07 AM : ping
5/9/2021 12:51:07 AM : ping
5/9/2021 12:51:07 AM : ping
5/9/2021 12:51:07 AM : kService.requestChannels.Count :19
5/9/2021 12:51:07 AM : kService.requestChannels.Count :19
5/9/2021 12:51:08 AM : kService.requestChannels.Count :18
5/9/2021 12:51:08 AM : kService.requestChannels.Count :18
5/9/2021 12:51:08 AM : ping
5/9/2021 12:51:08 AM : ping
5/9/2021 12:51:08 AM : ping
5/9/2021 12:51:09 AM : ping
5/9/2021 12:51:09 AM : ping
5/9/2021 12:51:09 AM : ping
5/9/2021 12:51:10 AM : ping
5/9/2021 12:51:10 AM : ping
5/9/2021 12:51:10 AM : ping
5/9/2021 12:51:11 AM : ping
5/9/2021 12:51:11 AM : ping
5/9/2021 12:51:11 AM : ping
5/9/2021 12:51:12 AM : kService.requestChannels.Count :17
5/9/2021 12:51:12 AM : kService.requestChannels.Count :17
5/9/2021 12:51:12 AM : ping
5/9/2021 12:51:12 AM : ping
5/9/2021 12:51:12 AM : ping
5/9/2021 12:51:14 AM : ping
5/9/2021 12:51:14 AM : ping
5/9/2021 12:51:14 AM : ping
5/9/2021 12:51:15 AM : ping
5/9/2021 12:51:15 AM : ping
5/9/2021 12:51:15 AM : ping
5/9/2021 12:51:16 AM : ping
5/9/2021 12:51:16 AM : ping
5/9/2021 12:51:16 AM : ping
5/9/2021 12:51:16 AM : kService.requestChannels.Count :16
5/9/2021 12:51:16 AM : kService.requestChannels.Count :16
5/9/2021 12:51:17 AM : ping
5/9/2021 12:51:17 AM : ping
5/9/2021 12:51:17 AM : ping
5/9/2021 12:51:18 AM : ping
5/9/2021 12:51:18 AM : ping
5/9/2021 12:51:18 AM : ping
5/9/2021 12:51:19 AM : ping
5/9/2021 12:51:19 AM : ping
5/9/2021 12:51:19 AM : ping
5/9/2021 12:51:20 AM : ping
5/9/2021 12:51:20 AM : ping
5/9/2021 12:51:20 AM : ping
5/9/2021 12:51:21 AM : ping
5/9/2021 12:51:21 AM : ping
5/9/2021 12:51:21 AM : ping
5/9/2021 12:51:22 AM : kService.requestChannels.Count :15
5/9/2021 12:51:22 AM : kService.requestChannels.Count :15
5/9/2021 12:51:22 AM : kService.requestChannels.Count :14
5/9/2021 12:51:22 AM : kService.requestChannels.Count :14
5/9/2021 12:51:22 AM : ping
5/9/2021 12:51:22 AM : ping
5/9/2021 12:51:22 AM : ping
5/9/2021 12:51:23 AM : kService.requestChannels.Count :13
5/9/2021 12:51:23 AM : kService.requestChannels.Count :13
5/9/2021 12:51:23 AM : kService.requestChannels.Count :12
5/9/2021 12:51:23 AM : kService.requestChannels.Count :12
5/9/2021 12:51:24 AM : ping
5/9/2021 12:51:24 AM : ping
5/9/2021 12:51:24 AM : ping
5/9/2021 12:51:24 AM : kService.requestChannels.Count :11
5/9/2021 12:51:24 AM : kService.requestChannels.Count :11
5/9/2021 12:51:24 AM : kService.requestChannels.Count :10
5/9/2021 12:51:24 AM : kService.requestChannels.Count :10
5/9/2021 12:51:25 AM : ping
5/9/2021 12:51:25 AM : ping
5/9/2021 12:51:25 AM : ping
5/9/2021 12:51:26 AM : ping
5/9/2021 12:51:26 AM : ping
5/9/2021 12:51:26 AM : ping
5/9/2021 12:51:26 AM : kService.requestChannels.Count :9
5/9/2021 12:51:26 AM : kService.requestChannels.Count :9
5/9/2021 12:51:26 AM : kService.requestChannels.Count :8
5/9/2021 12:51:26 AM : kService.requestChannels.Count :8
5/9/2021 12:51:27 AM : kService.requestChannels.Count :7
5/9/2021 12:51:27 AM : kService.requestChannels.Count :7
5/9/2021 12:51:27 AM : kService.requestChannels.Count :6
5/9/2021 12:51:27 AM : kService.requestChannels.Count :6
5/9/2021 12:51:27 AM : ping
5/9/2021 12:51:27 AM : ping
5/9/2021 12:51:27 AM : ping
5/9/2021 12:51:28 AM : ping
5/9/2021 12:51:28 AM : ping
5/9/2021 12:51:28 AM : ping
5/9/2021 12:51:29 AM : kService.requestChannels.Count :5
5/9/2021 12:51:29 AM : kService.requestChannels.Count :5
5/9/2021 12:51:29 AM : ping
5/9/2021 12:51:29 AM : ping
5/9/2021 12:51:29 AM : ping
5/9/2021 12:51:30 AM : kService.requestChannels.Count :4
5/9/2021 12:51:30 AM : kService.requestChannels.Count :4
5/9/2021 12:51:30 AM : kService.requestChannels.Count :3
5/9/2021 12:51:30 AM : kService.requestChannels.Count :3
5/9/2021 12:51:30 AM : ping
5/9/2021 12:51:30 AM : ping
5/9/2021 12:51:30 AM : ping
5/9/2021 12:51:30 AM : kService.requestChannels.Count :2
5/9/2021 12:51:30 AM : kService.requestChannels.Count :2
5/9/2021 12:51:31 AM : kService.requestChannels.Count :1
5/9/2021 12:51:31 AM : kService.requestChannels.Count :1
5/9/2021 12:51:31 AM : ping
5/9/2021 12:51:31 AM : ping
5/9/2021 12:51:31 AM : ping
5/9/2021 12:51:32 AM : kService.requestChannels.Count :0
5/9/2021 12:51:32 AM : kService.requestChannels.Count :0
5/9/2021 12:51:32 AM : ping
5/9/2021 12:51:32 AM : ping
5/9/2021 12:51:32 AM : ping
5/9/2021 12:51:34 AM : ping
5/9/2021 12:51:34 AM : ping
5/9/2021 12:51:34 AM : ping
5/9/2021 12:51:35 AM : ping
5/9/2021 12:51:35 AM : ping
5/9/2021 12:51:35 AM : ping
5/9/2021 12:51:36 AM : ping
5/9/2021 12:51:36 AM : ping
5/9/2021 12:51:36 AM : ping
5/9/2021 12:51:37 AM : ping
5/9/2021 12:51:37 AM : ping
5/9/2021 12:51:37 AM : ping
5/9/2021 12:51:38 AM : ping
5/9/2021 12:51:38 AM : ping
5/9/2021 12:51:38 AM : ping
5/9/2021 12:51:39 AM : ping
5/9/2021 12:51:39 AM : ping
5/9/2021 12:51:39 AM : ping
5/9/2021 12:51:40 AM : ping
5/9/2021 12:51:40 AM : ping
5/9/2021 12:51:40 AM : ping
5/9/2021 12:51:41 AM : ping
5/9/2021 12:51:41 AM : ping
5/9/2021 12:51:41 AM : ping
5/9/2021 12:51:42 AM : ping
5/9/2021 12:51:42 AM : ping
5/9/2021 12:51:42 AM : ping
5/9/2021 12:51:44 AM : ping
5/9/2021 12:51:44 AM : ping
5/9/2021 12:51:44 AM : ping
5/9/2021 12:51:45 AM : ping
5/9/2021 12:51:45 AM : ping
5/9/2021 12:51:45 AM : ping
5/9/2021 12:51:46 AM : ping
5/9/2021 12:51:46 AM : ping
5/9/2021 12:51:46 AM : ping
5/9/2021 12:51:46 AM : launch server at port: 7003
5/9/2021 12:51:47 AM : ping
5/9/2021 12:51:47 AM : ping
5/9/2021 12:51:47 AM : ping
5/9/2021 12:51:48 AM : launch server at port: 7004
5/9/2021 12:51:48 AM : ping
5/9/2021 12:51:48 AM : ping
5/9/2021 12:51:48 AM : ping
5/9/2021 12:51:49 AM : ping
5/9/2021 12:51:49 AM : ping
5/9/2021 12:51:49 AM : ping
5/9/2021 12:51:50 AM : ping
5/9/2021 12:51:50 AM : ping
5/9/2021 12:51:50 AM : ping
5/9/2021 12:51:51 AM : ping
5/9/2021 12:51:51 AM : ping
5/9/2021 12:51:51 AM : ping
5/9/2021 12:51:52 AM : ping
5/9/2021 12:51:52 AM : ping
5/9/2021 12:51:52 AM : ping
5/9/2021 12:51:54 AM : ping
5/9/2021 12:51:54 AM : ping
5/9/2021 12:51:54 AM : ping
5/9/2021 12:51:54 AM : launch server at port: 7005
5/9/2021 12:51:55 AM : ping
5/9/2021 12:51:55 AM : ping
5/9/2021 12:51:55 AM : ping
5/9/2021 12:51:56 AM : ping
5/9/2021 12:51:56 AM : ping
5/9/2021 12:51:56 AM : ping
5/9/2021 12:51:57 AM : ping
5/9/2021 12:51:57 AM : ping
5/9/2021 12:51:57 AM : ping
5/9/2021 12:51:58 AM : ping
5/9/2021 12:51:58 AM : ping
5/9/2021 12:51:58 AM : ping
5/9/2021 12:51:59 AM : ping
5/9/2021 12:51:59 AM : ping
5/9/2021 12:51:59 AM : ping
5/9/2021 12:52:00 AM : launch server at port: 7006
5/9/2021 12:52:00 AM : ping
5/9/2021 12:52:00 AM : ping
5/9/2021 12:52:00 AM : ping
5/9/2021 12:52:01 AM : launch server at port: 7007
5/9/2021 12:52:01 AM : ping
5/9/2021 12:52:01 AM : ping
5/9/2021 12:52:01 AM : ping
5/9/2021 12:52:02 AM : ping
5/9/2021 12:52:02 AM : ping
5/9/2021 12:52:02 AM : ping
5/9/2021 12:52:04 AM : ping
5/9/2021 12:52:04 AM : ping
5/9/2021 12:52:04 AM : ping
5/9/2021 12:52:05 AM : ping
5/9/2021 12:52:05 AM : ping
5/9/2021 12:52:05 AM : ping
5/9/2021 12:52:06 AM : ping
5/9/2021 12:52:06 AM : ping
5/9/2021 12:52:06 AM : ping
5/9/2021 12:52:07 AM : ping
5/9/2021 12:52:07 AM : ping
5/9/2021 12:52:07 AM : ping
5/9/2021 12:52:08 AM : ~KChannel()
5/9/2021 12:52:08 AM : ~KChannel()
5/9/2021 12:52:08 AM : ~KChannel()
5/9/2021 12:52:08 AM : ~KChannel()
5/9/2021 12:52:08 AM : ~KChannel()
5/9/2021 12:52:08 AM : ~KChannel()
5/9/2021 12:52:08 AM : ~KChannel()
5/9/2021 12:52:08 AM : ~KChannel()
5/9/2021 12:52:08 AM : ~KChannel()
5/9/2021 12:52:08 AM : ~KChannel()
5/9/2021 12:52:08 AM : ~KChannel()
5/9/2021 12:52:08 AM : ~KChannel()
5/9/2021 12:52:08 AM : ~KChannel()
5/9/2021 12:52:08 AM : ~KChannel()
5/9/2021 12:52:08 AM : ~KChannel()
5/9/2021 12:52:08 AM : ~KChannel()
5/9/2021 12:52:08 AM : ~KChannel()
5/9/2021 12:52:08 AM : ~KChannel()
5/9/2021 12:52:08 AM : ~KChannel()
5/9/2021 12:52:08 AM : ~KChannel()
5/9/2021 12:52:08 AM : ~KChannel()
5/9/2021 12:52:08 AM : ~KChannel()
5/9/2021 12:52:08 AM : ~KChannel()
5/9/2021 12:52:08 AM : ~KChannel()
5/9/2021 12:52:08 AM : ~KChannel()
5/9/2021 12:52:08 AM : ~KChannel()
5/9/2021 12:52:08 AM : ~KChannel()
5/9/2021 12:52:08 AM : ~KChannel()
5/9/2021 12:52:08 AM : ~KChannel()
5/9/2021 12:52:08 AM : ~KChannel()
5/9/2021 12:52:08 AM : ~KChannel()
5/9/2021 12:52:08 AM : ~KChannel()
5/9/2021 12:52:08 AM : ~KChannel()
5/9/2021 12:52:08 AM : ~KChannel()
5/9/2021 12:52:08 AM : ~KChannel()
5/9/2021 12:52:08 AM : ~KChannel()
5/9/2021 12:52:08 AM : ~KChannel()
5/9/2021 12:52:08 AM : ~KChannel()
5/9/2021 12:52:08 AM : ~KChannel()
5/9/2021 12:52:08 AM : ~KChannel()
5/9/2021 12:52:08 AM : ~KChannel()
5/9/2021 12:52:08 AM : ~KChannel()
5/9/2021 12:52:08 AM : ~KChannel()
5/9/2021 12:52:08 AM : ~KChannel()
5/9/2021 12:52:08 AM : ~KChannel()
5/9/2021 12:52:08 AM : ~KChannel()
5/9/2021 12:52:08 AM : ~KChannel()
5/9/2021 12:52:08 AM : ~KChannel()
5/9/2021 12:52:08 AM : ~KChannel()
5/9/2021 12:52:08 AM : ~KChannel()
5/9/2021 12:52:08 AM : ~KChannel()
5/9/2021 12:52:08 AM : ~KChannel()
5/9/2021 12:52:08 AM : ~KChannel()
5/9/2021 12:52:08 AM : ~KChannel()
5/9/2021 12:52:08 AM : ~KChannel()
5/9/2021 12:52:08 AM : ~KChannel()
5/9/2021 12:52:08 AM : ~KChannel()
5/9/2021 12:52:08 AM : ~KChannel()
5/9/2021 12:52:08 AM : ~KChannel()
5/9/2021 12:52:08 AM : ~KChannel()
5/9/2021 12:52:08 AM : ~KChannel()
5/9/2021 12:52:08 AM : ~KChannel()
5/9/2021 12:52:08 AM : ~KChannel()
5/9/2021 12:52:08 AM : ~KChannel()
5/9/2021 12:52:08 AM : ~KChannel()
5/9/2021 12:52:08 AM : ~KChannel()
5/9/2021 12:52:08 AM : ~KChannel()
5/9/2021 12:52:08 AM : ~KChannel()
5/9/2021 12:52:08 AM : ~KChannel()
5/9/2021 12:52:08 AM : ~KChannel()
5/9/2021 12:52:08 AM : ~KChannel()
5/9/2021 12:52:08 AM : ~KChannel()
5/9/2021 12:52:08 AM : launch server at port: 7008
5/9/2021 12:52:08 AM : ping
5/9/2021 12:52:08 AM : ping
5/9/2021 12:52:08 AM : ping
5/9/2021 12:52:09 AM : launch server at port: 7009
5/9/2021 12:52:09 AM : ping
5/9/2021 12:52:09 AM : ping
5/9/2021 12:52:09 AM : ping
5/9/2021 12:52:10 AM : ping
5/9/2021 12:52:10 AM : ping
5/9/2021 12:52:10 AM : ping
5/9/2021 12:52:11 AM : ping
5/9/2021 12:52:11 AM : ping
5/9/2021 12:52:11 AM : ping
5/9/2021 12:52:12 AM : ping
5/9/2021 12:52:12 AM : ping
5/9/2021 12:52:12 AM : ping
5/9/2021 12:52:14 AM : ping
5/9/2021 12:52:14 AM : ping
5/9/2021 12:52:14 AM : ping
5/9/2021 12:52:14 AM : launch server at port: 7010
5/9/2021 12:52:14 AM : launch server at port: 7011
5/9/2021 12:52:15 AM : ping
5/9/2021 12:52:15 AM : ping
5/9/2021 12:52:15 AM : ping
5/9/2021 12:52:16 AM : ping
5/9/2021 12:52:16 AM : ping
5/9/2021 12:52:16 AM : ping
5/9/2021 12:52:17 AM : ping
5/9/2021 12:52:17 AM : ping
5/9/2021 12:52:17 AM : ping
5/9/2021 12:52:18 AM : ping
5/9/2021 12:52:18 AM : ping
5/9/2021 12:52:18 AM : ping
5/9/2021 12:52:19 AM : ping
5/9/2021 12:52:19 AM : ping
5/9/2021 12:52:19 AM : ping
5/9/2021 12:52:20 AM : ping
5/9/2021 12:52:20 AM : ping
5/9/2021 12:52:20 AM : ping
5/9/2021 12:52:21 AM : ping
5/9/2021 12:52:21 AM : ping
5/9/2021 12:52:21 AM : ping
5/9/2021 12:52:22 AM : ping
5/9/2021 12:52:22 AM : ping
5/9/2021 12:52:22 AM : ping
5/9/2021 12:52:24 AM : ping
5/9/2021 12:52:24 AM : ping
5/9/2021 12:52:24 AM : ping
5/9/2021 12:52:25 AM : ping
5/9/2021 12:52:25 AM : ping
5/9/2021 12:52:25 AM : ping
5/9/2021 12:52:26 AM : ping
5/9/2021 12:52:26 AM : ping
5/9/2021 12:52:26 AM : ping
5/9/2021 12:52:27 AM : ping
5/9/2021 12:52:27 AM : ping
5/9/2021 12:52:27 AM : ping
5/9/2021 12:52:28 AM : ping
5/9/2021 12:52:28 AM : ping
5/9/2021 12:52:28 AM : ping
5/9/2021 12:52:29 AM : ping
5/9/2021 12:52:29 AM : ping
5/9/2021 12:52:29 AM : ping
5/9/2021 12:52:30 AM : ping
5/9/2021 12:52:30 AM : ping
5/9/2021 12:52:30 AM : ping
5/9/2021 12:52:31 AM : ping
5/9/2021 12:52:31 AM : ping
5/9/2021 12:52:31 AM : ping
5/9/2021 12:52:32 AM : ping
5/9/2021 12:52:32 AM : ping
5/9/2021 12:52:32 AM : ping
5/9/2021 12:52:34 AM : ping
5/9/2021 12:52:34 AM : ping
5/9/2021 12:52:34 AM : ping
5/9/2021 12:52:35 AM : ping
5/9/2021 12:52:35 AM : ping
5/9/2021 12:52:35 AM : ping
5/9/2021 12:52:36 AM : ping
5/9/2021 12:52:36 AM : ping
5/9/2021 12:52:36 AM : ping
5/9/2021 12:52:37 AM : ping
5/9/2021 12:52:37 AM : ping
5/9/2021 12:52:37 AM : ping
5/9/2021 12:52:38 AM : ping
5/9/2021 12:52:38 AM : ping
5/9/2021 12:52:38 AM : ping
5/9/2021 12:52:39 AM : ping
5/9/2021 12:52:39 AM : ping
5/9/2021 12:52:39 AM : ping
5/9/2021 12:52:40 AM : ping
5/9/2021 12:52:40 AM : ping
5/9/2021 12:52:40 AM : ping
5/9/2021 12:52:41 AM : ping
5/9/2021 12:52:41 AM : ping
5/9/2021 12:52:41 AM : ping
5/9/2021 12:52:42 AM : ping
5/9/2021 12:52:42 AM : ping
5/9/2021 12:52:42 AM : ping
5/9/2021 12:52:43 AM : ping
5/9/2021 12:52:43 AM : ping
5/9/2021 12:52:43 AM : ping
5/9/2021 12:52:45 AM : ping
5/9/2021 12:52:45 AM : ping
5/9/2021 12:52:45 AM : ping
5/9/2021 12:52:46 AM : ping
5/9/2021 12:52:46 AM : ping
5/9/2021 12:52:46 AM : ping
5/9/2021 12:52:47 AM : ping
5/9/2021 12:52:47 AM : ping
5/9/2021 12:52:47 AM : ping
5/9/2021 12:52:48 AM : ping
5/9/2021 12:52:48 AM : ping
5/9/2021 12:52:48 AM : ping
5/9/2021 12:52:49 AM : ping
5/9/2021 12:52:49 AM : ping
5/9/2021 12:52:49 AM : ping
5/9/2021 12:52:50 AM : ping
5/9/2021 12:52:50 AM : ping
5/9/2021 12:52:50 AM : ping
5/9/2021 12:52:51 AM : ping
5/9/2021 12:52:51 AM : ping
5/9/2021 12:52:51 AM : ping
5/9/2021 12:52:52 AM : ping
5/9/2021 12:52:52 AM : ping
5/9/2021 12:52:52 AM : ping
5/9/2021 12:52:53 AM : ping
5/9/2021 12:52:53 AM : ping
5/9/2021 12:52:53 AM : ping
5/9/2021 12:52:55 AM : ping
5/9/2021 12:52:55 AM : ping
5/9/2021 12:52:55 AM : ping
5/9/2021 12:52:56 AM : ping
5/9/2021 12:52:56 AM : ping
5/9/2021 12:52:56 AM : ping
5/9/2021 12:52:57 AM : ping
5/9/2021 12:52:57 AM : ping
5/9/2021 12:52:57 AM : ping
5/9/2021 12:52:58 AM : ping
5/9/2021 12:52:58 AM : ping
5/9/2021 12:52:58 AM : ping
5/9/2021 12:52:59 AM : ping
5/9/2021 12:52:59 AM : ping
5/9/2021 12:52:59 AM : ping
5/9/2021 12:53:00 AM : ping
5/9/2021 12:53:00 AM : ping
5/9/2021 12:53:00 AM : ping
5/9/2021 12:53:01 AM : ping
5/9/2021 12:53:01 AM : ping
5/9/2021 12:53:01 AM : ping
5/9/2021 12:53:02 AM : ping
5/9/2021 12:53:02 AM : ping
5/9/2021 12:53:02 AM : ping
5/9/2021 12:53:03 AM : ping
5/9/2021 12:53:03 AM : ping
5/9/2021 12:53:03 AM : ping
5/9/2021 12:53:05 AM : ping
5/9/2021 12:53:05 AM : ping
5/9/2021 12:53:05 AM : ping
5/9/2021 12:53:06 AM : ping
5/9/2021 12:53:06 AM : ping
5/9/2021 12:53:06 AM : ping
5/9/2021 12:53:07 AM : ping
5/9/2021 12:53:07 AM : ping
5/9/2021 12:53:07 AM : ping
5/9/2021 12:53:08 AM : ping
5/9/2021 12:53:08 AM : ping
5/9/2021 12:53:08 AM : ping
5/9/2021 12:53:09 AM : launch server at port: 7012
5/9/2021 12:53:09 AM : ping
5/9/2021 12:53:09 AM : ping
5/9/2021 12:53:09 AM : ping
5/9/2021 12:53:10 AM : ping
5/9/2021 12:53:10 AM : ping
5/9/2021 12:53:10 AM : ping
5/9/2021 12:53:11 AM : launch server at port: 7013
5/9/2021 12:53:11 AM : ping
5/9/2021 12:53:11 AM : ping
5/9/2021 12:53:11 AM : ping
5/9/2021 12:53:12 AM : ping
5/9/2021 12:53:12 AM : ping
5/9/2021 12:53:12 AM : ping
5/9/2021 12:53:13 AM : ping
5/9/2021 12:53:13 AM : ping
5/9/2021 12:53:13 AM : ping
5/9/2021 12:53:14 AM : ping
5/9/2021 12:53:14 AM : ping
5/9/2021 12:53:14 AM : ping
5/9/2021 12:53:16 AM : ping
5/9/2021 12:53:16 AM : ping
5/9/2021 12:53:16 AM : ping
5/9/2021 12:53:16 AM : launch server at port: 7014
5/9/2021 12:53:17 AM : ping
5/9/2021 12:53:17 AM : ping
5/9/2021 12:53:17 AM : ping
5/9/2021 12:53:18 AM : ping
5/9/2021 12:53:18 AM : ping
5/9/2021 12:53:18 AM : ping
5/9/2021 12:53:19 AM : ping
5/9/2021 12:53:19 AM : ping
5/9/2021 12:53:19 AM : ping
5/9/2021 12:53:19 AM : launch server at port: 7015
5/9/2021 12:53:20 AM : ping
5/9/2021 12:53:20 AM : ping
5/9/2021 12:53:20 AM : ping
5/9/2021 12:53:21 AM : ping
5/9/2021 12:53:21 AM : ping
5/9/2021 12:53:21 AM : ping
5/9/2021 12:53:22 AM : ping
5/9/2021 12:53:22 AM : ping
5/9/2021 12:53:22 AM : ping
5/9/2021 12:53:23 AM : launch server at port: 7016
5/9/2021 12:53:23 AM : ping
5/9/2021 12:53:23 AM : ping
5/9/2021 12:53:23 AM : ping
5/9/2021 12:53:24 AM : ping
5/9/2021 12:53:24 AM : ping
5/9/2021 12:53:24 AM : ping
5/9/2021 12:53:26 AM : ping
5/9/2021 12:53:26 AM : ping
5/9/2021 12:53:26 AM : ping
5/9/2021 12:53:27 AM : ping
5/9/2021 12:53:27 AM : ping
5/9/2021 12:53:27 AM : ping
5/9/2021 12:53:28 AM : ping
5/9/2021 12:53:28 AM : ping
5/9/2021 12:53:28 AM : ping
5/9/2021 12:53:28 AM : launch server at port: 7017
5/9/2021 12:53:29 AM : ping
5/9/2021 12:53:29 AM : ping
5/9/2021 12:53:29 AM : ping
5/9/2021 12:53:30 AM : ping
5/9/2021 12:53:30 AM : ping
5/9/2021 12:53:30 AM : ping
5/9/2021 12:53:31 AM : ping
5/9/2021 12:53:31 AM : ping
5/9/2021 12:53:31 AM : ping
5/9/2021 12:53:31 AM : launch server at port: 7018
5/9/2021 12:53:32 AM : ping
5/9/2021 12:53:32 AM : ping
5/9/2021 12:53:32 AM : ping
5/9/2021 12:53:33 AM : ping
5/9/2021 12:53:33 AM : ping
5/9/2021 12:53:33 AM : ping
5/9/2021 12:53:34 AM : ping
5/9/2021 12:53:34 AM : ping
5/9/2021 12:53:34 AM : ping
5/9/2021 12:53:36 AM : ping
5/9/2021 12:53:36 AM : ping
5/9/2021 12:53:36 AM : ping
5/9/2021 12:53:37 AM : ping
5/9/2021 12:53:37 AM : ping
5/9/2021 12:53:37 AM : ping
5/9/2021 12:53:38 AM : ping
5/9/2021 12:53:38 AM : ping
5/9/2021 12:53:38 AM : ping
5/9/2021 12:53:39 AM : ping
5/9/2021 12:53:39 AM : ping
5/9/2021 12:53:39 AM : ping
5/9/2021 12:53:40 AM : ping
5/9/2021 12:53:40 AM : ping
5/9/2021 12:53:40 AM : ping
5/9/2021 12:53:41 AM : ping
5/9/2021 12:53:41 AM : ping
5/9/2021 12:53:41 AM : ping
5/9/2021 12:53:42 AM : ping
5/9/2021 12:53:42 AM : ping
5/9/2021 12:53:42 AM : ping
5/9/2021 12:53:43 AM : ping
5/9/2021 12:53:43 AM : ping
5/9/2021 12:53:43 AM : ping
5/9/2021 12:53:44 AM : ping
5/9/2021 12:53:44 AM : ping
5/9/2021 12:53:44 AM : ping
5/9/2021 12:53:45 AM : ping
5/9/2021 12:53:45 AM : ping
5/9/2021 12:53:45 AM : ping
5/9/2021 12:53:47 AM : ping
5/9/2021 12:53:47 AM : ping
5/9/2021 12:53:47 AM : ping
5/9/2021 12:53:48 AM : ping
5/9/2021 12:53:48 AM : ping
5/9/2021 12:53:48 AM : ping
5/9/2021 12:53:49 AM : ping
5/9/2021 12:53:49 AM : ping
5/9/2021 12:53:49 AM : ping
5/9/2021 12:53:50 AM : ping
5/9/2021 12:53:50 AM : ping
5/9/2021 12:53:50 AM : ping
5/9/2021 12:53:51 AM : ping
5/9/2021 12:53:51 AM : ping
5/9/2021 12:53:51 AM : ping
5/9/2021 12:53:52 AM : ping
5/9/2021 12:53:52 AM : ping
5/9/2021 12:53:52 AM : ping
5/9/2021 12:53:53 AM : ping
5/9/2021 12:53:53 AM : ping
5/9/2021 12:53:53 AM : ping
5/9/2021 12:53:54 AM : ping
5/9/2021 12:53:54 AM : ping
5/9/2021 12:53:54 AM : ping
5/9/2021 12:53:55 AM : ping
5/9/2021 12:53:55 AM : ping
5/9/2021 12:53:55 AM : ping
5/9/2021 12:53:57 AM : ping
5/9/2021 12:53:57 AM : ping
5/9/2021 12:53:57 AM : ping
5/9/2021 12:53:58 AM : ping
5/9/2021 12:53:58 AM : ping
5/9/2021 12:53:58 AM : ping
5/9/2021 12:53:59 AM : ping
5/9/2021 12:53:59 AM : ping
5/9/2021 12:53:59 AM : ping
5/9/2021 12:54:00 AM : ping
5/9/2021 12:54:00 AM : ping
5/9/2021 12:54:00 AM : ping
5/9/2021 12:54:01 AM : ping
5/9/2021 12:54:01 AM : ping
5/9/2021 12:54:01 AM : ping
5/9/2021 12:54:02 AM : ping
5/9/2021 12:54:02 AM : ping
5/9/2021 12:54:02 AM : ping
5/9/2021 12:54:03 AM : ping
5/9/2021 12:54:03 AM : ping
5/9/2021 12:54:03 AM : ping
5/9/2021 12:54:04 AM : ping
5/9/2021 12:54:04 AM : ping
5/9/2021 12:54:04 AM : ping
5/9/2021 12:54:05 AM : ping
5/9/2021 12:54:05 AM : ping
5/9/2021 12:54:05 AM : ping
5/9/2021 12:54:06 AM : ping
5/9/2021 12:54:06 AM : ping
5/9/2021 12:54:07 AM : ping
5/9/2021 12:54:08 AM : ping
5/9/2021 12:54:08 AM : ping
5/9/2021 12:54:08 AM : ping
5/9/2021 12:54:09 AM : ping
5/9/2021 12:54:09 AM : ping
5/9/2021 12:54:09 AM : ping
5/9/2021 12:54:10 AM : ping
5/9/2021 12:54:10 AM : ping
5/9/2021 12:54:10 AM : ping
5/9/2021 12:54:11 AM : ping
5/9/2021 12:54:11 AM : ping
5/9/2021 12:54:11 AM : ping
5/9/2021 12:54:12 AM : ping
5/9/2021 12:54:12 AM : ping
5/9/2021 12:54:12 AM : ping
5/9/2021 12:54:13 AM : ping
5/9/2021 12:54:13 AM : ping
5/9/2021 12:54:13 AM : ping
5/9/2021 12:54:14 AM : ping
5/9/2021 12:54:14 AM : ping
5/9/2021 12:54:14 AM : ping
5/9/2021 12:54:15 AM : ping
5/9/2021 12:54:15 AM : ping
5/9/2021 12:54:15 AM : ping
5/9/2021 12:54:16 AM : ping
5/9/2021 12:54:16 AM : ping
5/9/2021 12:54:16 AM : ping
5/9/2021 12:54:18 AM : ping
5/9/2021 12:54:18 AM : ping
5/9/2021 12:54:18 AM : ping
5/9/2021 12:54:19 AM : ping
5/9/2021 12:54:19 AM : ping
5/9/2021 12:54:19 AM : ping
5/9/2021 12:54:20 AM : ping
5/9/2021 12:54:20 AM : ping
5/9/2021 12:54:20 AM : ping
5/9/2021 12:54:21 AM : ping
5/9/2021 12:54:21 AM : ping
5/9/2021 12:54:21 AM : ping
5/9/2021 12:54:22 AM : ping
5/9/2021 12:54:22 AM : ping
5/9/2021 12:54:22 AM : ping
5/9/2021 12:54:23 AM : ping
5/9/2021 12:54:23 AM : ping
5/9/2021 12:54:23 AM : ping
5/9/2021 12:54:24 AM : ping
5/9/2021 12:54:24 AM : ping
5/9/2021 12:54:24 AM : ping
5/9/2021 12:54:25 AM : ping
5/9/2021 12:54:25 AM : ping
5/9/2021 12:54:25 AM : ping
5/9/2021 12:54:26 AM : ping
5/9/2021 12:54:26 AM : ping
5/9/2021 12:54:26 AM : ping
5/9/2021 12:54:27 AM : ping
5/9/2021 12:54:27 AM : ping
5/9/2021 12:54:27 AM : ping
5/9/2021 12:54:29 AM : ping
5/9/2021 12:54:29 AM : ping
5/9/2021 12:54:29 AM : ping
5/9/2021 12:54:30 AM : ping
5/9/2021 12:54:30 AM : ping
5/9/2021 12:54:30 AM : ping
5/9/2021 12:54:31 AM : ping
5/9/2021 12:54:31 AM : ping
5/9/2021 12:54:31 AM : ping
5/9/2021 12:54:32 AM : ping
5/9/2021 12:54:32 AM : ping
5/9/2021 12:54:32 AM : ping
5/9/2021 12:54:33 AM : ping
5/9/2021 12:54:33 AM : ping
5/9/2021 12:54:33 AM : ping
5/9/2021 12:54:34 AM : ping
5/9/2021 12:54:34 AM : ping
5/9/2021 12:54:34 AM : ping
5/9/2021 12:54:35 AM : ping
5/9/2021 12:54:35 AM : ping
5/9/2021 12:54:35 AM : ping
5/9/2021 12:54:36 AM : ping
5/9/2021 12:54:36 AM : ping
5/9/2021 12:54:36 AM : ping
5/9/2021 12:54:37 AM : ping
5/9/2021 12:54:37 AM : ping
5/9/2021 12:54:37 AM : ping
5/9/2021 12:54:39 AM : ping
5/9/2021 12:54:39 AM : ping
5/9/2021 12:54:39 AM : ping
5/9/2021 12:54:40 AM : ping
5/9/2021 12:54:40 AM : ping
5/9/2021 12:54:40 AM : ping
5/9/2021 12:54:41 AM : ping
5/9/2021 12:54:41 AM : ping
5/9/2021 12:54:41 AM : ping
5/9/2021 12:54:42 AM : ping
5/9/2021 12:54:42 AM : ping
5/9/2021 12:54:42 AM : ping
5/9/2021 12:54:43 AM : ping
5/9/2021 12:54:43 AM : ping
5/9/2021 12:54:43 AM : ping
5/9/2021 12:54:44 AM : ping
5/9/2021 12:54:44 AM : ping
5/9/2021 12:54:44 AM : ping
5/9/2021 12:54:45 AM : ping
5/9/2021 12:54:45 AM : ping
5/9/2021 12:54:45 AM : ping
5/9/2021 12:54:46 AM : ping
5/9/2021 12:54:46 AM : ping
5/9/2021 12:54:46 AM : ping
5/9/2021 12:54:47 AM : ping
5/9/2021 12:54:47 AM : ping
5/9/2021 12:54:47 AM : ping
5/9/2021 12:54:48 AM : ping
5/9/2021 12:54:48 AM : ping
5/9/2021 12:54:49 AM : ping
5/9/2021 12:54:50 AM : ping
5/9/2021 12:54:50 AM : ping
5/9/2021 12:54:50 AM : ping
5/9/2021 12:54:51 AM : ping
5/9/2021 12:54:51 AM : ping
5/9/2021 12:54:51 AM : ping
5/9/2021 12:54:52 AM : ping
5/9/2021 12:54:52 AM : ping
5/9/2021 12:54:52 AM : ping
5/9/2021 12:54:53 AM : ping
5/9/2021 12:54:53 AM : ping
5/9/2021 12:54:53 AM : ping
5/9/2021 12:54:54 AM : ping
5/9/2021 12:54:54 AM : ping
5/9/2021 12:54:54 AM : ping
5/9/2021 12:54:55 AM : ping
5/9/2021 12:54:55 AM : ping
5/9/2021 12:54:55 AM : ping
5/9/2021 12:54:56 AM : ping
5/9/2021 12:54:56 AM : ping
5/9/2021 12:54:56 AM : ping
5/9/2021 12:54:57 AM : ping
5/9/2021 12:54:57 AM : ping
5/9/2021 12:54:57 AM : ping
5/9/2021 12:54:58 AM : ping
5/9/2021 12:54:58 AM : ping
5/9/2021 12:54:58 AM : ping
5/9/2021 12:55:00 AM : ping
5/9/2021 12:55:00 AM : ping
5/9/2021 12:55:00 AM : ping
5/9/2021 12:55:01 AM : ping
5/9/2021 12:55:01 AM : ping
5/9/2021 12:55:01 AM : ping
5/9/2021 12:55:02 AM : ping
5/9/2021 12:55:02 AM : ping
5/9/2021 12:55:02 AM : ping
5/9/2021 12:55:03 AM : ping
5/9/2021 12:55:03 AM : ping
5/9/2021 12:55:03 AM : ping
5/9/2021 12:55:04 AM : ping
5/9/2021 12:55:04 AM : ping
5/9/2021 12:55:04 AM : ping
5/9/2021 12:55:05 AM : ping
5/9/2021 12:55:05 AM : ping
5/9/2021 12:55:05 AM : ping
5/9/2021 12:55:06 AM : ping
5/9/2021 12:55:06 AM : ping
5/9/2021 12:55:06 AM : ping
5/9/2021 12:55:07 AM : ping
5/9/2021 12:55:07 AM : ping
5/9/2021 12:55:07 AM : ping
5/9/2021 12:55:08 AM : ping
5/9/2021 12:55:08 AM : ping
5/9/2021 12:55:08 AM : ping
5/9/2021 12:55:10 AM : ping
5/9/2021 12:55:10 AM : ping
5/9/2021 12:55:10 AM : ping
5/9/2021 12:55:11 AM : ping
5/9/2021 12:55:11 AM : ping
5/9/2021 12:55:11 AM : ping
5/9/2021 12:55:12 AM : ping
5/9/2021 12:55:12 AM : ping
5/9/2021 12:55:12 AM : ping
5/9/2021 12:55:13 AM : ping
5/9/2021 12:55:13 AM : ping
5/9/2021 12:55:13 AM : ping
5/9/2021 12:55:14 AM : ping
5/9/2021 12:55:14 AM : ping
5/9/2021 12:55:14 AM : ping
5/9/2021 12:55:15 AM : ping
5/9/2021 12:55:15 AM : ping
5/9/2021 12:55:15 AM : ping
5/9/2021 12:55:16 AM : ping
5/9/2021 12:55:16 AM : ping
5/9/2021 12:55:16 AM : ping
5/9/2021 12:55:17 AM : ping
5/9/2021 12:55:17 AM : ping
5/9/2021 12:55:17 AM : ping
5/9/2021 12:55:18 AM : ping
5/9/2021 12:55:18 AM : ping
5/9/2021 12:55:18 AM : ping
5/9/2021 12:55:19 AM : ping
5/9/2021 12:55:19 AM : ping
5/9/2021 12:55:19 AM : ping
5/9/2021 12:55:21 AM : ping
5/9/2021 12:55:21 AM : ping
5/9/2021 12:55:21 AM : ping
5/9/2021 12:55:22 AM : ping
5/9/2021 12:55:22 AM : ping
5/9/2021 12:55:22 AM : ping
5/9/2021 12:55:23 AM : ping
5/9/2021 12:55:23 AM : ping
5/9/2021 12:55:23 AM : ping
5/9/2021 12:55:24 AM : ping
5/9/2021 12:55:24 AM : ping
5/9/2021 12:55:24 AM : ping
5/9/2021 12:55:25 AM : ping
5/9/2021 12:55:25 AM : ping
5/9/2021 12:55:25 AM : ping
5/9/2021 12:55:26 AM : ping
5/9/2021 12:55:26 AM : ping
5/9/2021 12:55:26 AM : ping
5/9/2021 12:55:27 AM : ping
5/9/2021 12:55:27 AM : ping
5/9/2021 12:55:27 AM : ping
5/9/2021 12:55:28 AM : ping
5/9/2021 12:55:28 AM : ping
5/9/2021 12:55:28 AM : ping
5/9/2021 12:55:29 AM : ping
5/9/2021 12:55:29 AM : ping
5/9/2021 12:55:29 AM : ping
5/9/2021 12:55:31 AM : ping
5/9/2021 12:55:31 AM : ping
5/9/2021 12:55:31 AM : ping
5/9/2021 12:55:32 AM : ping
5/9/2021 12:55:32 AM : ping
5/9/2021 12:55:32 AM : ping
5/9/2021 12:55:33 AM : ping
5/9/2021 12:55:33 AM : ping
5/9/2021 12:55:33 AM : ping
5/9/2021 12:55:34 AM : ping
5/9/2021 12:55:34 AM : ping
5/9/2021 12:55:34 AM : ping
5/9/2021 12:55:35 AM : ping
5/9/2021 12:55:35 AM : ping
5/9/2021 12:55:35 AM : ping
5/9/2021 12:55:36 AM : ping
5/9/2021 12:55:36 AM : ping
5/9/2021 12:55:36 AM : ping
5/9/2021 12:55:37 AM : ping
5/9/2021 12:55:37 AM : ping
5/9/2021 12:55:37 AM : ping
5/9/2021 12:55:38 AM : ping
5/9/2021 12:55:38 AM : ping
5/9/2021 12:55:38 AM : ping
5/9/2021 12:55:39 AM : ping
5/9/2021 12:55:39 AM : ping
5/9/2021 12:55:39 AM : ping
5/9/2021 12:55:41 AM : ping
5/9/2021 12:55:41 AM : ping
5/9/2021 12:55:41 AM : ping
5/9/2021 12:55:42 AM : ping
5/9/2021 12:55:42 AM : ping
5/9/2021 12:55:42 AM : ping
5/9/2021 12:55:43 AM : ping
5/9/2021 12:55:43 AM : ping
5/9/2021 12:55:43 AM : ping
5/9/2021 12:55:44 AM : ping
5/9/2021 12:55:44 AM : ping
5/9/2021 12:55:44 AM : ping
5/9/2021 12:55:45 AM : ping
5/9/2021 12:55:45 AM : ping
5/9/2021 12:55:45 AM : ping
5/9/2021 12:55:46 AM : ping
5/9/2021 12:55:46 AM : ping
5/9/2021 12:55:46 AM : ping
5/9/2021 12:55:47 AM : ping
5/9/2021 12:55:47 AM : ping
5/9/2021 12:55:47 AM : ping
5/9/2021 12:55:48 AM : ping
5/9/2021 12:55:48 AM : ping
5/9/2021 12:55:48 AM : ping
5/9/2021 12:55:49 AM : ping
5/9/2021 12:55:49 AM : ping
5/9/2021 12:55:49 AM : ping
5/9/2021 12:55:50 AM : ping
5/9/2021 12:55:50 AM : ping
5/9/2021 12:55:50 AM : ping
5/9/2021 12:55:52 AM : ping
5/9/2021 12:55:52 AM : ping
5/9/2021 12:55:52 AM : ping
5/9/2021 12:55:53 AM : ping
5/9/2021 12:55:53 AM : ping
5/9/2021 12:55:53 AM : ping
5/9/2021 12:55:54 AM : ping
5/9/2021 12:55:54 AM : ping
5/9/2021 12:55:54 AM : ping
5/9/2021 12:55:55 AM : ping
5/9/2021 12:55:55 AM : ping
5/9/2021 12:55:55 AM : ping
5/9/2021 12:55:56 AM : ping
5/9/2021 12:55:56 AM : ping
5/9/2021 12:55:56 AM : ping
5/9/2021 12:55:57 AM : ping
5/9/2021 12:55:57 AM : ping
5/9/2021 12:55:57 AM : ping
5/9/2021 12:55:58 AM : ping
5/9/2021 12:55:58 AM : ping
5/9/2021 12:55:58 AM : ping
5/9/2021 12:55:59 AM : ping
5/9/2021 12:55:59 AM : ping
5/9/2021 12:55:59 AM : ping
5/9/2021 12:56:00 AM : ping
5/9/2021 12:56:00 AM : ping
5/9/2021 12:56:00 AM : ping
5/9/2021 12:56:02 AM : ping
5/9/2021 12:56:02 AM : ping
5/9/2021 12:56:02 AM : ping
5/9/2021 12:56:03 AM : ping
5/9/2021 12:56:03 AM : ping
5/9/2021 12:56:03 AM : ping
5/9/2021 12:56:04 AM : ping
5/9/2021 12:56:04 AM : ping
5/9/2021 12:56:04 AM : ping
5/9/2021 12:56:05 AM : ping
5/9/2021 12:56:05 AM : ping
5/9/2021 12:56:05 AM : ping
5/9/2021 12:56:06 AM : ping
5/9/2021 12:56:06 AM : ping
5/9/2021 12:56:06 AM : ping
5/9/2021 12:56:07 AM : ping
5/9/2021 12:56:07 AM : ping
5/9/2021 12:56:07 AM : ping
5/9/2021 12:56:08 AM : launch server at port: 7019
5/9/2021 12:56:08 AM : ping
5/9/2021 12:56:08 AM : ping
5/9/2021 12:56:08 AM : ping
5/9/2021 12:56:09 AM : ping
5/9/2021 12:56:09 AM : ping
5/9/2021 12:56:09 AM : ping
5/9/2021 12:56:10 AM : ping
5/9/2021 12:56:10 AM : ping
5/9/2021 12:56:10 AM : ping
5/9/2021 12:56:11 AM : ping
5/9/2021 12:56:11 AM : ping
5/9/2021 12:56:12 AM : ping
5/9/2021 12:56:13 AM : ping
5/9/2021 12:56:13 AM : ping
5/9/2021 12:56:13 AM : ping
5/9/2021 12:56:14 AM : ping
5/9/2021 12:56:14 AM : ping
5/9/2021 12:56:14 AM : ping
5/9/2021 12:56:15 AM : ping
5/9/2021 12:56:15 AM : ping
5/9/2021 12:56:15 AM : ping
5/9/2021 12:56:16 AM : ping
5/9/2021 12:56:16 AM : ping
5/9/2021 12:56:16 AM : ping
5/9/2021 12:56:17 AM : ping
5/9/2021 12:56:17 AM : ping
5/9/2021 12:56:17 AM : ping
5/9/2021 12:56:18 AM : ping
5/9/2021 12:56:18 AM : ping
5/9/2021 12:56:18 AM : ping
5/9/2021 12:56:19 AM : ping
5/9/2021 12:56:19 AM : ping
5/9/2021 12:56:19 AM : ping
5/9/2021 12:56:20 AM : ping
5/9/2021 12:56:20 AM : ping
5/9/2021 12:56:20 AM : ping
5/9/2021 12:56:21 AM : ping
5/9/2021 12:56:21 AM : ping
5/9/2021 12:56:21 AM : ping
5/9/2021 12:56:23 AM : ping
5/9/2021 12:56:23 AM : ping
5/9/2021 12:56:23 AM : ping
5/9/2021 12:56:24 AM : ping
5/9/2021 12:56:24 AM : ping
5/9/2021 12:56:24 AM : ping
5/9/2021 12:56:25 AM : ping
5/9/2021 12:56:25 AM : ping
5/9/2021 12:56:25 AM : ping
5/9/2021 12:56:26 AM : ping
5/9/2021 12:56:26 AM : ping
5/9/2021 12:56:26 AM : ping
5/9/2021 12:56:27 AM : ping
5/9/2021 12:56:27 AM : ping
5/9/2021 12:56:27 AM : ping
5/9/2021 12:56:28 AM : ping
5/9/2021 12:56:28 AM : ping
5/9/2021 12:56:28 AM : ping
5/9/2021 12:56:29 AM : ping
5/9/2021 12:56:29 AM : ping
5/9/2021 12:56:29 AM : ping
5/9/2021 12:56:30 AM : ping
5/9/2021 12:56:30 AM : ping
5/9/2021 12:56:30 AM : ping
5/9/2021 12:56:31 AM : ping
5/9/2021 12:56:31 AM : ping
5/9/2021 12:56:31 AM : ping
5/9/2021 12:56:33 AM : ping
5/9/2021 12:56:33 AM : ping
5/9/2021 12:56:33 AM : ping
5/9/2021 12:56:34 AM : ping
5/9/2021 12:56:34 AM : ping
5/9/2021 12:56:34 AM : ping
5/9/2021 12:56:35 AM : ping
5/9/2021 12:56:35 AM : ping
5/9/2021 12:56:35 AM : ping
5/9/2021 12:56:36 AM : ping
5/9/2021 12:56:36 AM : ping
5/9/2021 12:56:36 AM : ping
5/9/2021 12:56:37 AM : ping
5/9/2021 12:56:37 AM : ping
5/9/2021 12:56:37 AM : ping
5/9/2021 12:56:38 AM : ping
5/9/2021 12:56:38 AM : ping
5/9/2021 12:56:38 AM : ping
5/9/2021 12:56:39 AM : ping
5/9/2021 12:56:39 AM : ping
5/9/2021 12:56:39 AM : ping
5/9/2021 12:56:40 AM : ping
5/9/2021 12:56:40 AM : ping
5/9/2021 12:56:40 AM : ping
5/9/2021 12:56:41 AM : ping
5/9/2021 12:56:41 AM : ping
5/9/2021 12:56:41 AM : ping
5/9/2021 12:56:42 AM : ping
5/9/2021 12:56:42 AM : ping
5/9/2021 12:56:42 AM : ping
5/9/2021 12:56:44 AM : ping
5/9/2021 12:56:44 AM : ping
5/9/2021 12:56:44 AM : ping
5/9/2021 12:56:45 AM : ping
5/9/2021 12:56:45 AM : ping
5/9/2021 12:56:45 AM : ping
5/9/2021 12:56:46 AM : ping
5/9/2021 12:56:46 AM : ping
5/9/2021 12:56:46 AM : ping
5/9/2021 12:56:47 AM : ping
5/9/2021 12:56:47 AM : ping
5/9/2021 12:56:47 AM : ping
5/9/2021 12:56:48 AM : ping
5/9/2021 12:56:48 AM : ping
5/9/2021 12:56:48 AM : ping
5/9/2021 12:56:49 AM : ping
5/9/2021 12:56:49 AM : ping
5/9/2021 12:56:49 AM : ping
5/9/2021 12:56:50 AM : ping
5/9/2021 12:56:50 AM : ping
5/9/2021 12:56:50 AM : ping
5/9/2021 12:56:51 AM : ping
5/9/2021 12:56:51 AM : ping
5/9/2021 12:56:51 AM : ping
5/9/2021 12:56:52 AM : ping
5/9/2021 12:56:52 AM : ping
5/9/2021 12:56:52 AM : ping
5/9/2021 12:56:54 AM : ping
5/9/2021 12:56:54 AM : ping
5/9/2021 12:56:54 AM : ping
5/9/2021 12:56:55 AM : ping
5/9/2021 12:56:55 AM : ping
5/9/2021 12:56:55 AM : ping
5/9/2021 12:56:56 AM : ping
5/9/2021 12:56:56 AM : ping
5/9/2021 12:56:56 AM : ping
5/9/2021 12:56:57 AM : ping
5/9/2021 12:56:57 AM : ping
5/9/2021 12:56:57 AM : ping
5/9/2021 12:56:58 AM : ping
5/9/2021 12:56:58 AM : ping
5/9/2021 12:56:58 AM : ping
5/9/2021 12:56:59 AM : ping
5/9/2021 12:56:59 AM : ping
5/9/2021 12:56:59 AM : ping
5/9/2021 12:57:00 AM : ping
5/9/2021 12:57:00 AM : ping
5/9/2021 12:57:00 AM : ping
5/9/2021 12:57:01 AM : ping
5/9/2021 12:57:01 AM : ping
5/9/2021 12:57:01 AM : ping
5/9/2021 12:57:02 AM : ping
5/9/2021 12:57:02 AM : ping
5/9/2021 12:57:02 AM : ping
5/9/2021 12:57:04 AM : ping
5/9/2021 12:57:04 AM : ping
5/9/2021 12:57:04 AM : ping
5/9/2021 12:57:05 AM : ping
5/9/2021 12:57:05 AM : ping
5/9/2021 12:57:05 AM : ping
5/9/2021 12:57:06 AM : ping
5/9/2021 12:57:06 AM : ping
5/9/2021 12:57:06 AM : ping
5/9/2021 12:57:07 AM : ping
5/9/2021 12:57:07 AM : ping
5/9/2021 12:57:07 AM : ping
5/9/2021 12:57:08 AM : ping
5/9/2021 12:57:08 AM : ping
5/9/2021 12:57:08 AM : ping
5/9/2021 12:57:09 AM : ping
5/9/2021 12:57:09 AM : ping
5/9/2021 12:57:09 AM : ping
5/9/2021 12:57:10 AM : ping
5/9/2021 12:57:10 AM : ping
5/9/2021 12:57:10 AM : ping
5/9/2021 12:57:11 AM : ping
5/9/2021 12:57:11 AM : ping
5/9/2021 12:57:11 AM : ping
5/9/2021 12:57:12 AM : ping
5/9/2021 12:57:12 AM : ping
5/9/2021 12:57:12 AM : ping
5/9/2021 12:57:13 AM : ping
5/9/2021 12:57:13 AM : ping
5/9/2021 12:57:13 AM : ping
5/9/2021 12:57:15 AM : ping
5/9/2021 12:57:15 AM : ping
5/9/2021 12:57:15 AM : ping
5/9/2021 12:57:16 AM : ping
5/9/2021 12:57:16 AM : ping
5/9/2021 12:57:16 AM : ping
5/9/2021 12:57:17 AM : ping
5/9/2021 12:57:17 AM : ping
5/9/2021 12:57:17 AM : ping
5/9/2021 12:57:18 AM : ping
5/9/2021 12:57:18 AM : ping
5/9/2021 12:57:18 AM : ping
5/9/2021 12:57:19 AM : ping
5/9/2021 12:57:19 AM : ping
5/9/2021 12:57:19 AM : ping
5/9/2021 12:57:20 AM : ping
5/9/2021 12:57:20 AM : ping
5/9/2021 12:57:20 AM : ping
5/9/2021 12:57:21 AM : ping
5/9/2021 12:57:21 AM : ping
5/9/2021 12:57:21 AM : ping
5/9/2021 12:57:22 AM : ping
5/9/2021 12:57:22 AM : ping
5/9/2021 12:57:22 AM : ping
5/9/2021 12:57:23 AM : ping
5/9/2021 12:57:23 AM : ping
5/9/2021 12:57:23 AM : ping
5/9/2021 12:57:25 AM : ping
5/9/2021 12:57:25 AM : ping
5/9/2021 12:57:25 AM : ping
5/9/2021 12:57:26 AM : ping
5/9/2021 12:57:26 AM : ping
5/9/2021 12:57:26 AM : ping
5/9/2021 12:57:27 AM : ping
5/9/2021 12:57:27 AM : ping
5/9/2021 12:57:27 AM : ping
5/9/2021 12:57:28 AM : ping
5/9/2021 12:57:28 AM : ping
5/9/2021 12:57:28 AM : ping
5/9/2021 12:57:29 AM : ping
5/9/2021 12:57:29 AM : ping
5/9/2021 12:57:29 AM : ping
5/9/2021 12:57:30 AM : ping
5/9/2021 12:57:30 AM : ping
5/9/2021 12:57:30 AM : ping
5/9/2021 12:57:31 AM : ping
5/9/2021 12:57:31 AM : ping
5/9/2021 12:57:31 AM : ping
5/9/2021 12:57:32 AM : ping
5/9/2021 12:57:32 AM : ping
5/9/2021 12:57:32 AM : ping
5/9/2021 12:57:33 AM : ping
5/9/2021 12:57:33 AM : ping
5/9/2021 12:57:33 AM : ping
5/9/2021 12:57:35 AM : ping
5/9/2021 12:57:35 AM : ping
5/9/2021 12:57:35 AM : ping
5/9/2021 12:57:36 AM : ping
5/9/2021 12:57:36 AM : ping
5/9/2021 12:57:36 AM : ping
5/9/2021 12:57:37 AM : ping
5/9/2021 12:57:37 AM : ping
5/9/2021 12:57:37 AM : ping
5/9/2021 12:57:38 AM : ping
5/9/2021 12:57:38 AM : ping
5/9/2021 12:57:38 AM : ping
5/9/2021 12:57:39 AM : ping
5/9/2021 12:57:39 AM : ping
5/9/2021 12:57:39 AM : ping
5/9/2021 12:57:40 AM : ping
5/9/2021 12:57:40 AM : ping
5/9/2021 12:57:40 AM : ping
5/9/2021 12:57:41 AM : ping
5/9/2021 12:57:41 AM : ping
5/9/2021 12:57:41 AM : ping
5/9/2021 12:57:42 AM : ping
5/9/2021 12:57:42 AM : ping
5/9/2021 12:57:42 AM : ping
5/9/2021 12:57:43 AM : ping
5/9/2021 12:57:43 AM : ping
5/9/2021 12:57:43 AM : ping
5/9/2021 12:57:44 AM : ping
5/9/2021 12:57:44 AM : ping
5/9/2021 12:57:44 AM : ping
5/9/2021 12:57:46 AM : ping
5/9/2021 12:57:46 AM : ping
5/9/2021 12:57:46 AM : ping
5/9/2021 12:57:47 AM : ping
5/9/2021 12:57:47 AM : ping
5/9/2021 12:57:47 AM : ping
5/9/2021 12:57:48 AM : ping
5/9/2021 12:57:48 AM : ping
5/9/2021 12:57:48 AM : ping
5/9/2021 12:57:49 AM : ping
5/9/2021 12:57:49 AM : ping
5/9/2021 12:57:49 AM : ping
5/9/2021 12:57:50 AM : ping
5/9/2021 12:57:50 AM : ping
5/9/2021 12:57:50 AM : ping
5/9/2021 12:57:51 AM : ping
5/9/2021 12:57:51 AM : ping
5/9/2021 12:57:51 AM : ping
5/9/2021 12:57:52 AM : ping
5/9/2021 12:57:52 AM : ping
5/9/2021 12:57:52 AM : ping
5/9/2021 12:57:53 AM : ping
5/9/2021 12:57:53 AM : ping
5/9/2021 12:57:53 AM : ping
5/9/2021 12:57:54 AM : ping
5/9/2021 12:57:54 AM : ping
5/9/2021 12:57:54 AM : ping
5/9/2021 12:57:56 AM : ping
5/9/2021 12:57:56 AM : ping
5/9/2021 12:57:56 AM : ping
5/9/2021 12:57:57 AM : ping
5/9/2021 12:57:57 AM : ping
5/9/2021 12:57:57 AM : ping
5/9/2021 12:57:58 AM : ping
5/9/2021 12:57:58 AM : ping
5/9/2021 12:57:58 AM : ping
5/9/2021 12:57:59 AM : ping
5/9/2021 12:57:59 AM : ping
5/9/2021 12:57:59 AM : ping
5/9/2021 12:58:00 AM : ping
5/9/2021 12:58:00 AM : ping
5/9/2021 12:58:00 AM : ping
5/9/2021 12:58:01 AM : ping
5/9/2021 12:58:01 AM : ping
5/9/2021 12:58:01 AM : ping
5/9/2021 12:58:02 AM : ping
5/9/2021 12:58:02 AM : ping
5/9/2021 12:58:02 AM : ping
5/9/2021 12:58:03 AM : ping
5/9/2021 12:58:03 AM : ping
5/9/2021 12:58:03 AM : ping
5/9/2021 12:58:04 AM : ping
5/9/2021 12:58:04 AM : ping
5/9/2021 12:58:04 AM : ping
5/9/2021 12:58:05 AM : ping
5/9/2021 12:58:05 AM : ping
5/9/2021 12:58:06 AM : ping
5/9/2021 12:58:07 AM : ping
5/9/2021 12:58:07 AM : ping
5/9/2021 12:58:07 AM : ping
5/9/2021 12:58:08 AM : ping
5/9/2021 12:58:08 AM : ping
5/9/2021 12:58:08 AM : ping
5/9/2021 12:58:09 AM : ping
5/9/2021 12:58:09 AM : ping
5/9/2021 12:58:09 AM : ping
5/9/2021 12:58:10 AM : ping
5/9/2021 12:58:10 AM : ping
5/9/2021 12:58:10 AM : ping
5/9/2021 12:58:11 AM : ping
5/9/2021 12:58:11 AM : ping
5/9/2021 12:58:11 AM : ping
5/9/2021 12:58:12 AM : ping
5/9/2021 12:58:12 AM : ping
5/9/2021 12:58:12 AM : ping
5/9/2021 12:58:13 AM : ping
5/9/2021 12:58:13 AM : ping
5/9/2021 12:58:13 AM : ping
5/9/2021 12:58:14 AM : ping
5/9/2021 12:58:14 AM : ping
5/9/2021 12:58:14 AM : ping
5/9/2021 12:58:15 AM : ping
5/9/2021 12:58:15 AM : ping
5/9/2021 12:58:15 AM : ping
5/9/2021 12:58:17 AM : ping
5/9/2021 12:58:17 AM : ping
5/9/2021 12:58:17 AM : ping
5/9/2021 12:58:18 AM : ping
5/9/2021 12:58:18 AM : ping
5/9/2021 12:58:18 AM : ping
5/9/2021 12:58:19 AM : ping
5/9/2021 12:58:19 AM : ping
5/9/2021 12:58:19 AM : ping
5/9/2021 12:58:20 AM : ping
5/9/2021 12:58:20 AM : ping
5/9/2021 12:58:20 AM : ping
5/9/2021 12:58:21 AM : ping
5/9/2021 12:58:21 AM : ping
5/9/2021 12:58:21 AM : ping
5/9/2021 12:58:22 AM : ping
5/9/2021 12:58:22 AM : ping
5/9/2021 12:58:22 AM : ping
5/9/2021 12:58:23 AM : ping
5/9/2021 12:58:23 AM : ping
5/9/2021 12:58:23 AM : ping
5/9/2021 12:58:24 AM : ping
5/9/2021 12:58:24 AM : ping
5/9/2021 12:58:24 AM : ping
5/9/2021 12:58:25 AM : ping
5/9/2021 12:58:25 AM : ping
5/9/2021 12:58:25 AM : ping
5/9/2021 12:58:27 AM : ping
5/9/2021 12:58:27 AM : ping
5/9/2021 12:58:27 AM : ping
5/9/2021 12:58:28 AM : ping
5/9/2021 12:58:28 AM : ping
5/9/2021 12:58:28 AM : ping
5/9/2021 12:58:29 AM : ping
5/9/2021 12:58:29 AM : ping
5/9/2021 12:58:29 AM : ping
5/9/2021 12:58:30 AM : ping
5/9/2021 12:58:30 AM : ping
5/9/2021 12:58:30 AM : ping
5/9/2021 12:58:31 AM : ping
5/9/2021 12:58:31 AM : ping
5/9/2021 12:58:31 AM : ping
5/9/2021 12:58:32 AM : ping
5/9/2021 12:58:32 AM : ping
5/9/2021 12:58:32 AM : ping
5/9/2021 12:58:33 AM : ping
5/9/2021 12:58:33 AM : ping
5/9/2021 12:58:33 AM : ping
5/9/2021 12:58:34 AM : ping
5/9/2021 12:58:34 AM : ping
5/9/2021 12:58:34 AM : ping
5/9/2021 12:58:35 AM : ping
5/9/2021 12:58:35 AM : ping
5/9/2021 12:58:35 AM : ping
5/9/2021 12:58:36 AM : ping
5/9/2021 12:58:36 AM : ping
5/9/2021 12:58:37 AM : ping
5/9/2021 12:58:38 AM : ping
5/9/2021 12:58:38 AM : ping
5/9/2021 12:58:38 AM : ping
5/9/2021 12:58:39 AM : ping
5/9/2021 12:58:39 AM : ping
5/9/2021 12:58:39 AM : ping
5/9/2021 12:58:40 AM : ping
5/9/2021 12:58:40 AM : ping
5/9/2021 12:58:40 AM : ping
5/9/2021 12:58:41 AM : ping
5/9/2021 12:58:41 AM : ping
5/9/2021 12:58:41 AM : ping
5/9/2021 12:58:42 AM : ping
5/9/2021 12:58:42 AM : ping
5/9/2021 12:58:42 AM : ping
5/9/2021 12:58:43 AM : ping
5/9/2021 12:58:43 AM : ping
5/9/2021 12:58:43 AM : ping
5/9/2021 12:58:44 AM : ping
5/9/2021 12:58:44 AM : ping
5/9/2021 12:58:44 AM : ping
5/9/2021 12:58:45 AM : ping
5/9/2021 12:58:45 AM : ping
5/9/2021 12:58:45 AM : ping
5/9/2021 12:58:46 AM : ping
5/9/2021 12:58:46 AM : ping
5/9/2021 12:58:46 AM : ping
5/9/2021 12:58:48 AM : ping
5/9/2021 12:58:48 AM : ping
5/9/2021 12:58:48 AM : ping
5/9/2021 12:58:49 AM : ping
5/9/2021 12:58:49 AM : ping
5/9/2021 12:58:49 AM : ping
5/9/2021 12:58:50 AM : ping
5/9/2021 12:58:50 AM : ping
5/9/2021 12:58:50 AM : ping
5/9/2021 12:58:51 AM : ping
5/9/2021 12:58:51 AM : ping
5/9/2021 12:58:51 AM : ping
5/9/2021 12:58:52 AM : ping
5/9/2021 12:58:52 AM : ping
5/9/2021 12:58:52 AM : ping
5/9/2021 12:58:53 AM : ping
5/9/2021 12:58:53 AM : ping
5/9/2021 12:58:53 AM : ping
5/9/2021 12:58:54 AM : ping
5/9/2021 12:58:54 AM : ping
5/9/2021 12:58:54 AM : ping
5/9/2021 12:58:55 AM : ping
5/9/2021 12:58:55 AM : ping
5/9/2021 12:58:55 AM : ping
5/9/2021 12:58:56 AM : ping
5/9/2021 12:58:56 AM : ping
5/9/2021 12:58:56 AM : ping
5/9/2021 12:58:58 AM : ping
5/9/2021 12:58:58 AM : ping
5/9/2021 12:58:58 AM : ping
5/9/2021 12:58:59 AM : ping
5/9/2021 12:58:59 AM : ping
5/9/2021 12:58:59 AM : ping
5/9/2021 12:59:00 AM : ping
5/9/2021 12:59:00 AM : ping
5/9/2021 12:59:00 AM : ping
5/9/2021 12:59:01 AM : ping
5/9/2021 12:59:01 AM : ping
5/9/2021 12:59:01 AM : ping
5/9/2021 12:59:02 AM : ping
5/9/2021 12:59:02 AM : ping
5/9/2021 12:59:02 AM : ping
5/9/2021 12:59:03 AM : ping
5/9/2021 12:59:03 AM : ping
5/9/2021 12:59:03 AM : ping
5/9/2021 12:59:04 AM : ping
5/9/2021 12:59:04 AM : ping
5/9/2021 12:59:04 AM : ping
5/9/2021 12:59:05 AM : ping
5/9/2021 12:59:05 AM : ping
5/9/2021 12:59:05 AM : ping
5/9/2021 12:59:06 AM : ping
5/9/2021 12:59:06 AM : ping
5/9/2021 12:59:06 AM : ping
5/9/2021 12:59:07 AM : ping
5/9/2021 12:59:07 AM : ping
5/9/2021 12:59:08 AM : ping
5/9/2021 12:59:09 AM : ping
5/9/2021 12:59:09 AM : ping
5/9/2021 12:59:09 AM : ping
5/9/2021 12:59:10 AM : ping
5/9/2021 12:59:10 AM : ping
5/9/2021 12:59:10 AM : ping
5/9/2021 12:59:11 AM : ping
5/9/2021 12:59:11 AM : ping
5/9/2021 12:59:11 AM : ping
5/9/2021 12:59:12 AM : ping
5/9/2021 12:59:12 AM : ping
5/9/2021 12:59:12 AM : ping
5/9/2021 12:59:13 AM : ping
5/9/2021 12:59:13 AM : ping
5/9/2021 12:59:13 AM : ping
5/9/2021 12:59:14 AM : kService.requestChannels.Count :88
5/9/2021 12:59:14 AM : kService.requestChannels.Count :88
5/9/2021 12:59:14 AM : kService.requestChannels.Count :87
5/9/2021 12:59:14 AM : kService.requestChannels.Count :87
5/9/2021 12:59:14 AM : kService.requestChannels.Count :86
5/9/2021 12:59:14 AM : kService.requestChannels.Count :86
5/9/2021 12:59:14 AM : ping
5/9/2021 12:59:14 AM : ping
5/9/2021 12:59:14 AM : ping
5/9/2021 12:59:15 AM : kService.requestChannels.Count :85
5/9/2021 12:59:15 AM : kService.requestChannels.Count :85
5/9/2021 12:59:15 AM : kService.requestChannels.Count :84
5/9/2021 12:59:15 AM : kService.requestChannels.Count :84
5/9/2021 12:59:15 AM : kService.requestChannels.Count :83
5/9/2021 12:59:15 AM : kService.requestChannels.Count :83
5/9/2021 12:59:15 AM : kService.requestChannels.Count :82
5/9/2021 12:59:15 AM : kService.requestChannels.Count :82
5/9/2021 12:59:15 AM : kService.requestChannels.Count :81
5/9/2021 12:59:15 AM : kService.requestChannels.Count :81
5/9/2021 12:59:15 AM : kService.requestChannels.Count :80
5/9/2021 12:59:15 AM : kService.requestChannels.Count :80
5/9/2021 12:59:15 AM : kService.requestChannels.Count :79
5/9/2021 12:59:15 AM : kService.requestChannels.Count :79
5/9/2021 12:59:15 AM : ping
5/9/2021 12:59:15 AM : ping
5/9/2021 12:59:15 AM : ping
5/9/2021 12:59:15 AM : kService.requestChannels.Count :78
5/9/2021 12:59:15 AM : kService.requestChannels.Count :78
5/9/2021 12:59:16 AM : kService.requestChannels.Count :77
5/9/2021 12:59:16 AM : kService.requestChannels.Count :77
5/9/2021 12:59:16 AM : kService.requestChannels.Count :76
5/9/2021 12:59:16 AM : kService.requestChannels.Count :76
5/9/2021 12:59:16 AM : kService.requestChannels.Count :75
5/9/2021 12:59:16 AM : kService.requestChannels.Count :75
5/9/2021 12:59:16 AM : kService.requestChannels.Count :74
5/9/2021 12:59:16 AM : kService.requestChannels.Count :74
5/9/2021 12:59:16 AM : kService.requestChannels.Count :73
5/9/2021 12:59:16 AM : kService.requestChannels.Count :73
5/9/2021 12:59:16 AM : kService.requestChannels.Count :72
5/9/2021 12:59:16 AM : kService.requestChannels.Count :72
5/9/2021 12:59:16 AM : kService.requestChannels.Count :71
5/9/2021 12:59:16 AM : kService.requestChannels.Count :71
5/9/2021 12:59:16 AM : ping
5/9/2021 12:59:16 AM : ping
5/9/2021 12:59:16 AM : ping
5/9/2021 12:59:16 AM : kService.requestChannels.Count :70
5/9/2021 12:59:16 AM : kService.requestChannels.Count :70
5/9/2021 12:59:16 AM : kService.requestChannels.Count :69
5/9/2021 12:59:16 AM : kService.requestChannels.Count :69
5/9/2021 12:59:17 AM : kService.requestChannels.Count :68
5/9/2021 12:59:17 AM : kService.requestChannels.Count :68
5/9/2021 12:59:17 AM : kService.requestChannels.Count :67
5/9/2021 12:59:17 AM : kService.requestChannels.Count :67
5/9/2021 12:59:17 AM : kService.requestChannels.Count :66
5/9/2021 12:59:17 AM : kService.requestChannels.Count :66
5/9/2021 12:59:17 AM : kService.requestChannels.Count :65
5/9/2021 12:59:17 AM : kService.requestChannels.Count :65
5/9/2021 12:59:17 AM : kService.requestChannels.Count :64
5/9/2021 12:59:17 AM : kService.requestChannels.Count :64
5/9/2021 12:59:17 AM : kService.requestChannels.Count :63
5/9/2021 12:59:17 AM : kService.requestChannels.Count :63
5/9/2021 12:59:17 AM : kService.requestChannels.Count :62
5/9/2021 12:59:17 AM : kService.requestChannels.Count :62
5/9/2021 12:59:17 AM : kService.requestChannels.Count :61
5/9/2021 12:59:17 AM : kService.requestChannels.Count :61
5/9/2021 12:59:17 AM : kService.requestChannels.Count :60
5/9/2021 12:59:17 AM : kService.requestChannels.Count :60
5/9/2021 12:59:17 AM : kService.requestChannels.Count :59
5/9/2021 12:59:17 AM : kService.requestChannels.Count :59
5/9/2021 12:59:17 AM : kService.requestChannels.Count :58
5/9/2021 12:59:17 AM : kService.requestChannels.Count :58
5/9/2021 12:59:18 AM : ping
5/9/2021 12:59:18 AM : ping
5/9/2021 12:59:18 AM : ping
5/9/2021 12:59:18 AM : kService.requestChannels.Count :57
5/9/2021 12:59:18 AM : kService.requestChannels.Count :57
5/9/2021 12:59:18 AM : kService.requestChannels.Count :56
5/9/2021 12:59:18 AM : kService.requestChannels.Count :56
5/9/2021 12:59:18 AM : kService.requestChannels.Count :55
5/9/2021 12:59:18 AM : kService.requestChannels.Count :55
5/9/2021 12:59:18 AM : kService.requestChannels.Count :54
5/9/2021 12:59:18 AM : kService.requestChannels.Count :54
5/9/2021 12:59:18 AM : kService.requestChannels.Count :53
5/9/2021 12:59:18 AM : kService.requestChannels.Count :53
5/9/2021 12:59:18 AM : kService.requestChannels.Count :52
5/9/2021 12:59:18 AM : kService.requestChannels.Count :52
5/9/2021 12:59:18 AM : kService.requestChannels.Count :51
5/9/2021 12:59:18 AM : kService.requestChannels.Count :51
5/9/2021 12:59:18 AM : kService.requestChannels.Count :50
5/9/2021 12:59:18 AM : kService.requestChannels.Count :50
5/9/2021 12:59:18 AM : kService.requestChannels.Count :49
5/9/2021 12:59:18 AM : kService.requestChannels.Count :49
5/9/2021 12:59:19 AM : ping
5/9/2021 12:59:19 AM : ping
5/9/2021 12:59:19 AM : ping
5/9/2021 12:59:19 AM : kService.requestChannels.Count :48
5/9/2021 12:59:19 AM : kService.requestChannels.Count :48
5/9/2021 12:59:19 AM : kService.requestChannels.Count :47
5/9/2021 12:59:19 AM : kService.requestChannels.Count :47
5/9/2021 12:59:19 AM : kService.requestChannels.Count :46
5/9/2021 12:59:19 AM : kService.requestChannels.Count :46
5/9/2021 12:59:19 AM : kService.requestChannels.Count :45
5/9/2021 12:59:19 AM : kService.requestChannels.Count :45
5/9/2021 12:59:19 AM : kService.requestChannels.Count :44
5/9/2021 12:59:19 AM : kService.requestChannels.Count :44
5/9/2021 12:59:19 AM : kService.requestChannels.Count :43
5/9/2021 12:59:19 AM : kService.requestChannels.Count :43
5/9/2021 12:59:19 AM : kService.requestChannels.Count :42
5/9/2021 12:59:19 AM : kService.requestChannels.Count :42
5/9/2021 12:59:19 AM : kService.requestChannels.Count :41
5/9/2021 12:59:19 AM : kService.requestChannels.Count :41
5/9/2021 12:59:19 AM : kService.requestChannels.Count :40
5/9/2021 12:59:19 AM : kService.requestChannels.Count :40
5/9/2021 12:59:20 AM : kService.requestChannels.Count :39
5/9/2021 12:59:20 AM : kService.requestChannels.Count :39
5/9/2021 12:59:20 AM : ping
5/9/2021 12:59:20 AM : ping
5/9/2021 12:59:20 AM : ping
5/9/2021 12:59:20 AM : kService.requestChannels.Count :38
5/9/2021 12:59:20 AM : kService.requestChannels.Count :38
5/9/2021 12:59:20 AM : kService.requestChannels.Count :37
5/9/2021 12:59:20 AM : kService.requestChannels.Count :37
5/9/2021 12:59:20 AM : kService.requestChannels.Count :36
5/9/2021 12:59:20 AM : kService.requestChannels.Count :36
5/9/2021 12:59:20 AM : kService.requestChannels.Count :35
5/9/2021 12:59:20 AM : kService.requestChannels.Count :35
5/9/2021 12:59:20 AM : kService.requestChannels.Count :34
5/9/2021 12:59:20 AM : kService.requestChannels.Count :34
5/9/2021 12:59:20 AM : kService.requestChannels.Count :33
5/9/2021 12:59:20 AM : kService.requestChannels.Count :33
5/9/2021 12:59:20 AM : kService.requestChannels.Count :32
5/9/2021 12:59:20 AM : kService.requestChannels.Count :32
5/9/2021 12:59:21 AM : kService.requestChannels.Count :31
5/9/2021 12:59:21 AM : kService.requestChannels.Count :31
5/9/2021 12:59:21 AM : kService.requestChannels.Count :30
5/9/2021 12:59:21 AM : kService.requestChannels.Count :30
5/9/2021 12:59:21 AM : kService.requestChannels.Count :29
5/9/2021 12:59:21 AM : kService.requestChannels.Count :29
5/9/2021 12:59:21 AM : kService.requestChannels.Count :28
5/9/2021 12:59:21 AM : kService.requestChannels.Count :28
5/9/2021 12:59:21 AM : ping
5/9/2021 12:59:21 AM : ping
5/9/2021 12:59:21 AM : ping
5/9/2021 12:59:21 AM : kService.requestChannels.Count :27
5/9/2021 12:59:21 AM : kService.requestChannels.Count :27
5/9/2021 12:59:21 AM : kService.requestChannels.Count :26
5/9/2021 12:59:21 AM : kService.requestChannels.Count :26
5/9/2021 12:59:21 AM : kService.requestChannels.Count :25
5/9/2021 12:59:21 AM : kService.requestChannels.Count :25
5/9/2021 12:59:21 AM : kService.requestChannels.Count :24
5/9/2021 12:59:21 AM : kService.requestChannels.Count :24
5/9/2021 12:59:22 AM : kService.requestChannels.Count :23
5/9/2021 12:59:22 AM : kService.requestChannels.Count :23
5/9/2021 12:59:22 AM : kService.requestChannels.Count :22
5/9/2021 12:59:22 AM : kService.requestChannels.Count :22
5/9/2021 12:59:22 AM : kService.requestChannels.Count :21
5/9/2021 12:59:22 AM : kService.requestChannels.Count :21
5/9/2021 12:59:22 AM : kService.requestChannels.Count :20
5/9/2021 12:59:22 AM : kService.requestChannels.Count :20
5/9/2021 12:59:22 AM : ping
5/9/2021 12:59:22 AM : ping
5/9/2021 12:59:22 AM : kService.requestChannels.Count :19
5/9/2021 12:59:22 AM : kService.requestChannels.Count :19
5/9/2021 12:59:22 AM : ping
5/9/2021 12:59:22 AM : kService.requestChannels.Count :18
5/9/2021 12:59:22 AM : kService.requestChannels.Count :18
5/9/2021 12:59:22 AM : kService.requestChannels.Count :17
5/9/2021 12:59:22 AM : kService.requestChannels.Count :17
5/9/2021 12:59:22 AM : kService.requestChannels.Count :16
5/9/2021 12:59:22 AM : kService.requestChannels.Count :16
5/9/2021 12:59:22 AM : kService.requestChannels.Count :15
5/9/2021 12:59:22 AM : kService.requestChannels.Count :15
5/9/2021 12:59:22 AM : kService.requestChannels.Count :14
5/9/2021 12:59:22 AM : kService.requestChannels.Count :14
5/9/2021 12:59:23 AM : kService.requestChannels.Count :13
5/9/2021 12:59:23 AM : kService.requestChannels.Count :13
5/9/2021 12:59:23 AM : kService.requestChannels.Count :12
5/9/2021 12:59:23 AM : kService.requestChannels.Count :12
5/9/2021 12:59:23 AM : kService.requestChannels.Count :11
5/9/2021 12:59:23 AM : kService.requestChannels.Count :11
5/9/2021 12:59:23 AM : ping
5/9/2021 12:59:23 AM : ping
5/9/2021 12:59:23 AM : ping
5/9/2021 12:59:23 AM : kService.requestChannels.Count :10
5/9/2021 12:59:23 AM : kService.requestChannels.Count :10
5/9/2021 12:59:23 AM : kService.requestChannels.Count :9
5/9/2021 12:59:23 AM : kService.requestChannels.Count :9
5/9/2021 12:59:23 AM : kService.requestChannels.Count :8
5/9/2021 12:59:23 AM : kService.requestChannels.Count :8
5/9/2021 12:59:23 AM : kService.requestChannels.Count :7
5/9/2021 12:59:23 AM : kService.requestChannels.Count :7
5/9/2021 12:59:24 AM : kService.requestChannels.Count :6
5/9/2021 12:59:24 AM : kService.requestChannels.Count :6
5/9/2021 12:59:24 AM : kService.requestChannels.Count :5
5/9/2021 12:59:24 AM : kService.requestChannels.Count :5
5/9/2021 12:59:24 AM : kService.requestChannels.Count :4
5/9/2021 12:59:24 AM : kService.requestChannels.Count :4
5/9/2021 12:59:24 AM : kService.requestChannels.Count :3
5/9/2021 12:59:24 AM : kService.requestChannels.Count :3
5/9/2021 12:59:24 AM : ping
5/9/2021 12:59:24 AM : ping
5/9/2021 12:59:24 AM : ping
5/9/2021 12:59:25 AM : kService.requestChannels.Count :2
5/9/2021 12:59:25 AM : kService.requestChannels.Count :2
5/9/2021 12:59:25 AM : kService.requestChannels.Count :1
5/9/2021 12:59:25 AM : kService.requestChannels.Count :1
5/9/2021 12:59:25 AM : ping
5/9/2021 12:59:25 AM : ping
5/9/2021 12:59:25 AM : ping
5/9/2021 12:59:26 AM : kService.requestChannels.Count :0
5/9/2021 12:59:26 AM : kService.requestChannels.Count :0
5/9/2021 12:59:26 AM : ping
5/9/2021 12:59:26 AM : ping
5/9/2021 12:59:26 AM : ping
5/9/2021 12:59:28 AM : ping
5/9/2021 12:59:28 AM : ping
5/9/2021 12:59:28 AM : ping
5/9/2021 12:59:29 AM : ping
5/9/2021 12:59:29 AM : ping
5/9/2021 12:59:29 AM : ping
5/9/2021 12:59:30 AM : ping
5/9/2021 12:59:30 AM : ping
5/9/2021 12:59:30 AM : ping
5/9/2021 12:59:31 AM : ping
5/9/2021 12:59:31 AM : ping
5/9/2021 12:59:31 AM : ping
5/9/2021 12:59:32 AM : ping
5/9/2021 12:59:32 AM : ping
5/9/2021 12:59:32 AM : ping
5/9/2021 12:59:33 AM : ping
5/9/2021 12:59:33 AM : ping
5/9/2021 12:59:33 AM : ping
5/9/2021 12:59:34 AM : ping
5/9/2021 12:59:34 AM : ping
5/9/2021 12:59:34 AM : ping
5/9/2021 12:59:35 AM : ping
5/9/2021 12:59:35 AM : ping
5/9/2021 12:59:35 AM : ping
5/9/2021 12:59:36 AM : ping
5/9/2021 12:59:36 AM : ping
5/9/2021 12:59:36 AM : ping
5/9/2021 12:59:38 AM : ping
5/9/2021 12:59:38 AM : ping
5/9/2021 12:59:38 AM : ping
5/9/2021 12:59:39 AM : ping
5/9/2021 12:59:39 AM : ping
5/9/2021 12:59:39 AM : ping
5/9/2021 12:59:40 AM : ping
5/9/2021 12:59:40 AM : ping
5/9/2021 12:59:40 AM : ping
5/9/2021 12:59:41 AM : ping
5/9/2021 12:59:41 AM : ping
5/9/2021 12:59:41 AM : ping
5/9/2021 12:59:42 AM : ping
5/9/2021 12:59:42 AM : ping
5/9/2021 12:59:42 AM : ping
5/9/2021 12:59:43 AM : ping
5/9/2021 12:59:43 AM : ping
5/9/2021 12:59:43 AM : ping
5/9/2021 12:59:44 AM : ping
5/9/2021 12:59:44 AM : ping
5/9/2021 12:59:44 AM : ping
5/9/2021 12:59:45 AM : ping
5/9/2021 12:59:45 AM : ping
5/9/2021 12:59:45 AM : ping
5/9/2021 12:59:46 AM : ping
5/9/2021 12:59:46 AM : ping
5/9/2021 12:59:46 AM : ping
5/9/2021 12:59:47 AM : ping
5/9/2021 12:59:47 AM : ping
5/9/2021 12:59:47 AM : ping
5/9/2021 12:59:49 AM : ping
5/9/2021 12:59:49 AM : ping
5/9/2021 12:59:49 AM : ping
5/9/2021 12:59:50 AM : ping
5/9/2021 12:59:50 AM : ping
5/9/2021 12:59:50 AM : ping
5/9/2021 12:59:51 AM : ping
5/9/2021 12:59:51 AM : ping
5/9/2021 12:59:51 AM : ping
5/9/2021 12:59:52 AM : ping
5/9/2021 12:59:52 AM : ping
5/9/2021 12:59:52 AM : ping
5/9/2021 12:59:53 AM : ping
5/9/2021 12:59:53 AM : ping
5/9/2021 12:59:53 AM : ping
5/9/2021 12:59:54 AM : ping
5/9/2021 12:59:54 AM : ping
5/9/2021 12:59:54 AM : ping
5/9/2021 12:59:55 AM : ping
5/9/2021 12:59:55 AM : ping
5/9/2021 12:59:55 AM : ping
5/9/2021 12:59:56 AM : ping
5/9/2021 12:59:56 AM : ping
5/9/2021 12:59:56 AM : ping
5/9/2021 12:59:57 AM : ping
5/9/2021 12:59:57 AM : ping
5/9/2021 12:59:57 AM : ping
5/9/2021 12:59:59 AM : ping
5/9/2021 12:59:59 AM : ping
5/9/2021 12:59:59 AM : ping
5/9/2021 1:00:00 AM : ping
5/9/2021 1:00:00 AM : ping
5/9/2021 1:00:00 AM : ping
5/9/2021 1:00:01 AM : ping
5/9/2021 1:00:01 AM : ping
5/9/2021 1:00:01 AM : ping
5/9/2021 1:00:02 AM : ping
5/9/2021 1:00:02 AM : ping
5/9/2021 1:00:02 AM : ping
5/9/2021 1:00:03 AM : ping
5/9/2021 1:00:03 AM : ping
5/9/2021 1:00:03 AM : ping
5/9/2021 1:00:04 AM : ping
5/9/2021 1:00:04 AM : ping
5/9/2021 1:00:04 AM : ping
5/9/2021 1:00:05 AM : ping
5/9/2021 1:00:05 AM : ping
5/9/2021 1:00:05 AM : ping
5/9/2021 1:00:06 AM : ping
5/9/2021 1:00:06 AM : ping
5/9/2021 1:00:06 AM : ping
5/9/2021 1:00:07 AM : ping
5/9/2021 1:00:07 AM : ping
5/9/2021 1:00:07 AM : ping
5/9/2021 1:00:08 AM : ping
5/9/2021 1:00:08 AM : ping
5/9/2021 1:00:08 AM : ping
5/9/2021 1:00:10 AM : ping
5/9/2021 1:00:10 AM : ping
5/9/2021 1:00:10 AM : ping
5/9/2021 1:00:11 AM : ping
5/9/2021 1:00:11 AM : ping
5/9/2021 1:00:11 AM : ping
5/9/2021 1:00:12 AM : ping
5/9/2021 1:00:12 AM : ping
5/9/2021 1:00:12 AM : ping
5/9/2021 1:00:13 AM : ping
5/9/2021 1:00:13 AM : ping
5/9/2021 1:00:13 AM : ping
