log begin
..............
5/12/2021 9:13:43 AM : ping
5/12/2021 9:13:44 AM : ping
5/12/2021 9:13:45 AM : ping
5/12/2021 9:13:46 AM : ping
5/12/2021 9:13:47 AM : ping
5/12/2021 9:13:49 AM : ping
5/12/2021 9:13:50 AM : ping
5/12/2021 9:13:51 AM : ping
5/12/2021 9:13:52 AM : ping
5/12/2021 9:13:53 AM : ping
5/12/2021 9:13:54 AM : ping
5/12/2021 9:13:55 AM : ping
5/12/2021 9:13:56 AM : ping
5/12/2021 9:13:57 AM : ping
5/12/2021 9:13:58 AM : ping
5/12/2021 9:14:00 AM : ping
5/12/2021 9:14:01 AM : ping
5/12/2021 9:14:02 AM : ping
5/12/2021 9:14:03 AM : ping
5/12/2021 9:14:04 AM : ping
5/12/2021 9:14:05 AM : ping
5/12/2021 9:14:06 AM : ping
5/12/2021 9:14:07 AM : ping
5/12/2021 9:14:08 AM : ping
5/12/2021 9:14:09 AM : ping
5/12/2021 9:14:10 AM : ping
5/12/2021 9:14:12 AM : ping
5/12/2021 9:14:13 AM : ping
5/12/2021 9:14:14 AM : ping
5/12/2021 9:14:15 AM : ping
5/12/2021 9:14:27 AM : ping
5/12/2021 9:14:28 AM : ping
5/12/2021 9:14:29 AM : ping
5/12/2021 9:14:30 AM : ping
5/12/2021 9:14:32 AM : ping
5/12/2021 9:14:33 AM : ping
5/12/2021 9:14:34 AM : ping
5/12/2021 9:14:35 AM : ping
5/12/2021 9:14:36 AM : ping
5/12/2021 9:14:37 AM : ping
5/12/2021 9:14:38 AM : kService.requestChannels.Count :1
5/12/2021 9:14:38 AM : kService.requestChannels.Count :1
5/12/2021 9:14:38 AM : kService.requestChannels.Count :1
5/12/2021 9:14:38 AM : kService.requestChannels.Count :1
5/12/2021 9:14:38 AM : kService.requestChannels.Count :1
5/12/2021 9:14:38 AM : kService.requestChannels.Count :1
5/12/2021 9:14:38 AM : kService.requestChannels.Count :1
5/12/2021 9:14:38 AM : kService.requestChannels.Count :1
5/12/2021 9:14:38 AM : kService.requestChannels.Count :1
5/12/2021 9:14:38 AM : kService.requestChannels.Count :1
5/12/2021 9:14:38 AM : kService.requestChannels.Count :1
5/12/2021 9:14:38 AM : kService.requestChannels.Count :1
5/12/2021 9:14:38 AM : kService.requestChannels.Count :1
5/12/2021 9:14:38 AM : kService.requestChannels.Count :1
5/12/2021 9:14:38 AM : kService.requestChannels.Count :1
5/12/2021 9:14:38 AM : kService.requestChannels.Count :1
5/12/2021 9:14:38 AM : kService.requestChannels.Count :1
5/12/2021 9:14:38 AM : kService.requestChannels.Count :1
5/12/2021 9:14:38 AM : kService.requestChannels.Count :1
5/12/2021 9:14:38 AM : kService.requestChannels.Count :1
5/12/2021 9:14:38 AM : kService.requestChannels.Count :1
5/12/2021 9:14:38 AM : kService.requestChannels.Count :1
5/12/2021 9:14:38 AM : kService.requestChannels.Count :0
5/12/2021 9:14:38 AM : kService.requestChannels.Count :0
5/12/2021 9:14:38 AM : ping
5/12/2021 9:14:39 AM : ping
5/12/2021 9:14:40 AM : ping
5/12/2021 9:14:41 AM : ping
5/12/2021 9:14:42 AM : ping
5/12/2021 9:14:44 AM : ping
5/12/2021 9:14:45 AM : ping
5/12/2021 9:14:46 AM : ping
5/12/2021 9:14:47 AM : ping
5/12/2021 9:14:48 AM : ping
5/12/2021 9:14:49 AM : kService.requestChannels.Count :0
5/12/2021 9:14:49 AM : ping
5/12/2021 9:14:50 AM : ping
5/12/2021 9:14:51 AM : ping
5/12/2021 9:14:52 AM : ping
5/12/2021 9:14:53 AM : ping
5/12/2021 9:14:55 AM : ping
5/12/2021 9:14:56 AM : ping
5/12/2021 9:14:57 AM : ping
5/12/2021 9:14:58 AM : ping
5/12/2021 9:14:59 AM : ping
5/12/2021 9:15:00 AM : ping
5/12/2021 9:15:01 AM : ping
5/12/2021 9:15:02 AM : ping
5/12/2021 9:15:03 AM : ping
5/12/2021 9:15:04 AM : ping
5/12/2021 9:15:05 AM : ping
5/12/2021 9:15:07 AM : ping
5/12/2021 9:15:08 AM : ping
5/12/2021 9:15:09 AM : ping
5/12/2021 9:15:10 AM : ping
5/12/2021 9:15:11 AM : ping
5/12/2021 9:15:12 AM : ping
5/12/2021 9:15:13 AM : ping
5/12/2021 9:15:14 AM : ping
5/12/2021 9:15:15 AM : ping
5/12/2021 9:15:16 AM : ping
5/12/2021 9:15:18 AM : ping
5/12/2021 9:15:19 AM : ping
5/12/2021 9:15:20 AM : ping
5/12/2021 9:15:21 AM : ping
5/12/2021 9:15:22 AM : ping
5/12/2021 9:15:23 AM : ping
5/12/2021 9:15:24 AM : ping
5/12/2021 9:15:25 AM : ping
5/12/2021 9:15:26 AM : ping
5/12/2021 9:15:27 AM : ping
5/12/2021 9:15:28 AM : ping
5/12/2021 9:15:30 AM : ping
5/12/2021 9:15:31 AM : ping
5/12/2021 9:15:32 AM : ping
5/12/2021 9:15:33 AM : ping
5/12/2021 9:15:34 AM : ping
5/12/2021 9:15:35 AM : ping
5/12/2021 9:15:36 AM : ping
5/12/2021 9:15:37 AM : ping
5/12/2021 9:15:38 AM : ping
5/12/2021 9:15:39 AM : ping
5/12/2021 9:15:41 AM : ping
5/12/2021 9:15:42 AM : ping
5/12/2021 9:15:43 AM : ping
5/12/2021 9:15:44 AM : ping
5/12/2021 9:15:45 AM : ping
5/12/2021 9:15:46 AM : ping
5/12/2021 9:15:47 AM : ping
5/12/2021 9:15:48 AM : ping
5/12/2021 9:15:49 AM : ping
5/12/2021 9:15:50 AM : ping
5/12/2021 9:15:51 AM : ping
5/12/2021 9:15:51 AM : ~KChannel()
5/12/2021 9:15:51 AM : ~KChannel()
5/12/2021 9:15:51 AM : ~KChannel()
5/12/2021 9:15:51 AM : ~KChannel()
5/12/2021 9:15:51 AM : ~KChannel()
5/12/2021 9:15:52 AM : ~KChannel()
5/12/2021 9:15:52 AM : ~KChannel()
5/12/2021 9:15:52 AM : ~KChannel()
5/12/2021 9:15:52 AM : ~KChannel()
5/12/2021 9:15:52 AM : ~KChannel()
5/12/2021 9:15:52 AM : ~KChannel()
5/12/2021 9:15:52 AM : ~KChannel()
5/12/2021 9:15:52 AM : ~KChannel()
5/12/2021 9:15:52 AM : ~KChannel()
5/12/2021 9:15:52 AM : ~KChannel()
5/12/2021 9:15:52 AM : ~KChannel()
5/12/2021 9:15:52 AM : ~KChannel()
5/12/2021 9:15:52 AM : ~KChannel()
5/12/2021 9:15:52 AM : ~KChannel()
5/12/2021 9:15:52 AM : ~KChannel()
5/12/2021 9:15:52 AM : ~KChannel()
5/12/2021 9:15:52 AM : ~KChannel()
5/12/2021 9:15:52 AM : ~KChannel()
5/12/2021 9:15:52 AM : ~KChannel()
5/12/2021 9:15:53 AM : ping
5/12/2021 9:16:00 AM : ping
5/12/2021 9:16:01 AM : ping
5/12/2021 9:16:02 AM : ping
5/12/2021 9:16:03 AM : ping
5/12/2021 9:16:05 AM : ping
5/12/2021 9:16:06 AM : ping
5/12/2021 9:16:07 AM : ping
5/12/2021 9:16:08 AM : ping
5/12/2021 9:16:09 AM : ping
5/12/2021 9:16:10 AM : ping
5/12/2021 9:16:11 AM : kService.requestChannels.Count :0
5/12/2021 9:16:11 AM : kService.requestChannels.Count :0
5/12/2021 9:16:11 AM : kService.requestChannels.Count :0
5/12/2021 9:16:11 AM : kService.requestChannels.Count :0
5/12/2021 9:16:11 AM : kService.requestChannels.Count :0
5/12/2021 9:16:11 AM : kService.requestChannels.Count :0
5/12/2021 9:16:11 AM : kService.requestChannels.Count :0
5/12/2021 9:16:11 AM : kService.requestChannels.Count :0
5/12/2021 9:16:11 AM : kService.requestChannels.Count :0
5/12/2021 9:16:11 AM : kService.requestChannels.Count :0
5/12/2021 9:16:11 AM : kService.requestChannels.Count :0
5/12/2021 9:16:11 AM : kService.requestChannels.Count :0
5/12/2021 9:16:11 AM : kService.requestChannels.Count :0
5/12/2021 9:16:11 AM : kService.requestChannels.Count :0
5/12/2021 9:16:11 AM : ping
5/12/2021 9:16:12 AM : ping
5/12/2021 9:16:13 AM : ping
5/12/2021 9:16:14 AM : ping
5/12/2021 9:16:16 AM : ping
5/12/2021 9:16:17 AM : ping
5/12/2021 9:16:18 AM : ping
5/12/2021 9:16:19 AM : ping
5/12/2021 9:16:20 AM : ping
5/12/2021 9:16:21 AM : ping
5/12/2021 9:16:22 AM : ping
5/12/2021 9:16:23 AM : ping
5/12/2021 9:16:24 AM : ping
5/12/2021 9:16:25 AM : ping
5/12/2021 9:16:26 AM : ping
5/12/2021 9:16:28 AM : ping
5/12/2021 9:16:29 AM : ping
5/12/2021 9:16:30 AM : ping
5/12/2021 9:16:31 AM : ping
5/12/2021 9:16:32 AM : ping
5/12/2021 9:16:33 AM : ping
5/12/2021 9:16:34 AM : ping
5/12/2021 9:16:35 AM : ping
5/12/2021 9:16:36 AM : ping
5/12/2021 9:16:37 AM : ping
5/12/2021 9:16:39 AM : ping
5/12/2021 9:16:40 AM : ping
5/12/2021 9:16:41 AM : ping
5/12/2021 9:16:42 AM : ping
5/12/2021 9:16:43 AM : ping
5/12/2021 9:16:44 AM : ping
5/12/2021 9:16:45 AM : ping
5/12/2021 9:16:46 AM : ping
5/12/2021 9:16:47 AM : ping
5/12/2021 9:16:48 AM : ping
5/12/2021 9:16:49 AM : ping
5/12/2021 9:16:51 AM : ping
5/12/2021 9:16:52 AM : ping
5/12/2021 9:16:53 AM : ping
5/12/2021 9:16:54 AM : ping
5/12/2021 9:16:55 AM : ping
5/12/2021 9:16:56 AM : ping
5/12/2021 9:16:57 AM : ping
5/12/2021 9:16:58 AM : ping
5/12/2021 9:16:58 AM : ~KChannel()
5/12/2021 9:16:58 AM : ~KChannel()
5/12/2021 9:16:58 AM : ~KChannel()
5/12/2021 9:16:58 AM : ~KChannel()
5/12/2021 9:16:58 AM : ~KChannel()
5/12/2021 9:16:58 AM : ~KChannel()
5/12/2021 9:16:58 AM : ~KChannel()
5/12/2021 9:16:58 AM : ~KChannel()
5/12/2021 9:16:58 AM : ~KChannel()
5/12/2021 9:16:58 AM : ~KChannel()
5/12/2021 9:16:58 AM : ~KChannel()
5/12/2021 9:16:58 AM : ~KChannel()
5/12/2021 9:16:58 AM : ~KChannel()
5/12/2021 9:16:58 AM : ~KChannel()
5/12/2021 9:16:59 AM : ping
5/12/2021 9:17:00 AM : ping
5/12/2021 9:17:02 AM : ping
5/12/2021 9:17:03 AM : ping
5/12/2021 9:17:04 AM : ping
5/12/2021 9:17:05 AM : ping
5/12/2021 9:17:06 AM : ping
5/12/2021 9:17:07 AM : ping
5/12/2021 9:17:08 AM : ping
5/12/2021 9:17:09 AM : ping
5/12/2021 9:17:10 AM : ping
5/12/2021 9:17:11 AM : ping
5/12/2021 9:17:12 AM : ping
5/12/2021 9:17:14 AM : ping
5/12/2021 9:17:15 AM : ping
5/12/2021 9:17:16 AM : ping
5/12/2021 9:17:17 AM : ping
5/12/2021 9:17:18 AM : ping
5/12/2021 9:17:19 AM : ping
5/12/2021 9:17:20 AM : ping
5/12/2021 9:17:21 AM : ping
5/12/2021 9:17:22 AM : ping
5/12/2021 9:17:23 AM : ping
5/12/2021 9:17:25 AM : ping
5/12/2021 9:17:26 AM : ping
5/12/2021 9:17:27 AM : ping
5/12/2021 9:17:28 AM : ping
5/12/2021 9:17:29 AM : ping
5/12/2021 9:17:30 AM : ping
5/12/2021 9:17:31 AM : ping
5/12/2021 9:17:32 AM : ping
5/12/2021 9:17:33 AM : ping
5/12/2021 9:17:34 AM : ping
5/12/2021 9:17:35 AM : ping
5/12/2021 9:17:37 AM : ping
5/12/2021 9:17:38 AM : ping
5/12/2021 9:17:39 AM : ping
5/12/2021 9:17:40 AM : ping
5/12/2021 9:17:41 AM : ping
5/12/2021 9:17:42 AM : ping
5/12/2021 9:17:43 AM : ping
5/12/2021 9:17:44 AM : ping
5/12/2021 9:17:45 AM : ping
5/12/2021 9:17:46 AM : ping
5/12/2021 9:17:48 AM : ping
5/12/2021 9:17:49 AM : ping
5/12/2021 9:17:50 AM : ping
5/12/2021 9:17:51 AM : ping
5/12/2021 9:17:52 AM : ping
5/12/2021 9:17:53 AM : ping
5/12/2021 9:17:54 AM : ping
5/12/2021 9:17:55 AM : ping
5/12/2021 9:17:56 AM : ping
5/12/2021 9:17:57 AM : ping
5/12/2021 9:17:59 AM : ping
5/12/2021 9:18:00 AM : ping
5/12/2021 9:18:01 AM : ping
5/12/2021 9:18:02 AM : ping
5/12/2021 9:18:03 AM : ping
5/12/2021 9:18:04 AM : ping
5/12/2021 9:18:05 AM : ping
5/12/2021 9:18:06 AM : ping
5/12/2021 9:18:07 AM : ping
5/12/2021 9:18:08 AM : ping
5/12/2021 9:18:09 AM : ping
5/12/2021 9:18:11 AM : ping
5/12/2021 9:18:12 AM : ping
5/12/2021 9:18:13 AM : ping
5/12/2021 9:18:14 AM : ping
5/12/2021 9:18:15 AM : ping
5/12/2021 9:18:16 AM : ping
5/12/2021 9:18:17 AM : ping
5/12/2021 9:18:18 AM : ping
5/12/2021 9:18:19 AM : ping
5/12/2021 9:18:20 AM : ping
5/12/2021 9:18:22 AM : ping
5/12/2021 9:18:23 AM : ping
5/12/2021 9:18:24 AM : ping
5/12/2021 9:18:25 AM : ping
5/12/2021 9:18:26 AM : ping
5/12/2021 9:18:27 AM : ping
5/12/2021 9:18:28 AM : ping
5/12/2021 9:18:29 AM : ping
5/12/2021 9:18:30 AM : ping
5/12/2021 9:18:31 AM : ping
5/12/2021 9:18:32 AM : ping
5/12/2021 9:18:34 AM : ping
5/12/2021 9:18:35 AM : ping
5/12/2021 9:18:36 AM : ping
5/12/2021 9:18:37 AM : ping
5/12/2021 9:18:38 AM : ping
5/12/2021 9:18:39 AM : ping
5/12/2021 9:18:40 AM : ping
5/12/2021 9:18:41 AM : ping
5/12/2021 9:18:42 AM : ping
5/12/2021 9:18:43 AM : ping
5/12/2021 9:18:45 AM : ping
5/12/2021 9:18:46 AM : ping
5/12/2021 9:18:47 AM : ping
5/12/2021 9:18:48 AM : ping
5/12/2021 9:18:49 AM : ping
5/12/2021 9:18:50 AM : ping
5/12/2021 9:18:51 AM : ping
5/12/2021 9:18:52 AM : ping
5/12/2021 9:18:53 AM : ping
5/12/2021 9:18:54 AM : ping
5/12/2021 9:18:55 AM : ping
5/12/2021 9:18:57 AM : ping
5/12/2021 9:18:58 AM : ping
5/12/2021 9:18:59 AM : ping
5/12/2021 9:19:00 AM : ping
5/12/2021 9:19:01 AM : ping
5/12/2021 9:19:02 AM : ping
5/12/2021 9:19:03 AM : ping
5/12/2021 9:19:04 AM : ping
5/12/2021 9:19:05 AM : ping
5/12/2021 9:19:06 AM : ping
5/12/2021 9:19:08 AM : ping
5/12/2021 9:19:09 AM : ping
5/12/2021 9:19:10 AM : ping
5/12/2021 9:19:11 AM : ping
5/12/2021 9:19:12 AM : ping
5/12/2021 9:19:13 AM : ping
5/12/2021 9:19:14 AM : ping
5/12/2021 9:19:15 AM : ping
5/12/2021 9:19:16 AM : ping
5/12/2021 9:19:17 AM : ping
5/12/2021 9:19:18 AM : ping
5/12/2021 9:19:20 AM : ping
5/12/2021 9:19:21 AM : ping
5/12/2021 9:19:22 AM : ping
5/12/2021 9:19:23 AM : ping
5/12/2021 9:19:24 AM : ping
5/12/2021 9:19:25 AM : ping
5/12/2021 9:19:26 AM : ping
5/12/2021 9:19:27 AM : ping
5/12/2021 9:19:28 AM : ping
5/12/2021 9:19:29 AM : ping
5/12/2021 9:19:31 AM : ping
5/12/2021 9:19:32 AM : ping
5/12/2021 9:19:33 AM : ping
5/12/2021 9:19:34 AM : ping
5/12/2021 9:19:35 AM : ping
5/12/2021 9:19:36 AM : ping
5/12/2021 9:19:37 AM : ping
5/12/2021 9:19:38 AM : ping
5/12/2021 9:19:39 AM : ping
5/12/2021 9:19:40 AM : ping
5/12/2021 9:19:41 AM : ping
5/12/2021 9:19:43 AM : ping
5/12/2021 9:19:44 AM : ping
5/12/2021 9:19:45 AM : ping
5/12/2021 9:19:46 AM : ping
5/12/2021 9:19:47 AM : ping
5/12/2021 9:19:48 AM : ping
5/12/2021 9:19:49 AM : ping
5/12/2021 9:19:50 AM : ping
5/12/2021 9:19:51 AM : ping
5/12/2021 9:19:52 AM : ping
5/12/2021 9:19:54 AM : ping
5/12/2021 9:19:55 AM : ping
5/12/2021 9:19:56 AM : ping
5/12/2021 9:19:57 AM : ping
5/12/2021 9:19:58 AM : ping
5/12/2021 9:19:59 AM : ping
5/12/2021 9:20:00 AM : ping
5/12/2021 9:20:01 AM : ping
5/12/2021 9:20:02 AM : ping
5/12/2021 9:20:03 AM : ping
5/12/2021 9:20:05 AM : ping
5/12/2021 9:20:06 AM : ping
5/12/2021 9:20:07 AM : ping
5/12/2021 9:20:08 AM : ping
5/12/2021 9:20:09 AM : ping
5/12/2021 9:20:10 AM : ping
5/12/2021 9:20:11 AM : ping
5/12/2021 9:20:12 AM : ping
5/12/2021 9:20:13 AM : ping
5/12/2021 9:20:14 AM : ping
5/12/2021 9:20:15 AM : ping
5/12/2021 9:20:17 AM : ping
5/12/2021 9:20:18 AM : ping
5/12/2021 9:20:19 AM : ping
5/12/2021 9:20:20 AM : ping
5/12/2021 9:20:21 AM : ping
5/12/2021 9:20:22 AM : ping
5/12/2021 9:20:23 AM : ping
5/12/2021 9:20:24 AM : ping
5/12/2021 9:20:25 AM : ping
5/12/2021 9:20:26 AM : ping
5/12/2021 9:20:28 AM : ping
5/12/2021 9:20:29 AM : ping
5/12/2021 9:20:30 AM : ping
5/12/2021 9:20:31 AM : ping
5/12/2021 9:20:32 AM : ping
5/12/2021 9:20:33 AM : ping
5/12/2021 9:20:34 AM : ping
5/12/2021 9:20:35 AM : ping
5/12/2021 9:20:36 AM : ping
5/12/2021 9:20:37 AM : ping
5/12/2021 9:20:38 AM : ping
5/12/2021 9:20:40 AM : ping
5/12/2021 9:20:41 AM : ping
5/12/2021 9:20:42 AM : ping
5/12/2021 9:20:43 AM : ping
5/12/2021 9:20:44 AM : ping
5/12/2021 9:20:45 AM : ping
5/12/2021 9:20:46 AM : ping
5/12/2021 9:20:47 AM : ping
5/12/2021 9:20:48 AM : ping
5/12/2021 9:20:49 AM : ping
5/12/2021 9:20:50 AM : ping
5/12/2021 9:20:52 AM : ping
5/12/2021 9:20:53 AM : ping
5/12/2021 9:20:54 AM : ping
5/12/2021 9:20:55 AM : ping
5/12/2021 9:20:56 AM : ping
5/12/2021 9:20:57 AM : ping
5/12/2021 9:20:58 AM : ping
5/12/2021 9:20:59 AM : ping
5/12/2021 9:21:00 AM : ping
5/12/2021 9:21:01 AM : ping
5/12/2021 9:21:03 AM : ping
5/12/2021 9:21:04 AM : ping
5/12/2021 9:21:05 AM : ping
5/12/2021 9:21:06 AM : ping
5/12/2021 9:21:07 AM : ping
5/12/2021 9:21:08 AM : ping
5/12/2021 9:21:09 AM : ping
5/12/2021 9:21:10 AM : ping
5/12/2021 9:21:11 AM : ping
5/12/2021 9:21:12 AM : ping
5/12/2021 9:21:13 AM : ping
5/12/2021 9:21:15 AM : ping
5/12/2021 9:21:16 AM : ping
5/12/2021 9:21:17 AM : ping
5/12/2021 9:21:18 AM : ping
5/12/2021 9:21:19 AM : ping
5/12/2021 9:21:20 AM : ping
5/12/2021 9:21:21 AM : ping
5/12/2021 9:21:22 AM : ping
5/12/2021 9:21:23 AM : ping
5/12/2021 9:21:24 AM : ping
5/12/2021 9:21:26 AM : ping
5/12/2021 9:21:27 AM : ping
5/12/2021 9:21:28 AM : ping
5/12/2021 9:21:29 AM : ping
5/12/2021 9:21:30 AM : ping
5/12/2021 9:21:31 AM : ping
5/12/2021 9:21:32 AM : ping
5/12/2021 9:21:33 AM : ping
5/12/2021 9:21:34 AM : ping
5/12/2021 9:21:35 AM : ping
5/12/2021 9:21:36 AM : ping
5/12/2021 9:21:38 AM : ping
5/12/2021 9:21:39 AM : ping
5/12/2021 9:21:40 AM : ping
5/12/2021 9:21:41 AM : ping
5/12/2021 9:21:42 AM : ping
5/12/2021 9:21:43 AM : ping
5/12/2021 9:21:44 AM : ping
5/12/2021 9:21:45 AM : ping
5/12/2021 9:21:46 AM : ping
5/12/2021 9:21:47 AM : ping
5/12/2021 9:21:48 AM : ping
5/12/2021 9:21:50 AM : ping
5/12/2021 9:21:51 AM : ping
5/12/2021 9:21:52 AM : ping
5/12/2021 9:21:53 AM : ping
5/12/2021 9:21:54 AM : ping
5/12/2021 9:21:55 AM : ping
5/12/2021 9:21:56 AM : ping
5/12/2021 9:21:57 AM : ping
5/12/2021 9:21:58 AM : ping
5/12/2021 9:21:59 AM : ping
5/12/2021 9:22:01 AM : ping
5/12/2021 9:22:02 AM : ping
5/12/2021 9:22:03 AM : ping
5/12/2021 9:22:04 AM : ping
5/12/2021 9:22:05 AM : ping
5/12/2021 9:22:06 AM : ping
5/12/2021 9:22:07 AM : ping
5/12/2021 9:22:08 AM : ping
5/12/2021 9:22:09 AM : ping
5/12/2021 9:22:10 AM : ping
5/12/2021 9:22:11 AM : ping
5/12/2021 9:22:13 AM : ping
5/12/2021 9:22:14 AM : ping
5/12/2021 9:22:15 AM : ping
5/12/2021 9:22:16 AM : ping
5/12/2021 9:22:17 AM : ping
5/12/2021 9:22:18 AM : ping
5/12/2021 9:22:19 AM : ping
5/12/2021 9:22:20 AM : ping
5/12/2021 9:22:21 AM : ping
5/12/2021 9:22:22 AM : ping
5/12/2021 9:22:24 AM : ping
5/12/2021 9:22:25 AM : ping
5/12/2021 9:22:26 AM : ping
5/12/2021 9:22:27 AM : ping
5/12/2021 9:22:28 AM : ping
5/12/2021 9:22:29 AM : ping
5/12/2021 9:22:30 AM : ping
5/12/2021 9:22:31 AM : ping
5/12/2021 9:22:32 AM : ping
5/12/2021 9:22:33 AM : ping
5/12/2021 9:22:34 AM : ping
5/12/2021 9:22:36 AM : ping
5/12/2021 9:22:37 AM : ping
5/12/2021 9:22:38 AM : ping
5/12/2021 9:22:39 AM : ping
5/12/2021 9:22:40 AM : ping
5/12/2021 9:22:41 AM : ping
5/12/2021 9:22:42 AM : ping
5/12/2021 9:22:43 AM : ping
5/12/2021 9:22:44 AM : ping
5/12/2021 9:22:45 AM : ping
5/12/2021 9:22:46 AM : ping
5/12/2021 9:22:48 AM : ping
5/12/2021 9:22:49 AM : ping
5/12/2021 9:22:50 AM : ping
5/12/2021 9:22:51 AM : ping
5/12/2021 9:22:52 AM : ping
5/12/2021 9:22:53 AM : ping
5/12/2021 9:22:54 AM : ping
5/12/2021 9:22:55 AM : ping
5/12/2021 9:22:56 AM : ping
5/12/2021 9:22:57 AM : ping
5/12/2021 9:22:59 AM : ping
5/12/2021 9:23:00 AM : ping
5/12/2021 9:23:01 AM : ping
5/12/2021 9:23:02 AM : ping
5/12/2021 9:23:03 AM : ping
5/12/2021 9:23:04 AM : ping
5/12/2021 9:23:05 AM : ping
5/12/2021 9:23:06 AM : ping
5/12/2021 9:23:07 AM : ping
5/12/2021 9:23:08 AM : ping
5/12/2021 9:23:09 AM : ping
5/12/2021 9:23:11 AM : ping
5/12/2021 9:23:12 AM : ping
5/12/2021 9:23:13 AM : ping
5/12/2021 9:23:14 AM : ping
5/12/2021 9:23:15 AM : ping
5/12/2021 9:23:16 AM : ping
5/12/2021 9:23:17 AM : ping
5/12/2021 9:23:18 AM : ping
5/12/2021 9:23:19 AM : ping
5/12/2021 9:23:20 AM : ping
5/12/2021 9:23:22 AM : ping
5/12/2021 9:23:23 AM : ping
5/12/2021 9:23:24 AM : ping
5/12/2021 9:23:25 AM : ping
5/12/2021 9:23:26 AM : ping
5/12/2021 9:23:27 AM : ping
5/12/2021 9:23:28 AM : ping
5/12/2021 9:23:29 AM : ping
5/12/2021 9:23:30 AM : ping
5/12/2021 9:23:31 AM : ping
5/12/2021 9:23:32 AM : ping
5/12/2021 9:23:34 AM : ping
5/12/2021 9:23:35 AM : ping
5/12/2021 9:23:36 AM : ping
5/12/2021 9:23:37 AM : ping
5/12/2021 9:23:38 AM : ping
5/12/2021 9:23:39 AM : ping
5/12/2021 9:23:40 AM : ping
5/12/2021 9:23:41 AM : ping
5/12/2021 9:23:42 AM : ping
5/12/2021 9:23:43 AM : ping
5/12/2021 9:23:44 AM : ping
5/12/2021 9:23:46 AM : ping
5/12/2021 9:23:47 AM : ping
5/12/2021 9:23:48 AM : ping
5/12/2021 9:23:49 AM : ping
5/12/2021 9:23:50 AM : ping
5/12/2021 9:23:51 AM : ping
5/12/2021 9:23:52 AM : ping
5/12/2021 9:23:53 AM : ping
5/12/2021 9:23:54 AM : ping
5/12/2021 9:23:55 AM : ping
5/12/2021 9:23:57 AM : ping
5/12/2021 9:23:58 AM : ping
5/12/2021 9:23:59 AM : ping
5/12/2021 9:24:00 AM : ping
5/12/2021 9:24:01 AM : ping
5/12/2021 9:24:02 AM : ping
5/12/2021 9:24:03 AM : ping
5/12/2021 9:24:04 AM : ping
5/12/2021 9:24:05 AM : ping
5/12/2021 9:24:06 AM : ping
5/12/2021 9:24:07 AM : ping
5/12/2021 9:24:09 AM : ping
5/12/2021 9:24:10 AM : ping
5/12/2021 9:24:11 AM : ping
5/12/2021 9:24:12 AM : ping
5/12/2021 9:24:13 AM : ping
5/12/2021 9:24:14 AM : ping
5/12/2021 9:24:15 AM : ping
5/12/2021 9:24:16 AM : ping
5/12/2021 9:24:17 AM : ping
5/12/2021 9:24:18 AM : ping
5/12/2021 9:24:20 AM : ping
5/12/2021 9:24:21 AM : ping
5/12/2021 9:24:22 AM : ping
5/12/2021 9:24:23 AM : ping
5/12/2021 9:24:24 AM : ping
5/12/2021 9:24:25 AM : ping
5/12/2021 9:24:26 AM : ping
5/12/2021 9:24:27 AM : ping
5/12/2021 9:24:28 AM : ping
5/12/2021 9:24:29 AM : ping
5/12/2021 9:24:30 AM : ping
5/12/2021 9:24:32 AM : ping
5/12/2021 9:24:33 AM : ping
5/12/2021 9:24:34 AM : ping
5/12/2021 9:24:35 AM : ping
5/12/2021 9:24:36 AM : ping
5/12/2021 9:24:37 AM : ping
5/12/2021 9:24:38 AM : ping
5/12/2021 9:24:39 AM : ping
5/12/2021 9:24:40 AM : ping
5/12/2021 9:24:41 AM : ping
5/12/2021 9:24:42 AM : ping
5/12/2021 9:24:44 AM : ping
5/12/2021 9:24:45 AM : ping
5/12/2021 9:24:46 AM : ping
5/12/2021 9:24:47 AM : ping
5/12/2021 9:24:48 AM : ping
5/12/2021 9:24:49 AM : ping
5/12/2021 9:24:50 AM : ping
5/12/2021 9:24:51 AM : ping
5/12/2021 9:24:52 AM : ping
5/12/2021 9:24:53 AM : ping
5/12/2021 9:24:54 AM : ping
5/12/2021 9:24:56 AM : ping
5/12/2021 9:24:57 AM : ping
5/12/2021 9:24:58 AM : ping
5/12/2021 9:24:59 AM : ping
5/12/2021 9:25:00 AM : ping
5/12/2021 9:25:01 AM : ping
5/12/2021 9:25:02 AM : ping
5/12/2021 9:25:03 AM : ping
5/12/2021 9:25:04 AM : ping
5/12/2021 9:25:05 AM : ping
5/12/2021 9:25:06 AM : ping
5/12/2021 9:25:07 AM : kService.requestChannels.Count :1
5/12/2021 9:25:08 AM : ping
5/12/2021 9:25:09 AM : ping
5/12/2021 9:25:10 AM : ping
5/12/2021 9:25:11 AM : ping
5/12/2021 9:25:12 AM : ping
5/12/2021 9:25:13 AM : ping
5/12/2021 9:25:14 AM : ping
5/12/2021 9:25:15 AM : ping
5/12/2021 9:25:16 AM : ping
5/12/2021 9:25:17 AM : ping
5/12/2021 9:25:19 AM : ping
5/12/2021 9:25:20 AM : ping
5/12/2021 9:25:21 AM : ping
5/12/2021 9:25:22 AM : ping
5/12/2021 9:25:23 AM : ping
5/12/2021 9:25:24 AM : ping
5/12/2021 9:25:25 AM : ping
5/12/2021 9:25:26 AM : kService.requestChannels.Count :0
5/12/2021 9:25:26 AM : kService.requestChannels.Count :0
5/12/2021 9:25:26 AM : ping
5/12/2021 9:25:27 AM : ping
5/12/2021 9:25:28 AM : ping
5/12/2021 9:25:29 AM : ping
5/12/2021 9:25:31 AM : ping
5/12/2021 9:25:32 AM : ping
5/12/2021 9:25:33 AM : ping
5/12/2021 9:25:34 AM : ping
5/12/2021 9:25:35 AM : ping
5/12/2021 9:25:36 AM : ping
5/12/2021 9:25:37 AM : ping
5/12/2021 9:25:38 AM : ping
5/12/2021 9:25:39 AM : ping
5/12/2021 9:25:40 AM : ping
5/12/2021 9:25:42 AM : ping
5/12/2021 9:25:43 AM : ping
5/12/2021 9:25:44 AM : ping
5/12/2021 9:25:45 AM : ping
5/12/2021 9:25:46 AM : ping
5/12/2021 9:25:47 AM : ping
5/12/2021 9:25:48 AM : ping
5/12/2021 9:25:49 AM : ping
5/12/2021 9:25:50 AM : ping
5/12/2021 9:25:51 AM : ping
5/12/2021 9:25:52 AM : ping
5/12/2021 9:25:54 AM : ping
5/12/2021 9:25:55 AM : ping
5/12/2021 9:25:56 AM : ping
5/12/2021 9:25:56 AM : ~KChannel()
5/12/2021 9:25:57 AM : ping
5/12/2021 9:25:58 AM : ping
5/12/2021 9:25:59 AM : ping
5/12/2021 9:26:00 AM : ping
5/12/2021 9:26:01 AM : ping
5/12/2021 9:26:02 AM : ping
5/12/2021 9:26:03 AM : ping
5/12/2021 9:26:05 AM : ping
5/12/2021 9:26:06 AM : ping
5/12/2021 9:26:07 AM : ping
5/12/2021 9:26:08 AM : ping
5/12/2021 9:26:09 AM : ping
5/12/2021 9:26:10 AM : ping
5/12/2021 9:26:11 AM : ping
5/12/2021 9:26:12 AM : ping
5/12/2021 9:26:13 AM : ping
5/12/2021 9:26:14 AM : ping
5/12/2021 9:26:15 AM : ping
5/12/2021 9:26:17 AM : ping
5/12/2021 9:26:18 AM : ping
5/12/2021 9:26:19 AM : ping
5/12/2021 9:26:20 AM : ping
5/12/2021 9:26:21 AM : ping
5/12/2021 9:26:22 AM : ping
5/12/2021 9:26:23 AM : ping
5/12/2021 9:26:24 AM : ping
5/12/2021 9:26:25 AM : ping
5/12/2021 9:26:26 AM : ping
5/12/2021 9:26:28 AM : ping
5/12/2021 9:26:29 AM : ping
5/12/2021 9:26:30 AM : ping
5/12/2021 9:26:31 AM : ping
5/12/2021 9:26:32 AM : ping
5/12/2021 9:26:33 AM : ping
5/12/2021 9:26:34 AM : ping
5/12/2021 9:26:35 AM : ping
5/12/2021 9:26:36 AM : ping
5/12/2021 9:26:37 AM : ping
5/12/2021 9:26:38 AM : ping
5/12/2021 9:26:40 AM : ping
5/12/2021 9:26:41 AM : ping
5/12/2021 9:26:42 AM : ping
5/12/2021 9:26:43 AM : ping
5/12/2021 9:26:44 AM : ping
5/12/2021 9:26:45 AM : ping
5/12/2021 9:26:46 AM : ping
5/12/2021 9:26:47 AM : ping
5/12/2021 9:26:48 AM : ping
5/12/2021 9:26:49 AM : ping
5/12/2021 9:26:51 AM : ping
5/12/2021 9:26:52 AM : ping
5/12/2021 9:26:53 AM : ping
5/12/2021 9:26:54 AM : ping
5/12/2021 9:26:55 AM : ping
5/12/2021 9:26:56 AM : ping
5/12/2021 9:26:57 AM : ping
5/12/2021 9:26:58 AM : ping
5/12/2021 9:26:59 AM : ping
5/12/2021 9:27:00 AM : ping
5/12/2021 9:27:02 AM : ping
5/12/2021 9:27:03 AM : ping
5/12/2021 9:27:04 AM : ping
5/12/2021 9:27:05 AM : ping
5/12/2021 9:27:06 AM : ping
5/12/2021 9:27:07 AM : ping
5/12/2021 9:27:08 AM : ping
5/12/2021 9:27:09 AM : ping
5/12/2021 9:27:10 AM : ping
5/12/2021 9:27:11 AM : ping
5/12/2021 9:27:12 AM : ping
5/12/2021 9:27:14 AM : ping
5/12/2021 9:27:15 AM : ping
5/12/2021 9:27:16 AM : ping
5/12/2021 9:27:17 AM : ping
5/12/2021 9:27:18 AM : ping
5/12/2021 9:27:19 AM : ping
5/12/2021 9:27:20 AM : ping
5/12/2021 9:27:21 AM : ping
5/12/2021 9:27:22 AM : ping
5/12/2021 9:27:23 AM : ping
5/12/2021 9:27:25 AM : ping
5/12/2021 9:27:26 AM : ping
5/12/2021 9:27:27 AM : ping
5/12/2021 9:27:28 AM : ping
5/12/2021 9:27:29 AM : ping
5/12/2021 9:27:30 AM : ping
5/12/2021 9:27:31 AM : ping
5/12/2021 9:27:32 AM : ping
5/12/2021 9:27:33 AM : ping
5/12/2021 9:27:34 AM : ping
5/12/2021 9:27:35 AM : ping
5/12/2021 9:27:37 AM : ping
5/12/2021 9:27:38 AM : ping
5/12/2021 9:27:39 AM : ping
5/12/2021 9:27:40 AM : ping
5/12/2021 9:27:41 AM : ping
5/12/2021 9:27:42 AM : ping
5/12/2021 9:27:43 AM : ping
5/12/2021 9:27:44 AM : ping
5/12/2021 9:27:45 AM : ping
5/12/2021 9:27:46 AM : ping
5/12/2021 9:27:48 AM : ping
5/12/2021 9:27:49 AM : ping
5/12/2021 9:27:50 AM : ping
5/12/2021 9:27:51 AM : ping
5/12/2021 9:27:52 AM : ping
5/12/2021 9:27:53 AM : ping
5/12/2021 9:27:54 AM : ping
5/12/2021 9:27:55 AM : ping
5/12/2021 9:27:56 AM : ping
5/12/2021 9:27:57 AM : ping
5/12/2021 9:27:58 AM : ping
5/12/2021 9:28:00 AM : ping
5/12/2021 9:28:01 AM : ping
5/12/2021 9:28:02 AM : ping
5/12/2021 9:28:03 AM : ping
5/12/2021 9:28:04 AM : ping
5/12/2021 9:28:05 AM : ping
5/12/2021 9:28:06 AM : ping
5/12/2021 9:28:07 AM : ping
5/12/2021 9:28:08 AM : ping
5/12/2021 9:28:09 AM : ping
5/12/2021 9:28:11 AM : ping
5/12/2021 9:28:12 AM : ping
5/12/2021 9:28:13 AM : ping
5/12/2021 9:28:14 AM : ping
5/12/2021 9:28:15 AM : ping
5/12/2021 9:28:16 AM : ping
5/12/2021 9:28:17 AM : ping
5/12/2021 9:28:18 AM : ping
5/12/2021 9:28:19 AM : ping
5/12/2021 9:28:20 AM : ping
5/12/2021 9:28:21 AM : ping
5/12/2021 9:28:23 AM : ping
5/12/2021 9:28:24 AM : ping
5/12/2021 9:28:25 AM : ping
5/12/2021 9:28:26 AM : ping
5/12/2021 9:28:27 AM : ping
5/12/2021 9:28:28 AM : ping
5/12/2021 9:28:29 AM : ping
5/12/2021 9:28:30 AM : ping
5/12/2021 9:28:31 AM : ping
5/12/2021 9:28:32 AM : ping
5/12/2021 9:28:34 AM : ping
5/12/2021 9:28:35 AM : ping
5/12/2021 9:28:36 AM : ping
5/12/2021 9:28:37 AM : ping
5/12/2021 9:28:38 AM : ping
5/12/2021 9:28:39 AM : ping
5/12/2021 9:28:40 AM : ping
5/12/2021 9:28:41 AM : ping
5/12/2021 9:28:42 AM : ping
5/12/2021 9:28:43 AM : ping
5/12/2021 9:28:45 AM : ping
5/12/2021 9:28:46 AM : ping
5/12/2021 9:28:47 AM : ping
5/12/2021 9:28:48 AM : ping
5/12/2021 9:28:49 AM : ping
5/12/2021 9:28:50 AM : ping
5/12/2021 9:28:51 AM : ping
5/12/2021 9:28:52 AM : ping
5/12/2021 9:28:53 AM : ping
5/12/2021 9:28:54 AM : ping
5/12/2021 9:28:55 AM : ping
5/12/2021 9:28:57 AM : ping
5/12/2021 9:28:58 AM : ping
5/12/2021 9:28:59 AM : ping
5/12/2021 9:29:00 AM : ping
5/12/2021 9:29:01 AM : ping
5/12/2021 9:29:02 AM : ping
5/12/2021 9:29:03 AM : ping
5/12/2021 9:29:04 AM : ping
5/12/2021 9:29:05 AM : ping
5/12/2021 9:29:06 AM : ping
5/12/2021 9:29:08 AM : ping
5/12/2021 9:29:09 AM : ping
5/12/2021 9:29:10 AM : ping
5/12/2021 9:29:11 AM : ping
5/12/2021 9:29:12 AM : ping
5/12/2021 9:29:13 AM : ping
5/12/2021 9:29:14 AM : ping
5/12/2021 9:29:15 AM : ping
5/12/2021 9:29:16 AM : ping
5/12/2021 9:29:17 AM : ping
5/12/2021 9:29:18 AM : ping
5/12/2021 9:29:20 AM : ping
5/12/2021 9:29:21 AM : ping
5/12/2021 9:29:22 AM : ping
5/12/2021 9:29:23 AM : ping
5/12/2021 9:29:24 AM : ping
5/12/2021 9:29:25 AM : ping
5/12/2021 9:29:26 AM : ping
5/12/2021 9:29:27 AM : ping
5/12/2021 9:29:28 AM : ping
5/12/2021 9:29:29 AM : ping
5/12/2021 9:29:30 AM : ping
5/12/2021 9:29:32 AM : ping
5/12/2021 9:29:33 AM : ping
5/12/2021 9:29:34 AM : ping
5/12/2021 9:29:35 AM : ping
5/12/2021 9:29:36 AM : ping
5/12/2021 9:29:37 AM : ping
5/12/2021 9:29:38 AM : ping
5/12/2021 9:29:39 AM : ping
5/12/2021 9:29:40 AM : ping
5/12/2021 9:29:41 AM : ping
5/12/2021 9:29:43 AM : ping
5/12/2021 9:29:44 AM : ping
5/12/2021 9:29:45 AM : ping
5/12/2021 9:29:46 AM : ping
5/12/2021 9:29:47 AM : ping
5/12/2021 9:29:48 AM : ping
5/12/2021 9:29:49 AM : ping
5/12/2021 9:29:50 AM : ping
5/12/2021 9:29:51 AM : ping
5/12/2021 9:29:52 AM : ping
5/12/2021 9:29:53 AM : ping
5/12/2021 9:29:55 AM : ping
5/12/2021 9:29:56 AM : ping
5/12/2021 9:29:57 AM : ping
5/12/2021 9:29:58 AM : ping
5/12/2021 9:29:59 AM : ping
5/12/2021 9:30:00 AM : ping
5/12/2021 9:30:01 AM : ping
5/12/2021 9:30:02 AM : ping
5/12/2021 9:30:03 AM : ping
5/12/2021 9:30:04 AM : ping
5/12/2021 9:30:05 AM : ping
5/12/2021 9:30:07 AM : ping
5/12/2021 9:30:08 AM : ping
5/12/2021 9:30:09 AM : ping
5/12/2021 9:30:10 AM : ping
5/12/2021 9:30:11 AM : ping
5/12/2021 9:30:12 AM : ping
5/12/2021 9:30:13 AM : ping
5/12/2021 9:30:14 AM : ping
5/12/2021 9:30:15 AM : ping
5/12/2021 9:30:16 AM : ping
5/12/2021 9:30:17 AM : ping
5/12/2021 9:30:19 AM : ping
5/12/2021 9:30:20 AM : ping
5/12/2021 9:30:21 AM : ping
5/12/2021 9:30:22 AM : ping
5/12/2021 9:30:23 AM : ping
5/12/2021 9:30:24 AM : ping
5/12/2021 9:30:25 AM : ping
5/12/2021 9:30:26 AM : ping
5/12/2021 9:30:27 AM : ping
5/12/2021 9:30:28 AM : ping
5/12/2021 9:30:29 AM : ping
5/12/2021 9:30:31 AM : ping
5/12/2021 9:30:32 AM : ping
5/12/2021 9:30:33 AM : ping
5/12/2021 9:30:34 AM : ping
5/12/2021 9:30:35 AM : ping
5/12/2021 9:30:36 AM : ping
5/12/2021 9:30:37 AM : ping
5/12/2021 9:30:38 AM : ping
5/12/2021 9:30:39 AM : ping
5/12/2021 9:30:40 AM : ping
5/12/2021 9:30:42 AM : ping
5/12/2021 9:30:43 AM : ping
5/12/2021 9:30:44 AM : ping
5/12/2021 9:30:45 AM : ping
5/12/2021 9:30:46 AM : ping
5/12/2021 9:30:47 AM : ping
5/12/2021 9:30:48 AM : ping
5/12/2021 9:30:49 AM : ping
5/12/2021 9:30:50 AM : ping
5/12/2021 9:30:51 AM : ping
5/12/2021 9:30:52 AM : ping
5/12/2021 9:30:54 AM : ping
5/12/2021 9:30:55 AM : ping
5/12/2021 9:30:56 AM : ping
5/12/2021 9:30:57 AM : ping
5/12/2021 9:30:58 AM : ping
5/12/2021 9:30:59 AM : ping
5/12/2021 9:31:00 AM : ping
5/12/2021 9:31:01 AM : ping
5/12/2021 9:31:02 AM : ping
5/12/2021 9:31:03 AM : ping
5/12/2021 9:31:05 AM : ping
5/12/2021 9:31:06 AM : ping
5/12/2021 9:31:07 AM : ping
5/12/2021 9:31:08 AM : ping
5/12/2021 9:31:09 AM : ping
5/12/2021 9:31:10 AM : ping
5/12/2021 9:31:11 AM : ping
5/12/2021 9:31:12 AM : ping
5/12/2021 9:31:13 AM : ping
5/12/2021 9:31:14 AM : ping
5/12/2021 9:31:15 AM : ping
5/12/2021 9:31:17 AM : ping
5/12/2021 9:31:18 AM : ping
5/12/2021 9:31:19 AM : ping
5/12/2021 9:31:20 AM : ping
5/12/2021 9:31:21 AM : ping
5/12/2021 9:31:22 AM : ping
5/12/2021 9:31:23 AM : ping
5/12/2021 9:31:24 AM : ping
5/12/2021 9:31:25 AM : ping
5/12/2021 9:31:26 AM : ping
5/12/2021 9:31:28 AM : ping
5/12/2021 9:31:29 AM : ping
5/12/2021 9:31:30 AM : ping
5/12/2021 9:31:31 AM : ping
5/12/2021 9:31:32 AM : ping
5/12/2021 9:31:33 AM : ping
5/12/2021 9:31:34 AM : ping
5/12/2021 9:31:35 AM : ping
5/12/2021 9:31:36 AM : ping
5/12/2021 9:31:37 AM : ping
5/12/2021 9:31:38 AM : ping
5/12/2021 9:31:40 AM : ping
5/12/2021 9:31:41 AM : ping
5/12/2021 9:31:42 AM : ping
5/12/2021 9:31:43 AM : ping
5/12/2021 9:31:44 AM : ping
5/12/2021 9:31:45 AM : ping
5/12/2021 9:31:46 AM : ping
5/12/2021 9:31:47 AM : ping
5/12/2021 9:31:48 AM : ping
5/12/2021 9:31:49 AM : ping
