log begin
..............
5/17/2021 12:47:13 AM : ping
5/17/2021 12:47:13 AM : ping
5/17/2021 12:47:13 AM : ping
5/17/2021 12:47:15 AM : ping
5/17/2021 12:47:15 AM : ping
5/17/2021 12:47:15 AM : ping
5/17/2021 12:47:16 AM : ping
5/17/2021 12:47:16 AM : ping
5/17/2021 12:47:16 AM : ping
5/17/2021 12:47:17 AM : ping
5/17/2021 12:47:17 AM : ping
5/17/2021 12:47:17 AM : ping
5/17/2021 12:47:18 AM : ping
5/17/2021 12:47:18 AM : ping
5/17/2021 12:47:18 AM : ping
5/17/2021 12:47:19 AM : ping
5/17/2021 12:47:19 AM : ping
5/17/2021 12:47:19 AM : ping
5/17/2021 12:47:20 AM : ping
5/17/2021 12:47:20 AM : ping
5/17/2021 12:47:20 AM : ping
5/17/2021 12:47:21 AM : ping
5/17/2021 12:47:21 AM : ping
5/17/2021 12:47:21 AM : ping
5/17/2021 12:47:22 AM : ping
5/17/2021 12:47:22 AM : ping
5/17/2021 12:47:22 AM : ping
5/17/2021 12:47:23 AM : ping
5/17/2021 12:47:23 AM : ping
5/17/2021 12:47:23 AM : ping
5/17/2021 12:47:25 AM : ping
5/17/2021 12:47:25 AM : ping
5/17/2021 12:47:25 AM : ping
5/17/2021 12:47:26 AM : ping
5/17/2021 12:47:26 AM : ping
5/17/2021 12:47:26 AM : ping
5/17/2021 12:47:27 AM : ping
5/17/2021 12:47:27 AM : ping
5/17/2021 12:47:27 AM : ping
5/17/2021 12:47:28 AM : ping
5/17/2021 12:47:28 AM : ping
5/17/2021 12:47:28 AM : ping
5/17/2021 12:47:29 AM : ping
5/17/2021 12:47:29 AM : ping
5/17/2021 12:47:29 AM : ping
5/17/2021 12:47:30 AM : ping
5/17/2021 12:47:30 AM : ping
5/17/2021 12:47:30 AM : ping
5/17/2021 12:47:31 AM : ping
5/17/2021 12:47:31 AM : ping
5/17/2021 12:47:31 AM : ping
5/17/2021 12:47:32 AM : ping
5/17/2021 12:47:32 AM : ping
5/17/2021 12:47:32 AM : ping
5/17/2021 12:47:33 AM : ping
5/17/2021 12:47:33 AM : ping
5/17/2021 12:47:33 AM : ping
5/17/2021 12:47:35 AM : ping
5/17/2021 12:47:35 AM : ping
5/17/2021 12:47:35 AM : ping
5/17/2021 12:47:36 AM : ping
5/17/2021 12:47:36 AM : ping
5/17/2021 12:47:36 AM : ping
5/17/2021 12:47:37 AM : ping
5/17/2021 12:47:37 AM : ping
5/17/2021 12:47:37 AM : ping
5/17/2021 12:47:38 AM : ping
5/17/2021 12:47:38 AM : ping
5/17/2021 12:47:38 AM : ping
5/17/2021 12:47:39 AM : ping
5/17/2021 12:47:39 AM : ping
5/17/2021 12:47:39 AM : ping
5/17/2021 12:47:40 AM : ping
5/17/2021 12:47:40 AM : ping
5/17/2021 12:47:40 AM : ping
5/17/2021 12:47:41 AM : ping
5/17/2021 12:47:41 AM : ping
5/17/2021 12:47:41 AM : ping
5/17/2021 12:47:42 AM : ping
5/17/2021 12:47:42 AM : ping
5/17/2021 12:47:42 AM : ping
5/17/2021 12:47:43 AM : ping
5/17/2021 12:47:43 AM : ping
5/17/2021 12:47:43 AM : ping
5/17/2021 12:47:45 AM : ping
5/17/2021 12:47:45 AM : ping
5/17/2021 12:47:45 AM : ping
5/17/2021 12:47:46 AM : ping
5/17/2021 12:47:46 AM : ping
5/17/2021 12:47:46 AM : ping
5/17/2021 12:47:47 AM : ping
5/17/2021 12:47:47 AM : ping
5/17/2021 12:47:47 AM : ping
5/17/2021 12:47:48 AM : ping
5/17/2021 12:47:48 AM : ping
5/17/2021 12:47:48 AM : ping
5/17/2021 12:47:49 AM : ping
5/17/2021 12:47:49 AM : ping
5/17/2021 12:47:49 AM : ping
5/17/2021 12:47:50 AM : ping
5/17/2021 12:47:50 AM : ping
5/17/2021 12:47:50 AM : ping
5/17/2021 12:47:51 AM : ping
5/17/2021 12:47:51 AM : ping
5/17/2021 12:47:51 AM : ping
5/17/2021 12:47:52 AM : ping
5/17/2021 12:47:52 AM : ping
5/17/2021 12:47:52 AM : ping
5/17/2021 12:47:53 AM : ping
5/17/2021 12:47:53 AM : ping
5/17/2021 12:47:53 AM : ping
5/17/2021 12:47:55 AM : ping
5/17/2021 12:47:55 AM : ping
5/17/2021 12:47:55 AM : ping
5/17/2021 12:47:56 AM : ping
5/17/2021 12:47:56 AM : ping
5/17/2021 12:47:56 AM : ping
5/17/2021 12:47:57 AM : ping
5/17/2021 12:47:57 AM : ping
5/17/2021 12:47:57 AM : ping
5/17/2021 12:47:58 AM : ping
5/17/2021 12:47:58 AM : ping
5/17/2021 12:47:58 AM : ping
5/17/2021 12:47:59 AM : ping
5/17/2021 12:47:59 AM : ping
5/17/2021 12:47:59 AM : ping
5/17/2021 12:48:00 AM : ping
5/17/2021 12:48:00 AM : ping
5/17/2021 12:48:00 AM : ping
5/17/2021 12:48:01 AM : ping
5/17/2021 12:48:01 AM : ping
5/17/2021 12:48:01 AM : ping
5/17/2021 12:48:02 AM : ping
5/17/2021 12:48:02 AM : ping
5/17/2021 12:48:02 AM : ping
5/17/2021 12:48:03 AM : ping
5/17/2021 12:48:03 AM : ping
5/17/2021 12:48:03 AM : ping
5/17/2021 12:48:05 AM : ping
5/17/2021 12:48:05 AM : ping
5/17/2021 12:48:05 AM : ping
5/17/2021 12:48:06 AM : ping
5/17/2021 12:48:06 AM : ping
5/17/2021 12:48:06 AM : ping
5/17/2021 12:48:07 AM : ping
5/17/2021 12:48:07 AM : ping
5/17/2021 12:48:07 AM : ping
5/17/2021 12:48:08 AM : ping
5/17/2021 12:48:08 AM : ping
5/17/2021 12:48:08 AM : ping
5/17/2021 12:48:09 AM : ping
5/17/2021 12:48:09 AM : ping
5/17/2021 12:48:09 AM : ping
5/17/2021 12:48:10 AM : ping
5/17/2021 12:48:10 AM : ping
5/17/2021 12:48:10 AM : ping
5/17/2021 12:48:11 AM : ping
5/17/2021 12:48:11 AM : ping
5/17/2021 12:48:11 AM : ping
5/17/2021 12:48:12 AM : ping
5/17/2021 12:48:12 AM : ping
5/17/2021 12:48:12 AM : ping
5/17/2021 12:48:13 AM : ping
5/17/2021 12:48:13 AM : ping
5/17/2021 12:48:13 AM : ping
5/17/2021 12:48:15 AM : ping
5/17/2021 12:48:15 AM : ping
5/17/2021 12:48:15 AM : ping
5/17/2021 12:48:16 AM : ping
5/17/2021 12:48:16 AM : ping
5/17/2021 12:48:16 AM : ping
5/17/2021 12:48:17 AM : ping
5/17/2021 12:48:17 AM : ping
5/17/2021 12:48:17 AM : ping
5/17/2021 12:48:18 AM : ping
5/17/2021 12:48:18 AM : ping
5/17/2021 12:48:18 AM : ping
5/17/2021 12:48:19 AM : ping
5/17/2021 12:48:19 AM : ping
5/17/2021 12:48:19 AM : ping
5/17/2021 12:48:20 AM : ping
5/17/2021 12:48:20 AM : ping
5/17/2021 12:48:20 AM : ping
5/17/2021 12:48:21 AM : ping
5/17/2021 12:48:21 AM : ping
5/17/2021 12:48:21 AM : ping
5/17/2021 12:48:22 AM : ping
5/17/2021 12:48:22 AM : ping
5/17/2021 12:48:22 AM : ping
5/17/2021 12:48:23 AM : ping
5/17/2021 12:48:23 AM : ping
5/17/2021 12:48:23 AM : ping
5/17/2021 12:48:24 AM : launch server at port: 7003
5/17/2021 12:48:25 AM : launch server at port: 7004
5/17/2021 12:48:25 AM : ping
5/17/2021 12:48:25 AM : ping
5/17/2021 12:48:25 AM : ping
5/17/2021 12:48:25 AM : launch server at port: 7005
5/17/2021 12:48:26 AM : ping
5/17/2021 12:48:26 AM : ping
5/17/2021 12:48:26 AM : ping
5/17/2021 12:48:27 AM : ping
5/17/2021 12:48:27 AM : ping
5/17/2021 12:48:27 AM : ping
5/17/2021 12:48:28 AM : ping
5/17/2021 12:48:28 AM : ping
5/17/2021 12:48:28 AM : ping
5/17/2021 12:48:29 AM : ping
5/17/2021 12:48:29 AM : ping
5/17/2021 12:48:29 AM : ping
5/17/2021 12:48:30 AM : ping
5/17/2021 12:48:30 AM : ping
5/17/2021 12:48:30 AM : ping
5/17/2021 12:48:31 AM : ping
5/17/2021 12:48:31 AM : ping
5/17/2021 12:48:31 AM : ping
5/17/2021 12:48:32 AM : ping
5/17/2021 12:48:32 AM : ping
5/17/2021 12:48:32 AM : ping
5/17/2021 12:48:33 AM : ping
5/17/2021 12:48:33 AM : ping
5/17/2021 12:48:33 AM : ping
5/17/2021 12:48:35 AM : ping
5/17/2021 12:48:35 AM : ping
5/17/2021 12:48:35 AM : ping
5/17/2021 12:48:36 AM : ping
5/17/2021 12:48:36 AM : ping
5/17/2021 12:48:36 AM : ping
5/17/2021 12:48:37 AM : ping
5/17/2021 12:48:37 AM : ping
5/17/2021 12:48:37 AM : ping
5/17/2021 12:48:38 AM : ping
5/17/2021 12:48:38 AM : ping
5/17/2021 12:48:38 AM : ping
5/17/2021 12:48:39 AM : ping
5/17/2021 12:48:39 AM : ping
5/17/2021 12:48:39 AM : ping
5/17/2021 12:48:40 AM : ping
5/17/2021 12:48:40 AM : ping
5/17/2021 12:48:40 AM : ping
5/17/2021 12:48:41 AM : ping
5/17/2021 12:48:41 AM : ping
5/17/2021 12:48:41 AM : ping
5/17/2021 12:48:42 AM : ping
5/17/2021 12:48:42 AM : ping
5/17/2021 12:48:42 AM : ping
5/17/2021 12:48:43 AM : ping
5/17/2021 12:48:43 AM : ping
5/17/2021 12:48:44 AM : ping
5/17/2021 12:48:45 AM : ping
5/17/2021 12:48:45 AM : ping
5/17/2021 12:48:45 AM : ping
5/17/2021 12:48:46 AM : ping
5/17/2021 12:48:46 AM : ping
5/17/2021 12:48:46 AM : ping
5/17/2021 12:48:47 AM : ping
5/17/2021 12:48:47 AM : ping
5/17/2021 12:48:47 AM : ping
5/17/2021 12:48:48 AM : ping
5/17/2021 12:48:48 AM : ping
5/17/2021 12:48:48 AM : ping
5/17/2021 12:48:49 AM : ping
5/17/2021 12:48:49 AM : ping
5/17/2021 12:48:49 AM : ping
5/17/2021 12:48:50 AM : ping
5/17/2021 12:48:50 AM : ping
5/17/2021 12:48:50 AM : ping
5/17/2021 12:48:51 AM : ping
5/17/2021 12:48:51 AM : ping
5/17/2021 12:48:51 AM : ping
5/17/2021 12:48:52 AM : ping
5/17/2021 12:48:52 AM : ping
5/17/2021 12:48:52 AM : ping
5/17/2021 12:48:53 AM : ping
5/17/2021 12:48:53 AM : ping
5/17/2021 12:48:54 AM : ping
5/17/2021 12:48:55 AM : ping
5/17/2021 12:48:55 AM : ping
5/17/2021 12:48:55 AM : ping
5/17/2021 12:48:56 AM : ping
5/17/2021 12:48:56 AM : ping
5/17/2021 12:48:56 AM : ping
5/17/2021 12:48:57 AM : ping
5/17/2021 12:48:57 AM : ping
5/17/2021 12:48:57 AM : ping
5/17/2021 12:48:58 AM : ping
5/17/2021 12:48:58 AM : ping
5/17/2021 12:48:58 AM : ping
5/17/2021 12:48:59 AM : ping
5/17/2021 12:48:59 AM : ping
5/17/2021 12:48:59 AM : ping
5/17/2021 12:49:00 AM : ping
5/17/2021 12:49:00 AM : ping
5/17/2021 12:49:00 AM : ping
5/17/2021 12:49:01 AM : ping
5/17/2021 12:49:01 AM : ping
5/17/2021 12:49:01 AM : ping
5/17/2021 12:49:02 AM : ping
5/17/2021 12:49:02 AM : ping
5/17/2021 12:49:02 AM : ping
5/17/2021 12:49:03 AM : ping
5/17/2021 12:49:03 AM : ping
5/17/2021 12:49:04 AM : ping
5/17/2021 12:49:05 AM : ping
5/17/2021 12:49:05 AM : ping
5/17/2021 12:49:05 AM : ping
5/17/2021 12:49:06 AM : ping
5/17/2021 12:49:06 AM : ping
5/17/2021 12:49:06 AM : ping
5/17/2021 12:49:07 AM : ping
5/17/2021 12:49:07 AM : ping
5/17/2021 12:49:07 AM : ping
5/17/2021 12:49:08 AM : ping
5/17/2021 12:49:08 AM : ping
5/17/2021 12:49:08 AM : ping
5/17/2021 12:49:09 AM : ping
5/17/2021 12:49:09 AM : ping
5/17/2021 12:49:09 AM : ping
5/17/2021 12:49:10 AM : ping
5/17/2021 12:49:10 AM : ping
5/17/2021 12:49:10 AM : ping
5/17/2021 12:49:11 AM : ping
5/17/2021 12:49:11 AM : ping
5/17/2021 12:49:11 AM : ping
5/17/2021 12:49:12 AM : ping
5/17/2021 12:49:12 AM : ping
5/17/2021 12:49:12 AM : ping
5/17/2021 12:49:13 AM : ping
5/17/2021 12:49:13 AM : ping
5/17/2021 12:49:14 AM : ping
5/17/2021 12:49:15 AM : ping
5/17/2021 12:49:15 AM : ping
5/17/2021 12:49:15 AM : ping
5/17/2021 12:49:16 AM : ping
5/17/2021 12:49:16 AM : ping
5/17/2021 12:49:16 AM : ping
5/17/2021 12:49:17 AM : ping
5/17/2021 12:49:17 AM : ping
5/17/2021 12:49:17 AM : ping
5/17/2021 12:49:18 AM : ping
5/17/2021 12:49:18 AM : ping
5/17/2021 12:49:18 AM : ping
5/17/2021 12:49:18 AM : kService.requestChannels.Count :14
5/17/2021 12:49:18 AM : kService.requestChannels.Count :14
5/17/2021 12:49:19 AM : ping
5/17/2021 12:49:19 AM : ping
5/17/2021 12:49:19 AM : ping
5/17/2021 12:49:20 AM : ping
5/17/2021 12:49:20 AM : ping
5/17/2021 12:49:20 AM : ping
5/17/2021 12:49:21 AM : ping
5/17/2021 12:49:21 AM : ping
5/17/2021 12:49:21 AM : ping
5/17/2021 12:49:22 AM : kService.requestChannels.Count :13
5/17/2021 12:49:22 AM : kService.requestChannels.Count :13
5/17/2021 12:49:22 AM : ping
5/17/2021 12:49:22 AM : ping
5/17/2021 12:49:22 AM : ping
5/17/2021 12:49:23 AM : kService.requestChannels.Count :12
5/17/2021 12:49:23 AM : kService.requestChannels.Count :12
5/17/2021 12:49:23 AM : ping
5/17/2021 12:49:23 AM : ping
5/17/2021 12:49:24 AM : ping
5/17/2021 12:49:24 AM : kService.requestChannels.Count :11
5/17/2021 12:49:24 AM : kService.requestChannels.Count :11
5/17/2021 12:49:25 AM : ping
5/17/2021 12:49:25 AM : ping
5/17/2021 12:49:25 AM : ping
5/17/2021 12:49:25 AM : kService.requestChannels.Count :10
5/17/2021 12:49:25 AM : kService.requestChannels.Count :10
5/17/2021 12:49:26 AM : ping
5/17/2021 12:49:26 AM : ping
5/17/2021 12:49:26 AM : ping
5/17/2021 12:49:26 AM : kService.requestChannels.Count :9
5/17/2021 12:49:26 AM : kService.requestChannels.Count :9
5/17/2021 12:49:27 AM : ping
5/17/2021 12:49:27 AM : ping
5/17/2021 12:49:27 AM : ping
5/17/2021 12:49:28 AM : ping
5/17/2021 12:49:28 AM : ping
5/17/2021 12:49:28 AM : ping
5/17/2021 12:49:28 AM : kService.requestChannels.Count :8
5/17/2021 12:49:28 AM : kService.requestChannels.Count :8
5/17/2021 12:49:29 AM : ping
5/17/2021 12:49:29 AM : ping
5/17/2021 12:49:29 AM : ping
5/17/2021 12:49:30 AM : ping
5/17/2021 12:49:30 AM : ping
5/17/2021 12:49:30 AM : ping
5/17/2021 12:49:31 AM : ping
5/17/2021 12:49:31 AM : ping
5/17/2021 12:49:31 AM : ping
5/17/2021 12:49:32 AM : ping
5/17/2021 12:49:32 AM : ping
5/17/2021 12:49:32 AM : ping
5/17/2021 12:49:33 AM : ping
5/17/2021 12:49:33 AM : ping
5/17/2021 12:49:33 AM : ping
5/17/2021 12:49:35 AM : ping
5/17/2021 12:49:35 AM : ping
5/17/2021 12:49:35 AM : ping
5/17/2021 12:49:35 AM : kService.requestChannels.Count :7
5/17/2021 12:49:35 AM : kService.requestChannels.Count :7
5/17/2021 12:49:36 AM : kService.requestChannels.Count :6
5/17/2021 12:49:36 AM : kService.requestChannels.Count :6
5/17/2021 12:49:36 AM : ping
5/17/2021 12:49:36 AM : ping
5/17/2021 12:49:36 AM : ping
5/17/2021 12:49:36 AM : kService.requestChannels.Count :5
5/17/2021 12:49:36 AM : kService.requestChannels.Count :5
5/17/2021 12:49:36 AM : kService.requestChannels.Count :4
5/17/2021 12:49:36 AM : kService.requestChannels.Count :4
5/17/2021 12:49:37 AM : kService.requestChannels.Count :3
5/17/2021 12:49:37 AM : kService.requestChannels.Count :3
5/17/2021 12:49:37 AM : ping
5/17/2021 12:49:37 AM : ping
5/17/2021 12:49:37 AM : ping
5/17/2021 12:49:38 AM : kService.requestChannels.Count :2
5/17/2021 12:49:38 AM : kService.requestChannels.Count :2
5/17/2021 12:49:38 AM : ping
5/17/2021 12:49:38 AM : ping
5/17/2021 12:49:38 AM : ping
5/17/2021 12:49:38 AM : kService.requestChannels.Count :1
5/17/2021 12:49:38 AM : kService.requestChannels.Count :1
5/17/2021 12:49:39 AM : ping
5/17/2021 12:49:39 AM : ping
5/17/2021 12:49:39 AM : ping
5/17/2021 12:49:40 AM : ping
5/17/2021 12:49:40 AM : ping
5/17/2021 12:49:40 AM : ping
5/17/2021 12:49:41 AM : ping
5/17/2021 12:49:41 AM : ping
5/17/2021 12:49:41 AM : ping
5/17/2021 12:49:42 AM : ping
5/17/2021 12:49:42 AM : ping
5/17/2021 12:49:42 AM : ping
5/17/2021 12:49:43 AM : ping
5/17/2021 12:49:43 AM : ping
5/17/2021 12:49:43 AM : ping
5/17/2021 12:49:45 AM : ping
5/17/2021 12:49:45 AM : ping
5/17/2021 12:49:45 AM : ping
5/17/2021 12:49:46 AM : ping
5/17/2021 12:49:46 AM : ping
5/17/2021 12:49:46 AM : ping
5/17/2021 12:49:47 AM : ping
5/17/2021 12:49:47 AM : ping
5/17/2021 12:49:47 AM : ping
5/17/2021 12:49:48 AM : ping
5/17/2021 12:49:48 AM : ping
5/17/2021 12:49:48 AM : ping
5/17/2021 12:49:49 AM : ping
5/17/2021 12:49:49 AM : ping
5/17/2021 12:49:49 AM : ping
5/17/2021 12:49:50 AM : ping
5/17/2021 12:49:50 AM : ping
5/17/2021 12:49:50 AM : ping
5/17/2021 12:49:51 AM : ping
5/17/2021 12:49:51 AM : ping
5/17/2021 12:49:51 AM : ping
5/17/2021 12:49:52 AM : ping
5/17/2021 12:49:52 AM : ping
5/17/2021 12:49:52 AM : ping
5/17/2021 12:49:53 AM : ping
5/17/2021 12:49:53 AM : ping
5/17/2021 12:49:53 AM : ping
5/17/2021 12:49:55 AM : ping
5/17/2021 12:49:55 AM : ping
5/17/2021 12:49:55 AM : ping
5/17/2021 12:49:56 AM : ping
5/17/2021 12:49:56 AM : ping
5/17/2021 12:49:56 AM : ping
5/17/2021 12:49:57 AM : ping
5/17/2021 12:49:57 AM : ping
5/17/2021 12:49:57 AM : ping
5/17/2021 12:49:58 AM : ping
5/17/2021 12:49:58 AM : ping
5/17/2021 12:49:58 AM : ping
5/17/2021 12:49:59 AM : ping
5/17/2021 12:49:59 AM : ping
5/17/2021 12:49:59 AM : ping
5/17/2021 12:50:00 AM : ping
5/17/2021 12:50:00 AM : ping
5/17/2021 12:50:00 AM : ping
5/17/2021 12:50:01 AM : ping
5/17/2021 12:50:01 AM : ping
5/17/2021 12:50:01 AM : ping
5/17/2021 12:50:02 AM : kService.requestChannels.Count :0
5/17/2021 12:50:02 AM : kService.requestChannels.Count :0
5/17/2021 12:50:02 AM : ping
5/17/2021 12:50:02 AM : ping
5/17/2021 12:50:02 AM : ping
5/17/2021 12:50:03 AM : ping
5/17/2021 12:50:03 AM : ping
5/17/2021 12:50:03 AM : ping
5/17/2021 12:50:05 AM : ping
5/17/2021 12:50:05 AM : ping
5/17/2021 12:50:05 AM : ping
5/17/2021 12:50:06 AM : ping
5/17/2021 12:50:06 AM : ping
5/17/2021 12:50:06 AM : ping
5/17/2021 12:50:07 AM : ping
5/17/2021 12:50:07 AM : ping
5/17/2021 12:50:07 AM : ping
