log begin
..............
5/16/2021 3:48:48 PM : ping
5/16/2021 3:48:48 PM : ping
5/16/2021 3:48:48 PM : ping
5/16/2021 3:48:49 PM : ping
5/16/2021 3:48:49 PM : ping
5/16/2021 3:48:49 PM : ping
5/16/2021 3:48:50 PM : ping
5/16/2021 3:48:50 PM : ping
5/16/2021 3:48:50 PM : ping
5/16/2021 3:48:51 PM : ping
5/16/2021 3:48:51 PM : ping
5/16/2021 3:48:51 PM : ping
5/16/2021 3:48:52 PM : ping
5/16/2021 3:48:52 PM : ping
5/16/2021 3:48:52 PM : ping
5/16/2021 3:48:53 PM : ping
5/16/2021 3:48:53 PM : ping
5/16/2021 3:48:53 PM : ping
5/16/2021 3:48:55 PM : ping
5/16/2021 3:48:55 PM : ping
5/16/2021 3:48:55 PM : ping
5/16/2021 3:48:56 PM : ping
5/16/2021 3:48:56 PM : ping
5/16/2021 3:48:56 PM : ping
5/16/2021 3:48:57 PM : ping
5/16/2021 3:48:57 PM : ping
5/16/2021 3:48:57 PM : ping
5/16/2021 3:48:58 PM : ping
5/16/2021 3:48:58 PM : ping
5/16/2021 3:48:58 PM : ping
5/16/2021 3:48:59 PM : ping
5/16/2021 3:48:59 PM : ping
5/16/2021 3:48:59 PM : ping
5/16/2021 3:49:00 PM : ping
5/16/2021 3:49:00 PM : ping
5/16/2021 3:49:00 PM : ping
5/16/2021 3:49:01 PM : launch server at port: 7003
5/16/2021 3:49:01 PM : ping
5/16/2021 3:49:01 PM : ping
5/16/2021 3:49:01 PM : ping
5/16/2021 3:49:02 PM : ping
5/16/2021 3:49:02 PM : ping
5/16/2021 3:49:02 PM : ping
5/16/2021 3:49:03 PM : ping
5/16/2021 3:49:03 PM : ping
5/16/2021 3:49:03 PM : ping
5/16/2021 3:49:04 PM : ping
5/16/2021 3:49:04 PM : ping
5/16/2021 3:49:05 PM : ping
5/16/2021 3:49:06 PM : ping
5/16/2021 3:49:06 PM : ping
5/16/2021 3:49:06 PM : ping
5/16/2021 3:49:07 PM : ping
5/16/2021 3:49:07 PM : ping
5/16/2021 3:49:07 PM : ping
5/16/2021 3:49:08 PM : ping
5/16/2021 3:49:08 PM : ping
5/16/2021 3:49:08 PM : ping
5/16/2021 3:49:09 PM : ping
5/16/2021 3:49:09 PM : ping
5/16/2021 3:49:09 PM : ping
5/16/2021 3:49:10 PM : ping
5/16/2021 3:49:10 PM : ping
5/16/2021 3:49:10 PM : ping
5/16/2021 3:49:11 PM : ping
5/16/2021 3:49:11 PM : ping
5/16/2021 3:49:11 PM : ping
5/16/2021 3:49:12 PM : ping
5/16/2021 3:49:12 PM : ping
5/16/2021 3:49:12 PM : ping
5/16/2021 3:49:13 PM : ping
5/16/2021 3:49:13 PM : ping
5/16/2021 3:49:13 PM : ping
5/16/2021 3:49:14 PM : ping
5/16/2021 3:49:14 PM : ping
5/16/2021 3:49:14 PM : ping
5/16/2021 3:49:16 PM : ping
5/16/2021 3:49:16 PM : ping
5/16/2021 3:49:16 PM : ping
5/16/2021 3:49:17 PM : ping
5/16/2021 3:49:17 PM : ping
5/16/2021 3:49:17 PM : ping
5/16/2021 3:49:18 PM : ping
5/16/2021 3:49:18 PM : ping
5/16/2021 3:49:18 PM : ping
5/16/2021 3:49:19 PM : ping
5/16/2021 3:49:19 PM : ping
5/16/2021 3:49:19 PM : ping
5/16/2021 3:49:20 PM : ping
5/16/2021 3:49:20 PM : ping
5/16/2021 3:49:20 PM : ping
5/16/2021 3:49:21 PM : ping
5/16/2021 3:49:21 PM : ping
5/16/2021 3:49:21 PM : ping
5/16/2021 3:49:22 PM : ping
5/16/2021 3:49:22 PM : ping
5/16/2021 3:49:22 PM : ping
5/16/2021 3:49:23 PM : ping
5/16/2021 3:49:23 PM : ping
5/16/2021 3:49:23 PM : ping
5/16/2021 3:49:24 PM : ping
5/16/2021 3:49:24 PM : ping
5/16/2021 3:49:24 PM : ping
5/16/2021 3:49:26 PM : ping
5/16/2021 3:49:26 PM : ping
5/16/2021 3:49:26 PM : ping
5/16/2021 3:49:27 PM : ping
5/16/2021 3:49:27 PM : ping
5/16/2021 3:49:27 PM : ping
5/16/2021 3:49:28 PM : ping
5/16/2021 3:49:28 PM : ping
5/16/2021 3:49:28 PM : ping
5/16/2021 3:49:29 PM : ping
5/16/2021 3:49:29 PM : ping
5/16/2021 3:49:29 PM : ping
5/16/2021 3:49:30 PM : ping
5/16/2021 3:49:30 PM : ping
5/16/2021 3:49:30 PM : ping
5/16/2021 3:49:31 PM : ping
5/16/2021 3:49:31 PM : ping
5/16/2021 3:49:31 PM : ping
5/16/2021 3:49:32 PM : ping
5/16/2021 3:49:32 PM : ping
5/16/2021 3:49:32 PM : ping
5/16/2021 3:49:33 PM : ping
5/16/2021 3:49:33 PM : ping
5/16/2021 3:49:33 PM : ping
5/16/2021 3:49:34 PM : ping
5/16/2021 3:49:34 PM : ping
5/16/2021 3:49:34 PM : ping
5/16/2021 3:49:36 PM : ping
5/16/2021 3:49:36 PM : ping
5/16/2021 3:49:36 PM : ping
5/16/2021 3:49:37 PM : ping
5/16/2021 3:49:37 PM : ping
5/16/2021 3:49:37 PM : ping
5/16/2021 3:49:37 PM : kService.requestChannels.Count :0
5/16/2021 3:49:37 PM : kService.requestChannels.Count :0
5/16/2021 3:49:38 PM : ping
5/16/2021 3:49:38 PM : ping
5/16/2021 3:49:38 PM : ping
5/16/2021 3:49:39 PM : ping
5/16/2021 3:49:39 PM : ping
5/16/2021 3:49:39 PM : ping
5/16/2021 3:49:40 PM : ping
5/16/2021 3:49:40 PM : ping
5/16/2021 3:49:40 PM : ping
5/16/2021 3:49:41 PM : ping
5/16/2021 3:49:41 PM : ping
5/16/2021 3:49:41 PM : ping
5/16/2021 3:49:42 PM : ping
5/16/2021 3:49:42 PM : ping
5/16/2021 3:49:42 PM : ping
5/16/2021 3:49:43 PM : ping
5/16/2021 3:49:43 PM : ping
5/16/2021 3:49:43 PM : ping
5/16/2021 3:49:44 PM : ping
5/16/2021 3:49:44 PM : ping
5/16/2021 3:49:44 PM : ping
5/16/2021 3:49:46 PM : ping
5/16/2021 3:49:46 PM : ping
5/16/2021 3:49:46 PM : ping
5/16/2021 3:49:47 PM : ping
5/16/2021 3:49:47 PM : ping
5/16/2021 3:49:47 PM : ping
5/16/2021 3:49:48 PM : ping
5/16/2021 3:49:48 PM : ping
5/16/2021 3:49:48 PM : ping
5/16/2021 3:49:49 PM : ping
5/16/2021 3:49:49 PM : ping
5/16/2021 3:49:49 PM : ping
5/16/2021 3:49:50 PM : ping
5/16/2021 3:49:50 PM : ping
5/16/2021 3:49:50 PM : ping
5/16/2021 3:49:51 PM : ping
5/16/2021 3:49:51 PM : ping
5/16/2021 3:49:51 PM : ping
5/16/2021 3:49:52 PM : ping
5/16/2021 3:49:52 PM : ping
5/16/2021 3:49:52 PM : ping
5/16/2021 3:49:53 PM : ping
5/16/2021 3:49:53 PM : ping
5/16/2021 3:49:53 PM : ping
5/16/2021 3:49:54 PM : ping
5/16/2021 3:49:54 PM : ping
5/16/2021 3:49:54 PM : ping
5/16/2021 3:49:55 PM : ping
5/16/2021 3:49:55 PM : ping
5/16/2021 3:49:55 PM : ping
5/16/2021 3:49:57 PM : ping
5/16/2021 3:49:57 PM : ping
5/16/2021 3:49:57 PM : ping
5/16/2021 3:49:58 PM : ping
5/16/2021 3:49:58 PM : ping
5/16/2021 3:49:58 PM : ping
5/16/2021 3:49:59 PM : ping
5/16/2021 3:49:59 PM : ping
5/16/2021 3:49:59 PM : ping
5/16/2021 3:50:00 PM : ping
5/16/2021 3:50:00 PM : ping
5/16/2021 3:50:00 PM : ping
5/16/2021 3:50:01 PM : ping
5/16/2021 3:50:01 PM : ping
5/16/2021 3:50:01 PM : ping
