log begin
..............
5/16/2021 3:41:43 PM : ping
5/16/2021 3:41:43 PM : ping
5/16/2021 3:41:43 PM : ping
5/16/2021 3:41:44 PM : ping
5/16/2021 3:41:44 PM : ping
5/16/2021 3:41:44 PM : ping
5/16/2021 3:41:45 PM : ping
5/16/2021 3:41:45 PM : ping
5/16/2021 3:41:45 PM : ping
5/16/2021 3:41:46 PM : ping
5/16/2021 3:41:46 PM : ping
5/16/2021 3:41:46 PM : ping
5/16/2021 3:41:47 PM : ping
5/16/2021 3:41:47 PM : ping
5/16/2021 3:41:47 PM : ping
5/16/2021 3:41:48 PM : ping
5/16/2021 3:41:48 PM : ping
5/16/2021 3:41:48 PM : ping
5/16/2021 3:41:49 PM : ping
5/16/2021 3:41:49 PM : ping
5/16/2021 3:41:49 PM : ping
5/16/2021 3:41:50 PM : ping
5/16/2021 3:41:50 PM : ping
5/16/2021 3:41:50 PM : ping
5/16/2021 3:41:51 PM : ping
5/16/2021 3:41:52 PM : ping
5/16/2021 3:41:52 PM : ping
5/16/2021 3:41:53 PM : ping
5/16/2021 3:41:53 PM : ping
5/16/2021 3:41:53 PM : ping
5/16/2021 3:41:54 PM : ping
5/16/2021 3:41:54 PM : ping
5/16/2021 3:41:54 PM : ping
5/16/2021 3:41:55 PM : ping
5/16/2021 3:41:55 PM : ping
5/16/2021 3:41:55 PM : ping
5/16/2021 3:41:56 PM : ping
5/16/2021 3:41:56 PM : ping
5/16/2021 3:41:56 PM : ping
5/16/2021 3:41:57 PM : ping
5/16/2021 3:41:57 PM : ping
5/16/2021 3:41:57 PM : ping
5/16/2021 3:41:58 PM : ping
5/16/2021 3:41:58 PM : ping
5/16/2021 3:41:58 PM : ping
5/16/2021 3:41:59 PM : ping
5/16/2021 3:41:59 PM : ping
5/16/2021 3:41:59 PM : ping
5/16/2021 3:42:00 PM : ping
5/16/2021 3:42:00 PM : ping
5/16/2021 3:42:00 PM : ping
5/16/2021 3:42:01 PM : ping
5/16/2021 3:42:02 PM : ping
5/16/2021 3:42:02 PM : ping
5/16/2021 3:42:03 PM : ping
5/16/2021 3:42:03 PM : ping
5/16/2021 3:42:03 PM : ping
5/16/2021 3:42:04 PM : ping
5/16/2021 3:42:04 PM : ping
5/16/2021 3:42:04 PM : ping
5/16/2021 3:42:05 PM : ping
5/16/2021 3:42:05 PM : ping
5/16/2021 3:42:05 PM : ping
5/16/2021 3:42:06 PM : ping
5/16/2021 3:42:06 PM : ping
5/16/2021 3:42:06 PM : ping
5/16/2021 3:42:07 PM : ping
5/16/2021 3:42:07 PM : ping
5/16/2021 3:42:07 PM : ping
5/16/2021 3:42:08 PM : ping
5/16/2021 3:42:08 PM : ping
5/16/2021 3:42:08 PM : ping
5/16/2021 3:42:09 PM : ping
5/16/2021 3:42:09 PM : ping
5/16/2021 3:42:09 PM : ping
5/16/2021 3:42:10 PM : ping
5/16/2021 3:42:10 PM : ping
5/16/2021 3:42:10 PM : ping
5/16/2021 3:42:11 PM : ping
5/16/2021 3:42:11 PM : ping
5/16/2021 3:42:11 PM : ping
5/16/2021 3:42:13 PM : ping
5/16/2021 3:42:13 PM : ping
5/16/2021 3:42:13 PM : ping
5/16/2021 3:42:14 PM : ping
5/16/2021 3:42:14 PM : ping
5/16/2021 3:42:14 PM : ping
5/16/2021 3:42:15 PM : ping
5/16/2021 3:42:15 PM : ping
5/16/2021 3:42:15 PM : ping
5/16/2021 3:42:16 PM : ping
5/16/2021 3:42:16 PM : ping
5/16/2021 3:42:16 PM : ping
5/16/2021 3:42:16 PM : launch server at port: 7003
5/16/2021 3:42:17 PM : ping
5/16/2021 3:42:17 PM : ping
5/16/2021 3:42:17 PM : ping
5/16/2021 3:42:18 PM : ping
5/16/2021 3:42:18 PM : ping
5/16/2021 3:42:18 PM : ping
5/16/2021 3:42:19 PM : ping
5/16/2021 3:42:19 PM : ping
5/16/2021 3:42:19 PM : ping
5/16/2021 3:42:20 PM : ping
5/16/2021 3:42:20 PM : ping
5/16/2021 3:42:20 PM : ping
5/16/2021 3:42:21 PM : ping
5/16/2021 3:42:21 PM : ping
5/16/2021 3:42:21 PM : ping
5/16/2021 3:42:23 PM : ping
5/16/2021 3:42:23 PM : ping
5/16/2021 3:42:23 PM : ping
5/16/2021 3:42:24 PM : ping
5/16/2021 3:42:24 PM : ping
5/16/2021 3:42:24 PM : ping
5/16/2021 3:42:25 PM : ping
5/16/2021 3:42:25 PM : ping
5/16/2021 3:42:25 PM : ping
5/16/2021 3:42:26 PM : ping
5/16/2021 3:42:26 PM : ping
5/16/2021 3:42:26 PM : ping
5/16/2021 3:42:27 PM : ping
5/16/2021 3:42:27 PM : ping
5/16/2021 3:42:27 PM : ping
5/16/2021 3:42:28 PM : ping
5/16/2021 3:42:28 PM : ping
5/16/2021 3:42:28 PM : ping
5/16/2021 3:42:29 PM : ping
5/16/2021 3:42:29 PM : ping
5/16/2021 3:42:29 PM : ping
5/16/2021 3:42:30 PM : ping
5/16/2021 3:42:30 PM : ping
5/16/2021 3:42:30 PM : ping
5/16/2021 3:42:31 PM : ping
5/16/2021 3:42:31 PM : ping
5/16/2021 3:42:31 PM : ping
5/16/2021 3:42:33 PM : ping
5/16/2021 3:42:33 PM : ping
5/16/2021 3:42:33 PM : ping
5/16/2021 3:42:34 PM : ping
5/16/2021 3:42:34 PM : ping
5/16/2021 3:42:34 PM : ping
5/16/2021 3:42:35 PM : ping
5/16/2021 3:42:35 PM : ping
5/16/2021 3:42:35 PM : ping
5/16/2021 3:42:36 PM : ping
5/16/2021 3:42:36 PM : ping
5/16/2021 3:42:36 PM : ping
5/16/2021 3:42:37 PM : ping
5/16/2021 3:42:37 PM : ping
5/16/2021 3:42:37 PM : ping
5/16/2021 3:42:38 PM : ping
5/16/2021 3:42:38 PM : ping
5/16/2021 3:42:38 PM : ping
5/16/2021 3:42:39 PM : ping
5/16/2021 3:42:39 PM : ping
5/16/2021 3:42:39 PM : ping
5/16/2021 3:42:40 PM : ping
5/16/2021 3:42:40 PM : ping
5/16/2021 3:42:40 PM : ping
5/16/2021 3:42:41 PM : ping
5/16/2021 3:42:41 PM : ping
5/16/2021 3:42:41 PM : ping
5/16/2021 3:42:43 PM : ping
5/16/2021 3:42:43 PM : ping
5/16/2021 3:42:43 PM : ping
5/16/2021 3:42:44 PM : ping
5/16/2021 3:42:44 PM : ping
5/16/2021 3:42:44 PM : ping
5/16/2021 3:42:45 PM : ping
5/16/2021 3:42:45 PM : ping
5/16/2021 3:42:45 PM : ping
5/16/2021 3:42:46 PM : ping
5/16/2021 3:42:46 PM : ping
5/16/2021 3:42:46 PM : ping
5/16/2021 3:42:47 PM : ping
5/16/2021 3:42:47 PM : ping
5/16/2021 3:42:47 PM : ping
5/16/2021 3:42:48 PM : ping
5/16/2021 3:42:48 PM : ping
5/16/2021 3:42:48 PM : ping
5/16/2021 3:42:49 PM : ping
5/16/2021 3:42:49 PM : ping
5/16/2021 3:42:49 PM : ping
5/16/2021 3:42:50 PM : ping
5/16/2021 3:42:50 PM : ping
5/16/2021 3:42:50 PM : ping
5/16/2021 3:42:51 PM : ping
5/16/2021 3:42:51 PM : ping
5/16/2021 3:42:51 PM : ping
5/16/2021 3:42:52 PM : ping
5/16/2021 3:42:52 PM : ping
5/16/2021 3:42:52 PM : ping
5/16/2021 3:42:54 PM : ping
5/16/2021 3:42:54 PM : ping
5/16/2021 3:42:54 PM : ping
5/16/2021 3:42:55 PM : ping
5/16/2021 3:42:55 PM : ping
5/16/2021 3:42:55 PM : ping
5/16/2021 3:42:56 PM : ping
5/16/2021 3:42:56 PM : ping
5/16/2021 3:42:56 PM : ping
5/16/2021 3:42:57 PM : ping
5/16/2021 3:42:57 PM : ping
5/16/2021 3:42:57 PM : ping
5/16/2021 3:42:58 PM : ping
5/16/2021 3:42:58 PM : ping
5/16/2021 3:42:58 PM : ping
5/16/2021 3:42:59 PM : ping
5/16/2021 3:42:59 PM : ping
5/16/2021 3:42:59 PM : ping
5/16/2021 3:43:00 PM : ping
5/16/2021 3:43:00 PM : ping
5/16/2021 3:43:00 PM : ping
5/16/2021 3:43:01 PM : ping
5/16/2021 3:43:01 PM : ping
5/16/2021 3:43:01 PM : ping
5/16/2021 3:43:02 PM : ping
5/16/2021 3:43:02 PM : ping
5/16/2021 3:43:02 PM : ping
5/16/2021 3:43:04 PM : ping
5/16/2021 3:43:04 PM : ping
5/16/2021 3:43:04 PM : ping
5/16/2021 3:43:05 PM : ping
5/16/2021 3:43:05 PM : ping
5/16/2021 3:43:05 PM : ping
5/16/2021 3:43:06 PM : ping
5/16/2021 3:43:06 PM : ping
5/16/2021 3:43:06 PM : ping
5/16/2021 3:43:07 PM : ping
5/16/2021 3:43:07 PM : ping
5/16/2021 3:43:07 PM : ping
5/16/2021 3:43:08 PM : ping
5/16/2021 3:43:08 PM : ping
5/16/2021 3:43:08 PM : ping
5/16/2021 3:43:09 PM : ping
5/16/2021 3:43:09 PM : ping
5/16/2021 3:43:09 PM : ping
5/16/2021 3:43:10 PM : ping
5/16/2021 3:43:10 PM : ping
5/16/2021 3:43:10 PM : ping
5/16/2021 3:43:11 PM : ping
5/16/2021 3:43:11 PM : ping
5/16/2021 3:43:11 PM : ping
5/16/2021 3:43:12 PM : ping
5/16/2021 3:43:12 PM : ping
5/16/2021 3:43:12 PM : ping
5/16/2021 3:43:14 PM : ping
5/16/2021 3:43:14 PM : ping
5/16/2021 3:43:14 PM : ping
5/16/2021 3:43:14 PM : kService.requestChannels.Count :0
5/16/2021 3:43:14 PM : kService.requestChannels.Count :0
5/16/2021 3:43:15 PM : ping
5/16/2021 3:43:15 PM : ping
5/16/2021 3:43:15 PM : ping
5/16/2021 3:43:16 PM : ping
5/16/2021 3:43:16 PM : ping
5/16/2021 3:43:16 PM : ping
5/16/2021 3:43:17 PM : ping
5/16/2021 3:43:17 PM : ping
5/16/2021 3:43:17 PM : ping
5/16/2021 3:43:18 PM : ping
5/16/2021 3:43:18 PM : ping
5/16/2021 3:43:18 PM : ping
5/16/2021 3:43:19 PM : ping
5/16/2021 3:43:19 PM : ping
5/16/2021 3:43:19 PM : ping
5/16/2021 3:43:20 PM : ping
5/16/2021 3:43:20 PM : ping
5/16/2021 3:43:20 PM : ping
5/16/2021 3:43:21 PM : ping
5/16/2021 3:43:21 PM : ping
5/16/2021 3:43:21 PM : ping
5/16/2021 3:43:22 PM : ping
5/16/2021 3:43:22 PM : ping
5/16/2021 3:43:22 PM : ping
5/16/2021 3:43:23 PM : ping
5/16/2021 3:43:24 PM : ping
5/16/2021 3:43:24 PM : ping
5/16/2021 3:43:25 PM : ping
5/16/2021 3:43:25 PM : ping
5/16/2021 3:43:25 PM : ping
5/16/2021 3:43:26 PM : ping
5/16/2021 3:43:26 PM : ping
5/16/2021 3:43:26 PM : ping
5/16/2021 3:43:27 PM : ping
5/16/2021 3:43:27 PM : ping
5/16/2021 3:43:27 PM : ping
5/16/2021 3:43:28 PM : ping
5/16/2021 3:43:28 PM : ping
5/16/2021 3:43:28 PM : ping
5/16/2021 3:43:29 PM : ping
5/16/2021 3:43:29 PM : ping
5/16/2021 3:43:29 PM : ping
5/16/2021 3:43:30 PM : ping
5/16/2021 3:43:30 PM : ping
5/16/2021 3:43:30 PM : ping
5/16/2021 3:43:31 PM : ping
5/16/2021 3:43:31 PM : ping
5/16/2021 3:43:31 PM : ping
5/16/2021 3:43:32 PM : ping
5/16/2021 3:43:32 PM : ping
5/16/2021 3:43:32 PM : ping
5/16/2021 3:43:33 PM : ping
5/16/2021 3:43:33 PM : ping
5/16/2021 3:43:33 PM : ping
5/16/2021 3:43:35 PM : ping
5/16/2021 3:43:35 PM : ping
5/16/2021 3:43:35 PM : ping
5/16/2021 3:43:36 PM : ping
5/16/2021 3:43:36 PM : ping
5/16/2021 3:43:36 PM : ping
5/16/2021 3:43:37 PM : ping
5/16/2021 3:43:37 PM : ping
5/16/2021 3:43:37 PM : ping
5/16/2021 3:43:38 PM : ping
5/16/2021 3:43:38 PM : ping
5/16/2021 3:43:38 PM : ping
5/16/2021 3:43:39 PM : ping
5/16/2021 3:43:39 PM : ping
5/16/2021 3:43:39 PM : ping
5/16/2021 3:43:40 PM : ping
5/16/2021 3:43:40 PM : ping
5/16/2021 3:43:40 PM : ping
5/16/2021 3:43:41 PM : ping
5/16/2021 3:43:41 PM : ping
5/16/2021 3:43:41 PM : ping
5/16/2021 3:43:42 PM : ping
5/16/2021 3:43:42 PM : ping
5/16/2021 3:43:42 PM : ping
5/16/2021 3:43:43 PM : ping
5/16/2021 3:43:43 PM : ping
5/16/2021 3:43:43 PM : ping
5/16/2021 3:43:45 PM : ping
5/16/2021 3:43:45 PM : ping
5/16/2021 3:43:45 PM : ping
5/16/2021 3:43:46 PM : ping
5/16/2021 3:43:46 PM : ping
5/16/2021 3:43:46 PM : ping
5/16/2021 3:43:47 PM : ping
5/16/2021 3:43:47 PM : ping
5/16/2021 3:43:47 PM : ping
5/16/2021 3:43:48 PM : ping
5/16/2021 3:43:48 PM : ping
5/16/2021 3:43:48 PM : ping
5/16/2021 3:43:49 PM : ping
5/16/2021 3:43:49 PM : ping
5/16/2021 3:43:49 PM : ping
5/16/2021 3:43:50 PM : ping
5/16/2021 3:43:50 PM : ping
5/16/2021 3:43:50 PM : ping
5/16/2021 3:43:51 PM : ping
5/16/2021 3:43:51 PM : ping
5/16/2021 3:43:51 PM : ping
5/16/2021 3:43:52 PM : ping
5/16/2021 3:43:52 PM : ping
5/16/2021 3:43:52 PM : ping
5/16/2021 3:43:53 PM : ping
5/16/2021 3:43:53 PM : ping
5/16/2021 3:43:53 PM : ping
5/16/2021 3:43:54 PM : ping
5/16/2021 3:43:54 PM : ping
5/16/2021 3:43:54 PM : ping
5/16/2021 3:43:56 PM : ping
5/16/2021 3:43:56 PM : ping
5/16/2021 3:43:56 PM : ping
5/16/2021 3:43:57 PM : ping
5/16/2021 3:43:57 PM : ping
5/16/2021 3:43:57 PM : ping
5/16/2021 3:43:58 PM : ping
5/16/2021 3:43:58 PM : ping
5/16/2021 3:43:58 PM : ping
5/16/2021 3:43:59 PM : ping
5/16/2021 3:43:59 PM : ping
5/16/2021 3:43:59 PM : ping
5/16/2021 3:44:00 PM : ping
5/16/2021 3:44:00 PM : ping
5/16/2021 3:44:00 PM : ping
5/16/2021 3:44:01 PM : ping
5/16/2021 3:44:01 PM : ping
5/16/2021 3:44:01 PM : ping
5/16/2021 3:44:02 PM : ping
5/16/2021 3:44:02 PM : ping
5/16/2021 3:44:02 PM : ping
5/16/2021 3:44:03 PM : ping
5/16/2021 3:44:03 PM : ping
5/16/2021 3:44:03 PM : ping
5/16/2021 3:44:04 PM : ping
5/16/2021 3:44:04 PM : ping
5/16/2021 3:44:04 PM : ping
5/16/2021 3:44:06 PM : ping
5/16/2021 3:44:06 PM : ping
5/16/2021 3:44:06 PM : ping
5/16/2021 3:44:07 PM : ping
5/16/2021 3:44:07 PM : ping
5/16/2021 3:44:07 PM : ping
5/16/2021 3:44:08 PM : ping
5/16/2021 3:44:08 PM : ping
5/16/2021 3:44:08 PM : ping
5/16/2021 3:44:09 PM : ping
5/16/2021 3:44:09 PM : ping
5/16/2021 3:44:09 PM : ping
5/16/2021 3:44:10 PM : ping
5/16/2021 3:44:10 PM : ping
5/16/2021 3:44:10 PM : ping
5/16/2021 3:44:11 PM : ping
5/16/2021 3:44:11 PM : ping
5/16/2021 3:44:11 PM : ping
5/16/2021 3:44:12 PM : ping
5/16/2021 3:44:12 PM : ping
5/16/2021 3:44:12 PM : ping
5/16/2021 3:44:13 PM : ping
5/16/2021 3:44:13 PM : ping
5/16/2021 3:44:13 PM : ping
