log begin
..............
5/9/2021 3:26:24 PM : ping
5/9/2021 3:26:24 PM : ping
5/9/2021 3:26:24 PM : ping
5/9/2021 3:26:25 PM : ping
5/9/2021 3:26:25 PM : ping
5/9/2021 3:26:25 PM : ping
5/9/2021 3:26:26 PM : ping
5/9/2021 3:26:26 PM : ping
5/9/2021 3:26:26 PM : ping
5/9/2021 3:26:27 PM : ping
5/9/2021 3:26:27 PM : ping
5/9/2021 3:26:27 PM : ping
5/9/2021 3:26:28 PM : ping
5/9/2021 3:26:28 PM : ping
5/9/2021 3:26:28 PM : ping
5/9/2021 3:26:29 PM : ping
5/9/2021 3:26:29 PM : ping
5/9/2021 3:26:29 PM : ping
5/9/2021 3:26:30 PM : ping
5/9/2021 3:26:30 PM : ping
5/9/2021 3:26:30 PM : ping
5/9/2021 3:26:32 PM : ping
5/9/2021 3:26:32 PM : ping
5/9/2021 3:26:32 PM : ping
5/9/2021 3:26:33 PM : ping
5/9/2021 3:26:33 PM : ping
5/9/2021 3:26:33 PM : ping
5/9/2021 3:26:34 PM : ping
5/9/2021 3:26:34 PM : ping
5/9/2021 3:26:34 PM : ping
5/9/2021 3:26:35 PM : ping
5/9/2021 3:26:35 PM : ping
5/9/2021 3:26:35 PM : ping
5/9/2021 3:26:36 PM : ping
5/9/2021 3:26:36 PM : ping
5/9/2021 3:26:36 PM : ping
5/9/2021 3:26:37 PM : ping
5/9/2021 3:26:37 PM : ping
5/9/2021 3:26:37 PM : ping
5/9/2021 3:26:38 PM : ping
5/9/2021 3:26:38 PM : ping
5/9/2021 3:26:38 PM : ping
5/9/2021 3:26:39 PM : ping
5/9/2021 3:26:39 PM : ping
5/9/2021 3:26:39 PM : ping
5/9/2021 3:26:40 PM : ping
5/9/2021 3:26:40 PM : ping
5/9/2021 3:26:40 PM : ping
5/9/2021 3:26:42 PM : ping
5/9/2021 3:26:42 PM : ping
5/9/2021 3:26:42 PM : ping
5/9/2021 3:26:43 PM : ping
5/9/2021 3:26:43 PM : ping
5/9/2021 3:26:43 PM : ping
5/9/2021 3:26:44 PM : ping
5/9/2021 3:26:44 PM : ping
5/9/2021 3:26:44 PM : ping
5/9/2021 3:26:44 PM : launch server at port: 7003
5/9/2021 3:26:45 PM : ping
5/9/2021 3:26:45 PM : ping
5/9/2021 3:26:45 PM : ping
5/9/2021 3:26:45 PM : launch server at port: 7004
5/9/2021 3:26:45 PM : launch server at port: 7005
5/9/2021 3:26:46 PM : ping
5/9/2021 3:26:46 PM : ping
5/9/2021 3:26:46 PM : ping
5/9/2021 3:26:47 PM : ping
5/9/2021 3:26:47 PM : ping
5/9/2021 3:26:47 PM : ping
5/9/2021 3:26:48 PM : ping
5/9/2021 3:26:48 PM : ping
5/9/2021 3:26:48 PM : ping
5/9/2021 3:26:49 PM : ping
5/9/2021 3:26:49 PM : ping
5/9/2021 3:26:49 PM : ping
5/9/2021 3:26:50 PM : launch server at port: 7006
5/9/2021 3:26:50 PM : ping
5/9/2021 3:26:50 PM : ping
5/9/2021 3:26:51 PM : ping
5/9/2021 3:26:52 PM : ping
5/9/2021 3:26:52 PM : ping
5/9/2021 3:26:52 PM : ping
5/9/2021 3:26:52 PM : launch server at port: 7007
5/9/2021 3:26:53 PM : ping
5/9/2021 3:26:53 PM : ping
5/9/2021 3:26:53 PM : ping
5/9/2021 3:26:54 PM : ping
5/9/2021 3:26:54 PM : ping
5/9/2021 3:26:54 PM : ping
5/9/2021 3:26:55 PM : ping
5/9/2021 3:26:55 PM : ping
5/9/2021 3:26:55 PM : ping
5/9/2021 3:26:56 PM : ping
5/9/2021 3:26:56 PM : ping
5/9/2021 3:26:56 PM : ping
5/9/2021 3:26:57 PM : ping
5/9/2021 3:26:57 PM : ping
5/9/2021 3:26:57 PM : ping
5/9/2021 3:26:58 PM : launch server at port: 7008
5/9/2021 3:26:58 PM : ping
5/9/2021 3:26:58 PM : ping
5/9/2021 3:26:58 PM : ping
5/9/2021 3:26:59 PM : ping
5/9/2021 3:26:59 PM : ping
5/9/2021 3:26:59 PM : ping
5/9/2021 3:27:01 PM : ping
5/9/2021 3:27:01 PM : ping
5/9/2021 3:27:01 PM : ping
5/9/2021 3:27:02 PM : ping
5/9/2021 3:27:02 PM : ping
5/9/2021 3:27:02 PM : ping
5/9/2021 3:27:02 PM : launch server at port: 7009
5/9/2021 3:27:02 PM : launch server at port: 7010
5/9/2021 3:27:03 PM : ping
5/9/2021 3:27:03 PM : ping
5/9/2021 3:27:03 PM : ping
5/9/2021 3:27:03 PM : launch server at port: 7011
5/9/2021 3:27:04 PM : ping
5/9/2021 3:27:04 PM : ping
5/9/2021 3:27:04 PM : ping
5/9/2021 3:27:05 PM : ping
5/9/2021 3:27:05 PM : ping
5/9/2021 3:27:05 PM : ping
5/9/2021 3:27:06 PM : ping
5/9/2021 3:27:06 PM : ping
5/9/2021 3:27:06 PM : ping
5/9/2021 3:27:07 PM : ping
5/9/2021 3:27:07 PM : ping
5/9/2021 3:27:07 PM : ping
5/9/2021 3:27:07 PM : launch server at port: 7012
5/9/2021 3:27:08 PM : ping
5/9/2021 3:27:08 PM : ping
5/9/2021 3:27:08 PM : ping
5/9/2021 3:27:09 PM : launch server at port: 7013
5/9/2021 3:27:09 PM : launch server at port: 7014
5/9/2021 3:27:09 PM : launch server at port: 7015
5/9/2021 3:27:09 PM : ping
5/9/2021 3:27:09 PM : ping
5/9/2021 3:27:09 PM : ping
5/9/2021 3:27:10 PM : ping
5/9/2021 3:27:10 PM : ping
5/9/2021 3:27:10 PM : ping
5/9/2021 3:27:12 PM : ping
5/9/2021 3:27:12 PM : ping
5/9/2021 3:27:12 PM : ping
5/9/2021 3:27:13 PM : ping
5/9/2021 3:27:13 PM : ping
5/9/2021 3:27:13 PM : ping
5/9/2021 3:27:14 PM : ping
5/9/2021 3:27:14 PM : ping
5/9/2021 3:27:14 PM : ping
5/9/2021 3:27:15 PM : ping
5/9/2021 3:27:15 PM : ping
5/9/2021 3:27:15 PM : ping
5/9/2021 3:27:16 PM : ping
5/9/2021 3:27:16 PM : ping
5/9/2021 3:27:16 PM : ping
5/9/2021 3:27:17 PM : launch server at port: 7016
5/9/2021 3:27:17 PM : ping
5/9/2021 3:27:17 PM : ping
5/9/2021 3:27:17 PM : ping
5/9/2021 3:27:18 PM : ping
5/9/2021 3:27:18 PM : ping
5/9/2021 3:27:18 PM : ping
5/9/2021 3:27:19 PM : ping
5/9/2021 3:27:19 PM : ping
5/9/2021 3:27:19 PM : ping
5/9/2021 3:27:20 PM : ping
5/9/2021 3:27:20 PM : ping
5/9/2021 3:27:20 PM : ping
5/9/2021 3:27:22 PM : ping
5/9/2021 3:27:22 PM : ping
5/9/2021 3:27:22 PM : ping
5/9/2021 3:27:22 PM : launch server at port: 7017
5/9/2021 3:27:23 PM : launch server at port: 7018
5/9/2021 3:27:23 PM : ping
5/9/2021 3:27:23 PM : ping
5/9/2021 3:27:23 PM : ping
5/9/2021 3:27:24 PM : ping
5/9/2021 3:27:24 PM : ping
5/9/2021 3:27:24 PM : ping
5/9/2021 3:27:24 PM : launch server at port: 7019
5/9/2021 3:27:25 PM : ping
5/9/2021 3:27:25 PM : ping
5/9/2021 3:27:25 PM : ping
5/9/2021 3:27:26 PM : ping
5/9/2021 3:27:26 PM : ping
5/9/2021 3:27:26 PM : ping
5/9/2021 3:27:27 PM : ping
5/9/2021 3:27:27 PM : ping
5/9/2021 3:27:27 PM : ping
5/9/2021 3:27:28 PM : ping
5/9/2021 3:27:28 PM : ping
5/9/2021 3:27:28 PM : ping
5/9/2021 3:27:29 PM : ping
5/9/2021 3:27:29 PM : ping
5/9/2021 3:27:29 PM : ping
5/9/2021 3:27:30 PM : ping
5/9/2021 3:27:30 PM : ping
5/9/2021 3:27:30 PM : ping
5/9/2021 3:27:32 PM : ping
5/9/2021 3:27:32 PM : ping
5/9/2021 3:27:32 PM : ping
5/9/2021 3:27:33 PM : ping
5/9/2021 3:27:33 PM : ping
5/9/2021 3:27:33 PM : ping
5/9/2021 3:27:34 PM : ping
5/9/2021 3:27:34 PM : ping
5/9/2021 3:27:34 PM : ping
5/9/2021 3:27:35 PM : ping
5/9/2021 3:27:35 PM : ping
5/9/2021 3:27:35 PM : ping
5/9/2021 3:27:36 PM : ping
5/9/2021 3:27:36 PM : ping
5/9/2021 3:27:36 PM : ping
5/9/2021 3:27:37 PM : ping
5/9/2021 3:27:37 PM : ping
5/9/2021 3:27:37 PM : ping
5/9/2021 3:27:38 PM : ping
5/9/2021 3:27:38 PM : ping
5/9/2021 3:27:38 PM : ping
5/9/2021 3:27:39 PM : ping
5/9/2021 3:27:39 PM : ping
5/9/2021 3:27:39 PM : ping
5/9/2021 3:27:40 PM : ping
5/9/2021 3:27:40 PM : ping
5/9/2021 3:27:40 PM : ping
5/9/2021 3:27:41 PM : ping
5/9/2021 3:27:41 PM : ping
5/9/2021 3:27:41 PM : ping
5/9/2021 3:27:43 PM : ping
5/9/2021 3:27:43 PM : ping
5/9/2021 3:27:43 PM : ping
5/9/2021 3:27:44 PM : ping
5/9/2021 3:27:44 PM : ping
5/9/2021 3:27:44 PM : ping
5/9/2021 3:27:45 PM : ping
5/9/2021 3:27:45 PM : ping
5/9/2021 3:27:45 PM : ping
5/9/2021 3:27:46 PM : ping
5/9/2021 3:27:46 PM : ping
5/9/2021 3:27:46 PM : ping
5/9/2021 3:27:47 PM : ping
5/9/2021 3:27:47 PM : ping
5/9/2021 3:27:47 PM : ping
5/9/2021 3:27:48 PM : ping
5/9/2021 3:27:48 PM : ping
5/9/2021 3:27:48 PM : ping
5/9/2021 3:27:49 PM : ping
5/9/2021 3:27:49 PM : ping
5/9/2021 3:27:49 PM : ping
5/9/2021 3:27:50 PM : ping
5/9/2021 3:27:50 PM : ping
5/9/2021 3:27:50 PM : ping
5/9/2021 3:27:51 PM : ping
5/9/2021 3:27:51 PM : ping
5/9/2021 3:27:51 PM : ping
5/9/2021 3:27:53 PM : ping
5/9/2021 3:27:53 PM : ping
5/9/2021 3:27:53 PM : ping
5/9/2021 3:27:54 PM : ping
5/9/2021 3:27:54 PM : ping
5/9/2021 3:27:54 PM : ping
5/9/2021 3:27:55 PM : ping
5/9/2021 3:27:55 PM : ping
5/9/2021 3:27:55 PM : ping
5/9/2021 3:27:56 PM : ping
5/9/2021 3:27:56 PM : ping
5/9/2021 3:27:56 PM : ping
5/9/2021 3:27:57 PM : ping
5/9/2021 3:27:57 PM : ping
5/9/2021 3:27:57 PM : ping
5/9/2021 3:27:58 PM : ping
5/9/2021 3:27:58 PM : ping
5/9/2021 3:27:58 PM : ping
5/9/2021 3:27:59 PM : ping
5/9/2021 3:27:59 PM : ping
5/9/2021 3:27:59 PM : ping
5/9/2021 3:28:00 PM : ping
5/9/2021 3:28:00 PM : ping
5/9/2021 3:28:00 PM : ping
5/9/2021 3:28:01 PM : ping
5/9/2021 3:28:01 PM : ping
5/9/2021 3:28:01 PM : ping
5/9/2021 3:28:03 PM : ping
5/9/2021 3:28:03 PM : ping
5/9/2021 3:28:03 PM : ping
5/9/2021 3:28:04 PM : ping
5/9/2021 3:28:04 PM : ping
5/9/2021 3:28:04 PM : ping
5/9/2021 3:28:05 PM : ping
5/9/2021 3:28:05 PM : ping
5/9/2021 3:28:05 PM : ping
5/9/2021 3:28:06 PM : ping
5/9/2021 3:28:06 PM : ping
5/9/2021 3:28:06 PM : ping
5/9/2021 3:28:07 PM : ping
5/9/2021 3:28:07 PM : ping
5/9/2021 3:28:07 PM : ping
5/9/2021 3:28:08 PM : ping
5/9/2021 3:28:08 PM : ping
5/9/2021 3:28:08 PM : ping
5/9/2021 3:28:09 PM : ping
5/9/2021 3:28:09 PM : ping
5/9/2021 3:28:09 PM : ping
5/9/2021 3:28:10 PM : ping
5/9/2021 3:28:10 PM : ping
5/9/2021 3:28:10 PM : ping
5/9/2021 3:28:11 PM : ping
5/9/2021 3:28:11 PM : ping
5/9/2021 3:28:11 PM : ping
5/9/2021 3:28:12 PM : ping
5/9/2021 3:28:12 PM : ping
5/9/2021 3:28:13 PM : ping
5/9/2021 3:28:14 PM : ping
5/9/2021 3:28:14 PM : ping
5/9/2021 3:28:14 PM : ping
5/9/2021 3:28:15 PM : ping
5/9/2021 3:28:15 PM : ping
5/9/2021 3:28:15 PM : ping
5/9/2021 3:28:16 PM : ping
5/9/2021 3:28:16 PM : ping
5/9/2021 3:28:16 PM : ping
5/9/2021 3:28:17 PM : ping
5/9/2021 3:28:17 PM : ping
5/9/2021 3:28:17 PM : ping
5/9/2021 3:28:18 PM : ping
5/9/2021 3:28:18 PM : ping
5/9/2021 3:28:18 PM : ping
5/9/2021 3:28:19 PM : ping
5/9/2021 3:28:19 PM : ping
5/9/2021 3:28:19 PM : ping
5/9/2021 3:28:20 PM : ping
5/9/2021 3:28:20 PM : ping
5/9/2021 3:28:20 PM : ping
5/9/2021 3:28:21 PM : ping
5/9/2021 3:28:21 PM : ping
5/9/2021 3:28:21 PM : ping
5/9/2021 3:28:22 PM : ping
5/9/2021 3:28:22 PM : ping
5/9/2021 3:28:22 PM : ping
5/9/2021 3:28:24 PM : ping
5/9/2021 3:28:24 PM : ping
5/9/2021 3:28:24 PM : ping
5/9/2021 3:28:25 PM : ping
5/9/2021 3:28:25 PM : ping
5/9/2021 3:28:25 PM : ping
5/9/2021 3:28:26 PM : ping
5/9/2021 3:28:26 PM : ping
5/9/2021 3:28:26 PM : ping
5/9/2021 3:28:27 PM : ping
5/9/2021 3:28:27 PM : ping
5/9/2021 3:28:27 PM : ping
5/9/2021 3:28:28 PM : ping
5/9/2021 3:28:28 PM : ping
5/9/2021 3:28:28 PM : ping
5/9/2021 3:28:29 PM : ping
5/9/2021 3:28:29 PM : ping
5/9/2021 3:28:29 PM : ping
5/9/2021 3:28:30 PM : ping
5/9/2021 3:28:30 PM : ping
5/9/2021 3:28:30 PM : ping
5/9/2021 3:28:31 PM : ping
5/9/2021 3:28:31 PM : ping
5/9/2021 3:28:31 PM : ping
5/9/2021 3:28:32 PM : ping
5/9/2021 3:28:32 PM : ping
5/9/2021 3:28:32 PM : ping
5/9/2021 3:28:34 PM : ping
5/9/2021 3:28:34 PM : ping
5/9/2021 3:28:34 PM : ping
5/9/2021 3:28:35 PM : ping
5/9/2021 3:28:35 PM : ping
5/9/2021 3:28:35 PM : ping
5/9/2021 3:28:36 PM : ping
5/9/2021 3:28:36 PM : ping
5/9/2021 3:28:36 PM : ping
5/9/2021 3:28:37 PM : ping
5/9/2021 3:28:37 PM : ping
5/9/2021 3:28:37 PM : ping
5/9/2021 3:28:38 PM : ping
5/9/2021 3:28:38 PM : ping
5/9/2021 3:28:38 PM : ping
5/9/2021 3:28:39 PM : ping
5/9/2021 3:28:39 PM : ping
5/9/2021 3:28:39 PM : ping
5/9/2021 3:28:40 PM : ping
5/9/2021 3:28:40 PM : ping
5/9/2021 3:28:40 PM : ping
5/9/2021 3:28:41 PM : ping
5/9/2021 3:28:41 PM : ping
5/9/2021 3:28:41 PM : ping
5/9/2021 3:28:42 PM : ping
5/9/2021 3:28:42 PM : ping
5/9/2021 3:28:42 PM : ping
5/9/2021 3:28:44 PM : ping
5/9/2021 3:28:44 PM : ping
5/9/2021 3:28:44 PM : ping
5/9/2021 3:28:45 PM : ping
5/9/2021 3:28:45 PM : ping
5/9/2021 3:28:45 PM : ping
5/9/2021 3:28:46 PM : ping
5/9/2021 3:28:46 PM : ping
5/9/2021 3:28:46 PM : ping
5/9/2021 3:28:47 PM : ping
5/9/2021 3:28:47 PM : ping
5/9/2021 3:28:47 PM : ping
5/9/2021 3:28:48 PM : ping
5/9/2021 3:28:48 PM : ping
5/9/2021 3:28:48 PM : ping
5/9/2021 3:28:49 PM : ping
5/9/2021 3:28:49 PM : ping
5/9/2021 3:28:49 PM : ping
5/9/2021 3:28:50 PM : ping
5/9/2021 3:28:50 PM : ping
5/9/2021 3:28:50 PM : ping
5/9/2021 3:28:51 PM : ping
5/9/2021 3:28:51 PM : ping
5/9/2021 3:28:51 PM : ping
5/9/2021 3:28:52 PM : ping
5/9/2021 3:28:52 PM : ping
5/9/2021 3:28:52 PM : ping
5/9/2021 3:28:53 PM : ping
5/9/2021 3:28:53 PM : ping
5/9/2021 3:28:53 PM : ping
5/9/2021 3:28:55 PM : ping
5/9/2021 3:28:55 PM : ping
5/9/2021 3:28:55 PM : ping
5/9/2021 3:28:56 PM : ping
5/9/2021 3:28:56 PM : ping
5/9/2021 3:28:56 PM : ping
5/9/2021 3:28:57 PM : ping
5/9/2021 3:28:57 PM : ping
5/9/2021 3:28:57 PM : ping
5/9/2021 3:28:58 PM : ping
5/9/2021 3:28:58 PM : ping
5/9/2021 3:28:58 PM : ping
5/9/2021 3:28:59 PM : ping
5/9/2021 3:28:59 PM : ping
5/9/2021 3:28:59 PM : ping
5/9/2021 3:29:00 PM : ping
5/9/2021 3:29:00 PM : ping
5/9/2021 3:29:00 PM : ping
5/9/2021 3:29:01 PM : ping
5/9/2021 3:29:01 PM : ping
5/9/2021 3:29:01 PM : ping
5/9/2021 3:29:02 PM : ping
5/9/2021 3:29:02 PM : ping
5/9/2021 3:29:02 PM : ping
5/9/2021 3:29:03 PM : ping
5/9/2021 3:29:03 PM : ping
5/9/2021 3:29:03 PM : ping
5/9/2021 3:29:05 PM : ping
5/9/2021 3:29:05 PM : ping
5/9/2021 3:29:05 PM : ping
5/9/2021 3:29:06 PM : ping
5/9/2021 3:29:06 PM : ping
5/9/2021 3:29:06 PM : ping
5/9/2021 3:29:07 PM : ping
5/9/2021 3:29:07 PM : ping
5/9/2021 3:29:07 PM : ping
5/9/2021 3:29:08 PM : ping
5/9/2021 3:29:08 PM : ping
5/9/2021 3:29:08 PM : ping
5/9/2021 3:29:09 PM : ping
5/9/2021 3:29:09 PM : ping
5/9/2021 3:29:09 PM : ping
5/9/2021 3:29:10 PM : ping
5/9/2021 3:29:10 PM : ping
5/9/2021 3:29:10 PM : ping
5/9/2021 3:29:11 PM : ping
5/9/2021 3:29:11 PM : ping
5/9/2021 3:29:11 PM : ping
5/9/2021 3:29:12 PM : ping
5/9/2021 3:29:12 PM : ping
5/9/2021 3:29:12 PM : ping
5/9/2021 3:29:13 PM : ping
5/9/2021 3:29:13 PM : ping
5/9/2021 3:29:13 PM : ping
5/9/2021 3:29:15 PM : ping
5/9/2021 3:29:15 PM : ping
5/9/2021 3:29:15 PM : ping
5/9/2021 3:29:16 PM : ping
5/9/2021 3:29:16 PM : ping
5/9/2021 3:29:16 PM : ping
5/9/2021 3:29:17 PM : ping
5/9/2021 3:29:17 PM : ping
5/9/2021 3:29:17 PM : ping
5/9/2021 3:29:18 PM : ping
5/9/2021 3:29:18 PM : ping
5/9/2021 3:29:18 PM : ping
5/9/2021 3:29:19 PM : ping
5/9/2021 3:29:19 PM : ping
5/9/2021 3:29:19 PM : ping
5/9/2021 3:29:20 PM : ping
5/9/2021 3:29:20 PM : ping
5/9/2021 3:29:20 PM : ping
5/9/2021 3:29:21 PM : ping
5/9/2021 3:29:21 PM : ping
5/9/2021 3:29:21 PM : ping
5/9/2021 3:29:22 PM : ping
5/9/2021 3:29:22 PM : ping
5/9/2021 3:29:22 PM : ping
5/9/2021 3:29:23 PM : ping
5/9/2021 3:29:23 PM : ping
5/9/2021 3:29:23 PM : ping
5/9/2021 3:29:25 PM : ping
5/9/2021 3:29:25 PM : ping
5/9/2021 3:29:25 PM : ping
5/9/2021 3:29:26 PM : ping
5/9/2021 3:29:26 PM : ping
5/9/2021 3:29:26 PM : ping
5/9/2021 3:29:27 PM : ping
5/9/2021 3:29:27 PM : ping
5/9/2021 3:29:27 PM : ping
5/9/2021 3:29:28 PM : ping
5/9/2021 3:29:28 PM : ping
5/9/2021 3:29:28 PM : ping
5/9/2021 3:29:29 PM : ping
5/9/2021 3:29:29 PM : ping
5/9/2021 3:29:29 PM : ping
5/9/2021 3:29:30 PM : ping
5/9/2021 3:29:30 PM : ping
5/9/2021 3:29:30 PM : ping
5/9/2021 3:29:31 PM : ping
5/9/2021 3:29:31 PM : ping
5/9/2021 3:29:31 PM : ping
5/9/2021 3:29:32 PM : ping
5/9/2021 3:29:32 PM : ping
5/9/2021 3:29:32 PM : ping
5/9/2021 3:29:33 PM : ping
5/9/2021 3:29:33 PM : ping
5/9/2021 3:29:33 PM : ping
5/9/2021 3:29:34 PM : ping
5/9/2021 3:29:34 PM : ping
5/9/2021 3:29:34 PM : ping
5/9/2021 3:29:36 PM : ping
5/9/2021 3:29:36 PM : ping
5/9/2021 3:29:36 PM : ping
5/9/2021 3:29:37 PM : ping
5/9/2021 3:29:37 PM : ping
5/9/2021 3:29:37 PM : ping
5/9/2021 3:29:38 PM : ping
5/9/2021 3:29:38 PM : ping
5/9/2021 3:29:38 PM : ping
5/9/2021 3:29:39 PM : ping
5/9/2021 3:29:39 PM : ping
5/9/2021 3:29:39 PM : ping
5/9/2021 3:29:40 PM : ping
5/9/2021 3:29:40 PM : ping
5/9/2021 3:29:40 PM : ping
5/9/2021 3:29:41 PM : ping
5/9/2021 3:29:41 PM : ping
5/9/2021 3:29:41 PM : ping
5/9/2021 3:29:42 PM : ping
5/9/2021 3:29:42 PM : ping
5/9/2021 3:29:42 PM : ping
5/9/2021 3:29:43 PM : ping
5/9/2021 3:29:43 PM : ping
5/9/2021 3:29:43 PM : ping
5/9/2021 3:29:44 PM : ping
5/9/2021 3:29:44 PM : ping
5/9/2021 3:29:44 PM : ping
5/9/2021 3:29:46 PM : ping
5/9/2021 3:29:46 PM : ping
5/9/2021 3:29:46 PM : ping
5/9/2021 3:29:47 PM : ping
5/9/2021 3:29:47 PM : ping
5/9/2021 3:29:47 PM : ping
5/9/2021 3:29:48 PM : ping
5/9/2021 3:29:48 PM : ping
5/9/2021 3:29:48 PM : ping
5/9/2021 3:29:49 PM : ping
5/9/2021 3:29:49 PM : ping
5/9/2021 3:29:49 PM : ping
5/9/2021 3:29:50 PM : ping
5/9/2021 3:29:50 PM : ping
5/9/2021 3:29:50 PM : ping
5/9/2021 3:29:51 PM : ping
5/9/2021 3:29:51 PM : ping
5/9/2021 3:29:51 PM : ping
5/9/2021 3:29:52 PM : ping
5/9/2021 3:29:52 PM : ping
5/9/2021 3:29:52 PM : ping
5/9/2021 3:29:53 PM : ping
5/9/2021 3:29:53 PM : ping
5/9/2021 3:29:53 PM : ping
5/9/2021 3:29:54 PM : ping
5/9/2021 3:29:54 PM : ping
5/9/2021 3:29:54 PM : ping
5/9/2021 3:29:56 PM : ping
5/9/2021 3:29:56 PM : ping
5/9/2021 3:29:56 PM : ping
5/9/2021 3:29:57 PM : ping
5/9/2021 3:29:57 PM : ping
5/9/2021 3:29:57 PM : ping
5/9/2021 3:29:58 PM : kService.requestChannels.Count :53
5/9/2021 3:29:58 PM : kService.requestChannels.Count :53
5/9/2021 3:29:58 PM : kService.requestChannels.Count :52
5/9/2021 3:29:58 PM : kService.requestChannels.Count :52
5/9/2021 3:29:58 PM : kService.requestChannels.Count :51
5/9/2021 3:29:58 PM : kService.requestChannels.Count :51
5/9/2021 3:29:58 PM : kService.requestChannels.Count :50
5/9/2021 3:29:58 PM : kService.requestChannels.Count :50
5/9/2021 3:29:58 PM : ping
5/9/2021 3:29:58 PM : ping
5/9/2021 3:29:58 PM : ping
5/9/2021 3:29:58 PM : kService.requestChannels.Count :49
5/9/2021 3:29:58 PM : kService.requestChannels.Count :49
5/9/2021 3:29:58 PM : kService.requestChannels.Count :48
5/9/2021 3:29:58 PM : kService.requestChannels.Count :48
5/9/2021 3:29:58 PM : kService.requestChannels.Count :47
5/9/2021 3:29:58 PM : kService.requestChannels.Count :47
5/9/2021 3:29:58 PM : kService.requestChannels.Count :46
5/9/2021 3:29:58 PM : kService.requestChannels.Count :46
5/9/2021 3:29:58 PM : kService.requestChannels.Count :45
5/9/2021 3:29:58 PM : kService.requestChannels.Count :45
5/9/2021 3:29:58 PM : kService.requestChannels.Count :44
5/9/2021 3:29:58 PM : kService.requestChannels.Count :44
5/9/2021 3:29:59 PM : ping
5/9/2021 3:29:59 PM : ping
5/9/2021 3:29:59 PM : ping
5/9/2021 3:29:59 PM : kService.requestChannels.Count :43
5/9/2021 3:29:59 PM : kService.requestChannels.Count :43
5/9/2021 3:29:59 PM : kService.requestChannels.Count :42
5/9/2021 3:29:59 PM : kService.requestChannels.Count :42
5/9/2021 3:30:00 PM : kService.requestChannels.Count :41
5/9/2021 3:30:00 PM : kService.requestChannels.Count :41
5/9/2021 3:30:00 PM : ping
5/9/2021 3:30:00 PM : ping
5/9/2021 3:30:00 PM : ping
5/9/2021 3:30:00 PM : kService.requestChannels.Count :40
5/9/2021 3:30:00 PM : kService.requestChannels.Count :40
5/9/2021 3:30:00 PM : kService.requestChannels.Count :39
5/9/2021 3:30:00 PM : kService.requestChannels.Count :39
5/9/2021 3:30:00 PM : kService.requestChannels.Count :38
5/9/2021 3:30:00 PM : kService.requestChannels.Count :38
5/9/2021 3:30:01 PM : kService.requestChannels.Count :37
5/9/2021 3:30:01 PM : kService.requestChannels.Count :37
5/9/2021 3:30:01 PM : kService.requestChannels.Count :36
5/9/2021 3:30:01 PM : kService.requestChannels.Count :36
5/9/2021 3:30:01 PM : ping
5/9/2021 3:30:01 PM : ping
5/9/2021 3:30:01 PM : ping
5/9/2021 3:30:01 PM : kService.requestChannels.Count :35
5/9/2021 3:30:01 PM : kService.requestChannels.Count :35
5/9/2021 3:30:01 PM : kService.requestChannels.Count :34
5/9/2021 3:30:01 PM : kService.requestChannels.Count :34
5/9/2021 3:30:02 PM : kService.requestChannels.Count :33
5/9/2021 3:30:02 PM : kService.requestChannels.Count :33
5/9/2021 3:30:02 PM : kService.requestChannels.Count :32
5/9/2021 3:30:02 PM : kService.requestChannels.Count :32
5/9/2021 3:30:02 PM : kService.requestChannels.Count :31
5/9/2021 3:30:02 PM : kService.requestChannels.Count :31
5/9/2021 3:30:02 PM : kService.requestChannels.Count :30
5/9/2021 3:30:02 PM : kService.requestChannels.Count :30
5/9/2021 3:30:02 PM : kService.requestChannels.Count :29
5/9/2021 3:30:02 PM : kService.requestChannels.Count :29
5/9/2021 3:30:02 PM : kService.requestChannels.Count :28
5/9/2021 3:30:02 PM : kService.requestChannels.Count :28
5/9/2021 3:30:02 PM : ping
5/9/2021 3:30:02 PM : ping
5/9/2021 3:30:02 PM : ping
5/9/2021 3:30:02 PM : kService.requestChannels.Count :27
5/9/2021 3:30:02 PM : kService.requestChannels.Count :27
5/9/2021 3:30:02 PM : kService.requestChannels.Count :26
5/9/2021 3:30:02 PM : kService.requestChannels.Count :26
5/9/2021 3:30:03 PM : kService.requestChannels.Count :25
5/9/2021 3:30:03 PM : kService.requestChannels.Count :25
5/9/2021 3:30:03 PM : kService.requestChannels.Count :24
5/9/2021 3:30:03 PM : kService.requestChannels.Count :24
5/9/2021 3:30:03 PM : kService.requestChannels.Count :23
5/9/2021 3:30:03 PM : kService.requestChannels.Count :23
5/9/2021 3:30:03 PM : kService.requestChannels.Count :22
5/9/2021 3:30:03 PM : kService.requestChannels.Count :22
5/9/2021 3:30:03 PM : kService.requestChannels.Count :21
5/9/2021 3:30:03 PM : kService.requestChannels.Count :21
5/9/2021 3:30:03 PM : kService.requestChannels.Count :20
5/9/2021 3:30:03 PM : kService.requestChannels.Count :20
5/9/2021 3:30:03 PM : kService.requestChannels.Count :19
5/9/2021 3:30:03 PM : kService.requestChannels.Count :19
5/9/2021 3:30:03 PM : ping
5/9/2021 3:30:03 PM : ping
5/9/2021 3:30:03 PM : ping
5/9/2021 3:30:04 PM : kService.requestChannels.Count :18
5/9/2021 3:30:04 PM : kService.requestChannels.Count :18
5/9/2021 3:30:04 PM : kService.requestChannels.Count :17
5/9/2021 3:30:04 PM : kService.requestChannels.Count :17
5/9/2021 3:30:04 PM : kService.requestChannels.Count :16
5/9/2021 3:30:04 PM : kService.requestChannels.Count :16
5/9/2021 3:30:04 PM : kService.requestChannels.Count :15
5/9/2021 3:30:04 PM : kService.requestChannels.Count :15
5/9/2021 3:30:04 PM : ping
5/9/2021 3:30:04 PM : ping
5/9/2021 3:30:04 PM : ping
5/9/2021 3:30:05 PM : kService.requestChannels.Count :14
5/9/2021 3:30:05 PM : kService.requestChannels.Count :14
5/9/2021 3:30:05 PM : kService.requestChannels.Count :13
5/9/2021 3:30:05 PM : kService.requestChannels.Count :13
5/9/2021 3:30:05 PM : kService.requestChannels.Count :12
5/9/2021 3:30:05 PM : kService.requestChannels.Count :12
5/9/2021 3:30:05 PM : kService.requestChannels.Count :11
5/9/2021 3:30:05 PM : kService.requestChannels.Count :11
5/9/2021 3:30:06 PM : ping
5/9/2021 3:30:06 PM : ping
5/9/2021 3:30:06 PM : ping
5/9/2021 3:30:06 PM : kService.requestChannels.Count :10
5/9/2021 3:30:06 PM : kService.requestChannels.Count :10
5/9/2021 3:30:06 PM : kService.requestChannels.Count :9
5/9/2021 3:30:06 PM : kService.requestChannels.Count :9
5/9/2021 3:30:06 PM : kService.requestChannels.Count :8
5/9/2021 3:30:06 PM : kService.requestChannels.Count :8
5/9/2021 3:30:06 PM : kService.requestChannels.Count :7
5/9/2021 3:30:06 PM : kService.requestChannels.Count :7
5/9/2021 3:30:07 PM : ping
5/9/2021 3:30:07 PM : ping
5/9/2021 3:30:07 PM : ping
5/9/2021 3:30:07 PM : kService.requestChannels.Count :6
5/9/2021 3:30:07 PM : kService.requestChannels.Count :6
5/9/2021 3:30:07 PM : kService.requestChannels.Count :5
5/9/2021 3:30:07 PM : kService.requestChannels.Count :5
5/9/2021 3:30:07 PM : kService.requestChannels.Count :4
5/9/2021 3:30:07 PM : kService.requestChannels.Count :4
5/9/2021 3:30:08 PM : kService.requestChannels.Count :3
5/9/2021 3:30:08 PM : kService.requestChannels.Count :3
5/9/2021 3:30:08 PM : ping
5/9/2021 3:30:08 PM : ping
5/9/2021 3:30:08 PM : kService.requestChannels.Count :2
5/9/2021 3:30:08 PM : kService.requestChannels.Count :2
5/9/2021 3:30:08 PM : ping
5/9/2021 3:30:08 PM : kService.requestChannels.Count :1
5/9/2021 3:30:08 PM : kService.requestChannels.Count :1
5/9/2021 3:30:08 PM : kService.requestChannels.Count :0
5/9/2021 3:30:08 PM : kService.requestChannels.Count :0
5/9/2021 3:30:09 PM : ping
5/9/2021 3:30:09 PM : ping
5/9/2021 3:30:09 PM : ping
5/9/2021 3:30:10 PM : ping
5/9/2021 3:30:10 PM : ping
5/9/2021 3:30:10 PM : ping
5/9/2021 3:30:11 PM : ping
5/9/2021 3:30:11 PM : ping
5/9/2021 3:30:11 PM : ping
5/9/2021 3:30:12 PM : ping
5/9/2021 3:30:12 PM : ping
5/9/2021 3:30:12 PM : ping
5/9/2021 3:30:13 PM : ping
5/9/2021 3:30:13 PM : ping
5/9/2021 3:30:13 PM : ping
5/9/2021 3:30:14 PM : ping
5/9/2021 3:30:14 PM : ping
5/9/2021 3:30:14 PM : ping
5/9/2021 3:30:16 PM : ping
5/9/2021 3:30:16 PM : ping
5/9/2021 3:30:16 PM : ping
5/9/2021 3:30:17 PM : ping
5/9/2021 3:30:17 PM : ping
5/9/2021 3:30:17 PM : ping
5/9/2021 3:30:18 PM : ping
5/9/2021 3:30:18 PM : ping
5/9/2021 3:30:18 PM : ping
5/9/2021 3:30:19 PM : ping
5/9/2021 3:30:19 PM : ping
5/9/2021 3:30:19 PM : ping
5/9/2021 3:30:20 PM : ping
5/9/2021 3:30:20 PM : ping
5/9/2021 3:30:20 PM : ping
5/9/2021 3:30:21 PM : ping
5/9/2021 3:30:21 PM : ping
5/9/2021 3:30:21 PM : ping
5/9/2021 3:30:22 PM : ping
5/9/2021 3:30:22 PM : ping
5/9/2021 3:30:22 PM : ping
5/9/2021 3:30:23 PM : ping
5/9/2021 3:30:23 PM : ping
5/9/2021 3:30:23 PM : ping
5/9/2021 3:30:24 PM : ping
5/9/2021 3:30:24 PM : ping
5/9/2021 3:30:24 PM : ping
5/9/2021 3:30:26 PM : ping
5/9/2021 3:30:26 PM : ping
5/9/2021 3:30:26 PM : ping
5/9/2021 3:30:27 PM : ping
5/9/2021 3:30:27 PM : ping
5/9/2021 3:30:27 PM : ping
5/9/2021 3:30:28 PM : ping
5/9/2021 3:30:28 PM : ping
5/9/2021 3:30:28 PM : ping
5/9/2021 3:30:29 PM : ping
5/9/2021 3:30:29 PM : ping
5/9/2021 3:30:29 PM : ping
5/9/2021 3:30:30 PM : ping
5/9/2021 3:30:30 PM : ping
5/9/2021 3:30:30 PM : ping
5/9/2021 3:30:31 PM : ping
5/9/2021 3:30:31 PM : ping
5/9/2021 3:30:31 PM : ping
5/9/2021 3:30:32 PM : ping
5/9/2021 3:30:32 PM : ping
5/9/2021 3:30:32 PM : ping
5/9/2021 3:30:33 PM : ping
5/9/2021 3:30:33 PM : ping
5/9/2021 3:30:33 PM : ping
5/9/2021 3:30:34 PM : ping
5/9/2021 3:30:34 PM : ping
5/9/2021 3:30:34 PM : ping
5/9/2021 3:30:35 PM : ping
5/9/2021 3:30:35 PM : ping
5/9/2021 3:30:36 PM : ping
5/9/2021 3:30:37 PM : ping
5/9/2021 3:30:37 PM : ping
5/9/2021 3:30:37 PM : ping
5/9/2021 3:30:38 PM : ping
5/9/2021 3:30:38 PM : ping
5/9/2021 3:30:38 PM : ping
5/9/2021 3:30:39 PM : ping
5/9/2021 3:30:39 PM : ping
5/9/2021 3:30:39 PM : ping
5/9/2021 3:30:40 PM : ping
5/9/2021 3:30:40 PM : ping
5/9/2021 3:30:40 PM : ping
5/9/2021 3:30:41 PM : ping
5/9/2021 3:30:41 PM : ping
5/9/2021 3:30:41 PM : ping
5/9/2021 3:30:42 PM : ping
5/9/2021 3:30:42 PM : ping
5/9/2021 3:30:42 PM : ping
5/9/2021 3:30:43 PM : ping
5/9/2021 3:30:43 PM : ping
5/9/2021 3:30:43 PM : ping
5/9/2021 3:30:44 PM : ping
5/9/2021 3:30:44 PM : ping
5/9/2021 3:30:44 PM : ping
5/9/2021 3:30:45 PM : ping
5/9/2021 3:30:45 PM : ping
5/9/2021 3:30:45 PM : ping
5/9/2021 3:30:47 PM : ping
5/9/2021 3:30:47 PM : ping
5/9/2021 3:30:47 PM : ping
5/9/2021 3:30:48 PM : ping
5/9/2021 3:30:48 PM : ping
5/9/2021 3:30:48 PM : ping
5/9/2021 3:30:49 PM : ping
5/9/2021 3:30:49 PM : ping
5/9/2021 3:30:49 PM : ping
5/9/2021 3:30:50 PM : ping
5/9/2021 3:30:50 PM : ping
5/9/2021 3:30:50 PM : ping
5/9/2021 3:30:51 PM : ping
5/9/2021 3:30:51 PM : ping
5/9/2021 3:30:51 PM : ping
5/9/2021 3:30:52 PM : ping
5/9/2021 3:30:52 PM : ping
5/9/2021 3:30:52 PM : ping
5/9/2021 3:30:53 PM : ping
5/9/2021 3:30:53 PM : ping
5/9/2021 3:30:53 PM : ping
5/9/2021 3:30:54 PM : ping
5/9/2021 3:30:54 PM : ping
5/9/2021 3:30:54 PM : ping
5/9/2021 3:30:55 PM : ping
5/9/2021 3:30:55 PM : ping
5/9/2021 3:30:55 PM : ping
5/9/2021 3:30:57 PM : ping
5/9/2021 3:30:57 PM : ping
5/9/2021 3:30:57 PM : ping
5/9/2021 3:30:58 PM : ping
5/9/2021 3:30:58 PM : ping
5/9/2021 3:30:58 PM : ping
5/9/2021 3:30:59 PM : ping
5/9/2021 3:30:59 PM : ping
5/9/2021 3:30:59 PM : ping
5/9/2021 3:31:00 PM : ping
5/9/2021 3:31:00 PM : ping
5/9/2021 3:31:00 PM : ping
5/9/2021 3:31:01 PM : ping
5/9/2021 3:31:01 PM : ping
5/9/2021 3:31:01 PM : ping
5/9/2021 3:31:02 PM : ping
5/9/2021 3:31:02 PM : ping
5/9/2021 3:31:02 PM : ping
5/9/2021 3:31:03 PM : ping
5/9/2021 3:31:03 PM : ping
5/9/2021 3:31:03 PM : ping
5/9/2021 3:31:04 PM : ping
5/9/2021 3:31:04 PM : ping
5/9/2021 3:31:04 PM : ping
5/9/2021 3:31:05 PM : ping
5/9/2021 3:31:05 PM : ping
5/9/2021 3:31:05 PM : ping
5/9/2021 3:31:06 PM : ping
5/9/2021 3:31:06 PM : ping
5/9/2021 3:31:07 PM : ping
5/9/2021 3:31:08 PM : ping
5/9/2021 3:31:08 PM : ping
5/9/2021 3:31:08 PM : ping
5/9/2021 3:31:09 PM : ping
5/9/2021 3:31:09 PM : ping
5/9/2021 3:31:09 PM : ping
5/9/2021 3:31:10 PM : ping
5/9/2021 3:31:10 PM : ping
5/9/2021 3:31:10 PM : ping
5/9/2021 3:31:11 PM : ping
5/9/2021 3:31:11 PM : ping
5/9/2021 3:31:11 PM : ping
5/9/2021 3:31:12 PM : ping
5/9/2021 3:31:12 PM : ping
5/9/2021 3:31:12 PM : ping
5/9/2021 3:31:13 PM : ping
5/9/2021 3:31:13 PM : ping
5/9/2021 3:31:13 PM : ping
5/9/2021 3:31:14 PM : ping
5/9/2021 3:31:14 PM : ping
5/9/2021 3:31:14 PM : ping
5/9/2021 3:31:15 PM : ping
5/9/2021 3:31:15 PM : ping
5/9/2021 3:31:15 PM : ping
5/9/2021 3:31:16 PM : ping
5/9/2021 3:31:16 PM : ping
5/9/2021 3:31:16 PM : ping
5/9/2021 3:31:18 PM : ping
5/9/2021 3:31:18 PM : ping
5/9/2021 3:31:18 PM : ping
5/9/2021 3:31:19 PM : ping
5/9/2021 3:31:19 PM : ping
5/9/2021 3:31:19 PM : ping
5/9/2021 3:31:20 PM : ping
5/9/2021 3:31:20 PM : ping
5/9/2021 3:31:20 PM : ping
5/9/2021 3:31:21 PM : ping
5/9/2021 3:31:21 PM : ping
5/9/2021 3:31:21 PM : ping
5/9/2021 3:31:22 PM : ping
5/9/2021 3:31:22 PM : ping
5/9/2021 3:31:22 PM : ping
5/9/2021 3:31:23 PM : ping
5/9/2021 3:31:23 PM : ping
5/9/2021 3:31:23 PM : ping
5/9/2021 3:31:24 PM : ping
5/9/2021 3:31:24 PM : ping
5/9/2021 3:31:24 PM : ping
5/9/2021 3:31:25 PM : ping
5/9/2021 3:31:25 PM : ping
5/9/2021 3:31:25 PM : ping
5/9/2021 3:31:26 PM : ping
5/9/2021 3:31:26 PM : ping
5/9/2021 3:31:26 PM : ping
5/9/2021 3:31:28 PM : ping
5/9/2021 3:31:28 PM : ping
5/9/2021 3:31:28 PM : ping
5/9/2021 3:31:29 PM : ping
5/9/2021 3:31:29 PM : ping
5/9/2021 3:31:29 PM : ping
5/9/2021 3:31:30 PM : ping
5/9/2021 3:31:30 PM : ping
5/9/2021 3:31:30 PM : ping
5/9/2021 3:31:31 PM : ping
5/9/2021 3:31:31 PM : ping
5/9/2021 3:31:31 PM : ping
5/9/2021 3:31:32 PM : ping
5/9/2021 3:31:32 PM : ping
5/9/2021 3:31:32 PM : ping
5/9/2021 3:31:33 PM : ping
5/9/2021 3:31:33 PM : ping
5/9/2021 3:31:33 PM : ping
5/9/2021 3:31:34 PM : ping
5/9/2021 3:31:34 PM : ping
5/9/2021 3:31:34 PM : ping
5/9/2021 3:31:35 PM : ping
5/9/2021 3:31:35 PM : ping
5/9/2021 3:31:35 PM : ping
5/9/2021 3:31:36 PM : ping
5/9/2021 3:31:36 PM : ping
5/9/2021 3:31:36 PM : ping
5/9/2021 3:31:37 PM : ping
5/9/2021 3:31:37 PM : ping
5/9/2021 3:31:38 PM : ping
5/9/2021 3:31:39 PM : ping
5/9/2021 3:31:39 PM : ping
5/9/2021 3:31:39 PM : ping
5/9/2021 3:31:40 PM : ping
5/9/2021 3:31:40 PM : ping
5/9/2021 3:31:40 PM : ping
5/9/2021 3:31:41 PM : ping
5/9/2021 3:31:41 PM : ping
5/9/2021 3:31:41 PM : ping
5/9/2021 3:31:42 PM : ping
5/9/2021 3:31:42 PM : ping
5/9/2021 3:31:42 PM : ping
5/9/2021 3:31:43 PM : ping
5/9/2021 3:31:43 PM : ping
5/9/2021 3:31:43 PM : ping
5/9/2021 3:31:44 PM : ping
5/9/2021 3:31:44 PM : ping
5/9/2021 3:31:44 PM : ping
5/9/2021 3:31:45 PM : ping
5/9/2021 3:31:45 PM : ping
5/9/2021 3:31:45 PM : ping
5/9/2021 3:31:46 PM : ping
5/9/2021 3:31:46 PM : ping
5/9/2021 3:31:46 PM : ping
5/9/2021 3:31:47 PM : ping
5/9/2021 3:31:47 PM : ping
5/9/2021 3:31:47 PM : ping
5/9/2021 3:31:49 PM : ping
5/9/2021 3:31:49 PM : ping
5/9/2021 3:31:49 PM : ping
5/9/2021 3:31:50 PM : ping
5/9/2021 3:31:50 PM : ping
5/9/2021 3:31:50 PM : ping
5/9/2021 3:31:51 PM : ping
5/9/2021 3:31:51 PM : ping
5/9/2021 3:31:51 PM : ping
5/9/2021 3:31:52 PM : ping
5/9/2021 3:31:52 PM : ping
5/9/2021 3:31:52 PM : ping
5/9/2021 3:31:53 PM : ping
5/9/2021 3:31:53 PM : ping
5/9/2021 3:31:53 PM : ping
5/9/2021 3:31:54 PM : ping
5/9/2021 3:31:54 PM : ping
5/9/2021 3:31:54 PM : ping
5/9/2021 3:31:55 PM : ping
5/9/2021 3:31:55 PM : ping
5/9/2021 3:31:55 PM : ping
5/9/2021 3:31:56 PM : ping
5/9/2021 3:31:56 PM : ping
5/9/2021 3:31:56 PM : ping
5/9/2021 3:31:57 PM : ping
5/9/2021 3:31:57 PM : ping
5/9/2021 3:31:57 PM : ping
5/9/2021 3:31:59 PM : ping
5/9/2021 3:31:59 PM : ping
5/9/2021 3:31:59 PM : ping
5/9/2021 3:32:00 PM : ping
5/9/2021 3:32:00 PM : ping
5/9/2021 3:32:00 PM : ping
5/9/2021 3:32:01 PM : ping
5/9/2021 3:32:01 PM : ping
5/9/2021 3:32:01 PM : ping
5/9/2021 3:32:02 PM : ping
5/9/2021 3:32:02 PM : ping
5/9/2021 3:32:02 PM : ping
5/9/2021 3:32:03 PM : ping
5/9/2021 3:32:03 PM : ping
5/9/2021 3:32:03 PM : ping
5/9/2021 3:32:04 PM : ping
5/9/2021 3:32:04 PM : ping
5/9/2021 3:32:04 PM : ping
5/9/2021 3:32:05 PM : ping
5/9/2021 3:32:05 PM : ping
5/9/2021 3:32:05 PM : ping
5/9/2021 3:32:06 PM : ping
5/9/2021 3:32:06 PM : ping
5/9/2021 3:32:06 PM : ping
5/9/2021 3:32:07 PM : ping
5/9/2021 3:32:07 PM : ping
5/9/2021 3:32:07 PM : ping
5/9/2021 3:32:08 PM : ping
5/9/2021 3:32:08 PM : ping
5/9/2021 3:32:09 PM : ping
5/9/2021 3:32:10 PM : ping
5/9/2021 3:32:10 PM : ping
5/9/2021 3:32:10 PM : ping
5/9/2021 3:32:11 PM : ping
5/9/2021 3:32:11 PM : ping
5/9/2021 3:32:11 PM : ping
5/9/2021 3:32:12 PM : ping
5/9/2021 3:32:12 PM : ping
5/9/2021 3:32:12 PM : ping
5/9/2021 3:32:13 PM : ping
5/9/2021 3:32:13 PM : ping
5/9/2021 3:32:13 PM : ping
5/9/2021 3:32:14 PM : ping
5/9/2021 3:32:14 PM : ping
5/9/2021 3:32:14 PM : ping
5/9/2021 3:32:15 PM : ping
5/9/2021 3:32:15 PM : ping
5/9/2021 3:32:15 PM : ping
5/9/2021 3:32:16 PM : ping
5/9/2021 3:32:16 PM : ping
5/9/2021 3:32:16 PM : ping
5/9/2021 3:32:17 PM : ping
5/9/2021 3:32:17 PM : ping
5/9/2021 3:32:17 PM : ping
5/9/2021 3:32:18 PM : ping
5/9/2021 3:32:18 PM : ping
5/9/2021 3:32:18 PM : ping
5/9/2021 3:32:20 PM : ping
5/9/2021 3:32:20 PM : ping
5/9/2021 3:32:20 PM : ping
5/9/2021 3:32:21 PM : ping
5/9/2021 3:32:21 PM : ping
5/9/2021 3:32:21 PM : ping
5/9/2021 3:32:22 PM : ping
5/9/2021 3:32:22 PM : ping
5/9/2021 3:32:22 PM : ping
5/9/2021 3:32:23 PM : ping
5/9/2021 3:32:23 PM : ping
5/9/2021 3:32:23 PM : ping
5/9/2021 3:32:24 PM : ping
5/9/2021 3:32:24 PM : ping
5/9/2021 3:32:24 PM : ping
5/9/2021 3:32:25 PM : ping
5/9/2021 3:32:25 PM : ping
5/9/2021 3:32:25 PM : ping
5/9/2021 3:32:26 PM : ping
5/9/2021 3:32:26 PM : ping
5/9/2021 3:32:26 PM : ping
5/9/2021 3:32:27 PM : ping
5/9/2021 3:32:27 PM : ping
5/9/2021 3:32:27 PM : ping
5/9/2021 3:32:28 PM : ping
5/9/2021 3:32:28 PM : ping
5/9/2021 3:32:28 PM : ping
5/9/2021 3:32:30 PM : ping
5/9/2021 3:32:30 PM : ping
5/9/2021 3:32:30 PM : ping
5/9/2021 3:32:31 PM : ping
5/9/2021 3:32:31 PM : ping
5/9/2021 3:32:31 PM : ping
5/9/2021 3:32:32 PM : ping
5/9/2021 3:32:32 PM : ping
5/9/2021 3:32:32 PM : ping
5/9/2021 3:32:33 PM : ping
5/9/2021 3:32:33 PM : ping
5/9/2021 3:32:33 PM : ping
5/9/2021 3:32:34 PM : ping
5/9/2021 3:32:34 PM : ping
5/9/2021 3:32:34 PM : ping
5/9/2021 3:32:35 PM : ping
5/9/2021 3:32:35 PM : ping
5/9/2021 3:32:35 PM : ping
5/9/2021 3:32:36 PM : ping
5/9/2021 3:32:36 PM : ping
5/9/2021 3:32:36 PM : ping
5/9/2021 3:32:37 PM : ping
5/9/2021 3:32:37 PM : ping
5/9/2021 3:32:37 PM : ping
5/9/2021 3:32:38 PM : ping
5/9/2021 3:32:38 PM : ping
5/9/2021 3:32:38 PM : ping
5/9/2021 3:32:40 PM : ping
5/9/2021 3:32:40 PM : ping
5/9/2021 3:32:40 PM : ping
5/9/2021 3:32:41 PM : ping
5/9/2021 3:32:41 PM : ping
5/9/2021 3:32:41 PM : ping
5/9/2021 3:32:42 PM : ping
5/9/2021 3:32:42 PM : ping
5/9/2021 3:32:42 PM : ping
5/9/2021 3:32:43 PM : ping
5/9/2021 3:32:43 PM : ping
5/9/2021 3:32:43 PM : ping
5/9/2021 3:32:44 PM : ping
5/9/2021 3:32:44 PM : ping
5/9/2021 3:32:44 PM : ping
5/9/2021 3:32:45 PM : ping
5/9/2021 3:32:45 PM : ping
5/9/2021 3:32:45 PM : ping
5/9/2021 3:32:46 PM : ping
5/9/2021 3:32:46 PM : ping
5/9/2021 3:32:46 PM : ping
5/9/2021 3:32:47 PM : ping
5/9/2021 3:32:47 PM : ping
5/9/2021 3:32:47 PM : ping
5/9/2021 3:32:48 PM : ping
5/9/2021 3:32:48 PM : ping
5/9/2021 3:32:48 PM : ping
5/9/2021 3:32:50 PM : ping
5/9/2021 3:32:50 PM : ping
5/9/2021 3:32:50 PM : ping
5/9/2021 3:32:51 PM : ping
5/9/2021 3:32:51 PM : ping
5/9/2021 3:32:51 PM : ping
5/9/2021 3:32:52 PM : ping
5/9/2021 3:32:52 PM : ping
5/9/2021 3:32:52 PM : ping
5/9/2021 3:32:53 PM : ping
5/9/2021 3:32:53 PM : ping
5/9/2021 3:32:53 PM : ping
5/9/2021 3:32:54 PM : ping
5/9/2021 3:32:54 PM : ping
5/9/2021 3:32:54 PM : ping
5/9/2021 3:32:55 PM : ping
5/9/2021 3:32:55 PM : ping
5/9/2021 3:32:55 PM : ping
5/9/2021 3:32:56 PM : ping
5/9/2021 3:32:56 PM : ping
5/9/2021 3:32:56 PM : ping
5/9/2021 3:32:57 PM : ping
5/9/2021 3:32:57 PM : ping
5/9/2021 3:32:57 PM : ping
5/9/2021 3:32:58 PM : ping
5/9/2021 3:32:58 PM : ping
5/9/2021 3:32:58 PM : ping
5/9/2021 3:32:59 PM : ping
5/9/2021 3:32:59 PM : ping
5/9/2021 3:32:59 PM : ping
5/9/2021 3:33:01 PM : ping
5/9/2021 3:33:01 PM : ping
5/9/2021 3:33:01 PM : ping
5/9/2021 3:33:02 PM : ping
5/9/2021 3:33:02 PM : ping
5/9/2021 3:33:02 PM : ping
5/9/2021 3:33:03 PM : ping
5/9/2021 3:33:03 PM : ping
5/9/2021 3:33:03 PM : ping
5/9/2021 3:33:04 PM : ping
5/9/2021 3:33:04 PM : ping
5/9/2021 3:33:04 PM : ping
5/9/2021 3:33:05 PM : ping
5/9/2021 3:33:05 PM : ping
5/9/2021 3:33:05 PM : ping
5/9/2021 3:33:06 PM : ping
5/9/2021 3:33:06 PM : ping
5/9/2021 3:33:06 PM : ping
5/9/2021 3:33:07 PM : ping
5/9/2021 3:33:07 PM : ping
5/9/2021 3:33:07 PM : ping
5/9/2021 3:33:08 PM : ping
5/9/2021 3:33:08 PM : ping
5/9/2021 3:33:08 PM : ping
5/9/2021 3:33:09 PM : ping
5/9/2021 3:33:09 PM : ping
5/9/2021 3:33:09 PM : ping
5/9/2021 3:33:11 PM : ping
5/9/2021 3:33:11 PM : ping
5/9/2021 3:33:11 PM : ping
5/9/2021 3:33:12 PM : ping
5/9/2021 3:33:12 PM : ping
5/9/2021 3:33:12 PM : ping
5/9/2021 3:33:13 PM : ping
5/9/2021 3:33:13 PM : ping
5/9/2021 3:33:13 PM : ping
5/9/2021 3:33:14 PM : ping
5/9/2021 3:33:14 PM : ping
5/9/2021 3:33:14 PM : ping
5/9/2021 3:33:15 PM : ping
5/9/2021 3:33:15 PM : ping
5/9/2021 3:33:15 PM : ping
5/9/2021 3:33:16 PM : ping
5/9/2021 3:33:16 PM : ping
5/9/2021 3:33:16 PM : ping
5/9/2021 3:33:17 PM : ping
5/9/2021 3:33:17 PM : ping
5/9/2021 3:33:17 PM : ping
5/9/2021 3:33:18 PM : ping
5/9/2021 3:33:18 PM : ping
5/9/2021 3:33:18 PM : ping
5/9/2021 3:33:19 PM : ping
5/9/2021 3:33:19 PM : ping
5/9/2021 3:33:19 PM : ping
5/9/2021 3:33:20 PM : ping
5/9/2021 3:33:20 PM : ping
5/9/2021 3:33:21 PM : ping
5/9/2021 3:33:22 PM : ping
5/9/2021 3:33:22 PM : ping
5/9/2021 3:33:22 PM : ping
5/9/2021 3:33:23 PM : ping
5/9/2021 3:33:23 PM : ping
5/9/2021 3:33:23 PM : ping
5/9/2021 3:33:24 PM : ping
5/9/2021 3:33:24 PM : ping
5/9/2021 3:33:24 PM : ping
5/9/2021 3:33:25 PM : ping
5/9/2021 3:33:25 PM : ping
5/9/2021 3:33:25 PM : ping
5/9/2021 3:33:26 PM : ping
5/9/2021 3:33:26 PM : ping
5/9/2021 3:33:26 PM : ping
5/9/2021 3:33:27 PM : ping
5/9/2021 3:33:27 PM : ping
5/9/2021 3:33:27 PM : ping
5/9/2021 3:33:28 PM : ping
5/9/2021 3:33:28 PM : ping
5/9/2021 3:33:28 PM : ping
5/9/2021 3:33:29 PM : ping
5/9/2021 3:33:29 PM : ping
5/9/2021 3:33:29 PM : ping
5/9/2021 3:33:30 PM : ping
5/9/2021 3:33:30 PM : ping
5/9/2021 3:33:30 PM : ping
5/9/2021 3:33:32 PM : ping
5/9/2021 3:33:32 PM : ping
5/9/2021 3:33:32 PM : ping
