log begin
..............
5/9/2021 1:43:36 PM : ping
5/9/2021 1:43:36 PM : ping
5/9/2021 1:43:36 PM : ping
5/9/2021 1:43:38 PM : ping
5/9/2021 1:43:38 PM : ping
5/9/2021 1:43:38 PM : ping
5/9/2021 1:43:39 PM : ping
5/9/2021 1:43:39 PM : ping
5/9/2021 1:43:39 PM : ping
5/9/2021 1:43:40 PM : ping
5/9/2021 1:43:40 PM : ping
5/9/2021 1:43:40 PM : ping
5/9/2021 1:43:41 PM : ping
5/9/2021 1:43:41 PM : ping
5/9/2021 1:43:41 PM : ping
5/9/2021 1:43:42 PM : ping
5/9/2021 1:43:42 PM : ping
5/9/2021 1:43:42 PM : ping
5/9/2021 1:43:43 PM : ping
5/9/2021 1:43:43 PM : ping
5/9/2021 1:43:43 PM : ping
5/9/2021 1:43:44 PM : ping
5/9/2021 1:43:44 PM : ping
5/9/2021 1:43:44 PM : ping
5/9/2021 1:43:45 PM : ping
5/9/2021 1:43:45 PM : ping
5/9/2021 1:43:45 PM : ping
5/9/2021 1:43:46 PM : ping
5/9/2021 1:43:46 PM : ping
5/9/2021 1:43:46 PM : ping
5/9/2021 1:43:48 PM : ping
5/9/2021 1:43:48 PM : ping
5/9/2021 1:43:48 PM : ping
5/9/2021 1:43:49 PM : launch server at port: 7003
5/9/2021 1:43:49 PM : ping
5/9/2021 1:43:49 PM : ping
5/9/2021 1:43:49 PM : ping
5/9/2021 1:43:50 PM : ping
5/9/2021 1:43:50 PM : ping
5/9/2021 1:43:50 PM : ping
5/9/2021 1:43:50 PM : launch server at port: 7004
5/9/2021 1:43:51 PM : ping
5/9/2021 1:43:51 PM : ping
5/9/2021 1:43:51 PM : ping
5/9/2021 1:43:52 PM : ping
5/9/2021 1:43:52 PM : ping
5/9/2021 1:43:52 PM : ping
5/9/2021 1:43:53 PM : ping
5/9/2021 1:43:53 PM : ping
5/9/2021 1:43:53 PM : ping
5/9/2021 1:43:54 PM : ping
5/9/2021 1:43:54 PM : ping
5/9/2021 1:43:54 PM : ping
5/9/2021 1:43:55 PM : ping
5/9/2021 1:43:55 PM : ping
5/9/2021 1:43:55 PM : ping
5/9/2021 1:43:56 PM : launch server at port: 7005
5/9/2021 1:43:56 PM : ping
5/9/2021 1:43:56 PM : ping
5/9/2021 1:43:56 PM : ping
5/9/2021 1:43:57 PM : launch server at port: 7006
5/9/2021 1:43:58 PM : ping
5/9/2021 1:43:58 PM : ping
5/9/2021 1:43:58 PM : ping
5/9/2021 1:43:59 PM : ping
5/9/2021 1:43:59 PM : ping
5/9/2021 1:43:59 PM : ping
5/9/2021 1:44:00 PM : ping
5/9/2021 1:44:00 PM : ping
5/9/2021 1:44:00 PM : ping
5/9/2021 1:44:01 PM : ping
5/9/2021 1:44:01 PM : ping
5/9/2021 1:44:01 PM : ping
5/9/2021 1:44:02 PM : launch server at port: 7007
5/9/2021 1:44:02 PM : ping
5/9/2021 1:44:02 PM : ping
5/9/2021 1:44:02 PM : ping
5/9/2021 1:44:03 PM : launch server at port: 7008
5/9/2021 1:44:03 PM : ping
5/9/2021 1:44:03 PM : ping
5/9/2021 1:44:03 PM : ping
5/9/2021 1:44:04 PM : ping
5/9/2021 1:44:04 PM : ping
5/9/2021 1:44:04 PM : ping
5/9/2021 1:44:05 PM : ping
5/9/2021 1:44:05 PM : ping
5/9/2021 1:44:05 PM : ping
5/9/2021 1:44:06 PM : ping
5/9/2021 1:44:06 PM : ping
5/9/2021 1:44:06 PM : ping
5/9/2021 1:44:08 PM : ping
5/9/2021 1:44:08 PM : ping
5/9/2021 1:44:08 PM : ping
5/9/2021 1:44:09 PM : ping
5/9/2021 1:44:09 PM : ping
5/9/2021 1:44:09 PM : ping
5/9/2021 1:44:10 PM : ping
5/9/2021 1:44:10 PM : ping
5/9/2021 1:44:10 PM : ping
5/9/2021 1:44:11 PM : ping
5/9/2021 1:44:11 PM : ping
5/9/2021 1:44:11 PM : ping
5/9/2021 1:44:12 PM : ping
5/9/2021 1:44:12 PM : ping
5/9/2021 1:44:12 PM : ping
5/9/2021 1:44:13 PM : ping
5/9/2021 1:44:13 PM : ping
5/9/2021 1:44:13 PM : ping
5/9/2021 1:44:14 PM : ping
5/9/2021 1:44:14 PM : ping
5/9/2021 1:44:14 PM : ping
5/9/2021 1:44:15 PM : ping
5/9/2021 1:44:15 PM : ping
5/9/2021 1:44:15 PM : ping
5/9/2021 1:44:16 PM : ping
5/9/2021 1:44:16 PM : ping
5/9/2021 1:44:16 PM : ping
5/9/2021 1:44:18 PM : ping
5/9/2021 1:44:18 PM : ping
5/9/2021 1:44:18 PM : ping
5/9/2021 1:44:19 PM : ping
5/9/2021 1:44:19 PM : ping
5/9/2021 1:44:19 PM : ping
5/9/2021 1:44:20 PM : ping
5/9/2021 1:44:20 PM : ping
5/9/2021 1:44:20 PM : ping
5/9/2021 1:44:21 PM : ping
5/9/2021 1:44:21 PM : ping
5/9/2021 1:44:21 PM : ping
5/9/2021 1:44:22 PM : ping
5/9/2021 1:44:22 PM : ping
5/9/2021 1:44:22 PM : ping
5/9/2021 1:44:23 PM : ping
5/9/2021 1:44:23 PM : ping
5/9/2021 1:44:23 PM : ping
5/9/2021 1:44:24 PM : ping
5/9/2021 1:44:24 PM : ping
5/9/2021 1:44:24 PM : ping
5/9/2021 1:44:25 PM : ping
5/9/2021 1:44:25 PM : ping
5/9/2021 1:44:25 PM : ping
5/9/2021 1:44:26 PM : ping
5/9/2021 1:44:26 PM : ping
5/9/2021 1:44:26 PM : ping
5/9/2021 1:44:28 PM : ping
5/9/2021 1:44:28 PM : ping
5/9/2021 1:44:28 PM : ping
5/9/2021 1:44:29 PM : ping
5/9/2021 1:44:29 PM : ping
5/9/2021 1:44:29 PM : ping
5/9/2021 1:44:30 PM : ping
5/9/2021 1:44:30 PM : ping
5/9/2021 1:44:30 PM : ping
5/9/2021 1:44:31 PM : ping
5/9/2021 1:44:31 PM : ping
5/9/2021 1:44:31 PM : ping
5/9/2021 1:44:32 PM : ping
5/9/2021 1:44:32 PM : ping
5/9/2021 1:44:32 PM : ping
5/9/2021 1:44:33 PM : ping
5/9/2021 1:44:33 PM : ping
5/9/2021 1:44:33 PM : ping
5/9/2021 1:44:34 PM : ping
5/9/2021 1:44:34 PM : ping
5/9/2021 1:44:34 PM : ping
5/9/2021 1:44:35 PM : ping
5/9/2021 1:44:35 PM : ping
5/9/2021 1:44:35 PM : ping
5/9/2021 1:44:36 PM : ping
5/9/2021 1:44:36 PM : ping
5/9/2021 1:44:36 PM : ping
5/9/2021 1:44:38 PM : ping
5/9/2021 1:44:38 PM : ping
5/9/2021 1:44:38 PM : ping
5/9/2021 1:44:39 PM : ping
5/9/2021 1:44:39 PM : ping
5/9/2021 1:44:39 PM : ping
5/9/2021 1:44:40 PM : ping
5/9/2021 1:44:40 PM : ping
5/9/2021 1:44:40 PM : ping
5/9/2021 1:44:41 PM : ping
5/9/2021 1:44:41 PM : ping
5/9/2021 1:44:41 PM : ping
5/9/2021 1:44:42 PM : ping
5/9/2021 1:44:42 PM : ping
5/9/2021 1:44:42 PM : ping
5/9/2021 1:44:43 PM : ping
5/9/2021 1:44:43 PM : ping
5/9/2021 1:44:43 PM : ping
5/9/2021 1:44:44 PM : ping
5/9/2021 1:44:44 PM : ping
5/9/2021 1:44:44 PM : ping
5/9/2021 1:44:45 PM : ping
5/9/2021 1:44:45 PM : ping
5/9/2021 1:44:45 PM : ping
5/9/2021 1:44:46 PM : launch server at port: 7009
5/9/2021 1:44:46 PM : ping
5/9/2021 1:44:46 PM : ping
5/9/2021 1:44:46 PM : ping
5/9/2021 1:44:48 PM : ping
5/9/2021 1:44:48 PM : ping
5/9/2021 1:44:48 PM : ping
5/9/2021 1:44:49 PM : ping
5/9/2021 1:44:49 PM : ping
5/9/2021 1:44:49 PM : ping
5/9/2021 1:44:50 PM : ping
5/9/2021 1:44:50 PM : ping
5/9/2021 1:44:50 PM : ping
5/9/2021 1:44:51 PM : ping
5/9/2021 1:44:51 PM : ping
5/9/2021 1:44:51 PM : ping
5/9/2021 1:44:51 PM : launch server at port: 7010
5/9/2021 1:44:52 PM : ping
5/9/2021 1:44:52 PM : ping
5/9/2021 1:44:52 PM : ping
5/9/2021 1:44:53 PM : ping
5/9/2021 1:44:53 PM : ping
5/9/2021 1:44:53 PM : ping
5/9/2021 1:44:54 PM : launch server at port: 7011
5/9/2021 1:44:54 PM : ping
5/9/2021 1:44:54 PM : ping
5/9/2021 1:44:54 PM : ping
5/9/2021 1:44:55 PM : ping
5/9/2021 1:44:55 PM : ping
5/9/2021 1:44:55 PM : ping
5/9/2021 1:44:56 PM : ping
5/9/2021 1:44:56 PM : ping
5/9/2021 1:44:56 PM : ping
5/9/2021 1:44:58 PM : ping
5/9/2021 1:44:58 PM : ping
5/9/2021 1:44:58 PM : ping
5/9/2021 1:44:58 PM : launch server at port: 7012
5/9/2021 1:44:59 PM : ping
5/9/2021 1:44:59 PM : ping
5/9/2021 1:44:59 PM : ping
5/9/2021 1:45:00 PM : ping
5/9/2021 1:45:00 PM : ping
5/9/2021 1:45:00 PM : ping
5/9/2021 1:45:01 PM : ping
5/9/2021 1:45:01 PM : ping
5/9/2021 1:45:01 PM : ping
5/9/2021 1:45:02 PM : ping
5/9/2021 1:45:02 PM : ping
5/9/2021 1:45:02 PM : ping
5/9/2021 1:45:03 PM : ping
5/9/2021 1:45:03 PM : ping
5/9/2021 1:45:03 PM : ping
5/9/2021 1:45:04 PM : ping
5/9/2021 1:45:04 PM : ping
5/9/2021 1:45:04 PM : ping
5/9/2021 1:45:05 PM : ping
5/9/2021 1:45:05 PM : ping
5/9/2021 1:45:05 PM : ping
5/9/2021 1:45:06 PM : ping
5/9/2021 1:45:06 PM : ping
5/9/2021 1:45:06 PM : ping
5/9/2021 1:45:07 PM : ping
5/9/2021 1:45:07 PM : ping
5/9/2021 1:45:07 PM : ping
5/9/2021 1:45:09 PM : ping
5/9/2021 1:45:09 PM : ping
5/9/2021 1:45:09 PM : ping
5/9/2021 1:45:10 PM : ping
5/9/2021 1:45:10 PM : ping
5/9/2021 1:45:10 PM : ping
5/9/2021 1:45:11 PM : ping
5/9/2021 1:45:11 PM : ping
5/9/2021 1:45:11 PM : ping
5/9/2021 1:45:12 PM : ping
5/9/2021 1:45:12 PM : ping
5/9/2021 1:45:12 PM : ping
5/9/2021 1:45:13 PM : ping
5/9/2021 1:45:13 PM : ping
5/9/2021 1:45:13 PM : ping
5/9/2021 1:45:14 PM : ping
5/9/2021 1:45:14 PM : ping
5/9/2021 1:45:14 PM : ping
5/9/2021 1:45:15 PM : ping
5/9/2021 1:45:15 PM : ping
5/9/2021 1:45:15 PM : ping
5/9/2021 1:45:16 PM : ping
5/9/2021 1:45:16 PM : ping
5/9/2021 1:45:16 PM : ping
5/9/2021 1:45:17 PM : ping
5/9/2021 1:45:17 PM : ping
5/9/2021 1:45:17 PM : ping
5/9/2021 1:45:19 PM : ping
5/9/2021 1:45:19 PM : ping
5/9/2021 1:45:19 PM : ping
5/9/2021 1:45:20 PM : ping
5/9/2021 1:45:20 PM : ping
5/9/2021 1:45:20 PM : ping
5/9/2021 1:45:21 PM : ping
5/9/2021 1:45:21 PM : ping
5/9/2021 1:45:21 PM : ping
5/9/2021 1:45:22 PM : ping
5/9/2021 1:45:22 PM : ping
5/9/2021 1:45:22 PM : ping
5/9/2021 1:45:23 PM : ping
5/9/2021 1:45:23 PM : ping
5/9/2021 1:45:23 PM : ping
5/9/2021 1:45:24 PM : ping
5/9/2021 1:45:24 PM : ping
5/9/2021 1:45:24 PM : ping
5/9/2021 1:45:25 PM : ping
5/9/2021 1:45:25 PM : ping
5/9/2021 1:45:25 PM : ping
5/9/2021 1:45:26 PM : ping
5/9/2021 1:45:26 PM : ping
5/9/2021 1:45:26 PM : ping
5/9/2021 1:45:27 PM : ping
5/9/2021 1:45:27 PM : ping
5/9/2021 1:45:27 PM : ping
5/9/2021 1:45:29 PM : ping
5/9/2021 1:45:29 PM : ping
5/9/2021 1:45:29 PM : ping
5/9/2021 1:45:30 PM : ping
5/9/2021 1:45:30 PM : ping
5/9/2021 1:45:30 PM : ping
5/9/2021 1:45:31 PM : ping
5/9/2021 1:45:31 PM : ping
5/9/2021 1:45:31 PM : ping
5/9/2021 1:45:32 PM : ping
5/9/2021 1:45:32 PM : ping
5/9/2021 1:45:32 PM : ping
5/9/2021 1:45:33 PM : ping
5/9/2021 1:45:33 PM : ping
5/9/2021 1:45:33 PM : ping
5/9/2021 1:45:34 PM : ping
5/9/2021 1:45:34 PM : ping
5/9/2021 1:45:34 PM : ping
5/9/2021 1:45:35 PM : ping
5/9/2021 1:45:35 PM : ping
5/9/2021 1:45:35 PM : ping
5/9/2021 1:45:36 PM : ping
5/9/2021 1:45:36 PM : ping
5/9/2021 1:45:36 PM : ping
5/9/2021 1:45:37 PM : ping
5/9/2021 1:45:37 PM : ping
5/9/2021 1:45:37 PM : ping
5/9/2021 1:45:38 PM : ping
5/9/2021 1:45:38 PM : ping
5/9/2021 1:45:38 PM : ping
5/9/2021 1:45:40 PM : ping
5/9/2021 1:45:40 PM : ping
5/9/2021 1:45:40 PM : ping
5/9/2021 1:45:41 PM : ping
5/9/2021 1:45:41 PM : ping
5/9/2021 1:45:41 PM : ping
5/9/2021 1:45:42 PM : ping
5/9/2021 1:45:42 PM : ping
5/9/2021 1:45:42 PM : ping
5/9/2021 1:45:43 PM : ping
5/9/2021 1:45:43 PM : ping
5/9/2021 1:45:43 PM : ping
5/9/2021 1:45:44 PM : ping
5/9/2021 1:45:44 PM : ping
5/9/2021 1:45:44 PM : ping
5/9/2021 1:45:45 PM : ping
5/9/2021 1:45:45 PM : ping
5/9/2021 1:45:45 PM : ping
5/9/2021 1:45:46 PM : ping
5/9/2021 1:45:46 PM : ping
5/9/2021 1:45:46 PM : ping
5/9/2021 1:45:47 PM : ping
5/9/2021 1:45:47 PM : ping
5/9/2021 1:45:47 PM : ping
5/9/2021 1:45:48 PM : ping
5/9/2021 1:45:48 PM : ping
5/9/2021 1:45:48 PM : ping
5/9/2021 1:45:50 PM : ping
5/9/2021 1:45:50 PM : ping
5/9/2021 1:45:50 PM : ping
5/9/2021 1:45:51 PM : ping
5/9/2021 1:45:51 PM : ping
5/9/2021 1:45:51 PM : ping
5/9/2021 1:45:52 PM : ping
5/9/2021 1:45:52 PM : ping
5/9/2021 1:45:52 PM : ping
5/9/2021 1:45:53 PM : ping
5/9/2021 1:45:53 PM : ping
5/9/2021 1:45:53 PM : ping
5/9/2021 1:45:54 PM : ping
5/9/2021 1:45:54 PM : ping
5/9/2021 1:45:54 PM : ping
5/9/2021 1:45:55 PM : ping
5/9/2021 1:45:55 PM : ping
5/9/2021 1:45:55 PM : ping
5/9/2021 1:45:56 PM : ping
5/9/2021 1:45:56 PM : ping
5/9/2021 1:45:56 PM : ping
5/9/2021 1:45:57 PM : ping
5/9/2021 1:45:57 PM : ping
5/9/2021 1:45:57 PM : ping
5/9/2021 1:46:06 PM : ping
5/9/2021 1:46:06 PM : ping
5/9/2021 1:46:06 PM : ping
5/9/2021 1:46:07 PM : ping
5/9/2021 1:46:07 PM : ping
5/9/2021 1:46:07 PM : ping
5/9/2021 1:46:09 PM : ping
5/9/2021 1:46:09 PM : ping
5/9/2021 1:46:09 PM : ping
5/9/2021 1:46:10 PM : ping
5/9/2021 1:46:10 PM : ping
5/9/2021 1:46:10 PM : ping
5/9/2021 1:46:11 PM : ping
5/9/2021 1:46:11 PM : ping
5/9/2021 1:46:11 PM : ping
5/9/2021 1:46:12 PM : ping
5/9/2021 1:46:12 PM : ping
5/9/2021 1:46:12 PM : ping
5/9/2021 1:46:13 PM : launch server at port: 7013
5/9/2021 1:46:13 PM : ping
5/9/2021 1:46:13 PM : ping
5/9/2021 1:46:13 PM : ping
5/9/2021 1:46:14 PM : ping
5/9/2021 1:46:14 PM : ping
5/9/2021 1:46:14 PM : ping
5/9/2021 1:46:15 PM : ping
5/9/2021 1:46:15 PM : ping
5/9/2021 1:46:15 PM : ping
5/9/2021 1:46:16 PM : ping
5/9/2021 1:46:16 PM : ping
5/9/2021 1:46:16 PM : ping
5/9/2021 1:46:17 PM : ping
5/9/2021 1:46:17 PM : ping
5/9/2021 1:46:17 PM : ping
5/9/2021 1:46:19 PM : ping
5/9/2021 1:46:19 PM : ping
5/9/2021 1:46:19 PM : ping
5/9/2021 1:46:20 PM : ping
5/9/2021 1:46:20 PM : ping
5/9/2021 1:46:20 PM : ping
5/9/2021 1:46:21 PM : ping
5/9/2021 1:46:21 PM : ping
5/9/2021 1:46:21 PM : ping
5/9/2021 1:46:22 PM : ping
5/9/2021 1:46:22 PM : ping
5/9/2021 1:46:22 PM : ping
5/9/2021 1:46:23 PM : ping
5/9/2021 1:46:23 PM : ping
5/9/2021 1:46:23 PM : ping
5/9/2021 1:46:24 PM : ping
5/9/2021 1:46:24 PM : ping
5/9/2021 1:46:24 PM : ping
5/9/2021 1:46:25 PM : ping
5/9/2021 1:46:25 PM : ping
5/9/2021 1:46:25 PM : ping
5/9/2021 1:46:26 PM : ping
5/9/2021 1:46:26 PM : ping
5/9/2021 1:46:26 PM : ping
5/9/2021 1:46:27 PM : ping
5/9/2021 1:46:27 PM : ping
5/9/2021 1:46:27 PM : ping
5/9/2021 1:46:37 PM : ping
5/9/2021 1:46:37 PM : ping
5/9/2021 1:46:37 PM : ping
5/9/2021 1:46:38 PM : ping
5/9/2021 1:46:38 PM : ping
5/9/2021 1:46:38 PM : ping
5/9/2021 1:46:39 PM : ping
5/9/2021 1:46:39 PM : ping
5/9/2021 1:46:39 PM : ping
5/9/2021 1:46:40 PM : ping
5/9/2021 1:46:40 PM : ping
5/9/2021 1:46:40 PM : ping
5/9/2021 1:46:40 PM : launch server at port: 7014
5/9/2021 1:46:41 PM : ping
5/9/2021 1:46:41 PM : ping
5/9/2021 1:46:41 PM : ping
5/9/2021 1:46:42 PM : ping
5/9/2021 1:46:42 PM : ping
5/9/2021 1:46:42 PM : ping
5/9/2021 1:46:43 PM : ping
5/9/2021 1:46:43 PM : ping
5/9/2021 1:46:43 PM : ping
5/9/2021 1:46:44 PM : ping
5/9/2021 1:46:44 PM : ping
5/9/2021 1:46:44 PM : ping
5/9/2021 1:46:45 PM : ping
5/9/2021 1:46:45 PM : ping
5/9/2021 1:46:45 PM : ping
5/9/2021 1:46:47 PM : ping
5/9/2021 1:46:47 PM : ping
5/9/2021 1:46:47 PM : ping
5/9/2021 1:46:48 PM : ping
5/9/2021 1:46:48 PM : ping
5/9/2021 1:46:48 PM : ping
5/9/2021 1:46:49 PM : ping
5/9/2021 1:46:49 PM : ping
5/9/2021 1:46:49 PM : ping
5/9/2021 1:46:50 PM : ping
5/9/2021 1:46:50 PM : ping
5/9/2021 1:46:50 PM : ping
5/9/2021 1:46:51 PM : ping
5/9/2021 1:46:51 PM : ping
5/9/2021 1:46:51 PM : ping
5/9/2021 1:46:52 PM : ping
5/9/2021 1:46:52 PM : ping
5/9/2021 1:46:52 PM : ping
5/9/2021 1:46:53 PM : ping
5/9/2021 1:46:53 PM : ping
5/9/2021 1:46:53 PM : ping
5/9/2021 1:46:54 PM : ping
5/9/2021 1:46:54 PM : ping
5/9/2021 1:46:54 PM : ping
5/9/2021 1:46:55 PM : ping
5/9/2021 1:46:55 PM : ping
5/9/2021 1:46:55 PM : ping
5/9/2021 1:46:57 PM : ping
5/9/2021 1:46:57 PM : ping
5/9/2021 1:46:57 PM : ping
5/9/2021 1:46:58 PM : ping
5/9/2021 1:46:58 PM : ping
5/9/2021 1:46:58 PM : ping
5/9/2021 1:46:59 PM : ping
5/9/2021 1:46:59 PM : ping
5/9/2021 1:46:59 PM : ping
5/9/2021 1:47:00 PM : ping
5/9/2021 1:47:00 PM : ping
5/9/2021 1:47:00 PM : ping
5/9/2021 1:47:01 PM : ping
5/9/2021 1:47:01 PM : ping
5/9/2021 1:47:01 PM : ping
5/9/2021 1:47:02 PM : ping
5/9/2021 1:47:02 PM : ping
5/9/2021 1:47:02 PM : ping
5/9/2021 1:47:03 PM : ping
5/9/2021 1:47:03 PM : ping
5/9/2021 1:47:03 PM : ping
5/9/2021 1:47:04 PM : ping
5/9/2021 1:47:04 PM : ping
5/9/2021 1:47:04 PM : ping
5/9/2021 1:47:05 PM : ping
5/9/2021 1:47:05 PM : ping
5/9/2021 1:47:05 PM : ping
5/9/2021 1:47:07 PM : ping
5/9/2021 1:47:07 PM : ping
5/9/2021 1:47:07 PM : ping
5/9/2021 1:47:08 PM : ping
5/9/2021 1:47:08 PM : ping
5/9/2021 1:47:08 PM : ping
5/9/2021 1:47:09 PM : ping
5/9/2021 1:47:09 PM : ping
5/9/2021 1:47:09 PM : ping
5/9/2021 1:47:10 PM : ping
5/9/2021 1:47:10 PM : ping
5/9/2021 1:47:10 PM : ping
5/9/2021 1:47:11 PM : ping
5/9/2021 1:47:11 PM : ping
5/9/2021 1:47:11 PM : ping
5/9/2021 1:47:12 PM : ping
5/9/2021 1:47:12 PM : ping
5/9/2021 1:47:12 PM : ping
5/9/2021 1:47:13 PM : ping
5/9/2021 1:47:13 PM : ping
5/9/2021 1:47:13 PM : ping
5/9/2021 1:47:14 PM : ping
5/9/2021 1:47:14 PM : ping
5/9/2021 1:47:14 PM : ping
5/9/2021 1:47:15 PM : ping
5/9/2021 1:47:15 PM : ping
5/9/2021 1:47:15 PM : ping
5/9/2021 1:47:17 PM : ping
5/9/2021 1:47:17 PM : ping
5/9/2021 1:47:17 PM : ping
5/9/2021 1:47:18 PM : ping
5/9/2021 1:47:18 PM : ping
5/9/2021 1:47:18 PM : ping
5/9/2021 1:49:20 PM : kService.requestChannels.Count :51
5/9/2021 1:49:20 PM : kService.requestChannels.Count :51
5/9/2021 1:49:20 PM : ping
5/9/2021 1:49:20 PM : ping
5/9/2021 1:49:20 PM : ping
5/9/2021 1:49:21 PM : ping
5/9/2021 1:49:21 PM : ping
5/9/2021 1:49:21 PM : ping
5/9/2021 1:49:23 PM : ping
5/9/2021 1:49:23 PM : ping
5/9/2021 1:49:23 PM : ping
5/9/2021 1:49:24 PM : ping
5/9/2021 1:49:24 PM : ping
5/9/2021 1:49:24 PM : ping
5/9/2021 1:49:25 PM : ping
5/9/2021 1:49:25 PM : ping
5/9/2021 1:49:25 PM : ping
5/9/2021 1:49:26 PM : ping
5/9/2021 1:49:26 PM : ping
5/9/2021 1:49:26 PM : ping
5/9/2021 1:49:27 PM : ping
5/9/2021 1:49:27 PM : ping
5/9/2021 1:49:27 PM : ping
5/9/2021 1:49:28 PM : ping
5/9/2021 1:49:28 PM : ping
5/9/2021 1:49:28 PM : ping
5/9/2021 1:49:29 PM : ping
5/9/2021 1:49:29 PM : ping
5/9/2021 1:49:29 PM : ping
5/9/2021 1:49:30 PM : ping
5/9/2021 1:49:30 PM : ping
5/9/2021 1:49:30 PM : ping
5/9/2021 1:49:31 PM : ping
5/9/2021 1:49:31 PM : ping
5/9/2021 1:49:31 PM : ping
5/9/2021 1:49:33 PM : ping
5/9/2021 1:49:33 PM : ping
5/9/2021 1:49:33 PM : ping
5/9/2021 1:49:34 PM : ping
5/9/2021 1:49:34 PM : ping
5/9/2021 1:49:34 PM : ping
5/9/2021 1:49:35 PM : ping
5/9/2021 1:49:35 PM : ping
5/9/2021 1:49:35 PM : ping
5/9/2021 1:49:36 PM : ping
5/9/2021 1:49:36 PM : ping
5/9/2021 1:49:36 PM : ping
5/9/2021 1:49:37 PM : ping
5/9/2021 1:49:37 PM : ping
5/9/2021 1:49:37 PM : ping
5/9/2021 1:49:38 PM : ping
5/9/2021 1:49:38 PM : ping
5/9/2021 1:49:38 PM : ping
5/9/2021 1:49:39 PM : ping
5/9/2021 1:49:39 PM : ping
5/9/2021 1:49:39 PM : ping
5/9/2021 1:49:40 PM : ping
5/9/2021 1:49:40 PM : ping
5/9/2021 1:49:40 PM : ping
5/9/2021 1:49:41 PM : ping
5/9/2021 1:49:41 PM : ping
5/9/2021 1:49:41 PM : ping
5/9/2021 1:49:43 PM : ping
5/9/2021 1:49:43 PM : ping
5/9/2021 1:49:43 PM : ping
5/9/2021 1:49:44 PM : ping
5/9/2021 1:49:44 PM : ping
5/9/2021 1:49:44 PM : ping
5/9/2021 1:49:45 PM : ping
5/9/2021 1:49:45 PM : ping
5/9/2021 1:49:45 PM : ping
5/9/2021 1:49:46 PM : ping
5/9/2021 1:49:46 PM : ping
5/9/2021 1:49:46 PM : ping
5/9/2021 1:49:47 PM : ping
5/9/2021 1:49:47 PM : ping
5/9/2021 1:49:47 PM : ping
5/9/2021 1:49:48 PM : ping
5/9/2021 1:49:48 PM : ping
5/9/2021 1:49:48 PM : ping
5/9/2021 1:49:49 PM : ping
5/9/2021 1:49:49 PM : ping
5/9/2021 1:49:49 PM : ping
5/9/2021 1:49:50 PM : ping
5/9/2021 1:49:50 PM : ping
5/9/2021 1:49:50 PM : ping
5/9/2021 1:49:51 PM : ping
5/9/2021 1:49:51 PM : ping
5/9/2021 1:49:51 PM : ping
5/9/2021 1:49:53 PM : ping
5/9/2021 1:49:53 PM : ping
5/9/2021 1:49:53 PM : ping
5/9/2021 1:49:54 PM : ping
5/9/2021 1:49:54 PM : ping
5/9/2021 1:49:54 PM : ping
5/9/2021 1:49:55 PM : ping
5/9/2021 1:49:55 PM : ping
5/9/2021 1:49:55 PM : ping
5/9/2021 1:49:56 PM : ping
5/9/2021 1:49:56 PM : ping
5/9/2021 1:49:56 PM : ping
5/9/2021 1:49:57 PM : ping
5/9/2021 1:49:57 PM : ping
5/9/2021 1:49:57 PM : ping
5/9/2021 1:49:58 PM : ping
5/9/2021 1:49:58 PM : ping
5/9/2021 1:49:58 PM : ping
5/9/2021 1:49:59 PM : ping
5/9/2021 1:49:59 PM : ping
5/9/2021 1:49:59 PM : ping
5/9/2021 1:50:00 PM : ping
5/9/2021 1:50:00 PM : ping
5/9/2021 1:50:00 PM : ping
5/9/2021 1:50:01 PM : ping
5/9/2021 1:50:01 PM : ping
5/9/2021 1:50:01 PM : ping
5/9/2021 1:50:02 PM : ping
5/9/2021 1:50:02 PM : ping
5/9/2021 1:50:02 PM : ping
5/9/2021 1:50:04 PM : ping
5/9/2021 1:50:04 PM : ping
5/9/2021 1:50:04 PM : ping
5/9/2021 1:50:05 PM : ping
5/9/2021 1:50:05 PM : ping
5/9/2021 1:50:05 PM : ping
5/9/2021 1:50:06 PM : ping
5/9/2021 1:50:06 PM : ping
5/9/2021 1:50:06 PM : ping
5/9/2021 1:50:07 PM : ping
5/9/2021 1:50:07 PM : ping
5/9/2021 1:50:07 PM : ping
5/9/2021 1:50:08 PM : ping
5/9/2021 1:50:08 PM : ping
5/9/2021 1:50:08 PM : ping
5/9/2021 1:50:09 PM : ping
5/9/2021 1:50:09 PM : ping
5/9/2021 1:50:09 PM : ping
5/9/2021 1:50:10 PM : ping
5/9/2021 1:50:10 PM : ping
5/9/2021 1:50:10 PM : ping
5/9/2021 1:50:11 PM : ping
5/9/2021 1:50:11 PM : ping
5/9/2021 1:50:11 PM : ping
5/9/2021 1:50:12 PM : ping
5/9/2021 1:50:12 PM : ping
5/9/2021 1:50:12 PM : ping
5/9/2021 1:50:14 PM : ping
5/9/2021 1:50:14 PM : ping
5/9/2021 1:50:14 PM : ping
5/9/2021 1:50:15 PM : ping
5/9/2021 1:50:15 PM : ping
5/9/2021 1:50:15 PM : ping
5/9/2021 1:50:16 PM : ping
5/9/2021 1:50:16 PM : ping
5/9/2021 1:50:16 PM : ping
5/9/2021 1:50:17 PM : ping
5/9/2021 1:50:17 PM : ping
5/9/2021 1:50:17 PM : ping
5/9/2021 1:50:18 PM : ping
5/9/2021 1:50:18 PM : ping
5/9/2021 1:50:18 PM : ping
5/9/2021 1:50:19 PM : ping
5/9/2021 1:50:19 PM : ping
5/9/2021 1:50:19 PM : ping
5/9/2021 1:50:20 PM : ping
5/9/2021 1:50:20 PM : ping
5/9/2021 1:50:20 PM : ping
5/9/2021 1:50:21 PM : ping
5/9/2021 1:50:21 PM : ping
5/9/2021 1:50:21 PM : ping
5/9/2021 1:50:22 PM : ping
5/9/2021 1:50:22 PM : ping
5/9/2021 1:50:22 PM : ping
5/9/2021 1:50:24 PM : ping
5/9/2021 1:50:24 PM : ping
5/9/2021 1:50:24 PM : ping
5/9/2021 1:50:25 PM : ping
5/9/2021 1:50:25 PM : ping
5/9/2021 1:50:25 PM : ping
5/9/2021 1:50:26 PM : ping
5/9/2021 1:50:26 PM : ping
5/9/2021 1:50:26 PM : ping
5/9/2021 1:50:27 PM : ping
5/9/2021 1:50:27 PM : ping
5/9/2021 1:50:27 PM : ping
5/9/2021 1:50:28 PM : ping
5/9/2021 1:50:28 PM : ping
5/9/2021 1:50:28 PM : ping
5/9/2021 1:50:29 PM : ping
5/9/2021 1:50:29 PM : ping
5/9/2021 1:50:29 PM : ping
5/9/2021 1:50:30 PM : ping
5/9/2021 1:50:30 PM : ping
5/9/2021 1:50:30 PM : ping
5/9/2021 1:50:31 PM : ping
5/9/2021 1:50:31 PM : ping
5/9/2021 1:50:31 PM : ping
5/9/2021 1:50:32 PM : ping
5/9/2021 1:50:32 PM : ping
5/9/2021 1:50:32 PM : ping
5/9/2021 1:50:34 PM : ping
5/9/2021 1:50:34 PM : ping
5/9/2021 1:50:34 PM : ping
5/9/2021 1:50:35 PM : ping
5/9/2021 1:50:35 PM : ping
5/9/2021 1:50:35 PM : ping
5/9/2021 1:50:36 PM : ping
5/9/2021 1:50:36 PM : ping
5/9/2021 1:50:36 PM : ping
5/9/2021 1:50:37 PM : ping
5/9/2021 1:50:37 PM : ping
5/9/2021 1:50:37 PM : ping
5/9/2021 1:50:38 PM : ping
5/9/2021 1:50:38 PM : ping
5/9/2021 1:50:38 PM : ping
5/9/2021 1:50:39 PM : ping
5/9/2021 1:50:39 PM : ping
5/9/2021 1:50:39 PM : ping
5/9/2021 1:50:40 PM : ping
5/9/2021 1:50:40 PM : ping
5/9/2021 1:50:40 PM : ping
5/9/2021 1:50:41 PM : ping
5/9/2021 1:50:41 PM : ping
5/9/2021 1:50:41 PM : ping
5/9/2021 1:50:42 PM : ping
5/9/2021 1:50:42 PM : ping
5/9/2021 1:50:42 PM : ping
5/9/2021 1:50:44 PM : ping
5/9/2021 1:50:44 PM : ping
5/9/2021 1:50:44 PM : ping
5/9/2021 1:50:45 PM : ping
5/9/2021 1:50:45 PM : ping
5/9/2021 1:50:45 PM : ping
5/9/2021 1:50:46 PM : ping
5/9/2021 1:50:46 PM : ping
5/9/2021 1:50:46 PM : ping
5/9/2021 1:50:47 PM : ping
5/9/2021 1:50:47 PM : ping
5/9/2021 1:50:47 PM : ping
5/9/2021 1:50:48 PM : ping
5/9/2021 1:50:48 PM : ping
5/9/2021 1:50:48 PM : ping
5/9/2021 1:50:49 PM : ping
5/9/2021 1:50:49 PM : ping
5/9/2021 1:50:49 PM : ping
5/9/2021 1:50:50 PM : ping
5/9/2021 1:50:50 PM : ping
5/9/2021 1:50:50 PM : ping
5/9/2021 1:50:51 PM : ping
5/9/2021 1:50:51 PM : ping
5/9/2021 1:50:51 PM : ping
5/9/2021 1:50:52 PM : ping
5/9/2021 1:50:52 PM : ping
5/9/2021 1:50:52 PM : ping
5/9/2021 1:50:53 PM : ping
5/9/2021 1:50:53 PM : ping
5/9/2021 1:50:54 PM : ping
5/9/2021 1:50:55 PM : ping
5/9/2021 1:50:55 PM : ping
5/9/2021 1:50:55 PM : ping
5/9/2021 1:50:56 PM : ping
5/9/2021 1:50:56 PM : ping
5/9/2021 1:50:56 PM : ping
5/9/2021 1:50:57 PM : ping
5/9/2021 1:50:57 PM : ping
5/9/2021 1:50:57 PM : ping
5/9/2021 1:50:58 PM : ping
5/9/2021 1:50:58 PM : ping
5/9/2021 1:50:58 PM : ping
5/9/2021 1:51:07 PM : ping
5/9/2021 1:51:07 PM : ping
5/9/2021 1:51:07 PM : ping
5/9/2021 1:51:08 PM : ping
5/9/2021 1:51:08 PM : ping
5/9/2021 1:51:08 PM : ping
5/9/2021 1:51:09 PM : ping
5/9/2021 1:51:09 PM : ping
5/9/2021 1:51:09 PM : ping
5/9/2021 1:51:10 PM : ping
5/9/2021 1:51:10 PM : ping
5/9/2021 1:51:10 PM : ping
5/9/2021 1:51:11 PM : ping
5/9/2021 1:51:11 PM : ping
5/9/2021 1:51:11 PM : ping
5/9/2021 1:51:12 PM : ping
5/9/2021 1:51:12 PM : ping
5/9/2021 1:51:12 PM : ping
5/9/2021 1:51:13 PM : ping
5/9/2021 1:51:13 PM : ping
5/9/2021 1:51:13 PM : ping
5/9/2021 1:51:14 PM : ping
5/9/2021 1:51:14 PM : ping
5/9/2021 1:51:14 PM : ping
5/9/2021 1:51:15 PM : ping
5/9/2021 1:51:15 PM : ping
5/9/2021 1:51:15 PM : ping
5/9/2021 1:51:17 PM : ping
5/9/2021 1:51:17 PM : ping
5/9/2021 1:51:17 PM : ping
5/9/2021 1:51:18 PM : ping
5/9/2021 1:51:18 PM : ping
5/9/2021 1:51:18 PM : ping
5/9/2021 1:51:19 PM : ping
5/9/2021 1:51:19 PM : ping
5/9/2021 1:51:19 PM : ping
5/9/2021 1:51:20 PM : ping
5/9/2021 1:51:20 PM : ping
5/9/2021 1:51:20 PM : ping
5/9/2021 1:51:21 PM : ping
5/9/2021 1:51:21 PM : ping
5/9/2021 1:51:21 PM : ping
5/9/2021 1:51:22 PM : ping
5/9/2021 1:51:22 PM : ping
5/9/2021 1:51:22 PM : ping
5/9/2021 1:51:23 PM : ping
5/9/2021 1:51:23 PM : ping
5/9/2021 1:51:23 PM : ping
5/9/2021 1:51:24 PM : ping
5/9/2021 1:51:24 PM : ping
5/9/2021 1:51:24 PM : ping
5/9/2021 1:51:25 PM : ping
5/9/2021 1:51:25 PM : ping
5/9/2021 1:51:25 PM : ping
5/9/2021 1:51:27 PM : ping
5/9/2021 1:51:27 PM : ping
5/9/2021 1:51:27 PM : ping
5/9/2021 1:51:28 PM : ping
5/9/2021 1:51:28 PM : ping
5/9/2021 1:51:28 PM : ping
5/9/2021 1:51:29 PM : ping
5/9/2021 1:51:29 PM : ping
5/9/2021 1:51:29 PM : ping
5/9/2021 1:51:30 PM : ping
5/9/2021 1:51:30 PM : ping
5/9/2021 1:51:30 PM : ping
5/9/2021 1:51:31 PM : ping
5/9/2021 1:51:31 PM : ping
5/9/2021 1:51:31 PM : ping
5/9/2021 1:51:32 PM : ping
5/9/2021 1:51:32 PM : ping
5/9/2021 1:51:32 PM : ping
5/9/2021 1:51:33 PM : ping
5/9/2021 1:51:33 PM : ping
5/9/2021 1:51:33 PM : ping
5/9/2021 1:51:34 PM : ping
5/9/2021 1:51:34 PM : ping
5/9/2021 1:51:34 PM : ping
5/9/2021 1:51:35 PM : ping
5/9/2021 1:51:35 PM : ping
5/9/2021 1:51:35 PM : ping
5/9/2021 1:51:37 PM : ping
5/9/2021 1:51:37 PM : ping
5/9/2021 1:51:37 PM : ping
5/9/2021 1:51:38 PM : ping
5/9/2021 1:51:38 PM : ping
5/9/2021 1:51:38 PM : ping
5/9/2021 1:51:39 PM : ping
5/9/2021 1:51:39 PM : ping
5/9/2021 1:51:39 PM : ping
5/9/2021 1:51:40 PM : ping
5/9/2021 1:51:40 PM : ping
5/9/2021 1:51:40 PM : ping
5/9/2021 1:51:41 PM : ping
5/9/2021 1:51:41 PM : ping
5/9/2021 1:51:41 PM : ping
5/9/2021 1:51:42 PM : ping
5/9/2021 1:51:42 PM : ping
5/9/2021 1:51:42 PM : ping
5/9/2021 1:51:43 PM : ping
5/9/2021 1:51:43 PM : ping
5/9/2021 1:51:43 PM : ping
5/9/2021 1:51:44 PM : ping
5/9/2021 1:51:44 PM : ping
5/9/2021 1:51:44 PM : ping
5/9/2021 1:51:45 PM : ping
5/9/2021 1:51:45 PM : ping
5/9/2021 1:51:45 PM : ping
5/9/2021 1:51:46 PM : ping
5/9/2021 1:51:46 PM : ping
5/9/2021 1:51:47 PM : ping
5/9/2021 1:51:48 PM : ping
5/9/2021 1:51:48 PM : ping
5/9/2021 1:51:48 PM : ping
5/9/2021 1:51:49 PM : ping
5/9/2021 1:51:49 PM : ping
5/9/2021 1:51:49 PM : ping
5/9/2021 1:51:50 PM : ping
5/9/2021 1:51:50 PM : ping
5/9/2021 1:51:50 PM : ping
5/9/2021 1:51:51 PM : ping
5/9/2021 1:51:51 PM : ping
5/9/2021 1:51:51 PM : ping
5/9/2021 1:51:52 PM : ping
5/9/2021 1:51:52 PM : ping
5/9/2021 1:51:52 PM : ping
5/9/2021 1:51:53 PM : ping
5/9/2021 1:51:53 PM : ping
5/9/2021 1:51:53 PM : ping
5/9/2021 1:51:54 PM : ping
5/9/2021 1:51:54 PM : ping
5/9/2021 1:51:54 PM : ping
5/9/2021 1:51:55 PM : ping
5/9/2021 1:51:55 PM : ping
5/9/2021 1:51:55 PM : ping
5/9/2021 1:51:56 PM : ping
5/9/2021 1:51:56 PM : ping
5/9/2021 1:51:56 PM : ping
5/9/2021 1:51:58 PM : ping
5/9/2021 1:51:58 PM : ping
5/9/2021 1:51:58 PM : ping
5/9/2021 1:51:59 PM : ping
5/9/2021 1:51:59 PM : ping
5/9/2021 1:51:59 PM : ping
5/9/2021 1:52:00 PM : ping
5/9/2021 1:52:00 PM : ping
5/9/2021 1:52:00 PM : ping
5/9/2021 1:52:01 PM : ping
5/9/2021 1:52:01 PM : ping
5/9/2021 1:52:01 PM : ping
5/9/2021 1:52:02 PM : ping
5/9/2021 1:52:02 PM : ping
5/9/2021 1:52:02 PM : ping
5/9/2021 1:52:03 PM : ping
5/9/2021 1:52:03 PM : ping
5/9/2021 1:52:03 PM : ping
5/9/2021 1:52:04 PM : ping
5/9/2021 1:52:04 PM : ping
5/9/2021 1:52:04 PM : ping
5/9/2021 1:52:05 PM : ping
5/9/2021 1:52:05 PM : ping
5/9/2021 1:52:05 PM : ping
5/9/2021 1:52:06 PM : ping
5/9/2021 1:52:06 PM : ping
5/9/2021 1:52:06 PM : ping
5/9/2021 1:52:08 PM : ping
5/9/2021 1:52:08 PM : ping
5/9/2021 1:52:08 PM : ping
5/9/2021 1:52:09 PM : ping
5/9/2021 1:52:09 PM : ping
5/9/2021 1:52:09 PM : ping
5/9/2021 1:52:10 PM : ping
5/9/2021 1:52:10 PM : ping
5/9/2021 1:52:10 PM : ping
5/9/2021 1:52:51 PM : ping
5/9/2021 1:52:51 PM : ping
5/9/2021 1:52:51 PM : ping
5/9/2021 1:52:52 PM : ping
5/9/2021 1:52:52 PM : ping
5/9/2021 1:52:52 PM : ping
5/9/2021 1:52:53 PM : ping
5/9/2021 1:52:53 PM : ping
5/9/2021 1:52:53 PM : ping
5/9/2021 1:52:54 PM : ping
5/9/2021 1:52:54 PM : ping
5/9/2021 1:52:54 PM : ping
5/9/2021 1:52:55 PM : ping
5/9/2021 1:52:55 PM : ping
5/9/2021 1:52:55 PM : ping
5/9/2021 1:52:56 PM : ping
5/9/2021 1:52:56 PM : ping
5/9/2021 1:52:56 PM : ping
5/9/2021 1:52:57 PM : ping
5/9/2021 1:52:57 PM : ping
5/9/2021 1:52:57 PM : ping
5/9/2021 1:52:58 PM : ping
5/9/2021 1:52:58 PM : ping
5/9/2021 1:52:58 PM : ping
5/9/2021 1:52:59 PM : ping
5/9/2021 1:52:59 PM : ping
5/9/2021 1:52:59 PM : ping
5/9/2021 1:53:01 PM : ping
5/9/2021 1:53:01 PM : ping
5/9/2021 1:53:01 PM : ping
5/9/2021 1:55:22 PM : ping
5/9/2021 1:55:22 PM : ping
5/9/2021 1:55:22 PM : ping
5/9/2021 1:55:23 PM : ping
5/9/2021 1:55:23 PM : ping
5/9/2021 1:55:23 PM : ping
5/9/2021 1:55:24 PM : ping
5/9/2021 1:55:24 PM : ping
5/9/2021 1:55:24 PM : ping
5/9/2021 1:55:25 PM : ping
5/9/2021 1:55:25 PM : ping
5/9/2021 1:55:25 PM : ping
5/9/2021 1:55:27 PM : ping
5/9/2021 1:55:27 PM : ping
5/9/2021 1:55:27 PM : ping
5/9/2021 1:55:28 PM : ping
5/9/2021 1:55:28 PM : ping
5/9/2021 1:55:28 PM : ping
5/9/2021 1:55:29 PM : ping
5/9/2021 1:55:29 PM : ping
5/9/2021 1:55:29 PM : ping
5/9/2021 1:55:30 PM : ping
5/9/2021 1:55:30 PM : ping
5/9/2021 1:55:30 PM : ping
5/9/2021 1:55:31 PM : ping
5/9/2021 1:55:31 PM : ping
5/9/2021 1:55:31 PM : ping
5/9/2021 1:55:32 PM : ping
5/9/2021 1:55:32 PM : ping
5/9/2021 1:55:32 PM : ping
5/9/2021 1:55:33 PM : ping
5/9/2021 1:55:33 PM : ping
5/9/2021 1:55:33 PM : ping
5/9/2021 1:55:41 PM : ping
5/9/2021 1:55:41 PM : ping
5/9/2021 1:55:41 PM : ping
5/9/2021 1:55:42 PM : ping
5/9/2021 1:55:42 PM : ping
5/9/2021 1:55:42 PM : ping
5/9/2021 1:55:43 PM : ping
5/9/2021 1:55:43 PM : ping
5/9/2021 1:55:43 PM : ping
5/9/2021 1:55:44 PM : ping
5/9/2021 1:55:44 PM : ping
5/9/2021 1:55:44 PM : ping
5/9/2021 1:55:46 PM : ping
5/9/2021 1:55:46 PM : ping
5/9/2021 1:55:46 PM : ping
5/9/2021 1:55:47 PM : ping
5/9/2021 1:55:47 PM : ping
5/9/2021 1:55:47 PM : ping
5/9/2021 1:55:47 PM : launch server at port: 7015
5/9/2021 1:55:48 PM : ping
5/9/2021 1:55:48 PM : ping
5/9/2021 1:55:48 PM : ping
5/9/2021 1:55:49 PM : ping
5/9/2021 1:55:49 PM : ping
5/9/2021 1:55:49 PM : ping
5/9/2021 1:55:50 PM : ping
5/9/2021 1:55:50 PM : ping
5/9/2021 1:55:50 PM : ping
5/9/2021 1:55:51 PM : ping
5/9/2021 1:55:51 PM : ping
5/9/2021 1:55:51 PM : ping
5/9/2021 1:55:52 PM : ping
5/9/2021 1:55:52 PM : ping
5/9/2021 1:55:52 PM : ping
5/9/2021 1:55:53 PM : ping
5/9/2021 1:55:53 PM : ping
5/9/2021 1:55:53 PM : ping
5/9/2021 1:55:54 PM : ping
5/9/2021 1:55:54 PM : ping
5/9/2021 1:55:54 PM : ping
5/9/2021 1:56:00 PM : ping
5/9/2021 1:56:00 PM : ping
5/9/2021 1:56:00 PM : ping
5/9/2021 1:56:01 PM : ping
5/9/2021 1:56:01 PM : ping
5/9/2021 1:56:01 PM : ping
5/9/2021 1:56:02 PM : ping
5/9/2021 1:56:02 PM : ping
5/9/2021 1:56:02 PM : ping
5/9/2021 1:56:03 PM : ping
5/9/2021 1:56:03 PM : ping
5/9/2021 1:56:03 PM : ping
5/9/2021 1:56:04 PM : ping
5/9/2021 1:56:04 PM : ping
5/9/2021 1:56:04 PM : ping
5/9/2021 1:56:05 PM : ping
5/9/2021 1:56:05 PM : ping
5/9/2021 1:56:05 PM : ping
5/9/2021 1:56:06 PM : launch server at port: 7016
5/9/2021 1:56:06 PM : ping
5/9/2021 1:56:06 PM : ping
5/9/2021 1:56:06 PM : ping
5/9/2021 1:56:07 PM : ping
5/9/2021 1:56:07 PM : ping
5/9/2021 1:56:07 PM : ping
5/9/2021 1:56:08 PM : ping
5/9/2021 1:56:08 PM : ping
5/9/2021 1:56:08 PM : ping
5/9/2021 1:56:09 PM : ping
5/9/2021 1:56:09 PM : ping
5/9/2021 1:56:09 PM : ~KChannel()
5/9/2021 1:56:09 PM : ping
5/9/2021 1:56:11 PM : ping
5/9/2021 1:56:11 PM : ping
5/9/2021 1:56:11 PM : ping
5/9/2021 1:56:12 PM : ping
5/9/2021 1:56:12 PM : ping
5/9/2021 1:56:12 PM : ping
5/9/2021 1:56:13 PM : ping
5/9/2021 1:56:13 PM : ping
5/9/2021 1:56:13 PM : ping
5/9/2021 2:05:49 PM : ping
5/9/2021 2:05:49 PM : ping
5/9/2021 2:05:49 PM : ping
5/9/2021 2:05:51 PM : ping
5/9/2021 2:05:51 PM : ping
5/9/2021 2:05:51 PM : ping
5/9/2021 2:05:52 PM : ping
5/9/2021 2:05:52 PM : ping
5/9/2021 2:05:52 PM : ping
5/9/2021 2:05:53 PM : ping
5/9/2021 2:05:53 PM : ping
5/9/2021 2:05:53 PM : ping
5/9/2021 2:05:54 PM : ping
5/9/2021 2:05:54 PM : ping
5/9/2021 2:05:54 PM : ping
5/9/2021 2:05:55 PM : ping
5/9/2021 2:05:55 PM : ping
5/9/2021 2:05:55 PM : ping
5/9/2021 2:05:56 PM : ping
5/9/2021 2:05:56 PM : ping
5/9/2021 2:05:56 PM : ping
5/9/2021 2:05:57 PM : ping
5/9/2021 2:05:57 PM : ping
5/9/2021 2:05:57 PM : ping
5/9/2021 2:05:58 PM : ping
5/9/2021 2:05:58 PM : ping
5/9/2021 2:05:58 PM : ping
5/9/2021 2:05:59 PM : ping
5/9/2021 2:05:59 PM : ping
5/9/2021 2:05:59 PM : ping
5/9/2021 2:06:01 PM : ping
5/9/2021 2:06:01 PM : ping
5/9/2021 2:06:01 PM : ping
5/9/2021 2:06:02 PM : ping
5/9/2021 2:06:02 PM : ping
5/9/2021 2:06:02 PM : ping
5/9/2021 2:06:03 PM : ping
5/9/2021 2:06:03 PM : ping
5/9/2021 2:06:03 PM : ping
5/9/2021 2:06:04 PM : ping
5/9/2021 2:06:04 PM : ping
5/9/2021 2:06:04 PM : ping
5/9/2021 2:06:05 PM : ping
5/9/2021 2:06:05 PM : ping
5/9/2021 2:06:05 PM : ping
5/9/2021 2:06:06 PM : ping
5/9/2021 2:06:06 PM : ping
5/9/2021 2:06:06 PM : ping
5/9/2021 2:06:07 PM : ping
5/9/2021 2:06:07 PM : ping
5/9/2021 2:06:07 PM : ping
5/9/2021 2:06:08 PM : kService.requestChannels.Count :54
5/9/2021 2:06:08 PM : kService.requestChannels.Count :54
5/9/2021 2:06:08 PM : kService.requestChannels.Count :53
5/9/2021 2:06:08 PM : kService.requestChannels.Count :53
5/9/2021 2:06:08 PM : kService.requestChannels.Count :52
5/9/2021 2:06:08 PM : kService.requestChannels.Count :52
5/9/2021 2:06:08 PM : kService.requestChannels.Count :51
5/9/2021 2:06:08 PM : kService.requestChannels.Count :51
5/9/2021 2:06:08 PM : kService.requestChannels.Count :50
5/9/2021 2:06:08 PM : kService.requestChannels.Count :50
5/9/2021 2:06:08 PM : kService.requestChannels.Count :49
5/9/2021 2:06:08 PM : kService.requestChannels.Count :49
5/9/2021 2:06:08 PM : kService.requestChannels.Count :48
5/9/2021 2:06:08 PM : kService.requestChannels.Count :48
5/9/2021 2:06:08 PM : kService.requestChannels.Count :47
5/9/2021 2:06:08 PM : kService.requestChannels.Count :47
5/9/2021 2:06:08 PM : kService.requestChannels.Count :46
5/9/2021 2:06:08 PM : kService.requestChannels.Count :46
5/9/2021 2:06:08 PM : ping
5/9/2021 2:06:08 PM : ping
5/9/2021 2:06:08 PM : ping
5/9/2021 2:06:08 PM : kService.requestChannels.Count :45
5/9/2021 2:06:08 PM : kService.requestChannels.Count :45
5/9/2021 2:06:08 PM : kService.requestChannels.Count :44
5/9/2021 2:06:08 PM : kService.requestChannels.Count :44
5/9/2021 2:06:09 PM : kService.requestChannels.Count :43
5/9/2021 2:06:09 PM : kService.requestChannels.Count :43
5/9/2021 2:06:09 PM : kService.requestChannels.Count :42
5/9/2021 2:06:09 PM : kService.requestChannels.Count :42
5/9/2021 2:06:09 PM : kService.requestChannels.Count :41
5/9/2021 2:06:09 PM : kService.requestChannels.Count :41
5/9/2021 2:06:09 PM : kService.requestChannels.Count :40
5/9/2021 2:06:09 PM : kService.requestChannels.Count :40
5/9/2021 2:06:09 PM : kService.requestChannels.Count :39
5/9/2021 2:06:09 PM : kService.requestChannels.Count :39
5/9/2021 2:06:09 PM : ping
5/9/2021 2:06:09 PM : ping
5/9/2021 2:06:09 PM : ping
5/9/2021 2:06:10 PM : kService.requestChannels.Count :38
5/9/2021 2:06:10 PM : kService.requestChannels.Count :38
5/9/2021 2:06:10 PM : kService.requestChannels.Count :37
5/9/2021 2:06:10 PM : kService.requestChannels.Count :37
5/9/2021 2:06:10 PM : kService.requestChannels.Count :36
5/9/2021 2:06:10 PM : kService.requestChannels.Count :36
5/9/2021 2:06:10 PM : kService.requestChannels.Count :35
5/9/2021 2:06:10 PM : kService.requestChannels.Count :35
5/9/2021 2:06:10 PM : kService.requestChannels.Count :34
5/9/2021 2:06:10 PM : kService.requestChannels.Count :34
5/9/2021 2:06:11 PM : ping
5/9/2021 2:06:11 PM : ping
5/9/2021 2:06:11 PM : ping
5/9/2021 2:06:11 PM : kService.requestChannels.Count :33
5/9/2021 2:06:11 PM : kService.requestChannels.Count :33
5/9/2021 2:06:11 PM : kService.requestChannels.Count :32
5/9/2021 2:06:11 PM : kService.requestChannels.Count :32
5/9/2021 2:06:11 PM : kService.requestChannels.Count :31
5/9/2021 2:06:11 PM : kService.requestChannels.Count :31
5/9/2021 2:06:11 PM : kService.requestChannels.Count :30
5/9/2021 2:06:11 PM : kService.requestChannels.Count :30
5/9/2021 2:06:12 PM : ping
5/9/2021 2:06:12 PM : ping
5/9/2021 2:06:12 PM : ping
5/9/2021 2:06:12 PM : kService.requestChannels.Count :29
5/9/2021 2:06:12 PM : kService.requestChannels.Count :29
5/9/2021 2:06:12 PM : kService.requestChannels.Count :28
5/9/2021 2:06:12 PM : kService.requestChannels.Count :28
5/9/2021 2:06:13 PM : kService.requestChannels.Count :27
5/9/2021 2:06:13 PM : kService.requestChannels.Count :27
5/9/2021 2:06:13 PM : ping
5/9/2021 2:06:13 PM : ping
5/9/2021 2:06:13 PM : ping
5/9/2021 2:06:13 PM : kService.requestChannels.Count :26
5/9/2021 2:06:13 PM : kService.requestChannels.Count :26
5/9/2021 2:06:13 PM : kService.requestChannels.Count :25
5/9/2021 2:06:13 PM : kService.requestChannels.Count :25
5/9/2021 2:06:13 PM : kService.requestChannels.Count :24
5/9/2021 2:06:13 PM : kService.requestChannels.Count :24
5/9/2021 2:06:14 PM : kService.requestChannels.Count :23
5/9/2021 2:06:14 PM : kService.requestChannels.Count :23
5/9/2021 2:06:14 PM : ping
5/9/2021 2:06:14 PM : ping
5/9/2021 2:06:14 PM : ping
5/9/2021 2:06:14 PM : kService.requestChannels.Count :22
5/9/2021 2:06:14 PM : kService.requestChannels.Count :22
5/9/2021 2:06:14 PM : kService.requestChannels.Count :21
5/9/2021 2:06:14 PM : kService.requestChannels.Count :21
5/9/2021 2:06:15 PM : kService.requestChannels.Count :20
5/9/2021 2:06:15 PM : kService.requestChannels.Count :20
5/9/2021 2:06:15 PM : kService.requestChannels.Count :19
5/9/2021 2:06:15 PM : kService.requestChannels.Count :19
5/9/2021 2:06:15 PM : ping
5/9/2021 2:06:15 PM : ping
5/9/2021 2:06:15 PM : ping
5/9/2021 2:06:15 PM : kService.requestChannels.Count :18
5/9/2021 2:06:15 PM : kService.requestChannels.Count :18
5/9/2021 2:06:15 PM : kService.requestChannels.Count :17
5/9/2021 2:06:15 PM : kService.requestChannels.Count :17
5/9/2021 2:06:15 PM : kService.requestChannels.Count :16
5/9/2021 2:06:15 PM : kService.requestChannels.Count :16
5/9/2021 2:06:16 PM : kService.requestChannels.Count :15
5/9/2021 2:06:16 PM : kService.requestChannels.Count :15
5/9/2021 2:06:16 PM : kService.requestChannels.Count :14
5/9/2021 2:06:16 PM : kService.requestChannels.Count :14
5/9/2021 2:06:16 PM : kService.requestChannels.Count :13
5/9/2021 2:06:16 PM : kService.requestChannels.Count :13
5/9/2021 2:06:16 PM : ping
5/9/2021 2:06:16 PM : ping
5/9/2021 2:06:16 PM : ping
5/9/2021 2:06:16 PM : kService.requestChannels.Count :12
5/9/2021 2:06:16 PM : kService.requestChannels.Count :12
5/9/2021 2:06:16 PM : kService.requestChannels.Count :11
5/9/2021 2:06:16 PM : kService.requestChannels.Count :11
5/9/2021 2:06:17 PM : kService.requestChannels.Count :10
5/9/2021 2:06:17 PM : kService.requestChannels.Count :10
5/9/2021 2:06:17 PM : kService.requestChannels.Count :9
5/9/2021 2:06:17 PM : kService.requestChannels.Count :9
5/9/2021 2:06:17 PM : kService.requestChannels.Count :8
5/9/2021 2:06:17 PM : kService.requestChannels.Count :8
5/9/2021 2:06:17 PM : ping
5/9/2021 2:06:17 PM : ping
5/9/2021 2:06:17 PM : ping
5/9/2021 2:06:17 PM : kService.requestChannels.Count :7
5/9/2021 2:06:17 PM : kService.requestChannels.Count :7
5/9/2021 2:06:18 PM : kService.requestChannels.Count :6
5/9/2021 2:06:18 PM : kService.requestChannels.Count :6
5/9/2021 2:06:18 PM : kService.requestChannels.Count :5
5/9/2021 2:06:18 PM : kService.requestChannels.Count :5
5/9/2021 2:06:18 PM : kService.requestChannels.Count :4
5/9/2021 2:06:18 PM : kService.requestChannels.Count :4
5/9/2021 2:06:18 PM : kService.requestChannels.Count :3
5/9/2021 2:06:18 PM : kService.requestChannels.Count :3
5/9/2021 2:06:18 PM : kService.requestChannels.Count :2
5/9/2021 2:06:18 PM : kService.requestChannels.Count :2
5/9/2021 2:06:18 PM : ping
5/9/2021 2:06:18 PM : ping
5/9/2021 2:06:18 PM : ping
5/9/2021 2:06:18 PM : kService.requestChannels.Count :1
5/9/2021 2:06:18 PM : kService.requestChannels.Count :1
5/9/2021 2:06:18 PM : kService.requestChannels.Count :0
5/9/2021 2:06:18 PM : kService.requestChannels.Count :0
5/9/2021 2:06:19 PM : ping
5/9/2021 2:06:19 PM : ping
5/9/2021 2:06:19 PM : ping
5/9/2021 2:06:21 PM : ping
5/9/2021 2:06:21 PM : ping
5/9/2021 2:06:21 PM : ping
5/9/2021 2:06:22 PM : ping
5/9/2021 2:06:22 PM : ping
5/9/2021 2:06:22 PM : ping
5/9/2021 2:06:23 PM : ping
5/9/2021 2:06:23 PM : ping
5/9/2021 2:06:23 PM : ping
5/9/2021 2:06:24 PM : ping
5/9/2021 2:06:24 PM : ping
5/9/2021 2:06:24 PM : ping
5/9/2021 2:06:25 PM : ping
5/9/2021 2:06:25 PM : ping
5/9/2021 2:06:25 PM : ping
5/9/2021 2:06:26 PM : ping
5/9/2021 2:06:26 PM : ping
5/9/2021 2:06:26 PM : ping
5/9/2021 2:06:27 PM : ping
5/9/2021 2:06:27 PM : ping
5/9/2021 2:06:27 PM : ping
5/9/2021 2:06:28 PM : ping
5/9/2021 2:06:28 PM : ping
5/9/2021 2:06:28 PM : ping
5/9/2021 2:06:29 PM : ping
5/9/2021 2:06:29 PM : ping
5/9/2021 2:06:29 PM : ping
5/9/2021 2:06:31 PM : ping
5/9/2021 2:06:31 PM : ping
5/9/2021 2:06:31 PM : ping
5/9/2021 2:06:32 PM : ping
5/9/2021 2:06:32 PM : ping
5/9/2021 2:06:32 PM : ping
5/9/2021 2:06:33 PM : ping
5/9/2021 2:06:33 PM : ping
5/9/2021 2:06:33 PM : ping
5/9/2021 2:06:34 PM : ping
5/9/2021 2:06:34 PM : ping
5/9/2021 2:06:34 PM : ping
5/9/2021 2:06:35 PM : ping
5/9/2021 2:06:35 PM : ping
5/9/2021 2:06:35 PM : ping
5/9/2021 2:06:36 PM : ping
5/9/2021 2:06:36 PM : ping
5/9/2021 2:06:36 PM : ping
5/9/2021 2:06:37 PM : ping
5/9/2021 2:06:37 PM : ping
5/9/2021 2:06:37 PM : ping
5/9/2021 2:06:38 PM : ping
5/9/2021 2:06:38 PM : ping
5/9/2021 2:06:38 PM : ping
5/9/2021 2:06:39 PM : ping
5/9/2021 2:06:39 PM : ping
5/9/2021 2:06:39 PM : ping
5/9/2021 2:06:40 PM : ping
5/9/2021 2:06:40 PM : ping
5/9/2021 2:06:40 PM : ping
5/9/2021 2:06:42 PM : ping
5/9/2021 2:06:42 PM : ping
5/9/2021 2:06:42 PM : ping
5/9/2021 2:06:43 PM : ping
5/9/2021 2:06:43 PM : ping
5/9/2021 2:06:43 PM : ping
5/9/2021 2:06:44 PM : ping
5/9/2021 2:06:44 PM : ping
5/9/2021 2:06:44 PM : ping
5/9/2021 2:06:45 PM : ping
5/9/2021 2:06:45 PM : ping
5/9/2021 2:06:45 PM : ping
5/9/2021 2:06:46 PM : ping
5/9/2021 2:06:46 PM : ping
5/9/2021 2:06:46 PM : ping
5/9/2021 2:06:47 PM : ping
5/9/2021 2:06:47 PM : ping
5/9/2021 2:06:47 PM : ping
5/9/2021 2:06:48 PM : ping
5/9/2021 2:06:48 PM : ping
5/9/2021 2:06:48 PM : ping
5/9/2021 2:06:49 PM : ping
5/9/2021 2:06:49 PM : ping
5/9/2021 2:06:49 PM : ping
5/9/2021 2:06:50 PM : ping
5/9/2021 2:06:50 PM : ping
5/9/2021 2:06:50 PM : ping
5/9/2021 2:06:52 PM : ping
5/9/2021 2:06:52 PM : ping
5/9/2021 2:06:52 PM : ping
5/9/2021 2:06:53 PM : ping
5/9/2021 2:06:53 PM : ping
5/9/2021 2:06:53 PM : ping
5/9/2021 2:06:54 PM : ping
5/9/2021 2:06:54 PM : ping
5/9/2021 2:06:54 PM : ping
5/9/2021 2:06:55 PM : ping
5/9/2021 2:06:55 PM : ping
5/9/2021 2:06:55 PM : ping
5/9/2021 2:06:56 PM : ping
5/9/2021 2:06:56 PM : ping
5/9/2021 2:06:56 PM : ping
5/9/2021 2:06:57 PM : ping
5/9/2021 2:06:57 PM : ping
5/9/2021 2:06:57 PM : ping
5/9/2021 2:06:58 PM : ping
5/9/2021 2:06:58 PM : ping
5/9/2021 2:06:58 PM : ping
5/9/2021 2:06:59 PM : ping
5/9/2021 2:06:59 PM : ping
5/9/2021 2:06:59 PM : ping
5/9/2021 2:07:00 PM : ping
5/9/2021 2:07:00 PM : ping
5/9/2021 2:07:00 PM : ping
5/9/2021 2:07:01 PM : ping
5/9/2021 2:07:01 PM : ping
5/9/2021 2:07:02 PM : ping
5/9/2021 2:07:03 PM : ping
5/9/2021 2:07:03 PM : ping
5/9/2021 2:07:03 PM : ping
5/9/2021 2:07:04 PM : ping
5/9/2021 2:07:04 PM : ping
5/9/2021 2:07:04 PM : ping
5/9/2021 2:07:05 PM : ping
5/9/2021 2:07:05 PM : ping
5/9/2021 2:07:05 PM : ping
5/9/2021 2:07:06 PM : ping
5/9/2021 2:07:06 PM : ping
5/9/2021 2:07:06 PM : ping
5/9/2021 2:07:07 PM : ping
5/9/2021 2:07:07 PM : ping
5/9/2021 2:07:07 PM : ping
5/9/2021 2:07:08 PM : ping
5/9/2021 2:07:08 PM : ping
5/9/2021 2:07:08 PM : ping
5/9/2021 2:07:09 PM : ping
5/9/2021 2:07:09 PM : ping
5/9/2021 2:07:09 PM : ping
5/9/2021 2:07:10 PM : ping
5/9/2021 2:07:10 PM : ping
5/9/2021 2:07:10 PM : ping
5/9/2021 2:07:11 PM : ping
5/9/2021 2:07:11 PM : ping
5/9/2021 2:07:11 PM : ping
5/9/2021 2:07:13 PM : ping
5/9/2021 2:07:13 PM : ping
5/9/2021 2:07:13 PM : ping
5/9/2021 2:07:14 PM : ping
5/9/2021 2:07:14 PM : ping
5/9/2021 2:07:14 PM : ping
5/9/2021 2:07:15 PM : ping
5/9/2021 2:07:15 PM : ping
5/9/2021 2:07:15 PM : ping
5/9/2021 2:07:16 PM : ping
5/9/2021 2:07:16 PM : ping
5/9/2021 2:07:16 PM : ping
5/9/2021 2:07:17 PM : ping
5/9/2021 2:07:17 PM : ping
5/9/2021 2:07:17 PM : ping
5/9/2021 2:07:18 PM : ping
5/9/2021 2:07:18 PM : ping
5/9/2021 2:07:18 PM : ping
5/9/2021 2:07:19 PM : ping
5/9/2021 2:07:19 PM : ping
5/9/2021 2:07:19 PM : ping
5/9/2021 2:07:20 PM : ping
5/9/2021 2:07:20 PM : ping
5/9/2021 2:07:20 PM : ping
5/9/2021 2:07:21 PM : ping
5/9/2021 2:07:21 PM : ping
5/9/2021 2:07:21 PM : ping
5/9/2021 2:07:23 PM : ping
5/9/2021 2:07:23 PM : ping
5/9/2021 2:07:23 PM : ping
5/9/2021 2:07:24 PM : ping
5/9/2021 2:07:24 PM : ping
5/9/2021 2:07:24 PM : ping
5/9/2021 2:07:25 PM : ping
5/9/2021 2:07:25 PM : ping
5/9/2021 2:07:25 PM : ping
5/9/2021 2:07:26 PM : ping
5/9/2021 2:07:26 PM : ping
5/9/2021 2:07:26 PM : ping
5/9/2021 2:07:27 PM : ping
5/9/2021 2:07:27 PM : ping
5/9/2021 2:07:27 PM : ping
5/9/2021 2:07:28 PM : ping
5/9/2021 2:07:28 PM : ping
5/9/2021 2:07:28 PM : ping
5/9/2021 2:07:29 PM : ping
5/9/2021 2:07:29 PM : ping
5/9/2021 2:07:29 PM : ping
5/9/2021 2:07:30 PM : ping
5/9/2021 2:07:30 PM : ping
5/9/2021 2:07:30 PM : ping
5/9/2021 2:07:31 PM : ping
5/9/2021 2:07:31 PM : ping
5/9/2021 2:07:31 PM : ping
5/9/2021 2:07:32 PM : ping
5/9/2021 2:07:32 PM : ping
5/9/2021 2:07:33 PM : ping
5/9/2021 2:07:34 PM : ping
5/9/2021 2:07:34 PM : ping
5/9/2021 2:07:34 PM : ping
5/9/2021 2:07:35 PM : ping
5/9/2021 2:07:35 PM : ping
5/9/2021 2:07:35 PM : ping
5/9/2021 2:07:36 PM : ping
5/9/2021 2:07:36 PM : ping
5/9/2021 2:07:36 PM : ping
5/9/2021 2:07:37 PM : ping
5/9/2021 2:07:37 PM : ping
5/9/2021 2:07:37 PM : ping
5/9/2021 2:07:38 PM : ping
5/9/2021 2:07:38 PM : ping
5/9/2021 2:07:38 PM : ping
5/9/2021 2:07:39 PM : ping
5/9/2021 2:07:39 PM : ping
5/9/2021 2:07:39 PM : ping
5/9/2021 2:07:40 PM : ping
5/9/2021 2:07:40 PM : ping
5/9/2021 2:07:40 PM : ping
5/9/2021 2:07:41 PM : ping
5/9/2021 2:07:41 PM : ping
5/9/2021 2:07:41 PM : ping
5/9/2021 2:07:42 PM : ping
5/9/2021 2:07:42 PM : ping
5/9/2021 2:07:42 PM : ping
5/9/2021 2:07:44 PM : ping
5/9/2021 2:07:44 PM : ping
5/9/2021 2:07:44 PM : ping
5/9/2021 2:07:45 PM : ping
5/9/2021 2:07:45 PM : ping
5/9/2021 2:07:45 PM : ping
5/9/2021 2:07:46 PM : ping
5/9/2021 2:07:46 PM : ping
5/9/2021 2:07:46 PM : ping
5/9/2021 2:07:47 PM : ping
5/9/2021 2:07:47 PM : ping
5/9/2021 2:07:47 PM : ping
5/9/2021 2:07:48 PM : ping
5/9/2021 2:07:48 PM : ping
5/9/2021 2:07:48 PM : ping
5/9/2021 2:07:49 PM : ping
5/9/2021 2:07:49 PM : ping
5/9/2021 2:07:49 PM : ping
5/9/2021 2:07:50 PM : ping
5/9/2021 2:07:50 PM : ping
5/9/2021 2:07:50 PM : ping
5/9/2021 2:07:51 PM : ping
5/9/2021 2:07:51 PM : ping
5/9/2021 2:07:51 PM : ping
5/9/2021 2:07:52 PM : ping
5/9/2021 2:07:52 PM : ping
5/9/2021 2:07:52 PM : ping
5/9/2021 2:07:54 PM : ping
5/9/2021 2:07:54 PM : ping
5/9/2021 2:07:54 PM : ping
5/9/2021 2:07:55 PM : ping
5/9/2021 2:07:55 PM : ping
5/9/2021 2:07:55 PM : ping
5/9/2021 2:07:56 PM : ping
5/9/2021 2:07:56 PM : ping
5/9/2021 2:07:56 PM : ping
5/9/2021 2:07:57 PM : ping
5/9/2021 2:07:57 PM : ping
5/9/2021 2:07:57 PM : ping
5/9/2021 2:07:58 PM : ping
5/9/2021 2:07:58 PM : ping
5/9/2021 2:07:58 PM : ping
5/9/2021 2:07:59 PM : ping
5/9/2021 2:07:59 PM : ping
5/9/2021 2:07:59 PM : ping
5/9/2021 2:08:00 PM : ping
5/9/2021 2:08:00 PM : ping
5/9/2021 2:08:00 PM : ping
5/9/2021 2:08:01 PM : ping
5/9/2021 2:08:01 PM : ping
5/9/2021 2:08:01 PM : ping
5/9/2021 2:08:02 PM : ping
5/9/2021 2:08:02 PM : ping
5/9/2021 2:08:02 PM : ping
5/9/2021 2:08:03 PM : ping
5/9/2021 2:08:03 PM : ping
5/9/2021 2:08:04 PM : ping
5/9/2021 2:08:05 PM : ping
5/9/2021 2:08:05 PM : ping
5/9/2021 2:08:05 PM : ping
5/9/2021 2:08:06 PM : ping
5/9/2021 2:08:06 PM : ping
5/9/2021 2:08:06 PM : ping
5/9/2021 2:08:07 PM : ping
5/9/2021 2:08:07 PM : ping
5/9/2021 2:08:07 PM : ping
5/9/2021 2:08:08 PM : ping
5/9/2021 2:08:08 PM : ping
5/9/2021 2:08:08 PM : ping
5/9/2021 2:08:09 PM : ping
5/9/2021 2:08:09 PM : ping
5/9/2021 2:08:09 PM : ping
