log begin
..............
5/16/2021 4:00:24 PM : ping
5/16/2021 4:00:24 PM : ping
5/16/2021 4:00:24 PM : ping
5/16/2021 4:00:25 PM : ping
5/16/2021 4:00:25 PM : ping
5/16/2021 4:00:25 PM : ping
5/16/2021 4:00:26 PM : ping
5/16/2021 4:00:26 PM : ping
5/16/2021 4:00:26 PM : ping
5/16/2021 4:00:27 PM : ping
5/16/2021 4:00:27 PM : ping
5/16/2021 4:00:27 PM : ping
5/16/2021 4:00:28 PM : ping
5/16/2021 4:00:28 PM : ping
5/16/2021 4:00:28 PM : ping
5/16/2021 4:00:29 PM : ping
5/16/2021 4:00:29 PM : ping
5/16/2021 4:00:29 PM : ping
5/16/2021 4:00:30 PM : ping
5/16/2021 4:00:30 PM : ping
5/16/2021 4:00:30 PM : ping
5/16/2021 4:00:31 PM : ping
5/16/2021 4:00:31 PM : ping
5/16/2021 4:00:31 PM : ping
5/16/2021 4:00:33 PM : ping
5/16/2021 4:00:33 PM : ping
5/16/2021 4:00:33 PM : ping
5/16/2021 4:00:34 PM : ping
5/16/2021 4:00:34 PM : ping
5/16/2021 4:00:34 PM : ping
5/16/2021 4:00:35 PM : ping
5/16/2021 4:00:35 PM : ping
5/16/2021 4:00:35 PM : ping
5/16/2021 4:00:36 PM : ping
5/16/2021 4:00:36 PM : ping
5/16/2021 4:00:36 PM : ping
5/16/2021 4:00:37 PM : ping
5/16/2021 4:00:37 PM : ping
5/16/2021 4:00:37 PM : ping
5/16/2021 4:00:38 PM : ping
5/16/2021 4:00:38 PM : ping
5/16/2021 4:00:38 PM : ping
5/16/2021 4:00:39 PM : ping
5/16/2021 4:00:39 PM : ping
5/16/2021 4:00:39 PM : ping
5/16/2021 4:00:40 PM : ping
5/16/2021 4:00:40 PM : ping
5/16/2021 4:00:40 PM : ping
5/16/2021 4:00:41 PM : ping
5/16/2021 4:00:41 PM : ping
5/16/2021 4:00:41 PM : ping
5/16/2021 4:00:42 PM : ping
5/16/2021 4:00:42 PM : ping
5/16/2021 4:00:42 PM : ping
5/16/2021 4:00:44 PM : ping
5/16/2021 4:00:44 PM : ping
5/16/2021 4:00:44 PM : ping
5/16/2021 4:00:45 PM : ping
5/16/2021 4:00:45 PM : ping
5/16/2021 4:00:45 PM : ping
5/16/2021 4:00:46 PM : ping
5/16/2021 4:00:46 PM : ping
5/16/2021 4:00:46 PM : ping
5/16/2021 4:00:47 PM : ping
5/16/2021 4:00:47 PM : ping
5/16/2021 4:00:47 PM : ping
5/16/2021 4:00:48 PM : ping
5/16/2021 4:00:48 PM : ping
5/16/2021 4:00:48 PM : ping
5/16/2021 4:00:49 PM : ping
5/16/2021 4:00:49 PM : ping
5/16/2021 4:00:49 PM : ping
5/16/2021 4:00:50 PM : ping
5/16/2021 4:00:50 PM : ping
5/16/2021 4:00:50 PM : ping
5/16/2021 4:00:51 PM : ping
5/16/2021 4:00:51 PM : ping
5/16/2021 4:00:51 PM : ping
5/16/2021 4:00:52 PM : ping
5/16/2021 4:00:52 PM : ping
5/16/2021 4:00:52 PM : ping
5/16/2021 4:00:54 PM : ping
5/16/2021 4:00:54 PM : ping
5/16/2021 4:00:54 PM : ping
5/16/2021 4:00:55 PM : ping
5/16/2021 4:00:55 PM : ping
5/16/2021 4:00:55 PM : ping
5/16/2021 4:00:55 PM : launch server at port: 7003
5/16/2021 4:00:56 PM : ping
5/16/2021 4:00:56 PM : ping
5/16/2021 4:00:56 PM : ping
5/16/2021 4:00:57 PM : ping
5/16/2021 4:00:57 PM : ping
5/16/2021 4:00:57 PM : ping
5/16/2021 4:00:58 PM : ping
5/16/2021 4:00:58 PM : ping
5/16/2021 4:00:58 PM : ping
5/16/2021 4:00:59 PM : ping
5/16/2021 4:00:59 PM : ping
5/16/2021 4:00:59 PM : ping
5/16/2021 4:01:00 PM : ping
5/16/2021 4:01:00 PM : ping
5/16/2021 4:01:00 PM : ping
5/16/2021 4:01:01 PM : ping
5/16/2021 4:01:01 PM : ping
5/16/2021 4:01:01 PM : ping
5/16/2021 4:01:02 PM : ping
5/16/2021 4:01:02 PM : ping
5/16/2021 4:01:02 PM : ping
5/16/2021 4:01:04 PM : ping
5/16/2021 4:01:04 PM : ping
5/16/2021 4:01:04 PM : ping
5/16/2021 4:01:05 PM : ping
5/16/2021 4:01:05 PM : ping
5/16/2021 4:01:05 PM : ping
5/16/2021 4:01:06 PM : ping
5/16/2021 4:01:06 PM : ping
5/16/2021 4:01:06 PM : ping
5/16/2021 4:01:07 PM : ping
5/16/2021 4:01:07 PM : ping
5/16/2021 4:01:07 PM : ping
5/16/2021 4:01:08 PM : ping
5/16/2021 4:01:08 PM : ping
5/16/2021 4:01:08 PM : ping
5/16/2021 4:01:09 PM : ping
5/16/2021 4:01:09 PM : ping
5/16/2021 4:01:09 PM : ping
5/16/2021 4:01:10 PM : ping
5/16/2021 4:01:10 PM : ping
5/16/2021 4:01:10 PM : ping
5/16/2021 4:01:11 PM : ping
5/16/2021 4:01:11 PM : ping
5/16/2021 4:01:11 PM : ping
5/16/2021 4:01:12 PM : ping
5/16/2021 4:01:12 PM : ping
5/16/2021 4:01:12 PM : ping
5/16/2021 4:01:13 PM : ping
5/16/2021 4:01:13 PM : ping
5/16/2021 4:01:13 PM : ping
5/16/2021 4:01:15 PM : ping
5/16/2021 4:01:15 PM : ping
5/16/2021 4:01:15 PM : ping
5/16/2021 4:01:16 PM : ping
5/16/2021 4:01:16 PM : ping
5/16/2021 4:01:16 PM : ping
5/16/2021 4:01:17 PM : ping
5/16/2021 4:01:17 PM : ping
5/16/2021 4:01:17 PM : ping
5/16/2021 4:01:18 PM : ping
5/16/2021 4:01:18 PM : ping
5/16/2021 4:01:18 PM : ping
5/16/2021 4:01:19 PM : ping
5/16/2021 4:01:19 PM : ping
5/16/2021 4:01:19 PM : ping
5/16/2021 4:01:20 PM : ping
5/16/2021 4:01:20 PM : ping
5/16/2021 4:01:20 PM : ping
5/16/2021 4:01:21 PM : ping
5/16/2021 4:01:21 PM : ping
5/16/2021 4:01:21 PM : ping
5/16/2021 4:01:22 PM : ping
5/16/2021 4:01:22 PM : ping
5/16/2021 4:01:22 PM : ping
5/16/2021 4:01:23 PM : ping
5/16/2021 4:01:23 PM : ping
5/16/2021 4:01:23 PM : ping
5/16/2021 4:01:25 PM : ping
5/16/2021 4:01:25 PM : ping
5/16/2021 4:01:25 PM : ping
5/16/2021 4:01:26 PM : ping
5/16/2021 4:01:26 PM : ping
5/16/2021 4:01:26 PM : ping
5/16/2021 4:01:27 PM : ping
5/16/2021 4:01:27 PM : ping
5/16/2021 4:01:27 PM : ping
5/16/2021 4:01:28 PM : ping
5/16/2021 4:01:28 PM : ping
5/16/2021 4:01:28 PM : ping
5/16/2021 4:01:29 PM : ping
5/16/2021 4:01:29 PM : ping
5/16/2021 4:01:29 PM : ping
5/16/2021 4:01:30 PM : ping
5/16/2021 4:01:30 PM : ping
5/16/2021 4:01:30 PM : ping
5/16/2021 4:01:31 PM : ping
5/16/2021 4:01:31 PM : ping
5/16/2021 4:01:31 PM : ping
5/16/2021 4:01:32 PM : ping
5/16/2021 4:01:32 PM : ping
5/16/2021 4:01:32 PM : ping
5/16/2021 4:01:33 PM : ping
5/16/2021 4:01:33 PM : ping
5/16/2021 4:01:33 PM : ping
5/16/2021 4:01:35 PM : ping
5/16/2021 4:01:35 PM : ping
5/16/2021 4:01:35 PM : ping
5/16/2021 4:01:36 PM : ping
5/16/2021 4:01:36 PM : ping
5/16/2021 4:01:36 PM : ping
5/16/2021 4:01:37 PM : ping
5/16/2021 4:01:37 PM : ping
5/16/2021 4:01:37 PM : ping
5/16/2021 4:01:38 PM : ping
5/16/2021 4:01:38 PM : ping
5/16/2021 4:01:38 PM : ping
5/16/2021 4:01:39 PM : ping
5/16/2021 4:01:39 PM : ping
5/16/2021 4:01:39 PM : ping
5/16/2021 4:01:40 PM : ping
5/16/2021 4:01:40 PM : ping
5/16/2021 4:01:40 PM : ping
5/16/2021 4:01:41 PM : ping
5/16/2021 4:01:41 PM : ping
5/16/2021 4:01:41 PM : ping
5/16/2021 4:01:42 PM : ping
5/16/2021 4:01:42 PM : ping
5/16/2021 4:01:42 PM : ping
5/16/2021 4:01:43 PM : ping
5/16/2021 4:01:43 PM : ping
5/16/2021 4:01:43 PM : ping
5/16/2021 4:01:45 PM : ping
5/16/2021 4:01:45 PM : ping
5/16/2021 4:01:45 PM : ping
5/16/2021 4:01:46 PM : ping
5/16/2021 4:01:46 PM : ping
5/16/2021 4:01:46 PM : ping
5/16/2021 4:01:47 PM : ping
5/16/2021 4:01:47 PM : ping
5/16/2021 4:01:47 PM : ping
5/16/2021 4:01:48 PM : ping
5/16/2021 4:01:48 PM : ping
5/16/2021 4:01:48 PM : ping
5/16/2021 4:01:49 PM : ping
5/16/2021 4:01:49 PM : ping
5/16/2021 4:01:49 PM : ping
5/16/2021 4:01:50 PM : ping
5/16/2021 4:01:50 PM : ping
5/16/2021 4:01:50 PM : ping
5/16/2021 4:01:51 PM : ping
5/16/2021 4:01:51 PM : ping
5/16/2021 4:01:51 PM : ping
5/16/2021 4:01:52 PM : ping
5/16/2021 4:01:52 PM : ping
5/16/2021 4:01:52 PM : ping
5/16/2021 4:01:53 PM : ping
5/16/2021 4:01:53 PM : ping
5/16/2021 4:01:53 PM : ping
5/16/2021 4:01:54 PM : ping
5/16/2021 4:01:54 PM : ping
5/16/2021 4:01:54 PM : ping
5/16/2021 4:01:56 PM : ping
5/16/2021 4:01:56 PM : ping
5/16/2021 4:01:56 PM : ping
5/16/2021 4:01:57 PM : ping
5/16/2021 4:01:57 PM : ping
5/16/2021 4:01:57 PM : ping
5/16/2021 4:01:58 PM : ping
5/16/2021 4:01:58 PM : ping
5/16/2021 4:01:58 PM : ping
5/16/2021 4:01:59 PM : ping
5/16/2021 4:01:59 PM : ping
5/16/2021 4:01:59 PM : ping
5/16/2021 4:02:00 PM : ping
5/16/2021 4:02:00 PM : ping
5/16/2021 4:02:00 PM : ping
5/16/2021 4:02:01 PM : kService.requestChannels.Count :2
5/16/2021 4:02:01 PM : kService.requestChannels.Count :2
5/16/2021 4:02:01 PM : ping
5/16/2021 4:02:01 PM : ping
5/16/2021 4:02:01 PM : ping
5/16/2021 4:02:02 PM : ping
5/16/2021 4:02:02 PM : ping
5/16/2021 4:02:02 PM : ping
5/16/2021 4:02:03 PM : ping
5/16/2021 4:02:03 PM : ping
5/16/2021 4:02:03 PM : ping
5/16/2021 4:02:04 PM : ping
5/16/2021 4:02:04 PM : ping
5/16/2021 4:02:04 PM : ping
5/16/2021 4:02:06 PM : ping
5/16/2021 4:02:06 PM : ping
5/16/2021 4:02:06 PM : ping
5/16/2021 4:02:07 PM : ping
5/16/2021 4:02:07 PM : ping
5/16/2021 4:02:07 PM : ping
5/16/2021 4:02:08 PM : ping
5/16/2021 4:02:08 PM : ping
5/16/2021 4:02:08 PM : ping
5/16/2021 4:02:09 PM : ping
5/16/2021 4:02:09 PM : ping
5/16/2021 4:02:09 PM : ping
5/16/2021 4:02:10 PM : ping
5/16/2021 4:02:10 PM : ping
5/16/2021 4:02:10 PM : ping
5/16/2021 4:02:11 PM : ping
5/16/2021 4:02:11 PM : ping
5/16/2021 4:02:11 PM : ping
5/16/2021 4:02:12 PM : ping
5/16/2021 4:02:12 PM : ping
5/16/2021 4:02:12 PM : ping
5/16/2021 4:02:13 PM : ping
5/16/2021 4:02:13 PM : ping
5/16/2021 4:02:13 PM : ping
5/16/2021 4:02:14 PM : ping
5/16/2021 4:02:14 PM : ping
5/16/2021 4:02:14 PM : ping
5/16/2021 4:02:15 PM : ping
5/16/2021 4:02:15 PM : ping
5/16/2021 4:02:15 PM : ping
5/16/2021 4:02:17 PM : ping
5/16/2021 4:02:17 PM : ping
5/16/2021 4:02:17 PM : ping
5/16/2021 4:02:18 PM : ping
5/16/2021 4:02:18 PM : ping
5/16/2021 4:02:18 PM : ping
5/16/2021 4:02:19 PM : ping
5/16/2021 4:02:19 PM : ping
5/16/2021 4:02:19 PM : ping
5/16/2021 4:02:20 PM : ping
5/16/2021 4:02:20 PM : ping
5/16/2021 4:02:20 PM : ping
5/16/2021 4:02:21 PM : ping
5/16/2021 4:02:21 PM : ping
5/16/2021 4:02:21 PM : ping
5/16/2021 4:02:22 PM : ping
5/16/2021 4:02:22 PM : ping
5/16/2021 4:02:22 PM : ping
5/16/2021 4:02:23 PM : ping
5/16/2021 4:02:23 PM : ping
5/16/2021 4:02:23 PM : ping
5/16/2021 4:02:24 PM : ping
5/16/2021 4:02:24 PM : ping
5/16/2021 4:02:24 PM : ping
5/16/2021 4:02:25 PM : ping
5/16/2021 4:02:25 PM : ping
5/16/2021 4:02:25 PM : ping
5/16/2021 4:02:27 PM : ping
5/16/2021 4:02:27 PM : ping
5/16/2021 4:02:27 PM : ping
5/16/2021 4:02:28 PM : ping
5/16/2021 4:02:28 PM : ping
5/16/2021 4:02:28 PM : ping
5/16/2021 4:02:29 PM : ping
5/16/2021 4:02:29 PM : ping
5/16/2021 4:02:29 PM : ping
5/16/2021 4:02:30 PM : ping
5/16/2021 4:02:30 PM : ping
5/16/2021 4:02:30 PM : ping
5/16/2021 4:02:31 PM : ping
5/16/2021 4:02:31 PM : ping
5/16/2021 4:02:31 PM : ping
5/16/2021 4:02:32 PM : ping
5/16/2021 4:02:32 PM : ping
5/16/2021 4:02:32 PM : ping
5/16/2021 4:02:33 PM : ping
5/16/2021 4:02:33 PM : ping
5/16/2021 4:02:33 PM : ping
5/16/2021 4:02:34 PM : ping
5/16/2021 4:02:34 PM : ping
5/16/2021 4:02:34 PM : ping
5/16/2021 4:02:35 PM : ping
5/16/2021 4:02:35 PM : ping
5/16/2021 4:02:35 PM : ping
5/16/2021 4:02:37 PM : ping
5/16/2021 4:02:37 PM : ping
5/16/2021 4:02:37 PM : ping
5/16/2021 4:02:38 PM : ping
5/16/2021 4:02:38 PM : ping
5/16/2021 4:02:38 PM : ping
5/16/2021 4:02:39 PM : ping
5/16/2021 4:02:39 PM : ping
5/16/2021 4:02:39 PM : ping
5/16/2021 4:02:40 PM : ping
5/16/2021 4:02:40 PM : ping
5/16/2021 4:02:40 PM : ping
5/16/2021 4:02:41 PM : ping
5/16/2021 4:02:41 PM : ping
5/16/2021 4:02:41 PM : ping
5/16/2021 4:02:42 PM : ping
5/16/2021 4:02:42 PM : ping
5/16/2021 4:02:42 PM : ping
5/16/2021 4:02:43 PM : ping
5/16/2021 4:02:43 PM : ping
5/16/2021 4:02:43 PM : ping
5/16/2021 4:02:44 PM : ping
5/16/2021 4:02:44 PM : ping
5/16/2021 4:02:44 PM : ping
5/16/2021 4:02:45 PM : ping
5/16/2021 4:02:45 PM : ping
5/16/2021 4:02:45 PM : ping
5/16/2021 4:02:46 PM : ping
5/16/2021 4:02:46 PM : ping
5/16/2021 4:02:46 PM : ping
5/16/2021 4:02:48 PM : ping
5/16/2021 4:02:48 PM : ping
5/16/2021 4:02:48 PM : ping
5/16/2021 4:02:49 PM : ping
5/16/2021 4:02:49 PM : ping
5/16/2021 4:02:49 PM : ping
5/16/2021 4:02:50 PM : ping
5/16/2021 4:02:50 PM : ping
5/16/2021 4:02:50 PM : ping
5/16/2021 4:02:51 PM : ping
5/16/2021 4:02:51 PM : ping
5/16/2021 4:02:51 PM : ping
5/16/2021 4:02:52 PM : ping
5/16/2021 4:02:52 PM : ping
5/16/2021 4:02:52 PM : ping
5/16/2021 4:02:53 PM : ping
5/16/2021 4:02:53 PM : ping
5/16/2021 4:02:53 PM : ping
5/16/2021 4:02:54 PM : ping
5/16/2021 4:02:54 PM : ping
5/16/2021 4:02:54 PM : ping
5/16/2021 4:02:55 PM : ping
5/16/2021 4:02:55 PM : ping
5/16/2021 4:02:55 PM : ping
5/16/2021 4:02:56 PM : ping
5/16/2021 4:02:56 PM : ping
5/16/2021 4:02:56 PM : ping
5/16/2021 4:02:58 PM : ping
5/16/2021 4:02:58 PM : ping
5/16/2021 4:02:58 PM : ping
5/16/2021 4:02:59 PM : ping
5/16/2021 4:02:59 PM : ping
5/16/2021 4:02:59 PM : ping
5/16/2021 4:03:00 PM : ping
5/16/2021 4:03:00 PM : ping
5/16/2021 4:03:00 PM : ping
5/16/2021 4:03:01 PM : ping
5/16/2021 4:03:01 PM : ping
5/16/2021 4:03:01 PM : ping
5/16/2021 4:03:02 PM : ping
5/16/2021 4:03:02 PM : ping
5/16/2021 4:03:02 PM : ping
5/16/2021 4:03:03 PM : ping
5/16/2021 4:03:03 PM : ping
5/16/2021 4:03:03 PM : ping
5/16/2021 4:03:04 PM : ping
5/16/2021 4:03:04 PM : ping
5/16/2021 4:03:04 PM : ping
5/16/2021 4:03:05 PM : ping
5/16/2021 4:03:05 PM : ping
5/16/2021 4:03:05 PM : ping
5/16/2021 4:03:06 PM : ping
5/16/2021 4:03:06 PM : ping
5/16/2021 4:03:06 PM : ping
5/16/2021 4:03:07 PM : ping
5/16/2021 4:03:07 PM : ping
5/16/2021 4:03:07 PM : ping
5/16/2021 4:03:09 PM : ping
5/16/2021 4:03:09 PM : ping
5/16/2021 4:03:09 PM : ping
5/16/2021 4:03:10 PM : ping
5/16/2021 4:03:10 PM : ping
5/16/2021 4:03:10 PM : ping
5/16/2021 4:03:11 PM : ping
5/16/2021 4:03:11 PM : ping
5/16/2021 4:03:11 PM : ping
5/16/2021 4:03:12 PM : ping
5/16/2021 4:03:12 PM : ping
5/16/2021 4:03:12 PM : ping
5/16/2021 4:03:13 PM : ping
5/16/2021 4:03:13 PM : ping
5/16/2021 4:03:13 PM : ping
5/16/2021 4:03:14 PM : ping
5/16/2021 4:03:14 PM : ping
5/16/2021 4:03:14 PM : ping
5/16/2021 4:03:15 PM : ping
5/16/2021 4:03:15 PM : ping
5/16/2021 4:03:15 PM : ping
5/16/2021 4:03:16 PM : ping
5/16/2021 4:03:16 PM : ping
5/16/2021 4:03:16 PM : ping
5/16/2021 4:03:17 PM : ping
5/16/2021 4:03:17 PM : ping
5/16/2021 4:03:17 PM : ping
5/16/2021 4:03:19 PM : ping
5/16/2021 4:03:19 PM : ping
5/16/2021 4:03:19 PM : ping
5/16/2021 4:03:20 PM : ping
5/16/2021 4:03:20 PM : ping
5/16/2021 4:03:20 PM : ping
5/16/2021 4:03:21 PM : ping
5/16/2021 4:03:21 PM : ping
5/16/2021 4:03:21 PM : ping
5/16/2021 4:03:22 PM : ping
5/16/2021 4:03:22 PM : ping
5/16/2021 4:03:22 PM : ping
5/16/2021 4:03:23 PM : ping
5/16/2021 4:03:23 PM : ping
5/16/2021 4:03:23 PM : ping
5/16/2021 4:03:24 PM : ping
5/16/2021 4:03:24 PM : ping
5/16/2021 4:03:24 PM : ping
5/16/2021 4:03:25 PM : ping
5/16/2021 4:03:25 PM : ping
5/16/2021 4:03:25 PM : ping
5/16/2021 4:03:26 PM : ping
5/16/2021 4:03:26 PM : ping
5/16/2021 4:03:26 PM : ping
5/16/2021 4:03:27 PM : ping
5/16/2021 4:03:27 PM : ping
5/16/2021 4:03:27 PM : ping
5/16/2021 4:03:29 PM : ping
5/16/2021 4:03:29 PM : ping
5/16/2021 4:03:29 PM : ping
5/16/2021 4:03:30 PM : ping
5/16/2021 4:03:30 PM : ping
5/16/2021 4:03:30 PM : ping
5/16/2021 4:03:31 PM : ping
5/16/2021 4:03:31 PM : ping
5/16/2021 4:03:31 PM : ping
5/16/2021 4:03:32 PM : ping
5/16/2021 4:03:32 PM : ping
5/16/2021 4:03:32 PM : ping
5/16/2021 4:03:33 PM : ping
5/16/2021 4:03:33 PM : ping
5/16/2021 4:03:33 PM : ping
5/16/2021 4:03:34 PM : ping
5/16/2021 4:03:34 PM : ping
5/16/2021 4:03:34 PM : ping
5/16/2021 4:03:35 PM : ping
5/16/2021 4:03:35 PM : ping
5/16/2021 4:03:35 PM : ping
5/16/2021 4:03:36 PM : ping
5/16/2021 4:03:36 PM : ping
5/16/2021 4:03:36 PM : ping
5/16/2021 4:03:37 PM : ping
5/16/2021 4:03:37 PM : ping
5/16/2021 4:03:37 PM : ping
5/16/2021 4:03:38 PM : ping
5/16/2021 4:03:38 PM : ping
5/16/2021 4:03:38 PM : ping
5/16/2021 4:03:40 PM : ping
5/16/2021 4:03:40 PM : ping
5/16/2021 4:03:40 PM : ping
5/16/2021 4:03:41 PM : ping
5/16/2021 4:03:41 PM : ping
5/16/2021 4:03:41 PM : ping
5/16/2021 4:03:42 PM : ping
5/16/2021 4:03:42 PM : ping
5/16/2021 4:03:42 PM : ping
5/16/2021 4:03:43 PM : ping
5/16/2021 4:03:43 PM : ping
5/16/2021 4:03:43 PM : ping
5/16/2021 4:03:44 PM : ping
5/16/2021 4:03:44 PM : ping
5/16/2021 4:03:44 PM : ping
5/16/2021 4:03:45 PM : ping
5/16/2021 4:03:45 PM : ping
5/16/2021 4:03:45 PM : ping
5/16/2021 4:03:46 PM : ping
5/16/2021 4:03:46 PM : ping
5/16/2021 4:03:46 PM : ping
5/16/2021 4:03:47 PM : ping
5/16/2021 4:03:47 PM : ping
5/16/2021 4:03:47 PM : ping
5/16/2021 4:03:48 PM : ping
5/16/2021 4:03:48 PM : ping
5/16/2021 4:03:48 PM : ping
5/16/2021 4:03:50 PM : ping
5/16/2021 4:03:50 PM : ping
5/16/2021 4:03:50 PM : ping
5/16/2021 4:03:51 PM : ping
5/16/2021 4:03:51 PM : ping
5/16/2021 4:03:51 PM : ping
5/16/2021 4:03:52 PM : ping
5/16/2021 4:03:52 PM : ping
5/16/2021 4:03:52 PM : ping
5/16/2021 4:03:53 PM : ping
5/16/2021 4:03:53 PM : ping
5/16/2021 4:03:53 PM : ping
5/16/2021 4:03:54 PM : ping
5/16/2021 4:03:54 PM : ping
5/16/2021 4:03:54 PM : ping
5/16/2021 4:03:55 PM : ping
5/16/2021 4:03:55 PM : ping
5/16/2021 4:03:55 PM : ping
5/16/2021 4:03:56 PM : ping
5/16/2021 4:03:56 PM : ping
5/16/2021 4:03:56 PM : ping
5/16/2021 4:03:57 PM : ping
5/16/2021 4:03:57 PM : ping
5/16/2021 4:03:57 PM : ping
5/16/2021 4:03:58 PM : ping
5/16/2021 4:03:58 PM : ping
5/16/2021 4:03:58 PM : ping
5/16/2021 4:04:00 PM : ping
5/16/2021 4:04:00 PM : ping
5/16/2021 4:04:00 PM : ping
5/16/2021 4:04:01 PM : ping
5/16/2021 4:04:01 PM : ping
5/16/2021 4:04:01 PM : ping
5/16/2021 4:04:02 PM : ping
5/16/2021 4:04:02 PM : ping
5/16/2021 4:04:02 PM : ping
5/16/2021 4:04:03 PM : ping
5/16/2021 4:04:03 PM : ping
5/16/2021 4:04:03 PM : ping
5/16/2021 4:04:04 PM : ping
5/16/2021 4:04:04 PM : ping
5/16/2021 4:04:04 PM : ping
5/16/2021 4:04:05 PM : ping
5/16/2021 4:04:05 PM : ping
5/16/2021 4:04:05 PM : ping
5/16/2021 4:04:06 PM : ping
5/16/2021 4:04:06 PM : ping
5/16/2021 4:04:06 PM : ping
5/16/2021 4:04:07 PM : ping
5/16/2021 4:04:07 PM : ping
5/16/2021 4:04:07 PM : ping
5/16/2021 4:04:08 PM : ping
5/16/2021 4:04:08 PM : ping
5/16/2021 4:04:08 PM : ping
5/16/2021 4:04:10 PM : ping
5/16/2021 4:04:10 PM : ping
5/16/2021 4:04:10 PM : ping
5/16/2021 4:04:11 PM : ping
5/16/2021 4:04:11 PM : ping
5/16/2021 4:04:11 PM : ping
5/16/2021 4:04:12 PM : ping
5/16/2021 4:04:12 PM : ping
5/16/2021 4:04:12 PM : ping
5/16/2021 4:04:13 PM : ping
5/16/2021 4:04:13 PM : ping
5/16/2021 4:04:13 PM : ping
5/16/2021 4:04:14 PM : ping
5/16/2021 4:04:14 PM : ping
5/16/2021 4:04:14 PM : ping
5/16/2021 4:04:15 PM : ping
5/16/2021 4:04:15 PM : ping
5/16/2021 4:04:15 PM : ping
5/16/2021 4:04:16 PM : ping
5/16/2021 4:04:16 PM : ping
5/16/2021 4:04:16 PM : ping
5/16/2021 4:04:17 PM : ping
5/16/2021 4:04:17 PM : ping
5/16/2021 4:04:17 PM : ping
5/16/2021 4:04:18 PM : ping
5/16/2021 4:04:18 PM : ping
5/16/2021 4:04:18 PM : ping
5/16/2021 4:04:19 PM : ping
5/16/2021 4:04:19 PM : ping
5/16/2021 4:04:19 PM : ping
5/16/2021 4:04:21 PM : ping
5/16/2021 4:04:21 PM : ping
5/16/2021 4:04:21 PM : ping
5/16/2021 4:04:22 PM : ping
5/16/2021 4:04:22 PM : ping
5/16/2021 4:04:22 PM : ping
5/16/2021 4:04:23 PM : ping
5/16/2021 4:04:23 PM : ping
5/16/2021 4:04:23 PM : ping
5/16/2021 4:04:24 PM : ping
5/16/2021 4:04:24 PM : ping
5/16/2021 4:04:24 PM : ping
5/16/2021 4:04:25 PM : ping
5/16/2021 4:04:25 PM : ping
5/16/2021 4:04:25 PM : ping
5/16/2021 4:04:26 PM : ping
5/16/2021 4:04:26 PM : ping
5/16/2021 4:04:26 PM : ping
5/16/2021 4:04:27 PM : ping
5/16/2021 4:04:27 PM : ping
5/16/2021 4:04:27 PM : ping
5/16/2021 4:04:28 PM : ping
5/16/2021 4:04:28 PM : ping
5/16/2021 4:04:28 PM : ping
5/16/2021 4:04:29 PM : ping
5/16/2021 4:04:29 PM : ping
5/16/2021 4:04:29 PM : ping
5/16/2021 4:04:31 PM : ping
5/16/2021 4:04:31 PM : ping
5/16/2021 4:04:31 PM : ping
5/16/2021 4:04:32 PM : ping
5/16/2021 4:04:32 PM : ping
5/16/2021 4:04:32 PM : ping
5/16/2021 4:04:33 PM : ping
5/16/2021 4:04:33 PM : ping
5/16/2021 4:04:33 PM : ping
5/16/2021 4:04:34 PM : ping
5/16/2021 4:04:34 PM : ping
5/16/2021 4:04:34 PM : ping
5/16/2021 4:04:35 PM : ping
5/16/2021 4:04:35 PM : ping
5/16/2021 4:04:35 PM : ping
5/16/2021 4:04:36 PM : ping
5/16/2021 4:04:36 PM : ping
5/16/2021 4:04:36 PM : ping
5/16/2021 4:04:37 PM : ping
5/16/2021 4:04:37 PM : ping
5/16/2021 4:04:37 PM : ping
5/16/2021 4:04:38 PM : ping
5/16/2021 4:04:38 PM : ping
5/16/2021 4:04:38 PM : ping
5/16/2021 4:04:39 PM : ping
5/16/2021 4:04:39 PM : ping
5/16/2021 4:04:39 PM : ping
5/16/2021 4:04:40 PM : ping
5/16/2021 4:04:40 PM : ping
5/16/2021 4:04:40 PM : ping
5/16/2021 4:04:42 PM : ping
5/16/2021 4:04:42 PM : ping
5/16/2021 4:04:42 PM : ping
5/16/2021 4:04:43 PM : ping
5/16/2021 4:04:43 PM : ping
5/16/2021 4:04:43 PM : ping
5/16/2021 4:04:44 PM : ping
5/16/2021 4:04:44 PM : ping
5/16/2021 4:04:44 PM : ping
5/16/2021 4:04:45 PM : ping
5/16/2021 4:04:45 PM : ping
5/16/2021 4:04:45 PM : ping
5/16/2021 4:04:46 PM : ping
5/16/2021 4:04:46 PM : ping
5/16/2021 4:04:46 PM : ping
5/16/2021 4:04:47 PM : ping
5/16/2021 4:04:47 PM : ping
5/16/2021 4:04:47 PM : ping
5/16/2021 4:04:48 PM : ping
5/16/2021 4:04:48 PM : ping
5/16/2021 4:04:48 PM : ping
5/16/2021 4:04:49 PM : ping
5/16/2021 4:04:49 PM : ping
5/16/2021 4:04:49 PM : ping
5/16/2021 4:04:50 PM : ping
5/16/2021 4:04:50 PM : ping
5/16/2021 4:04:50 PM : ping
5/16/2021 4:04:52 PM : ping
5/16/2021 4:04:52 PM : ping
5/16/2021 4:04:52 PM : ping
5/16/2021 4:04:53 PM : ping
5/16/2021 4:04:53 PM : ping
5/16/2021 4:04:53 PM : ping
5/16/2021 4:04:54 PM : ping
5/16/2021 4:04:54 PM : ping
5/16/2021 4:04:54 PM : ping
5/16/2021 4:04:55 PM : ping
5/16/2021 4:04:55 PM : ping
5/16/2021 4:04:55 PM : ping
5/16/2021 4:04:56 PM : ping
5/16/2021 4:04:56 PM : ping
5/16/2021 4:04:56 PM : ping
5/16/2021 4:04:57 PM : ping
5/16/2021 4:04:57 PM : ping
5/16/2021 4:04:57 PM : ping
5/16/2021 4:04:58 PM : ping
5/16/2021 4:04:58 PM : ping
5/16/2021 4:04:58 PM : ping
5/16/2021 4:04:59 PM : ping
5/16/2021 4:04:59 PM : ping
5/16/2021 4:04:59 PM : ping
5/16/2021 4:05:00 PM : ping
5/16/2021 4:05:00 PM : ping
5/16/2021 4:05:00 PM : ping
5/16/2021 4:05:01 PM : ping
5/16/2021 4:05:01 PM : ping
5/16/2021 4:05:01 PM : ping
5/16/2021 4:05:03 PM : ping
5/16/2021 4:05:03 PM : ping
5/16/2021 4:05:03 PM : ping
5/16/2021 4:05:04 PM : ping
5/16/2021 4:05:04 PM : ping
5/16/2021 4:05:04 PM : ping
5/16/2021 4:05:05 PM : ping
5/16/2021 4:05:05 PM : ping
5/16/2021 4:05:05 PM : ping
5/16/2021 4:05:06 PM : ping
5/16/2021 4:05:06 PM : ping
5/16/2021 4:05:06 PM : ping
5/16/2021 4:05:07 PM : ping
5/16/2021 4:05:07 PM : ping
5/16/2021 4:05:07 PM : ping
5/16/2021 4:05:08 PM : ping
5/16/2021 4:05:08 PM : ping
5/16/2021 4:05:08 PM : ping
5/16/2021 4:05:09 PM : ping
5/16/2021 4:05:09 PM : ping
5/16/2021 4:05:09 PM : ping
5/16/2021 4:05:10 PM : ping
5/16/2021 4:05:10 PM : ping
5/16/2021 4:05:10 PM : ping
5/16/2021 4:05:11 PM : ping
5/16/2021 4:05:11 PM : ping
5/16/2021 4:05:11 PM : ping
5/16/2021 4:05:13 PM : ping
5/16/2021 4:05:13 PM : ping
5/16/2021 4:05:13 PM : ping
5/16/2021 4:05:14 PM : ping
5/16/2021 4:05:14 PM : ping
5/16/2021 4:05:14 PM : ping
5/16/2021 4:05:15 PM : ping
5/16/2021 4:05:15 PM : ping
5/16/2021 4:05:15 PM : ping
5/16/2021 4:05:16 PM : ping
5/16/2021 4:05:16 PM : ping
5/16/2021 4:05:16 PM : ping
5/16/2021 4:05:17 PM : ping
5/16/2021 4:05:17 PM : ping
5/16/2021 4:05:17 PM : ping
5/16/2021 4:05:18 PM : ping
5/16/2021 4:05:18 PM : ping
5/16/2021 4:05:18 PM : ping
5/16/2021 4:05:19 PM : ping
5/16/2021 4:05:19 PM : ping
5/16/2021 4:05:19 PM : ping
5/16/2021 4:05:20 PM : ping
5/16/2021 4:05:20 PM : ping
5/16/2021 4:05:20 PM : ping
5/16/2021 4:05:21 PM : ping
5/16/2021 4:05:21 PM : ping
5/16/2021 4:05:21 PM : ping
5/16/2021 4:05:23 PM : ping
5/16/2021 4:05:23 PM : ping
5/16/2021 4:05:23 PM : ping
5/16/2021 4:05:24 PM : ping
5/16/2021 4:05:24 PM : ping
5/16/2021 4:05:24 PM : ping
5/16/2021 4:05:25 PM : kService.requestChannels.Count :1
5/16/2021 4:05:25 PM : kService.requestChannels.Count :1
5/16/2021 4:05:25 PM : ping
5/16/2021 4:05:25 PM : ping
5/16/2021 4:05:25 PM : ping
5/16/2021 4:05:26 PM : ping
5/16/2021 4:05:26 PM : ping
5/16/2021 4:05:26 PM : ping
5/16/2021 4:05:27 PM : ping
5/16/2021 4:05:27 PM : ping
5/16/2021 4:05:27 PM : ping
5/16/2021 4:05:28 PM : ping
5/16/2021 4:05:28 PM : ping
5/16/2021 4:05:28 PM : ping
5/16/2021 4:05:29 PM : ping
5/16/2021 4:05:29 PM : ping
5/16/2021 4:05:29 PM : ping
5/16/2021 4:05:30 PM : ping
5/16/2021 4:05:30 PM : ping
5/16/2021 4:05:30 PM : ping
5/16/2021 4:05:31 PM : ping
5/16/2021 4:05:31 PM : ping
5/16/2021 4:05:31 PM : ping
5/16/2021 4:05:32 PM : ping
5/16/2021 4:05:32 PM : ping
5/16/2021 4:05:32 PM : ping
5/16/2021 4:05:34 PM : ping
5/16/2021 4:05:34 PM : ping
5/16/2021 4:05:34 PM : ping
5/16/2021 4:05:35 PM : ping
5/16/2021 4:05:35 PM : ping
5/16/2021 4:05:35 PM : ping
5/16/2021 4:05:36 PM : ping
5/16/2021 4:05:36 PM : ping
5/16/2021 4:05:36 PM : ping
5/16/2021 4:05:37 PM : ping
5/16/2021 4:05:37 PM : ping
5/16/2021 4:05:37 PM : ping
5/16/2021 4:05:38 PM : ping
5/16/2021 4:05:38 PM : ping
5/16/2021 4:05:38 PM : ping
5/16/2021 4:05:39 PM : ping
5/16/2021 4:05:39 PM : ping
5/16/2021 4:05:39 PM : ping
5/16/2021 4:05:40 PM : ping
5/16/2021 4:05:40 PM : ping
5/16/2021 4:05:40 PM : ping
5/16/2021 4:05:41 PM : ping
5/16/2021 4:05:41 PM : ping
5/16/2021 4:05:41 PM : ping
5/16/2021 4:05:42 PM : ping
5/16/2021 4:05:42 PM : ping
5/16/2021 4:05:42 PM : ping
5/16/2021 4:05:44 PM : ping
5/16/2021 4:05:44 PM : ping
5/16/2021 4:05:44 PM : ping
5/16/2021 4:05:45 PM : ping
5/16/2021 4:05:45 PM : ping
5/16/2021 4:05:45 PM : ping
5/16/2021 4:05:46 PM : ping
5/16/2021 4:05:46 PM : ping
5/16/2021 4:05:46 PM : ping
5/16/2021 4:05:47 PM : ping
5/16/2021 4:05:47 PM : ping
5/16/2021 4:05:47 PM : ping
5/16/2021 4:05:48 PM : ping
5/16/2021 4:05:48 PM : ping
5/16/2021 4:05:48 PM : ping
5/16/2021 4:05:49 PM : ping
5/16/2021 4:05:49 PM : ping
5/16/2021 4:05:49 PM : ping
5/16/2021 4:05:50 PM : ping
5/16/2021 4:05:50 PM : ping
5/16/2021 4:05:50 PM : ping
5/16/2021 4:05:51 PM : ping
5/16/2021 4:05:51 PM : ping
5/16/2021 4:05:51 PM : ping
5/16/2021 4:05:52 PM : ping
5/16/2021 4:05:52 PM : ping
5/16/2021 4:05:52 PM : ping
5/16/2021 4:05:54 PM : ping
5/16/2021 4:05:54 PM : ping
5/16/2021 4:05:54 PM : ping
5/16/2021 4:05:55 PM : ping
5/16/2021 4:05:55 PM : ping
5/16/2021 4:05:55 PM : ping
5/16/2021 4:05:56 PM : ping
5/16/2021 4:05:56 PM : ping
5/16/2021 4:05:56 PM : ping
5/16/2021 4:05:57 PM : ping
5/16/2021 4:05:57 PM : ping
5/16/2021 4:05:57 PM : ping
5/16/2021 4:05:58 PM : ping
5/16/2021 4:05:58 PM : ping
5/16/2021 4:05:58 PM : ping
5/16/2021 4:05:59 PM : ping
5/16/2021 4:05:59 PM : ping
5/16/2021 4:05:59 PM : ping
5/16/2021 4:06:00 PM : ping
5/16/2021 4:06:00 PM : ping
5/16/2021 4:06:00 PM : ping
5/16/2021 4:06:01 PM : ping
5/16/2021 4:06:01 PM : ping
5/16/2021 4:06:01 PM : ping
5/16/2021 4:06:02 PM : ping
5/16/2021 4:06:02 PM : ping
5/16/2021 4:06:02 PM : ping
5/16/2021 4:06:03 PM : ping
5/16/2021 4:06:03 PM : ping
5/16/2021 4:06:03 PM : ping
5/16/2021 4:06:05 PM : ping
5/16/2021 4:06:05 PM : ping
5/16/2021 4:06:05 PM : ping
5/16/2021 4:06:06 PM : ping
5/16/2021 4:06:06 PM : ping
5/16/2021 4:06:06 PM : ping
5/16/2021 4:06:07 PM : ping
5/16/2021 4:06:07 PM : ping
5/16/2021 4:06:07 PM : ping
5/16/2021 4:06:08 PM : ping
5/16/2021 4:06:08 PM : ping
5/16/2021 4:06:08 PM : ping
5/16/2021 4:06:09 PM : ping
5/16/2021 4:06:09 PM : ping
5/16/2021 4:06:09 PM : ping
5/16/2021 4:06:10 PM : ping
5/16/2021 4:06:10 PM : ping
5/16/2021 4:06:10 PM : ping
5/16/2021 4:06:11 PM : ping
5/16/2021 4:06:11 PM : ping
5/16/2021 4:06:11 PM : ping
5/16/2021 4:06:12 PM : ping
5/16/2021 4:06:12 PM : ping
5/16/2021 4:06:12 PM : ping
5/16/2021 4:06:13 PM : ping
5/16/2021 4:06:13 PM : ping
5/16/2021 4:06:13 PM : ping
5/16/2021 4:06:15 PM : ping
5/16/2021 4:06:15 PM : ping
5/16/2021 4:06:15 PM : ping
5/16/2021 4:06:16 PM : ping
5/16/2021 4:06:16 PM : ping
5/16/2021 4:06:16 PM : ping
5/16/2021 4:06:17 PM : ping
5/16/2021 4:06:17 PM : ping
5/16/2021 4:06:17 PM : ping
5/16/2021 4:06:18 PM : ping
5/16/2021 4:06:18 PM : ping
5/16/2021 4:06:18 PM : ping
5/16/2021 4:06:19 PM : ping
5/16/2021 4:06:19 PM : ping
5/16/2021 4:06:19 PM : ping
5/16/2021 4:06:20 PM : ping
5/16/2021 4:06:20 PM : ping
5/16/2021 4:06:20 PM : ping
5/16/2021 4:06:21 PM : ping
5/16/2021 4:06:21 PM : ping
5/16/2021 4:06:21 PM : ping
5/16/2021 4:06:22 PM : ping
5/16/2021 4:06:22 PM : ping
5/16/2021 4:06:22 PM : ping
5/16/2021 4:06:23 PM : ping
5/16/2021 4:06:23 PM : ping
5/16/2021 4:06:23 PM : ping
5/16/2021 4:06:25 PM : ping
5/16/2021 4:06:25 PM : ping
5/16/2021 4:06:25 PM : ping
5/16/2021 4:06:26 PM : ping
5/16/2021 4:06:26 PM : ping
5/16/2021 4:06:26 PM : ping
5/16/2021 4:06:27 PM : ping
5/16/2021 4:06:27 PM : ping
5/16/2021 4:06:27 PM : ping
5/16/2021 4:06:28 PM : ping
5/16/2021 4:06:28 PM : ping
5/16/2021 4:06:28 PM : ping
5/16/2021 4:06:29 PM : ping
5/16/2021 4:06:29 PM : ping
5/16/2021 4:06:29 PM : ping
5/16/2021 4:06:30 PM : ping
5/16/2021 4:06:30 PM : ping
5/16/2021 4:06:30 PM : ping
5/16/2021 4:06:31 PM : ping
5/16/2021 4:06:31 PM : ping
5/16/2021 4:06:31 PM : ping
5/16/2021 4:06:32 PM : ping
5/16/2021 4:06:32 PM : ping
5/16/2021 4:06:32 PM : ping
5/16/2021 4:06:33 PM : ping
5/16/2021 4:06:33 PM : ping
5/16/2021 4:06:33 PM : ping
5/16/2021 4:06:34 PM : kService.requestChannels.Count :0
5/16/2021 4:06:34 PM : kService.requestChannels.Count :0
5/16/2021 4:06:34 PM : ping
5/16/2021 4:06:34 PM : ping
5/16/2021 4:06:34 PM : ping
5/16/2021 4:06:36 PM : ping
5/16/2021 4:06:36 PM : ping
5/16/2021 4:06:36 PM : ping
5/16/2021 4:06:37 PM : ping
5/16/2021 4:06:37 PM : ping
5/16/2021 4:06:37 PM : ping
5/16/2021 4:06:38 PM : ping
5/16/2021 4:06:38 PM : ping
5/16/2021 4:06:38 PM : ping
5/16/2021 4:06:39 PM : ping
5/16/2021 4:06:39 PM : ping
5/16/2021 4:06:39 PM : ping
5/16/2021 4:06:40 PM : ping
5/16/2021 4:06:40 PM : ping
5/16/2021 4:06:40 PM : ping
5/16/2021 4:06:41 PM : ping
5/16/2021 4:06:41 PM : ping
5/16/2021 4:06:41 PM : ping
5/16/2021 4:06:42 PM : ping
5/16/2021 4:06:42 PM : ping
5/16/2021 4:06:42 PM : ping
5/16/2021 4:06:43 PM : ping
5/16/2021 4:06:43 PM : ping
5/16/2021 4:06:43 PM : ping
5/16/2021 4:06:44 PM : ping
5/16/2021 4:06:44 PM : ping
5/16/2021 4:06:44 PM : ping
5/16/2021 4:06:46 PM : ping
5/16/2021 4:06:46 PM : ping
5/16/2021 4:06:46 PM : ping
5/16/2021 4:06:47 PM : ping
5/16/2021 4:06:47 PM : ping
5/16/2021 4:06:47 PM : ping
5/16/2021 4:06:48 PM : ping
5/16/2021 4:06:48 PM : ping
5/16/2021 4:06:48 PM : ping
5/16/2021 4:06:49 PM : ping
5/16/2021 4:06:49 PM : ping
5/16/2021 4:06:49 PM : ping
5/16/2021 4:06:50 PM : ping
5/16/2021 4:06:50 PM : ping
5/16/2021 4:06:50 PM : ping
5/16/2021 4:06:51 PM : ping
5/16/2021 4:06:51 PM : ping
5/16/2021 4:06:51 PM : ping
5/16/2021 4:06:52 PM : ping
5/16/2021 4:06:52 PM : ping
5/16/2021 4:06:52 PM : ping
5/16/2021 4:06:53 PM : ping
5/16/2021 4:06:53 PM : ping
5/16/2021 4:06:53 PM : ping
5/16/2021 4:06:54 PM : ping
5/16/2021 4:06:54 PM : ping
5/16/2021 4:06:54 PM : ping
5/16/2021 4:06:55 PM : ping
5/16/2021 4:06:55 PM : ping
5/16/2021 4:06:55 PM : ping
5/16/2021 4:06:57 PM : ping
5/16/2021 4:06:57 PM : ping
5/16/2021 4:06:57 PM : ping
5/16/2021 4:06:58 PM : ping
5/16/2021 4:06:58 PM : ping
5/16/2021 4:06:58 PM : ping
5/16/2021 4:06:59 PM : ping
5/16/2021 4:06:59 PM : ping
5/16/2021 4:06:59 PM : ping
5/16/2021 4:07:00 PM : ping
5/16/2021 4:07:00 PM : ping
5/16/2021 4:07:00 PM : ping
5/16/2021 4:07:01 PM : ping
5/16/2021 4:07:01 PM : ping
5/16/2021 4:07:01 PM : ping
5/16/2021 4:07:02 PM : ping
5/16/2021 4:07:02 PM : ping
5/16/2021 4:07:02 PM : ping
5/16/2021 4:07:03 PM : ping
5/16/2021 4:07:03 PM : ping
5/16/2021 4:07:03 PM : ping
5/16/2021 4:07:04 PM : ping
5/16/2021 4:07:04 PM : ping
5/16/2021 4:07:04 PM : ping
5/16/2021 4:07:05 PM : ping
5/16/2021 4:07:05 PM : ping
5/16/2021 4:07:05 PM : ping
