log begin
..............
5/8/2021 11:23:04 PM : ping
5/8/2021 11:23:04 PM : ping
5/8/2021 11:23:04 PM : ping
5/8/2021 11:23:05 PM : ping
5/8/2021 11:23:05 PM : ping
5/8/2021 11:23:05 PM : ping
5/8/2021 11:23:06 PM : ping
5/8/2021 11:23:06 PM : ping
5/8/2021 11:23:06 PM : ping
5/8/2021 11:23:07 PM : ping
5/8/2021 11:23:07 PM : ping
5/8/2021 11:23:07 PM : ping
5/8/2021 11:23:08 PM : ping
5/8/2021 11:23:08 PM : ping
5/8/2021 11:23:08 PM : ping
5/8/2021 11:23:09 PM : ping
5/8/2021 11:23:09 PM : ping
5/8/2021 11:23:09 PM : ping
5/8/2021 11:23:10 PM : ping
5/8/2021 11:23:10 PM : ping
5/8/2021 11:23:10 PM : ping
5/8/2021 11:23:11 PM : ping
5/8/2021 11:23:11 PM : ping
5/8/2021 11:23:11 PM : ping
5/8/2021 11:23:12 PM : ping
5/8/2021 11:23:12 PM : ping
5/8/2021 11:23:12 PM : ping
5/8/2021 11:23:14 PM : ping
5/8/2021 11:23:14 PM : ping
5/8/2021 11:23:14 PM : ping
5/8/2021 11:23:15 PM : ping
5/8/2021 11:23:15 PM : ping
5/8/2021 11:23:15 PM : ping
5/8/2021 11:23:16 PM : ping
5/8/2021 11:23:16 PM : ping
5/8/2021 11:23:16 PM : ping
5/8/2021 11:23:17 PM : ping
5/8/2021 11:23:17 PM : ping
5/8/2021 11:23:17 PM : ping
5/8/2021 11:23:18 PM : ping
5/8/2021 11:23:18 PM : ping
5/8/2021 11:23:18 PM : ping
5/8/2021 11:23:19 PM : ping
5/8/2021 11:23:19 PM : ping
5/8/2021 11:23:19 PM : ping
5/8/2021 11:23:20 PM : ping
5/8/2021 11:23:20 PM : ping
5/8/2021 11:23:20 PM : ping
5/8/2021 11:23:21 PM : ping
5/8/2021 11:23:21 PM : ping
5/8/2021 11:23:21 PM : ping
5/8/2021 11:23:22 PM : ping
5/8/2021 11:23:22 PM : ping
5/8/2021 11:23:22 PM : ping
5/8/2021 11:23:24 PM : ping
5/8/2021 11:23:24 PM : ping
5/8/2021 11:23:24 PM : ping
5/8/2021 11:23:25 PM : ping
5/8/2021 11:23:25 PM : ping
5/8/2021 11:23:25 PM : ping
5/8/2021 11:23:26 PM : ping
5/8/2021 11:23:26 PM : ping
5/8/2021 11:23:26 PM : ping
5/8/2021 11:23:27 PM : ping
5/8/2021 11:23:27 PM : ping
5/8/2021 11:23:27 PM : ping
5/8/2021 11:23:28 PM : launch server at port: 7003
5/8/2021 11:23:28 PM : ping
5/8/2021 11:23:28 PM : ping
5/8/2021 11:23:28 PM : ping
5/8/2021 11:23:29 PM : ping
5/8/2021 11:23:29 PM : ping
5/8/2021 11:23:29 PM : ping
5/8/2021 11:23:30 PM : ping
5/8/2021 11:23:30 PM : ping
5/8/2021 11:23:30 PM : ping
5/8/2021 11:23:31 PM : ping
5/8/2021 11:23:31 PM : ping
5/8/2021 11:23:31 PM : ping
5/8/2021 11:23:32 PM : ping
5/8/2021 11:23:32 PM : ping
5/8/2021 11:23:32 PM : ping
5/8/2021 11:23:34 PM : ping
5/8/2021 11:23:34 PM : ping
5/8/2021 11:23:34 PM : ping
5/8/2021 11:23:35 PM : ping
5/8/2021 11:23:35 PM : ping
5/8/2021 11:23:35 PM : ping
5/8/2021 11:23:36 PM : ping
5/8/2021 11:23:36 PM : ping
5/8/2021 11:23:36 PM : ping
5/8/2021 11:23:37 PM : ping
5/8/2021 11:23:37 PM : ping
5/8/2021 11:23:37 PM : ping
5/8/2021 11:23:38 PM : ping
5/8/2021 11:23:38 PM : ping
5/8/2021 11:23:38 PM : ping
5/8/2021 11:23:39 PM : ping
5/8/2021 11:23:39 PM : ping
5/8/2021 11:23:39 PM : ping
5/8/2021 11:23:40 PM : ping
5/8/2021 11:23:40 PM : ping
5/8/2021 11:23:40 PM : ping
5/8/2021 11:23:41 PM : ping
5/8/2021 11:23:41 PM : ping
5/8/2021 11:23:41 PM : ping
5/8/2021 11:23:42 PM : ping
5/8/2021 11:23:42 PM : ping
5/8/2021 11:23:42 PM : ping
5/8/2021 11:23:43 PM : ping
5/8/2021 11:23:43 PM : ping
5/8/2021 11:23:43 PM : ping
5/8/2021 11:23:45 PM : ping
5/8/2021 11:23:45 PM : ping
5/8/2021 11:23:45 PM : ping
5/8/2021 11:23:46 PM : ping
5/8/2021 11:23:46 PM : ping
5/8/2021 11:23:46 PM : ping
5/8/2021 11:23:47 PM : ping
5/8/2021 11:23:47 PM : ping
5/8/2021 11:23:47 PM : ping
5/8/2021 11:23:48 PM : ping
5/8/2021 11:23:48 PM : ping
5/8/2021 11:23:48 PM : ping
5/8/2021 11:23:49 PM : ping
5/8/2021 11:23:49 PM : ping
5/8/2021 11:23:49 PM : ping
5/8/2021 11:23:50 PM : ping
5/8/2021 11:23:50 PM : ping
5/8/2021 11:23:50 PM : ping
5/8/2021 11:23:51 PM : ping
5/8/2021 11:23:51 PM : ping
5/8/2021 11:23:51 PM : ping
5/8/2021 11:23:52 PM : ping
5/8/2021 11:23:52 PM : ping
5/8/2021 11:23:52 PM : ping
5/8/2021 11:23:53 PM : ping
5/8/2021 11:23:53 PM : ping
5/8/2021 11:23:53 PM : ping
5/8/2021 11:23:55 PM : ping
5/8/2021 11:23:55 PM : ping
5/8/2021 11:23:55 PM : ping
5/8/2021 11:23:56 PM : ping
5/8/2021 11:23:56 PM : ping
5/8/2021 11:23:56 PM : ping
5/8/2021 11:23:57 PM : ping
5/8/2021 11:23:57 PM : ping
5/8/2021 11:23:57 PM : ping
5/8/2021 11:23:58 PM : ping
5/8/2021 11:23:58 PM : ping
5/8/2021 11:23:58 PM : ping
5/8/2021 11:23:59 PM : ping
5/8/2021 11:23:59 PM : ping
5/8/2021 11:23:59 PM : ping
5/8/2021 11:24:00 PM : ping
5/8/2021 11:24:00 PM : ping
5/8/2021 11:24:00 PM : ping
5/8/2021 11:24:01 PM : ping
5/8/2021 11:24:01 PM : ping
5/8/2021 11:24:01 PM : ping
5/8/2021 11:24:02 PM : ping
5/8/2021 11:24:02 PM : ping
5/8/2021 11:24:02 PM : ping
5/8/2021 11:24:03 PM : ping
5/8/2021 11:24:03 PM : ping
5/8/2021 11:24:03 PM : ping
5/8/2021 11:24:05 PM : ping
5/8/2021 11:24:05 PM : ping
5/8/2021 11:24:05 PM : ping
5/8/2021 11:24:06 PM : ping
5/8/2021 11:24:06 PM : ping
5/8/2021 11:24:06 PM : ping
5/8/2021 11:24:07 PM : ping
5/8/2021 11:24:07 PM : ping
5/8/2021 11:24:07 PM : ping
5/8/2021 11:24:08 PM : ping
5/8/2021 11:24:08 PM : ping
5/8/2021 11:24:08 PM : ping
5/8/2021 11:24:09 PM : ping
5/8/2021 11:24:09 PM : ping
5/8/2021 11:24:09 PM : ping
5/8/2021 11:24:10 PM : ping
5/8/2021 11:24:10 PM : ping
5/8/2021 11:24:10 PM : ping
5/8/2021 11:24:11 PM : ping
5/8/2021 11:24:11 PM : ping
5/8/2021 11:24:11 PM : ping
5/8/2021 11:24:12 PM : ping
5/8/2021 11:24:12 PM : ping
5/8/2021 11:24:12 PM : ping
5/8/2021 11:24:13 PM : ping
5/8/2021 11:24:13 PM : ping
5/8/2021 11:24:13 PM : ping
5/8/2021 11:24:14 PM : ping
5/8/2021 11:24:14 PM : ping
5/8/2021 11:24:14 PM : ping
5/8/2021 11:24:16 PM : ping
5/8/2021 11:24:16 PM : ping
5/8/2021 11:24:16 PM : ping
5/8/2021 11:24:17 PM : ping
5/8/2021 11:24:17 PM : ping
5/8/2021 11:24:17 PM : ping
5/8/2021 11:24:18 PM : ping
5/8/2021 11:24:18 PM : ping
5/8/2021 11:24:18 PM : ping
5/8/2021 11:24:19 PM : ping
5/8/2021 11:24:19 PM : ping
5/8/2021 11:24:19 PM : ping
5/8/2021 11:24:20 PM : ping
5/8/2021 11:24:20 PM : ping
5/8/2021 11:24:20 PM : ping
5/8/2021 11:24:21 PM : ping
5/8/2021 11:24:21 PM : ping
5/8/2021 11:24:21 PM : ping
5/8/2021 11:24:22 PM : ping
5/8/2021 11:24:22 PM : ping
5/8/2021 11:24:22 PM : ping
5/8/2021 11:24:23 PM : ping
5/8/2021 11:24:23 PM : ping
5/8/2021 11:24:23 PM : ping
5/8/2021 11:24:24 PM : ping
5/8/2021 11:24:24 PM : ping
5/8/2021 11:24:24 PM : ping
5/8/2021 11:24:26 PM : ping
5/8/2021 11:24:26 PM : ping
5/8/2021 11:24:26 PM : ping
5/8/2021 11:24:27 PM : ping
5/8/2021 11:24:27 PM : ping
5/8/2021 11:24:27 PM : ping
5/8/2021 11:24:28 PM : ping
5/8/2021 11:24:28 PM : ping
5/8/2021 11:24:28 PM : ping
5/8/2021 11:24:29 PM : ping
5/8/2021 11:24:29 PM : ping
5/8/2021 11:24:29 PM : ping
5/8/2021 11:24:30 PM : ping
5/8/2021 11:24:30 PM : ping
5/8/2021 11:24:30 PM : ping
5/8/2021 11:24:31 PM : ping
5/8/2021 11:24:31 PM : ping
5/8/2021 11:24:31 PM : ping
5/8/2021 11:24:32 PM : ping
5/8/2021 11:24:32 PM : ping
5/8/2021 11:24:32 PM : ping
5/8/2021 11:24:33 PM : ping
5/8/2021 11:24:33 PM : ping
5/8/2021 11:24:33 PM : ping
5/8/2021 11:24:34 PM : ping
5/8/2021 11:24:34 PM : ping
5/8/2021 11:24:34 PM : ping
5/8/2021 11:24:35 PM : ping
5/8/2021 11:24:35 PM : ping
5/8/2021 11:24:35 PM : ping
5/8/2021 11:24:37 PM : ping
5/8/2021 11:24:37 PM : ping
5/8/2021 11:24:37 PM : ping
5/8/2021 11:24:38 PM : ping
5/8/2021 11:24:38 PM : ping
5/8/2021 11:24:38 PM : ping
5/8/2021 11:24:39 PM : ping
5/8/2021 11:24:39 PM : ping
5/8/2021 11:24:39 PM : ping
5/8/2021 11:24:40 PM : ping
5/8/2021 11:24:40 PM : ping
5/8/2021 11:24:40 PM : ping
5/8/2021 11:24:41 PM : ping
5/8/2021 11:24:41 PM : ping
5/8/2021 11:24:41 PM : ping
5/8/2021 11:24:42 PM : ping
5/8/2021 11:24:42 PM : ping
5/8/2021 11:24:42 PM : ping
5/8/2021 11:24:43 PM : ping
5/8/2021 11:24:43 PM : ping
5/8/2021 11:24:43 PM : ping
5/8/2021 11:24:44 PM : ping
5/8/2021 11:24:44 PM : ping
5/8/2021 11:24:44 PM : ping
5/8/2021 11:24:45 PM : ping
5/8/2021 11:24:45 PM : ping
5/8/2021 11:24:45 PM : ping
5/8/2021 11:24:47 PM : ping
5/8/2021 11:24:47 PM : ping
5/8/2021 11:24:47 PM : ping
5/8/2021 11:24:48 PM : ping
5/8/2021 11:24:48 PM : ping
5/8/2021 11:24:48 PM : ping
5/8/2021 11:24:49 PM : ping
5/8/2021 11:24:49 PM : ping
5/8/2021 11:24:49 PM : ping
5/8/2021 11:24:50 PM : ping
5/8/2021 11:24:50 PM : ping
5/8/2021 11:24:50 PM : ping
5/8/2021 11:24:51 PM : ping
5/8/2021 11:24:51 PM : ping
5/8/2021 11:24:51 PM : ping
5/8/2021 11:24:52 PM : ping
5/8/2021 11:24:52 PM : ping
5/8/2021 11:24:52 PM : ping
5/8/2021 11:24:53 PM : ping
5/8/2021 11:24:53 PM : ping
5/8/2021 11:24:53 PM : ping
5/8/2021 11:24:54 PM : ping
5/8/2021 11:24:54 PM : ping
5/8/2021 11:24:54 PM : ping
5/8/2021 11:24:55 PM : ping
5/8/2021 11:24:55 PM : ping
5/8/2021 11:24:55 PM : ping
5/8/2021 11:24:57 PM : ping
5/8/2021 11:24:57 PM : ping
5/8/2021 11:24:57 PM : ping
5/8/2021 11:24:58 PM : ping
5/8/2021 11:24:58 PM : ping
5/8/2021 11:24:58 PM : ping
5/8/2021 11:24:59 PM : ping
5/8/2021 11:24:59 PM : ping
5/8/2021 11:24:59 PM : ping
5/8/2021 11:25:00 PM : ping
5/8/2021 11:25:00 PM : ping
5/8/2021 11:25:00 PM : ping
5/8/2021 11:25:01 PM : ping
5/8/2021 11:25:01 PM : ping
5/8/2021 11:25:01 PM : ping
5/8/2021 11:25:02 PM : ping
5/8/2021 11:25:02 PM : ping
5/8/2021 11:25:02 PM : ping
5/8/2021 11:25:03 PM : ping
5/8/2021 11:25:03 PM : ping
5/8/2021 11:25:03 PM : ping
5/8/2021 11:25:04 PM : kService.requestChannels.Count :2
5/8/2021 11:25:04 PM : kService.requestChannels.Count :2
5/8/2021 11:25:04 PM : ping
5/8/2021 11:25:04 PM : ping
5/8/2021 11:25:04 PM : ping
5/8/2021 11:25:05 PM : ping
5/8/2021 11:25:05 PM : ping
5/8/2021 11:25:05 PM : ping
5/8/2021 11:25:06 PM : ping
5/8/2021 11:25:06 PM : ping
5/8/2021 11:25:06 PM : ping
5/8/2021 11:25:08 PM : ping
5/8/2021 11:25:08 PM : ping
5/8/2021 11:25:08 PM : ping
5/8/2021 11:25:09 PM : ping
5/8/2021 11:25:09 PM : ping
5/8/2021 11:25:09 PM : ping
5/8/2021 11:25:09 PM : kService.requestChannels.Count :1
5/8/2021 11:25:09 PM : kService.requestChannels.Count :1
5/8/2021 11:25:10 PM : ping
5/8/2021 11:25:10 PM : ping
5/8/2021 11:25:10 PM : ping
5/8/2021 11:25:11 PM : ping
5/8/2021 11:25:11 PM : ping
5/8/2021 11:25:11 PM : ping
5/8/2021 11:25:11 PM : kService.requestChannels.Count :0
5/8/2021 11:25:11 PM : kService.requestChannels.Count :0
5/8/2021 11:25:12 PM : ping
5/8/2021 11:25:12 PM : ping
5/8/2021 11:25:12 PM : ping
5/8/2021 11:25:13 PM : ping
5/8/2021 11:25:13 PM : ping
5/8/2021 11:25:13 PM : ping
5/8/2021 11:25:14 PM : ping
5/8/2021 11:25:14 PM : ping
5/8/2021 11:25:14 PM : ping
5/8/2021 11:25:15 PM : ping
5/8/2021 11:25:15 PM : ping
5/8/2021 11:25:15 PM : ping
5/8/2021 11:25:16 PM : ping
5/8/2021 11:25:16 PM : ping
5/8/2021 11:25:16 PM : ping
5/8/2021 11:25:18 PM : ping
5/8/2021 11:25:18 PM : ping
5/8/2021 11:25:18 PM : ping
5/8/2021 11:25:19 PM : ping
5/8/2021 11:25:19 PM : ping
5/8/2021 11:25:19 PM : ping
5/8/2021 11:25:20 PM : ping
5/8/2021 11:25:20 PM : ping
5/8/2021 11:25:20 PM : ping
5/8/2021 11:25:21 PM : ping
5/8/2021 11:25:21 PM : ping
5/8/2021 11:25:21 PM : ping
5/8/2021 11:25:22 PM : ping
5/8/2021 11:25:22 PM : ping
5/8/2021 11:25:22 PM : ping
5/8/2021 11:25:23 PM : ping
5/8/2021 11:25:23 PM : ping
5/8/2021 11:25:23 PM : ping
5/8/2021 11:25:24 PM : ping
5/8/2021 11:25:24 PM : ping
5/8/2021 11:25:24 PM : ping
5/8/2021 11:25:25 PM : ping
5/8/2021 11:25:25 PM : ping
5/8/2021 11:25:25 PM : ping
5/8/2021 11:25:26 PM : ping
5/8/2021 11:25:26 PM : ping
5/8/2021 11:25:26 PM : ping
5/8/2021 11:25:28 PM : ping
5/8/2021 11:25:28 PM : ping
5/8/2021 11:25:28 PM : ping
5/8/2021 11:25:29 PM : ping
5/8/2021 11:25:29 PM : ping
5/8/2021 11:25:29 PM : ping
5/8/2021 11:25:30 PM : ping
5/8/2021 11:25:30 PM : ping
5/8/2021 11:25:30 PM : ping
5/8/2021 11:25:31 PM : ping
5/8/2021 11:25:31 PM : ping
5/8/2021 11:25:31 PM : ping
5/8/2021 11:25:32 PM : ping
5/8/2021 11:25:32 PM : ping
5/8/2021 11:25:32 PM : ping
5/8/2021 11:25:33 PM : ping
5/8/2021 11:25:33 PM : ping
5/8/2021 11:25:33 PM : ping
5/8/2021 11:25:34 PM : ping
5/8/2021 11:25:34 PM : ping
5/8/2021 11:25:34 PM : ping
5/8/2021 11:25:35 PM : ping
5/8/2021 11:25:35 PM : ping
5/8/2021 11:25:35 PM : ping
5/8/2021 11:25:36 PM : ping
5/8/2021 11:25:36 PM : ping
5/8/2021 11:25:36 PM : ping
5/8/2021 11:25:38 PM : ping
5/8/2021 11:25:38 PM : ping
5/8/2021 11:25:38 PM : ping
5/8/2021 11:25:39 PM : ping
5/8/2021 11:25:39 PM : ping
5/8/2021 11:25:39 PM : ping
5/8/2021 11:25:40 PM : ping
5/8/2021 11:25:40 PM : ping
5/8/2021 11:25:40 PM : ping
5/8/2021 11:25:41 PM : ping
5/8/2021 11:25:41 PM : ping
5/8/2021 11:25:41 PM : ping
5/8/2021 11:25:42 PM : ping
5/8/2021 11:25:42 PM : ping
5/8/2021 11:25:42 PM : ping
5/8/2021 11:25:43 PM : ping
5/8/2021 11:25:43 PM : ping
5/8/2021 11:25:43 PM : ping
5/8/2021 11:25:44 PM : ping
5/8/2021 11:25:44 PM : ping
5/8/2021 11:25:44 PM : ping
5/8/2021 11:25:45 PM : ping
5/8/2021 11:25:45 PM : ping
5/8/2021 11:25:45 PM : ping
5/8/2021 11:25:46 PM : ping
5/8/2021 11:25:46 PM : ping
5/8/2021 11:25:46 PM : ping
5/8/2021 11:25:48 PM : ping
5/8/2021 11:25:48 PM : ping
5/8/2021 11:25:48 PM : ping
5/8/2021 11:25:49 PM : ping
5/8/2021 11:25:49 PM : ping
5/8/2021 11:25:49 PM : ping
5/8/2021 11:25:50 PM : ping
5/8/2021 11:25:50 PM : ping
5/8/2021 11:25:50 PM : ping
5/8/2021 11:25:51 PM : ping
5/8/2021 11:25:51 PM : ping
5/8/2021 11:25:51 PM : ping
5/8/2021 11:25:52 PM : ping
5/8/2021 11:25:52 PM : ping
5/8/2021 11:25:52 PM : ping
5/8/2021 11:25:53 PM : ping
5/8/2021 11:25:53 PM : ping
5/8/2021 11:25:53 PM : ping
5/8/2021 11:25:54 PM : ping
5/8/2021 11:25:54 PM : ping
5/8/2021 11:25:54 PM : ping
5/8/2021 11:25:55 PM : ping
5/8/2021 11:25:55 PM : ping
5/8/2021 11:25:55 PM : ping
5/8/2021 11:25:56 PM : ping
5/8/2021 11:25:56 PM : ping
5/8/2021 11:25:56 PM : ping
5/8/2021 11:25:57 PM : ping
5/8/2021 11:25:57 PM : ping
5/8/2021 11:25:57 PM : ping
5/8/2021 11:25:59 PM : ping
5/8/2021 11:25:59 PM : ping
5/8/2021 11:25:59 PM : ping
5/8/2021 11:26:00 PM : ping
5/8/2021 11:26:00 PM : ping
5/8/2021 11:26:00 PM : ping
5/8/2021 11:26:01 PM : ping
5/8/2021 11:26:01 PM : ping
5/8/2021 11:26:01 PM : ping
5/8/2021 11:26:02 PM : ping
5/8/2021 11:26:02 PM : ping
5/8/2021 11:26:02 PM : ping
5/8/2021 11:26:03 PM : ping
5/8/2021 11:26:03 PM : ping
5/8/2021 11:26:03 PM : ping
5/8/2021 11:26:04 PM : ping
5/8/2021 11:26:04 PM : ping
5/8/2021 11:26:04 PM : ping
5/8/2021 11:26:05 PM : ping
5/8/2021 11:26:05 PM : ping
5/8/2021 11:26:05 PM : ping
5/8/2021 11:26:06 PM : ping
5/8/2021 11:26:06 PM : ping
5/8/2021 11:26:06 PM : ping
5/8/2021 11:26:07 PM : ping
5/8/2021 11:26:07 PM : ping
5/8/2021 11:26:07 PM : ping
5/8/2021 11:26:09 PM : ping
5/8/2021 11:26:09 PM : ping
5/8/2021 11:26:09 PM : ping
5/8/2021 11:26:10 PM : ping
5/8/2021 11:26:10 PM : ping
5/8/2021 11:26:10 PM : ping
5/8/2021 11:26:11 PM : ping
5/8/2021 11:26:11 PM : ping
5/8/2021 11:26:11 PM : ping
5/8/2021 11:26:12 PM : ping
5/8/2021 11:26:12 PM : ping
5/8/2021 11:26:12 PM : ping
5/8/2021 11:26:13 PM : ping
5/8/2021 11:26:13 PM : ping
5/8/2021 11:26:13 PM : ping
5/8/2021 11:26:14 PM : ping
5/8/2021 11:26:14 PM : ping
5/8/2021 11:26:14 PM : ping
5/8/2021 11:26:15 PM : ping
5/8/2021 11:26:15 PM : ping
5/8/2021 11:26:15 PM : ping
5/8/2021 11:26:16 PM : ping
5/8/2021 11:26:16 PM : ping
5/8/2021 11:26:16 PM : ping
5/8/2021 11:26:17 PM : ping
5/8/2021 11:26:17 PM : ping
5/8/2021 11:26:17 PM : ping
5/8/2021 11:26:19 PM : ping
5/8/2021 11:26:19 PM : ping
5/8/2021 11:26:19 PM : ping
5/8/2021 11:26:20 PM : ping
5/8/2021 11:26:20 PM : ping
5/8/2021 11:26:20 PM : ping
5/8/2021 11:26:21 PM : ping
5/8/2021 11:26:21 PM : ping
5/8/2021 11:26:21 PM : ping
5/8/2021 11:26:22 PM : ping
5/8/2021 11:26:22 PM : ping
5/8/2021 11:26:22 PM : ping
5/8/2021 11:26:23 PM : ping
5/8/2021 11:26:23 PM : ping
5/8/2021 11:26:23 PM : ping
5/8/2021 11:26:24 PM : ping
5/8/2021 11:26:24 PM : ping
5/8/2021 11:26:24 PM : ping
5/8/2021 11:26:25 PM : ping
5/8/2021 11:26:25 PM : ping
5/8/2021 11:26:25 PM : ping
5/8/2021 11:26:26 PM : ping
5/8/2021 11:26:26 PM : ping
5/8/2021 11:26:26 PM : ping
5/8/2021 11:26:27 PM : ping
5/8/2021 11:26:27 PM : ping
5/8/2021 11:26:27 PM : ping
5/8/2021 11:26:28 PM : ping
5/8/2021 11:26:28 PM : ping
5/8/2021 11:26:28 PM : ping
5/8/2021 11:26:30 PM : ping
5/8/2021 11:26:30 PM : ping
5/8/2021 11:26:30 PM : ping
5/8/2021 11:26:31 PM : ping
5/8/2021 11:26:31 PM : ping
5/8/2021 11:26:31 PM : ping
5/8/2021 11:26:32 PM : ping
5/8/2021 11:26:32 PM : ping
5/8/2021 11:26:32 PM : ping
5/8/2021 11:26:33 PM : ping
5/8/2021 11:26:33 PM : ping
5/8/2021 11:26:33 PM : ping
5/8/2021 11:26:34 PM : ping
5/8/2021 11:26:34 PM : ping
5/8/2021 11:26:34 PM : ping
5/8/2021 11:26:35 PM : ping
5/8/2021 11:26:35 PM : ping
5/8/2021 11:26:35 PM : ping
5/8/2021 11:26:36 PM : ping
5/8/2021 11:26:36 PM : ping
5/8/2021 11:26:36 PM : ping
5/8/2021 11:26:37 PM : ping
5/8/2021 11:26:37 PM : ping
5/8/2021 11:26:37 PM : ping
5/8/2021 11:26:38 PM : ping
5/8/2021 11:26:38 PM : ping
5/8/2021 11:26:38 PM : ping
5/8/2021 11:26:40 PM : ping
5/8/2021 11:26:40 PM : ping
5/8/2021 11:26:40 PM : ping
5/8/2021 11:26:41 PM : ping
5/8/2021 11:26:41 PM : ping
5/8/2021 11:26:41 PM : ping
5/8/2021 11:26:42 PM : ping
5/8/2021 11:26:42 PM : ping
5/8/2021 11:26:42 PM : ping
5/8/2021 11:26:43 PM : ping
5/8/2021 11:26:43 PM : ping
5/8/2021 11:26:43 PM : ping
5/8/2021 11:26:44 PM : ping
5/8/2021 11:26:44 PM : ping
5/8/2021 11:26:44 PM : ping
5/8/2021 11:26:45 PM : ping
5/8/2021 11:26:45 PM : ping
5/8/2021 11:26:45 PM : ping
5/8/2021 11:26:46 PM : ping
5/8/2021 11:26:46 PM : ping
5/8/2021 11:26:46 PM : ping
5/8/2021 11:26:47 PM : ping
5/8/2021 11:26:47 PM : ping
5/8/2021 11:26:47 PM : ping
5/8/2021 11:26:48 PM : ping
5/8/2021 11:26:48 PM : ping
5/8/2021 11:26:48 PM : ping
5/8/2021 11:26:50 PM : ping
5/8/2021 11:26:50 PM : ping
5/8/2021 11:26:50 PM : ping
5/8/2021 11:26:51 PM : ping
5/8/2021 11:26:51 PM : ping
5/8/2021 11:26:51 PM : ping
5/8/2021 11:26:52 PM : ping
5/8/2021 11:26:52 PM : ping
5/8/2021 11:26:52 PM : ping
5/8/2021 11:26:53 PM : ping
5/8/2021 11:26:53 PM : ping
5/8/2021 11:26:53 PM : ping
