log begin
..............
5/8/2021 11:14:56 PM : ping
5/8/2021 11:14:56 PM : ping
5/8/2021 11:14:56 PM : ping
5/8/2021 11:14:58 PM : ping
5/8/2021 11:14:58 PM : ping
5/8/2021 11:14:58 PM : ping
5/8/2021 11:14:59 PM : ping
5/8/2021 11:14:59 PM : ping
5/8/2021 11:14:59 PM : ping
5/8/2021 11:15:00 PM : ping
5/8/2021 11:15:00 PM : ping
5/8/2021 11:15:00 PM : ping
5/8/2021 11:15:01 PM : ping
5/8/2021 11:15:01 PM : ping
5/8/2021 11:15:01 PM : ping
5/8/2021 11:15:02 PM : ping
5/8/2021 11:15:02 PM : ping
5/8/2021 11:15:02 PM : ping
5/8/2021 11:15:03 PM : ping
5/8/2021 11:15:03 PM : ping
5/8/2021 11:15:03 PM : ping
5/8/2021 11:15:04 PM : ping
5/8/2021 11:15:04 PM : ping
5/8/2021 11:15:04 PM : ping
5/8/2021 11:15:05 PM : ping
5/8/2021 11:15:05 PM : ping
5/8/2021 11:15:05 PM : ping
5/8/2021 11:15:06 PM : ping
5/8/2021 11:15:06 PM : ping
5/8/2021 11:15:06 PM : ping
5/8/2021 11:15:08 PM : ping
5/8/2021 11:15:08 PM : ping
5/8/2021 11:15:08 PM : ping
5/8/2021 11:15:08 PM : launch server at port: 7003
5/8/2021 11:15:09 PM : launch server at port: 7004
5/8/2021 11:15:09 PM : ping
5/8/2021 11:15:09 PM : ping
5/8/2021 11:15:09 PM : ping
5/8/2021 11:15:10 PM : ping
5/8/2021 11:15:10 PM : ping
5/8/2021 11:15:10 PM : ping
5/8/2021 11:15:11 PM : ping
5/8/2021 11:15:11 PM : ping
5/8/2021 11:15:11 PM : ping
5/8/2021 11:15:12 PM : ping
5/8/2021 11:15:12 PM : ping
5/8/2021 11:15:12 PM : ping
5/8/2021 11:15:13 PM : ping
5/8/2021 11:15:13 PM : ping
5/8/2021 11:15:13 PM : ping
5/8/2021 11:15:14 PM : ping
5/8/2021 11:15:14 PM : ping
5/8/2021 11:15:14 PM : ping
5/8/2021 11:15:15 PM : ping
5/8/2021 11:15:15 PM : ping
5/8/2021 11:15:15 PM : ping
5/8/2021 11:15:16 PM : ping
5/8/2021 11:15:16 PM : ping
5/8/2021 11:15:16 PM : ping
5/8/2021 11:15:18 PM : ping
5/8/2021 11:15:18 PM : ping
5/8/2021 11:15:18 PM : ping
5/8/2021 11:15:19 PM : ping
5/8/2021 11:15:19 PM : ping
5/8/2021 11:15:19 PM : ping
5/8/2021 11:15:20 PM : ping
5/8/2021 11:15:20 PM : ping
5/8/2021 11:15:20 PM : ping
5/8/2021 11:15:21 PM : ping
5/8/2021 11:15:21 PM : ping
5/8/2021 11:15:21 PM : ping
5/8/2021 11:15:22 PM : ping
5/8/2021 11:15:22 PM : ping
5/8/2021 11:15:22 PM : ping
5/8/2021 11:15:23 PM : ping
5/8/2021 11:15:23 PM : ping
5/8/2021 11:15:23 PM : ping
5/8/2021 11:15:24 PM : ping
5/8/2021 11:15:24 PM : ping
5/8/2021 11:15:24 PM : ping
5/8/2021 11:15:25 PM : ping
5/8/2021 11:15:25 PM : ping
5/8/2021 11:15:25 PM : ping
5/8/2021 11:15:26 PM : ping
5/8/2021 11:15:26 PM : ping
5/8/2021 11:15:26 PM : ping
5/8/2021 11:15:28 PM : ping
5/8/2021 11:15:28 PM : ping
5/8/2021 11:15:28 PM : ping
5/8/2021 11:15:29 PM : ping
5/8/2021 11:15:29 PM : ping
5/8/2021 11:15:29 PM : ping
5/8/2021 11:15:30 PM : ping
5/8/2021 11:15:30 PM : ping
5/8/2021 11:15:30 PM : ping
5/8/2021 11:15:31 PM : ping
5/8/2021 11:15:31 PM : ping
5/8/2021 11:15:31 PM : ping
5/8/2021 11:15:32 PM : ping
5/8/2021 11:15:32 PM : ping
5/8/2021 11:15:32 PM : ping
5/8/2021 11:15:33 PM : ping
5/8/2021 11:15:33 PM : ping
5/8/2021 11:15:33 PM : ping
5/8/2021 11:15:34 PM : ping
5/8/2021 11:15:34 PM : ping
5/8/2021 11:15:34 PM : ping
5/8/2021 11:15:35 PM : ping
5/8/2021 11:15:35 PM : ping
5/8/2021 11:15:35 PM : ping
5/8/2021 11:15:36 PM : ping
5/8/2021 11:15:36 PM : ping
5/8/2021 11:15:36 PM : ping
5/8/2021 11:15:38 PM : ping
5/8/2021 11:15:38 PM : ping
5/8/2021 11:15:38 PM : ping
5/8/2021 11:15:39 PM : ping
5/8/2021 11:15:39 PM : ping
5/8/2021 11:15:39 PM : ping
5/8/2021 11:15:40 PM : ping
5/8/2021 11:15:40 PM : ping
5/8/2021 11:15:40 PM : ping
5/8/2021 11:15:41 PM : ping
5/8/2021 11:15:41 PM : ping
5/8/2021 11:15:41 PM : ping
5/8/2021 11:15:42 PM : ping
5/8/2021 11:15:42 PM : ping
5/8/2021 11:15:42 PM : ping
5/8/2021 11:15:43 PM : ping
5/8/2021 11:15:43 PM : ping
5/8/2021 11:15:43 PM : ping
5/8/2021 11:15:44 PM : ping
5/8/2021 11:15:44 PM : ping
5/8/2021 11:15:44 PM : ping
5/8/2021 11:15:45 PM : ping
5/8/2021 11:15:45 PM : ping
5/8/2021 11:15:45 PM : ping
5/8/2021 11:15:46 PM : ping
5/8/2021 11:15:46 PM : ping
5/8/2021 11:15:46 PM : ping
5/8/2021 11:15:48 PM : ping
5/8/2021 11:15:48 PM : ping
5/8/2021 11:15:48 PM : ping
5/8/2021 11:15:49 PM : ping
5/8/2021 11:15:49 PM : ping
5/8/2021 11:15:49 PM : ping
5/8/2021 11:15:50 PM : ping
5/8/2021 11:15:50 PM : ping
5/8/2021 11:15:50 PM : ping
5/8/2021 11:15:51 PM : ping
5/8/2021 11:15:51 PM : ping
5/8/2021 11:15:51 PM : ping
5/8/2021 11:15:52 PM : ping
5/8/2021 11:15:52 PM : ping
5/8/2021 11:15:52 PM : ping
5/8/2021 11:15:53 PM : ping
5/8/2021 11:15:53 PM : ping
5/8/2021 11:15:53 PM : ping
5/8/2021 11:15:54 PM : ping
5/8/2021 11:15:54 PM : ping
5/8/2021 11:15:54 PM : ping
5/8/2021 11:15:55 PM : ping
5/8/2021 11:15:55 PM : ping
5/8/2021 11:15:55 PM : ping
5/8/2021 11:15:56 PM : ping
5/8/2021 11:15:56 PM : ping
5/8/2021 11:15:56 PM : ping
5/8/2021 11:15:57 PM : ping
5/8/2021 11:15:57 PM : ping
5/8/2021 11:15:57 PM : ping
5/8/2021 11:15:59 PM : ping
5/8/2021 11:15:59 PM : ping
5/8/2021 11:15:59 PM : ping
5/8/2021 11:16:00 PM : ping
5/8/2021 11:16:00 PM : ping
5/8/2021 11:16:00 PM : ping
5/8/2021 11:16:01 PM : ping
5/8/2021 11:16:01 PM : ping
5/8/2021 11:16:01 PM : ping
5/8/2021 11:16:02 PM : ping
5/8/2021 11:16:02 PM : ping
5/8/2021 11:16:02 PM : ping
5/8/2021 11:16:03 PM : ping
5/8/2021 11:16:03 PM : ping
5/8/2021 11:16:03 PM : ping
5/8/2021 11:16:04 PM : ping
5/8/2021 11:16:04 PM : ping
5/8/2021 11:16:04 PM : ping
5/8/2021 11:16:05 PM : ping
5/8/2021 11:16:05 PM : ping
5/8/2021 11:16:05 PM : ping
5/8/2021 11:16:06 PM : ping
5/8/2021 11:16:06 PM : ping
5/8/2021 11:16:06 PM : ping
5/8/2021 11:16:07 PM : ping
5/8/2021 11:16:07 PM : ping
5/8/2021 11:16:07 PM : ping
5/8/2021 11:16:09 PM : ping
5/8/2021 11:16:09 PM : ping
5/8/2021 11:16:09 PM : ping
5/8/2021 11:16:10 PM : ping
5/8/2021 11:16:10 PM : ping
5/8/2021 11:16:10 PM : ping
5/8/2021 11:16:11 PM : ping
5/8/2021 11:16:11 PM : ping
5/8/2021 11:16:11 PM : ping
5/8/2021 11:16:12 PM : ping
5/8/2021 11:16:12 PM : ping
5/8/2021 11:16:12 PM : ping
5/8/2021 11:16:13 PM : ping
5/8/2021 11:16:13 PM : ping
5/8/2021 11:16:13 PM : ping
5/8/2021 11:16:14 PM : ping
5/8/2021 11:16:14 PM : ping
5/8/2021 11:16:14 PM : ping
5/8/2021 11:16:15 PM : ping
5/8/2021 11:16:15 PM : ping
5/8/2021 11:16:15 PM : ping
5/8/2021 11:16:16 PM : ping
5/8/2021 11:16:16 PM : ping
5/8/2021 11:16:16 PM : ping
5/8/2021 11:16:17 PM : ping
5/8/2021 11:16:17 PM : ping
5/8/2021 11:16:17 PM : ping
5/8/2021 11:16:19 PM : ping
5/8/2021 11:16:19 PM : ping
5/8/2021 11:16:19 PM : ping
5/8/2021 11:16:20 PM : ping
5/8/2021 11:16:20 PM : ping
5/8/2021 11:16:20 PM : ping
5/8/2021 11:16:21 PM : ping
5/8/2021 11:16:21 PM : ping
5/8/2021 11:16:21 PM : ping
5/8/2021 11:16:22 PM : ping
5/8/2021 11:16:22 PM : ping
5/8/2021 11:16:22 PM : ping
5/8/2021 11:16:23 PM : ping
5/8/2021 11:16:23 PM : ping
5/8/2021 11:16:23 PM : ping
5/8/2021 11:16:24 PM : ping
5/8/2021 11:16:24 PM : ping
5/8/2021 11:16:24 PM : ping
5/8/2021 11:16:25 PM : ping
5/8/2021 11:16:25 PM : ping
5/8/2021 11:16:25 PM : ping
5/8/2021 11:16:26 PM : ping
5/8/2021 11:16:26 PM : ping
5/8/2021 11:16:26 PM : ping
5/8/2021 11:16:27 PM : ping
5/8/2021 11:16:27 PM : ping
5/8/2021 11:16:27 PM : ping
5/8/2021 11:16:29 PM : ping
5/8/2021 11:16:29 PM : ping
5/8/2021 11:16:29 PM : ping
5/8/2021 11:16:30 PM : ping
5/8/2021 11:16:30 PM : ping
5/8/2021 11:16:30 PM : ping
5/8/2021 11:16:31 PM : ping
5/8/2021 11:16:31 PM : ping
5/8/2021 11:16:31 PM : ping
5/8/2021 11:16:32 PM : ping
5/8/2021 11:16:32 PM : ping
5/8/2021 11:16:32 PM : ping
5/8/2021 11:16:33 PM : ping
5/8/2021 11:16:33 PM : ping
5/8/2021 11:16:33 PM : ping
5/8/2021 11:16:34 PM : ping
5/8/2021 11:16:34 PM : ping
5/8/2021 11:16:34 PM : ping
5/8/2021 11:16:35 PM : ping
5/8/2021 11:16:35 PM : ping
5/8/2021 11:16:35 PM : ping
5/8/2021 11:16:36 PM : ping
5/8/2021 11:16:36 PM : ping
5/8/2021 11:16:36 PM : ping
5/8/2021 11:16:37 PM : ping
5/8/2021 11:16:37 PM : ping
5/8/2021 11:16:37 PM : ping
5/8/2021 11:16:38 PM : ping
5/8/2021 11:16:38 PM : ping
5/8/2021 11:16:38 PM : ping
5/8/2021 11:16:40 PM : ping
5/8/2021 11:16:40 PM : ping
5/8/2021 11:16:40 PM : ping
5/8/2021 11:16:40 PM : kService.requestChannels.Count :9
5/8/2021 11:16:40 PM : kService.requestChannels.Count :9
5/8/2021 11:16:41 PM : ping
5/8/2021 11:16:41 PM : ping
5/8/2021 11:16:41 PM : ping
5/8/2021 11:16:41 PM : kService.requestChannels.Count :8
5/8/2021 11:16:41 PM : kService.requestChannels.Count :8
5/8/2021 11:16:42 PM : kService.requestChannels.Count :7
5/8/2021 11:16:42 PM : kService.requestChannels.Count :7
5/8/2021 11:16:42 PM : ping
5/8/2021 11:16:42 PM : ping
5/8/2021 11:16:42 PM : ping
5/8/2021 11:16:43 PM : ping
5/8/2021 11:16:43 PM : ping
5/8/2021 11:16:43 PM : ping
5/8/2021 11:16:44 PM : ping
5/8/2021 11:16:44 PM : ping
5/8/2021 11:16:44 PM : ping
5/8/2021 11:16:45 PM : ping
5/8/2021 11:16:45 PM : ping
5/8/2021 11:16:45 PM : ping
5/8/2021 11:16:46 PM : ping
5/8/2021 11:16:46 PM : ping
5/8/2021 11:16:46 PM : ping
5/8/2021 11:16:47 PM : ping
5/8/2021 11:16:47 PM : ping
5/8/2021 11:16:47 PM : ping
5/8/2021 11:16:48 PM : ping
5/8/2021 11:16:48 PM : ping
5/8/2021 11:16:48 PM : ping
5/8/2021 11:16:50 PM : ping
5/8/2021 11:16:50 PM : ping
5/8/2021 11:16:50 PM : ping
5/8/2021 11:16:51 PM : ping
5/8/2021 11:16:51 PM : ping
5/8/2021 11:16:51 PM : ping
5/8/2021 11:16:52 PM : ping
5/8/2021 11:16:52 PM : ping
5/8/2021 11:16:52 PM : ping
5/8/2021 11:16:53 PM : ping
5/8/2021 11:16:53 PM : ping
5/8/2021 11:16:53 PM : ping
5/8/2021 11:16:54 PM : ping
5/8/2021 11:16:54 PM : ping
5/8/2021 11:16:54 PM : ping
5/8/2021 11:16:55 PM : ping
5/8/2021 11:16:55 PM : ping
5/8/2021 11:16:55 PM : ping
5/8/2021 11:16:56 PM : ping
5/8/2021 11:16:56 PM : ping
5/8/2021 11:16:56 PM : ping
5/8/2021 11:16:57 PM : ping
5/8/2021 11:16:57 PM : ping
5/8/2021 11:16:57 PM : ping
5/8/2021 11:16:58 PM : ping
5/8/2021 11:16:58 PM : ping
5/8/2021 11:16:58 PM : ping
5/8/2021 11:17:00 PM : ping
5/8/2021 11:17:00 PM : ping
5/8/2021 11:17:00 PM : ping
5/8/2021 11:17:01 PM : ping
5/8/2021 11:17:01 PM : ping
5/8/2021 11:17:01 PM : ping
5/8/2021 11:17:02 PM : ping
5/8/2021 11:17:02 PM : ping
5/8/2021 11:17:02 PM : ping
5/8/2021 11:17:03 PM : ping
5/8/2021 11:17:03 PM : ping
5/8/2021 11:17:03 PM : ping
5/8/2021 11:17:04 PM : ping
5/8/2021 11:17:04 PM : ping
5/8/2021 11:17:04 PM : ping
5/8/2021 11:17:05 PM : ping
5/8/2021 11:17:05 PM : ping
5/8/2021 11:17:05 PM : ping
5/8/2021 11:17:06 PM : ping
5/8/2021 11:17:06 PM : ping
5/8/2021 11:17:06 PM : ping
5/8/2021 11:17:07 PM : ping
5/8/2021 11:17:07 PM : ping
5/8/2021 11:17:07 PM : ping
5/8/2021 11:17:08 PM : ping
5/8/2021 11:17:08 PM : ping
5/8/2021 11:17:08 PM : ping
5/8/2021 11:17:10 PM : ping
5/8/2021 11:17:10 PM : ping
5/8/2021 11:17:10 PM : ping
5/8/2021 11:17:11 PM : ping
5/8/2021 11:17:11 PM : ping
5/8/2021 11:17:11 PM : ping
5/8/2021 11:17:12 PM : ping
5/8/2021 11:17:12 PM : ping
5/8/2021 11:17:12 PM : ping
5/8/2021 11:17:13 PM : ping
5/8/2021 11:17:13 PM : ping
5/8/2021 11:17:13 PM : ping
5/8/2021 11:17:14 PM : ping
5/8/2021 11:17:14 PM : ping
5/8/2021 11:17:14 PM : ping
5/8/2021 11:17:15 PM : ping
5/8/2021 11:17:15 PM : ping
5/8/2021 11:17:15 PM : ping
5/8/2021 11:17:16 PM : ping
5/8/2021 11:17:16 PM : ping
5/8/2021 11:17:16 PM : ping
5/8/2021 11:17:17 PM : ping
5/8/2021 11:17:17 PM : ping
5/8/2021 11:17:17 PM : ping
5/8/2021 11:17:18 PM : ping
5/8/2021 11:17:18 PM : ping
5/8/2021 11:17:18 PM : ping
5/8/2021 11:17:20 PM : ping
5/8/2021 11:17:20 PM : ping
5/8/2021 11:17:20 PM : ping
5/8/2021 11:17:21 PM : ping
5/8/2021 11:17:21 PM : ping
5/8/2021 11:17:21 PM : ping
5/8/2021 11:17:22 PM : ping
5/8/2021 11:17:22 PM : ping
5/8/2021 11:17:22 PM : ping
5/8/2021 11:17:23 PM : ping
5/8/2021 11:17:23 PM : ping
5/8/2021 11:17:23 PM : ping
5/8/2021 11:17:24 PM : ping
5/8/2021 11:17:24 PM : ping
5/8/2021 11:17:24 PM : ping
5/8/2021 11:17:25 PM : ping
5/8/2021 11:17:25 PM : ping
5/8/2021 11:17:25 PM : ping
5/8/2021 11:17:26 PM : ping
5/8/2021 11:17:26 PM : ping
5/8/2021 11:17:26 PM : ping
5/8/2021 11:17:27 PM : ping
5/8/2021 11:17:27 PM : ping
5/8/2021 11:17:27 PM : ping
5/8/2021 11:17:28 PM : ping
5/8/2021 11:17:28 PM : ping
5/8/2021 11:17:28 PM : ping
5/8/2021 11:17:29 PM : ping
5/8/2021 11:17:29 PM : ping
5/8/2021 11:17:29 PM : ping
5/8/2021 11:17:31 PM : ping
5/8/2021 11:17:31 PM : ping
5/8/2021 11:17:31 PM : ping
5/8/2021 11:17:32 PM : ping
5/8/2021 11:17:32 PM : ping
5/8/2021 11:17:32 PM : ping
5/8/2021 11:17:33 PM : ping
5/8/2021 11:17:33 PM : ping
5/8/2021 11:17:33 PM : ping
5/8/2021 11:17:34 PM : ping
5/8/2021 11:17:34 PM : ping
5/8/2021 11:17:34 PM : ping
5/8/2021 11:17:35 PM : ping
5/8/2021 11:17:35 PM : ping
5/8/2021 11:17:35 PM : ping
5/8/2021 11:17:36 PM : ping
5/8/2021 11:17:36 PM : ping
5/8/2021 11:17:36 PM : ping
5/8/2021 11:17:37 PM : ping
5/8/2021 11:17:37 PM : ping
5/8/2021 11:17:37 PM : ping
5/8/2021 11:17:38 PM : kService.requestChannels.Count :6
5/8/2021 11:17:38 PM : kService.requestChannels.Count :6
5/8/2021 11:17:38 PM : ping
5/8/2021 11:17:38 PM : ping
5/8/2021 11:17:38 PM : ping
5/8/2021 11:17:39 PM : kService.requestChannels.Count :5
5/8/2021 11:17:39 PM : kService.requestChannels.Count :5
5/8/2021 11:17:39 PM : ping
5/8/2021 11:17:39 PM : ping
5/8/2021 11:17:39 PM : ping
5/8/2021 11:17:40 PM : kService.requestChannels.Count :4
5/8/2021 11:17:40 PM : kService.requestChannels.Count :4
5/8/2021 11:17:41 PM : ping
5/8/2021 11:17:41 PM : ping
5/8/2021 11:17:41 PM : ping
5/8/2021 11:17:42 PM : ping
5/8/2021 11:17:42 PM : ping
5/8/2021 11:17:42 PM : ping
5/8/2021 11:17:42 PM : kService.requestChannels.Count :3
5/8/2021 11:17:42 PM : kService.requestChannels.Count :3
5/8/2021 11:17:43 PM : ping
5/8/2021 11:17:43 PM : ping
5/8/2021 11:17:43 PM : ping
5/8/2021 11:17:43 PM : kService.requestChannels.Count :2
5/8/2021 11:17:43 PM : kService.requestChannels.Count :2
5/8/2021 11:17:44 PM : ping
5/8/2021 11:17:44 PM : ping
5/8/2021 11:17:44 PM : ping
5/8/2021 11:17:45 PM : ping
5/8/2021 11:17:45 PM : ping
5/8/2021 11:17:45 PM : ping
5/8/2021 11:17:46 PM : ping
5/8/2021 11:17:46 PM : ping
5/8/2021 11:17:46 PM : ping
5/8/2021 11:17:47 PM : ping
5/8/2021 11:17:47 PM : ping
5/8/2021 11:17:47 PM : ping
5/8/2021 11:17:48 PM : ping
5/8/2021 11:17:48 PM : ping
5/8/2021 11:17:48 PM : ping
5/8/2021 11:17:49 PM : ping
5/8/2021 11:17:49 PM : ping
5/8/2021 11:17:49 PM : ping
5/8/2021 11:17:51 PM : ping
5/8/2021 11:17:51 PM : ping
5/8/2021 11:17:51 PM : ping
5/8/2021 11:17:52 PM : ping
5/8/2021 11:17:52 PM : ping
5/8/2021 11:17:52 PM : ping
5/8/2021 11:17:53 PM : ping
5/8/2021 11:17:53 PM : ping
5/8/2021 11:17:53 PM : ping
5/8/2021 11:17:54 PM : ping
5/8/2021 11:17:54 PM : ping
5/8/2021 11:17:54 PM : ping
5/8/2021 11:17:55 PM : ping
5/8/2021 11:17:55 PM : ping
5/8/2021 11:17:55 PM : ping
5/8/2021 11:17:56 PM : ping
5/8/2021 11:17:56 PM : ping
5/8/2021 11:17:56 PM : ping
5/8/2021 11:17:56 PM : kService.requestChannels.Count :1
5/8/2021 11:17:56 PM : kService.requestChannels.Count :1
5/8/2021 11:17:57 PM : kService.requestChannels.Count :0
5/8/2021 11:17:57 PM : kService.requestChannels.Count :0
5/8/2021 11:17:57 PM : ping
5/8/2021 11:17:57 PM : ping
5/8/2021 11:17:57 PM : ping
5/8/2021 11:17:58 PM : ping
5/8/2021 11:17:58 PM : ping
5/8/2021 11:17:58 PM : ping
5/8/2021 11:17:59 PM : ping
5/8/2021 11:17:59 PM : ping
5/8/2021 11:17:59 PM : ping
5/8/2021 11:18:01 PM : ping
5/8/2021 11:18:01 PM : ping
5/8/2021 11:18:01 PM : ping
5/8/2021 11:18:02 PM : ping
5/8/2021 11:18:02 PM : ping
5/8/2021 11:18:02 PM : ping
5/8/2021 11:18:03 PM : ping
5/8/2021 11:18:03 PM : ping
5/8/2021 11:18:03 PM : ping
5/8/2021 11:18:04 PM : ping
5/8/2021 11:18:04 PM : ping
5/8/2021 11:18:04 PM : ping
5/8/2021 11:18:05 PM : ping
5/8/2021 11:18:05 PM : ping
5/8/2021 11:18:05 PM : ping
5/8/2021 11:18:06 PM : ping
5/8/2021 11:18:06 PM : ping
5/8/2021 11:18:06 PM : ping
