log begin
..............
5/16/2021 10:41:01 PM : ping
5/16/2021 10:41:01 PM : ping
5/16/2021 10:41:01 PM : ping
5/16/2021 10:41:02 PM : ping
5/16/2021 10:41:02 PM : ping
5/16/2021 10:41:02 PM : ping
5/16/2021 10:41:03 PM : ping
5/16/2021 10:41:03 PM : ping
5/16/2021 10:41:03 PM : ping
5/16/2021 10:41:04 PM : ping
5/16/2021 10:41:04 PM : ping
5/16/2021 10:41:04 PM : ping
5/16/2021 10:41:05 PM : ping
5/16/2021 10:41:05 PM : ping
5/16/2021 10:41:05 PM : ping
5/16/2021 10:41:06 PM : ping
5/16/2021 10:41:06 PM : ping
5/16/2021 10:41:06 PM : ping
5/16/2021 10:41:08 PM : ping
5/16/2021 10:41:08 PM : ping
5/16/2021 10:41:08 PM : ping
5/16/2021 10:41:09 PM : ping
5/16/2021 10:41:09 PM : ping
5/16/2021 10:41:09 PM : ping
5/16/2021 10:41:10 PM : ping
5/16/2021 10:41:10 PM : ping
5/16/2021 10:41:10 PM : ping
5/16/2021 10:41:11 PM : ping
5/16/2021 10:41:11 PM : ping
5/16/2021 10:41:11 PM : ping
5/16/2021 10:41:12 PM : ping
5/16/2021 10:41:12 PM : ping
5/16/2021 10:41:12 PM : ping
5/16/2021 10:41:13 PM : ping
5/16/2021 10:41:13 PM : ping
5/16/2021 10:41:13 PM : ping
5/16/2021 10:41:14 PM : ping
5/16/2021 10:41:14 PM : ping
5/16/2021 10:41:14 PM : ping
5/16/2021 10:41:15 PM : ping
5/16/2021 10:41:15 PM : ping
5/16/2021 10:41:15 PM : ping
5/16/2021 10:41:16 PM : ping
5/16/2021 10:41:16 PM : ping
5/16/2021 10:41:16 PM : ping
5/16/2021 10:41:18 PM : ping
5/16/2021 10:41:18 PM : ping
5/16/2021 10:41:18 PM : ping
5/16/2021 10:41:19 PM : ping
5/16/2021 10:41:19 PM : ping
5/16/2021 10:41:19 PM : ping
5/16/2021 10:41:20 PM : ping
5/16/2021 10:41:20 PM : ping
5/16/2021 10:41:20 PM : ping
5/16/2021 10:41:21 PM : ping
5/16/2021 10:41:21 PM : ping
5/16/2021 10:41:21 PM : ping
5/16/2021 10:41:22 PM : ping
5/16/2021 10:41:22 PM : ping
5/16/2021 10:41:22 PM : ping
5/16/2021 10:41:23 PM : ping
5/16/2021 10:41:23 PM : ping
5/16/2021 10:41:23 PM : ping
5/16/2021 10:41:24 PM : ping
5/16/2021 10:41:24 PM : ping
5/16/2021 10:41:24 PM : ping
5/16/2021 10:41:25 PM : ping
5/16/2021 10:41:25 PM : ping
5/16/2021 10:41:25 PM : ping
5/16/2021 10:41:26 PM : ping
5/16/2021 10:41:26 PM : ping
5/16/2021 10:41:26 PM : ping
5/16/2021 10:41:28 PM : ping
5/16/2021 10:41:28 PM : ping
5/16/2021 10:41:28 PM : ping
5/16/2021 10:41:29 PM : ping
5/16/2021 10:41:29 PM : ping
5/16/2021 10:41:29 PM : ping
5/16/2021 10:41:30 PM : ping
5/16/2021 10:41:30 PM : ping
5/16/2021 10:41:30 PM : ping
5/16/2021 10:41:31 PM : ping
5/16/2021 10:41:31 PM : ping
5/16/2021 10:41:31 PM : ping
5/16/2021 10:41:32 PM : ping
5/16/2021 10:41:32 PM : ping
5/16/2021 10:41:32 PM : ping
5/16/2021 10:41:33 PM : ping
5/16/2021 10:41:33 PM : ping
5/16/2021 10:41:33 PM : ping
5/16/2021 10:41:34 PM : ping
5/16/2021 10:41:34 PM : ping
5/16/2021 10:41:34 PM : ping
5/16/2021 10:41:35 PM : ping
5/16/2021 10:41:35 PM : ping
5/16/2021 10:41:35 PM : ping
5/16/2021 10:41:36 PM : ping
5/16/2021 10:41:36 PM : ping
5/16/2021 10:41:36 PM : ping
5/16/2021 10:41:38 PM : ping
5/16/2021 10:41:38 PM : ping
5/16/2021 10:41:38 PM : ping
5/16/2021 10:41:39 PM : ping
5/16/2021 10:41:39 PM : ping
5/16/2021 10:41:39 PM : ping
5/16/2021 10:41:40 PM : ping
5/16/2021 10:41:40 PM : ping
5/16/2021 10:41:40 PM : ping
5/16/2021 10:41:41 PM : ping
5/16/2021 10:41:41 PM : ping
5/16/2021 10:41:41 PM : ping
5/16/2021 10:41:42 PM : ping
5/16/2021 10:41:42 PM : ping
5/16/2021 10:41:42 PM : ping
5/16/2021 10:41:43 PM : ping
5/16/2021 10:41:43 PM : ping
5/16/2021 10:41:43 PM : ping
5/16/2021 10:41:44 PM : ping
5/16/2021 10:41:44 PM : ping
5/16/2021 10:41:44 PM : ping
5/16/2021 10:41:45 PM : ping
5/16/2021 10:41:45 PM : ping
5/16/2021 10:41:45 PM : ping
5/16/2021 10:41:46 PM : ping
5/16/2021 10:41:46 PM : ping
5/16/2021 10:41:46 PM : ping
5/16/2021 10:41:48 PM : ping
5/16/2021 10:41:48 PM : ping
5/16/2021 10:41:48 PM : ping
5/16/2021 10:41:49 PM : ping
5/16/2021 10:41:49 PM : ping
5/16/2021 10:41:49 PM : ping
5/16/2021 10:41:50 PM : ping
5/16/2021 10:41:50 PM : ping
5/16/2021 10:41:50 PM : ping
5/16/2021 10:41:51 PM : ping
5/16/2021 10:41:51 PM : ping
5/16/2021 10:41:51 PM : ping
5/16/2021 10:41:52 PM : ping
5/16/2021 10:41:52 PM : ping
5/16/2021 10:41:52 PM : ping
5/16/2021 10:41:53 PM : ping
5/16/2021 10:41:53 PM : ping
5/16/2021 10:41:53 PM : ping
5/16/2021 10:41:54 PM : ping
5/16/2021 10:41:54 PM : ping
5/16/2021 10:41:54 PM : ping
5/16/2021 10:41:55 PM : ping
5/16/2021 10:41:55 PM : ping
5/16/2021 10:41:55 PM : ping
5/16/2021 10:41:56 PM : ping
5/16/2021 10:41:56 PM : ping
5/16/2021 10:41:56 PM : ping
5/16/2021 10:41:58 PM : ping
5/16/2021 10:41:58 PM : ping
5/16/2021 10:41:58 PM : ping
5/16/2021 10:41:59 PM : ping
5/16/2021 10:41:59 PM : ping
5/16/2021 10:41:59 PM : ping
5/16/2021 10:42:00 PM : ping
5/16/2021 10:42:00 PM : ping
5/16/2021 10:42:00 PM : ping
5/16/2021 10:42:01 PM : ping
5/16/2021 10:42:01 PM : ping
5/16/2021 10:42:01 PM : ping
5/16/2021 10:42:01 PM : launch server at port: 7003
5/16/2021 10:42:02 PM : launch server at port: 7004
5/16/2021 10:42:02 PM : ping
5/16/2021 10:42:02 PM : ping
5/16/2021 10:42:02 PM : ping
5/16/2021 10:42:03 PM : launch server at port: 7005
5/16/2021 10:42:03 PM : ping
5/16/2021 10:42:03 PM : ping
5/16/2021 10:42:03 PM : ping
5/16/2021 10:42:03 PM : launch server at port: 7006
5/16/2021 10:42:04 PM : ping
5/16/2021 10:42:04 PM : ping
5/16/2021 10:42:04 PM : ping
5/16/2021 10:42:05 PM : ping
5/16/2021 10:42:05 PM : ping
5/16/2021 10:42:05 PM : ping
5/16/2021 10:42:06 PM : ping
5/16/2021 10:42:06 PM : ping
5/16/2021 10:42:06 PM : ping
5/16/2021 10:42:08 PM : ping
5/16/2021 10:42:08 PM : ping
5/16/2021 10:42:08 PM : ping
5/16/2021 10:42:09 PM : ping
5/16/2021 10:42:09 PM : ping
5/16/2021 10:42:09 PM : ping
5/16/2021 10:42:10 PM : ping
5/16/2021 10:42:10 PM : ping
5/16/2021 10:42:10 PM : ping
5/16/2021 10:42:11 PM : ping
5/16/2021 10:42:11 PM : ping
5/16/2021 10:42:11 PM : ping
5/16/2021 10:42:12 PM : ping
5/16/2021 10:42:12 PM : ping
5/16/2021 10:42:12 PM : ping
5/16/2021 10:42:13 PM : ping
5/16/2021 10:42:13 PM : ping
5/16/2021 10:42:13 PM : ping
5/16/2021 10:42:14 PM : ping
5/16/2021 10:42:14 PM : ping
5/16/2021 10:42:14 PM : ping
5/16/2021 10:42:15 PM : ping
5/16/2021 10:42:15 PM : ping
5/16/2021 10:42:15 PM : ping
5/16/2021 10:42:16 PM : ping
5/16/2021 10:42:16 PM : ping
5/16/2021 10:42:16 PM : ping
5/16/2021 10:42:18 PM : ping
5/16/2021 10:42:18 PM : ping
5/16/2021 10:42:18 PM : ping
5/16/2021 10:42:19 PM : ping
5/16/2021 10:42:19 PM : ping
5/16/2021 10:42:19 PM : ping
5/16/2021 10:42:20 PM : ping
5/16/2021 10:42:20 PM : ping
5/16/2021 10:42:20 PM : ping
5/16/2021 10:42:21 PM : ping
5/16/2021 10:42:21 PM : ping
5/16/2021 10:42:21 PM : ping
5/16/2021 10:42:22 PM : ping
5/16/2021 10:42:22 PM : ping
5/16/2021 10:42:22 PM : ping
5/16/2021 10:42:23 PM : ping
5/16/2021 10:42:23 PM : ping
5/16/2021 10:42:23 PM : ping
5/16/2021 10:42:24 PM : ping
5/16/2021 10:42:24 PM : ping
5/16/2021 10:42:24 PM : ping
5/16/2021 10:42:25 PM : ping
5/16/2021 10:42:25 PM : ping
5/16/2021 10:42:25 PM : ping
5/16/2021 10:42:27 PM : ping
5/16/2021 10:42:27 PM : ping
5/16/2021 10:42:27 PM : ping
5/16/2021 10:42:28 PM : ping
5/16/2021 10:42:28 PM : ping
5/16/2021 10:42:28 PM : ping
5/16/2021 10:42:28 PM : kService.requestChannels.Count :20
5/16/2021 10:42:28 PM : kService.requestChannels.Count :20
5/16/2021 10:42:28 PM : kService.requestChannels.Count :19
5/16/2021 10:42:28 PM : kService.requestChannels.Count :19
5/16/2021 10:42:29 PM : ping
5/16/2021 10:42:29 PM : ping
5/16/2021 10:42:29 PM : ping
5/16/2021 10:42:29 PM : kService.requestChannels.Count :18
5/16/2021 10:42:29 PM : kService.requestChannels.Count :18
5/16/2021 10:42:30 PM : ping
5/16/2021 10:42:30 PM : ping
5/16/2021 10:42:30 PM : ping
5/16/2021 10:42:31 PM : ping
5/16/2021 10:42:31 PM : ping
5/16/2021 10:42:31 PM : ping
5/16/2021 10:42:32 PM : ping
5/16/2021 10:42:32 PM : ping
5/16/2021 10:42:32 PM : ping
5/16/2021 10:42:33 PM : ping
5/16/2021 10:42:33 PM : ping
5/16/2021 10:42:33 PM : ping
5/16/2021 10:42:34 PM : ping
5/16/2021 10:42:34 PM : ping
5/16/2021 10:42:34 PM : ping
5/16/2021 10:42:35 PM : ping
5/16/2021 10:42:35 PM : ping
5/16/2021 10:42:35 PM : ping
5/16/2021 10:42:36 PM : ping
5/16/2021 10:42:36 PM : ping
5/16/2021 10:42:36 PM : ping
5/16/2021 10:42:37 PM : kService.requestChannels.Count :17
5/16/2021 10:42:37 PM : kService.requestChannels.Count :17
5/16/2021 10:42:38 PM : ping
5/16/2021 10:42:38 PM : ping
5/16/2021 10:42:38 PM : ping
5/16/2021 10:42:38 PM : kService.requestChannels.Count :16
5/16/2021 10:42:38 PM : kService.requestChannels.Count :16
5/16/2021 10:42:38 PM : kService.requestChannels.Count :15
5/16/2021 10:42:38 PM : kService.requestChannels.Count :15
5/16/2021 10:42:39 PM : ping
5/16/2021 10:42:39 PM : ping
5/16/2021 10:42:39 PM : ping
5/16/2021 10:42:40 PM : ping
5/16/2021 10:42:40 PM : ping
5/16/2021 10:42:40 PM : ping
5/16/2021 10:42:41 PM : ping
5/16/2021 10:42:41 PM : ping
5/16/2021 10:42:41 PM : ping
5/16/2021 10:42:42 PM : ping
5/16/2021 10:42:42 PM : ping
5/16/2021 10:42:42 PM : ping
5/16/2021 10:42:43 PM : ping
5/16/2021 10:42:43 PM : ping
5/16/2021 10:42:43 PM : ping
5/16/2021 10:42:44 PM : kService.requestChannels.Count :14
5/16/2021 10:42:44 PM : kService.requestChannels.Count :14
5/16/2021 10:42:44 PM : kService.requestChannels.Count :13
5/16/2021 10:42:44 PM : kService.requestChannels.Count :13
5/16/2021 10:42:44 PM : ping
5/16/2021 10:42:44 PM : ping
5/16/2021 10:42:44 PM : ping
5/16/2021 10:42:45 PM : ping
5/16/2021 10:42:45 PM : ping
5/16/2021 10:42:45 PM : ping
5/16/2021 10:42:47 PM : ping
5/16/2021 10:42:47 PM : ping
5/16/2021 10:42:47 PM : ping
5/16/2021 10:42:48 PM : ping
5/16/2021 10:42:48 PM : ping
5/16/2021 10:42:48 PM : ping
5/16/2021 10:42:49 PM : ping
5/16/2021 10:42:49 PM : ping
5/16/2021 10:42:49 PM : ping
5/16/2021 10:42:50 PM : ping
5/16/2021 10:42:50 PM : ping
5/16/2021 10:42:50 PM : ping
5/16/2021 10:42:51 PM : ping
5/16/2021 10:42:51 PM : ping
5/16/2021 10:42:51 PM : ping
5/16/2021 10:42:52 PM : ping
5/16/2021 10:42:52 PM : ping
5/16/2021 10:42:52 PM : ping
5/16/2021 10:42:53 PM : ping
5/16/2021 10:42:53 PM : ping
5/16/2021 10:42:53 PM : ping
5/16/2021 10:42:54 PM : ping
5/16/2021 10:42:54 PM : ping
5/16/2021 10:42:54 PM : ping
5/16/2021 10:42:55 PM : ping
5/16/2021 10:42:55 PM : ping
5/16/2021 10:42:55 PM : ping
5/16/2021 10:42:56 PM : kService.requestChannels.Count :12
5/16/2021 10:42:56 PM : kService.requestChannels.Count :12
5/16/2021 10:42:56 PM : ping
5/16/2021 10:42:56 PM : ping
5/16/2021 10:42:56 PM : ping
5/16/2021 10:42:57 PM : kService.requestChannels.Count :11
5/16/2021 10:42:57 PM : kService.requestChannels.Count :11
5/16/2021 10:42:58 PM : ping
5/16/2021 10:42:58 PM : ping
5/16/2021 10:42:58 PM : ping
5/16/2021 10:42:58 PM : kService.requestChannels.Count :10
5/16/2021 10:42:58 PM : kService.requestChannels.Count :10
5/16/2021 10:42:59 PM : ping
5/16/2021 10:42:59 PM : ping
5/16/2021 10:42:59 PM : ping
5/16/2021 10:42:59 PM : kService.requestChannels.Count :9
5/16/2021 10:42:59 PM : kService.requestChannels.Count :9
5/16/2021 10:42:59 PM : kService.requestChannels.Count :8
5/16/2021 10:42:59 PM : kService.requestChannels.Count :8
5/16/2021 10:43:00 PM : ping
5/16/2021 10:43:00 PM : ping
5/16/2021 10:43:00 PM : ping
5/16/2021 10:43:00 PM : kService.requestChannels.Count :7
5/16/2021 10:43:00 PM : kService.requestChannels.Count :7
5/16/2021 10:43:01 PM : ping
5/16/2021 10:43:01 PM : ping
5/16/2021 10:43:01 PM : ping
5/16/2021 10:43:02 PM : ping
5/16/2021 10:43:02 PM : ping
5/16/2021 10:43:02 PM : ping
5/16/2021 10:43:03 PM : ping
5/16/2021 10:43:03 PM : ping
5/16/2021 10:43:03 PM : ping
5/16/2021 10:43:04 PM : ping
5/16/2021 10:43:04 PM : ping
5/16/2021 10:43:04 PM : ping
5/16/2021 10:43:05 PM : kService.requestChannels.Count :6
5/16/2021 10:43:05 PM : kService.requestChannels.Count :6
5/16/2021 10:43:05 PM : kService.requestChannels.Count :5
5/16/2021 10:43:05 PM : kService.requestChannels.Count :5
5/16/2021 10:43:05 PM : ping
5/16/2021 10:43:05 PM : ping
5/16/2021 10:43:05 PM : ping
5/16/2021 10:43:06 PM : kService.requestChannels.Count :4
5/16/2021 10:43:06 PM : kService.requestChannels.Count :4
5/16/2021 10:43:06 PM : ping
5/16/2021 10:43:06 PM : ping
5/16/2021 10:43:06 PM : ping
5/16/2021 10:43:07 PM : kService.requestChannels.Count :3
5/16/2021 10:43:07 PM : kService.requestChannels.Count :3
5/16/2021 10:43:07 PM : kService.requestChannels.Count :2
5/16/2021 10:43:07 PM : kService.requestChannels.Count :2
5/16/2021 10:43:07 PM : kService.requestChannels.Count :1
5/16/2021 10:43:07 PM : kService.requestChannels.Count :1
5/16/2021 10:43:08 PM : ping
5/16/2021 10:43:08 PM : ping
5/16/2021 10:43:08 PM : ping
5/16/2021 10:43:08 PM : kService.requestChannels.Count :0
5/16/2021 10:43:08 PM : kService.requestChannels.Count :0
5/16/2021 10:43:09 PM : ping
5/16/2021 10:43:09 PM : ping
5/16/2021 10:43:09 PM : ping
5/16/2021 10:43:10 PM : ping
5/16/2021 10:43:10 PM : ping
5/16/2021 10:43:10 PM : ping
5/16/2021 10:43:11 PM : ping
5/16/2021 10:43:11 PM : ping
5/16/2021 10:43:11 PM : ping
5/16/2021 10:43:12 PM : ping
5/16/2021 10:43:12 PM : ping
5/16/2021 10:43:12 PM : ping
5/16/2021 10:43:13 PM : ping
5/16/2021 10:43:13 PM : ping
5/16/2021 10:43:13 PM : ping
5/16/2021 10:43:14 PM : ping
5/16/2021 10:43:14 PM : ping
5/16/2021 10:43:14 PM : ping
5/16/2021 10:43:15 PM : ping
5/16/2021 10:43:15 PM : ping
5/16/2021 10:43:15 PM : ping
5/16/2021 10:43:16 PM : ping
5/16/2021 10:43:16 PM : ping
5/16/2021 10:43:16 PM : ping
5/16/2021 10:43:18 PM : ping
5/16/2021 10:43:18 PM : ping
5/16/2021 10:43:18 PM : ping
5/16/2021 10:43:19 PM : ping
5/16/2021 10:43:19 PM : ping
5/16/2021 10:43:19 PM : ping
5/16/2021 10:43:20 PM : ping
5/16/2021 10:43:20 PM : ping
5/16/2021 10:43:20 PM : ping
5/16/2021 10:43:21 PM : ping
5/16/2021 10:43:21 PM : ping
5/16/2021 10:43:21 PM : ping
5/16/2021 10:43:22 PM : ping
5/16/2021 10:43:22 PM : ping
5/16/2021 10:43:22 PM : ping
5/16/2021 10:43:23 PM : ping
5/16/2021 10:43:23 PM : ping
5/16/2021 10:43:23 PM : ping
5/16/2021 10:43:24 PM : ping
5/16/2021 10:43:24 PM : ping
5/16/2021 10:43:24 PM : ping
5/16/2021 10:43:25 PM : ping
5/16/2021 10:43:25 PM : ping
5/16/2021 10:43:25 PM : ping
5/16/2021 10:43:26 PM : ping
5/16/2021 10:43:26 PM : ping
5/16/2021 10:43:26 PM : ping
5/16/2021 10:43:28 PM : ping
5/16/2021 10:43:28 PM : ping
5/16/2021 10:43:28 PM : ping
5/16/2021 10:43:29 PM : ping
5/16/2021 10:43:29 PM : ping
5/16/2021 10:43:29 PM : ping
5/16/2021 10:43:30 PM : ping
5/16/2021 10:43:30 PM : ping
5/16/2021 10:43:30 PM : ping
5/16/2021 10:43:31 PM : ping
5/16/2021 10:43:31 PM : ping
5/16/2021 10:43:31 PM : ping
5/16/2021 10:43:32 PM : ping
5/16/2021 10:43:32 PM : ping
5/16/2021 10:43:32 PM : ping
5/16/2021 10:43:33 PM : ping
5/16/2021 10:43:33 PM : ping
5/16/2021 10:43:33 PM : ping
5/16/2021 10:43:34 PM : ping
5/16/2021 10:43:34 PM : ping
5/16/2021 10:43:34 PM : ping
5/16/2021 10:43:35 PM : ping
5/16/2021 10:43:35 PM : ping
5/16/2021 10:43:35 PM : ping
5/16/2021 10:43:36 PM : ping
5/16/2021 10:43:36 PM : ping
5/16/2021 10:43:36 PM : ping
5/16/2021 10:43:37 PM : ping
5/16/2021 10:43:37 PM : ping
5/16/2021 10:43:37 PM : ping
5/16/2021 10:43:39 PM : ping
5/16/2021 10:43:39 PM : ping
5/16/2021 10:43:39 PM : ping
5/16/2021 10:43:40 PM : ping
5/16/2021 10:43:40 PM : ping
5/16/2021 10:43:40 PM : ping
5/16/2021 10:43:41 PM : ping
5/16/2021 10:43:41 PM : ping
5/16/2021 10:43:41 PM : ping
5/16/2021 10:43:42 PM : ping
5/16/2021 10:43:42 PM : ping
5/16/2021 10:43:42 PM : ping
5/16/2021 10:43:43 PM : ping
5/16/2021 10:43:43 PM : ping
5/16/2021 10:43:43 PM : ping
5/16/2021 10:43:44 PM : ping
5/16/2021 10:43:44 PM : ping
5/16/2021 10:43:44 PM : ping
5/16/2021 10:43:45 PM : ping
5/16/2021 10:43:45 PM : ping
5/16/2021 10:43:45 PM : ping
5/16/2021 10:43:46 PM : ping
5/16/2021 10:43:46 PM : ping
5/16/2021 10:43:46 PM : ping
5/16/2021 10:43:47 PM : ping
5/16/2021 10:43:47 PM : ping
5/16/2021 10:43:47 PM : ping
5/16/2021 10:43:49 PM : ping
5/16/2021 10:43:49 PM : ping
5/16/2021 10:43:49 PM : ping
5/16/2021 10:43:50 PM : ping
5/16/2021 10:43:50 PM : ping
5/16/2021 10:43:50 PM : ping
5/16/2021 10:43:51 PM : ping
5/16/2021 10:43:51 PM : ping
5/16/2021 10:43:51 PM : ping
5/16/2021 10:43:52 PM : ping
5/16/2021 10:43:52 PM : ping
5/16/2021 10:43:52 PM : ping
5/16/2021 10:43:53 PM : ping
5/16/2021 10:43:53 PM : ping
5/16/2021 10:43:53 PM : ping
5/16/2021 10:43:54 PM : ping
5/16/2021 10:43:54 PM : ping
5/16/2021 10:43:54 PM : ping
5/16/2021 10:43:55 PM : ping
5/16/2021 10:43:55 PM : ping
5/16/2021 10:43:55 PM : ping
5/16/2021 10:43:56 PM : ping
5/16/2021 10:43:56 PM : ping
5/16/2021 10:43:56 PM : ping
5/16/2021 10:43:57 PM : ping
5/16/2021 10:43:57 PM : ping
5/16/2021 10:43:57 PM : ping
5/16/2021 10:43:59 PM : ping
5/16/2021 10:43:59 PM : ping
5/16/2021 10:43:59 PM : ping
5/16/2021 10:44:00 PM : ping
5/16/2021 10:44:00 PM : ping
5/16/2021 10:44:00 PM : ping
5/16/2021 10:44:01 PM : ping
5/16/2021 10:44:01 PM : ping
5/16/2021 10:44:01 PM : ping
5/16/2021 10:44:02 PM : ping
5/16/2021 10:44:02 PM : ping
5/16/2021 10:44:02 PM : ping
5/16/2021 10:44:03 PM : ping
5/16/2021 10:44:03 PM : ping
5/16/2021 10:44:03 PM : ping
5/16/2021 10:44:04 PM : ping
5/16/2021 10:44:04 PM : ping
5/16/2021 10:44:04 PM : ping
5/16/2021 10:44:05 PM : ping
5/16/2021 10:44:05 PM : ping
5/16/2021 10:44:05 PM : ping
5/16/2021 10:44:06 PM : ping
5/16/2021 10:44:06 PM : ping
5/16/2021 10:44:06 PM : ping
5/16/2021 10:44:07 PM : ping
5/16/2021 10:44:07 PM : ping
5/16/2021 10:44:07 PM : ping
5/16/2021 10:44:09 PM : ping
5/16/2021 10:44:09 PM : ping
5/16/2021 10:44:09 PM : ping
5/16/2021 10:44:10 PM : ping
5/16/2021 10:44:10 PM : ping
5/16/2021 10:44:10 PM : ping
5/16/2021 10:44:11 PM : ping
5/16/2021 10:44:11 PM : ping
5/16/2021 10:44:11 PM : ping
5/16/2021 10:44:12 PM : ping
5/16/2021 10:44:12 PM : ping
5/16/2021 10:44:12 PM : ping
5/16/2021 10:44:13 PM : ping
5/16/2021 10:44:13 PM : ping
5/16/2021 10:44:13 PM : ping
5/16/2021 10:44:14 PM : ping
5/16/2021 10:44:14 PM : ping
5/16/2021 10:44:14 PM : ping
5/16/2021 10:44:15 PM : ping
5/16/2021 10:44:15 PM : ping
5/16/2021 10:44:15 PM : ping
5/16/2021 10:44:16 PM : ping
5/16/2021 10:44:16 PM : ping
5/16/2021 10:44:16 PM : ping
5/16/2021 10:44:17 PM : ping
5/16/2021 10:44:17 PM : ping
5/16/2021 10:44:17 PM : ping
5/16/2021 10:44:19 PM : ping
5/16/2021 10:44:19 PM : ping
5/16/2021 10:44:19 PM : ping
5/16/2021 10:44:20 PM : ping
5/16/2021 10:44:20 PM : ping
5/16/2021 10:44:20 PM : ping
5/16/2021 10:44:21 PM : ping
5/16/2021 10:44:21 PM : ping
5/16/2021 10:44:21 PM : ping
5/16/2021 10:44:22 PM : ping
5/16/2021 10:44:22 PM : ping
5/16/2021 10:44:22 PM : ping
5/16/2021 10:44:23 PM : ping
5/16/2021 10:44:23 PM : ping
5/16/2021 10:44:23 PM : ping
5/16/2021 10:44:24 PM : ping
5/16/2021 10:44:24 PM : ping
5/16/2021 10:44:24 PM : ping
5/16/2021 10:44:25 PM : ping
5/16/2021 10:44:25 PM : ping
5/16/2021 10:44:25 PM : ping
5/16/2021 10:44:26 PM : ping
5/16/2021 10:44:26 PM : ping
5/16/2021 10:44:26 PM : ping
5/16/2021 10:44:27 PM : ping
5/16/2021 10:44:27 PM : ping
5/16/2021 10:44:27 PM : ping
5/16/2021 10:44:28 PM : ping
5/16/2021 10:44:29 PM : ping
5/16/2021 10:44:29 PM : ping
5/16/2021 10:44:30 PM : ping
5/16/2021 10:44:30 PM : ping
5/16/2021 10:44:30 PM : ping
5/16/2021 10:44:31 PM : ping
5/16/2021 10:44:31 PM : ping
5/16/2021 10:44:31 PM : ping
5/16/2021 10:44:32 PM : ping
5/16/2021 10:44:32 PM : ping
5/16/2021 10:44:32 PM : ping
5/16/2021 10:44:33 PM : ping
5/16/2021 10:44:33 PM : ping
5/16/2021 10:44:33 PM : ping
5/16/2021 10:44:34 PM : ping
5/16/2021 10:44:34 PM : ping
5/16/2021 10:44:34 PM : ping
5/16/2021 10:44:35 PM : ping
5/16/2021 10:44:35 PM : ping
5/16/2021 10:44:35 PM : ping
5/16/2021 10:44:36 PM : ping
5/16/2021 10:44:36 PM : ping
5/16/2021 10:44:36 PM : ping
5/16/2021 10:44:37 PM : ping
5/16/2021 10:44:37 PM : ping
5/16/2021 10:44:37 PM : ping
5/16/2021 10:44:39 PM : ping
5/16/2021 10:44:39 PM : ping
5/16/2021 10:44:39 PM : ping
5/16/2021 10:44:40 PM : ping
5/16/2021 10:44:40 PM : ping
5/16/2021 10:44:40 PM : ping
5/16/2021 10:44:41 PM : ping
5/16/2021 10:44:41 PM : ping
5/16/2021 10:44:41 PM : ping
5/16/2021 10:44:42 PM : ping
5/16/2021 10:44:42 PM : ping
5/16/2021 10:44:42 PM : ping
5/16/2021 10:44:43 PM : ping
5/16/2021 10:44:43 PM : ping
5/16/2021 10:44:43 PM : ping
5/16/2021 10:44:44 PM : ping
5/16/2021 10:44:44 PM : ping
5/16/2021 10:44:44 PM : ping
5/16/2021 10:44:45 PM : ping
5/16/2021 10:44:45 PM : ping
5/16/2021 10:44:45 PM : ping
5/16/2021 10:44:46 PM : ping
5/16/2021 10:44:46 PM : ping
5/16/2021 10:44:46 PM : ping
5/16/2021 10:44:47 PM : ping
5/16/2021 10:44:47 PM : ping
5/16/2021 10:44:47 PM : ping
5/16/2021 10:44:48 PM : ping
5/16/2021 10:44:48 PM : ping
5/16/2021 10:44:48 PM : ping
5/16/2021 10:44:50 PM : ping
5/16/2021 10:44:50 PM : ping
5/16/2021 10:44:50 PM : ping
5/16/2021 10:44:51 PM : ping
5/16/2021 10:44:51 PM : ping
5/16/2021 10:44:51 PM : ping
5/16/2021 10:44:52 PM : ping
5/16/2021 10:44:52 PM : ping
5/16/2021 10:44:52 PM : ping
5/16/2021 10:44:53 PM : ping
5/16/2021 10:44:53 PM : ping
5/16/2021 10:44:53 PM : ping
5/16/2021 10:44:54 PM : ping
5/16/2021 10:44:54 PM : ping
5/16/2021 10:44:54 PM : ping
5/16/2021 10:44:55 PM : ping
5/16/2021 10:44:55 PM : ping
5/16/2021 10:44:55 PM : ping
5/16/2021 10:44:56 PM : ping
5/16/2021 10:44:56 PM : ping
5/16/2021 10:44:56 PM : ping
5/16/2021 10:44:57 PM : ping
5/16/2021 10:44:57 PM : ping
5/16/2021 10:44:57 PM : ping
5/16/2021 10:44:58 PM : ping
5/16/2021 10:44:58 PM : ping
5/16/2021 10:44:58 PM : ping
5/16/2021 10:45:00 PM : ping
5/16/2021 10:45:00 PM : ping
5/16/2021 10:45:00 PM : ping
5/16/2021 10:45:01 PM : ping
5/16/2021 10:45:01 PM : ping
5/16/2021 10:45:01 PM : ping
5/16/2021 10:45:02 PM : ping
5/16/2021 10:45:02 PM : ping
5/16/2021 10:45:02 PM : ping
5/16/2021 10:45:03 PM : ping
5/16/2021 10:45:03 PM : ping
5/16/2021 10:45:03 PM : ping
5/16/2021 10:45:04 PM : ping
5/16/2021 10:45:04 PM : ping
5/16/2021 10:45:04 PM : ping
5/16/2021 10:45:05 PM : ping
5/16/2021 10:45:05 PM : ping
5/16/2021 10:45:05 PM : ping
5/16/2021 10:45:06 PM : ping
5/16/2021 10:45:06 PM : ping
5/16/2021 10:45:06 PM : ping
5/16/2021 10:45:07 PM : ping
5/16/2021 10:45:07 PM : ping
5/16/2021 10:45:07 PM : ping
5/16/2021 10:45:08 PM : ping
5/16/2021 10:45:08 PM : ping
5/16/2021 10:45:08 PM : ping
5/16/2021 10:45:10 PM : ping
5/16/2021 10:45:10 PM : ping
5/16/2021 10:45:10 PM : ping
5/16/2021 10:45:11 PM : ping
5/16/2021 10:45:11 PM : ping
5/16/2021 10:45:11 PM : ping
5/16/2021 10:45:12 PM : ping
5/16/2021 10:45:12 PM : ping
5/16/2021 10:45:12 PM : ping
5/16/2021 10:45:13 PM : ping
5/16/2021 10:45:13 PM : ping
5/16/2021 10:45:13 PM : ping
5/16/2021 10:45:14 PM : ping
5/16/2021 10:45:14 PM : ping
5/16/2021 10:45:14 PM : ping
5/16/2021 10:45:15 PM : ping
5/16/2021 10:45:15 PM : ping
5/16/2021 10:45:15 PM : ping
5/16/2021 10:45:16 PM : ping
5/16/2021 10:45:16 PM : ping
5/16/2021 10:45:16 PM : ping
5/16/2021 10:45:17 PM : ping
5/16/2021 10:45:17 PM : ping
5/16/2021 10:45:17 PM : ping
5/16/2021 10:45:18 PM : ping
5/16/2021 10:45:18 PM : ping
5/16/2021 10:45:18 PM : ping
5/16/2021 10:45:20 PM : ping
5/16/2021 10:45:20 PM : ping
5/16/2021 10:45:20 PM : ping
5/16/2021 10:45:21 PM : ping
5/16/2021 10:45:21 PM : ping
5/16/2021 10:45:21 PM : ping
5/16/2021 10:45:22 PM : ping
5/16/2021 10:45:22 PM : ping
5/16/2021 10:45:22 PM : ping
5/16/2021 10:45:23 PM : ping
5/16/2021 10:45:23 PM : ping
5/16/2021 10:45:23 PM : ping
5/16/2021 10:45:24 PM : ping
5/16/2021 10:45:24 PM : ping
5/16/2021 10:45:24 PM : ping
5/16/2021 10:45:25 PM : ping
5/16/2021 10:45:25 PM : ping
5/16/2021 10:45:25 PM : ping
5/16/2021 10:45:26 PM : ping
5/16/2021 10:45:26 PM : ping
5/16/2021 10:45:26 PM : ping
5/16/2021 10:45:27 PM : ping
5/16/2021 10:45:27 PM : ping
5/16/2021 10:45:27 PM : ping
5/16/2021 10:45:28 PM : ping
5/16/2021 10:45:28 PM : ping
5/16/2021 10:45:28 PM : ping
5/16/2021 10:45:30 PM : ping
5/16/2021 10:45:30 PM : ping
5/16/2021 10:45:30 PM : ping
5/16/2021 10:45:31 PM : ping
5/16/2021 10:45:31 PM : ping
5/16/2021 10:45:31 PM : ping
5/16/2021 10:45:32 PM : ping
5/16/2021 10:45:32 PM : ping
5/16/2021 10:45:32 PM : ping
