log begin
..............
5/16/2021 1:06:21 AM : ping
5/16/2021 1:06:21 AM : ping
5/16/2021 1:06:21 AM : ping
5/16/2021 1:06:22 AM : ping
5/16/2021 1:06:22 AM : ping
5/16/2021 1:06:22 AM : ping
5/16/2021 1:06:24 AM : ping
5/16/2021 1:06:24 AM : ping
5/16/2021 1:06:24 AM : ping
5/16/2021 1:06:25 AM : ping
5/16/2021 1:06:25 AM : ping
5/16/2021 1:06:25 AM : ping
5/16/2021 1:06:26 AM : ping
5/16/2021 1:06:26 AM : ping
5/16/2021 1:06:26 AM : ping
5/16/2021 1:06:27 AM : ping
5/16/2021 1:06:27 AM : ping
5/16/2021 1:06:27 AM : ping
5/16/2021 1:06:28 AM : ping
5/16/2021 1:06:28 AM : ping
5/16/2021 1:06:28 AM : ping
5/16/2021 1:06:29 AM : ping
5/16/2021 1:06:29 AM : ping
5/16/2021 1:06:29 AM : ping
5/16/2021 1:06:30 AM : ping
5/16/2021 1:06:30 AM : ping
5/16/2021 1:06:30 AM : ping
5/16/2021 1:06:31 AM : ping
5/16/2021 1:06:31 AM : ping
5/16/2021 1:06:31 AM : ping
5/16/2021 1:06:32 AM : ping
5/16/2021 1:06:32 AM : ping
5/16/2021 1:06:32 AM : ping
5/16/2021 1:06:33 AM : launch server at port: 7003
5/16/2021 1:06:34 AM : ping
5/16/2021 1:06:34 AM : ping
5/16/2021 1:06:34 AM : ping
5/16/2021 1:06:35 AM : ping
5/16/2021 1:06:35 AM : ping
5/16/2021 1:06:35 AM : ping
5/16/2021 1:06:35 AM : launch server at port: 7004
5/16/2021 1:06:36 AM : ping
5/16/2021 1:06:36 AM : ping
5/16/2021 1:06:36 AM : ping
5/16/2021 1:06:37 AM : ping
5/16/2021 1:06:37 AM : ping
5/16/2021 1:06:37 AM : ping
5/16/2021 1:06:38 AM : ping
5/16/2021 1:06:38 AM : ping
5/16/2021 1:06:38 AM : ping
5/16/2021 1:06:39 AM : ping
5/16/2021 1:06:39 AM : ping
5/16/2021 1:06:39 AM : ping
5/16/2021 1:06:40 AM : launch server at port: 7005
5/16/2021 1:06:40 AM : launch server at port: 7006
5/16/2021 1:06:40 AM : ping
5/16/2021 1:06:40 AM : ping
5/16/2021 1:06:40 AM : ping
5/16/2021 1:06:41 AM : launch server at port: 7007
5/16/2021 1:06:41 AM : ping
5/16/2021 1:06:41 AM : ping
5/16/2021 1:06:41 AM : ping
5/16/2021 1:06:43 AM : ping
5/16/2021 1:06:43 AM : ping
5/16/2021 1:06:43 AM : ping
5/16/2021 1:06:44 AM : ping
5/16/2021 1:06:44 AM : ping
5/16/2021 1:06:44 AM : ping
5/16/2021 1:06:45 AM : ping
5/16/2021 1:06:45 AM : ping
5/16/2021 1:06:45 AM : ping
5/16/2021 1:06:45 AM : launch server at port: 7008
5/16/2021 1:06:46 AM : ping
5/16/2021 1:06:46 AM : ping
5/16/2021 1:06:46 AM : ping
5/16/2021 1:06:47 AM : launch server at port: 7009
5/16/2021 1:06:47 AM : ping
5/16/2021 1:06:47 AM : ping
5/16/2021 1:06:47 AM : ping
5/16/2021 1:06:48 AM : ping
5/16/2021 1:06:48 AM : ping
5/16/2021 1:06:48 AM : ping
5/16/2021 1:06:49 AM : ping
5/16/2021 1:06:49 AM : ping
5/16/2021 1:06:49 AM : ping
5/16/2021 1:06:50 AM : ping
5/16/2021 1:06:50 AM : ping
5/16/2021 1:06:50 AM : ping
5/16/2021 1:06:51 AM : launch server at port: 7010
5/16/2021 1:06:51 AM : ping
5/16/2021 1:06:51 AM : ping
5/16/2021 1:06:51 AM : ping
5/16/2021 1:06:52 AM : launch server at port: 7011
5/16/2021 1:06:53 AM : ping
5/16/2021 1:06:53 AM : ping
5/16/2021 1:06:53 AM : ping
5/16/2021 1:06:54 AM : ping
5/16/2021 1:06:54 AM : ping
5/16/2021 1:06:54 AM : ping
5/16/2021 1:06:55 AM : ping
5/16/2021 1:06:55 AM : ping
5/16/2021 1:06:55 AM : ping
5/16/2021 1:06:56 AM : ping
5/16/2021 1:06:56 AM : ping
5/16/2021 1:06:56 AM : ping
5/16/2021 1:06:57 AM : ping
5/16/2021 1:06:57 AM : ping
5/16/2021 1:06:57 AM : ping
5/16/2021 1:06:58 AM : ping
5/16/2021 1:06:58 AM : ping
5/16/2021 1:06:58 AM : ping
5/16/2021 1:06:59 AM : ping
5/16/2021 1:06:59 AM : ping
5/16/2021 1:06:59 AM : ping
5/16/2021 1:07:00 AM : ping
5/16/2021 1:07:00 AM : ping
5/16/2021 1:07:00 AM : ping
5/16/2021 1:07:01 AM : ping
5/16/2021 1:07:01 AM : ping
5/16/2021 1:07:01 AM : ping
5/16/2021 1:07:03 AM : ping
5/16/2021 1:07:03 AM : ping
5/16/2021 1:07:03 AM : ping
5/16/2021 1:07:04 AM : ping
5/16/2021 1:07:04 AM : ping
5/16/2021 1:07:04 AM : ping
5/16/2021 1:07:05 AM : ping
5/16/2021 1:07:05 AM : ping
5/16/2021 1:07:05 AM : ping
5/16/2021 1:07:06 AM : ping
5/16/2021 1:07:06 AM : ping
5/16/2021 1:07:06 AM : ping
5/16/2021 1:07:07 AM : ping
5/16/2021 1:07:07 AM : ping
5/16/2021 1:07:07 AM : ping
5/16/2021 1:07:08 AM : ping
5/16/2021 1:07:08 AM : ping
5/16/2021 1:07:08 AM : ping
5/16/2021 1:07:09 AM : ping
5/16/2021 1:07:09 AM : ping
5/16/2021 1:07:09 AM : ping
5/16/2021 1:07:10 AM : ping
5/16/2021 1:07:10 AM : ping
5/16/2021 1:07:10 AM : ping
5/16/2021 1:07:11 AM : ping
5/16/2021 1:07:11 AM : ping
5/16/2021 1:07:11 AM : ping
5/16/2021 1:07:13 AM : ping
5/16/2021 1:07:13 AM : ping
5/16/2021 1:07:13 AM : ping
5/16/2021 1:07:14 AM : ping
5/16/2021 1:07:14 AM : ping
5/16/2021 1:07:14 AM : ping
5/16/2021 1:07:15 AM : ping
5/16/2021 1:07:15 AM : ping
5/16/2021 1:07:15 AM : ping
5/16/2021 1:07:16 AM : ping
5/16/2021 1:07:16 AM : ping
5/16/2021 1:07:16 AM : ping
5/16/2021 1:07:17 AM : ping
5/16/2021 1:07:17 AM : ping
5/16/2021 1:07:17 AM : ping
5/16/2021 1:07:18 AM : ping
5/16/2021 1:07:18 AM : ping
5/16/2021 1:07:18 AM : ping
5/16/2021 1:07:19 AM : ping
5/16/2021 1:07:19 AM : ping
5/16/2021 1:07:19 AM : ping
5/16/2021 1:07:20 AM : ping
5/16/2021 1:07:20 AM : ping
5/16/2021 1:07:20 AM : ping
5/16/2021 1:07:21 AM : ping
5/16/2021 1:07:21 AM : ping
5/16/2021 1:07:21 AM : ping
5/16/2021 1:07:22 AM : ping
5/16/2021 1:07:22 AM : ping
5/16/2021 1:07:23 AM : ping
5/16/2021 1:07:24 AM : ping
5/16/2021 1:07:24 AM : ping
5/16/2021 1:07:24 AM : ping
5/16/2021 1:07:25 AM : ping
5/16/2021 1:07:25 AM : ping
5/16/2021 1:07:25 AM : ping
5/16/2021 1:07:26 AM : ping
5/16/2021 1:07:26 AM : ping
5/16/2021 1:07:26 AM : ping
5/16/2021 1:07:27 AM : ping
5/16/2021 1:07:27 AM : ping
5/16/2021 1:07:27 AM : ping
5/16/2021 1:07:28 AM : ping
5/16/2021 1:07:28 AM : ping
5/16/2021 1:07:28 AM : ping
5/16/2021 1:07:29 AM : ping
5/16/2021 1:07:29 AM : ping
5/16/2021 1:07:29 AM : ping
5/16/2021 1:07:30 AM : ping
5/16/2021 1:07:30 AM : ping
5/16/2021 1:07:30 AM : ping
5/16/2021 1:07:31 AM : ping
5/16/2021 1:07:31 AM : ping
5/16/2021 1:07:31 AM : ping
5/16/2021 1:07:32 AM : kService.requestChannels.Count :24
5/16/2021 1:07:32 AM : kService.requestChannels.Count :24
5/16/2021 1:07:32 AM : kService.requestChannels.Count :23
5/16/2021 1:07:32 AM : kService.requestChannels.Count :23
5/16/2021 1:07:33 AM : ping
5/16/2021 1:07:33 AM : ping
5/16/2021 1:07:33 AM : ping
5/16/2021 1:07:33 AM : kService.requestChannels.Count :22
5/16/2021 1:07:33 AM : kService.requestChannels.Count :22
5/16/2021 1:07:34 AM : kService.requestChannels.Count :21
5/16/2021 1:07:34 AM : kService.requestChannels.Count :21
5/16/2021 1:07:34 AM : ping
5/16/2021 1:07:34 AM : ping
5/16/2021 1:07:34 AM : ping
5/16/2021 1:07:34 AM : kService.requestChannels.Count :20
5/16/2021 1:07:34 AM : kService.requestChannels.Count :20
5/16/2021 1:07:34 AM : kService.requestChannels.Count :19
5/16/2021 1:07:34 AM : kService.requestChannels.Count :19
5/16/2021 1:07:34 AM : kService.requestChannels.Count :18
5/16/2021 1:07:34 AM : kService.requestChannels.Count :18
5/16/2021 1:07:35 AM : ping
5/16/2021 1:07:35 AM : ping
5/16/2021 1:07:35 AM : ping
5/16/2021 1:07:35 AM : kService.requestChannels.Count :17
5/16/2021 1:07:35 AM : kService.requestChannels.Count :17
5/16/2021 1:07:36 AM : ping
5/16/2021 1:07:36 AM : ping
5/16/2021 1:07:36 AM : ping
5/16/2021 1:07:36 AM : kService.requestChannels.Count :16
5/16/2021 1:07:36 AM : kService.requestChannels.Count :16
5/16/2021 1:07:37 AM : kService.requestChannels.Count :15
5/16/2021 1:07:37 AM : kService.requestChannels.Count :15
5/16/2021 1:07:37 AM : kService.requestChannels.Count :14
5/16/2021 1:07:37 AM : kService.requestChannels.Count :14
5/16/2021 1:07:37 AM : ping
5/16/2021 1:07:37 AM : ping
5/16/2021 1:07:37 AM : ping
5/16/2021 1:07:37 AM : kService.requestChannels.Count :13
5/16/2021 1:07:37 AM : kService.requestChannels.Count :13
5/16/2021 1:07:38 AM : kService.requestChannels.Count :12
5/16/2021 1:07:38 AM : kService.requestChannels.Count :12
5/16/2021 1:07:38 AM : kService.requestChannels.Count :11
5/16/2021 1:07:38 AM : kService.requestChannels.Count :11
5/16/2021 1:07:38 AM : kService.requestChannels.Count :10
5/16/2021 1:07:38 AM : kService.requestChannels.Count :10
5/16/2021 1:07:38 AM : kService.requestChannels.Count :9
5/16/2021 1:07:38 AM : kService.requestChannels.Count :9
5/16/2021 1:07:38 AM : ping
5/16/2021 1:07:38 AM : ping
5/16/2021 1:07:38 AM : ping
5/16/2021 1:07:38 AM : kService.requestChannels.Count :8
5/16/2021 1:07:38 AM : kService.requestChannels.Count :8
5/16/2021 1:07:38 AM : kService.requestChannels.Count :7
5/16/2021 1:07:38 AM : kService.requestChannels.Count :7
5/16/2021 1:07:39 AM : kService.requestChannels.Count :6
5/16/2021 1:07:39 AM : kService.requestChannels.Count :6
5/16/2021 1:07:39 AM : kService.requestChannels.Count :5
5/16/2021 1:07:39 AM : kService.requestChannels.Count :5
5/16/2021 1:07:39 AM : kService.requestChannels.Count :4
5/16/2021 1:07:39 AM : kService.requestChannels.Count :4
5/16/2021 1:07:39 AM : ping
5/16/2021 1:07:39 AM : ping
5/16/2021 1:07:39 AM : ping
5/16/2021 1:07:40 AM : kService.requestChannels.Count :3
5/16/2021 1:07:40 AM : kService.requestChannels.Count :3
5/16/2021 1:07:40 AM : kService.requestChannels.Count :2
5/16/2021 1:07:40 AM : kService.requestChannels.Count :2
5/16/2021 1:07:40 AM : ping
5/16/2021 1:07:40 AM : ping
5/16/2021 1:07:40 AM : ping
5/16/2021 1:07:41 AM : ping
5/16/2021 1:07:41 AM : ping
5/16/2021 1:07:41 AM : ping
5/16/2021 1:07:42 AM : kService.requestChannels.Count :1
5/16/2021 1:07:42 AM : kService.requestChannels.Count :1
5/16/2021 1:07:43 AM : ping
5/16/2021 1:07:43 AM : ping
5/16/2021 1:07:43 AM : ping
5/16/2021 1:07:43 AM : kService.requestChannels.Count :0
5/16/2021 1:07:43 AM : kService.requestChannels.Count :0
5/16/2021 1:07:44 AM : ping
5/16/2021 1:07:44 AM : ping
5/16/2021 1:07:44 AM : ping
5/16/2021 1:07:45 AM : ping
5/16/2021 1:07:45 AM : ping
5/16/2021 1:07:45 AM : ping
5/16/2021 1:07:46 AM : ping
5/16/2021 1:07:46 AM : ping
5/16/2021 1:07:46 AM : ping
5/16/2021 1:07:47 AM : ping
5/16/2021 1:07:47 AM : ping
5/16/2021 1:07:47 AM : ping
5/16/2021 1:07:48 AM : ping
5/16/2021 1:07:48 AM : ping
5/16/2021 1:07:48 AM : ping
5/16/2021 1:07:49 AM : ping
5/16/2021 1:07:49 AM : ping
5/16/2021 1:07:49 AM : ping
5/16/2021 1:07:50 AM : ping
5/16/2021 1:07:50 AM : ping
5/16/2021 1:07:50 AM : ping
5/16/2021 1:07:51 AM : ping
5/16/2021 1:07:51 AM : ping
5/16/2021 1:07:51 AM : ping
5/16/2021 1:07:52 AM : ping
5/16/2021 1:07:52 AM : ping
5/16/2021 1:07:52 AM : ping
5/16/2021 1:07:54 AM : ping
5/16/2021 1:07:54 AM : ping
5/16/2021 1:07:54 AM : ping
5/16/2021 1:07:55 AM : ping
5/16/2021 1:07:55 AM : ping
5/16/2021 1:07:55 AM : ping
5/16/2021 1:07:56 AM : ping
5/16/2021 1:07:56 AM : ping
5/16/2021 1:07:56 AM : ping
5/16/2021 1:07:57 AM : ping
5/16/2021 1:07:57 AM : ping
5/16/2021 1:07:57 AM : ping
5/16/2021 1:07:58 AM : ping
5/16/2021 1:07:58 AM : ping
5/16/2021 1:07:58 AM : ping
5/16/2021 1:07:59 AM : ping
5/16/2021 1:07:59 AM : ping
5/16/2021 1:07:59 AM : ping
5/16/2021 1:08:00 AM : ping
5/16/2021 1:08:00 AM : ping
5/16/2021 1:08:00 AM : ping
5/16/2021 1:08:01 AM : ping
5/16/2021 1:08:01 AM : ping
5/16/2021 1:08:01 AM : ping
5/16/2021 1:08:02 AM : ping
5/16/2021 1:08:02 AM : ping
5/16/2021 1:08:02 AM : ping
5/16/2021 1:08:04 AM : ping
5/16/2021 1:08:04 AM : ping
5/16/2021 1:08:04 AM : ping
5/16/2021 1:08:05 AM : ping
5/16/2021 1:08:05 AM : ping
5/16/2021 1:08:05 AM : ping
5/16/2021 1:08:06 AM : ping
5/16/2021 1:08:06 AM : ping
5/16/2021 1:08:06 AM : ping
5/16/2021 1:08:07 AM : ping
5/16/2021 1:08:07 AM : ping
5/16/2021 1:08:07 AM : ping
5/16/2021 1:08:08 AM : ping
5/16/2021 1:08:08 AM : ping
5/16/2021 1:08:08 AM : ping
5/16/2021 1:08:09 AM : ping
5/16/2021 1:08:09 AM : ping
5/16/2021 1:08:09 AM : ping
5/16/2021 1:08:10 AM : ping
5/16/2021 1:08:10 AM : ping
5/16/2021 1:08:10 AM : ping
5/16/2021 1:08:11 AM : ping
5/16/2021 1:08:11 AM : ping
5/16/2021 1:08:11 AM : ping
5/16/2021 1:08:12 AM : ping
5/16/2021 1:08:12 AM : ping
5/16/2021 1:08:12 AM : ping
5/16/2021 1:08:14 AM : ping
5/16/2021 1:08:14 AM : ping
5/16/2021 1:08:14 AM : ping
5/16/2021 1:08:15 AM : ping
5/16/2021 1:08:15 AM : ping
5/16/2021 1:08:15 AM : ping
5/16/2021 1:08:16 AM : ping
5/16/2021 1:08:16 AM : ping
5/16/2021 1:08:16 AM : ping
5/16/2021 1:08:17 AM : ping
5/16/2021 1:08:17 AM : ping
5/16/2021 1:08:17 AM : ping
5/16/2021 1:08:18 AM : ping
5/16/2021 1:08:18 AM : ping
5/16/2021 1:08:18 AM : ping
5/16/2021 1:08:19 AM : ping
5/16/2021 1:08:19 AM : ping
5/16/2021 1:08:19 AM : ping
5/16/2021 1:08:20 AM : ping
5/16/2021 1:08:20 AM : ping
5/16/2021 1:08:20 AM : ping
5/16/2021 1:08:21 AM : ping
5/16/2021 1:08:21 AM : ping
5/16/2021 1:08:21 AM : ping
5/16/2021 1:08:22 AM : ping
5/16/2021 1:08:22 AM : ping
5/16/2021 1:08:22 AM : ping
5/16/2021 1:08:23 AM : ping
5/16/2021 1:08:23 AM : ping
5/16/2021 1:08:23 AM : ping
5/16/2021 1:08:25 AM : ping
5/16/2021 1:08:25 AM : ping
5/16/2021 1:08:25 AM : ping
5/16/2021 1:08:26 AM : ping
5/16/2021 1:08:26 AM : ping
5/16/2021 1:08:26 AM : ping
5/16/2021 1:08:27 AM : ping
5/16/2021 1:08:27 AM : ping
5/16/2021 1:08:27 AM : ping
5/16/2021 1:08:28 AM : ping
5/16/2021 1:08:28 AM : ping
5/16/2021 1:08:28 AM : ping
5/16/2021 1:08:29 AM : ping
5/16/2021 1:08:29 AM : ping
5/16/2021 1:08:29 AM : ping
5/16/2021 1:08:30 AM : ping
5/16/2021 1:08:30 AM : ping
5/16/2021 1:08:30 AM : ping
5/16/2021 1:08:31 AM : ping
5/16/2021 1:08:31 AM : ping
5/16/2021 1:08:31 AM : ping
5/16/2021 1:08:32 AM : ping
5/16/2021 1:08:32 AM : ping
5/16/2021 1:08:32 AM : ping
5/16/2021 1:08:33 AM : ping
5/16/2021 1:08:33 AM : ping
5/16/2021 1:08:33 AM : ping
5/16/2021 1:08:35 AM : ping
5/16/2021 1:08:35 AM : ping
5/16/2021 1:08:35 AM : ping
5/16/2021 1:08:36 AM : ping
5/16/2021 1:08:36 AM : ping
5/16/2021 1:08:36 AM : ping
5/16/2021 1:08:37 AM : ping
5/16/2021 1:08:37 AM : ping
5/16/2021 1:08:37 AM : ping
5/16/2021 1:08:38 AM : ping
5/16/2021 1:08:38 AM : ping
5/16/2021 1:08:38 AM : ping
5/16/2021 1:08:39 AM : ping
5/16/2021 1:08:39 AM : ping
5/16/2021 1:08:39 AM : ping
5/16/2021 1:08:40 AM : ping
5/16/2021 1:08:40 AM : ping
5/16/2021 1:08:40 AM : ping
