log begin
..............
5/9/2021 3:08:04 PM : ping
5/9/2021 3:08:04 PM : ping
5/9/2021 3:08:04 PM : ping
5/9/2021 3:08:05 PM : ping
5/9/2021 3:08:05 PM : ping
5/9/2021 3:08:06 PM : ping
5/9/2021 3:08:07 PM : ping
5/9/2021 3:08:07 PM : ping
5/9/2021 3:08:07 PM : ping
5/9/2021 3:08:08 PM : ping
5/9/2021 3:08:08 PM : ping
5/9/2021 3:08:08 PM : ping
5/9/2021 3:08:09 PM : ping
5/9/2021 3:08:09 PM : ping
5/9/2021 3:08:09 PM : ping
5/9/2021 3:08:10 PM : ping
5/9/2021 3:08:10 PM : ping
5/9/2021 3:08:10 PM : ping
5/9/2021 3:08:11 PM : ping
5/9/2021 3:08:11 PM : ping
5/9/2021 3:08:11 PM : ping
5/9/2021 3:08:35 PM : ping
5/9/2021 3:08:35 PM : ping
5/9/2021 3:08:35 PM : ping
5/9/2021 3:08:36 PM : ping
5/9/2021 3:08:36 PM : ping
5/9/2021 3:08:36 PM : ping
5/9/2021 3:08:36 PM : launch server at port: 7003
5/9/2021 3:08:37 PM : ping
5/9/2021 3:08:37 PM : ping
5/9/2021 3:08:37 PM : ping
5/9/2021 3:08:38 PM : ping
5/9/2021 3:08:38 PM : ping
5/9/2021 3:08:38 PM : ping
5/9/2021 3:08:38 PM : launch server at port: 7004
5/9/2021 3:08:39 PM : ping
5/9/2021 3:08:39 PM : ping
5/9/2021 3:08:39 PM : ping
5/9/2021 3:08:40 PM : ping
5/9/2021 3:08:40 PM : ping
5/9/2021 3:08:40 PM : ping
5/9/2021 3:08:41 PM : ping
5/9/2021 3:08:41 PM : ping
5/9/2021 3:08:41 PM : ping
5/9/2021 3:08:43 PM : ping
5/9/2021 3:08:43 PM : ping
5/9/2021 3:08:43 PM : ping
5/9/2021 3:08:44 PM : ping
5/9/2021 3:08:44 PM : ping
5/9/2021 3:08:44 PM : ping
5/9/2021 3:08:45 PM : ping
5/9/2021 3:08:45 PM : ping
5/9/2021 3:08:45 PM : ping
5/9/2021 3:08:46 PM : ping
5/9/2021 3:08:46 PM : ping
5/9/2021 3:08:46 PM : ping
5/9/2021 3:08:47 PM : ping
5/9/2021 3:08:47 PM : ping
5/9/2021 3:08:47 PM : ping
5/9/2021 3:08:48 PM : ping
5/9/2021 3:08:48 PM : ping
5/9/2021 3:08:48 PM : ping
5/9/2021 3:08:49 PM : ping
5/9/2021 3:08:49 PM : ping
5/9/2021 3:08:49 PM : ping
5/9/2021 3:08:50 PM : ping
5/9/2021 3:08:50 PM : ping
5/9/2021 3:08:50 PM : ping
5/9/2021 3:08:51 PM : ping
5/9/2021 3:08:51 PM : ping
5/9/2021 3:08:51 PM : ping
5/9/2021 3:08:53 PM : ping
5/9/2021 3:08:53 PM : ping
5/9/2021 3:08:53 PM : ping
5/9/2021 3:08:54 PM : ping
5/9/2021 3:08:54 PM : ping
5/9/2021 3:08:54 PM : ping
5/9/2021 3:08:55 PM : ping
5/9/2021 3:08:55 PM : ping
5/9/2021 3:08:55 PM : ping
5/9/2021 3:08:56 PM : ping
5/9/2021 3:08:56 PM : ping
5/9/2021 3:08:56 PM : ping
5/9/2021 3:08:57 PM : ping
5/9/2021 3:08:57 PM : ping
5/9/2021 3:08:57 PM : ping
5/9/2021 3:08:58 PM : ping
5/9/2021 3:08:58 PM : ping
5/9/2021 3:08:58 PM : ping
5/9/2021 3:08:59 PM : ping
5/9/2021 3:08:59 PM : ping
5/9/2021 3:08:59 PM : ping
5/9/2021 3:09:00 PM : ping
5/9/2021 3:09:00 PM : ping
5/9/2021 3:09:00 PM : ping
5/9/2021 3:09:01 PM : ping
5/9/2021 3:09:01 PM : ping
5/9/2021 3:09:01 PM : ping
5/9/2021 3:09:03 PM : ping
5/9/2021 3:09:03 PM : ping
5/9/2021 3:09:03 PM : ping
5/9/2021 3:09:04 PM : ping
5/9/2021 3:09:04 PM : ping
5/9/2021 3:09:04 PM : ping
5/9/2021 3:09:05 PM : ping
5/9/2021 3:09:05 PM : ping
5/9/2021 3:09:05 PM : ping
5/9/2021 3:09:06 PM : launch server at port: 7005
5/9/2021 3:09:06 PM : ping
5/9/2021 3:09:06 PM : ping
5/9/2021 3:09:06 PM : ping
5/9/2021 3:09:07 PM : launch server at port: 7006
5/9/2021 3:09:07 PM : ping
5/9/2021 3:09:07 PM : ping
5/9/2021 3:09:07 PM : ping
5/9/2021 3:09:07 PM : launch server at port: 7007
5/9/2021 3:09:08 PM : ping
5/9/2021 3:09:08 PM : ping
5/9/2021 3:09:08 PM : ping
5/9/2021 3:09:09 PM : ping
5/9/2021 3:09:09 PM : ping
5/9/2021 3:09:09 PM : ping
5/9/2021 3:09:10 PM : ping
5/9/2021 3:09:10 PM : ping
5/9/2021 3:09:10 PM : ping
5/9/2021 3:09:11 PM : ping
5/9/2021 3:09:11 PM : ping
5/9/2021 3:09:11 PM : ping
5/9/2021 3:09:13 PM : ping
5/9/2021 3:09:13 PM : ping
5/9/2021 3:09:13 PM : ping
5/9/2021 3:09:13 PM : launch server at port: 7008
5/9/2021 3:09:14 PM : launch server at port: 7009
5/9/2021 3:09:14 PM : ping
5/9/2021 3:09:14 PM : ping
5/9/2021 3:09:14 PM : ping
5/9/2021 3:09:15 PM : ping
5/9/2021 3:09:15 PM : ping
5/9/2021 3:09:15 PM : ping
5/9/2021 3:09:15 PM : launch server at port: 7010
5/9/2021 3:09:16 PM : ping
5/9/2021 3:09:16 PM : ping
5/9/2021 3:09:16 PM : ping
5/9/2021 3:09:17 PM : ping
5/9/2021 3:09:17 PM : ping
5/9/2021 3:09:17 PM : ping
5/9/2021 3:09:18 PM : ping
5/9/2021 3:09:18 PM : ping
5/9/2021 3:09:18 PM : ping
5/9/2021 3:09:19 PM : ping
5/9/2021 3:09:19 PM : ping
5/9/2021 3:09:19 PM : ping
5/9/2021 3:09:19 PM : launch server at port: 7011
5/9/2021 3:09:20 PM : launch server at port: 7012
5/9/2021 3:09:20 PM : launch server at port: 7013
5/9/2021 3:09:20 PM : ping
5/9/2021 3:09:20 PM : ping
5/9/2021 3:09:20 PM : ping
5/9/2021 3:09:20 PM : launch server at port: 7014
5/9/2021 3:09:21 PM : ping
5/9/2021 3:09:21 PM : ping
5/9/2021 3:09:21 PM : ping
5/9/2021 3:09:22 PM : ping
5/9/2021 3:09:22 PM : ping
5/9/2021 3:09:23 PM : ping
5/9/2021 3:09:24 PM : ping
5/9/2021 3:09:24 PM : ping
5/9/2021 3:09:24 PM : ping
5/9/2021 3:09:25 PM : ping
5/9/2021 3:09:25 PM : ping
5/9/2021 3:09:25 PM : ping
5/9/2021 3:09:26 PM : ping
5/9/2021 3:09:26 PM : ping
5/9/2021 3:09:26 PM : ping
5/9/2021 3:09:26 PM : launch server at port: 7015
5/9/2021 3:09:27 PM : launch server at port: 7016
5/9/2021 3:09:27 PM : ping
5/9/2021 3:09:27 PM : ping
5/9/2021 3:09:27 PM : ping
5/9/2021 3:09:27 PM : launch server at port: 7017
5/9/2021 3:09:28 PM : launch server at port: 7018
5/9/2021 3:09:28 PM : ping
5/9/2021 3:09:28 PM : ping
5/9/2021 3:09:28 PM : ping
5/9/2021 3:09:29 PM : ping
5/9/2021 3:09:29 PM : ping
5/9/2021 3:09:29 PM : ping
5/9/2021 3:09:30 PM : ping
5/9/2021 3:09:30 PM : ping
5/9/2021 3:09:30 PM : ping
5/9/2021 3:09:31 PM : ping
5/9/2021 3:09:31 PM : ping
5/9/2021 3:09:31 PM : ping
5/9/2021 3:09:33 PM : ping
5/9/2021 3:09:33 PM : ping
5/9/2021 3:09:33 PM : ping
5/9/2021 3:09:34 PM : ping
5/9/2021 3:09:34 PM : ping
5/9/2021 3:09:34 PM : ping
5/9/2021 3:09:35 PM : ping
5/9/2021 3:09:35 PM : ping
5/9/2021 3:09:35 PM : ping
5/9/2021 3:09:36 PM : ping
5/9/2021 3:09:36 PM : ping
5/9/2021 3:09:36 PM : ping
5/9/2021 3:09:37 PM : ping
5/9/2021 3:09:37 PM : ping
5/9/2021 3:09:37 PM : ping
5/9/2021 3:09:37 PM : launch server at port: 7019
5/9/2021 3:09:38 PM : launch server at port: 7020
5/9/2021 3:09:38 PM : ping
5/9/2021 3:09:38 PM : ping
5/9/2021 3:09:38 PM : ping
5/9/2021 3:09:38 PM : launch server at port: 7021
5/9/2021 3:09:39 PM : ping
5/9/2021 3:09:39 PM : ping
5/9/2021 3:09:39 PM : ping
5/9/2021 3:09:40 PM : ping
5/9/2021 3:09:40 PM : ping
5/9/2021 3:09:40 PM : ping
5/9/2021 3:09:41 PM : ping
5/9/2021 3:09:41 PM : ping
5/9/2021 3:09:41 PM : ping
5/9/2021 3:09:43 PM : ping
5/9/2021 3:09:43 PM : ping
5/9/2021 3:09:43 PM : ping
5/9/2021 3:09:43 PM : launch server at port: 7022
5/9/2021 3:09:44 PM : ping
5/9/2021 3:09:44 PM : ping
5/9/2021 3:09:44 PM : ping
5/9/2021 3:09:44 PM : launch server at port: 7023
5/9/2021 3:09:45 PM : ping
5/9/2021 3:09:45 PM : ping
5/9/2021 3:09:45 PM : ping
5/9/2021 3:09:45 PM : launch server at port: 7024
5/9/2021 3:09:46 PM : ping
5/9/2021 3:09:46 PM : ping
5/9/2021 3:09:46 PM : ping
5/9/2021 3:09:47 PM : ping
5/9/2021 3:09:47 PM : ping
5/9/2021 3:09:47 PM : ping
5/9/2021 3:09:48 PM : ping
5/9/2021 3:09:48 PM : ping
5/9/2021 3:09:48 PM : ping
5/9/2021 3:09:49 PM : ping
5/9/2021 3:09:49 PM : ping
5/9/2021 3:09:49 PM : ping
5/9/2021 3:09:50 PM : ping
5/9/2021 3:09:50 PM : ping
5/9/2021 3:09:50 PM : ping
5/9/2021 3:09:51 PM : launch server at port: 7025
5/9/2021 3:09:51 PM : launch server at port: 7026
5/9/2021 3:09:51 PM : launch server at port: 7027
5/9/2021 3:09:51 PM : ping
5/9/2021 3:09:51 PM : ping
5/9/2021 3:09:51 PM : ping
5/9/2021 3:09:52 PM : launch server at port: 7028
5/9/2021 3:09:53 PM : ping
5/9/2021 3:09:53 PM : ping
5/9/2021 3:09:53 PM : ping
5/9/2021 3:09:54 PM : ping
5/9/2021 3:09:54 PM : ping
5/9/2021 3:09:54 PM : ping
5/9/2021 3:09:55 PM : ping
5/9/2021 3:09:55 PM : ping
5/9/2021 3:09:55 PM : ping
5/9/2021 3:09:56 PM : ping
5/9/2021 3:09:56 PM : ping
5/9/2021 3:09:56 PM : ping
5/9/2021 3:09:57 PM : ping
5/9/2021 3:09:57 PM : ping
5/9/2021 3:09:57 PM : ping
5/9/2021 3:09:58 PM : launch server at port: 7029
5/9/2021 3:09:58 PM : launch server at port: 7030
5/9/2021 3:09:58 PM : ping
5/9/2021 3:09:58 PM : ping
5/9/2021 3:09:58 PM : ping
5/9/2021 3:09:58 PM : launch server at port: 7031
5/9/2021 3:09:59 PM : ping
5/9/2021 3:09:59 PM : ping
5/9/2021 3:09:59 PM : ping
5/9/2021 3:10:00 PM : ping
5/9/2021 3:10:00 PM : ping
5/9/2021 3:10:00 PM : ping
5/9/2021 3:10:01 PM : ping
5/9/2021 3:10:01 PM : ping
5/9/2021 3:10:01 PM : ping
5/9/2021 3:10:03 PM : ping
5/9/2021 3:10:03 PM : ping
5/9/2021 3:10:03 PM : ping
5/9/2021 3:10:04 PM : ping
5/9/2021 3:10:04 PM : ping
5/9/2021 3:10:04 PM : ping
5/9/2021 3:10:05 PM : ping
5/9/2021 3:10:05 PM : ping
5/9/2021 3:10:05 PM : ping
5/9/2021 3:10:06 PM : ping
5/9/2021 3:10:06 PM : ping
5/9/2021 3:10:06 PM : ping
5/9/2021 3:10:07 PM : ping
5/9/2021 3:10:07 PM : ping
5/9/2021 3:10:07 PM : ping
5/9/2021 3:10:08 PM : ping
5/9/2021 3:10:08 PM : ping
5/9/2021 3:10:08 PM : ping
5/9/2021 3:10:09 PM : ping
5/9/2021 3:10:09 PM : ping
5/9/2021 3:10:09 PM : ping
5/9/2021 3:10:10 PM : ping
5/9/2021 3:10:10 PM : ping
5/9/2021 3:10:10 PM : ping
5/9/2021 3:10:11 PM : ping
5/9/2021 3:10:11 PM : ping
5/9/2021 3:10:11 PM : ping
5/9/2021 3:10:13 PM : ping
5/9/2021 3:10:13 PM : ping
5/9/2021 3:10:13 PM : ping
5/9/2021 3:10:14 PM : ping
5/9/2021 3:10:14 PM : ping
5/9/2021 3:10:14 PM : ping
5/9/2021 3:10:15 PM : ping
5/9/2021 3:10:15 PM : ping
5/9/2021 3:10:15 PM : ping
5/9/2021 3:10:16 PM : ping
5/9/2021 3:10:16 PM : ping
5/9/2021 3:10:16 PM : ping
5/9/2021 3:10:17 PM : ping
5/9/2021 3:10:17 PM : ping
5/9/2021 3:10:17 PM : ping
5/9/2021 3:10:18 PM : ping
5/9/2021 3:10:18 PM : ping
5/9/2021 3:10:18 PM : ping
5/9/2021 3:10:19 PM : ping
5/9/2021 3:10:19 PM : ping
5/9/2021 3:10:19 PM : ping
5/9/2021 3:10:20 PM : ping
5/9/2021 3:10:20 PM : ping
5/9/2021 3:10:20 PM : ping
5/9/2021 3:10:21 PM : ping
5/9/2021 3:10:21 PM : ping
5/9/2021 3:10:21 PM : ping
5/9/2021 3:10:23 PM : ping
5/9/2021 3:10:23 PM : ping
5/9/2021 3:10:23 PM : ping
5/9/2021 3:10:24 PM : ping
5/9/2021 3:10:24 PM : ping
5/9/2021 3:10:24 PM : ping
5/9/2021 3:10:25 PM : ping
5/9/2021 3:10:25 PM : ping
5/9/2021 3:10:25 PM : ping
5/9/2021 3:10:26 PM : ping
5/9/2021 3:10:26 PM : ping
5/9/2021 3:10:26 PM : ping
5/9/2021 3:10:27 PM : ping
5/9/2021 3:10:27 PM : ping
5/9/2021 3:10:27 PM : ping
5/9/2021 3:10:28 PM : ping
5/9/2021 3:10:28 PM : ping
5/9/2021 3:10:28 PM : ping
5/9/2021 3:10:29 PM : ping
5/9/2021 3:10:29 PM : ping
5/9/2021 3:10:29 PM : ping
5/9/2021 3:10:30 PM : ping
5/9/2021 3:10:30 PM : ping
5/9/2021 3:10:30 PM : ping
5/9/2021 3:10:31 PM : ping
5/9/2021 3:10:31 PM : ping
5/9/2021 3:10:31 PM : ping
5/9/2021 3:10:33 PM : ping
5/9/2021 3:10:33 PM : ping
5/9/2021 3:10:33 PM : ping
5/9/2021 3:10:34 PM : ping
5/9/2021 3:10:34 PM : ping
5/9/2021 3:10:34 PM : ping
5/9/2021 3:10:35 PM : ping
5/9/2021 3:10:35 PM : ping
5/9/2021 3:10:35 PM : ping
5/9/2021 3:10:36 PM : ping
5/9/2021 3:10:36 PM : ping
5/9/2021 3:10:36 PM : ping
5/9/2021 3:10:37 PM : ping
5/9/2021 3:10:37 PM : ping
5/9/2021 3:10:37 PM : ping
5/9/2021 3:10:38 PM : ping
5/9/2021 3:10:38 PM : ping
5/9/2021 3:10:38 PM : ping
5/9/2021 3:10:39 PM : ping
5/9/2021 3:10:39 PM : ping
5/9/2021 3:10:39 PM : ping
5/9/2021 3:10:40 PM : ping
5/9/2021 3:10:40 PM : ping
5/9/2021 3:10:40 PM : ping
5/9/2021 3:10:41 PM : ping
5/9/2021 3:10:41 PM : ping
5/9/2021 3:10:41 PM : ping
5/9/2021 3:10:43 PM : ping
5/9/2021 3:10:43 PM : ping
5/9/2021 3:10:43 PM : ping
5/9/2021 3:10:44 PM : ping
5/9/2021 3:10:44 PM : ping
5/9/2021 3:10:44 PM : ping
5/9/2021 3:10:45 PM : ping
5/9/2021 3:10:45 PM : ping
5/9/2021 3:10:45 PM : ping
5/9/2021 3:10:46 PM : ping
5/9/2021 3:10:46 PM : ping
5/9/2021 3:10:46 PM : ping
5/9/2021 3:10:47 PM : ping
5/9/2021 3:10:47 PM : ping
5/9/2021 3:10:47 PM : ping
5/9/2021 3:10:48 PM : ping
5/9/2021 3:10:48 PM : ping
5/9/2021 3:10:48 PM : ping
5/9/2021 3:10:49 PM : ping
5/9/2021 3:10:49 PM : ping
5/9/2021 3:10:49 PM : ping
5/9/2021 3:10:50 PM : ping
5/9/2021 3:10:50 PM : ping
5/9/2021 3:10:50 PM : ping
5/9/2021 3:10:51 PM : ping
5/9/2021 3:10:51 PM : ping
5/9/2021 3:10:51 PM : ping
5/9/2021 3:10:53 PM : ping
5/9/2021 3:10:53 PM : ping
5/9/2021 3:10:53 PM : ping
5/9/2021 3:10:54 PM : ping
5/9/2021 3:10:54 PM : ping
5/9/2021 3:10:54 PM : ping
5/9/2021 3:10:55 PM : ping
5/9/2021 3:10:55 PM : ping
5/9/2021 3:10:55 PM : ping
5/9/2021 3:10:56 PM : ping
5/9/2021 3:10:56 PM : ping
5/9/2021 3:10:56 PM : ping
5/9/2021 3:10:57 PM : ping
5/9/2021 3:10:57 PM : ping
5/9/2021 3:10:57 PM : ping
5/9/2021 3:10:58 PM : ping
5/9/2021 3:10:58 PM : ping
5/9/2021 3:10:58 PM : ping
5/9/2021 3:10:59 PM : ping
5/9/2021 3:10:59 PM : ping
5/9/2021 3:10:59 PM : ping
5/9/2021 3:11:00 PM : ping
5/9/2021 3:11:00 PM : ping
5/9/2021 3:11:00 PM : ping
5/9/2021 3:11:01 PM : ping
5/9/2021 3:11:01 PM : ping
5/9/2021 3:11:02 PM : ping
5/9/2021 3:11:03 PM : ping
5/9/2021 3:11:03 PM : ping
5/9/2021 3:11:03 PM : ping
5/9/2021 3:11:04 PM : ping
5/9/2021 3:11:04 PM : ping
5/9/2021 3:11:04 PM : ping
5/9/2021 3:11:05 PM : ping
5/9/2021 3:11:05 PM : ping
5/9/2021 3:11:05 PM : ping
5/9/2021 3:11:06 PM : ping
5/9/2021 3:11:06 PM : ping
5/9/2021 3:11:06 PM : ping
5/9/2021 3:11:07 PM : ping
5/9/2021 3:11:07 PM : ping
5/9/2021 3:11:07 PM : ping
5/9/2021 3:11:08 PM : ping
5/9/2021 3:11:08 PM : ping
5/9/2021 3:11:08 PM : ping
5/9/2021 3:11:09 PM : ping
5/9/2021 3:11:09 PM : ping
5/9/2021 3:11:09 PM : ping
5/9/2021 3:11:10 PM : ping
5/9/2021 3:11:10 PM : ping
5/9/2021 3:11:10 PM : ping
5/9/2021 3:11:12 PM : ping
5/9/2021 3:11:12 PM : ping
5/9/2021 3:11:12 PM : ping
5/9/2021 3:11:13 PM : ping
5/9/2021 3:11:13 PM : ping
5/9/2021 3:11:13 PM : ping
5/9/2021 3:11:14 PM : ping
5/9/2021 3:11:14 PM : ping
5/9/2021 3:11:14 PM : ping
5/9/2021 3:11:15 PM : ping
5/9/2021 3:11:15 PM : ping
5/9/2021 3:11:15 PM : ping
5/9/2021 3:11:16 PM : ping
5/9/2021 3:11:16 PM : ping
5/9/2021 3:11:16 PM : ping
5/9/2021 3:11:17 PM : ping
5/9/2021 3:11:17 PM : ping
5/9/2021 3:11:17 PM : ping
5/9/2021 3:11:18 PM : ping
5/9/2021 3:11:18 PM : ping
5/9/2021 3:11:18 PM : ping
5/9/2021 3:11:19 PM : ping
5/9/2021 3:11:19 PM : ping
5/9/2021 3:11:19 PM : ping
5/9/2021 3:11:20 PM : ping
5/9/2021 3:11:20 PM : ping
5/9/2021 3:11:20 PM : ping
5/9/2021 3:11:22 PM : ping
5/9/2021 3:11:22 PM : ping
5/9/2021 3:11:22 PM : ping
5/9/2021 3:11:23 PM : ping
5/9/2021 3:11:23 PM : ping
5/9/2021 3:11:23 PM : ping
5/9/2021 3:11:24 PM : ping
5/9/2021 3:11:24 PM : ping
5/9/2021 3:11:24 PM : ping
5/9/2021 3:11:25 PM : ping
5/9/2021 3:11:25 PM : ping
5/9/2021 3:11:25 PM : ping
5/9/2021 3:11:26 PM : ping
5/9/2021 3:11:26 PM : ping
5/9/2021 3:11:26 PM : ping
5/9/2021 3:11:27 PM : ping
5/9/2021 3:11:27 PM : ping
5/9/2021 3:11:27 PM : ping
5/9/2021 3:11:28 PM : ping
5/9/2021 3:11:28 PM : ping
5/9/2021 3:11:28 PM : ping
5/9/2021 3:11:29 PM : ping
5/9/2021 3:11:29 PM : ping
5/9/2021 3:11:29 PM : ping
5/9/2021 3:11:30 PM : ping
5/9/2021 3:11:30 PM : ping
5/9/2021 3:11:30 PM : ping
5/9/2021 3:11:32 PM : ping
5/9/2021 3:11:32 PM : ping
5/9/2021 3:11:32 PM : ping
5/9/2021 3:11:33 PM : ping
5/9/2021 3:11:33 PM : ping
5/9/2021 3:11:33 PM : ping
5/9/2021 3:11:34 PM : ping
5/9/2021 3:11:34 PM : ping
5/9/2021 3:11:34 PM : ping
5/9/2021 3:11:35 PM : ping
5/9/2021 3:11:35 PM : ping
5/9/2021 3:11:35 PM : ping
5/9/2021 3:11:36 PM : ping
5/9/2021 3:11:36 PM : ping
5/9/2021 3:11:36 PM : ping
5/9/2021 3:11:37 PM : ping
5/9/2021 3:11:37 PM : ping
5/9/2021 3:11:37 PM : ping
5/9/2021 3:11:38 PM : ping
5/9/2021 3:11:38 PM : ping
5/9/2021 3:11:38 PM : ping
5/9/2021 3:11:39 PM : ping
5/9/2021 3:11:39 PM : ping
5/9/2021 3:11:39 PM : ping
5/9/2021 3:11:40 PM : ping
5/9/2021 3:11:40 PM : ping
5/9/2021 3:11:40 PM : ping
5/9/2021 3:11:42 PM : ping
5/9/2021 3:11:42 PM : ping
5/9/2021 3:11:42 PM : ping
5/9/2021 3:11:43 PM : ping
5/9/2021 3:11:43 PM : ping
5/9/2021 3:11:43 PM : ping
5/9/2021 3:11:44 PM : ping
5/9/2021 3:11:44 PM : ping
5/9/2021 3:11:44 PM : ping
5/9/2021 3:11:45 PM : ping
5/9/2021 3:11:45 PM : ping
5/9/2021 3:11:45 PM : ping
5/9/2021 3:11:46 PM : ping
5/9/2021 3:11:46 PM : ping
5/9/2021 3:11:46 PM : ping
5/9/2021 3:11:47 PM : ping
5/9/2021 3:11:47 PM : ping
5/9/2021 3:11:47 PM : ping
5/9/2021 3:11:48 PM : ping
5/9/2021 3:11:48 PM : ping
5/9/2021 3:11:48 PM : ping
5/9/2021 3:11:49 PM : ping
5/9/2021 3:11:49 PM : ping
5/9/2021 3:11:49 PM : ping
5/9/2021 3:11:50 PM : ping
5/9/2021 3:11:50 PM : ping
5/9/2021 3:11:50 PM : ping
5/9/2021 3:11:52 PM : ping
5/9/2021 3:11:52 PM : ping
5/9/2021 3:11:52 PM : ping
5/9/2021 3:11:53 PM : ping
5/9/2021 3:11:53 PM : ping
5/9/2021 3:11:53 PM : ping
5/9/2021 3:11:54 PM : ping
5/9/2021 3:11:54 PM : ping
5/9/2021 3:11:54 PM : ping
5/9/2021 3:11:55 PM : ping
5/9/2021 3:11:55 PM : ping
5/9/2021 3:11:55 PM : ping
5/9/2021 3:11:56 PM : ping
5/9/2021 3:11:56 PM : ping
5/9/2021 3:11:56 PM : ping
5/9/2021 3:11:57 PM : ping
5/9/2021 3:11:57 PM : ping
5/9/2021 3:11:57 PM : ping
5/9/2021 3:11:58 PM : ping
5/9/2021 3:11:58 PM : ping
5/9/2021 3:11:58 PM : ping
5/9/2021 3:11:59 PM : ping
5/9/2021 3:11:59 PM : ping
5/9/2021 3:11:59 PM : ping
5/9/2021 3:12:00 PM : ping
5/9/2021 3:12:00 PM : ping
5/9/2021 3:12:00 PM : ping
5/9/2021 3:12:02 PM : ping
5/9/2021 3:12:02 PM : ping
5/9/2021 3:12:02 PM : ping
5/9/2021 3:12:03 PM : ping
5/9/2021 3:12:03 PM : ping
5/9/2021 3:12:03 PM : ping
5/9/2021 3:12:04 PM : ping
5/9/2021 3:12:04 PM : ping
5/9/2021 3:12:04 PM : ping
5/9/2021 3:12:05 PM : ping
5/9/2021 3:12:05 PM : ping
5/9/2021 3:12:05 PM : ping
5/9/2021 3:12:06 PM : ping
5/9/2021 3:12:06 PM : ping
5/9/2021 3:12:06 PM : ping
5/9/2021 3:12:07 PM : ping
5/9/2021 3:12:07 PM : ping
5/9/2021 3:12:07 PM : ping
5/9/2021 3:12:08 PM : ping
5/9/2021 3:12:08 PM : ping
5/9/2021 3:12:08 PM : ping
5/9/2021 3:12:09 PM : ping
5/9/2021 3:12:09 PM : ping
5/9/2021 3:12:09 PM : ping
5/9/2021 3:12:10 PM : ping
5/9/2021 3:12:10 PM : ping
5/9/2021 3:12:10 PM : ping
5/9/2021 3:12:12 PM : ping
5/9/2021 3:12:12 PM : ping
5/9/2021 3:12:12 PM : ping
5/9/2021 3:12:13 PM : ping
5/9/2021 3:12:13 PM : ping
5/9/2021 3:12:13 PM : ping
5/9/2021 3:12:14 PM : ping
5/9/2021 3:12:14 PM : ping
5/9/2021 3:12:14 PM : ping
5/9/2021 3:12:15 PM : ping
5/9/2021 3:12:15 PM : ping
5/9/2021 3:12:15 PM : ping
5/9/2021 3:12:16 PM : ping
5/9/2021 3:12:16 PM : ping
5/9/2021 3:12:16 PM : ping
5/9/2021 3:12:17 PM : ping
5/9/2021 3:12:17 PM : ping
5/9/2021 3:12:17 PM : ping
5/9/2021 3:12:18 PM : ping
5/9/2021 3:12:18 PM : ping
5/9/2021 3:12:18 PM : ping
5/9/2021 3:12:19 PM : ping
5/9/2021 3:12:19 PM : ping
5/9/2021 3:12:19 PM : ping
5/9/2021 3:12:20 PM : ping
5/9/2021 3:12:20 PM : ping
5/9/2021 3:12:20 PM : ping
5/9/2021 3:12:22 PM : ping
5/9/2021 3:12:22 PM : ping
5/9/2021 3:12:22 PM : ping
5/9/2021 3:12:23 PM : ping
5/9/2021 3:12:23 PM : ping
5/9/2021 3:12:23 PM : ping
5/9/2021 3:12:24 PM : ping
5/9/2021 3:12:24 PM : ping
5/9/2021 3:12:24 PM : ping
5/9/2021 3:12:25 PM : ping
5/9/2021 3:12:25 PM : ping
5/9/2021 3:12:25 PM : ping
5/9/2021 3:12:26 PM : ping
5/9/2021 3:12:26 PM : ping
5/9/2021 3:12:26 PM : ping
5/9/2021 3:12:27 PM : ping
5/9/2021 3:12:27 PM : ping
5/9/2021 3:12:27 PM : ping
5/9/2021 3:12:28 PM : ping
5/9/2021 3:12:28 PM : ping
5/9/2021 3:12:28 PM : ping
5/9/2021 3:12:29 PM : ping
5/9/2021 3:12:29 PM : ping
5/9/2021 3:12:29 PM : ping
5/9/2021 3:12:30 PM : ping
5/9/2021 3:12:30 PM : ping
5/9/2021 3:12:30 PM : ping
5/9/2021 3:12:32 PM : ping
5/9/2021 3:12:32 PM : ping
5/9/2021 3:12:32 PM : ping
5/9/2021 3:12:33 PM : ping
5/9/2021 3:12:33 PM : ping
5/9/2021 3:12:33 PM : ping
5/9/2021 3:12:34 PM : ping
5/9/2021 3:12:34 PM : ping
5/9/2021 3:12:34 PM : ping
5/9/2021 3:12:35 PM : ping
5/9/2021 3:12:35 PM : ping
5/9/2021 3:12:35 PM : ping
5/9/2021 3:12:36 PM : ping
5/9/2021 3:12:36 PM : ping
5/9/2021 3:12:36 PM : ping
5/9/2021 3:12:37 PM : ping
5/9/2021 3:12:37 PM : ping
5/9/2021 3:12:37 PM : ping
5/9/2021 3:12:38 PM : ping
5/9/2021 3:12:38 PM : ping
5/9/2021 3:12:38 PM : ping
5/9/2021 3:12:39 PM : ping
5/9/2021 3:12:39 PM : ping
5/9/2021 3:12:39 PM : ping
5/9/2021 3:12:40 PM : ping
5/9/2021 3:12:40 PM : ping
5/9/2021 3:12:40 PM : ping
5/9/2021 3:12:42 PM : ping
5/9/2021 3:12:42 PM : ping
5/9/2021 3:12:42 PM : ping
5/9/2021 3:12:43 PM : ping
5/9/2021 3:12:43 PM : ping
5/9/2021 3:12:43 PM : ping
5/9/2021 3:12:44 PM : ping
5/9/2021 3:12:44 PM : ping
5/9/2021 3:12:44 PM : ping
5/9/2021 3:12:45 PM : ping
5/9/2021 3:12:45 PM : ping
5/9/2021 3:12:45 PM : ping
5/9/2021 3:12:46 PM : ping
5/9/2021 3:12:46 PM : ping
5/9/2021 3:12:46 PM : ping
5/9/2021 3:12:47 PM : ping
5/9/2021 3:12:47 PM : ping
5/9/2021 3:12:47 PM : ping
5/9/2021 3:12:48 PM : ping
5/9/2021 3:12:48 PM : ping
5/9/2021 3:12:48 PM : ping
5/9/2021 3:12:49 PM : ping
5/9/2021 3:12:49 PM : ping
5/9/2021 3:12:49 PM : ping
5/9/2021 3:12:50 PM : ping
5/9/2021 3:12:50 PM : ping
5/9/2021 3:12:50 PM : ping
5/9/2021 3:12:52 PM : ping
5/9/2021 3:12:52 PM : ping
5/9/2021 3:12:52 PM : ping
5/9/2021 3:12:53 PM : ping
5/9/2021 3:12:53 PM : ping
5/9/2021 3:12:53 PM : ping
5/9/2021 3:12:54 PM : ping
5/9/2021 3:12:54 PM : ping
5/9/2021 3:12:54 PM : ping
5/9/2021 3:12:55 PM : ping
5/9/2021 3:12:55 PM : ping
5/9/2021 3:12:55 PM : ping
5/9/2021 3:12:56 PM : ping
5/9/2021 3:12:56 PM : ping
5/9/2021 3:12:56 PM : ping
5/9/2021 3:12:57 PM : ping
5/9/2021 3:12:57 PM : ping
5/9/2021 3:12:57 PM : ping
5/9/2021 3:12:58 PM : ping
5/9/2021 3:12:58 PM : ping
5/9/2021 3:12:58 PM : ping
5/9/2021 3:12:59 PM : ping
5/9/2021 3:12:59 PM : ping
5/9/2021 3:12:59 PM : ping
5/9/2021 3:12:59 PM : kService.requestChannels.Count :74
5/9/2021 3:12:59 PM : kService.requestChannels.Count :74
5/9/2021 3:13:00 PM : kService.requestChannels.Count :73
5/9/2021 3:13:00 PM : kService.requestChannels.Count :73
5/9/2021 3:13:00 PM : kService.requestChannels.Count :72
5/9/2021 3:13:00 PM : kService.requestChannels.Count :72
5/9/2021 3:13:00 PM : kService.requestChannels.Count :71
5/9/2021 3:13:00 PM : kService.requestChannels.Count :71
5/9/2021 3:13:00 PM : kService.requestChannels.Count :70
5/9/2021 3:13:00 PM : kService.requestChannels.Count :70
5/9/2021 3:13:00 PM : kService.requestChannels.Count :69
5/9/2021 3:13:00 PM : kService.requestChannels.Count :69
5/9/2021 3:13:00 PM : ping
5/9/2021 3:13:00 PM : ping
5/9/2021 3:13:00 PM : ping
5/9/2021 3:13:00 PM : kService.requestChannels.Count :68
5/9/2021 3:13:00 PM : kService.requestChannels.Count :68
5/9/2021 3:13:00 PM : kService.requestChannels.Count :67
5/9/2021 3:13:00 PM : kService.requestChannels.Count :67
5/9/2021 3:13:01 PM : kService.requestChannels.Count :66
5/9/2021 3:13:01 PM : kService.requestChannels.Count :66
5/9/2021 3:13:01 PM : kService.requestChannels.Count :65
5/9/2021 3:13:01 PM : kService.requestChannels.Count :65
5/9/2021 3:13:01 PM : kService.requestChannels.Count :64
5/9/2021 3:13:01 PM : kService.requestChannels.Count :64
5/9/2021 3:13:01 PM : kService.requestChannels.Count :63
5/9/2021 3:13:01 PM : kService.requestChannels.Count :63
5/9/2021 3:13:01 PM : kService.requestChannels.Count :62
5/9/2021 3:13:01 PM : kService.requestChannels.Count :62
5/9/2021 3:13:01 PM : kService.requestChannels.Count :61
5/9/2021 3:13:01 PM : kService.requestChannels.Count :61
5/9/2021 3:13:02 PM : ping
5/9/2021 3:13:02 PM : ping
5/9/2021 3:13:02 PM : ping
5/9/2021 3:13:02 PM : kService.requestChannels.Count :60
5/9/2021 3:13:02 PM : kService.requestChannels.Count :60
5/9/2021 3:13:02 PM : kService.requestChannels.Count :59
5/9/2021 3:13:02 PM : kService.requestChannels.Count :59
5/9/2021 3:13:02 PM : kService.requestChannels.Count :58
5/9/2021 3:13:02 PM : kService.requestChannels.Count :58
5/9/2021 3:13:02 PM : kService.requestChannels.Count :57
5/9/2021 3:13:02 PM : kService.requestChannels.Count :57
5/9/2021 3:13:02 PM : kService.requestChannels.Count :56
5/9/2021 3:13:02 PM : kService.requestChannels.Count :56
5/9/2021 3:13:02 PM : kService.requestChannels.Count :55
5/9/2021 3:13:02 PM : kService.requestChannels.Count :55
5/9/2021 3:13:02 PM : kService.requestChannels.Count :54
5/9/2021 3:13:02 PM : kService.requestChannels.Count :54
5/9/2021 3:13:02 PM : kService.requestChannels.Count :53
5/9/2021 3:13:02 PM : kService.requestChannels.Count :53
5/9/2021 3:13:02 PM : kService.requestChannels.Count :52
5/9/2021 3:13:02 PM : kService.requestChannels.Count :52
5/9/2021 3:13:02 PM : kService.requestChannels.Count :51
5/9/2021 3:13:02 PM : kService.requestChannels.Count :51
5/9/2021 3:13:03 PM : kService.requestChannels.Count :50
5/9/2021 3:13:03 PM : kService.requestChannels.Count :50
5/9/2021 3:13:03 PM : ping
5/9/2021 3:13:03 PM : ping
5/9/2021 3:13:03 PM : ping
5/9/2021 3:13:03 PM : kService.requestChannels.Count :49
5/9/2021 3:13:03 PM : kService.requestChannels.Count :49
5/9/2021 3:13:03 PM : kService.requestChannels.Count :48
5/9/2021 3:13:03 PM : kService.requestChannels.Count :48
5/9/2021 3:13:03 PM : kService.requestChannels.Count :47
5/9/2021 3:13:03 PM : kService.requestChannels.Count :47
5/9/2021 3:13:03 PM : kService.requestChannels.Count :46
5/9/2021 3:13:03 PM : kService.requestChannels.Count :46
5/9/2021 3:13:03 PM : kService.requestChannels.Count :45
5/9/2021 3:13:03 PM : kService.requestChannels.Count :45
5/9/2021 3:13:03 PM : kService.requestChannels.Count :44
5/9/2021 3:13:03 PM : kService.requestChannels.Count :44
5/9/2021 3:13:03 PM : kService.requestChannels.Count :43
5/9/2021 3:13:03 PM : kService.requestChannels.Count :43
5/9/2021 3:13:04 PM : kService.requestChannels.Count :42
5/9/2021 3:13:04 PM : kService.requestChannels.Count :42
5/9/2021 3:13:04 PM : kService.requestChannels.Count :41
5/9/2021 3:13:04 PM : kService.requestChannels.Count :41
5/9/2021 3:13:04 PM : ping
5/9/2021 3:13:04 PM : ping
5/9/2021 3:13:04 PM : ping
5/9/2021 3:13:04 PM : kService.requestChannels.Count :40
5/9/2021 3:13:04 PM : kService.requestChannels.Count :40
5/9/2021 3:13:04 PM : kService.requestChannels.Count :39
5/9/2021 3:13:04 PM : kService.requestChannels.Count :39
5/9/2021 3:13:04 PM : kService.requestChannels.Count :38
5/9/2021 3:13:04 PM : kService.requestChannels.Count :38
5/9/2021 3:13:05 PM : kService.requestChannels.Count :37
5/9/2021 3:13:05 PM : kService.requestChannels.Count :37
5/9/2021 3:13:05 PM : kService.requestChannels.Count :36
5/9/2021 3:13:05 PM : kService.requestChannels.Count :36
5/9/2021 3:13:05 PM : ping
5/9/2021 3:13:05 PM : ping
5/9/2021 3:13:05 PM : ping
5/9/2021 3:13:05 PM : kService.requestChannels.Count :35
5/9/2021 3:13:05 PM : kService.requestChannels.Count :35
5/9/2021 3:13:05 PM : kService.requestChannels.Count :34
5/9/2021 3:13:05 PM : kService.requestChannels.Count :34
5/9/2021 3:13:05 PM : kService.requestChannels.Count :33
5/9/2021 3:13:05 PM : kService.requestChannels.Count :33
5/9/2021 3:13:05 PM : kService.requestChannels.Count :32
5/9/2021 3:13:05 PM : kService.requestChannels.Count :32
5/9/2021 3:13:05 PM : kService.requestChannels.Count :31
5/9/2021 3:13:05 PM : kService.requestChannels.Count :31
5/9/2021 3:13:06 PM : kService.requestChannels.Count :30
5/9/2021 3:13:06 PM : kService.requestChannels.Count :30
5/9/2021 3:13:06 PM : kService.requestChannels.Count :29
5/9/2021 3:13:06 PM : kService.requestChannels.Count :29
5/9/2021 3:13:06 PM : ping
5/9/2021 3:13:06 PM : ping
5/9/2021 3:13:06 PM : ping
5/9/2021 3:13:06 PM : kService.requestChannels.Count :28
5/9/2021 3:13:06 PM : kService.requestChannels.Count :28
5/9/2021 3:13:06 PM : kService.requestChannels.Count :27
5/9/2021 3:13:06 PM : kService.requestChannels.Count :27
5/9/2021 3:13:06 PM : kService.requestChannels.Count :26
5/9/2021 3:13:06 PM : kService.requestChannels.Count :26
5/9/2021 3:13:06 PM : kService.requestChannels.Count :25
5/9/2021 3:13:06 PM : kService.requestChannels.Count :25
5/9/2021 3:13:07 PM : kService.requestChannels.Count :24
5/9/2021 3:13:07 PM : kService.requestChannels.Count :24
5/9/2021 3:13:07 PM : kService.requestChannels.Count :23
5/9/2021 3:13:07 PM : kService.requestChannels.Count :23
5/9/2021 3:13:07 PM : kService.requestChannels.Count :22
5/9/2021 3:13:07 PM : kService.requestChannels.Count :22
5/9/2021 3:13:07 PM : kService.requestChannels.Count :21
5/9/2021 3:13:07 PM : kService.requestChannels.Count :21
5/9/2021 3:13:07 PM : ping
5/9/2021 3:13:07 PM : ping
5/9/2021 3:13:07 PM : kService.requestChannels.Count :20
5/9/2021 3:13:07 PM : kService.requestChannels.Count :20
5/9/2021 3:13:07 PM : ping
5/9/2021 3:13:07 PM : kService.requestChannels.Count :19
5/9/2021 3:13:07 PM : kService.requestChannels.Count :19
5/9/2021 3:13:07 PM : kService.requestChannels.Count :18
5/9/2021 3:13:07 PM : kService.requestChannels.Count :18
5/9/2021 3:13:08 PM : kService.requestChannels.Count :17
5/9/2021 3:13:08 PM : kService.requestChannels.Count :17
5/9/2021 3:13:08 PM : kService.requestChannels.Count :16
5/9/2021 3:13:08 PM : kService.requestChannels.Count :16
5/9/2021 3:13:08 PM : kService.requestChannels.Count :15
5/9/2021 3:13:08 PM : kService.requestChannels.Count :15
5/9/2021 3:13:08 PM : kService.requestChannels.Count :14
5/9/2021 3:13:08 PM : kService.requestChannels.Count :14
5/9/2021 3:13:08 PM : ping
5/9/2021 3:13:08 PM : ping
5/9/2021 3:13:08 PM : ping
5/9/2021 3:13:08 PM : kService.requestChannels.Count :13
5/9/2021 3:13:08 PM : kService.requestChannels.Count :13
5/9/2021 3:13:08 PM : kService.requestChannels.Count :12
5/9/2021 3:13:08 PM : kService.requestChannels.Count :12
5/9/2021 3:13:09 PM : kService.requestChannels.Count :11
5/9/2021 3:13:09 PM : kService.requestChannels.Count :11
5/9/2021 3:13:09 PM : kService.requestChannels.Count :10
5/9/2021 3:13:09 PM : kService.requestChannels.Count :10
5/9/2021 3:13:09 PM : ping
5/9/2021 3:13:09 PM : ping
5/9/2021 3:13:09 PM : ping
5/9/2021 3:13:09 PM : kService.requestChannels.Count :9
5/9/2021 3:13:09 PM : kService.requestChannels.Count :9
5/9/2021 3:13:09 PM : kService.requestChannels.Count :8
5/9/2021 3:13:09 PM : kService.requestChannels.Count :8
5/9/2021 3:13:09 PM : kService.requestChannels.Count :7
5/9/2021 3:13:09 PM : kService.requestChannels.Count :7
5/9/2021 3:13:10 PM : kService.requestChannels.Count :6
5/9/2021 3:13:10 PM : kService.requestChannels.Count :6
5/9/2021 3:13:10 PM : kService.requestChannels.Count :5
5/9/2021 3:13:10 PM : kService.requestChannels.Count :5
5/9/2021 3:13:10 PM : kService.requestChannels.Count :4
5/9/2021 3:13:10 PM : kService.requestChannels.Count :4
5/9/2021 3:13:10 PM : kService.requestChannels.Count :3
5/9/2021 3:13:10 PM : kService.requestChannels.Count :3
5/9/2021 3:13:10 PM : kService.requestChannels.Count :2
5/9/2021 3:13:10 PM : kService.requestChannels.Count :2
5/9/2021 3:13:10 PM : kService.requestChannels.Count :1
5/9/2021 3:13:10 PM : kService.requestChannels.Count :1
5/9/2021 3:13:10 PM : ping
5/9/2021 3:13:10 PM : ping
5/9/2021 3:13:10 PM : ping
5/9/2021 3:13:10 PM : kService.requestChannels.Count :0
5/9/2021 3:13:10 PM : kService.requestChannels.Count :0
5/9/2021 3:13:12 PM : ping
5/9/2021 3:13:12 PM : ping
5/9/2021 3:13:12 PM : ping
5/9/2021 3:13:13 PM : ping
5/9/2021 3:13:13 PM : ping
5/9/2021 3:13:13 PM : ping
5/9/2021 3:13:14 PM : ping
5/9/2021 3:13:14 PM : ping
5/9/2021 3:13:14 PM : ping
5/9/2021 3:13:15 PM : ping
5/9/2021 3:13:15 PM : ping
5/9/2021 3:13:15 PM : ping
5/9/2021 3:13:16 PM : ping
5/9/2021 3:13:16 PM : ping
5/9/2021 3:13:16 PM : ping
5/9/2021 3:13:17 PM : ping
5/9/2021 3:13:17 PM : ping
5/9/2021 3:13:17 PM : ping
5/9/2021 3:13:18 PM : ping
5/9/2021 3:13:18 PM : ping
5/9/2021 3:13:18 PM : ping
5/9/2021 3:13:19 PM : ping
5/9/2021 3:13:19 PM : ping
5/9/2021 3:13:19 PM : ping
5/9/2021 3:13:20 PM : ping
5/9/2021 3:13:20 PM : ping
5/9/2021 3:13:20 PM : ping
5/9/2021 3:13:22 PM : ping
5/9/2021 3:13:22 PM : ping
5/9/2021 3:13:22 PM : ping
5/9/2021 3:13:23 PM : ping
5/9/2021 3:13:23 PM : ping
5/9/2021 3:13:23 PM : ping
5/9/2021 3:13:24 PM : ping
5/9/2021 3:13:24 PM : ping
5/9/2021 3:13:24 PM : ping
5/9/2021 3:13:25 PM : ping
5/9/2021 3:13:25 PM : ping
5/9/2021 3:13:25 PM : ping
5/9/2021 3:13:26 PM : ping
5/9/2021 3:13:26 PM : ping
5/9/2021 3:13:26 PM : ping
5/9/2021 3:13:27 PM : ping
5/9/2021 3:13:27 PM : ping
5/9/2021 3:13:27 PM : ping
5/9/2021 3:13:28 PM : ping
5/9/2021 3:13:28 PM : ping
5/9/2021 3:13:28 PM : ping
5/9/2021 3:13:29 PM : ping
5/9/2021 3:13:29 PM : ping
5/9/2021 3:13:29 PM : ping
5/9/2021 3:13:29 PM : launch server at port: 7003
5/9/2021 3:13:30 PM : launch server at port: 7004
5/9/2021 3:13:30 PM : launch server at port: 7005
5/9/2021 3:13:30 PM : ping
5/9/2021 3:13:30 PM : ping
5/9/2021 3:13:30 PM : ping
5/9/2021 3:13:32 PM : ping
5/9/2021 3:13:32 PM : ping
5/9/2021 3:13:32 PM : ping
5/9/2021 3:13:33 PM : ping
5/9/2021 3:13:33 PM : ping
5/9/2021 3:13:33 PM : ping
5/9/2021 3:13:34 PM : ping
5/9/2021 3:13:34 PM : ping
5/9/2021 3:13:34 PM : ping
5/9/2021 3:13:35 PM : ping
5/9/2021 3:13:35 PM : ping
5/9/2021 3:13:35 PM : ping
5/9/2021 3:13:35 PM : launch server at port: 7006
5/9/2021 3:13:36 PM : ping
5/9/2021 3:13:36 PM : ping
5/9/2021 3:13:36 PM : ping
5/9/2021 3:13:36 PM : launch server at port: 7007
5/9/2021 3:13:37 PM : ping
5/9/2021 3:13:37 PM : ping
5/9/2021 3:13:37 PM : ping
5/9/2021 3:13:38 PM : ping
5/9/2021 3:13:38 PM : ping
5/9/2021 3:13:38 PM : ping
5/9/2021 3:13:39 PM : ping
5/9/2021 3:13:39 PM : ping
5/9/2021 3:13:39 PM : ping
5/9/2021 3:13:40 PM : ping
5/9/2021 3:13:40 PM : ping
5/9/2021 3:13:40 PM : ping
5/9/2021 3:13:42 PM : ping
5/9/2021 3:13:42 PM : ping
5/9/2021 3:13:42 PM : ping
5/9/2021 3:13:43 PM : ping
5/9/2021 3:13:43 PM : ping
5/9/2021 3:13:43 PM : ping
5/9/2021 3:13:44 PM : ping
5/9/2021 3:13:44 PM : ping
5/9/2021 3:13:44 PM : ping
5/9/2021 3:13:45 PM : ping
5/9/2021 3:13:45 PM : ping
5/9/2021 3:13:45 PM : ping
5/9/2021 3:13:46 PM : ping
5/9/2021 3:13:46 PM : ping
5/9/2021 3:13:46 PM : ping
5/9/2021 3:13:47 PM : ping
5/9/2021 3:13:47 PM : ping
5/9/2021 3:13:47 PM : ping
5/9/2021 3:13:48 PM : ping
5/9/2021 3:13:48 PM : ping
5/9/2021 3:13:48 PM : ping
5/9/2021 3:13:49 PM : ping
5/9/2021 3:13:49 PM : ping
5/9/2021 3:13:49 PM : ping
5/9/2021 3:13:50 PM : ~KChannel()
5/9/2021 3:13:50 PM : ~KChannel()
5/9/2021 3:13:50 PM : ~KChannel()
5/9/2021 3:13:50 PM : ping
5/9/2021 3:13:50 PM : ping
5/9/2021 3:13:50 PM : ping
5/9/2021 3:13:52 PM : ping
5/9/2021 3:13:52 PM : ping
5/9/2021 3:13:52 PM : ping
5/9/2021 3:13:53 PM : ping
5/9/2021 3:13:53 PM : ping
5/9/2021 3:13:53 PM : ping
5/9/2021 3:13:54 PM : ping
5/9/2021 3:13:54 PM : ping
5/9/2021 3:13:54 PM : ping
5/9/2021 3:13:55 PM : ping
5/9/2021 3:13:55 PM : ping
5/9/2021 3:13:55 PM : ping
5/9/2021 3:13:56 PM : ping
5/9/2021 3:13:56 PM : ping
5/9/2021 3:13:56 PM : ping
5/9/2021 3:13:57 PM : ping
5/9/2021 3:13:57 PM : ping
5/9/2021 3:13:57 PM : ping
5/9/2021 3:13:58 PM : ping
5/9/2021 3:13:58 PM : ping
5/9/2021 3:13:58 PM : ping
5/9/2021 3:13:59 PM : ping
5/9/2021 3:13:59 PM : ping
5/9/2021 3:13:59 PM : ping
5/9/2021 3:14:00 PM : ping
5/9/2021 3:14:00 PM : ping
5/9/2021 3:14:00 PM : ping
5/9/2021 3:14:02 PM : ping
5/9/2021 3:14:02 PM : ping
5/9/2021 3:14:02 PM : ping
5/9/2021 3:14:03 PM : ping
5/9/2021 3:14:03 PM : ping
5/9/2021 3:14:03 PM : ping
5/9/2021 3:14:04 PM : ping
5/9/2021 3:14:04 PM : ping
5/9/2021 3:14:04 PM : ping
5/9/2021 3:14:05 PM : ping
5/9/2021 3:14:05 PM : ping
5/9/2021 3:14:05 PM : ping
5/9/2021 3:14:06 PM : ping
5/9/2021 3:14:06 PM : ping
5/9/2021 3:14:06 PM : ping
5/9/2021 3:14:07 PM : ping
5/9/2021 3:14:07 PM : ping
5/9/2021 3:14:07 PM : ping
5/9/2021 3:14:08 PM : ~KChannel()
5/9/2021 3:14:08 PM : ~KChannel()
5/9/2021 3:14:08 PM : ~KChannel()
5/9/2021 3:14:08 PM : ~KChannel()
5/9/2021 3:14:08 PM : ~KChannel()
5/9/2021 3:14:08 PM : ~KChannel()
5/9/2021 3:14:08 PM : ~KChannel()
5/9/2021 3:14:08 PM : ~KChannel()
5/9/2021 3:14:08 PM : ~KChannel()
5/9/2021 3:14:08 PM : ~KChannel()
5/9/2021 3:14:08 PM : ~KChannel()
5/9/2021 3:14:08 PM : ~KChannel()
5/9/2021 3:14:08 PM : ~KChannel()
5/9/2021 3:14:08 PM : ~KChannel()
5/9/2021 3:14:08 PM : ~KChannel()
5/9/2021 3:14:08 PM : ~KChannel()
5/9/2021 3:14:08 PM : ~KChannel()
5/9/2021 3:14:08 PM : ~KChannel()
5/9/2021 3:14:08 PM : ~KChannel()
5/9/2021 3:14:08 PM : ~KChannel()
5/9/2021 3:14:08 PM : ~KChannel()
5/9/2021 3:14:08 PM : ~KChannel()
5/9/2021 3:14:08 PM : ~KChannel()
5/9/2021 3:14:08 PM : ~KChannel()
5/9/2021 3:14:08 PM : ~KChannel()
5/9/2021 3:14:08 PM : ~KChannel()
5/9/2021 3:14:08 PM : ~KChannel()
5/9/2021 3:14:08 PM : ~KChannel()
5/9/2021 3:14:08 PM : ~KChannel()
5/9/2021 3:14:08 PM : ~KChannel()
5/9/2021 3:14:08 PM : ~KChannel()
5/9/2021 3:14:08 PM : ~KChannel()
5/9/2021 3:14:08 PM : ~KChannel()
5/9/2021 3:14:08 PM : ~KChannel()
5/9/2021 3:14:08 PM : ~KChannel()
5/9/2021 3:14:08 PM : ~KChannel()
5/9/2021 3:14:08 PM : ~KChannel()
5/9/2021 3:14:08 PM : ~KChannel()
5/9/2021 3:14:08 PM : ~KChannel()
5/9/2021 3:14:08 PM : ~KChannel()
5/9/2021 3:14:08 PM : ~KChannel()
5/9/2021 3:14:08 PM : ~KChannel()
5/9/2021 3:14:08 PM : ~KChannel()
5/9/2021 3:14:08 PM : ~KChannel()
5/9/2021 3:14:08 PM : ~KChannel()
5/9/2021 3:14:08 PM : ~KChannel()
5/9/2021 3:14:08 PM : ~KChannel()
5/9/2021 3:14:08 PM : ~KChannel()
5/9/2021 3:14:08 PM : ~KChannel()
5/9/2021 3:14:08 PM : ~KChannel()
5/9/2021 3:14:08 PM : ~KChannel()
5/9/2021 3:14:08 PM : ~KChannel()
5/9/2021 3:14:08 PM : ~KChannel()
5/9/2021 3:14:08 PM : ~KChannel()
5/9/2021 3:14:08 PM : ~KChannel()
5/9/2021 3:14:08 PM : ~KChannel()
5/9/2021 3:14:08 PM : ~KChannel()
5/9/2021 3:14:08 PM : ~KChannel()
5/9/2021 3:14:08 PM : ~KChannel()
5/9/2021 3:14:08 PM : ~KChannel()
5/9/2021 3:14:08 PM : ~KChannel()
5/9/2021 3:14:08 PM : ~KChannel()
5/9/2021 3:14:08 PM : ~KChannel()
5/9/2021 3:14:08 PM : ~KChannel()
5/9/2021 3:14:08 PM : ~KChannel()
5/9/2021 3:14:08 PM : ~KChannel()
5/9/2021 3:14:08 PM : ~KChannel()
5/9/2021 3:14:08 PM : ~KChannel()
5/9/2021 3:14:08 PM : ~KChannel()
5/9/2021 3:14:08 PM : ~KChannel()
5/9/2021 3:14:08 PM : ~KChannel()
5/9/2021 3:14:08 PM : ~KChannel()
5/9/2021 3:14:08 PM : ping
5/9/2021 3:14:08 PM : ping
5/9/2021 3:14:08 PM : ping
5/9/2021 3:14:09 PM : ping
5/9/2021 3:14:09 PM : ping
5/9/2021 3:14:09 PM : ping
5/9/2021 3:14:10 PM : ping
5/9/2021 3:14:10 PM : ping
5/9/2021 3:14:10 PM : ping
5/9/2021 3:14:12 PM : ping
5/9/2021 3:14:12 PM : ping
5/9/2021 3:14:12 PM : ping
5/9/2021 3:14:13 PM : ping
5/9/2021 3:14:13 PM : ping
5/9/2021 3:14:13 PM : ping
5/9/2021 3:14:14 PM : ping
5/9/2021 3:14:14 PM : ping
5/9/2021 3:14:14 PM : ping
5/9/2021 3:14:15 PM : ping
5/9/2021 3:14:15 PM : ping
5/9/2021 3:14:15 PM : ping
5/9/2021 3:14:16 PM : ping
5/9/2021 3:14:16 PM : ping
5/9/2021 3:14:16 PM : ping
5/9/2021 3:14:17 PM : ping
5/9/2021 3:14:17 PM : ping
5/9/2021 3:14:17 PM : ping
5/9/2021 3:14:18 PM : ping
5/9/2021 3:14:18 PM : ping
5/9/2021 3:14:18 PM : ping
5/9/2021 3:14:19 PM : ping
5/9/2021 3:14:19 PM : ping
5/9/2021 3:14:19 PM : ping
5/9/2021 3:14:20 PM : ping
5/9/2021 3:14:20 PM : ping
5/9/2021 3:14:20 PM : ping
5/9/2021 3:14:22 PM : ping
5/9/2021 3:14:22 PM : ping
5/9/2021 3:14:22 PM : ping
5/9/2021 3:14:23 PM : ping
5/9/2021 3:14:23 PM : ping
5/9/2021 3:14:23 PM : ping
5/9/2021 3:14:24 PM : ping
5/9/2021 3:14:24 PM : ping
5/9/2021 3:14:24 PM : ping
5/9/2021 3:14:25 PM : ping
5/9/2021 3:14:25 PM : ping
5/9/2021 3:14:25 PM : ping
5/9/2021 3:14:26 PM : ping
5/9/2021 3:14:26 PM : ping
5/9/2021 3:14:26 PM : ping
5/9/2021 3:14:27 PM : ping
5/9/2021 3:14:27 PM : ping
5/9/2021 3:14:27 PM : ping
5/9/2021 3:14:28 PM : ping
5/9/2021 3:14:28 PM : ping
5/9/2021 3:14:28 PM : ping
5/9/2021 3:14:29 PM : ping
5/9/2021 3:14:29 PM : ping
5/9/2021 3:14:29 PM : ping
5/9/2021 3:14:30 PM : ping
5/9/2021 3:14:30 PM : ping
5/9/2021 3:14:30 PM : ping
5/9/2021 3:14:32 PM : ping
5/9/2021 3:14:32 PM : ping
5/9/2021 3:14:32 PM : ping
5/9/2021 3:14:33 PM : ping
5/9/2021 3:14:33 PM : ping
5/9/2021 3:14:33 PM : ping
5/9/2021 3:14:34 PM : ping
5/9/2021 3:14:34 PM : ping
5/9/2021 3:14:34 PM : ping
5/9/2021 3:14:35 PM : ping
5/9/2021 3:14:35 PM : ping
5/9/2021 3:14:35 PM : ping
5/9/2021 3:14:36 PM : ping
5/9/2021 3:14:36 PM : ping
5/9/2021 3:14:36 PM : ping
5/9/2021 3:14:37 PM : ping
5/9/2021 3:14:37 PM : ping
5/9/2021 3:14:37 PM : ping
5/9/2021 3:14:38 PM : ping
5/9/2021 3:14:38 PM : ping
5/9/2021 3:14:38 PM : ping
5/9/2021 3:14:39 PM : ping
5/9/2021 3:14:39 PM : ping
5/9/2021 3:14:39 PM : ping
5/9/2021 3:14:40 PM : ping
5/9/2021 3:14:40 PM : ping
5/9/2021 3:14:40 PM : ping
5/9/2021 3:14:42 PM : ping
5/9/2021 3:14:42 PM : ping
5/9/2021 3:14:42 PM : ping
5/9/2021 3:14:43 PM : ping
5/9/2021 3:14:43 PM : ping
5/9/2021 3:14:43 PM : ping
5/9/2021 3:14:44 PM : ping
5/9/2021 3:14:44 PM : ping
5/9/2021 3:14:44 PM : ping
5/9/2021 3:14:45 PM : ping
5/9/2021 3:14:45 PM : ping
5/9/2021 3:14:45 PM : ping
5/9/2021 3:14:46 PM : ping
5/9/2021 3:14:46 PM : ping
5/9/2021 3:14:46 PM : ping
5/9/2021 3:14:47 PM : ping
5/9/2021 3:14:47 PM : ping
5/9/2021 3:14:47 PM : ping
5/9/2021 3:14:48 PM : ping
5/9/2021 3:14:48 PM : ping
5/9/2021 3:14:48 PM : ping
5/9/2021 3:14:49 PM : ping
5/9/2021 3:14:49 PM : ping
5/9/2021 3:14:49 PM : ping
5/9/2021 3:14:50 PM : ping
5/9/2021 3:14:50 PM : ping
5/9/2021 3:14:50 PM : ping
5/9/2021 3:14:52 PM : ping
5/9/2021 3:14:52 PM : ping
5/9/2021 3:14:52 PM : ping
5/9/2021 3:14:53 PM : ping
5/9/2021 3:14:53 PM : ping
5/9/2021 3:14:53 PM : ping
5/9/2021 3:14:54 PM : ping
5/9/2021 3:14:54 PM : ping
5/9/2021 3:14:54 PM : ping
5/9/2021 3:14:55 PM : ping
5/9/2021 3:14:55 PM : ping
5/9/2021 3:14:55 PM : ping
5/9/2021 3:14:56 PM : ping
5/9/2021 3:14:56 PM : ping
5/9/2021 3:14:56 PM : ping
5/9/2021 3:14:57 PM : ping
5/9/2021 3:14:57 PM : ping
5/9/2021 3:14:57 PM : ping
5/9/2021 3:14:58 PM : ping
5/9/2021 3:14:58 PM : ping
5/9/2021 3:14:58 PM : ping
5/9/2021 3:14:59 PM : ping
5/9/2021 3:14:59 PM : ping
5/9/2021 3:14:59 PM : ping
5/9/2021 3:15:00 PM : ping
5/9/2021 3:15:00 PM : ping
5/9/2021 3:15:00 PM : ping
5/9/2021 3:15:02 PM : ping
5/9/2021 3:15:02 PM : ping
5/9/2021 3:15:02 PM : ping
5/9/2021 3:15:03 PM : ping
5/9/2021 3:15:03 PM : ping
5/9/2021 3:15:03 PM : ping
5/9/2021 3:15:04 PM : ping
5/9/2021 3:15:04 PM : ping
5/9/2021 3:15:04 PM : ping
5/9/2021 3:15:05 PM : ping
5/9/2021 3:15:05 PM : ping
5/9/2021 3:15:05 PM : ping
5/9/2021 3:15:06 PM : ping
5/9/2021 3:15:06 PM : ping
5/9/2021 3:15:06 PM : ping
5/9/2021 3:15:07 PM : ping
5/9/2021 3:15:07 PM : ping
5/9/2021 3:15:07 PM : ping
5/9/2021 3:15:08 PM : ping
5/9/2021 3:15:08 PM : ping
5/9/2021 3:15:08 PM : ping
5/9/2021 3:15:09 PM : ping
5/9/2021 3:15:09 PM : ping
5/9/2021 3:15:09 PM : ping
5/9/2021 3:15:10 PM : ping
5/9/2021 3:15:10 PM : ping
5/9/2021 3:15:10 PM : ping
5/9/2021 3:15:12 PM : ping
5/9/2021 3:15:12 PM : ping
5/9/2021 3:15:12 PM : ping
5/9/2021 3:15:13 PM : ping
5/9/2021 3:15:13 PM : ping
5/9/2021 3:15:13 PM : ping
5/9/2021 3:15:14 PM : ping
5/9/2021 3:15:14 PM : ping
5/9/2021 3:15:14 PM : ping
5/9/2021 3:15:15 PM : ping
5/9/2021 3:15:15 PM : ping
5/9/2021 3:15:15 PM : ping
5/9/2021 3:15:16 PM : ping
5/9/2021 3:15:16 PM : ping
5/9/2021 3:15:16 PM : ping
5/9/2021 3:15:17 PM : ping
5/9/2021 3:15:17 PM : ping
5/9/2021 3:15:17 PM : ping
5/9/2021 3:15:18 PM : ping
5/9/2021 3:15:18 PM : ping
5/9/2021 3:15:18 PM : ping
5/9/2021 3:15:19 PM : ping
5/9/2021 3:15:19 PM : ping
5/9/2021 3:15:19 PM : ping
5/9/2021 3:15:20 PM : ping
5/9/2021 3:15:20 PM : ping
5/9/2021 3:15:20 PM : ping
5/9/2021 3:15:22 PM : ping
5/9/2021 3:15:22 PM : ping
5/9/2021 3:15:22 PM : ping
5/9/2021 3:15:23 PM : ping
5/9/2021 3:15:23 PM : ping
5/9/2021 3:15:23 PM : ping
5/9/2021 3:15:24 PM : ping
5/9/2021 3:15:24 PM : ping
5/9/2021 3:15:24 PM : ping
5/9/2021 3:15:25 PM : ping
5/9/2021 3:15:25 PM : ping
5/9/2021 3:15:25 PM : ping
5/9/2021 3:15:26 PM : ping
5/9/2021 3:15:26 PM : ping
5/9/2021 3:15:26 PM : ping
5/9/2021 3:15:27 PM : ping
5/9/2021 3:15:27 PM : ping
5/9/2021 3:15:27 PM : ping
5/9/2021 3:15:28 PM : ping
5/9/2021 3:15:28 PM : ping
5/9/2021 3:15:28 PM : ping
5/9/2021 3:15:29 PM : ping
5/9/2021 3:15:29 PM : ping
5/9/2021 3:15:29 PM : ping
5/9/2021 3:15:30 PM : ping
5/9/2021 3:15:30 PM : ping
5/9/2021 3:15:30 PM : ping
5/9/2021 3:15:31 PM : ping
5/9/2021 3:15:31 PM : ping
5/9/2021 3:15:31 PM : ping
5/9/2021 3:15:33 PM : ping
5/9/2021 3:15:33 PM : ping
5/9/2021 3:15:33 PM : ping
5/9/2021 3:15:34 PM : ping
5/9/2021 3:15:34 PM : ping
5/9/2021 3:15:34 PM : ping
5/9/2021 3:15:35 PM : ping
5/9/2021 3:15:35 PM : ping
5/9/2021 3:15:35 PM : ping
5/9/2021 3:15:36 PM : ping
5/9/2021 3:15:36 PM : ping
5/9/2021 3:15:36 PM : ping
5/9/2021 3:15:37 PM : ping
5/9/2021 3:15:37 PM : ping
5/9/2021 3:15:37 PM : ping
5/9/2021 3:15:38 PM : ping
5/9/2021 3:15:38 PM : ping
5/9/2021 3:15:38 PM : ping
5/9/2021 3:15:39 PM : ping
5/9/2021 3:15:39 PM : ping
5/9/2021 3:15:39 PM : ping
5/9/2021 3:15:40 PM : ping
5/9/2021 3:15:40 PM : ping
5/9/2021 3:15:40 PM : ping
5/9/2021 3:15:41 PM : ping
5/9/2021 3:15:41 PM : ping
5/9/2021 3:15:41 PM : ping
5/9/2021 3:15:43 PM : ping
5/9/2021 3:15:43 PM : ping
5/9/2021 3:15:43 PM : ping
5/9/2021 3:15:44 PM : ping
5/9/2021 3:15:44 PM : ping
5/9/2021 3:15:44 PM : ping
5/9/2021 3:15:45 PM : ping
5/9/2021 3:15:45 PM : ping
5/9/2021 3:15:45 PM : ping
5/9/2021 3:15:45 PM : kService.requestChannels.Count :18
5/9/2021 3:15:45 PM : kService.requestChannels.Count :18
5/9/2021 3:15:46 PM : ping
5/9/2021 3:15:46 PM : ping
5/9/2021 3:15:46 PM : ping
5/9/2021 3:15:46 PM : kService.requestChannels.Count :17
5/9/2021 3:15:46 PM : kService.requestChannels.Count :17
5/9/2021 3:15:47 PM : ping
5/9/2021 3:15:47 PM : ping
5/9/2021 3:15:47 PM : ping
5/9/2021 3:15:48 PM : ping
5/9/2021 3:15:48 PM : ping
5/9/2021 3:15:48 PM : ping
5/9/2021 3:15:49 PM : ping
5/9/2021 3:15:49 PM : ping
5/9/2021 3:15:49 PM : ping
5/9/2021 3:15:50 PM : ping
5/9/2021 3:15:50 PM : ping
5/9/2021 3:15:50 PM : ping
5/9/2021 3:15:51 PM : ping
5/9/2021 3:15:51 PM : ping
5/9/2021 3:15:51 PM : ping
5/9/2021 3:15:53 PM : ping
5/9/2021 3:15:53 PM : ping
5/9/2021 3:15:53 PM : ping
5/9/2021 3:15:54 PM : ping
5/9/2021 3:15:54 PM : ping
5/9/2021 3:15:54 PM : ping
5/9/2021 3:15:55 PM : ping
5/9/2021 3:15:55 PM : ping
5/9/2021 3:15:55 PM : ping
5/9/2021 3:15:56 PM : ping
5/9/2021 3:15:56 PM : ping
5/9/2021 3:15:56 PM : ping
5/9/2021 3:15:57 PM : ping
5/9/2021 3:15:57 PM : ping
5/9/2021 3:15:57 PM : ping
5/9/2021 3:15:58 PM : kService.requestChannels.Count :16
5/9/2021 3:15:58 PM : kService.requestChannels.Count :16
5/9/2021 3:15:58 PM : ping
5/9/2021 3:15:58 PM : ping
5/9/2021 3:15:58 PM : ping
5/9/2021 3:15:59 PM : ping
5/9/2021 3:15:59 PM : ping
5/9/2021 3:15:59 PM : ping
5/9/2021 3:16:00 PM : ping
5/9/2021 3:16:00 PM : ping
5/9/2021 3:16:00 PM : ping
5/9/2021 3:16:01 PM : ping
5/9/2021 3:16:01 PM : ping
5/9/2021 3:16:01 PM : ping
5/9/2021 3:16:03 PM : ping
5/9/2021 3:16:03 PM : ping
5/9/2021 3:16:03 PM : ping
5/9/2021 3:16:04 PM : ping
5/9/2021 3:16:04 PM : ping
5/9/2021 3:16:04 PM : ping
5/9/2021 3:16:05 PM : ping
5/9/2021 3:16:05 PM : ping
5/9/2021 3:16:05 PM : ping
5/9/2021 3:16:06 PM : ping
5/9/2021 3:16:06 PM : ping
5/9/2021 3:16:06 PM : ping
5/9/2021 3:16:07 PM : ping
5/9/2021 3:16:07 PM : ping
5/9/2021 3:16:07 PM : ping
5/9/2021 3:16:08 PM : ping
5/9/2021 3:16:08 PM : ping
5/9/2021 3:16:08 PM : ping
5/9/2021 3:16:09 PM : ping
5/9/2021 3:16:09 PM : ping
5/9/2021 3:16:09 PM : ping
5/9/2021 3:16:10 PM : ping
5/9/2021 3:16:10 PM : ping
5/9/2021 3:16:10 PM : ping
5/9/2021 3:16:11 PM : ping
5/9/2021 3:16:11 PM : ping
5/9/2021 3:16:11 PM : ping
5/9/2021 3:16:13 PM : ping
5/9/2021 3:16:13 PM : ping
5/9/2021 3:16:13 PM : ping
5/9/2021 3:16:14 PM : ping
5/9/2021 3:16:14 PM : ping
5/9/2021 3:16:14 PM : ping
5/9/2021 3:16:15 PM : ping
5/9/2021 3:16:15 PM : ping
5/9/2021 3:16:15 PM : ping
5/9/2021 3:16:16 PM : ping
5/9/2021 3:16:16 PM : ping
5/9/2021 3:16:16 PM : ping
5/9/2021 3:16:17 PM : ping
5/9/2021 3:16:17 PM : ping
5/9/2021 3:16:17 PM : ping
5/9/2021 3:16:18 PM : ping
5/9/2021 3:16:18 PM : ping
5/9/2021 3:16:18 PM : ping
5/9/2021 3:16:19 PM : ping
5/9/2021 3:16:19 PM : ping
5/9/2021 3:16:19 PM : ping
5/9/2021 3:16:20 PM : ping
5/9/2021 3:16:20 PM : ping
5/9/2021 3:16:20 PM : ping
5/9/2021 3:16:21 PM : kService.requestChannels.Count :15
5/9/2021 3:16:21 PM : kService.requestChannels.Count :15
5/9/2021 3:16:21 PM : ping
5/9/2021 3:16:21 PM : ping
5/9/2021 3:16:21 PM : ping
5/9/2021 3:16:23 PM : ping
5/9/2021 3:16:23 PM : ping
5/9/2021 3:16:23 PM : ping
5/9/2021 3:16:24 PM : ping
5/9/2021 3:16:24 PM : ping
5/9/2021 3:16:24 PM : ping
5/9/2021 3:16:25 PM : ping
5/9/2021 3:16:25 PM : ping
5/9/2021 3:16:25 PM : ping
5/9/2021 3:16:26 PM : ping
5/9/2021 3:16:26 PM : ping
5/9/2021 3:16:26 PM : ping
5/9/2021 3:16:27 PM : ping
5/9/2021 3:16:27 PM : ping
5/9/2021 3:16:27 PM : ping
5/9/2021 3:16:28 PM : ping
5/9/2021 3:16:28 PM : ping
5/9/2021 3:16:28 PM : ping
5/9/2021 3:16:29 PM : ping
5/9/2021 3:16:29 PM : ping
5/9/2021 3:16:29 PM : ping
5/9/2021 3:16:30 PM : ping
5/9/2021 3:16:30 PM : ping
5/9/2021 3:16:30 PM : ping
5/9/2021 3:16:31 PM : ping
5/9/2021 3:16:31 PM : ping
5/9/2021 3:16:31 PM : ping
5/9/2021 3:16:33 PM : ping
5/9/2021 3:16:33 PM : ping
5/9/2021 3:16:33 PM : ping
5/9/2021 3:16:34 PM : ping
5/9/2021 3:16:34 PM : ping
5/9/2021 3:16:34 PM : ping
5/9/2021 3:16:35 PM : ping
5/9/2021 3:16:35 PM : ping
5/9/2021 3:16:35 PM : ping
5/9/2021 3:16:36 PM : ping
5/9/2021 3:16:36 PM : ping
5/9/2021 3:16:36 PM : ping
5/9/2021 3:16:37 PM : ping
5/9/2021 3:16:37 PM : ping
5/9/2021 3:16:37 PM : ping
5/9/2021 3:16:38 PM : ping
5/9/2021 3:16:38 PM : ping
5/9/2021 3:16:38 PM : ping
5/9/2021 3:16:39 PM : ping
5/9/2021 3:16:39 PM : ping
5/9/2021 3:16:39 PM : ping
5/9/2021 3:16:40 PM : ping
5/9/2021 3:16:40 PM : ping
5/9/2021 3:16:40 PM : ping
5/9/2021 3:16:41 PM : ping
5/9/2021 3:16:41 PM : ping
5/9/2021 3:16:41 PM : ping
5/9/2021 3:16:43 PM : ping
5/9/2021 3:16:43 PM : ping
5/9/2021 3:16:43 PM : ping
5/9/2021 3:16:44 PM : ping
5/9/2021 3:16:44 PM : ping
5/9/2021 3:16:44 PM : ping
5/9/2021 3:16:45 PM : ping
5/9/2021 3:16:45 PM : ping
5/9/2021 3:16:45 PM : ping
5/9/2021 3:16:46 PM : ping
5/9/2021 3:16:46 PM : ping
5/9/2021 3:16:46 PM : ping
5/9/2021 3:16:47 PM : ping
5/9/2021 3:16:47 PM : ping
5/9/2021 3:16:47 PM : ping
5/9/2021 3:16:48 PM : ping
5/9/2021 3:16:48 PM : ping
5/9/2021 3:16:48 PM : ping
5/9/2021 3:16:49 PM : ping
5/9/2021 3:16:49 PM : ping
5/9/2021 3:16:49 PM : ping
5/9/2021 3:16:50 PM : ping
5/9/2021 3:16:50 PM : ping
5/9/2021 3:16:50 PM : ping
5/9/2021 3:16:51 PM : ping
5/9/2021 3:16:51 PM : ping
5/9/2021 3:16:51 PM : ping
5/9/2021 3:16:52 PM : ping
5/9/2021 3:16:52 PM : ping
5/9/2021 3:16:53 PM : ping
5/9/2021 3:16:53 PM : kService.requestChannels.Count :14
5/9/2021 3:16:53 PM : kService.requestChannels.Count :14
5/9/2021 3:16:54 PM : ping
5/9/2021 3:16:54 PM : ping
5/9/2021 3:16:54 PM : ping
5/9/2021 3:16:54 PM : kService.requestChannels.Count :13
5/9/2021 3:16:54 PM : kService.requestChannels.Count :13
5/9/2021 3:16:55 PM : kService.requestChannels.Count :12
5/9/2021 3:16:55 PM : kService.requestChannels.Count :12
5/9/2021 3:16:55 PM : ping
5/9/2021 3:16:55 PM : ping
5/9/2021 3:16:55 PM : ping
5/9/2021 3:16:55 PM : kService.requestChannels.Count :11
5/9/2021 3:16:55 PM : kService.requestChannels.Count :11
5/9/2021 3:16:56 PM : ping
5/9/2021 3:16:56 PM : ping
5/9/2021 3:16:56 PM : ping
5/9/2021 3:16:57 PM : ping
5/9/2021 3:16:57 PM : ping
5/9/2021 3:16:57 PM : ping
5/9/2021 3:16:58 PM : ping
5/9/2021 3:16:58 PM : ping
5/9/2021 3:16:58 PM : ping
5/9/2021 3:16:59 PM : ping
5/9/2021 3:16:59 PM : ping
5/9/2021 3:16:59 PM : ping
5/9/2021 3:17:00 PM : ping
5/9/2021 3:17:00 PM : ping
5/9/2021 3:17:00 PM : ping
5/9/2021 3:17:01 PM : ping
5/9/2021 3:17:01 PM : ping
5/9/2021 3:17:01 PM : ping
5/9/2021 3:17:02 PM : ping
5/9/2021 3:17:02 PM : ping
5/9/2021 3:17:02 PM : ping
5/9/2021 3:17:04 PM : ping
5/9/2021 3:17:04 PM : ping
5/9/2021 3:17:04 PM : ping
5/9/2021 3:17:05 PM : ping
5/9/2021 3:17:05 PM : ping
5/9/2021 3:17:05 PM : ping
5/9/2021 3:17:06 PM : ping
5/9/2021 3:17:06 PM : ping
5/9/2021 3:17:06 PM : ping
5/9/2021 3:17:07 PM : ping
5/9/2021 3:17:07 PM : ping
5/9/2021 3:17:07 PM : ping
5/9/2021 3:17:08 PM : ping
5/9/2021 3:17:08 PM : ping
5/9/2021 3:17:08 PM : ping
5/9/2021 3:17:09 PM : ping
5/9/2021 3:17:09 PM : ping
5/9/2021 3:17:09 PM : ping
5/9/2021 3:17:10 PM : ping
5/9/2021 3:17:10 PM : ping
5/9/2021 3:17:10 PM : ping
5/9/2021 3:17:11 PM : ping
5/9/2021 3:17:11 PM : ping
5/9/2021 3:17:11 PM : ping
5/9/2021 3:17:12 PM : ping
5/9/2021 3:17:12 PM : ping
5/9/2021 3:17:12 PM : ping
5/9/2021 3:17:14 PM : ping
5/9/2021 3:17:14 PM : ping
5/9/2021 3:17:14 PM : ping
5/9/2021 3:17:15 PM : ping
5/9/2021 3:17:15 PM : ping
5/9/2021 3:17:15 PM : ping
5/9/2021 3:17:16 PM : ping
5/9/2021 3:17:16 PM : ping
5/9/2021 3:17:16 PM : ping
5/9/2021 3:17:17 PM : ping
5/9/2021 3:17:17 PM : ping
5/9/2021 3:17:17 PM : ping
5/9/2021 3:17:18 PM : kService.requestChannels.Count :10
5/9/2021 3:17:18 PM : kService.requestChannels.Count :10
5/9/2021 3:17:18 PM : ping
5/9/2021 3:17:18 PM : ping
5/9/2021 3:17:18 PM : ping
5/9/2021 3:17:19 PM : ping
5/9/2021 3:17:19 PM : ping
5/9/2021 3:17:19 PM : ping
5/9/2021 3:17:20 PM : ping
5/9/2021 3:17:20 PM : ping
5/9/2021 3:17:20 PM : ping
5/9/2021 3:17:21 PM : ping
5/9/2021 3:17:21 PM : ping
5/9/2021 3:17:21 PM : ping
5/9/2021 3:17:22 PM : ping
5/9/2021 3:17:22 PM : ping
5/9/2021 3:17:22 PM : ping
5/9/2021 3:17:24 PM : ping
5/9/2021 3:17:24 PM : ping
5/9/2021 3:17:24 PM : ping
5/9/2021 3:17:25 PM : ping
5/9/2021 3:17:25 PM : ping
5/9/2021 3:17:25 PM : ping
5/9/2021 3:17:26 PM : ping
5/9/2021 3:17:26 PM : ping
5/9/2021 3:17:26 PM : ping
5/9/2021 3:17:27 PM : ping
5/9/2021 3:17:27 PM : ping
5/9/2021 3:17:27 PM : ping
5/9/2021 3:17:28 PM : ping
5/9/2021 3:17:28 PM : ping
5/9/2021 3:17:28 PM : ping
5/9/2021 3:17:29 PM : ping
5/9/2021 3:17:29 PM : ping
5/9/2021 3:17:29 PM : ping
5/9/2021 3:17:29 PM : kService.requestChannels.Count :9
5/9/2021 3:17:29 PM : kService.requestChannels.Count :9
5/9/2021 3:17:30 PM : ping
5/9/2021 3:17:30 PM : ping
5/9/2021 3:17:30 PM : ping
5/9/2021 3:17:31 PM : ping
5/9/2021 3:17:31 PM : ping
5/9/2021 3:17:31 PM : ping
5/9/2021 3:17:32 PM : ping
5/9/2021 3:17:32 PM : ping
5/9/2021 3:17:32 PM : ping
5/9/2021 3:17:33 PM : ping
5/9/2021 3:17:33 PM : ping
5/9/2021 3:17:34 PM : ping
5/9/2021 3:17:35 PM : ping
5/9/2021 3:17:35 PM : ping
5/9/2021 3:17:35 PM : ping
5/9/2021 3:17:36 PM : ping
5/9/2021 3:17:36 PM : ping
5/9/2021 3:17:36 PM : ping
5/9/2021 3:17:37 PM : ping
5/9/2021 3:17:37 PM : ping
5/9/2021 3:17:37 PM : ping
5/9/2021 3:17:38 PM : ping
5/9/2021 3:17:38 PM : ping
5/9/2021 3:17:38 PM : ping
5/9/2021 3:17:39 PM : ping
5/9/2021 3:17:39 PM : ping
5/9/2021 3:17:39 PM : ping
5/9/2021 3:17:40 PM : ping
5/9/2021 3:17:40 PM : ping
5/9/2021 3:17:40 PM : ping
5/9/2021 3:17:41 PM : ping
5/9/2021 3:17:41 PM : ping
5/9/2021 3:17:41 PM : ping
5/9/2021 3:17:42 PM : ping
5/9/2021 3:17:42 PM : ping
5/9/2021 3:17:42 PM : ping
5/9/2021 3:17:43 PM : ping
5/9/2021 3:17:43 PM : ping
5/9/2021 3:17:43 PM : ping
5/9/2021 3:17:45 PM : ping
5/9/2021 3:17:45 PM : ping
5/9/2021 3:17:45 PM : ping
5/9/2021 3:17:46 PM : ping
5/9/2021 3:17:46 PM : ping
5/9/2021 3:17:46 PM : ping
5/9/2021 3:17:47 PM : ping
5/9/2021 3:17:47 PM : ping
5/9/2021 3:17:47 PM : ping
5/9/2021 3:17:48 PM : ping
5/9/2021 3:17:48 PM : ping
5/9/2021 3:17:48 PM : ping
5/9/2021 3:17:49 PM : ping
5/9/2021 3:17:49 PM : ping
5/9/2021 3:17:49 PM : ping
5/9/2021 3:17:50 PM : ping
5/9/2021 3:17:50 PM : ping
5/9/2021 3:17:50 PM : ping
5/9/2021 3:17:51 PM : ping
5/9/2021 3:17:51 PM : ping
5/9/2021 3:17:51 PM : ping
5/9/2021 3:17:52 PM : ping
5/9/2021 3:17:52 PM : ping
5/9/2021 3:17:52 PM : ping
5/9/2021 3:17:53 PM : kService.requestChannels.Count :8
5/9/2021 3:17:53 PM : kService.requestChannels.Count :8
5/9/2021 3:17:53 PM : ping
5/9/2021 3:17:53 PM : ping
5/9/2021 3:17:53 PM : ping
5/9/2021 3:17:54 PM : kService.requestChannels.Count :7
5/9/2021 3:17:54 PM : kService.requestChannels.Count :7
5/9/2021 3:17:55 PM : ping
5/9/2021 3:17:55 PM : ping
5/9/2021 3:17:55 PM : ping
5/9/2021 3:17:55 PM : kService.requestChannels.Count :6
5/9/2021 3:17:55 PM : kService.requestChannels.Count :6
5/9/2021 3:17:56 PM : ping
5/9/2021 3:17:56 PM : ping
5/9/2021 3:17:56 PM : ping
5/9/2021 3:17:56 PM : kService.requestChannels.Count :5
5/9/2021 3:17:56 PM : kService.requestChannels.Count :5
5/9/2021 3:17:56 PM : kService.requestChannels.Count :4
5/9/2021 3:17:56 PM : kService.requestChannels.Count :4
5/9/2021 3:17:57 PM : ping
5/9/2021 3:17:57 PM : ping
5/9/2021 3:17:57 PM : ping
5/9/2021 3:17:57 PM : kService.requestChannels.Count :3
5/9/2021 3:17:57 PM : kService.requestChannels.Count :3
5/9/2021 3:17:58 PM : ping
5/9/2021 3:17:58 PM : ping
5/9/2021 3:17:58 PM : ping
5/9/2021 3:17:59 PM : ping
5/9/2021 3:17:59 PM : ping
5/9/2021 3:17:59 PM : ping
5/9/2021 3:18:00 PM : ping
5/9/2021 3:18:00 PM : ping
5/9/2021 3:18:00 PM : ping
5/9/2021 3:18:01 PM : ping
5/9/2021 3:18:01 PM : ping
5/9/2021 3:18:01 PM : ping
5/9/2021 3:18:02 PM : ping
5/9/2021 3:18:02 PM : ping
5/9/2021 3:18:02 PM : ping
5/9/2021 3:18:03 PM : ping
5/9/2021 3:18:03 PM : ping
5/9/2021 3:18:03 PM : ping
5/9/2021 3:18:05 PM : ping
5/9/2021 3:18:05 PM : ping
5/9/2021 3:18:05 PM : ping
5/9/2021 3:18:06 PM : ping
5/9/2021 3:18:06 PM : ping
5/9/2021 3:18:06 PM : ping
5/9/2021 3:18:07 PM : ping
5/9/2021 3:18:07 PM : ping
5/9/2021 3:18:07 PM : ping
5/9/2021 3:18:08 PM : ping
5/9/2021 3:18:08 PM : ping
5/9/2021 3:18:08 PM : ping
5/9/2021 3:18:09 PM : ping
5/9/2021 3:18:09 PM : ping
5/9/2021 3:18:09 PM : ping
5/9/2021 3:18:10 PM : ping
5/9/2021 3:18:10 PM : ping
5/9/2021 3:18:10 PM : ping
5/9/2021 3:18:11 PM : ping
5/9/2021 3:18:11 PM : ping
5/9/2021 3:18:11 PM : ping
5/9/2021 3:18:12 PM : ping
5/9/2021 3:18:12 PM : ping
5/9/2021 3:18:12 PM : ping
5/9/2021 3:18:13 PM : ping
5/9/2021 3:18:13 PM : ping
5/9/2021 3:18:13 PM : ping
5/9/2021 3:18:14 PM : ping
5/9/2021 3:18:14 PM : ping
5/9/2021 3:18:14 PM : ping
5/9/2021 3:18:16 PM : ping
5/9/2021 3:18:16 PM : ping
5/9/2021 3:18:16 PM : ping
