log begin
..............
5/9/2021 3:39:28 PM : ping
5/9/2021 3:39:28 PM : ping
5/9/2021 3:39:28 PM : ping
5/9/2021 3:39:29 PM : ping
5/9/2021 3:39:29 PM : ping
5/9/2021 3:39:29 PM : ping
5/9/2021 3:39:31 PM : ping
5/9/2021 3:39:31 PM : ping
5/9/2021 3:39:31 PM : ping
5/9/2021 3:39:32 PM : ping
5/9/2021 3:39:32 PM : ping
5/9/2021 3:39:32 PM : ping
5/9/2021 3:39:33 PM : ping
5/9/2021 3:39:33 PM : ping
5/9/2021 3:39:33 PM : ping
5/9/2021 3:39:34 PM : ping
5/9/2021 3:39:34 PM : ping
5/9/2021 3:39:34 PM : ping
5/9/2021 3:39:35 PM : ping
5/9/2021 3:39:35 PM : ping
5/9/2021 3:39:35 PM : ping
5/9/2021 3:39:36 PM : ping
5/9/2021 3:39:36 PM : ping
5/9/2021 3:39:36 PM : ping
5/9/2021 3:39:37 PM : ping
5/9/2021 3:39:37 PM : ping
5/9/2021 3:39:37 PM : ping
5/9/2021 3:39:38 PM : ping
5/9/2021 3:39:38 PM : ping
5/9/2021 3:39:38 PM : ping
5/9/2021 3:39:39 PM : ping
5/9/2021 3:39:39 PM : ping
5/9/2021 3:39:39 PM : ping
5/9/2021 3:39:41 PM : ping
5/9/2021 3:39:41 PM : ping
5/9/2021 3:39:41 PM : ping
5/9/2021 3:39:42 PM : ping
5/9/2021 3:39:42 PM : ping
5/9/2021 3:39:42 PM : ping
5/9/2021 3:39:42 PM : launch server at port: 7003
5/9/2021 3:39:42 PM : launch server at port: 7004
5/9/2021 3:39:43 PM : launch server at port: 7005
5/9/2021 3:39:43 PM : ping
5/9/2021 3:39:43 PM : ping
5/9/2021 3:39:43 PM : ping
5/9/2021 3:39:43 PM : launch server at port: 7006
5/9/2021 3:39:44 PM : ping
5/9/2021 3:39:44 PM : ping
5/9/2021 3:39:44 PM : ping
5/9/2021 3:39:45 PM : ping
5/9/2021 3:39:45 PM : ping
5/9/2021 3:39:45 PM : ping
5/9/2021 3:39:46 PM : ping
5/9/2021 3:39:46 PM : ping
5/9/2021 3:39:46 PM : ping
5/9/2021 3:39:47 PM : ping
5/9/2021 3:39:47 PM : ping
5/9/2021 3:39:47 PM : ping
5/9/2021 3:39:48 PM : ping
5/9/2021 3:39:48 PM : ping
5/9/2021 3:39:48 PM : ping
5/9/2021 3:39:49 PM : launch server at port: 7007
5/9/2021 3:39:49 PM : ping
5/9/2021 3:39:49 PM : ping
5/9/2021 3:39:49 PM : ping
5/9/2021 3:39:50 PM : launch server at port: 7008
5/9/2021 3:39:50 PM : launch server at port: 7009
5/9/2021 3:39:51 PM : ping
5/9/2021 3:39:51 PM : ping
5/9/2021 3:39:51 PM : ping
5/9/2021 3:39:52 PM : ping
5/9/2021 3:39:52 PM : ping
5/9/2021 3:39:52 PM : ping
5/9/2021 3:39:53 PM : ping
5/9/2021 3:39:53 PM : ping
5/9/2021 3:39:53 PM : ping
5/9/2021 3:39:54 PM : ping
5/9/2021 3:39:54 PM : ping
5/9/2021 3:39:54 PM : ping
5/9/2021 3:39:55 PM : launch server at port: 7010
5/9/2021 3:39:55 PM : ping
5/9/2021 3:39:55 PM : ping
5/9/2021 3:39:55 PM : ping
5/9/2021 3:39:56 PM : launch server at port: 7011
5/9/2021 3:39:56 PM : launch server at port: 7012
5/9/2021 3:39:56 PM : ping
5/9/2021 3:39:56 PM : ping
5/9/2021 3:39:56 PM : ping
5/9/2021 3:39:57 PM : ping
5/9/2021 3:39:57 PM : ping
5/9/2021 3:39:57 PM : ping
5/9/2021 3:39:58 PM : ping
5/9/2021 3:39:58 PM : ping
5/9/2021 3:39:58 PM : ping
5/9/2021 3:39:59 PM : ping
5/9/2021 3:39:59 PM : ping
5/9/2021 3:39:59 PM : ping
5/9/2021 3:40:00 PM : launch server at port: 7013
5/9/2021 3:40:01 PM : ping
5/9/2021 3:40:01 PM : ping
5/9/2021 3:40:01 PM : ping
5/9/2021 3:40:01 PM : launch server at port: 7014
5/9/2021 3:40:02 PM : ping
5/9/2021 3:40:02 PM : ping
5/9/2021 3:40:02 PM : ping
5/9/2021 3:40:03 PM : ping
5/9/2021 3:40:03 PM : ping
5/9/2021 3:40:03 PM : ping
5/9/2021 3:40:04 PM : ping
5/9/2021 3:40:04 PM : ping
5/9/2021 3:40:04 PM : ping
5/9/2021 3:40:05 PM : launch server at port: 7015
5/9/2021 3:40:05 PM : ping
5/9/2021 3:40:05 PM : ping
5/9/2021 3:40:05 PM : ping
5/9/2021 3:40:06 PM : ping
5/9/2021 3:40:06 PM : ping
5/9/2021 3:40:06 PM : ping
5/9/2021 3:40:07 PM : ping
5/9/2021 3:40:07 PM : ping
5/9/2021 3:40:07 PM : ping
5/9/2021 3:40:08 PM : ping
5/9/2021 3:40:08 PM : ping
5/9/2021 3:40:08 PM : ping
5/9/2021 3:40:09 PM : ping
5/9/2021 3:40:09 PM : ping
5/9/2021 3:40:09 PM : ping
5/9/2021 3:40:11 PM : ping
5/9/2021 3:40:11 PM : ping
5/9/2021 3:40:11 PM : ping
5/9/2021 3:40:12 PM : ping
5/9/2021 3:40:12 PM : ping
5/9/2021 3:40:12 PM : ping
5/9/2021 3:40:12 PM : launch server at port: 7016
5/9/2021 3:40:12 PM : launch server at port: 7017
5/9/2021 3:40:42 PM : launch server at port: 7018
5/9/2021 3:40:42 PM : ping
5/9/2021 3:40:42 PM : ping
5/9/2021 3:40:42 PM : ping
5/9/2021 3:40:43 PM : ping
5/9/2021 3:40:43 PM : ping
5/9/2021 3:40:43 PM : ping
5/9/2021 3:40:44 PM : ping
5/9/2021 3:40:44 PM : ping
5/9/2021 3:40:44 PM : ping
5/9/2021 3:40:45 PM : ping
5/9/2021 3:40:45 PM : ping
5/9/2021 3:40:45 PM : ping
5/9/2021 3:40:46 PM : launch server at port: 7019
5/9/2021 3:40:46 PM : ping
5/9/2021 3:40:46 PM : ping
5/9/2021 3:40:46 PM : ping
5/9/2021 3:40:47 PM : ping
5/9/2021 3:40:47 PM : ping
5/9/2021 3:40:47 PM : ping
5/9/2021 3:40:48 PM : ping
5/9/2021 3:40:48 PM : ping
5/9/2021 3:40:48 PM : ping
5/9/2021 3:40:50 PM : ping
5/9/2021 3:40:50 PM : ping
5/9/2021 3:40:50 PM : ping
5/9/2021 3:40:51 PM : ping
5/9/2021 3:40:51 PM : ping
5/9/2021 3:40:51 PM : ping
5/9/2021 3:40:52 PM : ping
5/9/2021 3:40:52 PM : ping
5/9/2021 3:40:52 PM : ping
5/9/2021 3:40:53 PM : ping
5/9/2021 3:40:53 PM : ping
5/9/2021 3:40:53 PM : ping
5/9/2021 3:40:54 PM : ping
5/9/2021 3:40:54 PM : ping
5/9/2021 3:40:54 PM : ping
5/9/2021 3:40:55 PM : ping
5/9/2021 3:40:55 PM : ping
5/9/2021 3:40:55 PM : ping
5/9/2021 3:40:56 PM : ping
5/9/2021 3:40:56 PM : ping
5/9/2021 3:40:56 PM : ping
5/9/2021 3:40:57 PM : ping
5/9/2021 3:40:57 PM : ping
5/9/2021 3:40:57 PM : ping
5/9/2021 3:40:58 PM : ping
5/9/2021 3:40:58 PM : ping
5/9/2021 3:40:58 PM : ping
5/9/2021 3:41:00 PM : ping
5/9/2021 3:41:00 PM : ping
5/9/2021 3:41:00 PM : ping
5/9/2021 3:41:01 PM : ping
5/9/2021 3:41:01 PM : ping
5/9/2021 3:41:01 PM : ping
5/9/2021 3:41:02 PM : ping
5/9/2021 3:41:02 PM : ping
5/9/2021 3:41:02 PM : ping
5/9/2021 3:41:03 PM : ping
5/9/2021 3:41:03 PM : ping
5/9/2021 3:41:03 PM : ping
5/9/2021 3:41:04 PM : ping
5/9/2021 3:41:04 PM : ping
5/9/2021 3:41:04 PM : ping
5/9/2021 3:41:05 PM : ping
5/9/2021 3:41:05 PM : ping
5/9/2021 3:41:05 PM : ping
5/9/2021 3:41:06 PM : ping
5/9/2021 3:41:06 PM : ping
5/9/2021 3:41:06 PM : ping
5/9/2021 3:41:07 PM : ping
5/9/2021 3:41:07 PM : ping
5/9/2021 3:41:07 PM : ping
5/9/2021 3:41:08 PM : ping
5/9/2021 3:41:08 PM : ping
5/9/2021 3:41:08 PM : ping
5/9/2021 3:41:10 PM : ping
5/9/2021 3:41:10 PM : ping
5/9/2021 3:41:10 PM : ping
5/9/2021 3:41:11 PM : ping
5/9/2021 3:41:11 PM : ping
5/9/2021 3:41:11 PM : ping
5/9/2021 3:41:12 PM : ping
5/9/2021 3:41:12 PM : ping
5/9/2021 3:41:12 PM : ping
5/9/2021 3:41:13 PM : ping
5/9/2021 3:41:13 PM : ping
5/9/2021 3:41:13 PM : ping
5/9/2021 3:41:14 PM : ping
5/9/2021 3:41:14 PM : ping
5/9/2021 3:41:14 PM : ping
5/9/2021 3:41:15 PM : ping
5/9/2021 3:41:15 PM : ping
5/9/2021 3:41:15 PM : ping
5/9/2021 3:41:16 PM : ping
5/9/2021 3:41:16 PM : ping
5/9/2021 3:41:16 PM : ping
5/9/2021 3:41:17 PM : ping
5/9/2021 3:41:17 PM : ping
5/9/2021 3:41:17 PM : ping
5/9/2021 3:41:18 PM : ping
5/9/2021 3:41:18 PM : ping
5/9/2021 3:41:18 PM : ping
5/9/2021 3:41:20 PM : ping
5/9/2021 3:41:20 PM : ping
5/9/2021 3:41:20 PM : ping
5/9/2021 3:41:21 PM : ping
5/9/2021 3:41:21 PM : ping
5/9/2021 3:41:21 PM : ping
5/9/2021 3:41:22 PM : ping
5/9/2021 3:41:22 PM : ping
5/9/2021 3:41:22 PM : ping
5/9/2021 3:41:23 PM : ping
5/9/2021 3:41:23 PM : ping
5/9/2021 3:41:23 PM : ping
5/9/2021 3:41:24 PM : ping
5/9/2021 3:41:24 PM : ping
5/9/2021 3:41:24 PM : ping
5/9/2021 3:41:25 PM : ping
5/9/2021 3:41:25 PM : ping
5/9/2021 3:41:25 PM : ping
5/9/2021 3:41:26 PM : ping
5/9/2021 3:41:26 PM : ping
5/9/2021 3:41:26 PM : ping
5/9/2021 3:41:27 PM : ping
5/9/2021 3:41:27 PM : ping
5/9/2021 3:41:27 PM : ping
5/9/2021 3:41:28 PM : ping
5/9/2021 3:41:28 PM : ping
5/9/2021 3:41:28 PM : ping
5/9/2021 3:41:30 PM : ping
5/9/2021 3:41:30 PM : ping
5/9/2021 3:41:30 PM : ping
5/9/2021 3:41:31 PM : ping
5/9/2021 3:41:31 PM : ping
5/9/2021 3:41:31 PM : ping
5/9/2021 3:41:32 PM : ping
5/9/2021 3:41:32 PM : ping
5/9/2021 3:41:32 PM : ping
5/9/2021 3:41:33 PM : ping
5/9/2021 3:41:33 PM : ping
5/9/2021 3:41:33 PM : ping
5/9/2021 3:41:34 PM : ping
5/9/2021 3:41:34 PM : ping
5/9/2021 3:41:34 PM : ping
5/9/2021 3:41:35 PM : ping
5/9/2021 3:41:35 PM : ping
5/9/2021 3:41:35 PM : ping
5/9/2021 3:41:36 PM : ping
5/9/2021 3:41:36 PM : ping
5/9/2021 3:41:36 PM : ping
5/9/2021 3:41:37 PM : ping
5/9/2021 3:41:37 PM : ping
5/9/2021 3:41:37 PM : ping
5/9/2021 3:41:38 PM : ping
5/9/2021 3:41:38 PM : ping
5/9/2021 3:41:38 PM : ping
5/9/2021 3:41:40 PM : ping
5/9/2021 3:41:40 PM : ping
5/9/2021 3:41:40 PM : ping
5/9/2021 3:41:41 PM : ping
5/9/2021 3:41:41 PM : ping
5/9/2021 3:41:41 PM : ping
5/9/2021 3:41:42 PM : ping
5/9/2021 3:41:42 PM : ping
5/9/2021 3:41:42 PM : ping
5/9/2021 3:41:43 PM : ping
5/9/2021 3:41:43 PM : ping
5/9/2021 3:41:43 PM : ping
5/9/2021 3:41:44 PM : ping
5/9/2021 3:41:44 PM : ping
5/9/2021 3:41:44 PM : ping
5/9/2021 3:41:45 PM : ping
5/9/2021 3:41:45 PM : ping
5/9/2021 3:41:45 PM : ping
5/9/2021 3:41:46 PM : ping
5/9/2021 3:41:46 PM : ping
5/9/2021 3:41:46 PM : ping
5/9/2021 3:41:47 PM : ping
5/9/2021 3:41:47 PM : ping
5/9/2021 3:41:47 PM : ping
5/9/2021 3:41:48 PM : ping
5/9/2021 3:41:48 PM : ping
5/9/2021 3:41:48 PM : ping
5/9/2021 3:41:50 PM : ping
5/9/2021 3:41:50 PM : ping
5/9/2021 3:41:50 PM : ping
5/9/2021 3:41:51 PM : ping
5/9/2021 3:41:51 PM : ping
5/9/2021 3:41:51 PM : ping
5/9/2021 3:41:52 PM : ping
5/9/2021 3:41:52 PM : ping
5/9/2021 3:41:52 PM : ping
5/9/2021 3:41:53 PM : ping
5/9/2021 3:41:53 PM : ping
5/9/2021 3:41:53 PM : ping
5/9/2021 3:41:54 PM : ping
5/9/2021 3:41:54 PM : ping
5/9/2021 3:41:54 PM : ping
5/9/2021 3:41:55 PM : ping
5/9/2021 3:41:55 PM : ping
5/9/2021 3:41:55 PM : ping
5/9/2021 3:41:56 PM : ping
5/9/2021 3:41:56 PM : ping
5/9/2021 3:41:56 PM : ping
5/9/2021 3:41:57 PM : ping
5/9/2021 3:41:57 PM : ping
5/9/2021 3:41:57 PM : ping
5/9/2021 3:41:58 PM : ping
5/9/2021 3:41:58 PM : ping
5/9/2021 3:41:58 PM : ping
5/9/2021 3:42:00 PM : ping
5/9/2021 3:42:00 PM : ping
5/9/2021 3:42:00 PM : ping
5/9/2021 3:42:01 PM : ping
5/9/2021 3:42:01 PM : ping
5/9/2021 3:42:01 PM : ping
5/9/2021 3:42:02 PM : ping
5/9/2021 3:42:02 PM : ping
5/9/2021 3:42:02 PM : ping
5/9/2021 3:42:03 PM : ping
5/9/2021 3:42:03 PM : ping
5/9/2021 3:42:03 PM : ping
5/9/2021 3:42:04 PM : ping
5/9/2021 3:42:04 PM : ping
5/9/2021 3:42:04 PM : ping
5/9/2021 3:42:05 PM : ping
5/9/2021 3:42:05 PM : ping
5/9/2021 3:42:05 PM : ping
5/9/2021 3:42:06 PM : ping
5/9/2021 3:42:06 PM : ping
5/9/2021 3:42:06 PM : ping
5/9/2021 3:42:07 PM : ping
5/9/2021 3:42:07 PM : ping
5/9/2021 3:42:07 PM : ping
5/9/2021 3:42:08 PM : ping
5/9/2021 3:42:08 PM : ping
5/9/2021 3:42:08 PM : ping
5/9/2021 3:42:10 PM : ping
5/9/2021 3:42:10 PM : ping
5/9/2021 3:42:10 PM : ping
5/9/2021 3:42:11 PM : ping
5/9/2021 3:42:11 PM : ping
5/9/2021 3:42:11 PM : ping
5/9/2021 3:42:12 PM : ping
5/9/2021 3:42:12 PM : ping
5/9/2021 3:42:12 PM : ping
5/9/2021 3:42:13 PM : ping
5/9/2021 3:42:13 PM : ping
5/9/2021 3:42:13 PM : ping
5/9/2021 3:42:14 PM : ping
5/9/2021 3:42:14 PM : ping
5/9/2021 3:42:14 PM : ping
5/9/2021 3:42:15 PM : ping
5/9/2021 3:42:15 PM : ping
5/9/2021 3:42:15 PM : ping
5/9/2021 3:42:16 PM : ping
5/9/2021 3:42:16 PM : ping
5/9/2021 3:42:16 PM : ping
5/9/2021 3:42:17 PM : ping
5/9/2021 3:42:17 PM : ping
5/9/2021 3:42:17 PM : ping
5/9/2021 3:42:18 PM : ping
5/9/2021 3:42:18 PM : ping
5/9/2021 3:42:18 PM : ping
5/9/2021 3:42:19 PM : ping
5/9/2021 3:42:19 PM : ping
5/9/2021 3:42:20 PM : ping
5/9/2021 3:42:21 PM : ping
5/9/2021 3:42:21 PM : ping
5/9/2021 3:42:21 PM : ping
5/9/2021 3:42:22 PM : ping
5/9/2021 3:42:22 PM : ping
5/9/2021 3:42:22 PM : ping
5/9/2021 3:42:23 PM : ping
5/9/2021 3:42:23 PM : ping
5/9/2021 3:42:23 PM : ping
5/9/2021 3:42:24 PM : ping
5/9/2021 3:42:24 PM : ping
5/9/2021 3:42:24 PM : ping
5/9/2021 3:42:25 PM : ping
5/9/2021 3:42:25 PM : ping
5/9/2021 3:42:25 PM : ping
5/9/2021 3:42:26 PM : ping
5/9/2021 3:42:26 PM : ping
5/9/2021 3:42:26 PM : ping
5/9/2021 3:42:27 PM : ping
5/9/2021 3:42:27 PM : ping
5/9/2021 3:42:27 PM : ping
5/9/2021 3:42:28 PM : ping
5/9/2021 3:42:28 PM : ping
5/9/2021 3:42:28 PM : ping
5/9/2021 3:42:29 PM : ping
5/9/2021 3:42:29 PM : ping
5/9/2021 3:42:30 PM : ping
5/9/2021 3:42:31 PM : ping
5/9/2021 3:42:31 PM : ping
5/9/2021 3:42:31 PM : ping
5/9/2021 3:42:32 PM : ping
5/9/2021 3:42:32 PM : ping
5/9/2021 3:42:32 PM : ping
5/9/2021 3:42:33 PM : ping
5/9/2021 3:42:33 PM : ping
5/9/2021 3:42:33 PM : ping
5/9/2021 3:42:34 PM : ping
5/9/2021 3:42:34 PM : ping
5/9/2021 3:42:34 PM : ping
5/9/2021 3:42:35 PM : ping
5/9/2021 3:42:35 PM : ping
5/9/2021 3:42:35 PM : ping
5/9/2021 3:42:36 PM : ping
5/9/2021 3:42:36 PM : ping
5/9/2021 3:42:36 PM : ping
5/9/2021 3:42:37 PM : ping
5/9/2021 3:42:37 PM : ping
5/9/2021 3:42:37 PM : ping
5/9/2021 3:42:38 PM : ping
5/9/2021 3:42:38 PM : ping
5/9/2021 3:42:38 PM : ping
5/9/2021 3:42:39 PM : ping
5/9/2021 3:42:39 PM : ping
5/9/2021 3:42:39 PM : ping
5/9/2021 3:42:41 PM : ping
5/9/2021 3:42:41 PM : ping
5/9/2021 3:42:41 PM : ping
5/9/2021 3:42:42 PM : ping
5/9/2021 3:42:42 PM : ping
5/9/2021 3:42:42 PM : ping
5/9/2021 3:42:43 PM : ping
5/9/2021 3:42:43 PM : ping
5/9/2021 3:42:43 PM : ping
5/9/2021 3:42:44 PM : ping
5/9/2021 3:42:44 PM : ping
5/9/2021 3:42:44 PM : ping
5/9/2021 3:42:45 PM : ping
5/9/2021 3:42:45 PM : ping
5/9/2021 3:42:45 PM : ping
5/9/2021 3:42:46 PM : ping
5/9/2021 3:42:46 PM : ping
5/9/2021 3:42:46 PM : ping
5/9/2021 3:42:47 PM : ping
5/9/2021 3:42:47 PM : ping
5/9/2021 3:42:47 PM : ping
5/9/2021 3:42:48 PM : ping
5/9/2021 3:42:48 PM : ping
5/9/2021 3:42:48 PM : ping
5/9/2021 3:42:49 PM : ping
5/9/2021 3:42:49 PM : ping
5/9/2021 3:42:49 PM : ping
5/9/2021 3:42:51 PM : ping
5/9/2021 3:42:51 PM : ping
5/9/2021 3:42:51 PM : ping
5/9/2021 3:42:52 PM : ping
5/9/2021 3:42:52 PM : ping
5/9/2021 3:42:52 PM : ping
5/9/2021 3:42:53 PM : ping
5/9/2021 3:42:53 PM : ping
5/9/2021 3:42:53 PM : ping
5/9/2021 3:42:54 PM : ping
5/9/2021 3:42:54 PM : ping
5/9/2021 3:42:54 PM : ping
5/9/2021 3:42:55 PM : ping
5/9/2021 3:42:55 PM : ping
5/9/2021 3:42:55 PM : ping
5/9/2021 3:42:56 PM : ping
5/9/2021 3:42:56 PM : ping
5/9/2021 3:42:56 PM : ping
5/9/2021 3:42:57 PM : ping
5/9/2021 3:42:57 PM : ping
5/9/2021 3:42:57 PM : ping
5/9/2021 3:42:58 PM : ping
5/9/2021 3:42:58 PM : ping
5/9/2021 3:42:58 PM : ping
5/9/2021 3:42:59 PM : ping
5/9/2021 3:42:59 PM : ping
5/9/2021 3:42:59 PM : ping
5/9/2021 3:43:01 PM : ping
5/9/2021 3:43:01 PM : ping
5/9/2021 3:43:01 PM : ping
5/9/2021 3:43:02 PM : ping
5/9/2021 3:43:02 PM : ping
5/9/2021 3:43:02 PM : ping
5/9/2021 3:43:03 PM : ping
5/9/2021 3:43:03 PM : ping
5/9/2021 3:43:03 PM : ping
5/9/2021 3:43:04 PM : ping
5/9/2021 3:43:04 PM : ping
5/9/2021 3:43:04 PM : ping
5/9/2021 3:43:05 PM : ping
5/9/2021 3:43:05 PM : ping
5/9/2021 3:43:05 PM : ping
5/9/2021 3:43:06 PM : ping
5/9/2021 3:43:06 PM : ping
5/9/2021 3:43:06 PM : ping
5/9/2021 3:43:07 PM : ping
5/9/2021 3:43:07 PM : ping
5/9/2021 3:43:07 PM : ping
5/9/2021 3:43:08 PM : ping
5/9/2021 3:43:08 PM : ping
5/9/2021 3:43:08 PM : ping
5/9/2021 3:43:09 PM : ping
5/9/2021 3:43:09 PM : ping
5/9/2021 3:43:09 PM : ping
5/9/2021 3:43:11 PM : ping
5/9/2021 3:43:11 PM : ping
5/9/2021 3:43:11 PM : ping
5/9/2021 3:43:12 PM : ping
5/9/2021 3:43:12 PM : ping
5/9/2021 3:43:12 PM : ping
5/9/2021 3:43:13 PM : ping
5/9/2021 3:43:13 PM : ping
5/9/2021 3:43:13 PM : ping
5/9/2021 3:43:14 PM : ping
5/9/2021 3:43:14 PM : ping
5/9/2021 3:43:14 PM : ping
5/9/2021 3:43:15 PM : ping
5/9/2021 3:43:15 PM : ping
5/9/2021 3:43:15 PM : ping
5/9/2021 3:43:16 PM : ping
5/9/2021 3:43:16 PM : ping
5/9/2021 3:43:16 PM : ping
5/9/2021 3:43:17 PM : ping
5/9/2021 3:43:17 PM : ping
5/9/2021 3:43:17 PM : ping
5/9/2021 3:43:18 PM : ping
5/9/2021 3:43:18 PM : ping
5/9/2021 3:43:18 PM : ping
5/9/2021 3:43:19 PM : ping
5/9/2021 3:43:19 PM : ping
5/9/2021 3:43:19 PM : ping
5/9/2021 3:43:21 PM : ping
5/9/2021 3:43:21 PM : ping
5/9/2021 3:43:21 PM : ping
5/9/2021 3:43:22 PM : ping
5/9/2021 3:43:22 PM : ping
5/9/2021 3:43:22 PM : ping
5/9/2021 3:43:23 PM : ping
5/9/2021 3:43:23 PM : ping
5/9/2021 3:43:23 PM : ping
5/9/2021 3:43:24 PM : ping
5/9/2021 3:43:24 PM : ping
5/9/2021 3:43:24 PM : ping
5/9/2021 3:43:25 PM : ping
5/9/2021 3:43:25 PM : ping
5/9/2021 3:43:25 PM : ping
5/9/2021 3:43:26 PM : ping
5/9/2021 3:43:26 PM : ping
5/9/2021 3:43:26 PM : ping
5/9/2021 3:43:27 PM : ping
5/9/2021 3:43:27 PM : ping
5/9/2021 3:43:27 PM : ping
5/9/2021 3:43:28 PM : kService.requestChannels.Count :47
5/9/2021 3:43:28 PM : kService.requestChannels.Count :47
5/9/2021 3:43:28 PM : ping
5/9/2021 3:43:28 PM : ping
5/9/2021 3:43:28 PM : ping
5/9/2021 3:43:29 PM : ping
5/9/2021 3:43:29 PM : ping
5/9/2021 3:43:29 PM : ping
5/9/2021 3:43:30 PM : kService.requestChannels.Count :46
5/9/2021 3:43:30 PM : kService.requestChannels.Count :46
5/9/2021 3:43:30 PM : kService.requestChannels.Count :45
5/9/2021 3:43:30 PM : kService.requestChannels.Count :45
5/9/2021 3:43:30 PM : kService.requestChannels.Count :44
5/9/2021 3:43:30 PM : kService.requestChannels.Count :44
5/9/2021 3:43:30 PM : kService.requestChannels.Count :43
5/9/2021 3:43:30 PM : kService.requestChannels.Count :43
5/9/2021 3:43:30 PM : kService.requestChannels.Count :42
5/9/2021 3:43:30 PM : kService.requestChannels.Count :42
5/9/2021 3:43:30 PM : kService.requestChannels.Count :41
5/9/2021 3:43:30 PM : kService.requestChannels.Count :41
5/9/2021 3:43:31 PM : ping
5/9/2021 3:43:31 PM : ping
5/9/2021 3:43:31 PM : kService.requestChannels.Count :40
5/9/2021 3:43:31 PM : kService.requestChannels.Count :40
5/9/2021 3:43:31 PM : ping
5/9/2021 3:43:31 PM : kService.requestChannels.Count :39
5/9/2021 3:43:31 PM : kService.requestChannels.Count :39
5/9/2021 3:43:31 PM : kService.requestChannels.Count :38
5/9/2021 3:43:31 PM : kService.requestChannels.Count :38
5/9/2021 3:43:32 PM : ping
5/9/2021 3:43:32 PM : ping
5/9/2021 3:43:32 PM : ping
5/9/2021 3:43:32 PM : kService.requestChannels.Count :37
5/9/2021 3:43:32 PM : kService.requestChannels.Count :37
5/9/2021 3:43:32 PM : kService.requestChannels.Count :36
5/9/2021 3:43:32 PM : kService.requestChannels.Count :36
5/9/2021 3:43:32 PM : kService.requestChannels.Count :35
5/9/2021 3:43:32 PM : kService.requestChannels.Count :35
5/9/2021 3:43:32 PM : kService.requestChannels.Count :34
5/9/2021 3:43:32 PM : kService.requestChannels.Count :34
5/9/2021 3:43:33 PM : kService.requestChannels.Count :33
5/9/2021 3:43:33 PM : kService.requestChannels.Count :33
5/9/2021 3:43:33 PM : ping
5/9/2021 3:43:33 PM : ping
5/9/2021 3:43:33 PM : ping
5/9/2021 3:43:33 PM : kService.requestChannels.Count :32
5/9/2021 3:43:33 PM : kService.requestChannels.Count :32
5/9/2021 3:43:33 PM : kService.requestChannels.Count :31
5/9/2021 3:43:33 PM : kService.requestChannels.Count :31
5/9/2021 3:43:33 PM : kService.requestChannels.Count :30
5/9/2021 3:43:33 PM : kService.requestChannels.Count :30
5/9/2021 3:43:33 PM : kService.requestChannels.Count :29
5/9/2021 3:43:33 PM : kService.requestChannels.Count :29
5/9/2021 3:43:34 PM : kService.requestChannels.Count :28
5/9/2021 3:43:34 PM : kService.requestChannels.Count :28
5/9/2021 3:43:34 PM : ping
5/9/2021 3:43:34 PM : ping
5/9/2021 3:43:34 PM : ping
5/9/2021 3:43:34 PM : kService.requestChannels.Count :27
5/9/2021 3:43:34 PM : kService.requestChannels.Count :27
5/9/2021 3:43:34 PM : kService.requestChannels.Count :26
5/9/2021 3:43:34 PM : kService.requestChannels.Count :26
5/9/2021 3:43:34 PM : kService.requestChannels.Count :25
5/9/2021 3:43:34 PM : kService.requestChannels.Count :25
5/9/2021 3:43:35 PM : kService.requestChannels.Count :24
5/9/2021 3:43:35 PM : kService.requestChannels.Count :24
5/9/2021 3:43:35 PM : ping
5/9/2021 3:43:35 PM : ping
5/9/2021 3:43:35 PM : ping
5/9/2021 3:43:35 PM : kService.requestChannels.Count :23
5/9/2021 3:43:35 PM : kService.requestChannels.Count :23
5/9/2021 3:43:35 PM : kService.requestChannels.Count :22
5/9/2021 3:43:35 PM : kService.requestChannels.Count :22
5/9/2021 3:43:35 PM : kService.requestChannels.Count :21
5/9/2021 3:43:35 PM : kService.requestChannels.Count :21
5/9/2021 3:43:35 PM : kService.requestChannels.Count :20
5/9/2021 3:43:35 PM : kService.requestChannels.Count :20
5/9/2021 3:43:36 PM : kService.requestChannels.Count :19
5/9/2021 3:43:36 PM : kService.requestChannels.Count :19
5/9/2021 3:43:36 PM : kService.requestChannels.Count :18
5/9/2021 3:43:36 PM : kService.requestChannels.Count :18
5/9/2021 3:43:36 PM : kService.requestChannels.Count :17
5/9/2021 3:43:36 PM : kService.requestChannels.Count :17
5/9/2021 3:43:36 PM : ping
5/9/2021 3:43:36 PM : ping
5/9/2021 3:43:36 PM : ping
5/9/2021 3:43:36 PM : kService.requestChannels.Count :16
5/9/2021 3:43:36 PM : kService.requestChannels.Count :16
5/9/2021 3:43:36 PM : kService.requestChannels.Count :15
5/9/2021 3:43:36 PM : kService.requestChannels.Count :15
5/9/2021 3:43:36 PM : kService.requestChannels.Count :14
5/9/2021 3:43:36 PM : kService.requestChannels.Count :14
5/9/2021 3:43:37 PM : kService.requestChannels.Count :13
5/9/2021 3:43:37 PM : kService.requestChannels.Count :13
5/9/2021 3:43:37 PM : kService.requestChannels.Count :12
5/9/2021 3:43:37 PM : kService.requestChannels.Count :12
5/9/2021 3:43:37 PM : kService.requestChannels.Count :11
5/9/2021 3:43:37 PM : kService.requestChannels.Count :11
5/9/2021 3:43:37 PM : kService.requestChannels.Count :10
5/9/2021 3:43:37 PM : kService.requestChannels.Count :10
5/9/2021 3:43:37 PM : kService.requestChannels.Count :9
5/9/2021 3:43:37 PM : kService.requestChannels.Count :9
5/9/2021 3:43:37 PM : ping
5/9/2021 3:43:37 PM : ping
5/9/2021 3:43:37 PM : ping
5/9/2021 3:43:37 PM : kService.requestChannels.Count :8
5/9/2021 3:43:37 PM : kService.requestChannels.Count :8
5/9/2021 3:43:37 PM : kService.requestChannels.Count :7
5/9/2021 3:43:37 PM : kService.requestChannels.Count :7
5/9/2021 3:43:38 PM : kService.requestChannels.Count :6
5/9/2021 3:43:38 PM : kService.requestChannels.Count :6
5/9/2021 3:43:38 PM : kService.requestChannels.Count :5
5/9/2021 3:43:38 PM : kService.requestChannels.Count :5
5/9/2021 3:43:38 PM : kService.requestChannels.Count :4
5/9/2021 3:43:38 PM : kService.requestChannels.Count :4
5/9/2021 3:43:38 PM : kService.requestChannels.Count :3
5/9/2021 3:43:38 PM : kService.requestChannels.Count :3
5/9/2021 3:43:38 PM : ping
5/9/2021 3:43:38 PM : ping
5/9/2021 3:43:38 PM : ping
5/9/2021 3:43:38 PM : kService.requestChannels.Count :2
5/9/2021 3:43:38 PM : kService.requestChannels.Count :2
5/9/2021 3:43:38 PM : kService.requestChannels.Count :1
5/9/2021 3:43:38 PM : kService.requestChannels.Count :1
5/9/2021 3:43:39 PM : kService.requestChannels.Count :0
5/9/2021 3:43:39 PM : kService.requestChannels.Count :0
5/9/2021 3:43:39 PM : ping
5/9/2021 3:43:39 PM : ping
5/9/2021 3:43:39 PM : ping
5/9/2021 3:43:41 PM : ping
5/9/2021 3:43:41 PM : ping
5/9/2021 3:43:41 PM : ping
5/9/2021 3:43:42 PM : ping
5/9/2021 3:43:42 PM : ping
5/9/2021 3:43:42 PM : ping
5/9/2021 3:43:43 PM : ping
5/9/2021 3:43:43 PM : ping
5/9/2021 3:43:43 PM : ping
5/9/2021 3:43:44 PM : ping
5/9/2021 3:43:44 PM : ping
5/9/2021 3:43:44 PM : ping
5/9/2021 3:43:45 PM : ping
5/9/2021 3:43:45 PM : ping
5/9/2021 3:43:45 PM : ping
5/9/2021 3:43:46 PM : ping
5/9/2021 3:43:46 PM : ping
5/9/2021 3:43:46 PM : ping
5/9/2021 3:43:47 PM : ping
5/9/2021 3:43:47 PM : ping
5/9/2021 3:43:47 PM : ping
5/9/2021 3:43:48 PM : ping
5/9/2021 3:43:48 PM : ping
5/9/2021 3:43:48 PM : ping
5/9/2021 3:43:49 PM : ping
5/9/2021 3:43:49 PM : ping
5/9/2021 3:43:49 PM : ping
5/9/2021 3:43:51 PM : ping
5/9/2021 3:43:51 PM : ping
5/9/2021 3:43:51 PM : ping
5/9/2021 3:43:52 PM : ping
5/9/2021 3:43:52 PM : ping
5/9/2021 3:43:52 PM : ping
5/9/2021 3:43:53 PM : ping
5/9/2021 3:43:53 PM : ping
5/9/2021 3:43:53 PM : ping
5/9/2021 3:43:54 PM : ping
5/9/2021 3:43:54 PM : ping
5/9/2021 3:43:54 PM : ping
5/9/2021 3:43:55 PM : ping
5/9/2021 3:43:55 PM : ping
5/9/2021 3:43:55 PM : ping
5/9/2021 3:43:56 PM : ping
5/9/2021 3:43:56 PM : ping
5/9/2021 3:43:56 PM : ping
5/9/2021 3:43:57 PM : ping
5/9/2021 3:43:57 PM : ping
5/9/2021 3:43:57 PM : ping
5/9/2021 3:43:58 PM : ping
5/9/2021 3:43:58 PM : ping
5/9/2021 3:43:58 PM : ping
5/9/2021 3:43:59 PM : ping
5/9/2021 3:43:59 PM : ping
5/9/2021 3:43:59 PM : ping
5/9/2021 3:44:00 PM : ping
5/9/2021 3:44:00 PM : ping
5/9/2021 3:44:00 PM : ping
5/9/2021 3:44:02 PM : ping
5/9/2021 3:44:02 PM : ping
5/9/2021 3:44:02 PM : ping
5/9/2021 3:44:03 PM : ping
5/9/2021 3:44:03 PM : ping
5/9/2021 3:44:03 PM : ping
5/9/2021 3:44:04 PM : ping
5/9/2021 3:44:04 PM : ping
5/9/2021 3:44:04 PM : ping
5/9/2021 3:44:05 PM : ping
5/9/2021 3:44:05 PM : ping
5/9/2021 3:44:05 PM : ping
5/9/2021 3:44:06 PM : ping
5/9/2021 3:44:06 PM : ping
5/9/2021 3:44:06 PM : ping
5/9/2021 3:44:07 PM : ping
5/9/2021 3:44:07 PM : ping
5/9/2021 3:44:07 PM : ping
5/9/2021 3:44:08 PM : ping
5/9/2021 3:44:08 PM : ping
5/9/2021 3:44:08 PM : ping
5/9/2021 3:44:09 PM : ping
5/9/2021 3:44:09 PM : ping
5/9/2021 3:44:09 PM : ping
5/9/2021 3:44:10 PM : ping
5/9/2021 3:44:10 PM : ping
5/9/2021 3:44:10 PM : ping
5/9/2021 3:44:12 PM : ping
5/9/2021 3:44:12 PM : ping
5/9/2021 3:44:12 PM : ping
5/9/2021 3:44:13 PM : ping
5/9/2021 3:44:13 PM : ping
5/9/2021 3:44:13 PM : ping
5/9/2021 3:44:14 PM : ping
5/9/2021 3:44:14 PM : ping
5/9/2021 3:44:14 PM : ping
5/9/2021 3:44:15 PM : ping
5/9/2021 3:44:15 PM : ping
5/9/2021 3:44:15 PM : ping
5/9/2021 3:44:16 PM : ping
5/9/2021 3:44:16 PM : ping
5/9/2021 3:44:16 PM : ping
5/9/2021 3:44:17 PM : ping
5/9/2021 3:44:17 PM : ping
5/9/2021 3:44:17 PM : ping
5/9/2021 3:44:18 PM : ping
5/9/2021 3:44:18 PM : ping
5/9/2021 3:44:18 PM : ping
5/9/2021 3:44:19 PM : ping
5/9/2021 3:44:19 PM : ping
5/9/2021 3:44:19 PM : ping
5/9/2021 3:44:20 PM : ping
5/9/2021 3:44:20 PM : ping
5/9/2021 3:44:20 PM : ping
5/9/2021 3:44:22 PM : ping
5/9/2021 3:44:22 PM : ping
5/9/2021 3:44:22 PM : ping
5/9/2021 3:44:23 PM : ping
5/9/2021 3:44:23 PM : ping
5/9/2021 3:44:23 PM : ping
5/9/2021 3:44:24 PM : ping
5/9/2021 3:44:24 PM : ping
5/9/2021 3:44:24 PM : ping
5/9/2021 3:44:25 PM : ping
5/9/2021 3:44:25 PM : ping
5/9/2021 3:44:25 PM : ping
5/9/2021 3:44:26 PM : ping
5/9/2021 3:44:26 PM : ping
5/9/2021 3:44:26 PM : ping
5/9/2021 3:44:27 PM : ping
5/9/2021 3:44:27 PM : ping
5/9/2021 3:44:27 PM : ping
5/9/2021 3:44:28 PM : ping
5/9/2021 3:44:28 PM : ping
5/9/2021 3:44:28 PM : ping
5/9/2021 3:44:29 PM : ping
5/9/2021 3:44:29 PM : ping
5/9/2021 3:44:29 PM : ping
5/9/2021 3:44:30 PM : ping
5/9/2021 3:44:30 PM : ping
5/9/2021 3:44:30 PM : ping
5/9/2021 3:44:31 PM : ping
5/9/2021 3:44:31 PM : ping
5/9/2021 3:44:31 PM : ping
5/9/2021 3:44:33 PM : ping
5/9/2021 3:44:33 PM : ping
5/9/2021 3:44:33 PM : ping
5/9/2021 3:44:34 PM : ping
5/9/2021 3:44:34 PM : ping
5/9/2021 3:44:34 PM : ping
5/9/2021 3:44:35 PM : ping
5/9/2021 3:44:35 PM : ping
5/9/2021 3:44:35 PM : ping
5/9/2021 3:44:36 PM : ping
5/9/2021 3:44:36 PM : ping
5/9/2021 3:44:36 PM : ping
5/9/2021 3:44:37 PM : ping
5/9/2021 3:44:37 PM : ping
5/9/2021 3:44:37 PM : ping
5/9/2021 3:44:38 PM : ping
5/9/2021 3:44:38 PM : ping
5/9/2021 3:44:38 PM : ping
5/9/2021 3:44:39 PM : ping
5/9/2021 3:44:39 PM : ping
5/9/2021 3:44:39 PM : ping
5/9/2021 3:44:40 PM : ping
5/9/2021 3:44:40 PM : ping
5/9/2021 3:44:40 PM : ping
5/9/2021 3:44:41 PM : ping
5/9/2021 3:44:41 PM : ping
5/9/2021 3:44:41 PM : ping
5/9/2021 3:44:43 PM : ping
5/9/2021 3:44:43 PM : ping
5/9/2021 3:44:43 PM : ping
5/9/2021 3:44:44 PM : ping
5/9/2021 3:44:44 PM : ping
5/9/2021 3:44:44 PM : ping
5/9/2021 3:44:45 PM : ping
5/9/2021 3:44:45 PM : ping
5/9/2021 3:44:45 PM : ping
5/9/2021 3:44:46 PM : ping
5/9/2021 3:44:46 PM : ping
5/9/2021 3:44:46 PM : ping
5/9/2021 3:44:47 PM : ping
5/9/2021 3:44:47 PM : ping
5/9/2021 3:44:47 PM : ping
5/9/2021 3:44:48 PM : ping
5/9/2021 3:44:48 PM : ping
5/9/2021 3:44:48 PM : ping
5/9/2021 3:44:49 PM : ping
5/9/2021 3:44:49 PM : ping
5/9/2021 3:44:49 PM : ping
5/9/2021 3:44:50 PM : ping
5/9/2021 3:44:50 PM : ping
5/9/2021 3:44:50 PM : ping
5/9/2021 3:44:51 PM : ping
5/9/2021 3:44:51 PM : ping
5/9/2021 3:44:51 PM : ping
5/9/2021 3:44:53 PM : ping
5/9/2021 3:44:53 PM : ping
5/9/2021 3:44:53 PM : ping
5/9/2021 3:44:54 PM : ping
5/9/2021 3:44:54 PM : ping
5/9/2021 3:44:54 PM : ping
5/9/2021 3:44:55 PM : ping
5/9/2021 3:44:55 PM : ping
5/9/2021 3:44:55 PM : ping
5/9/2021 3:44:56 PM : ping
5/9/2021 3:44:56 PM : ping
5/9/2021 3:44:56 PM : ping
5/9/2021 3:44:57 PM : ping
5/9/2021 3:44:57 PM : ping
5/9/2021 3:44:57 PM : ping
5/9/2021 3:44:58 PM : ping
5/9/2021 3:44:58 PM : ping
5/9/2021 3:44:58 PM : ping
5/9/2021 3:44:59 PM : ping
5/9/2021 3:44:59 PM : ping
5/9/2021 3:44:59 PM : ping
5/9/2021 3:45:00 PM : ping
5/9/2021 3:45:00 PM : ping
5/9/2021 3:45:00 PM : ping
5/9/2021 3:45:01 PM : ping
5/9/2021 3:45:01 PM : ping
5/9/2021 3:45:01 PM : ping
5/9/2021 3:45:02 PM : ping
5/9/2021 3:45:02 PM : ping
5/9/2021 3:45:02 PM : ping
