log begin
..............
5/16/2021 1:17:40 AM : ping
5/16/2021 1:17:40 AM : ping
5/16/2021 1:17:40 AM : ping
5/16/2021 1:17:41 AM : ping
5/16/2021 1:17:41 AM : ping
5/16/2021 1:17:41 AM : ping
5/16/2021 1:17:42 AM : ping
5/16/2021 1:17:42 AM : ping
5/16/2021 1:17:42 AM : ping
5/16/2021 1:17:43 AM : ping
5/16/2021 1:17:43 AM : ping
5/16/2021 1:17:43 AM : ping
5/16/2021 1:17:44 AM : ping
5/16/2021 1:17:44 AM : ping
5/16/2021 1:17:44 AM : ping
5/16/2021 1:17:45 AM : ping
5/16/2021 1:17:45 AM : ping
5/16/2021 1:17:45 AM : ping
5/16/2021 1:17:46 AM : ping
5/16/2021 1:17:46 AM : ping
5/16/2021 1:17:46 AM : ping
5/16/2021 1:17:48 AM : ping
5/16/2021 1:17:48 AM : ping
5/16/2021 1:17:48 AM : ping
5/16/2021 1:17:49 AM : ping
5/16/2021 1:17:49 AM : ping
5/16/2021 1:17:49 AM : ping
5/16/2021 1:17:50 AM : launch server at port: 7003
5/16/2021 1:17:50 AM : ping
5/16/2021 1:17:50 AM : ping
5/16/2021 1:17:50 AM : ping
5/16/2021 1:17:51 AM : launch server at port: 7004
5/16/2021 1:17:51 AM : ping
5/16/2021 1:17:51 AM : ping
5/16/2021 1:17:51 AM : ping
5/16/2021 1:17:51 AM : launch server at port: 7005
5/16/2021 1:17:51 AM : launch server at port: 7006
5/16/2021 1:17:52 AM : ping
5/16/2021 1:17:52 AM : ping
5/16/2021 1:17:52 AM : ping
5/16/2021 1:17:52 AM : launch server at port: 7007
5/16/2021 1:17:53 AM : ping
5/16/2021 1:17:53 AM : ping
5/16/2021 1:17:53 AM : ping
5/16/2021 1:17:54 AM : ping
5/16/2021 1:17:54 AM : ping
5/16/2021 1:17:54 AM : ping
5/16/2021 1:17:55 AM : ping
5/16/2021 1:17:55 AM : ping
5/16/2021 1:17:55 AM : ping
5/16/2021 1:17:56 AM : ping
5/16/2021 1:17:56 AM : ping
5/16/2021 1:17:56 AM : ping
5/16/2021 1:17:58 AM : ping
5/16/2021 1:17:58 AM : ping
5/16/2021 1:17:58 AM : ping
5/16/2021 1:17:59 AM : ping
5/16/2021 1:17:59 AM : ping
5/16/2021 1:17:59 AM : ping
5/16/2021 1:17:59 AM : launch server at port: 7008
5/16/2021 1:17:59 AM : launch server at port: 7009
5/16/2021 1:18:00 AM : ping
5/16/2021 1:18:00 AM : ping
5/16/2021 1:18:00 AM : ping
5/16/2021 1:18:00 AM : launch server at port: 7010
5/16/2021 1:18:00 AM : launch server at port: 7011
5/16/2021 1:18:01 AM : ping
5/16/2021 1:18:01 AM : ping
5/16/2021 1:18:01 AM : ping
5/16/2021 1:18:01 AM : launch server at port: 7012
5/16/2021 1:18:02 AM : ping
5/16/2021 1:18:02 AM : ping
5/16/2021 1:18:02 AM : ping
5/16/2021 1:18:03 AM : ping
5/16/2021 1:18:03 AM : ping
5/16/2021 1:18:03 AM : ping
5/16/2021 1:18:04 AM : ping
5/16/2021 1:18:04 AM : ping
5/16/2021 1:18:04 AM : ping
5/16/2021 1:18:05 AM : launch server at port: 7013
5/16/2021 1:18:05 AM : ping
5/16/2021 1:18:05 AM : ping
5/16/2021 1:18:05 AM : ping
5/16/2021 1:18:06 AM : launch server at port: 7014
5/16/2021 1:18:06 AM : ping
5/16/2021 1:18:06 AM : ping
5/16/2021 1:18:06 AM : ping
5/16/2021 1:18:07 AM : launch server at port: 7015
5/16/2021 1:18:08 AM : ping
5/16/2021 1:18:08 AM : ping
5/16/2021 1:18:08 AM : ping
5/16/2021 1:18:08 AM : launch server at port: 7016
5/16/2021 1:18:09 AM : ping
5/16/2021 1:18:09 AM : ping
5/16/2021 1:18:09 AM : ping
5/16/2021 1:18:09 AM : launch server at port: 7017
5/16/2021 1:18:10 AM : ping
5/16/2021 1:18:10 AM : ping
5/16/2021 1:18:10 AM : ping
5/16/2021 1:18:11 AM : ping
5/16/2021 1:18:11 AM : ping
5/16/2021 1:18:11 AM : ping
5/16/2021 1:18:12 AM : ping
5/16/2021 1:18:12 AM : ping
5/16/2021 1:18:12 AM : ping
5/16/2021 1:18:13 AM : ping
5/16/2021 1:18:13 AM : ping
5/16/2021 1:18:13 AM : ping
5/16/2021 1:18:14 AM : launch server at port: 7018
5/16/2021 1:18:14 AM : ping
5/16/2021 1:18:14 AM : ping
5/16/2021 1:18:14 AM : ping
5/16/2021 1:18:15 AM : ping
5/16/2021 1:18:15 AM : ping
5/16/2021 1:18:15 AM : ping
5/16/2021 1:18:16 AM : ping
5/16/2021 1:18:16 AM : ping
5/16/2021 1:18:16 AM : ping
5/16/2021 1:18:18 AM : ping
5/16/2021 1:18:18 AM : ping
5/16/2021 1:18:18 AM : ping
5/16/2021 1:18:19 AM : ping
5/16/2021 1:18:19 AM : ping
5/16/2021 1:18:19 AM : ping
5/16/2021 1:18:20 AM : ping
5/16/2021 1:18:20 AM : ping
5/16/2021 1:18:20 AM : ping
5/16/2021 1:18:21 AM : ping
5/16/2021 1:18:21 AM : ping
5/16/2021 1:18:21 AM : ping
5/16/2021 1:18:22 AM : ping
5/16/2021 1:18:22 AM : ping
5/16/2021 1:18:22 AM : ping
5/16/2021 1:18:23 AM : ping
5/16/2021 1:18:23 AM : ping
5/16/2021 1:18:23 AM : ping
5/16/2021 1:18:24 AM : ping
5/16/2021 1:18:24 AM : ping
5/16/2021 1:18:24 AM : ping
5/16/2021 1:18:25 AM : ping
5/16/2021 1:18:25 AM : ping
5/16/2021 1:18:25 AM : ping
5/16/2021 1:18:26 AM : ping
5/16/2021 1:18:26 AM : ping
5/16/2021 1:18:26 AM : ping
5/16/2021 1:18:28 AM : ping
5/16/2021 1:18:28 AM : ping
5/16/2021 1:18:28 AM : ping
5/16/2021 1:18:29 AM : ping
5/16/2021 1:18:29 AM : ping
5/16/2021 1:18:29 AM : ping
5/16/2021 1:18:30 AM : ping
5/16/2021 1:18:30 AM : ping
5/16/2021 1:18:30 AM : ping
5/16/2021 1:18:31 AM : ping
5/16/2021 1:18:31 AM : ping
5/16/2021 1:18:31 AM : ping
5/16/2021 1:18:32 AM : ping
5/16/2021 1:18:32 AM : ping
5/16/2021 1:18:32 AM : ping
5/16/2021 1:18:33 AM : ping
5/16/2021 1:18:33 AM : ping
5/16/2021 1:18:33 AM : ping
5/16/2021 1:18:34 AM : ping
5/16/2021 1:18:34 AM : ping
5/16/2021 1:18:34 AM : ping
5/16/2021 1:18:35 AM : ping
5/16/2021 1:18:35 AM : ping
5/16/2021 1:18:35 AM : ping
5/16/2021 1:18:36 AM : ping
5/16/2021 1:18:36 AM : ping
5/16/2021 1:18:36 AM : ping
5/16/2021 1:18:38 AM : ping
5/16/2021 1:18:38 AM : ping
5/16/2021 1:18:38 AM : ping
5/16/2021 1:18:39 AM : ping
5/16/2021 1:18:39 AM : ping
5/16/2021 1:18:39 AM : ping
5/16/2021 1:18:40 AM : ping
5/16/2021 1:18:40 AM : ping
5/16/2021 1:18:40 AM : ping
5/16/2021 1:18:41 AM : ping
5/16/2021 1:18:41 AM : ping
5/16/2021 1:18:41 AM : ping
5/16/2021 1:18:42 AM : ping
5/16/2021 1:18:42 AM : ping
5/16/2021 1:18:42 AM : ping
5/16/2021 1:18:43 AM : ping
5/16/2021 1:18:43 AM : ping
5/16/2021 1:18:43 AM : ping
5/16/2021 1:18:44 AM : ping
5/16/2021 1:18:44 AM : ping
5/16/2021 1:18:44 AM : ping
5/16/2021 1:18:45 AM : ping
5/16/2021 1:18:45 AM : ping
5/16/2021 1:18:45 AM : ping
5/16/2021 1:18:46 AM : ping
5/16/2021 1:18:46 AM : ping
5/16/2021 1:18:46 AM : ping
5/16/2021 1:18:48 AM : ping
5/16/2021 1:18:48 AM : ping
5/16/2021 1:18:48 AM : ping
5/16/2021 1:18:49 AM : ping
5/16/2021 1:18:49 AM : ping
5/16/2021 1:18:49 AM : ping
5/16/2021 1:18:50 AM : ping
5/16/2021 1:18:50 AM : ping
5/16/2021 1:18:50 AM : ping
5/16/2021 1:18:51 AM : ping
5/16/2021 1:18:51 AM : ping
5/16/2021 1:18:51 AM : ping
5/16/2021 1:18:52 AM : ping
5/16/2021 1:18:52 AM : ping
5/16/2021 1:18:52 AM : ping
5/16/2021 1:18:53 AM : ping
5/16/2021 1:18:53 AM : ping
5/16/2021 1:18:53 AM : ping
5/16/2021 1:18:54 AM : ping
5/16/2021 1:18:54 AM : ping
5/16/2021 1:18:54 AM : ping
5/16/2021 1:18:55 AM : ping
5/16/2021 1:18:55 AM : ping
5/16/2021 1:18:55 AM : ping
5/16/2021 1:18:56 AM : ping
5/16/2021 1:18:56 AM : ping
5/16/2021 1:18:56 AM : ping
5/16/2021 1:18:58 AM : ping
5/16/2021 1:18:58 AM : ping
5/16/2021 1:18:58 AM : ping
5/16/2021 1:18:59 AM : ping
5/16/2021 1:18:59 AM : ping
5/16/2021 1:18:59 AM : ping
5/16/2021 1:19:00 AM : ping
5/16/2021 1:19:00 AM : ping
5/16/2021 1:19:00 AM : ping
5/16/2021 1:19:01 AM : ping
5/16/2021 1:19:01 AM : ping
5/16/2021 1:19:01 AM : ping
5/16/2021 1:19:02 AM : ping
5/16/2021 1:19:02 AM : ping
5/16/2021 1:19:02 AM : ping
5/16/2021 1:19:03 AM : ping
5/16/2021 1:19:03 AM : ping
5/16/2021 1:19:03 AM : ping
5/16/2021 1:19:04 AM : ping
5/16/2021 1:19:04 AM : ping
5/16/2021 1:19:04 AM : ping
5/16/2021 1:19:05 AM : ping
5/16/2021 1:19:05 AM : ping
5/16/2021 1:19:05 AM : ping
5/16/2021 1:19:06 AM : ping
5/16/2021 1:19:06 AM : ping
5/16/2021 1:19:07 AM : ping
5/16/2021 1:19:08 AM : ping
5/16/2021 1:19:08 AM : ping
5/16/2021 1:19:08 AM : ping
5/16/2021 1:19:09 AM : ping
5/16/2021 1:19:09 AM : ping
5/16/2021 1:19:09 AM : ping
5/16/2021 1:19:10 AM : ping
5/16/2021 1:19:10 AM : ping
5/16/2021 1:19:10 AM : ping
5/16/2021 1:19:11 AM : ping
5/16/2021 1:19:11 AM : ping
5/16/2021 1:19:11 AM : ping
5/16/2021 1:19:12 AM : ping
5/16/2021 1:19:12 AM : ping
5/16/2021 1:19:12 AM : ping
5/16/2021 1:19:13 AM : ping
5/16/2021 1:19:13 AM : ping
5/16/2021 1:19:13 AM : ping
5/16/2021 1:19:14 AM : ping
5/16/2021 1:19:14 AM : ping
5/16/2021 1:19:14 AM : ping
5/16/2021 1:19:15 AM : ping
5/16/2021 1:19:15 AM : ping
5/16/2021 1:19:15 AM : ping
5/16/2021 1:19:16 AM : ping
5/16/2021 1:19:16 AM : ping
5/16/2021 1:19:16 AM : ping
5/16/2021 1:19:18 AM : ping
5/16/2021 1:19:18 AM : ping
5/16/2021 1:19:18 AM : ping
5/16/2021 1:19:19 AM : ping
5/16/2021 1:19:19 AM : ping
5/16/2021 1:19:19 AM : ping
5/16/2021 1:19:20 AM : ping
5/16/2021 1:19:20 AM : ping
5/16/2021 1:19:20 AM : ping
5/16/2021 1:19:21 AM : ping
5/16/2021 1:19:21 AM : ping
5/16/2021 1:19:21 AM : ping
5/16/2021 1:19:22 AM : ping
5/16/2021 1:19:22 AM : ping
5/16/2021 1:19:22 AM : ping
5/16/2021 1:19:23 AM : ping
5/16/2021 1:19:23 AM : ping
5/16/2021 1:19:23 AM : ping
5/16/2021 1:19:24 AM : ping
5/16/2021 1:19:24 AM : ping
5/16/2021 1:19:24 AM : ping
5/16/2021 1:19:25 AM : ping
5/16/2021 1:19:25 AM : ping
5/16/2021 1:19:25 AM : ping
5/16/2021 1:19:27 AM : ping
5/16/2021 1:19:27 AM : ping
5/16/2021 1:19:27 AM : ping
5/16/2021 1:19:28 AM : ping
5/16/2021 1:19:28 AM : ping
5/16/2021 1:19:28 AM : ping
5/16/2021 1:19:29 AM : ping
5/16/2021 1:19:29 AM : ping
5/16/2021 1:19:29 AM : ping
5/16/2021 1:19:30 AM : ping
5/16/2021 1:19:30 AM : ping
5/16/2021 1:19:30 AM : ping
5/16/2021 1:19:31 AM : ping
5/16/2021 1:19:31 AM : ping
5/16/2021 1:19:31 AM : ping
5/16/2021 1:19:32 AM : ping
5/16/2021 1:19:32 AM : ping
5/16/2021 1:19:32 AM : ping
5/16/2021 1:19:33 AM : ping
5/16/2021 1:19:33 AM : ping
5/16/2021 1:19:33 AM : ping
5/16/2021 1:19:34 AM : ping
5/16/2021 1:19:34 AM : ping
5/16/2021 1:19:34 AM : ping
5/16/2021 1:19:35 AM : ping
5/16/2021 1:19:35 AM : ping
5/16/2021 1:19:35 AM : ping
5/16/2021 1:19:37 AM : ping
5/16/2021 1:19:37 AM : ping
5/16/2021 1:19:37 AM : ping
5/16/2021 1:19:38 AM : ping
5/16/2021 1:19:38 AM : ping
5/16/2021 1:19:38 AM : ping
5/16/2021 1:19:39 AM : ping
5/16/2021 1:19:39 AM : ping
5/16/2021 1:19:39 AM : ping
5/16/2021 1:19:40 AM : ping
5/16/2021 1:19:40 AM : ping
5/16/2021 1:19:40 AM : ping
5/16/2021 1:19:41 AM : ping
5/16/2021 1:19:41 AM : ping
5/16/2021 1:19:41 AM : ping
5/16/2021 1:19:42 AM : ping
5/16/2021 1:19:42 AM : ping
5/16/2021 1:19:42 AM : ping
5/16/2021 1:19:43 AM : ping
5/16/2021 1:19:43 AM : ping
5/16/2021 1:19:43 AM : ping
5/16/2021 1:19:44 AM : ping
5/16/2021 1:19:44 AM : ping
5/16/2021 1:19:44 AM : ping
5/16/2021 1:19:45 AM : ping
5/16/2021 1:19:45 AM : ping
5/16/2021 1:19:45 AM : ping
5/16/2021 1:19:46 AM : ping
5/16/2021 1:19:46 AM : ping
5/16/2021 1:19:46 AM : ping
5/16/2021 1:19:48 AM : ping
5/16/2021 1:19:48 AM : ping
5/16/2021 1:19:48 AM : ping
5/16/2021 1:19:49 AM : ping
5/16/2021 1:19:49 AM : ping
5/16/2021 1:19:49 AM : ping
5/16/2021 1:19:50 AM : ping
5/16/2021 1:19:50 AM : ping
5/16/2021 1:19:50 AM : ping
5/16/2021 1:19:51 AM : ping
5/16/2021 1:19:51 AM : ping
5/16/2021 1:19:51 AM : ping
5/16/2021 1:19:52 AM : ping
5/16/2021 1:19:52 AM : ping
5/16/2021 1:19:52 AM : ping
5/16/2021 1:19:53 AM : ping
5/16/2021 1:19:53 AM : ping
5/16/2021 1:19:53 AM : ping
5/16/2021 1:19:54 AM : ping
5/16/2021 1:19:54 AM : ping
5/16/2021 1:19:54 AM : ping
5/16/2021 1:19:55 AM : ping
5/16/2021 1:19:55 AM : ping
5/16/2021 1:19:55 AM : ping
5/16/2021 1:19:56 AM : ping
5/16/2021 1:19:56 AM : ping
5/16/2021 1:19:56 AM : ping
5/16/2021 1:19:58 AM : ping
5/16/2021 1:19:58 AM : ping
5/16/2021 1:19:58 AM : ping
5/16/2021 1:19:59 AM : ping
5/16/2021 1:19:59 AM : ping
5/16/2021 1:19:59 AM : ping
5/16/2021 1:20:00 AM : ping
5/16/2021 1:20:00 AM : ping
5/16/2021 1:20:00 AM : ping
5/16/2021 1:20:01 AM : ping
5/16/2021 1:20:01 AM : ping
5/16/2021 1:20:01 AM : ping
5/16/2021 1:20:02 AM : ping
5/16/2021 1:20:02 AM : ping
5/16/2021 1:20:02 AM : ping
5/16/2021 1:20:03 AM : ping
5/16/2021 1:20:03 AM : ping
5/16/2021 1:20:03 AM : ping
5/16/2021 1:20:04 AM : ping
5/16/2021 1:20:04 AM : ping
5/16/2021 1:20:04 AM : ping
5/16/2021 1:20:05 AM : ping
5/16/2021 1:20:05 AM : ping
5/16/2021 1:20:05 AM : ping
5/16/2021 1:20:06 AM : ping
5/16/2021 1:20:06 AM : ping
5/16/2021 1:20:06 AM : ping
5/16/2021 1:20:07 AM : kService.requestChannels.Count :36
5/16/2021 1:20:07 AM : kService.requestChannels.Count :36
5/16/2021 1:20:08 AM : ping
5/16/2021 1:20:08 AM : ping
5/16/2021 1:20:08 AM : ping
5/16/2021 1:20:09 AM : ping
5/16/2021 1:20:09 AM : ping
5/16/2021 1:20:09 AM : ping
5/16/2021 1:20:10 AM : ping
5/16/2021 1:20:10 AM : ping
5/16/2021 1:20:10 AM : ping
5/16/2021 1:20:11 AM : ping
5/16/2021 1:20:11 AM : ping
5/16/2021 1:20:11 AM : ping
5/16/2021 1:20:12 AM : ping
5/16/2021 1:20:12 AM : ping
5/16/2021 1:20:12 AM : ping
5/16/2021 1:20:13 AM : ping
5/16/2021 1:20:13 AM : ping
5/16/2021 1:20:13 AM : ping
5/16/2021 1:20:14 AM : ping
5/16/2021 1:20:14 AM : ping
5/16/2021 1:20:14 AM : ping
5/16/2021 1:20:15 AM : ping
5/16/2021 1:20:15 AM : ping
5/16/2021 1:20:15 AM : ping
5/16/2021 1:20:16 AM : ping
5/16/2021 1:20:16 AM : ping
5/16/2021 1:20:16 AM : ping
5/16/2021 1:20:18 AM : ping
5/16/2021 1:20:18 AM : ping
5/16/2021 1:20:18 AM : ping
5/16/2021 1:20:19 AM : ping
5/16/2021 1:20:19 AM : ping
5/16/2021 1:20:19 AM : ping
5/16/2021 1:20:20 AM : ping
5/16/2021 1:20:20 AM : ping
5/16/2021 1:20:20 AM : ping
5/16/2021 1:20:20 AM : kService.requestChannels.Count :35
5/16/2021 1:20:20 AM : kService.requestChannels.Count :35
5/16/2021 1:20:21 AM : ping
5/16/2021 1:20:21 AM : ping
5/16/2021 1:20:21 AM : ping
5/16/2021 1:20:22 AM : ping
5/16/2021 1:20:22 AM : ping
5/16/2021 1:20:22 AM : ping
5/16/2021 1:20:23 AM : kService.requestChannels.Count :34
5/16/2021 1:20:23 AM : kService.requestChannels.Count :34
5/16/2021 1:20:23 AM : ping
5/16/2021 1:20:23 AM : ping
5/16/2021 1:20:23 AM : ping
5/16/2021 1:20:23 AM : kService.requestChannels.Count :33
5/16/2021 1:20:23 AM : kService.requestChannels.Count :33
5/16/2021 1:20:24 AM : kService.requestChannels.Count :32
5/16/2021 1:20:24 AM : kService.requestChannels.Count :32
5/16/2021 1:20:24 AM : kService.requestChannels.Count :31
5/16/2021 1:20:24 AM : kService.requestChannels.Count :31
5/16/2021 1:20:24 AM : ping
5/16/2021 1:20:24 AM : ping
5/16/2021 1:20:24 AM : ping
5/16/2021 1:20:25 AM : kService.requestChannels.Count :30
5/16/2021 1:20:25 AM : kService.requestChannels.Count :30
5/16/2021 1:20:25 AM : ping
5/16/2021 1:20:25 AM : ping
5/16/2021 1:20:25 AM : ping
5/16/2021 1:20:26 AM : kService.requestChannels.Count :29
5/16/2021 1:20:26 AM : kService.requestChannels.Count :29
5/16/2021 1:20:26 AM : ping
5/16/2021 1:20:26 AM : ping
5/16/2021 1:20:26 AM : ping
5/16/2021 1:20:27 AM : kService.requestChannels.Count :28
5/16/2021 1:20:27 AM : kService.requestChannels.Count :28
5/16/2021 1:20:28 AM : ping
5/16/2021 1:20:28 AM : ping
5/16/2021 1:20:28 AM : ping
5/16/2021 1:20:28 AM : kService.requestChannels.Count :27
5/16/2021 1:20:28 AM : kService.requestChannels.Count :27
5/16/2021 1:20:28 AM : kService.requestChannels.Count :26
5/16/2021 1:20:28 AM : kService.requestChannels.Count :26
5/16/2021 1:20:29 AM : ping
5/16/2021 1:20:29 AM : ping
5/16/2021 1:20:29 AM : ping
5/16/2021 1:20:29 AM : kService.requestChannels.Count :25
5/16/2021 1:20:29 AM : kService.requestChannels.Count :25
5/16/2021 1:20:30 AM : ping
5/16/2021 1:20:30 AM : ping
5/16/2021 1:20:30 AM : ping
5/16/2021 1:20:31 AM : ping
5/16/2021 1:20:31 AM : ping
5/16/2021 1:20:31 AM : ping
5/16/2021 1:20:32 AM : ping
5/16/2021 1:20:32 AM : ping
5/16/2021 1:20:32 AM : ping
5/16/2021 1:20:33 AM : ping
5/16/2021 1:20:33 AM : ping
5/16/2021 1:20:33 AM : ping
5/16/2021 1:20:34 AM : ping
5/16/2021 1:20:34 AM : ping
5/16/2021 1:20:34 AM : ping
5/16/2021 1:20:35 AM : ping
5/16/2021 1:20:35 AM : ping
5/16/2021 1:20:35 AM : ping
5/16/2021 1:20:36 AM : ping
5/16/2021 1:20:36 AM : ping
5/16/2021 1:20:36 AM : ping
5/16/2021 1:20:38 AM : ping
5/16/2021 1:20:38 AM : ping
5/16/2021 1:20:38 AM : ping
5/16/2021 1:20:39 AM : ping
5/16/2021 1:20:39 AM : ping
5/16/2021 1:20:39 AM : ping
5/16/2021 1:20:40 AM : ping
5/16/2021 1:20:40 AM : ping
5/16/2021 1:20:40 AM : ping
5/16/2021 1:20:40 AM : kService.requestChannels.Count :24
5/16/2021 1:20:40 AM : kService.requestChannels.Count :24
5/16/2021 1:20:41 AM : ping
5/16/2021 1:20:41 AM : ping
5/16/2021 1:20:41 AM : ping
5/16/2021 1:20:41 AM : kService.requestChannels.Count :23
5/16/2021 1:20:41 AM : kService.requestChannels.Count :23
5/16/2021 1:20:42 AM : ping
5/16/2021 1:20:42 AM : ping
5/16/2021 1:20:42 AM : ping
5/16/2021 1:20:43 AM : ping
5/16/2021 1:20:43 AM : ping
5/16/2021 1:20:43 AM : ping
5/16/2021 1:20:43 AM : kService.requestChannels.Count :22
5/16/2021 1:20:43 AM : kService.requestChannels.Count :22
5/16/2021 1:20:44 AM : kService.requestChannels.Count :21
5/16/2021 1:20:44 AM : kService.requestChannels.Count :21
5/16/2021 1:20:44 AM : ping
5/16/2021 1:20:44 AM : ping
5/16/2021 1:20:44 AM : ping
5/16/2021 1:20:44 AM : kService.requestChannels.Count :20
5/16/2021 1:20:44 AM : kService.requestChannels.Count :20
5/16/2021 1:20:45 AM : ping
5/16/2021 1:20:45 AM : ping
5/16/2021 1:20:45 AM : ping
5/16/2021 1:20:46 AM : ping
5/16/2021 1:20:46 AM : ping
5/16/2021 1:20:46 AM : ping
5/16/2021 1:20:48 AM : ping
5/16/2021 1:20:48 AM : ping
5/16/2021 1:20:48 AM : ping
5/16/2021 1:20:49 AM : ping
5/16/2021 1:20:49 AM : ping
5/16/2021 1:20:49 AM : ping
5/16/2021 1:20:50 AM : ping
5/16/2021 1:20:50 AM : ping
5/16/2021 1:20:50 AM : ping
5/16/2021 1:20:51 AM : ping
5/16/2021 1:20:51 AM : ping
5/16/2021 1:20:51 AM : ping
5/16/2021 1:20:52 AM : kService.requestChannels.Count :19
5/16/2021 1:20:52 AM : kService.requestChannels.Count :19
5/16/2021 1:20:52 AM : kService.requestChannels.Count :18
5/16/2021 1:20:52 AM : kService.requestChannels.Count :18
5/16/2021 1:20:52 AM : ping
5/16/2021 1:20:52 AM : ping
5/16/2021 1:20:52 AM : ping
5/16/2021 1:20:53 AM : kService.requestChannels.Count :17
5/16/2021 1:20:53 AM : kService.requestChannels.Count :17
5/16/2021 1:20:53 AM : ping
5/16/2021 1:20:53 AM : ping
5/16/2021 1:20:53 AM : ping
5/16/2021 1:20:53 AM : kService.requestChannels.Count :16
5/16/2021 1:20:53 AM : kService.requestChannels.Count :16
5/16/2021 1:20:54 AM : ping
5/16/2021 1:20:54 AM : ping
5/16/2021 1:20:54 AM : ping
5/16/2021 1:20:55 AM : kService.requestChannels.Count :15
5/16/2021 1:20:55 AM : kService.requestChannels.Count :15
5/16/2021 1:20:55 AM : ping
5/16/2021 1:20:55 AM : ping
5/16/2021 1:20:55 AM : ping
5/16/2021 1:20:56 AM : ping
5/16/2021 1:20:56 AM : ping
5/16/2021 1:20:56 AM : ping
5/16/2021 1:20:57 AM : kService.requestChannels.Count :14
5/16/2021 1:20:57 AM : kService.requestChannels.Count :14
5/16/2021 1:20:58 AM : ping
5/16/2021 1:20:58 AM : ping
5/16/2021 1:20:58 AM : ping
5/16/2021 1:20:59 AM : ping
5/16/2021 1:20:59 AM : ping
5/16/2021 1:20:59 AM : ping
5/16/2021 1:21:00 AM : ping
5/16/2021 1:21:00 AM : ping
5/16/2021 1:21:00 AM : ping
5/16/2021 1:21:01 AM : ping
5/16/2021 1:21:01 AM : ping
5/16/2021 1:21:01 AM : ping
5/16/2021 1:21:02 AM : ping
5/16/2021 1:21:02 AM : ping
5/16/2021 1:21:02 AM : ping
5/16/2021 1:21:03 AM : ping
5/16/2021 1:21:03 AM : ping
5/16/2021 1:21:03 AM : ping
5/16/2021 1:21:04 AM : ping
5/16/2021 1:21:04 AM : ping
5/16/2021 1:21:04 AM : ping
5/16/2021 1:21:05 AM : kService.requestChannels.Count :13
5/16/2021 1:21:05 AM : kService.requestChannels.Count :13
5/16/2021 1:21:05 AM : ping
5/16/2021 1:21:05 AM : ping
5/16/2021 1:21:05 AM : ping
5/16/2021 1:21:06 AM : ping
5/16/2021 1:21:06 AM : ping
5/16/2021 1:21:06 AM : ping
5/16/2021 1:21:07 AM : kService.requestChannels.Count :12
5/16/2021 1:21:07 AM : kService.requestChannels.Count :12
5/16/2021 1:21:08 AM : ping
5/16/2021 1:21:08 AM : ping
5/16/2021 1:21:08 AM : ping
5/16/2021 1:21:09 AM : ping
5/16/2021 1:21:09 AM : ping
5/16/2021 1:21:09 AM : ping
5/16/2021 1:21:10 AM : ping
5/16/2021 1:21:10 AM : ping
5/16/2021 1:21:10 AM : ping
5/16/2021 1:21:11 AM : ping
5/16/2021 1:21:11 AM : ping
5/16/2021 1:21:11 AM : ping
5/16/2021 1:21:12 AM : ping
5/16/2021 1:21:12 AM : ping
5/16/2021 1:21:12 AM : ping
5/16/2021 1:21:13 AM : ping
5/16/2021 1:21:13 AM : ping
5/16/2021 1:21:13 AM : ping
5/16/2021 1:21:14 AM : ping
5/16/2021 1:21:14 AM : ping
5/16/2021 1:21:14 AM : ping
5/16/2021 1:21:15 AM : ping
5/16/2021 1:21:15 AM : ping
5/16/2021 1:21:15 AM : ping
5/16/2021 1:21:16 AM : ping
5/16/2021 1:21:16 AM : ping
5/16/2021 1:21:16 AM : ping
5/16/2021 1:21:18 AM : ping
5/16/2021 1:21:18 AM : ping
5/16/2021 1:21:18 AM : ping
5/16/2021 1:21:18 AM : kService.requestChannels.Count :11
5/16/2021 1:21:18 AM : kService.requestChannels.Count :11
5/16/2021 1:21:19 AM : kService.requestChannels.Count :10
5/16/2021 1:21:19 AM : kService.requestChannels.Count :10
5/16/2021 1:21:19 AM : ping
5/16/2021 1:21:19 AM : ping
5/16/2021 1:21:19 AM : ping
5/16/2021 1:21:20 AM : ping
5/16/2021 1:21:20 AM : ping
5/16/2021 1:21:20 AM : ping
5/16/2021 1:21:20 AM : kService.requestChannels.Count :9
5/16/2021 1:21:20 AM : kService.requestChannels.Count :9
5/16/2021 1:21:21 AM : ping
5/16/2021 1:21:21 AM : ping
5/16/2021 1:21:21 AM : ping
5/16/2021 1:21:21 AM : kService.requestChannels.Count :8
5/16/2021 1:21:21 AM : kService.requestChannels.Count :8
5/16/2021 1:21:21 AM : kService.requestChannels.Count :7
5/16/2021 1:21:21 AM : kService.requestChannels.Count :7
5/16/2021 1:21:22 AM : ping
5/16/2021 1:21:22 AM : ping
5/16/2021 1:21:22 AM : ping
5/16/2021 1:21:23 AM : kService.requestChannels.Count :6
5/16/2021 1:21:23 AM : kService.requestChannels.Count :6
5/16/2021 1:21:23 AM : kService.requestChannels.Count :5
5/16/2021 1:21:23 AM : kService.requestChannels.Count :5
5/16/2021 1:21:23 AM : ping
5/16/2021 1:21:23 AM : ping
5/16/2021 1:21:23 AM : ping
5/16/2021 1:21:24 AM : ping
5/16/2021 1:21:24 AM : ping
5/16/2021 1:21:24 AM : ping
5/16/2021 1:21:25 AM : kService.requestChannels.Count :4
5/16/2021 1:21:25 AM : kService.requestChannels.Count :4
5/16/2021 1:21:25 AM : ping
5/16/2021 1:21:25 AM : ping
5/16/2021 1:21:25 AM : ping
5/16/2021 1:21:25 AM : kService.requestChannels.Count :3
5/16/2021 1:21:25 AM : kService.requestChannels.Count :3
5/16/2021 1:21:25 AM : kService.requestChannels.Count :2
5/16/2021 1:21:25 AM : kService.requestChannels.Count :2
5/16/2021 1:21:26 AM : kService.requestChannels.Count :1
5/16/2021 1:21:26 AM : kService.requestChannels.Count :1
5/16/2021 1:21:26 AM : ping
5/16/2021 1:21:26 AM : ping
5/16/2021 1:21:26 AM : ping
5/16/2021 1:21:28 AM : ping
5/16/2021 1:21:28 AM : ping
5/16/2021 1:21:28 AM : ping
5/16/2021 1:21:29 AM : ping
5/16/2021 1:21:29 AM : ping
5/16/2021 1:21:29 AM : ping
5/16/2021 1:21:30 AM : ping
5/16/2021 1:21:30 AM : ping
5/16/2021 1:21:30 AM : ping
5/16/2021 1:21:31 AM : ping
5/16/2021 1:21:31 AM : ping
5/16/2021 1:21:31 AM : ping
5/16/2021 1:21:32 AM : ping
5/16/2021 1:21:32 AM : ping
5/16/2021 1:21:32 AM : ping
5/16/2021 1:21:33 AM : ping
5/16/2021 1:21:33 AM : ping
5/16/2021 1:21:33 AM : ping
5/16/2021 1:21:34 AM : ping
5/16/2021 1:21:34 AM : ping
5/16/2021 1:21:34 AM : ping
5/16/2021 1:21:35 AM : ping
5/16/2021 1:21:35 AM : ping
5/16/2021 1:21:35 AM : ping
5/16/2021 1:21:36 AM : kService.requestChannels.Count :0
5/16/2021 1:21:36 AM : kService.requestChannels.Count :0
5/16/2021 1:21:36 AM : ping
5/16/2021 1:21:36 AM : ping
5/16/2021 1:21:36 AM : ping
5/16/2021 1:21:38 AM : ping
5/16/2021 1:21:38 AM : ping
5/16/2021 1:21:38 AM : ping
5/16/2021 1:21:39 AM : ping
5/16/2021 1:21:39 AM : ping
5/16/2021 1:21:39 AM : ping
