log begin
..............
5/8/2021 11:37:43 PM : ping
5/8/2021 11:37:43 PM : ping
5/8/2021 11:37:43 PM : ping
5/8/2021 11:37:44 PM : ping
5/8/2021 11:37:44 PM : ping
5/8/2021 11:37:44 PM : ping
5/8/2021 11:37:46 PM : ping
5/8/2021 11:37:46 PM : ping
5/8/2021 11:37:46 PM : ping
5/8/2021 11:37:47 PM : ping
5/8/2021 11:37:47 PM : ping
5/8/2021 11:37:47 PM : ping
5/8/2021 11:37:48 PM : ping
5/8/2021 11:37:48 PM : ping
5/8/2021 11:37:48 PM : ping
5/8/2021 11:37:49 PM : ping
5/8/2021 11:37:49 PM : ping
5/8/2021 11:37:49 PM : ping
5/8/2021 11:37:50 PM : ping
5/8/2021 11:37:50 PM : ping
5/8/2021 11:37:50 PM : ping
5/8/2021 11:37:51 PM : ping
5/8/2021 11:37:51 PM : ping
5/8/2021 11:37:51 PM : ping
5/8/2021 11:37:52 PM : ping
5/8/2021 11:37:52 PM : ping
5/8/2021 11:37:52 PM : ping
5/8/2021 11:37:53 PM : ping
5/8/2021 11:37:53 PM : ping
5/8/2021 11:37:53 PM : ping
5/8/2021 11:37:55 PM : ping
5/8/2021 11:37:55 PM : ping
5/8/2021 11:37:55 PM : ping
5/8/2021 11:37:55 PM : launch server at port: 7003
5/8/2021 11:37:56 PM : ping
5/8/2021 11:37:56 PM : ping
5/8/2021 11:37:56 PM : ping
5/8/2021 11:37:57 PM : ping
5/8/2021 11:37:57 PM : ping
5/8/2021 11:37:57 PM : ping
5/8/2021 11:37:58 PM : ping
5/8/2021 11:37:58 PM : ping
5/8/2021 11:37:58 PM : ping
5/8/2021 11:37:59 PM : ping
5/8/2021 11:37:59 PM : ping
5/8/2021 11:37:59 PM : ping
5/8/2021 11:38:00 PM : ping
5/8/2021 11:38:00 PM : ping
5/8/2021 11:38:00 PM : ping
5/8/2021 11:38:01 PM : ping
5/8/2021 11:38:01 PM : ping
5/8/2021 11:38:01 PM : ping
5/8/2021 11:38:02 PM : ping
5/8/2021 11:38:02 PM : ping
5/8/2021 11:38:02 PM : ping
5/8/2021 11:38:03 PM : ping
5/8/2021 11:38:03 PM : ping
5/8/2021 11:38:03 PM : ping
5/8/2021 11:38:05 PM : ping
5/8/2021 11:38:05 PM : ping
5/8/2021 11:38:05 PM : ping
5/8/2021 11:38:05 PM : launch server at port: 7004
5/8/2021 11:38:06 PM : ping
5/8/2021 11:38:06 PM : ping
5/8/2021 11:38:06 PM : ping
5/8/2021 11:38:07 PM : ping
5/8/2021 11:38:07 PM : ping
5/8/2021 11:38:07 PM : ping
5/8/2021 11:38:08 PM : ping
5/8/2021 11:38:08 PM : ping
5/8/2021 11:38:08 PM : ping
5/8/2021 11:38:09 PM : ping
5/8/2021 11:38:09 PM : ping
5/8/2021 11:38:09 PM : ping
5/8/2021 11:38:10 PM : ping
5/8/2021 11:38:10 PM : ping
5/8/2021 11:38:10 PM : ping
5/8/2021 11:38:11 PM : ping
5/8/2021 11:38:11 PM : ping
5/8/2021 11:38:11 PM : ping
5/8/2021 11:38:12 PM : ping
5/8/2021 11:38:12 PM : ping
5/8/2021 11:38:12 PM : ping
5/8/2021 11:38:13 PM : ping
5/8/2021 11:38:13 PM : ping
5/8/2021 11:38:13 PM : ping
5/8/2021 11:38:15 PM : ping
5/8/2021 11:38:15 PM : ping
5/8/2021 11:38:15 PM : ping
5/8/2021 11:38:16 PM : ping
5/8/2021 11:38:16 PM : ping
5/8/2021 11:38:16 PM : ping
5/8/2021 11:38:17 PM : ping
5/8/2021 11:38:17 PM : ping
5/8/2021 11:38:17 PM : ping
5/8/2021 11:38:18 PM : ping
5/8/2021 11:38:18 PM : ping
5/8/2021 11:38:18 PM : ping
5/8/2021 11:38:19 PM : ping
5/8/2021 11:38:19 PM : ping
5/8/2021 11:38:19 PM : ping
5/8/2021 11:38:20 PM : ping
5/8/2021 11:38:20 PM : ping
5/8/2021 11:38:20 PM : ping
5/8/2021 11:38:21 PM : ping
5/8/2021 11:38:21 PM : ping
5/8/2021 11:38:21 PM : ping
5/8/2021 11:38:22 PM : ping
5/8/2021 11:38:22 PM : ping
5/8/2021 11:38:22 PM : ping
5/8/2021 11:38:23 PM : ping
5/8/2021 11:38:23 PM : ping
5/8/2021 11:38:23 PM : ping
5/8/2021 11:38:25 PM : ping
5/8/2021 11:38:25 PM : ping
5/8/2021 11:38:25 PM : ping
5/8/2021 11:38:26 PM : ping
5/8/2021 11:38:26 PM : ping
5/8/2021 11:38:26 PM : ping
5/8/2021 11:38:27 PM : ping
5/8/2021 11:38:27 PM : ping
5/8/2021 11:38:27 PM : ping
5/8/2021 11:38:28 PM : ping
5/8/2021 11:38:28 PM : ping
5/8/2021 11:38:28 PM : ping
5/8/2021 11:38:29 PM : ping
5/8/2021 11:38:29 PM : ping
5/8/2021 11:38:29 PM : ping
5/8/2021 11:38:30 PM : ping
5/8/2021 11:38:30 PM : ping
5/8/2021 11:38:30 PM : ping
5/8/2021 11:38:31 PM : ping
5/8/2021 11:38:31 PM : ping
5/8/2021 11:38:31 PM : ping
5/8/2021 11:38:32 PM : ping
5/8/2021 11:38:32 PM : ping
5/8/2021 11:38:32 PM : ping
5/8/2021 11:38:33 PM : ping
5/8/2021 11:38:33 PM : ping
5/8/2021 11:38:33 PM : ping
5/8/2021 11:38:35 PM : ping
5/8/2021 11:38:35 PM : ping
5/8/2021 11:38:35 PM : ping
5/8/2021 11:38:36 PM : ping
5/8/2021 11:38:36 PM : ping
5/8/2021 11:38:36 PM : ping
5/8/2021 11:38:37 PM : ping
5/8/2021 11:38:37 PM : ping
5/8/2021 11:38:37 PM : ping
5/8/2021 11:38:38 PM : ping
5/8/2021 11:38:38 PM : ping
5/8/2021 11:38:38 PM : ping
5/8/2021 11:38:39 PM : ping
5/8/2021 11:38:39 PM : ping
5/8/2021 11:38:39 PM : ping
5/8/2021 11:38:40 PM : ping
5/8/2021 11:38:40 PM : ping
5/8/2021 11:38:40 PM : ping
5/8/2021 11:38:41 PM : ping
5/8/2021 11:38:41 PM : ping
5/8/2021 11:38:41 PM : ping
5/8/2021 11:38:42 PM : ping
5/8/2021 11:38:42 PM : ping
5/8/2021 11:38:42 PM : ping
5/8/2021 11:38:43 PM : ping
5/8/2021 11:38:43 PM : ping
5/8/2021 11:38:43 PM : ping
5/8/2021 11:38:44 PM : launch server at port: 7005
5/8/2021 11:38:45 PM : ping
5/8/2021 11:38:45 PM : ping
5/8/2021 11:38:45 PM : ping
5/8/2021 11:38:45 PM : launch server at port: 7006
5/8/2021 11:38:46 PM : ping
5/8/2021 11:38:46 PM : ping
5/8/2021 11:38:46 PM : ping
5/8/2021 11:38:47 PM : ping
5/8/2021 11:38:47 PM : ping
5/8/2021 11:38:47 PM : ping
5/8/2021 11:38:48 PM : ping
5/8/2021 11:38:48 PM : ping
5/8/2021 11:38:48 PM : ping
5/8/2021 11:38:49 PM : ping
5/8/2021 11:38:49 PM : ping
5/8/2021 11:38:49 PM : ping
5/8/2021 11:38:50 PM : ping
5/8/2021 11:38:50 PM : ping
5/8/2021 11:38:50 PM : ping
5/8/2021 11:38:51 PM : ping
5/8/2021 11:38:51 PM : ping
5/8/2021 11:38:51 PM : ping
5/8/2021 11:38:52 PM : ping
5/8/2021 11:38:52 PM : ping
5/8/2021 11:38:52 PM : ping
5/8/2021 11:38:53 PM : ping
5/8/2021 11:38:53 PM : ping
5/8/2021 11:38:53 PM : ping
5/8/2021 11:38:55 PM : ping
5/8/2021 11:38:55 PM : ping
5/8/2021 11:38:55 PM : ping
5/8/2021 11:38:56 PM : ping
5/8/2021 11:38:56 PM : ping
5/8/2021 11:38:56 PM : ping
5/8/2021 11:38:57 PM : ping
5/8/2021 11:38:57 PM : ping
5/8/2021 11:38:57 PM : ping
5/8/2021 11:38:58 PM : ping
5/8/2021 11:38:58 PM : ping
5/8/2021 11:38:58 PM : ping
5/8/2021 11:38:59 PM : ping
5/8/2021 11:38:59 PM : ping
5/8/2021 11:38:59 PM : ping
5/8/2021 11:39:00 PM : ping
5/8/2021 11:39:00 PM : ping
5/8/2021 11:39:00 PM : ping
5/8/2021 11:39:01 PM : ping
5/8/2021 11:39:01 PM : ping
5/8/2021 11:39:01 PM : ping
5/8/2021 11:39:02 PM : ping
5/8/2021 11:39:02 PM : ping
5/8/2021 11:39:02 PM : ping
5/8/2021 11:39:03 PM : kService.requestChannels.Count :4
5/8/2021 11:39:03 PM : kService.requestChannels.Count :4
5/8/2021 11:39:03 PM : ping
5/8/2021 11:39:03 PM : ping
5/8/2021 11:39:03 PM : ping
5/8/2021 11:39:04 PM : kService.requestChannels.Count :3
5/8/2021 11:39:04 PM : kService.requestChannels.Count :3
5/8/2021 11:39:04 PM : ping
5/8/2021 11:39:04 PM : ping
5/8/2021 11:39:05 PM : ping
5/8/2021 11:39:06 PM : ping
5/8/2021 11:39:06 PM : ping
5/8/2021 11:39:06 PM : ping
5/8/2021 11:39:06 PM : kService.requestChannels.Count :2
5/8/2021 11:39:06 PM : kService.requestChannels.Count :2
5/8/2021 11:39:07 PM : ping
5/8/2021 11:39:07 PM : ping
5/8/2021 11:39:07 PM : ping
5/8/2021 11:39:08 PM : ping
5/8/2021 11:39:08 PM : ping
5/8/2021 11:39:08 PM : ping
5/8/2021 11:39:08 PM : kService.requestChannels.Count :1
5/8/2021 11:39:08 PM : kService.requestChannels.Count :1
5/8/2021 11:39:09 PM : ping
5/8/2021 11:39:09 PM : ping
5/8/2021 11:39:09 PM : ping
5/8/2021 11:39:09 PM : kService.requestChannels.Count :0
5/8/2021 11:39:09 PM : kService.requestChannels.Count :0
5/8/2021 11:39:10 PM : ping
5/8/2021 11:39:10 PM : ping
5/8/2021 11:39:10 PM : ping
5/8/2021 11:39:11 PM : ping
5/8/2021 11:39:11 PM : ping
5/8/2021 11:39:11 PM : ping
5/8/2021 11:39:12 PM : ping
5/8/2021 11:39:12 PM : ping
5/8/2021 11:39:12 PM : ping
5/8/2021 11:39:13 PM : ping
5/8/2021 11:39:13 PM : ping
5/8/2021 11:39:13 PM : ping
5/8/2021 11:39:14 PM : ping
5/8/2021 11:39:14 PM : ping
5/8/2021 11:39:14 PM : ping
5/8/2021 11:39:16 PM : ping
5/8/2021 11:39:16 PM : ping
5/8/2021 11:39:16 PM : ping
5/8/2021 11:39:17 PM : ping
5/8/2021 11:39:17 PM : ping
5/8/2021 11:39:17 PM : ping
5/8/2021 11:39:18 PM : ping
5/8/2021 11:39:18 PM : ping
5/8/2021 11:39:18 PM : ping
5/8/2021 11:39:19 PM : ~KChannel()
5/8/2021 11:39:19 PM : ~KChannel()
5/8/2021 11:39:19 PM : ping
5/8/2021 11:39:19 PM : ping
5/8/2021 11:39:19 PM : ping
5/8/2021 11:39:20 PM : ping
5/8/2021 11:39:20 PM : ping
5/8/2021 11:39:20 PM : ping
5/8/2021 11:39:21 PM : ping
5/8/2021 11:39:21 PM : ping
5/8/2021 11:39:21 PM : ping
5/8/2021 11:39:22 PM : ping
5/8/2021 11:39:22 PM : ping
5/8/2021 11:39:22 PM : ping
5/8/2021 11:39:23 PM : launch server at port: 7003
5/8/2021 11:39:23 PM : ping
5/8/2021 11:39:23 PM : ping
5/8/2021 11:39:23 PM : ping
5/8/2021 11:39:24 PM : launch server at port: 7004
5/8/2021 11:39:24 PM : ping
5/8/2021 11:39:24 PM : ping
5/8/2021 11:39:24 PM : ping
5/8/2021 11:39:26 PM : ping
5/8/2021 11:39:26 PM : ping
5/8/2021 11:39:26 PM : ping
5/8/2021 11:39:27 PM : ping
5/8/2021 11:39:27 PM : ping
5/8/2021 11:39:27 PM : ping
5/8/2021 11:39:28 PM : ping
5/8/2021 11:39:28 PM : ping
5/8/2021 11:39:28 PM : ping
5/8/2021 11:39:29 PM : ping
5/8/2021 11:39:29 PM : ping
5/8/2021 11:39:29 PM : ping
5/8/2021 11:39:30 PM : ping
5/8/2021 11:39:30 PM : ping
5/8/2021 11:39:30 PM : ping
5/8/2021 11:39:30 PM : launch server at port: 7005
5/8/2021 11:39:31 PM : launch server at port: 7006
5/8/2021 11:39:31 PM : ping
5/8/2021 11:39:31 PM : ping
5/8/2021 11:39:31 PM : ping
5/8/2021 11:39:32 PM : ping
5/8/2021 11:39:32 PM : ping
5/8/2021 11:39:32 PM : ping
5/8/2021 11:39:33 PM : ping
5/8/2021 11:39:33 PM : ping
5/8/2021 11:39:33 PM : ping
5/8/2021 11:39:34 PM : ping
5/8/2021 11:39:34 PM : ping
5/8/2021 11:39:34 PM : ping
5/8/2021 11:39:35 PM : launch server at port: 7007
5/8/2021 11:39:36 PM : ping
5/8/2021 11:39:36 PM : ping
5/8/2021 11:39:36 PM : ping
5/8/2021 11:39:36 PM : launch server at port: 7008
5/8/2021 11:39:37 PM : ping
5/8/2021 11:39:37 PM : ping
5/8/2021 11:39:37 PM : ping
5/8/2021 11:39:38 PM : ping
5/8/2021 11:39:38 PM : ping
5/8/2021 11:39:38 PM : ping
5/8/2021 11:39:39 PM : ping
5/8/2021 11:39:39 PM : ping
5/8/2021 11:39:39 PM : ping
5/8/2021 11:39:40 PM : ping
5/8/2021 11:39:40 PM : ping
5/8/2021 11:39:40 PM : ping
5/8/2021 11:39:41 PM : ping
5/8/2021 11:39:41 PM : ping
5/8/2021 11:39:41 PM : ping
5/8/2021 11:39:42 PM : ping
5/8/2021 11:39:42 PM : ping
5/8/2021 11:39:42 PM : ping
5/8/2021 11:39:43 PM : ping
5/8/2021 11:39:43 PM : ping
5/8/2021 11:39:43 PM : ping
5/8/2021 11:39:44 PM : ping
5/8/2021 11:39:44 PM : ping
5/8/2021 11:39:44 PM : ping
5/8/2021 11:39:46 PM : ping
5/8/2021 11:39:46 PM : ping
5/8/2021 11:39:46 PM : ping
5/8/2021 11:39:47 PM : ping
5/8/2021 11:39:47 PM : ping
5/8/2021 11:39:47 PM : ping
5/8/2021 11:39:48 PM : ping
5/8/2021 11:39:48 PM : ping
5/8/2021 11:39:48 PM : ping
5/8/2021 11:39:49 PM : ping
5/8/2021 11:39:49 PM : ping
5/8/2021 11:39:49 PM : ping
5/8/2021 11:39:50 PM : ping
5/8/2021 11:39:50 PM : ping
5/8/2021 11:39:50 PM : ping
5/8/2021 11:39:51 PM : ping
5/8/2021 11:39:51 PM : ping
5/8/2021 11:39:51 PM : ping
5/8/2021 11:39:52 PM : ping
5/8/2021 11:39:52 PM : ping
5/8/2021 11:39:52 PM : ping
5/8/2021 11:39:53 PM : ping
5/8/2021 11:39:53 PM : ping
5/8/2021 11:39:53 PM : ping
5/8/2021 11:39:54 PM : ping
5/8/2021 11:39:54 PM : ping
5/8/2021 11:39:54 PM : ping
5/8/2021 11:39:56 PM : ping
5/8/2021 11:39:56 PM : ping
5/8/2021 11:39:56 PM : ping
5/8/2021 11:39:57 PM : ping
5/8/2021 11:39:57 PM : ping
5/8/2021 11:39:57 PM : ping
5/8/2021 11:39:57 PM : ~KChannel()
5/8/2021 11:39:57 PM : ~KChannel()
5/8/2021 11:39:57 PM : ~KChannel()
5/8/2021 11:39:58 PM : ping
5/8/2021 11:39:58 PM : ping
5/8/2021 11:39:58 PM : ping
5/8/2021 11:39:59 PM : ping
5/8/2021 11:39:59 PM : ping
5/8/2021 11:39:59 PM : ping
5/8/2021 11:40:00 PM : ping
5/8/2021 11:40:00 PM : ping
5/8/2021 11:40:00 PM : ping
5/8/2021 11:40:01 PM : ping
5/8/2021 11:40:01 PM : ping
5/8/2021 11:40:01 PM : ping
5/8/2021 11:40:02 PM : ping
5/8/2021 11:40:02 PM : ping
5/8/2021 11:40:02 PM : ping
5/8/2021 11:40:03 PM : ping
5/8/2021 11:40:03 PM : ping
5/8/2021 11:40:03 PM : ping
5/8/2021 11:40:04 PM : ping
5/8/2021 11:40:04 PM : ping
5/8/2021 11:40:04 PM : ping
5/8/2021 11:40:06 PM : ping
5/8/2021 11:40:06 PM : ping
5/8/2021 11:40:06 PM : ping
5/8/2021 11:40:07 PM : ping
5/8/2021 11:40:07 PM : ping
5/8/2021 11:40:07 PM : ping
5/8/2021 11:40:08 PM : ping
5/8/2021 11:40:08 PM : ping
5/8/2021 11:40:08 PM : ping
5/8/2021 11:40:09 PM : ping
5/8/2021 11:40:09 PM : ping
5/8/2021 11:40:09 PM : ping
5/8/2021 11:40:10 PM : ping
5/8/2021 11:40:10 PM : ping
5/8/2021 11:40:10 PM : ping
5/8/2021 11:40:11 PM : ping
5/8/2021 11:40:11 PM : ping
5/8/2021 11:40:11 PM : ping
5/8/2021 11:40:12 PM : ping
5/8/2021 11:40:12 PM : ping
5/8/2021 11:40:12 PM : ping
5/8/2021 11:40:13 PM : ping
5/8/2021 11:40:13 PM : ping
5/8/2021 11:40:13 PM : ping
5/8/2021 11:40:14 PM : ping
5/8/2021 11:40:14 PM : ping
5/8/2021 11:40:14 PM : ping
5/8/2021 11:40:16 PM : ping
5/8/2021 11:40:16 PM : ping
5/8/2021 11:40:16 PM : ping
5/8/2021 11:40:17 PM : ping
5/8/2021 11:40:17 PM : ping
5/8/2021 11:40:17 PM : ping
5/8/2021 11:40:18 PM : ping
5/8/2021 11:40:18 PM : ping
5/8/2021 11:40:18 PM : ping
5/8/2021 11:40:19 PM : ping
5/8/2021 11:40:19 PM : ping
5/8/2021 11:40:19 PM : ping
5/8/2021 11:40:20 PM : ping
5/8/2021 11:40:20 PM : ping
5/8/2021 11:40:20 PM : ping
5/8/2021 11:40:21 PM : ping
5/8/2021 11:40:21 PM : ping
5/8/2021 11:40:21 PM : ping
5/8/2021 11:40:22 PM : ping
5/8/2021 11:40:22 PM : ping
5/8/2021 11:40:22 PM : ping
5/8/2021 11:40:23 PM : ping
5/8/2021 11:40:23 PM : ping
5/8/2021 11:40:23 PM : ping
5/8/2021 11:40:24 PM : ping
5/8/2021 11:40:24 PM : ping
5/8/2021 11:40:24 PM : ping
5/8/2021 11:40:25 PM : ping
5/8/2021 11:40:26 PM : ping
5/8/2021 11:40:26 PM : ping
5/8/2021 11:40:27 PM : ping
5/8/2021 11:40:27 PM : ping
5/8/2021 11:40:27 PM : ping
5/8/2021 11:40:28 PM : ping
5/8/2021 11:40:28 PM : ping
5/8/2021 11:40:28 PM : ping
5/8/2021 11:40:29 PM : ping
5/8/2021 11:40:29 PM : ping
5/8/2021 11:40:29 PM : ping
5/8/2021 11:40:30 PM : ping
5/8/2021 11:40:30 PM : ping
5/8/2021 11:40:30 PM : ping
5/8/2021 11:40:31 PM : ping
5/8/2021 11:40:31 PM : ping
5/8/2021 11:40:31 PM : ping
5/8/2021 11:40:32 PM : ping
5/8/2021 11:40:32 PM : ping
5/8/2021 11:40:32 PM : ping
5/8/2021 11:40:33 PM : ping
5/8/2021 11:40:33 PM : ping
5/8/2021 11:40:33 PM : ping
5/8/2021 11:40:34 PM : ping
5/8/2021 11:40:34 PM : ping
5/8/2021 11:40:34 PM : ping
5/8/2021 11:40:35 PM : ping
5/8/2021 11:40:35 PM : ping
5/8/2021 11:40:35 PM : ping
5/8/2021 11:40:37 PM : ping
5/8/2021 11:40:37 PM : ping
5/8/2021 11:40:37 PM : ping
5/8/2021 11:40:38 PM : ping
5/8/2021 11:40:38 PM : ping
5/8/2021 11:40:38 PM : ping
5/8/2021 11:40:39 PM : ping
5/8/2021 11:40:39 PM : ping
5/8/2021 11:40:39 PM : ping
5/8/2021 11:40:40 PM : ping
5/8/2021 11:40:40 PM : ping
5/8/2021 11:40:40 PM : ping
5/8/2021 11:40:41 PM : ping
5/8/2021 11:40:41 PM : ping
5/8/2021 11:40:41 PM : ping
5/8/2021 11:40:42 PM : ping
5/8/2021 11:40:42 PM : ping
5/8/2021 11:40:42 PM : ping
5/8/2021 11:40:43 PM : ping
5/8/2021 11:40:43 PM : ping
5/8/2021 11:40:43 PM : ping
5/8/2021 11:40:44 PM : ping
5/8/2021 11:40:44 PM : ping
5/8/2021 11:40:44 PM : ping
5/8/2021 11:40:45 PM : ping
5/8/2021 11:40:45 PM : ping
5/8/2021 11:40:45 PM : ping
5/8/2021 11:40:47 PM : ping
5/8/2021 11:40:47 PM : ping
5/8/2021 11:40:47 PM : ping
5/8/2021 11:40:48 PM : ping
5/8/2021 11:40:48 PM : ping
5/8/2021 11:40:48 PM : ping
5/8/2021 11:40:49 PM : ping
5/8/2021 11:40:49 PM : ping
5/8/2021 11:40:49 PM : ping
5/8/2021 11:40:50 PM : ping
5/8/2021 11:40:50 PM : ping
5/8/2021 11:40:50 PM : ping
5/8/2021 11:40:51 PM : ping
5/8/2021 11:40:51 PM : ping
5/8/2021 11:40:51 PM : ping
5/8/2021 11:40:52 PM : ping
5/8/2021 11:40:52 PM : ping
5/8/2021 11:40:52 PM : ping
5/8/2021 11:40:53 PM : ping
5/8/2021 11:40:53 PM : ping
5/8/2021 11:40:53 PM : ping
5/8/2021 11:40:54 PM : ping
5/8/2021 11:40:54 PM : ping
5/8/2021 11:40:54 PM : ping
5/8/2021 11:40:55 PM : ping
5/8/2021 11:40:55 PM : ping
5/8/2021 11:40:55 PM : ping
5/8/2021 11:40:57 PM : ping
5/8/2021 11:40:57 PM : ping
5/8/2021 11:40:57 PM : ping
5/8/2021 11:40:58 PM : ping
5/8/2021 11:40:58 PM : ping
5/8/2021 11:40:58 PM : ping
5/8/2021 11:40:59 PM : ping
5/8/2021 11:40:59 PM : ping
5/8/2021 11:40:59 PM : ping
5/8/2021 11:41:00 PM : ping
5/8/2021 11:41:00 PM : ping
5/8/2021 11:41:00 PM : ping
5/8/2021 11:41:01 PM : ping
5/8/2021 11:41:01 PM : ping
5/8/2021 11:41:01 PM : ping
5/8/2021 11:41:02 PM : ping
5/8/2021 11:41:02 PM : ping
5/8/2021 11:41:02 PM : ping
5/8/2021 11:41:03 PM : ping
5/8/2021 11:41:03 PM : ping
5/8/2021 11:41:03 PM : ping
5/8/2021 11:41:04 PM : ping
5/8/2021 11:41:04 PM : ping
5/8/2021 11:41:04 PM : ping
5/8/2021 11:41:05 PM : ping
5/8/2021 11:41:05 PM : ping
5/8/2021 11:41:05 PM : ping
5/8/2021 11:41:07 PM : ping
5/8/2021 11:41:07 PM : ping
5/8/2021 11:41:07 PM : ping
5/8/2021 11:41:08 PM : ping
5/8/2021 11:41:08 PM : ping
5/8/2021 11:41:08 PM : ping
5/8/2021 11:41:09 PM : ping
5/8/2021 11:41:09 PM : ping
5/8/2021 11:41:09 PM : ping
5/8/2021 11:41:10 PM : ping
5/8/2021 11:41:10 PM : ping
5/8/2021 11:41:10 PM : ping
5/8/2021 11:41:11 PM : ping
5/8/2021 11:41:11 PM : ping
5/8/2021 11:41:11 PM : ping
5/8/2021 11:41:12 PM : ping
5/8/2021 11:41:12 PM : ping
5/8/2021 11:41:12 PM : ping
5/8/2021 11:41:13 PM : ping
5/8/2021 11:41:13 PM : ping
5/8/2021 11:41:13 PM : ping
5/8/2021 11:41:14 PM : ping
5/8/2021 11:41:14 PM : ping
5/8/2021 11:41:14 PM : ping
5/8/2021 11:41:15 PM : ping
5/8/2021 11:41:15 PM : ping
5/8/2021 11:41:15 PM : ping
5/8/2021 11:41:17 PM : ping
5/8/2021 11:41:17 PM : ping
5/8/2021 11:41:17 PM : ping
5/8/2021 11:41:18 PM : ping
5/8/2021 11:41:18 PM : ping
5/8/2021 11:41:18 PM : ping
5/8/2021 11:41:19 PM : ping
5/8/2021 11:41:19 PM : ping
5/8/2021 11:41:19 PM : ping
5/8/2021 11:41:20 PM : ping
5/8/2021 11:41:20 PM : ping
5/8/2021 11:41:20 PM : ping
5/8/2021 11:41:21 PM : ping
5/8/2021 11:41:21 PM : ping
5/8/2021 11:41:21 PM : ping
5/8/2021 11:41:22 PM : ping
5/8/2021 11:41:22 PM : ping
5/8/2021 11:41:22 PM : ping
5/8/2021 11:41:23 PM : ping
5/8/2021 11:41:23 PM : ping
5/8/2021 11:41:23 PM : ping
5/8/2021 11:41:24 PM : ping
5/8/2021 11:41:24 PM : ping
5/8/2021 11:41:24 PM : ping
5/8/2021 11:41:25 PM : ping
5/8/2021 11:41:25 PM : ping
5/8/2021 11:41:25 PM : ping
5/8/2021 11:41:27 PM : ping
5/8/2021 11:41:27 PM : ping
5/8/2021 11:41:27 PM : ping
5/8/2021 11:41:28 PM : ping
5/8/2021 11:41:28 PM : ping
5/8/2021 11:41:28 PM : ping
5/8/2021 11:41:29 PM : ping
5/8/2021 11:41:29 PM : ping
5/8/2021 11:41:29 PM : ping
5/8/2021 11:41:30 PM : ping
5/8/2021 11:41:30 PM : ping
5/8/2021 11:41:30 PM : ping
5/8/2021 11:41:31 PM : ping
5/8/2021 11:41:31 PM : ping
5/8/2021 11:41:31 PM : ping
5/8/2021 11:41:32 PM : ping
5/8/2021 11:41:32 PM : ping
5/8/2021 11:41:32 PM : ping
5/8/2021 11:41:33 PM : ping
5/8/2021 11:41:33 PM : ping
5/8/2021 11:41:33 PM : ping
5/8/2021 11:41:34 PM : ping
5/8/2021 11:41:34 PM : ping
5/8/2021 11:41:34 PM : ping
5/8/2021 11:41:35 PM : ping
5/8/2021 11:41:35 PM : ping
5/8/2021 11:41:35 PM : ping
5/8/2021 11:41:37 PM : ping
5/8/2021 11:41:37 PM : ping
5/8/2021 11:41:37 PM : ping
5/8/2021 11:41:38 PM : ping
5/8/2021 11:41:38 PM : ping
5/8/2021 11:41:38 PM : ping
5/8/2021 11:41:39 PM : ping
5/8/2021 11:41:39 PM : ping
5/8/2021 11:41:39 PM : ping
5/8/2021 11:41:40 PM : ping
5/8/2021 11:41:40 PM : ping
5/8/2021 11:41:40 PM : ping
5/8/2021 11:41:41 PM : ping
5/8/2021 11:41:41 PM : ping
5/8/2021 11:41:41 PM : ping
5/8/2021 11:41:42 PM : ping
5/8/2021 11:41:42 PM : ping
5/8/2021 11:41:42 PM : ping
5/8/2021 11:41:43 PM : ping
5/8/2021 11:41:43 PM : ping
5/8/2021 11:41:43 PM : ping
5/8/2021 11:41:44 PM : ping
5/8/2021 11:41:44 PM : ping
5/8/2021 11:41:44 PM : ping
5/8/2021 11:41:45 PM : ping
5/8/2021 11:41:45 PM : ping
5/8/2021 11:41:45 PM : ping
5/8/2021 11:41:47 PM : ping
5/8/2021 11:41:47 PM : ping
5/8/2021 11:41:47 PM : ping
5/8/2021 11:41:48 PM : ping
5/8/2021 11:41:48 PM : ping
5/8/2021 11:41:48 PM : ping
5/8/2021 11:41:49 PM : ping
5/8/2021 11:41:49 PM : ping
5/8/2021 11:41:49 PM : ping
5/8/2021 11:41:50 PM : ping
5/8/2021 11:41:50 PM : ping
5/8/2021 11:41:50 PM : ping
5/8/2021 11:41:51 PM : ping
5/8/2021 11:41:51 PM : ping
5/8/2021 11:41:51 PM : ping
5/8/2021 11:41:52 PM : ping
5/8/2021 11:41:52 PM : ping
5/8/2021 11:41:52 PM : ping
5/8/2021 11:41:53 PM : ping
5/8/2021 11:41:53 PM : ping
5/8/2021 11:41:53 PM : ping
5/8/2021 11:41:54 PM : ping
5/8/2021 11:41:54 PM : ping
5/8/2021 11:41:54 PM : ping
5/8/2021 11:41:55 PM : ping
5/8/2021 11:41:55 PM : ping
5/8/2021 11:41:55 PM : ping
5/8/2021 11:41:57 PM : ping
5/8/2021 11:41:57 PM : ping
5/8/2021 11:41:57 PM : ping
5/8/2021 11:41:58 PM : ping
5/8/2021 11:41:58 PM : ping
5/8/2021 11:41:58 PM : ping
5/8/2021 11:41:59 PM : ping
5/8/2021 11:41:59 PM : ping
5/8/2021 11:41:59 PM : ping
5/8/2021 11:42:00 PM : ping
5/8/2021 11:42:00 PM : ping
5/8/2021 11:42:00 PM : ping
5/8/2021 11:42:01 PM : ping
5/8/2021 11:42:01 PM : ping
5/8/2021 11:42:01 PM : ping
5/8/2021 11:42:02 PM : ping
5/8/2021 11:42:02 PM : ping
5/8/2021 11:42:02 PM : ping
5/8/2021 11:42:03 PM : ping
5/8/2021 11:42:03 PM : ping
5/8/2021 11:42:03 PM : ping
5/8/2021 11:42:04 PM : ping
5/8/2021 11:42:04 PM : ping
5/8/2021 11:42:04 PM : ping
5/8/2021 11:42:05 PM : ping
5/8/2021 11:42:05 PM : ping
5/8/2021 11:42:05 PM : ping
5/8/2021 11:42:07 PM : ping
5/8/2021 11:42:07 PM : ping
5/8/2021 11:42:07 PM : ping
5/8/2021 11:42:08 PM : ping
5/8/2021 11:42:08 PM : ping
5/8/2021 11:42:08 PM : ping
5/8/2021 11:42:09 PM : ping
5/8/2021 11:42:09 PM : ping
5/8/2021 11:42:09 PM : ping
5/8/2021 11:42:10 PM : ping
5/8/2021 11:42:10 PM : ping
5/8/2021 11:42:10 PM : ping
5/8/2021 11:42:11 PM : ping
5/8/2021 11:42:11 PM : ping
5/8/2021 11:42:11 PM : ping
5/8/2021 11:42:12 PM : ping
5/8/2021 11:42:12 PM : ping
5/8/2021 11:42:12 PM : ping
5/8/2021 11:42:13 PM : ping
5/8/2021 11:42:13 PM : ping
5/8/2021 11:42:13 PM : ping
5/8/2021 11:42:14 PM : ping
5/8/2021 11:42:14 PM : ping
5/8/2021 11:42:14 PM : ping
5/8/2021 11:42:15 PM : ping
5/8/2021 11:42:15 PM : ping
5/8/2021 11:42:15 PM : ping
5/8/2021 11:42:16 PM : ping
5/8/2021 11:42:16 PM : ping
5/8/2021 11:42:17 PM : ping
5/8/2021 11:42:18 PM : ping
5/8/2021 11:42:18 PM : ping
5/8/2021 11:42:18 PM : ping
5/8/2021 11:42:19 PM : ping
5/8/2021 11:42:19 PM : ping
5/8/2021 11:42:19 PM : ping
5/8/2021 11:42:20 PM : ping
5/8/2021 11:42:20 PM : ping
5/8/2021 11:42:20 PM : ping
5/8/2021 11:42:21 PM : ping
5/8/2021 11:42:21 PM : ping
5/8/2021 11:42:21 PM : ping
5/8/2021 11:42:22 PM : ping
5/8/2021 11:42:22 PM : ping
5/8/2021 11:42:22 PM : ping
5/8/2021 11:42:23 PM : ping
5/8/2021 11:42:23 PM : ping
5/8/2021 11:42:23 PM : ping
5/8/2021 11:42:24 PM : ping
5/8/2021 11:42:24 PM : ping
5/8/2021 11:42:24 PM : ping
5/8/2021 11:42:25 PM : ping
5/8/2021 11:42:25 PM : ping
5/8/2021 11:42:25 PM : ping
5/8/2021 11:42:26 PM : ping
5/8/2021 11:42:26 PM : ping
5/8/2021 11:42:26 PM : ping
5/8/2021 11:42:28 PM : ping
5/8/2021 11:42:28 PM : ping
5/8/2021 11:42:28 PM : ping
5/8/2021 11:42:29 PM : ping
5/8/2021 11:42:29 PM : ping
5/8/2021 11:42:29 PM : ping
5/8/2021 11:42:30 PM : ping
5/8/2021 11:42:30 PM : ping
5/8/2021 11:42:30 PM : ping
5/8/2021 11:42:31 PM : ping
5/8/2021 11:42:31 PM : ping
5/8/2021 11:42:31 PM : ping
5/8/2021 11:42:32 PM : ping
5/8/2021 11:42:32 PM : ping
5/8/2021 11:42:32 PM : ping
5/8/2021 11:42:33 PM : ping
5/8/2021 11:42:33 PM : ping
5/8/2021 11:42:33 PM : ping
5/8/2021 11:42:34 PM : ping
5/8/2021 11:42:34 PM : ping
5/8/2021 11:42:34 PM : ping
5/8/2021 11:42:35 PM : ping
5/8/2021 11:42:35 PM : ping
5/8/2021 11:42:35 PM : ping
5/8/2021 11:42:36 PM : ping
5/8/2021 11:42:36 PM : ping
5/8/2021 11:42:36 PM : ping
5/8/2021 11:42:38 PM : ping
5/8/2021 11:42:38 PM : ping
5/8/2021 11:42:38 PM : ping
5/8/2021 11:42:39 PM : ping
5/8/2021 11:42:39 PM : ping
5/8/2021 11:42:39 PM : ping
5/8/2021 11:42:40 PM : ping
5/8/2021 11:42:40 PM : ping
5/8/2021 11:42:40 PM : ping
5/8/2021 11:42:41 PM : ping
5/8/2021 11:42:41 PM : ping
5/8/2021 11:42:41 PM : ping
5/8/2021 11:42:42 PM : ping
5/8/2021 11:42:42 PM : ping
5/8/2021 11:42:42 PM : ping
5/8/2021 11:42:43 PM : ping
5/8/2021 11:42:43 PM : ping
5/8/2021 11:42:43 PM : ping
5/8/2021 11:42:44 PM : ping
5/8/2021 11:42:44 PM : ping
5/8/2021 11:42:44 PM : ping
5/8/2021 11:42:45 PM : ping
5/8/2021 11:42:45 PM : ping
5/8/2021 11:42:45 PM : ping
5/8/2021 11:42:46 PM : ping
5/8/2021 11:42:46 PM : ping
5/8/2021 11:42:46 PM : ping
5/8/2021 11:42:48 PM : ping
5/8/2021 11:42:48 PM : ping
5/8/2021 11:42:48 PM : ping
5/8/2021 11:42:49 PM : ping
5/8/2021 11:42:49 PM : ping
5/8/2021 11:42:49 PM : ping
5/8/2021 11:42:50 PM : ping
5/8/2021 11:42:50 PM : ping
5/8/2021 11:42:50 PM : ping
5/8/2021 11:42:51 PM : ping
5/8/2021 11:42:51 PM : ping
5/8/2021 11:42:51 PM : ping
5/8/2021 11:42:52 PM : ping
5/8/2021 11:42:52 PM : ping
5/8/2021 11:42:52 PM : ping
5/8/2021 11:42:53 PM : ping
5/8/2021 11:42:53 PM : ping
5/8/2021 11:42:53 PM : ping
5/8/2021 11:42:54 PM : ping
5/8/2021 11:42:54 PM : ping
5/8/2021 11:42:54 PM : ping
5/8/2021 11:42:55 PM : ping
5/8/2021 11:42:55 PM : ping
5/8/2021 11:42:55 PM : ping
5/8/2021 11:42:56 PM : ping
5/8/2021 11:42:56 PM : ping
5/8/2021 11:42:56 PM : ping
5/8/2021 11:42:58 PM : ping
5/8/2021 11:42:58 PM : ping
5/8/2021 11:42:58 PM : ping
5/8/2021 11:42:59 PM : ping
5/8/2021 11:42:59 PM : ping
5/8/2021 11:42:59 PM : ping
5/8/2021 11:43:00 PM : ping
5/8/2021 11:43:00 PM : ping
5/8/2021 11:43:00 PM : ping
5/8/2021 11:43:01 PM : ping
5/8/2021 11:43:01 PM : ping
5/8/2021 11:43:01 PM : ping
5/8/2021 11:43:02 PM : ping
5/8/2021 11:43:02 PM : ping
5/8/2021 11:43:02 PM : ping
5/8/2021 11:43:03 PM : ping
5/8/2021 11:43:03 PM : ping
5/8/2021 11:43:03 PM : ping
5/8/2021 11:43:04 PM : ping
5/8/2021 11:43:04 PM : ping
5/8/2021 11:43:04 PM : ping
5/8/2021 11:43:05 PM : ping
5/8/2021 11:43:05 PM : ping
5/8/2021 11:43:05 PM : ping
5/8/2021 11:43:06 PM : ping
5/8/2021 11:43:06 PM : ping
5/8/2021 11:43:06 PM : ping
5/8/2021 11:43:07 PM : kService.requestChannels.Count :23
5/8/2021 11:43:07 PM : kService.requestChannels.Count :23
5/8/2021 11:43:07 PM : kService.requestChannels.Count :22
5/8/2021 11:43:07 PM : kService.requestChannels.Count :22
5/8/2021 11:43:08 PM : kService.requestChannels.Count :21
5/8/2021 11:43:08 PM : kService.requestChannels.Count :21
5/8/2021 11:43:08 PM : ping
5/8/2021 11:43:08 PM : ping
5/8/2021 11:43:08 PM : ping
5/8/2021 11:43:08 PM : kService.requestChannels.Count :20
5/8/2021 11:43:08 PM : kService.requestChannels.Count :20
5/8/2021 11:43:08 PM : kService.requestChannels.Count :19
5/8/2021 11:43:08 PM : kService.requestChannels.Count :19
5/8/2021 11:43:09 PM : kService.requestChannels.Count :18
5/8/2021 11:43:09 PM : kService.requestChannels.Count :18
5/8/2021 11:43:09 PM : kService.requestChannels.Count :17
5/8/2021 11:43:09 PM : kService.requestChannels.Count :17
5/8/2021 11:43:09 PM : ping
5/8/2021 11:43:09 PM : ping
5/8/2021 11:43:09 PM : ping
5/8/2021 11:43:09 PM : kService.requestChannels.Count :16
5/8/2021 11:43:09 PM : kService.requestChannels.Count :16
5/8/2021 11:43:09 PM : kService.requestChannels.Count :15
5/8/2021 11:43:09 PM : kService.requestChannels.Count :15
5/8/2021 11:43:10 PM : kService.requestChannels.Count :14
5/8/2021 11:43:10 PM : kService.requestChannels.Count :14
5/8/2021 11:43:10 PM : kService.requestChannels.Count :13
5/8/2021 11:43:10 PM : kService.requestChannels.Count :13
5/8/2021 11:43:10 PM : ping
5/8/2021 11:43:10 PM : ping
5/8/2021 11:43:10 PM : ping
5/8/2021 11:43:10 PM : kService.requestChannels.Count :12
5/8/2021 11:43:10 PM : kService.requestChannels.Count :12
5/8/2021 11:43:11 PM : kService.requestChannels.Count :11
5/8/2021 11:43:11 PM : kService.requestChannels.Count :11
5/8/2021 11:43:11 PM : ping
5/8/2021 11:43:11 PM : ping
5/8/2021 11:43:11 PM : ping
5/8/2021 11:43:11 PM : kService.requestChannels.Count :10
5/8/2021 11:43:11 PM : kService.requestChannels.Count :10
5/8/2021 11:43:12 PM : kService.requestChannels.Count :9
5/8/2021 11:43:12 PM : kService.requestChannels.Count :9
5/8/2021 11:43:12 PM : ping
5/8/2021 11:43:12 PM : ping
5/8/2021 11:43:12 PM : ping
5/8/2021 11:43:12 PM : kService.requestChannels.Count :8
5/8/2021 11:43:12 PM : kService.requestChannels.Count :8
5/8/2021 11:43:13 PM : kService.requestChannels.Count :7
5/8/2021 11:43:13 PM : kService.requestChannels.Count :7
5/8/2021 11:43:13 PM : ping
5/8/2021 11:43:13 PM : ping
5/8/2021 11:43:13 PM : ping
5/8/2021 11:43:13 PM : kService.requestChannels.Count :6
5/8/2021 11:43:13 PM : kService.requestChannels.Count :6
5/8/2021 11:43:14 PM : kService.requestChannels.Count :5
5/8/2021 11:43:14 PM : kService.requestChannels.Count :5
5/8/2021 11:43:14 PM : ping
5/8/2021 11:43:14 PM : ping
5/8/2021 11:43:14 PM : ping
5/8/2021 11:43:14 PM : kService.requestChannels.Count :4
5/8/2021 11:43:14 PM : kService.requestChannels.Count :4
5/8/2021 11:43:15 PM : kService.requestChannels.Count :3
5/8/2021 11:43:15 PM : kService.requestChannels.Count :3
5/8/2021 11:43:15 PM : ping
5/8/2021 11:43:15 PM : ping
5/8/2021 11:43:15 PM : ping
5/8/2021 11:43:16 PM : kService.requestChannels.Count :2
5/8/2021 11:43:16 PM : kService.requestChannels.Count :2
5/8/2021 11:43:16 PM : ping
5/8/2021 11:43:16 PM : ping
5/8/2021 11:43:16 PM : ping
5/8/2021 11:43:17 PM : kService.requestChannels.Count :1
5/8/2021 11:43:17 PM : kService.requestChannels.Count :1
5/8/2021 11:43:18 PM : ping
5/8/2021 11:43:18 PM : ping
5/8/2021 11:43:18 PM : ping
5/8/2021 11:43:18 PM : kService.requestChannels.Count :0
5/8/2021 11:43:18 PM : kService.requestChannels.Count :0
5/8/2021 11:43:19 PM : ping
5/8/2021 11:43:19 PM : ping
5/8/2021 11:43:19 PM : ping
5/8/2021 11:43:20 PM : ping
5/8/2021 11:43:20 PM : ping
5/8/2021 11:43:20 PM : ping
5/8/2021 11:43:21 PM : ping
5/8/2021 11:43:21 PM : ping
5/8/2021 11:43:21 PM : ping
5/8/2021 11:43:22 PM : ping
5/8/2021 11:43:22 PM : ping
5/8/2021 11:43:22 PM : ping
5/8/2021 11:43:23 PM : ping
5/8/2021 11:43:23 PM : ping
5/8/2021 11:43:23 PM : ping
5/8/2021 11:43:24 PM : ping
5/8/2021 11:43:24 PM : ping
5/8/2021 11:43:24 PM : ping
5/8/2021 11:43:25 PM : ping
5/8/2021 11:43:25 PM : ping
5/8/2021 11:43:25 PM : ping
5/8/2021 11:43:26 PM : ping
5/8/2021 11:43:26 PM : ping
5/8/2021 11:43:26 PM : ping
5/8/2021 11:43:27 PM : ping
5/8/2021 11:43:27 PM : ping
5/8/2021 11:43:27 PM : ping
5/8/2021 11:43:29 PM : ping
5/8/2021 11:43:29 PM : ping
5/8/2021 11:43:29 PM : ping
5/8/2021 11:43:30 PM : ping
5/8/2021 11:43:30 PM : ping
5/8/2021 11:43:30 PM : ping
5/8/2021 11:43:31 PM : ping
5/8/2021 11:43:31 PM : ping
5/8/2021 11:43:31 PM : ping
5/8/2021 11:43:32 PM : ping
5/8/2021 11:43:32 PM : ping
5/8/2021 11:43:32 PM : ping
5/8/2021 11:43:33 PM : ping
5/8/2021 11:43:33 PM : ping
5/8/2021 11:43:33 PM : ping
5/8/2021 11:43:34 PM : ping
5/8/2021 11:43:34 PM : ping
5/8/2021 11:43:34 PM : ping
5/8/2021 11:43:35 PM : ping
5/8/2021 11:43:35 PM : ping
5/8/2021 11:43:35 PM : ping
5/8/2021 11:43:36 PM : ping
5/8/2021 11:43:36 PM : ping
5/8/2021 11:43:36 PM : ping
5/8/2021 11:43:37 PM : ping
5/8/2021 11:43:37 PM : ping
5/8/2021 11:43:37 PM : ping
5/8/2021 11:43:39 PM : ping
5/8/2021 11:43:39 PM : ping
5/8/2021 11:43:39 PM : ping
5/8/2021 11:43:40 PM : ping
5/8/2021 11:43:40 PM : ping
5/8/2021 11:43:40 PM : ping
5/8/2021 11:43:41 PM : ping
5/8/2021 11:43:41 PM : ping
5/8/2021 11:43:41 PM : ping
5/8/2021 11:43:42 PM : ping
5/8/2021 11:43:42 PM : ping
5/8/2021 11:43:42 PM : ping
5/8/2021 11:43:43 PM : ping
5/8/2021 11:43:43 PM : ping
5/8/2021 11:43:43 PM : ping
5/8/2021 11:43:44 PM : ping
5/8/2021 11:43:44 PM : ping
5/8/2021 11:43:44 PM : ping
5/8/2021 11:43:45 PM : ping
5/8/2021 11:43:45 PM : ping
5/8/2021 11:43:45 PM : ping
5/8/2021 11:43:46 PM : ping
5/8/2021 11:43:46 PM : ping
5/8/2021 11:43:46 PM : ping
5/8/2021 11:43:47 PM : ping
5/8/2021 11:43:47 PM : ping
5/8/2021 11:43:47 PM : ping
5/8/2021 11:43:49 PM : ping
5/8/2021 11:43:49 PM : ping
5/8/2021 11:43:49 PM : ping
5/8/2021 11:43:50 PM : ping
5/8/2021 11:43:50 PM : ping
5/8/2021 11:43:50 PM : ping
5/8/2021 11:43:51 PM : ping
5/8/2021 11:43:51 PM : ping
5/8/2021 11:43:51 PM : ping
5/8/2021 11:43:52 PM : ping
5/8/2021 11:43:52 PM : ping
5/8/2021 11:43:52 PM : ping
5/8/2021 11:43:53 PM : ping
5/8/2021 11:43:53 PM : ping
5/8/2021 11:43:53 PM : ping
5/8/2021 11:43:54 PM : ping
5/8/2021 11:43:54 PM : ping
5/8/2021 11:43:54 PM : ping
5/8/2021 11:43:55 PM : ping
5/8/2021 11:43:55 PM : ping
5/8/2021 11:43:55 PM : ping
5/8/2021 11:43:56 PM : ping
5/8/2021 11:43:56 PM : ping
5/8/2021 11:43:56 PM : ping
5/8/2021 11:43:57 PM : ping
5/8/2021 11:43:57 PM : ping
5/8/2021 11:43:57 PM : ping
5/8/2021 11:43:58 PM : ping
5/8/2021 11:43:58 PM : ping
5/8/2021 11:43:58 PM : ping
5/8/2021 11:44:00 PM : ping
5/8/2021 11:44:00 PM : ping
5/8/2021 11:44:00 PM : ping
5/8/2021 11:44:01 PM : ping
5/8/2021 11:44:01 PM : ping
5/8/2021 11:44:01 PM : ping
5/8/2021 11:44:02 PM : ping
5/8/2021 11:44:02 PM : ping
5/8/2021 11:44:02 PM : ping
5/8/2021 11:44:03 PM : ping
5/8/2021 11:44:03 PM : ping
5/8/2021 11:44:03 PM : ping
5/8/2021 11:44:04 PM : ping
5/8/2021 11:44:04 PM : ping
5/8/2021 11:44:04 PM : ping
5/8/2021 11:44:05 PM : ping
5/8/2021 11:44:05 PM : ping
5/8/2021 11:44:05 PM : ping
5/8/2021 11:44:06 PM : ping
5/8/2021 11:44:06 PM : ping
5/8/2021 11:44:06 PM : ping
5/8/2021 11:44:07 PM : ping
5/8/2021 11:44:07 PM : ping
5/8/2021 11:44:07 PM : ping
5/8/2021 11:44:08 PM : ping
5/8/2021 11:44:08 PM : ping
5/8/2021 11:44:08 PM : ping
5/8/2021 11:44:09 PM : launch server at port: 7003
5/8/2021 11:44:09 PM : launch server at port: 7004
5/8/2021 11:44:10 PM : ping
5/8/2021 11:44:10 PM : ping
5/8/2021 11:44:10 PM : ping
5/8/2021 11:44:11 PM : ping
5/8/2021 11:44:11 PM : ping
5/8/2021 11:44:11 PM : ping
5/8/2021 11:44:12 PM : ping
5/8/2021 11:44:12 PM : ping
5/8/2021 11:44:12 PM : ping
5/8/2021 11:44:13 PM : ping
5/8/2021 11:44:13 PM : ping
5/8/2021 11:44:13 PM : ping
5/8/2021 11:44:14 PM : ping
5/8/2021 11:44:14 PM : ping
5/8/2021 11:44:14 PM : ping
5/8/2021 11:44:15 PM : ping
5/8/2021 11:44:15 PM : ping
5/8/2021 11:44:15 PM : ping
5/8/2021 11:44:16 PM : launch server at port: 7005
5/8/2021 11:44:16 PM : ping
5/8/2021 11:44:16 PM : ping
5/8/2021 11:44:16 PM : ping
5/8/2021 11:44:17 PM : ping
5/8/2021 11:44:17 PM : ping
5/8/2021 11:44:17 PM : ping
5/8/2021 11:44:18 PM : ping
5/8/2021 11:44:18 PM : ping
5/8/2021 11:44:18 PM : ping
5/8/2021 11:44:20 PM : ping
5/8/2021 11:44:20 PM : ping
5/8/2021 11:44:20 PM : ping
5/8/2021 11:44:21 PM : ping
5/8/2021 11:44:21 PM : ping
5/8/2021 11:44:21 PM : ping
5/8/2021 11:44:22 PM : ping
5/8/2021 11:44:22 PM : ping
5/8/2021 11:44:22 PM : ping
5/8/2021 11:44:23 PM : ping
5/8/2021 11:44:23 PM : ping
5/8/2021 11:44:23 PM : ping
5/8/2021 11:44:24 PM : ping
5/8/2021 11:44:24 PM : ping
5/8/2021 11:44:24 PM : ping
5/8/2021 11:44:25 PM : ping
5/8/2021 11:44:25 PM : ping
5/8/2021 11:44:25 PM : ping
5/8/2021 11:44:26 PM : ping
5/8/2021 11:44:26 PM : ping
5/8/2021 11:44:26 PM : ping
5/8/2021 11:44:27 PM : ping
5/8/2021 11:44:27 PM : ping
5/8/2021 11:44:27 PM : ping
5/8/2021 11:44:28 PM : ping
5/8/2021 11:44:28 PM : ping
5/8/2021 11:44:28 PM : ping
5/8/2021 11:44:30 PM : ping
5/8/2021 11:44:30 PM : ping
5/8/2021 11:44:30 PM : ping
5/8/2021 11:44:31 PM : ping
5/8/2021 11:44:31 PM : ping
5/8/2021 11:44:31 PM : ping
5/8/2021 11:44:32 PM : ping
5/8/2021 11:44:32 PM : ping
5/8/2021 11:44:32 PM : ping
5/8/2021 11:44:33 PM : ping
5/8/2021 11:44:33 PM : ping
5/8/2021 11:44:33 PM : ping
5/8/2021 11:44:34 PM : ping
5/8/2021 11:44:34 PM : ping
5/8/2021 11:44:34 PM : ping
5/8/2021 11:44:35 PM : ping
5/8/2021 11:44:35 PM : ping
5/8/2021 11:44:35 PM : ping
5/8/2021 11:44:36 PM : ping
5/8/2021 11:44:36 PM : ping
5/8/2021 11:44:36 PM : ping
5/8/2021 11:44:37 PM : ping
5/8/2021 11:44:37 PM : ping
5/8/2021 11:44:37 PM : ping
5/8/2021 11:44:38 PM : ping
5/8/2021 11:44:38 PM : ping
5/8/2021 11:44:38 PM : ping
5/8/2021 11:44:39 PM : ping
5/8/2021 11:44:39 PM : ping
5/8/2021 11:44:40 PM : ping
5/8/2021 11:44:41 PM : ping
5/8/2021 11:44:41 PM : ping
5/8/2021 11:44:41 PM : ping
5/8/2021 11:44:42 PM : ping
5/8/2021 11:44:42 PM : ping
5/8/2021 11:44:42 PM : ping
5/8/2021 11:44:43 PM : ping
5/8/2021 11:44:43 PM : ping
5/8/2021 11:44:43 PM : ping
5/8/2021 11:44:44 PM : ping
5/8/2021 11:44:44 PM : ping
5/8/2021 11:44:44 PM : ping
5/8/2021 11:44:45 PM : ping
5/8/2021 11:44:45 PM : ping
5/8/2021 11:44:45 PM : ping
5/8/2021 11:44:46 PM : ping
5/8/2021 11:44:46 PM : ping
5/8/2021 11:44:46 PM : ping
5/8/2021 11:44:47 PM : ping
5/8/2021 11:44:47 PM : ping
5/8/2021 11:44:47 PM : ping
5/8/2021 11:44:48 PM : ping
5/8/2021 11:44:48 PM : ping
5/8/2021 11:44:48 PM : ping
5/8/2021 11:44:49 PM : ping
5/8/2021 11:44:49 PM : ping
5/8/2021 11:44:49 PM : ping
5/8/2021 11:44:51 PM : ping
5/8/2021 11:44:51 PM : ping
5/8/2021 11:44:51 PM : ping
5/8/2021 11:44:52 PM : ping
5/8/2021 11:44:52 PM : ping
5/8/2021 11:44:52 PM : ping
5/8/2021 11:44:53 PM : ping
5/8/2021 11:44:53 PM : ping
5/8/2021 11:44:53 PM : ping
5/8/2021 11:44:54 PM : ping
5/8/2021 11:44:54 PM : ping
5/8/2021 11:44:54 PM : ping
5/8/2021 11:44:55 PM : ping
5/8/2021 11:44:55 PM : ping
5/8/2021 11:44:55 PM : ping
5/8/2021 11:44:56 PM : ping
5/8/2021 11:44:56 PM : ping
5/8/2021 11:44:56 PM : ping
5/8/2021 11:44:57 PM : ping
5/8/2021 11:44:57 PM : ping
5/8/2021 11:44:57 PM : ping
5/8/2021 11:44:58 PM : ping
5/8/2021 11:44:58 PM : ping
5/8/2021 11:44:58 PM : ping
5/8/2021 11:44:59 PM : ping
5/8/2021 11:44:59 PM : ping
5/8/2021 11:44:59 PM : ping
5/8/2021 11:45:01 PM : ping
5/8/2021 11:45:01 PM : ping
5/8/2021 11:45:01 PM : ping
5/8/2021 11:45:02 PM : ping
5/8/2021 11:45:02 PM : ping
5/8/2021 11:45:02 PM : ping
5/8/2021 11:45:03 PM : ping
5/8/2021 11:45:03 PM : ping
5/8/2021 11:45:03 PM : ping
5/8/2021 11:45:04 PM : ping
5/8/2021 11:45:04 PM : ping
5/8/2021 11:45:04 PM : ping
5/8/2021 11:45:05 PM : ping
5/8/2021 11:45:05 PM : ping
5/8/2021 11:45:05 PM : ping
5/8/2021 11:45:06 PM : ping
5/8/2021 11:45:06 PM : ping
5/8/2021 11:45:06 PM : ping
5/8/2021 11:45:07 PM : ping
5/8/2021 11:45:07 PM : ping
5/8/2021 11:45:07 PM : ping
5/8/2021 11:45:08 PM : ping
5/8/2021 11:45:08 PM : ping
5/8/2021 11:45:08 PM : ping
5/8/2021 11:45:09 PM : ping
5/8/2021 11:45:09 PM : ping
5/8/2021 11:45:09 PM : ping
5/8/2021 11:45:10 PM : ping
5/8/2021 11:45:10 PM : ping
5/8/2021 11:45:10 PM : ping
5/8/2021 11:45:12 PM : ping
5/8/2021 11:45:12 PM : ping
5/8/2021 11:45:12 PM : ping
5/8/2021 11:45:13 PM : ping
5/8/2021 11:45:13 PM : ping
5/8/2021 11:45:13 PM : ping
5/8/2021 11:45:14 PM : ping
5/8/2021 11:45:14 PM : ping
5/8/2021 11:45:14 PM : ping
5/8/2021 11:45:15 PM : ping
5/8/2021 11:45:15 PM : ping
5/8/2021 11:45:15 PM : ping
5/8/2021 11:45:16 PM : ping
5/8/2021 11:45:16 PM : ping
5/8/2021 11:45:16 PM : ping
5/8/2021 11:45:17 PM : ping
5/8/2021 11:45:17 PM : ping
5/8/2021 11:45:17 PM : ping
5/8/2021 11:45:18 PM : ping
5/8/2021 11:45:18 PM : ping
5/8/2021 11:45:18 PM : ping
5/8/2021 11:45:19 PM : ping
5/8/2021 11:45:19 PM : ping
5/8/2021 11:45:19 PM : ping
5/8/2021 11:45:20 PM : ping
5/8/2021 11:45:20 PM : ping
5/8/2021 11:45:20 PM : ping
5/8/2021 11:45:22 PM : ping
5/8/2021 11:45:22 PM : ping
5/8/2021 11:45:22 PM : ping
5/8/2021 11:45:23 PM : ping
5/8/2021 11:45:23 PM : ping
5/8/2021 11:45:23 PM : ping
5/8/2021 11:45:24 PM : ping
5/8/2021 11:45:24 PM : ping
5/8/2021 11:45:24 PM : ping
5/8/2021 11:45:25 PM : ping
5/8/2021 11:45:25 PM : ping
5/8/2021 11:45:25 PM : ping
5/8/2021 11:45:26 PM : ping
5/8/2021 11:45:26 PM : ping
5/8/2021 11:45:26 PM : ping
5/8/2021 11:45:27 PM : ping
5/8/2021 11:45:27 PM : ping
5/8/2021 11:45:27 PM : ping
5/8/2021 11:45:28 PM : ping
5/8/2021 11:45:28 PM : ping
5/8/2021 11:45:28 PM : ping
5/8/2021 11:45:29 PM : ping
5/8/2021 11:45:29 PM : ping
5/8/2021 11:45:29 PM : ping
5/8/2021 11:45:30 PM : ping
5/8/2021 11:45:30 PM : ping
5/8/2021 11:45:30 PM : ping
5/8/2021 11:45:31 PM : ping
5/8/2021 11:45:31 PM : ping
5/8/2021 11:45:32 PM : ping
5/8/2021 11:45:33 PM : ping
5/8/2021 11:45:33 PM : ping
5/8/2021 11:45:33 PM : ping
5/8/2021 11:45:34 PM : ping
5/8/2021 11:45:34 PM : ping
5/8/2021 11:45:34 PM : ping
5/8/2021 11:45:35 PM : ping
5/8/2021 11:45:35 PM : ping
5/8/2021 11:45:35 PM : ping
5/8/2021 11:45:36 PM : ping
5/8/2021 11:45:36 PM : ping
5/8/2021 11:45:36 PM : ping
5/8/2021 11:45:37 PM : ping
5/8/2021 11:45:37 PM : ping
5/8/2021 11:45:37 PM : ping
5/8/2021 11:45:38 PM : ping
5/8/2021 11:45:38 PM : ping
5/8/2021 11:45:38 PM : ping
5/8/2021 11:45:39 PM : ping
5/8/2021 11:45:39 PM : ping
5/8/2021 11:45:39 PM : ping
5/8/2021 11:45:40 PM : ping
5/8/2021 11:45:40 PM : ping
5/8/2021 11:45:40 PM : ping
5/8/2021 11:45:41 PM : ping
5/8/2021 11:45:41 PM : ping
5/8/2021 11:45:41 PM : ping
5/8/2021 11:45:43 PM : ping
5/8/2021 11:45:43 PM : ping
5/8/2021 11:45:43 PM : ping
5/8/2021 11:45:44 PM : ping
5/8/2021 11:45:44 PM : ping
5/8/2021 11:45:44 PM : ping
5/8/2021 11:45:45 PM : ping
5/8/2021 11:45:45 PM : ping
5/8/2021 11:45:45 PM : ping
5/8/2021 11:45:45 PM : kService.requestChannels.Count :9
5/8/2021 11:45:45 PM : kService.requestChannels.Count :9
5/8/2021 11:45:46 PM : kService.requestChannels.Count :8
5/8/2021 11:45:46 PM : kService.requestChannels.Count :8
5/8/2021 11:45:46 PM : ping
5/8/2021 11:45:46 PM : ping
5/8/2021 11:45:46 PM : ping
5/8/2021 11:45:47 PM : ping
5/8/2021 11:45:47 PM : ping
5/8/2021 11:45:47 PM : ping
5/8/2021 11:45:48 PM : ping
5/8/2021 11:45:48 PM : ping
5/8/2021 11:45:48 PM : ping
5/8/2021 11:45:49 PM : ping
5/8/2021 11:45:49 PM : ping
5/8/2021 11:45:49 PM : ping
5/8/2021 11:45:50 PM : ping
5/8/2021 11:45:50 PM : ping
5/8/2021 11:45:50 PM : ping
5/8/2021 11:45:51 PM : ping
5/8/2021 11:45:51 PM : ping
5/8/2021 11:45:51 PM : ping
5/8/2021 11:45:53 PM : ping
5/8/2021 11:45:53 PM : ping
5/8/2021 11:45:53 PM : ping
5/8/2021 11:45:54 PM : ping
5/8/2021 11:45:54 PM : ping
5/8/2021 11:45:54 PM : ping
5/8/2021 11:45:55 PM : ping
5/8/2021 11:45:55 PM : ping
5/8/2021 11:45:55 PM : ping
5/8/2021 11:45:56 PM : ping
5/8/2021 11:45:56 PM : ping
5/8/2021 11:45:56 PM : ping
5/8/2021 11:45:57 PM : ping
5/8/2021 11:45:57 PM : ping
5/8/2021 11:45:57 PM : ping
5/8/2021 11:45:57 PM : kService.requestChannels.Count :7
5/8/2021 11:45:57 PM : kService.requestChannels.Count :7
5/8/2021 11:45:58 PM : ping
5/8/2021 11:45:58 PM : ping
5/8/2021 11:45:58 PM : ping
5/8/2021 11:45:59 PM : ping
5/8/2021 11:45:59 PM : ping
5/8/2021 11:45:59 PM : ping
5/8/2021 11:46:00 PM : ping
5/8/2021 11:46:00 PM : ping
5/8/2021 11:46:00 PM : ping
5/8/2021 11:46:01 PM : ping
5/8/2021 11:46:01 PM : ping
5/8/2021 11:46:01 PM : ping
5/8/2021 11:46:02 PM : ping
5/8/2021 11:46:02 PM : ping
5/8/2021 11:46:02 PM : ping
5/8/2021 11:46:04 PM : ping
5/8/2021 11:46:04 PM : ping
5/8/2021 11:46:04 PM : ping
5/8/2021 11:46:05 PM : ping
5/8/2021 11:46:05 PM : ping
5/8/2021 11:46:05 PM : ping
5/8/2021 11:46:06 PM : ping
5/8/2021 11:46:06 PM : ping
5/8/2021 11:46:06 PM : ping
5/8/2021 11:46:07 PM : ping
5/8/2021 11:46:07 PM : ping
5/8/2021 11:46:07 PM : ping
5/8/2021 11:46:08 PM : ping
5/8/2021 11:46:08 PM : ping
5/8/2021 11:46:08 PM : ping
5/8/2021 11:46:09 PM : ping
5/8/2021 11:46:09 PM : ping
5/8/2021 11:46:09 PM : ping
5/8/2021 11:46:10 PM : ping
5/8/2021 11:46:10 PM : ping
5/8/2021 11:46:10 PM : ping
5/8/2021 11:46:11 PM : ping
5/8/2021 11:46:11 PM : ping
5/8/2021 11:46:11 PM : ping
5/8/2021 11:46:12 PM : ping
5/8/2021 11:46:12 PM : ping
5/8/2021 11:46:12 PM : ping
5/8/2021 11:46:14 PM : ping
5/8/2021 11:46:14 PM : ping
5/8/2021 11:46:14 PM : ping
5/8/2021 11:46:15 PM : ping
5/8/2021 11:46:15 PM : ping
5/8/2021 11:46:15 PM : ping
5/8/2021 11:46:16 PM : ping
5/8/2021 11:46:16 PM : ping
5/8/2021 11:46:16 PM : ping
5/8/2021 11:46:17 PM : ping
5/8/2021 11:46:17 PM : ping
5/8/2021 11:46:17 PM : ping
5/8/2021 11:46:18 PM : ping
5/8/2021 11:46:18 PM : ping
5/8/2021 11:46:18 PM : ping
5/8/2021 11:46:19 PM : ping
5/8/2021 11:46:19 PM : ping
5/8/2021 11:46:19 PM : ping
5/8/2021 11:46:20 PM : ping
5/8/2021 11:46:20 PM : ping
5/8/2021 11:46:20 PM : ping
5/8/2021 11:46:21 PM : ping
5/8/2021 11:46:21 PM : ping
5/8/2021 11:46:21 PM : ping
5/8/2021 11:46:22 PM : ping
5/8/2021 11:46:22 PM : ping
5/8/2021 11:46:22 PM : ping
5/8/2021 11:46:24 PM : ping
5/8/2021 11:46:24 PM : ping
5/8/2021 11:46:24 PM : ping
5/8/2021 11:46:25 PM : ping
5/8/2021 11:46:25 PM : ping
5/8/2021 11:46:25 PM : ping
5/8/2021 11:46:26 PM : ping
5/8/2021 11:46:26 PM : ping
5/8/2021 11:46:26 PM : ping
5/8/2021 11:46:27 PM : ping
5/8/2021 11:46:27 PM : ping
5/8/2021 11:46:27 PM : ping
5/8/2021 11:46:28 PM : ping
5/8/2021 11:46:28 PM : ping
5/8/2021 11:46:28 PM : ping
5/8/2021 11:46:29 PM : ping
5/8/2021 11:46:29 PM : ping
5/8/2021 11:46:29 PM : ping
5/8/2021 11:46:30 PM : ping
5/8/2021 11:46:30 PM : ping
5/8/2021 11:46:30 PM : ping
5/8/2021 11:46:31 PM : ping
5/8/2021 11:46:31 PM : ping
5/8/2021 11:46:31 PM : ping
5/8/2021 11:46:32 PM : ping
5/8/2021 11:46:32 PM : ping
5/8/2021 11:46:32 PM : ping
5/8/2021 11:46:33 PM : ping
5/8/2021 11:46:33 PM : ping
5/8/2021 11:46:33 PM : ping
5/8/2021 11:46:35 PM : ping
5/8/2021 11:46:35 PM : ping
5/8/2021 11:46:35 PM : ping
5/8/2021 11:46:35 PM : launch server at port: 7006
5/8/2021 11:46:36 PM : ping
5/8/2021 11:46:36 PM : ping
5/8/2021 11:46:36 PM : ping
5/8/2021 11:46:37 PM : ping
5/8/2021 11:46:37 PM : ping
5/8/2021 11:46:37 PM : ping
5/8/2021 11:46:38 PM : ping
5/8/2021 11:46:38 PM : ping
5/8/2021 11:46:38 PM : ping
5/8/2021 11:46:39 PM : ping
5/8/2021 11:46:39 PM : ping
5/8/2021 11:46:39 PM : ping
5/8/2021 11:46:40 PM : ping
5/8/2021 11:46:40 PM : ping
5/8/2021 11:46:40 PM : ping
5/8/2021 11:46:41 PM : ping
5/8/2021 11:46:41 PM : ping
5/8/2021 11:46:41 PM : ping
5/8/2021 11:46:42 PM : ping
5/8/2021 11:46:42 PM : ping
5/8/2021 11:46:42 PM : ping
5/8/2021 11:46:43 PM : ping
5/8/2021 11:46:43 PM : ping
5/8/2021 11:46:43 PM : ping
5/8/2021 11:46:45 PM : ping
5/8/2021 11:46:45 PM : ping
5/8/2021 11:46:45 PM : ping
5/8/2021 11:46:46 PM : ping
5/8/2021 11:46:46 PM : ping
5/8/2021 11:46:46 PM : ping
5/8/2021 11:46:47 PM : ping
5/8/2021 11:46:47 PM : ping
5/8/2021 11:46:47 PM : ping
5/8/2021 11:46:48 PM : ping
5/8/2021 11:46:48 PM : ping
5/8/2021 11:46:48 PM : ping
5/8/2021 11:46:49 PM : ping
5/8/2021 11:46:49 PM : ping
5/8/2021 11:46:49 PM : ping
5/8/2021 11:46:50 PM : ping
5/8/2021 11:46:50 PM : ping
5/8/2021 11:46:50 PM : ping
5/8/2021 11:46:51 PM : ping
5/8/2021 11:46:51 PM : ping
5/8/2021 11:46:51 PM : ping
5/8/2021 11:46:52 PM : ping
5/8/2021 11:46:52 PM : ping
5/8/2021 11:46:52 PM : ping
5/8/2021 11:46:53 PM : ping
5/8/2021 11:46:53 PM : ping
5/8/2021 11:46:53 PM : ping
5/8/2021 11:46:54 PM : ping
5/8/2021 11:46:54 PM : ping
5/8/2021 11:46:55 PM : ping
5/8/2021 11:46:56 PM : ping
5/8/2021 11:46:56 PM : ping
5/8/2021 11:46:56 PM : ping
5/8/2021 11:46:57 PM : ping
5/8/2021 11:46:57 PM : ping
5/8/2021 11:46:57 PM : ping
5/8/2021 11:46:58 PM : ping
5/8/2021 11:46:58 PM : ping
5/8/2021 11:46:58 PM : ping
5/8/2021 11:46:59 PM : ping
5/8/2021 11:46:59 PM : ping
5/8/2021 11:46:59 PM : ping
5/8/2021 11:47:00 PM : ping
5/8/2021 11:47:00 PM : ping
5/8/2021 11:47:00 PM : ping
5/8/2021 11:47:01 PM : ping
5/8/2021 11:47:01 PM : ping
5/8/2021 11:47:01 PM : ping
5/8/2021 11:47:02 PM : ping
5/8/2021 11:47:02 PM : ping
5/8/2021 11:47:02 PM : ping
5/8/2021 11:47:03 PM : ping
5/8/2021 11:47:03 PM : ping
5/8/2021 11:47:03 PM : ping
5/8/2021 11:47:04 PM : ping
5/8/2021 11:47:04 PM : ping
5/8/2021 11:47:04 PM : ping
5/8/2021 11:47:06 PM : ping
5/8/2021 11:47:06 PM : ping
5/8/2021 11:47:06 PM : ping
5/8/2021 11:47:07 PM : ping
5/8/2021 11:47:07 PM : ping
5/8/2021 11:47:07 PM : ping
5/8/2021 11:47:08 PM : ping
5/8/2021 11:47:08 PM : ping
5/8/2021 11:47:08 PM : ping
5/8/2021 11:47:09 PM : ping
5/8/2021 11:47:09 PM : ping
5/8/2021 11:47:09 PM : ping
5/8/2021 11:47:10 PM : ping
5/8/2021 11:47:10 PM : ping
5/8/2021 11:47:10 PM : ping
5/8/2021 11:47:11 PM : ping
5/8/2021 11:47:11 PM : ping
5/8/2021 11:47:11 PM : ping
5/8/2021 11:47:12 PM : ping
5/8/2021 11:47:12 PM : ping
5/8/2021 11:47:12 PM : ping
5/8/2021 11:47:13 PM : ping
5/8/2021 11:47:13 PM : ping
5/8/2021 11:47:13 PM : ping
5/8/2021 11:47:14 PM : ping
5/8/2021 11:47:14 PM : ping
5/8/2021 11:47:14 PM : ping
5/8/2021 11:47:16 PM : ping
5/8/2021 11:47:16 PM : ping
5/8/2021 11:47:16 PM : ping
5/8/2021 11:47:17 PM : ping
5/8/2021 11:47:17 PM : ping
5/8/2021 11:47:17 PM : ping
5/8/2021 11:47:18 PM : ping
5/8/2021 11:47:18 PM : ping
5/8/2021 11:47:18 PM : ping
5/8/2021 11:47:19 PM : ping
5/8/2021 11:47:19 PM : ping
5/8/2021 11:47:19 PM : ping
5/8/2021 11:47:20 PM : ping
5/8/2021 11:47:20 PM : ping
5/8/2021 11:47:20 PM : ping
5/8/2021 11:47:21 PM : ping
5/8/2021 11:47:21 PM : ping
5/8/2021 11:47:21 PM : ping
5/8/2021 11:47:22 PM : ping
5/8/2021 11:47:22 PM : ping
5/8/2021 11:47:22 PM : ping
5/8/2021 11:47:23 PM : ping
5/8/2021 11:47:23 PM : ping
5/8/2021 11:47:23 PM : ping
5/8/2021 11:47:24 PM : ping
5/8/2021 11:47:24 PM : ping
5/8/2021 11:47:24 PM : ping
5/8/2021 11:47:25 PM : ping
5/8/2021 11:47:25 PM : ping
5/8/2021 11:47:25 PM : ping
5/8/2021 11:47:27 PM : ping
5/8/2021 11:47:27 PM : ping
5/8/2021 11:47:27 PM : ping
5/8/2021 11:47:28 PM : ping
5/8/2021 11:47:28 PM : ping
5/8/2021 11:47:28 PM : ping
5/8/2021 11:47:29 PM : ping
5/8/2021 11:47:29 PM : ping
5/8/2021 11:47:29 PM : ping
5/8/2021 11:47:30 PM : ping
5/8/2021 11:47:30 PM : ping
5/8/2021 11:47:30 PM : ping
5/8/2021 11:47:31 PM : ping
5/8/2021 11:47:31 PM : ping
5/8/2021 11:47:31 PM : ping
5/8/2021 11:47:32 PM : ping
5/8/2021 11:47:32 PM : ping
5/8/2021 11:47:32 PM : ping
5/8/2021 11:47:33 PM : ping
5/8/2021 11:47:33 PM : ping
5/8/2021 11:47:33 PM : ping
5/8/2021 11:47:34 PM : ping
5/8/2021 11:47:34 PM : ping
5/8/2021 11:47:34 PM : ping
5/8/2021 11:47:35 PM : launch server at port: 7007
5/8/2021 11:47:35 PM : ping
5/8/2021 11:47:35 PM : ping
5/8/2021 11:47:35 PM : ping
5/8/2021 11:47:37 PM : ping
5/8/2021 11:47:37 PM : ping
5/8/2021 11:47:37 PM : ping
5/8/2021 11:47:38 PM : ping
5/8/2021 11:47:38 PM : ping
5/8/2021 11:47:38 PM : ping
5/8/2021 11:47:39 PM : ping
5/8/2021 11:47:39 PM : ping
5/8/2021 11:47:39 PM : ping
5/8/2021 11:47:40 PM : ping
5/8/2021 11:47:40 PM : ping
5/8/2021 11:47:40 PM : ping
5/8/2021 11:47:41 PM : ping
5/8/2021 11:47:41 PM : ping
5/8/2021 11:47:41 PM : ping
5/8/2021 11:47:42 PM : ping
5/8/2021 11:47:42 PM : ping
5/8/2021 11:47:42 PM : ping
5/8/2021 11:47:43 PM : ping
5/8/2021 11:47:43 PM : ping
5/8/2021 11:47:43 PM : ping
5/8/2021 11:47:44 PM : ping
5/8/2021 11:47:44 PM : ping
5/8/2021 11:47:44 PM : ping
5/8/2021 11:47:45 PM : ping
5/8/2021 11:47:45 PM : ping
5/8/2021 11:47:45 PM : ping
5/8/2021 11:47:47 PM : ping
5/8/2021 11:47:47 PM : ping
5/8/2021 11:47:47 PM : ping
5/8/2021 11:47:48 PM : ping
5/8/2021 11:47:48 PM : ping
5/8/2021 11:47:48 PM : ping
5/8/2021 11:47:49 PM : ping
5/8/2021 11:47:49 PM : ping
5/8/2021 11:47:49 PM : ping
5/8/2021 11:47:50 PM : ping
5/8/2021 11:47:50 PM : ping
5/8/2021 11:47:50 PM : ping
5/8/2021 11:47:51 PM : ping
5/8/2021 11:47:51 PM : ping
5/8/2021 11:47:51 PM : ping
5/8/2021 11:47:52 PM : ping
5/8/2021 11:47:52 PM : ping
5/8/2021 11:47:52 PM : ping
5/8/2021 11:47:53 PM : ping
5/8/2021 11:47:53 PM : ping
5/8/2021 11:47:53 PM : ping
5/8/2021 11:47:54 PM : ping
5/8/2021 11:47:54 PM : ping
5/8/2021 11:47:54 PM : ping
5/8/2021 11:47:55 PM : ping
5/8/2021 11:47:55 PM : ping
5/8/2021 11:47:55 PM : ping
5/8/2021 11:47:57 PM : ping
5/8/2021 11:47:57 PM : ping
5/8/2021 11:47:57 PM : ping
5/8/2021 11:47:58 PM : ping
5/8/2021 11:47:58 PM : ping
5/8/2021 11:47:58 PM : ping
5/8/2021 11:47:59 PM : ping
5/8/2021 11:47:59 PM : ping
5/8/2021 11:47:59 PM : ping
5/8/2021 11:48:00 PM : ping
5/8/2021 11:48:00 PM : ping
5/8/2021 11:48:00 PM : ping
5/8/2021 11:48:01 PM : ping
5/8/2021 11:48:01 PM : ping
5/8/2021 11:48:01 PM : ping
5/8/2021 11:48:02 PM : ping
5/8/2021 11:48:02 PM : ping
5/8/2021 11:48:02 PM : ping
5/8/2021 11:48:03 PM : ping
5/8/2021 11:48:03 PM : ping
5/8/2021 11:48:03 PM : ping
5/8/2021 11:48:04 PM : ping
5/8/2021 11:48:04 PM : ping
5/8/2021 11:48:04 PM : ping
5/8/2021 11:48:05 PM : ping
5/8/2021 11:48:05 PM : ping
5/8/2021 11:48:05 PM : ping
5/8/2021 11:48:07 PM : ping
5/8/2021 11:48:07 PM : ping
5/8/2021 11:48:07 PM : ping
5/8/2021 11:48:08 PM : ping
5/8/2021 11:48:08 PM : ping
5/8/2021 11:48:08 PM : ping
5/8/2021 11:48:09 PM : ping
5/8/2021 11:48:09 PM : ping
5/8/2021 11:48:09 PM : ping
5/8/2021 11:48:10 PM : ping
5/8/2021 11:48:10 PM : ping
5/8/2021 11:48:10 PM : ping
5/8/2021 11:48:11 PM : ping
5/8/2021 11:48:11 PM : ping
5/8/2021 11:48:11 PM : ping
5/8/2021 11:48:12 PM : ping
5/8/2021 11:48:12 PM : ping
5/8/2021 11:48:12 PM : ping
5/8/2021 11:48:13 PM : ping
5/8/2021 11:48:13 PM : ping
5/8/2021 11:48:13 PM : ping
5/8/2021 11:48:14 PM : ping
5/8/2021 11:48:14 PM : ping
5/8/2021 11:48:14 PM : ping
5/8/2021 11:48:15 PM : ping
5/8/2021 11:48:15 PM : ping
5/8/2021 11:48:15 PM : ping
5/8/2021 11:48:17 PM : ping
5/8/2021 11:48:17 PM : ping
5/8/2021 11:48:17 PM : ping
5/8/2021 11:48:18 PM : ping
5/8/2021 11:48:18 PM : ping
5/8/2021 11:48:18 PM : ping
5/8/2021 11:48:19 PM : ping
5/8/2021 11:48:19 PM : ping
5/8/2021 11:48:19 PM : ping
5/8/2021 11:48:20 PM : ping
5/8/2021 11:48:20 PM : ping
5/8/2021 11:48:20 PM : ping
5/8/2021 11:48:21 PM : ping
5/8/2021 11:48:21 PM : ping
5/8/2021 11:48:21 PM : ping
5/8/2021 11:48:22 PM : ping
5/8/2021 11:48:22 PM : ping
5/8/2021 11:48:22 PM : ping
5/8/2021 11:48:23 PM : ping
5/8/2021 11:48:23 PM : ping
5/8/2021 11:48:23 PM : ping
5/8/2021 11:48:24 PM : ping
5/8/2021 11:48:24 PM : ping
5/8/2021 11:48:24 PM : ping
5/8/2021 11:48:25 PM : ping
5/8/2021 11:48:25 PM : ping
5/8/2021 11:48:25 PM : ping
5/8/2021 11:48:26 PM : ping
5/8/2021 11:48:26 PM : ping
5/8/2021 11:48:27 PM : ping
5/8/2021 11:48:28 PM : ping
5/8/2021 11:48:28 PM : ping
5/8/2021 11:48:28 PM : ping
5/8/2021 11:48:29 PM : ping
5/8/2021 11:48:29 PM : ping
5/8/2021 11:48:29 PM : ping
5/8/2021 11:48:30 PM : ping
5/8/2021 11:48:30 PM : ping
5/8/2021 11:48:30 PM : ping
5/8/2021 11:48:31 PM : ping
5/8/2021 11:48:31 PM : ping
5/8/2021 11:48:31 PM : ping
5/8/2021 11:48:32 PM : ping
5/8/2021 11:48:32 PM : ping
5/8/2021 11:48:32 PM : ping
5/8/2021 11:48:33 PM : ping
5/8/2021 11:48:33 PM : ping
5/8/2021 11:48:33 PM : ping
5/8/2021 11:48:34 PM : ping
5/8/2021 11:48:34 PM : ping
5/8/2021 11:48:34 PM : ping
5/8/2021 11:48:35 PM : ping
5/8/2021 11:48:35 PM : ping
5/8/2021 11:48:35 PM : ping
5/8/2021 11:48:36 PM : kService.requestChannels.Count :19
5/8/2021 11:48:36 PM : kService.requestChannels.Count :19
5/8/2021 11:48:36 PM : ping
5/8/2021 11:48:36 PM : ping
5/8/2021 11:48:36 PM : ping
5/8/2021 11:48:37 PM : kService.requestChannels.Count :18
5/8/2021 11:48:37 PM : kService.requestChannels.Count :18
5/8/2021 11:48:37 PM : kService.requestChannels.Count :17
5/8/2021 11:48:37 PM : kService.requestChannels.Count :17
5/8/2021 11:48:37 PM : kService.requestChannels.Count :16
5/8/2021 11:48:37 PM : kService.requestChannels.Count :16
5/8/2021 11:48:37 PM : kService.requestChannels.Count :15
5/8/2021 11:48:37 PM : kService.requestChannels.Count :15
5/8/2021 11:48:38 PM : ping
5/8/2021 11:48:38 PM : ping
5/8/2021 11:48:38 PM : ping
5/8/2021 11:48:38 PM : kService.requestChannels.Count :14
5/8/2021 11:48:38 PM : kService.requestChannels.Count :14
5/8/2021 11:48:38 PM : kService.requestChannels.Count :13
5/8/2021 11:48:38 PM : kService.requestChannels.Count :13
5/8/2021 11:48:38 PM : kService.requestChannels.Count :12
5/8/2021 11:48:38 PM : kService.requestChannels.Count :12
5/8/2021 11:48:38 PM : kService.requestChannels.Count :11
5/8/2021 11:48:38 PM : kService.requestChannels.Count :11
5/8/2021 11:48:39 PM : ping
5/8/2021 11:48:39 PM : ping
5/8/2021 11:48:39 PM : kService.requestChannels.Count :10
5/8/2021 11:48:39 PM : kService.requestChannels.Count :10
5/8/2021 11:48:39 PM : ping
5/8/2021 11:48:39 PM : kService.requestChannels.Count :9
5/8/2021 11:48:39 PM : kService.requestChannels.Count :9
5/8/2021 11:48:39 PM : kService.requestChannels.Count :8
5/8/2021 11:48:39 PM : kService.requestChannels.Count :8
5/8/2021 11:48:39 PM : kService.requestChannels.Count :7
5/8/2021 11:48:39 PM : kService.requestChannels.Count :7
5/8/2021 11:48:39 PM : kService.requestChannels.Count :6
5/8/2021 11:48:39 PM : kService.requestChannels.Count :6
5/8/2021 11:48:40 PM : ping
5/8/2021 11:48:40 PM : ping
5/8/2021 11:48:40 PM : ping
5/8/2021 11:48:40 PM : kService.requestChannels.Count :5
5/8/2021 11:48:40 PM : kService.requestChannels.Count :5
5/8/2021 11:48:40 PM : kService.requestChannels.Count :4
5/8/2021 11:48:40 PM : kService.requestChannels.Count :4
5/8/2021 11:48:41 PM : kService.requestChannels.Count :3
5/8/2021 11:48:41 PM : kService.requestChannels.Count :3
5/8/2021 11:48:41 PM : ping
5/8/2021 11:48:41 PM : ping
5/8/2021 11:48:41 PM : ping
5/8/2021 11:48:41 PM : kService.requestChannels.Count :2
5/8/2021 11:48:41 PM : kService.requestChannels.Count :2
5/8/2021 11:48:42 PM : kService.requestChannels.Count :1
5/8/2021 11:48:42 PM : kService.requestChannels.Count :1
5/8/2021 11:48:42 PM : ping
5/8/2021 11:48:42 PM : ping
5/8/2021 11:48:42 PM : ping
5/8/2021 11:48:43 PM : ping
5/8/2021 11:48:43 PM : ping
5/8/2021 11:48:43 PM : ping
5/8/2021 11:48:44 PM : kService.requestChannels.Count :0
5/8/2021 11:48:44 PM : kService.requestChannels.Count :0
5/8/2021 11:48:44 PM : ping
5/8/2021 11:48:44 PM : ping
5/8/2021 11:48:44 PM : ping
5/8/2021 11:48:45 PM : ping
5/8/2021 11:48:45 PM : ping
5/8/2021 11:48:45 PM : ping
5/8/2021 11:48:46 PM : ping
5/8/2021 11:48:46 PM : ping
5/8/2021 11:48:46 PM : ping
5/8/2021 11:48:48 PM : ping
5/8/2021 11:48:48 PM : ping
5/8/2021 11:48:48 PM : ping
5/8/2021 11:48:49 PM : ping
5/8/2021 11:48:49 PM : ping
5/8/2021 11:48:49 PM : ping
5/8/2021 11:48:50 PM : ping
5/8/2021 11:48:50 PM : ping
5/8/2021 11:48:50 PM : ping
5/8/2021 11:48:51 PM : ping
5/8/2021 11:48:51 PM : ping
5/8/2021 11:48:51 PM : ping
5/8/2021 11:48:52 PM : ping
5/8/2021 11:48:52 PM : ping
5/8/2021 11:48:52 PM : ping
5/8/2021 11:48:53 PM : ping
5/8/2021 11:48:53 PM : ping
5/8/2021 11:48:53 PM : ping
5/8/2021 11:48:54 PM : ping
5/8/2021 11:48:54 PM : ping
5/8/2021 11:48:54 PM : ping
5/8/2021 11:48:55 PM : ping
5/8/2021 11:48:55 PM : ping
5/8/2021 11:48:55 PM : ping
5/8/2021 11:48:56 PM : ping
5/8/2021 11:48:56 PM : ping
5/8/2021 11:48:56 PM : ping
5/8/2021 11:48:58 PM : ping
5/8/2021 11:48:58 PM : ping
5/8/2021 11:48:58 PM : ping
5/8/2021 11:48:59 PM : ping
5/8/2021 11:48:59 PM : ping
5/8/2021 11:48:59 PM : ping
5/8/2021 11:49:00 PM : ping
5/8/2021 11:49:00 PM : ping
5/8/2021 11:49:00 PM : ping
5/8/2021 11:49:01 PM : ping
5/8/2021 11:49:01 PM : ping
5/8/2021 11:49:01 PM : ping
5/8/2021 11:49:02 PM : ping
5/8/2021 11:49:02 PM : ping
5/8/2021 11:49:02 PM : ping
5/8/2021 11:49:03 PM : ping
5/8/2021 11:49:03 PM : ping
5/8/2021 11:49:03 PM : ping
5/8/2021 11:49:04 PM : ping
5/8/2021 11:49:04 PM : ping
5/8/2021 11:49:04 PM : ping
5/8/2021 11:49:05 PM : ping
5/8/2021 11:49:05 PM : ping
5/8/2021 11:49:05 PM : ping
