log begin
..............
5/16/2021 3:46:55 PM : ping
5/16/2021 3:46:55 PM : ping
5/16/2021 3:46:55 PM : ping
5/16/2021 3:46:56 PM : ping
5/16/2021 3:46:56 PM : ping
5/16/2021 3:46:56 PM : ping
5/16/2021 3:46:57 PM : ping
5/16/2021 3:46:57 PM : ping
5/16/2021 3:46:57 PM : ping
5/16/2021 3:46:58 PM : ping
5/16/2021 3:46:58 PM : ping
5/16/2021 3:46:58 PM : ping
5/16/2021 3:46:59 PM : ping
5/16/2021 3:46:59 PM : ping
5/16/2021 3:46:59 PM : ping
5/16/2021 3:47:01 PM : ping
5/16/2021 3:47:01 PM : ping
5/16/2021 3:47:01 PM : ping
5/16/2021 3:47:02 PM : ping
5/16/2021 3:47:02 PM : ping
5/16/2021 3:47:02 PM : ping
5/16/2021 3:47:03 PM : ping
5/16/2021 3:47:03 PM : ping
5/16/2021 3:47:03 PM : ping
5/16/2021 3:47:04 PM : ping
5/16/2021 3:47:04 PM : ping
5/16/2021 3:47:04 PM : ping
5/16/2021 3:47:05 PM : ping
5/16/2021 3:47:05 PM : ping
5/16/2021 3:47:05 PM : ping
5/16/2021 3:47:06 PM : ping
5/16/2021 3:47:06 PM : ping
5/16/2021 3:47:06 PM : ping
5/16/2021 3:47:07 PM : ping
5/16/2021 3:47:07 PM : ping
5/16/2021 3:47:07 PM : ping
5/16/2021 3:47:08 PM : launch server at port: 7003
5/16/2021 3:47:08 PM : ping
5/16/2021 3:47:08 PM : ping
5/16/2021 3:47:08 PM : ping
5/16/2021 3:47:09 PM : ping
5/16/2021 3:47:09 PM : ping
5/16/2021 3:47:09 PM : ping
5/16/2021 3:47:11 PM : ping
5/16/2021 3:47:11 PM : ping
5/16/2021 3:47:11 PM : ping
5/16/2021 3:47:12 PM : ping
5/16/2021 3:47:12 PM : ping
5/16/2021 3:47:12 PM : ping
5/16/2021 3:47:13 PM : ping
5/16/2021 3:47:13 PM : ping
5/16/2021 3:47:13 PM : ping
5/16/2021 3:47:14 PM : ping
5/16/2021 3:47:14 PM : ping
5/16/2021 3:47:14 PM : ping
5/16/2021 3:47:15 PM : ping
5/16/2021 3:47:15 PM : ping
5/16/2021 3:47:15 PM : ping
5/16/2021 3:47:16 PM : ping
5/16/2021 3:47:16 PM : ping
5/16/2021 3:47:16 PM : ping
5/16/2021 3:47:17 PM : ping
5/16/2021 3:47:17 PM : ping
5/16/2021 3:47:17 PM : ping
5/16/2021 3:47:18 PM : ping
5/16/2021 3:47:18 PM : ping
5/16/2021 3:47:18 PM : ping
5/16/2021 3:47:19 PM : ping
5/16/2021 3:47:19 PM : ping
5/16/2021 3:47:19 PM : ping
5/16/2021 3:47:21 PM : ping
5/16/2021 3:47:21 PM : ping
5/16/2021 3:47:21 PM : ping
5/16/2021 3:47:22 PM : ping
5/16/2021 3:47:22 PM : ping
5/16/2021 3:47:22 PM : ping
5/16/2021 3:47:23 PM : ping
5/16/2021 3:47:23 PM : ping
5/16/2021 3:47:23 PM : ping
5/16/2021 3:47:24 PM : ping
5/16/2021 3:47:24 PM : ping
5/16/2021 3:47:24 PM : ping
5/16/2021 3:47:25 PM : ping
5/16/2021 3:47:25 PM : ping
5/16/2021 3:47:25 PM : ping
5/16/2021 3:47:26 PM : ping
5/16/2021 3:47:26 PM : ping
5/16/2021 3:47:26 PM : ping
5/16/2021 3:47:27 PM : ping
5/16/2021 3:47:27 PM : ping
5/16/2021 3:47:27 PM : ping
5/16/2021 3:47:28 PM : ping
5/16/2021 3:47:28 PM : ping
5/16/2021 3:47:28 PM : ping
5/16/2021 3:47:29 PM : ping
5/16/2021 3:47:29 PM : ping
5/16/2021 3:47:29 PM : ping
5/16/2021 3:47:31 PM : ping
5/16/2021 3:47:31 PM : ping
5/16/2021 3:47:31 PM : ping
5/16/2021 3:47:32 PM : ping
5/16/2021 3:47:32 PM : ping
5/16/2021 3:47:32 PM : ping
5/16/2021 3:47:33 PM : kService.requestChannels.Count :0
5/16/2021 3:47:33 PM : kService.requestChannels.Count :0
5/16/2021 3:47:33 PM : ping
5/16/2021 3:47:33 PM : ping
5/16/2021 3:47:33 PM : ping
5/16/2021 3:47:34 PM : ping
5/16/2021 3:47:34 PM : ping
5/16/2021 3:47:34 PM : ping
5/16/2021 3:47:35 PM : ping
5/16/2021 3:47:35 PM : ping
5/16/2021 3:47:35 PM : ping
5/16/2021 3:47:36 PM : ping
5/16/2021 3:47:36 PM : ping
5/16/2021 3:47:36 PM : ping
5/16/2021 3:47:37 PM : ping
5/16/2021 3:47:37 PM : ping
5/16/2021 3:47:37 PM : ping
5/16/2021 3:47:38 PM : ping
5/16/2021 3:47:38 PM : ping
5/16/2021 3:47:38 PM : ping
5/16/2021 3:47:39 PM : ping
5/16/2021 3:47:39 PM : ping
5/16/2021 3:47:39 PM : ping
5/16/2021 3:47:40 PM : ping
5/16/2021 3:47:40 PM : ping
5/16/2021 3:47:40 PM : ping
5/16/2021 3:47:42 PM : ping
5/16/2021 3:47:42 PM : ping
5/16/2021 3:47:42 PM : ~KChannel()
5/16/2021 3:47:42 PM : ping
5/16/2021 3:47:43 PM : ping
5/16/2021 3:47:43 PM : ping
5/16/2021 3:47:43 PM : ping
5/16/2021 3:47:44 PM : ping
5/16/2021 3:47:44 PM : ping
5/16/2021 3:47:44 PM : ping
5/16/2021 3:47:45 PM : ping
5/16/2021 3:47:45 PM : ping
5/16/2021 3:47:45 PM : ping
5/16/2021 3:47:46 PM : ping
5/16/2021 3:47:46 PM : ping
5/16/2021 3:47:46 PM : ping
5/16/2021 3:47:47 PM : ping
5/16/2021 3:47:47 PM : ping
5/16/2021 3:47:47 PM : ping
5/16/2021 3:47:48 PM : ping
5/16/2021 3:47:48 PM : ping
5/16/2021 3:47:48 PM : ping
5/16/2021 3:47:49 PM : ping
5/16/2021 3:47:49 PM : ping
5/16/2021 3:47:49 PM : ping
