log begin
..............
5/8/2021 9:12:12 AM : ping
5/8/2021 9:12:12 AM : ping
5/8/2021 9:12:12 AM : ping
5/8/2021 9:12:13 AM : ping
5/8/2021 9:12:13 AM : ping
5/8/2021 9:12:13 AM : ping
5/8/2021 9:12:15 AM : ping
5/8/2021 9:12:15 AM : ping
5/8/2021 9:12:15 AM : ping
5/8/2021 9:12:16 AM : ping
5/8/2021 9:12:16 AM : ping
5/8/2021 9:12:16 AM : ping
5/8/2021 9:12:17 AM : ping
5/8/2021 9:12:17 AM : ping
5/8/2021 9:12:17 AM : ping
5/8/2021 9:12:18 AM : ping
5/8/2021 9:12:18 AM : ping
5/8/2021 9:12:18 AM : ping
5/8/2021 9:12:19 AM : ping
5/8/2021 9:12:19 AM : ping
5/8/2021 9:12:19 AM : ping
5/8/2021 9:12:20 AM : ping
5/8/2021 9:12:20 AM : ping
5/8/2021 9:12:20 AM : ping
5/8/2021 9:12:21 AM : ping
5/8/2021 9:12:21 AM : ping
5/8/2021 9:12:21 AM : ping
5/8/2021 9:12:22 AM : ping
5/8/2021 9:12:22 AM : ping
5/8/2021 9:12:22 AM : ping
5/8/2021 9:12:23 AM : ping
5/8/2021 9:12:23 AM : ping
5/8/2021 9:12:23 AM : ping
5/8/2021 9:12:39 AM : launch server at port: 7003
5/8/2021 9:12:39 AM : launch server at port: 7004
5/8/2021 9:12:40 AM : ping
5/8/2021 9:12:40 AM : ping
5/8/2021 9:12:40 AM : ping
5/8/2021 9:12:47 AM : launch server at port: 7005
5/8/2021 9:12:47 AM : ping
5/8/2021 9:12:47 AM : ping
5/8/2021 9:12:47 AM : ping
5/8/2021 9:12:52 AM : launch server at port: 7006
5/8/2021 9:12:52 AM : ping
5/8/2021 9:12:52 AM : ping
5/8/2021 9:12:52 AM : ping
5/8/2021 9:12:53 AM : ping
5/8/2021 9:12:53 AM : ping
5/8/2021 9:12:53 AM : ping
5/8/2021 9:12:54 AM : launch server at port: 7007
5/8/2021 9:12:55 AM : ping
5/8/2021 9:12:55 AM : ping
5/8/2021 9:12:55 AM : ping
5/8/2021 9:12:56 AM : ping
5/8/2021 9:12:56 AM : ping
5/8/2021 9:12:56 AM : ping
5/8/2021 9:12:57 AM : ping
5/8/2021 9:12:57 AM : ping
5/8/2021 9:12:57 AM : ping
5/8/2021 9:12:58 AM : ping
5/8/2021 9:12:58 AM : ping
5/8/2021 9:12:58 AM : ping
5/8/2021 9:12:59 AM : ping
5/8/2021 9:12:59 AM : ping
5/8/2021 9:12:59 AM : ping
5/8/2021 9:13:00 AM : ping
5/8/2021 9:13:00 AM : ping
5/8/2021 9:13:00 AM : ping
5/8/2021 9:13:00 AM : kService.requestChannels.Count :8
5/8/2021 9:13:00 AM : kService.requestChannels.Count :8
5/8/2021 9:13:00 AM : kService.requestChannels.Count :8
5/8/2021 9:13:00 AM : kService.requestChannels.Count :8
5/8/2021 9:13:00 AM : kService.requestChannels.Count :8
5/8/2021 9:13:00 AM : kService.requestChannels.Count :8
5/8/2021 9:13:00 AM : kService.requestChannels.Count :8
5/8/2021 9:13:00 AM : kService.requestChannels.Count :8
5/8/2021 9:13:00 AM : kService.requestChannels.Count :8
5/8/2021 9:13:00 AM : kService.requestChannels.Count :8
5/8/2021 9:13:00 AM : kService.requestChannels.Count :8
5/8/2021 9:13:00 AM : kService.requestChannels.Count :8
5/8/2021 9:13:00 AM : kService.requestChannels.Count :8
5/8/2021 9:13:00 AM : kService.requestChannels.Count :8
5/8/2021 9:13:00 AM : kService.requestChannels.Count :8
5/8/2021 9:13:00 AM : kService.requestChannels.Count :8
5/8/2021 9:13:00 AM : kService.requestChannels.Count :8
5/8/2021 9:13:00 AM : kService.requestChannels.Count :8
5/8/2021 9:13:00 AM : kService.requestChannels.Count :8
5/8/2021 9:13:00 AM : kService.requestChannels.Count :7
5/8/2021 9:13:00 AM : kService.requestChannels.Count :7
5/8/2021 9:13:01 AM : ping
5/8/2021 9:13:01 AM : ping
5/8/2021 9:13:01 AM : ping
5/8/2021 9:13:02 AM : ping
5/8/2021 9:13:02 AM : ping
5/8/2021 9:13:02 AM : ping
5/8/2021 9:13:03 AM : ping
5/8/2021 9:13:03 AM : ping
5/8/2021 9:13:03 AM : ping
