log begin
..............
5/9/2021 1:03:13 AM : ping
5/9/2021 1:03:13 AM : ping
5/9/2021 1:03:13 AM : ping
5/9/2021 1:03:14 AM : ping
5/9/2021 1:03:14 AM : ping
5/9/2021 1:03:14 AM : ping
5/9/2021 1:03:15 AM : ping
5/9/2021 1:03:15 AM : ping
5/9/2021 1:03:15 AM : ping
5/9/2021 1:03:17 AM : ping
5/9/2021 1:03:17 AM : ping
5/9/2021 1:03:17 AM : ping
5/9/2021 1:03:18 AM : ping
5/9/2021 1:03:18 AM : ping
5/9/2021 1:03:18 AM : ping
5/9/2021 1:03:19 AM : ping
5/9/2021 1:03:19 AM : ping
5/9/2021 1:03:19 AM : ping
5/9/2021 1:03:20 AM : ping
5/9/2021 1:03:20 AM : ping
5/9/2021 1:03:20 AM : ping
5/9/2021 1:03:21 AM : ping
5/9/2021 1:03:21 AM : ping
5/9/2021 1:03:21 AM : ping
5/9/2021 1:03:22 AM : ping
5/9/2021 1:03:22 AM : ping
5/9/2021 1:03:22 AM : ping
5/9/2021 1:03:23 AM : ping
5/9/2021 1:03:23 AM : ping
5/9/2021 1:03:23 AM : ping
5/9/2021 1:03:24 AM : launch server at port: 7003
5/9/2021 1:03:24 AM : ping
5/9/2021 1:03:24 AM : ping
5/9/2021 1:03:24 AM : ping
5/9/2021 1:03:25 AM : launch server at port: 7004
5/9/2021 1:03:25 AM : ping
5/9/2021 1:03:25 AM : ping
5/9/2021 1:03:25 AM : ping
5/9/2021 1:03:27 AM : ping
5/9/2021 1:03:27 AM : ping
5/9/2021 1:03:27 AM : ping
5/9/2021 1:03:28 AM : ping
5/9/2021 1:03:28 AM : ping
5/9/2021 1:03:28 AM : ping
5/9/2021 1:03:29 AM : ping
5/9/2021 1:03:29 AM : ping
5/9/2021 1:03:29 AM : ping
5/9/2021 1:03:30 AM : ping
5/9/2021 1:03:30 AM : ping
5/9/2021 1:03:30 AM : ping
5/9/2021 1:03:31 AM : ping
5/9/2021 1:03:31 AM : ping
5/9/2021 1:03:31 AM : ping
5/9/2021 1:03:31 AM : launch server at port: 7005
5/9/2021 1:03:32 AM : ping
5/9/2021 1:03:32 AM : ping
5/9/2021 1:03:32 AM : ping
5/9/2021 1:03:33 AM : launch server at port: 7006
5/9/2021 1:03:33 AM : ping
5/9/2021 1:03:33 AM : ping
5/9/2021 1:03:33 AM : ping
5/9/2021 1:03:34 AM : launch server at port: 7007
5/9/2021 1:03:34 AM : ping
5/9/2021 1:03:34 AM : ping
5/9/2021 1:03:34 AM : ping
5/9/2021 1:03:35 AM : ping
5/9/2021 1:03:35 AM : ping
5/9/2021 1:03:35 AM : ping
5/9/2021 1:03:37 AM : ping
5/9/2021 1:03:37 AM : ping
5/9/2021 1:03:37 AM : ping
5/9/2021 1:03:38 AM : ping
5/9/2021 1:03:38 AM : ping
5/9/2021 1:03:38 AM : ping
5/9/2021 1:03:39 AM : ping
5/9/2021 1:03:39 AM : ping
5/9/2021 1:03:39 AM : ping
5/9/2021 1:03:40 AM : ping
5/9/2021 1:03:40 AM : ping
5/9/2021 1:03:40 AM : ping
5/9/2021 1:03:41 AM : launch server at port: 7008
5/9/2021 1:03:41 AM : ping
5/9/2021 1:03:41 AM : ping
5/9/2021 1:03:41 AM : ping
5/9/2021 1:03:41 AM : launch server at port: 7009
5/9/2021 1:03:42 AM : ping
5/9/2021 1:03:42 AM : ping
5/9/2021 1:03:42 AM : ping
5/9/2021 1:03:43 AM : ping
5/9/2021 1:03:43 AM : ping
5/9/2021 1:03:43 AM : ping
5/9/2021 1:03:44 AM : ping
5/9/2021 1:03:44 AM : ping
5/9/2021 1:03:44 AM : ping
5/9/2021 1:03:45 AM : ping
5/9/2021 1:03:45 AM : ping
5/9/2021 1:03:45 AM : ping
5/9/2021 1:03:47 AM : ping
5/9/2021 1:03:47 AM : ping
5/9/2021 1:03:47 AM : ping
5/9/2021 1:03:48 AM : ping
5/9/2021 1:03:48 AM : ping
5/9/2021 1:03:48 AM : ping
5/9/2021 1:03:49 AM : ping
5/9/2021 1:03:49 AM : ping
5/9/2021 1:03:49 AM : ping
5/9/2021 1:03:50 AM : ping
5/9/2021 1:03:50 AM : ping
5/9/2021 1:03:50 AM : ping
5/9/2021 1:03:51 AM : ping
5/9/2021 1:03:51 AM : ping
5/9/2021 1:03:51 AM : ping
5/9/2021 1:03:52 AM : ping
5/9/2021 1:03:52 AM : ping
5/9/2021 1:03:52 AM : ping
5/9/2021 1:03:53 AM : ping
5/9/2021 1:03:53 AM : ping
5/9/2021 1:03:53 AM : ping
5/9/2021 1:03:54 AM : ping
5/9/2021 1:03:54 AM : ping
5/9/2021 1:03:54 AM : ping
5/9/2021 1:03:55 AM : ping
5/9/2021 1:03:55 AM : ping
5/9/2021 1:03:55 AM : ping
5/9/2021 1:03:57 AM : ping
5/9/2021 1:03:57 AM : ping
5/9/2021 1:03:57 AM : ping
5/9/2021 1:03:58 AM : ping
5/9/2021 1:03:58 AM : ping
5/9/2021 1:03:58 AM : ping
5/9/2021 1:03:59 AM : ping
5/9/2021 1:03:59 AM : ping
5/9/2021 1:03:59 AM : ping
5/9/2021 1:04:00 AM : ping
5/9/2021 1:04:00 AM : ping
5/9/2021 1:04:00 AM : ping
5/9/2021 1:04:01 AM : ping
5/9/2021 1:04:01 AM : ping
5/9/2021 1:04:01 AM : ping
5/9/2021 1:04:02 AM : ping
5/9/2021 1:04:02 AM : ping
5/9/2021 1:04:02 AM : ping
5/9/2021 1:04:03 AM : ping
5/9/2021 1:04:03 AM : ping
5/9/2021 1:04:03 AM : ping
5/9/2021 1:04:04 AM : ping
5/9/2021 1:04:04 AM : ping
5/9/2021 1:04:04 AM : ping
5/9/2021 1:04:05 AM : ping
5/9/2021 1:04:05 AM : ping
5/9/2021 1:04:05 AM : ping
5/9/2021 1:04:07 AM : ping
5/9/2021 1:04:07 AM : ping
5/9/2021 1:04:07 AM : ping
5/9/2021 1:04:08 AM : ping
5/9/2021 1:04:08 AM : ping
5/9/2021 1:04:08 AM : ping
5/9/2021 1:04:09 AM : ping
5/9/2021 1:04:09 AM : ping
5/9/2021 1:04:09 AM : ping
5/9/2021 1:04:10 AM : ping
5/9/2021 1:04:10 AM : ping
5/9/2021 1:04:10 AM : ping
5/9/2021 1:04:11 AM : ping
5/9/2021 1:04:11 AM : ping
5/9/2021 1:04:11 AM : ping
5/9/2021 1:04:12 AM : ping
5/9/2021 1:04:12 AM : ping
5/9/2021 1:04:12 AM : ping
5/9/2021 1:04:13 AM : ping
5/9/2021 1:04:13 AM : ping
5/9/2021 1:04:13 AM : ping
5/9/2021 1:04:14 AM : ping
5/9/2021 1:04:14 AM : ping
5/9/2021 1:04:14 AM : ping
5/9/2021 1:04:15 AM : ping
5/9/2021 1:04:15 AM : ping
5/9/2021 1:04:15 AM : ping
5/9/2021 1:04:17 AM : ping
5/9/2021 1:04:17 AM : ping
5/9/2021 1:04:17 AM : ping
5/9/2021 1:04:18 AM : ping
5/9/2021 1:04:18 AM : ping
5/9/2021 1:04:18 AM : ping
5/9/2021 1:04:19 AM : ping
5/9/2021 1:04:19 AM : ping
5/9/2021 1:04:19 AM : ping
5/9/2021 1:04:20 AM : ping
5/9/2021 1:04:20 AM : ping
5/9/2021 1:04:20 AM : ping
5/9/2021 1:04:21 AM : ping
5/9/2021 1:04:21 AM : ping
5/9/2021 1:04:21 AM : ping
5/9/2021 1:04:22 AM : ping
5/9/2021 1:04:22 AM : ping
5/9/2021 1:04:22 AM : ping
5/9/2021 1:04:23 AM : ping
5/9/2021 1:04:23 AM : ping
5/9/2021 1:04:23 AM : ping
5/9/2021 1:04:24 AM : ping
5/9/2021 1:04:24 AM : ping
5/9/2021 1:04:24 AM : ping
5/9/2021 1:04:25 AM : ping
5/9/2021 1:04:25 AM : ping
5/9/2021 1:04:25 AM : ping
5/9/2021 1:04:27 AM : ping
5/9/2021 1:04:27 AM : ping
5/9/2021 1:04:27 AM : ping
5/9/2021 1:04:28 AM : ping
5/9/2021 1:04:28 AM : ping
5/9/2021 1:04:28 AM : ping
5/9/2021 1:04:29 AM : ping
5/9/2021 1:04:29 AM : ping
5/9/2021 1:04:29 AM : ping
5/9/2021 1:04:30 AM : ping
5/9/2021 1:04:30 AM : ping
5/9/2021 1:04:30 AM : ping
5/9/2021 1:04:31 AM : ping
5/9/2021 1:04:31 AM : ping
5/9/2021 1:04:31 AM : ping
5/9/2021 1:04:32 AM : ping
5/9/2021 1:04:32 AM : ping
5/9/2021 1:04:32 AM : ping
5/9/2021 1:04:33 AM : ping
5/9/2021 1:04:33 AM : ping
5/9/2021 1:04:33 AM : ping
5/9/2021 1:04:34 AM : ping
5/9/2021 1:04:34 AM : ping
5/9/2021 1:04:34 AM : ping
5/9/2021 1:04:35 AM : ping
5/9/2021 1:04:35 AM : ping
5/9/2021 1:04:35 AM : ping
5/9/2021 1:04:37 AM : ping
5/9/2021 1:04:37 AM : ping
5/9/2021 1:04:37 AM : ping
5/9/2021 1:04:38 AM : ping
5/9/2021 1:04:38 AM : ping
5/9/2021 1:04:38 AM : ping
5/9/2021 1:04:39 AM : ping
5/9/2021 1:04:39 AM : ping
5/9/2021 1:04:39 AM : ping
5/9/2021 1:04:40 AM : ping
5/9/2021 1:04:40 AM : ping
5/9/2021 1:04:40 AM : ping
5/9/2021 1:04:41 AM : ping
5/9/2021 1:04:41 AM : ping
5/9/2021 1:04:41 AM : ping
5/9/2021 1:04:42 AM : ping
5/9/2021 1:04:42 AM : ping
5/9/2021 1:04:42 AM : ping
5/9/2021 1:04:43 AM : ping
5/9/2021 1:04:43 AM : ping
5/9/2021 1:04:43 AM : ping
5/9/2021 1:04:44 AM : ping
5/9/2021 1:04:44 AM : ping
5/9/2021 1:04:44 AM : ping
5/9/2021 1:04:45 AM : ping
5/9/2021 1:04:45 AM : ping
5/9/2021 1:04:45 AM : ping
5/9/2021 1:04:46 AM : ping
5/9/2021 1:04:46 AM : ping
5/9/2021 1:04:46 AM : ping
5/9/2021 1:04:48 AM : ping
5/9/2021 1:04:48 AM : ping
5/9/2021 1:04:48 AM : ping
5/9/2021 1:04:49 AM : ping
5/9/2021 1:04:49 AM : ping
5/9/2021 1:04:49 AM : ping
5/9/2021 1:04:50 AM : ping
5/9/2021 1:04:50 AM : ping
5/9/2021 1:04:50 AM : ping
5/9/2021 1:04:51 AM : ping
5/9/2021 1:04:51 AM : ping
5/9/2021 1:04:51 AM : ping
5/9/2021 1:04:52 AM : ping
5/9/2021 1:04:52 AM : ping
5/9/2021 1:04:52 AM : ping
5/9/2021 1:04:53 AM : ping
5/9/2021 1:04:53 AM : ping
5/9/2021 1:04:53 AM : ping
5/9/2021 1:04:54 AM : ping
5/9/2021 1:04:54 AM : ping
5/9/2021 1:04:54 AM : ping
5/9/2021 1:04:55 AM : ping
5/9/2021 1:04:55 AM : ping
5/9/2021 1:04:55 AM : ping
5/9/2021 1:04:56 AM : ping
5/9/2021 1:04:56 AM : ping
5/9/2021 1:04:56 AM : ping
5/9/2021 1:04:58 AM : ping
5/9/2021 1:04:58 AM : ping
5/9/2021 1:04:58 AM : ping
5/9/2021 1:04:59 AM : ping
5/9/2021 1:04:59 AM : ping
5/9/2021 1:04:59 AM : ping
5/9/2021 1:05:00 AM : ping
5/9/2021 1:05:00 AM : ping
5/9/2021 1:05:00 AM : ping
5/9/2021 1:05:01 AM : ping
5/9/2021 1:05:01 AM : ping
5/9/2021 1:05:01 AM : ping
5/9/2021 1:05:02 AM : ping
5/9/2021 1:05:02 AM : ping
5/9/2021 1:05:02 AM : ping
5/9/2021 1:05:03 AM : ping
5/9/2021 1:05:03 AM : ping
5/9/2021 1:05:03 AM : ping
5/9/2021 1:05:04 AM : ping
5/9/2021 1:05:04 AM : ping
5/9/2021 1:05:04 AM : ping
5/9/2021 1:05:05 AM : ping
5/9/2021 1:05:05 AM : ping
5/9/2021 1:05:05 AM : ping
5/9/2021 1:05:06 AM : ping
5/9/2021 1:05:06 AM : ping
5/9/2021 1:05:06 AM : ping
5/9/2021 1:05:08 AM : ping
5/9/2021 1:05:08 AM : ping
5/9/2021 1:05:08 AM : ping
5/9/2021 1:05:09 AM : ping
5/9/2021 1:05:09 AM : ping
5/9/2021 1:05:09 AM : ping
5/9/2021 1:05:10 AM : ping
5/9/2021 1:05:10 AM : ping
5/9/2021 1:05:10 AM : ping
5/9/2021 1:05:11 AM : ping
5/9/2021 1:05:11 AM : ping
5/9/2021 1:05:11 AM : ping
5/9/2021 1:05:12 AM : ping
5/9/2021 1:05:12 AM : ping
5/9/2021 1:05:12 AM : ping
5/9/2021 1:05:13 AM : ping
5/9/2021 1:05:13 AM : ping
5/9/2021 1:05:13 AM : ping
5/9/2021 1:05:14 AM : ping
5/9/2021 1:05:14 AM : ping
5/9/2021 1:05:14 AM : ping
5/9/2021 1:05:15 AM : ping
5/9/2021 1:05:15 AM : ping
5/9/2021 1:05:15 AM : ping
5/9/2021 1:05:16 AM : ping
5/9/2021 1:05:16 AM : ping
5/9/2021 1:05:16 AM : ping
5/9/2021 1:05:18 AM : ping
5/9/2021 1:05:18 AM : ping
5/9/2021 1:05:18 AM : ping
5/9/2021 1:05:19 AM : ping
5/9/2021 1:05:19 AM : ping
5/9/2021 1:05:19 AM : ping
5/9/2021 1:05:20 AM : ping
5/9/2021 1:05:20 AM : ping
5/9/2021 1:05:20 AM : ping
5/9/2021 1:05:21 AM : ping
5/9/2021 1:05:21 AM : ping
5/9/2021 1:05:21 AM : ping
5/9/2021 1:05:22 AM : ping
5/9/2021 1:05:22 AM : ping
5/9/2021 1:05:22 AM : ping
5/9/2021 1:05:23 AM : ping
5/9/2021 1:05:23 AM : ping
5/9/2021 1:05:23 AM : ping
5/9/2021 1:05:24 AM : ping
5/9/2021 1:05:24 AM : ping
5/9/2021 1:05:24 AM : ping
5/9/2021 1:05:25 AM : ping
5/9/2021 1:05:25 AM : ping
5/9/2021 1:05:25 AM : ping
5/9/2021 1:05:26 AM : ping
5/9/2021 1:05:26 AM : ping
5/9/2021 1:05:26 AM : ping
5/9/2021 1:05:28 AM : ping
5/9/2021 1:05:28 AM : ping
5/9/2021 1:05:28 AM : ping
5/9/2021 1:05:29 AM : ping
5/9/2021 1:05:29 AM : ping
5/9/2021 1:05:29 AM : ping
5/9/2021 1:05:30 AM : ping
5/9/2021 1:05:30 AM : ping
5/9/2021 1:05:30 AM : ping
5/9/2021 1:05:31 AM : ping
5/9/2021 1:05:31 AM : ping
5/9/2021 1:05:31 AM : ping
5/9/2021 1:05:32 AM : ping
5/9/2021 1:05:32 AM : ping
5/9/2021 1:05:32 AM : ping
5/9/2021 1:05:33 AM : ping
5/9/2021 1:05:33 AM : ping
5/9/2021 1:05:33 AM : ping
5/9/2021 1:05:34 AM : ping
5/9/2021 1:05:34 AM : ping
5/9/2021 1:05:34 AM : ping
5/9/2021 1:05:35 AM : ping
5/9/2021 1:05:35 AM : ping
5/9/2021 1:05:35 AM : ping
5/9/2021 1:05:36 AM : ping
5/9/2021 1:05:36 AM : ping
5/9/2021 1:05:36 AM : ping
5/9/2021 1:05:38 AM : ping
5/9/2021 1:05:38 AM : ping
5/9/2021 1:05:38 AM : ping
5/9/2021 1:05:39 AM : ping
5/9/2021 1:05:39 AM : ping
5/9/2021 1:05:39 AM : ping
5/9/2021 1:05:40 AM : ping
5/9/2021 1:05:40 AM : ping
5/9/2021 1:05:40 AM : ping
5/9/2021 1:05:41 AM : ping
5/9/2021 1:05:41 AM : ping
5/9/2021 1:05:41 AM : ping
5/9/2021 1:05:42 AM : ping
5/9/2021 1:05:42 AM : ping
5/9/2021 1:05:42 AM : ping
5/9/2021 1:05:43 AM : ping
5/9/2021 1:05:43 AM : ping
5/9/2021 1:05:43 AM : ping
5/9/2021 1:05:44 AM : ping
5/9/2021 1:05:44 AM : ping
5/9/2021 1:05:44 AM : ping
5/9/2021 1:05:45 AM : ping
5/9/2021 1:05:45 AM : ping
5/9/2021 1:05:45 AM : ping
5/9/2021 1:05:46 AM : ping
5/9/2021 1:05:46 AM : ping
5/9/2021 1:05:46 AM : ping
5/9/2021 1:05:48 AM : ping
5/9/2021 1:05:48 AM : ping
5/9/2021 1:05:48 AM : ping
5/9/2021 1:05:49 AM : ping
5/9/2021 1:05:49 AM : ping
5/9/2021 1:05:49 AM : ping
5/9/2021 1:05:50 AM : ping
5/9/2021 1:05:50 AM : ping
5/9/2021 1:05:50 AM : ping
5/9/2021 1:05:51 AM : ping
5/9/2021 1:05:51 AM : ping
5/9/2021 1:05:51 AM : ping
5/9/2021 1:05:52 AM : ping
5/9/2021 1:05:52 AM : ping
5/9/2021 1:05:52 AM : ping
5/9/2021 1:05:53 AM : ping
5/9/2021 1:05:53 AM : ping
5/9/2021 1:05:53 AM : ping
5/9/2021 1:05:54 AM : ping
5/9/2021 1:05:54 AM : ping
5/9/2021 1:05:54 AM : ping
5/9/2021 1:05:55 AM : ping
5/9/2021 1:05:55 AM : ping
5/9/2021 1:05:55 AM : ping
5/9/2021 1:05:56 AM : ping
5/9/2021 1:05:56 AM : ping
5/9/2021 1:05:56 AM : ping
5/9/2021 1:05:58 AM : ping
5/9/2021 1:05:58 AM : ping
5/9/2021 1:05:58 AM : ping
5/9/2021 1:05:59 AM : ping
5/9/2021 1:05:59 AM : ping
5/9/2021 1:05:59 AM : ping
5/9/2021 1:06:00 AM : ping
5/9/2021 1:06:00 AM : ping
5/9/2021 1:06:00 AM : ping
5/9/2021 1:06:01 AM : ping
5/9/2021 1:06:01 AM : ping
5/9/2021 1:06:01 AM : ping
5/9/2021 1:06:02 AM : ping
5/9/2021 1:06:02 AM : ping
5/9/2021 1:06:02 AM : ping
5/9/2021 1:06:03 AM : ping
5/9/2021 1:06:03 AM : ping
5/9/2021 1:06:03 AM : ping
5/9/2021 1:06:04 AM : ping
5/9/2021 1:06:04 AM : ping
5/9/2021 1:06:04 AM : ping
5/9/2021 1:06:05 AM : ping
5/9/2021 1:06:05 AM : ping
5/9/2021 1:06:05 AM : ping
5/9/2021 1:06:06 AM : ping
5/9/2021 1:06:06 AM : ping
5/9/2021 1:06:06 AM : ping
5/9/2021 1:06:08 AM : ping
5/9/2021 1:06:08 AM : ping
5/9/2021 1:06:08 AM : ping
5/9/2021 1:06:44 AM : ping
5/9/2021 1:06:44 AM : ping
5/9/2021 1:06:44 AM : ping
5/9/2021 1:06:45 AM : ping
5/9/2021 1:06:45 AM : ping
5/9/2021 1:06:45 AM : ping
5/9/2021 1:06:46 AM : ping
5/9/2021 1:06:46 AM : ping
5/9/2021 1:06:46 AM : ping
5/9/2021 1:06:47 AM : ping
5/9/2021 1:06:47 AM : ping
5/9/2021 1:06:47 AM : ping
5/9/2021 1:06:48 AM : ping
5/9/2021 1:06:48 AM : ping
5/9/2021 1:06:48 AM : ping
5/9/2021 1:06:49 AM : ping
5/9/2021 1:06:49 AM : ping
5/9/2021 1:06:49 AM : ping
5/9/2021 1:06:50 AM : ping
5/9/2021 1:06:50 AM : ping
5/9/2021 1:06:50 AM : ping
5/9/2021 1:06:51 AM : ping
5/9/2021 1:06:51 AM : ping
5/9/2021 1:06:51 AM : ping
5/9/2021 1:06:52 AM : ping
5/9/2021 1:06:52 AM : ping
5/9/2021 1:06:52 AM : ping
5/9/2021 1:06:54 AM : ping
5/9/2021 1:06:54 AM : ping
5/9/2021 1:06:54 AM : ping
5/9/2021 1:06:55 AM : ping
5/9/2021 1:06:55 AM : ping
5/9/2021 1:06:55 AM : ping
5/9/2021 1:06:56 AM : ping
5/9/2021 1:06:56 AM : ping
5/9/2021 1:06:56 AM : ping
5/9/2021 1:06:57 AM : ping
5/9/2021 1:06:57 AM : ping
5/9/2021 1:06:57 AM : ping
5/9/2021 1:06:58 AM : ping
5/9/2021 1:06:58 AM : ping
5/9/2021 1:06:58 AM : ping
5/9/2021 1:06:59 AM : ping
5/9/2021 1:06:59 AM : ping
5/9/2021 1:06:59 AM : ping
5/9/2021 1:07:00 AM : ping
5/9/2021 1:07:00 AM : ping
5/9/2021 1:07:00 AM : ping
5/9/2021 1:07:01 AM : ping
5/9/2021 1:07:01 AM : ping
5/9/2021 1:07:01 AM : ping
5/9/2021 1:07:02 AM : ping
5/9/2021 1:07:02 AM : ping
5/9/2021 1:07:02 AM : ping
5/9/2021 1:08:07 AM : ping
5/9/2021 1:08:07 AM : ping
5/9/2021 1:08:07 AM : ping
5/9/2021 1:08:08 AM : ping
5/9/2021 1:08:08 AM : ping
5/9/2021 1:08:08 AM : ping
5/9/2021 1:08:23 AM : ping
5/9/2021 1:08:23 AM : ping
5/9/2021 1:08:23 AM : ping
5/9/2021 1:08:24 AM : ping
5/9/2021 1:08:24 AM : ping
5/9/2021 1:08:24 AM : ping
5/9/2021 1:08:26 AM : ping
5/9/2021 1:08:26 AM : ping
5/9/2021 1:08:26 AM : ping
5/9/2021 1:08:27 AM : ping
5/9/2021 1:08:27 AM : ping
5/9/2021 1:08:27 AM : ping
5/9/2021 1:08:27 AM : launch server at port: 7010
5/9/2021 1:08:28 AM : ping
5/9/2021 1:08:28 AM : ping
5/9/2021 1:08:28 AM : ping
5/9/2021 1:08:29 AM : ping
5/9/2021 1:08:29 AM : ping
5/9/2021 1:08:29 AM : ping
5/9/2021 1:08:30 AM : ping
5/9/2021 1:08:30 AM : ping
5/9/2021 1:08:30 AM : ping
5/9/2021 1:08:31 AM : ping
5/9/2021 1:08:31 AM : ping
5/9/2021 1:08:31 AM : ping
5/9/2021 1:08:31 AM : kService.requestChannels.Count :35
5/9/2021 1:08:31 AM : kService.requestChannels.Count :35
5/9/2021 1:08:31 AM : kService.requestChannels.Count :35
5/9/2021 1:08:31 AM : kService.requestChannels.Count :35
5/9/2021 1:08:31 AM : kService.requestChannels.Count :35
5/9/2021 1:08:31 AM : kService.requestChannels.Count :35
5/9/2021 1:08:31 AM : kService.requestChannels.Count :35
5/9/2021 1:08:31 AM : kService.requestChannels.Count :35
5/9/2021 1:08:31 AM : kService.requestChannels.Count :35
5/9/2021 1:08:31 AM : kService.requestChannels.Count :35
5/9/2021 1:08:31 AM : kService.requestChannels.Count :35
5/9/2021 1:08:31 AM : kService.requestChannels.Count :35
5/9/2021 1:08:31 AM : kService.requestChannels.Count :35
5/9/2021 1:08:31 AM : kService.requestChannels.Count :35
5/9/2021 1:08:31 AM : kService.requestChannels.Count :35
5/9/2021 1:08:31 AM : kService.requestChannels.Count :35
5/9/2021 1:08:31 AM : kService.requestChannels.Count :35
5/9/2021 1:08:31 AM : kService.requestChannels.Count :35
5/9/2021 1:08:31 AM : kService.requestChannels.Count :35
5/9/2021 1:08:31 AM : kService.requestChannels.Count :35
5/9/2021 1:08:31 AM : kService.requestChannels.Count :35
5/9/2021 1:08:31 AM : kService.requestChannels.Count :35
5/9/2021 1:08:31 AM : kService.requestChannels.Count :35
5/9/2021 1:08:31 AM : kService.requestChannels.Count :35
5/9/2021 1:08:31 AM : kService.requestChannels.Count :35
5/9/2021 1:08:31 AM : kService.requestChannels.Count :35
5/9/2021 1:08:31 AM : kService.requestChannels.Count :35
5/9/2021 1:08:31 AM : kService.requestChannels.Count :35
5/9/2021 1:08:31 AM : kService.requestChannels.Count :35
5/9/2021 1:08:31 AM : kService.requestChannels.Count :35
5/9/2021 1:08:31 AM : kService.requestChannels.Count :35
5/9/2021 1:08:31 AM : kService.requestChannels.Count :35
5/9/2021 1:08:31 AM : kService.requestChannels.Count :35
5/9/2021 1:08:31 AM : kService.requestChannels.Count :35
5/9/2021 1:08:31 AM : kService.requestChannels.Count :35
5/9/2021 1:08:32 AM : ping
5/9/2021 1:08:32 AM : ping
5/9/2021 1:08:32 AM : ping
5/9/2021 1:08:33 AM : ping
5/9/2021 1:08:33 AM : ping
5/9/2021 1:08:33 AM : ping
5/9/2021 1:08:34 AM : ping
5/9/2021 1:08:34 AM : ping
5/9/2021 1:08:34 AM : ping
5/9/2021 1:08:36 AM : ping
5/9/2021 1:08:36 AM : ping
5/9/2021 1:08:36 AM : ping
5/9/2021 1:08:37 AM : ping
5/9/2021 1:08:37 AM : ping
5/9/2021 1:08:37 AM : ping
5/9/2021 1:08:38 AM : ping
5/9/2021 1:08:38 AM : ping
5/9/2021 1:08:38 AM : ping
5/9/2021 1:08:39 AM : ping
5/9/2021 1:08:39 AM : ping
5/9/2021 1:08:39 AM : ping
5/9/2021 1:08:40 AM : ping
5/9/2021 1:08:40 AM : ping
5/9/2021 1:08:40 AM : ping
5/9/2021 1:08:41 AM : ping
5/9/2021 1:08:41 AM : ping
5/9/2021 1:08:41 AM : ping
5/9/2021 1:08:42 AM : ping
5/9/2021 1:08:42 AM : ping
5/9/2021 1:08:42 AM : ping
5/9/2021 1:08:43 AM : ping
5/9/2021 1:08:43 AM : ping
5/9/2021 1:08:43 AM : ping
5/9/2021 1:08:44 AM : ping
5/9/2021 1:08:44 AM : ping
5/9/2021 1:08:44 AM : ping
5/9/2021 1:08:46 AM : ping
5/9/2021 1:08:46 AM : ping
5/9/2021 1:08:46 AM : ping
5/9/2021 1:08:47 AM : ping
5/9/2021 1:08:47 AM : ping
5/9/2021 1:08:47 AM : ping
5/9/2021 1:08:48 AM : ping
5/9/2021 1:08:48 AM : ping
5/9/2021 1:08:48 AM : ping
5/9/2021 1:08:49 AM : ping
5/9/2021 1:08:49 AM : ping
5/9/2021 1:08:49 AM : ping
5/9/2021 1:08:50 AM : ping
5/9/2021 1:08:50 AM : ping
5/9/2021 1:08:50 AM : ping
5/9/2021 1:08:51 AM : ping
5/9/2021 1:08:51 AM : ping
5/9/2021 1:08:51 AM : ping
5/9/2021 1:08:52 AM : ping
5/9/2021 1:08:52 AM : ping
5/9/2021 1:08:52 AM : ping
5/9/2021 1:08:53 AM : ping
5/9/2021 1:08:53 AM : ping
5/9/2021 1:08:53 AM : ping
5/9/2021 1:08:54 AM : ping
5/9/2021 1:08:54 AM : ping
5/9/2021 1:08:54 AM : ping
5/9/2021 1:08:56 AM : ping
5/9/2021 1:08:56 AM : ping
5/9/2021 1:08:56 AM : ping
5/9/2021 1:08:57 AM : ping
5/9/2021 1:08:57 AM : ping
5/9/2021 1:08:57 AM : ping
5/9/2021 1:08:58 AM : ping
5/9/2021 1:08:58 AM : ping
5/9/2021 1:08:58 AM : ping
5/9/2021 1:08:59 AM : ping
5/9/2021 1:08:59 AM : ping
5/9/2021 1:08:59 AM : ping
5/9/2021 1:09:00 AM : ping
5/9/2021 1:09:00 AM : ping
5/9/2021 1:09:00 AM : ping
5/9/2021 1:09:01 AM : ping
5/9/2021 1:09:01 AM : ping
5/9/2021 1:09:01 AM : ping
5/9/2021 1:09:02 AM : ping
5/9/2021 1:09:02 AM : ping
5/9/2021 1:09:02 AM : ping
5/9/2021 1:09:03 AM : ping
5/9/2021 1:09:03 AM : ping
5/9/2021 1:09:03 AM : ping
5/9/2021 1:09:04 AM : ping
5/9/2021 1:09:04 AM : ping
5/9/2021 1:09:04 AM : ping
5/9/2021 1:09:06 AM : ping
5/9/2021 1:09:06 AM : ping
5/9/2021 1:09:06 AM : ping
5/9/2021 1:09:07 AM : ping
5/9/2021 1:09:07 AM : ping
5/9/2021 1:09:07 AM : ping
5/9/2021 1:09:08 AM : ping
5/9/2021 1:09:08 AM : ping
5/9/2021 1:09:08 AM : ping
5/9/2021 1:09:08 AM : kService.requestChannels.Count :34
5/9/2021 1:09:08 AM : kService.requestChannels.Count :34
5/9/2021 1:09:09 AM : kService.requestChannels.Count :33
5/9/2021 1:09:09 AM : kService.requestChannels.Count :33
5/9/2021 1:09:09 AM : ping
5/9/2021 1:09:09 AM : ping
5/9/2021 1:09:09 AM : ping
5/9/2021 1:09:09 AM : kService.requestChannels.Count :32
5/9/2021 1:09:09 AM : kService.requestChannels.Count :32
5/9/2021 1:09:09 AM : kService.requestChannels.Count :31
5/9/2021 1:09:09 AM : kService.requestChannels.Count :31
5/9/2021 1:09:10 AM : kService.requestChannels.Count :30
5/9/2021 1:09:10 AM : kService.requestChannels.Count :30
5/9/2021 1:09:10 AM : kService.requestChannels.Count :29
5/9/2021 1:09:10 AM : kService.requestChannels.Count :29
5/9/2021 1:09:10 AM : ping
5/9/2021 1:09:10 AM : ping
5/9/2021 1:09:10 AM : ping
5/9/2021 1:09:10 AM : kService.requestChannels.Count :28
5/9/2021 1:09:10 AM : kService.requestChannels.Count :28
5/9/2021 1:09:11 AM : kService.requestChannels.Count :27
5/9/2021 1:09:11 AM : kService.requestChannels.Count :27
5/9/2021 1:09:11 AM : ping
5/9/2021 1:09:11 AM : ping
5/9/2021 1:09:11 AM : ping
5/9/2021 1:09:11 AM : kService.requestChannels.Count :26
5/9/2021 1:09:11 AM : kService.requestChannels.Count :26
5/9/2021 1:09:12 AM : kService.requestChannels.Count :25
5/9/2021 1:09:12 AM : kService.requestChannels.Count :25
5/9/2021 1:09:12 AM : kService.requestChannels.Count :24
5/9/2021 1:09:12 AM : kService.requestChannels.Count :24
5/9/2021 1:09:12 AM : ping
5/9/2021 1:09:12 AM : ping
5/9/2021 1:09:12 AM : ping
5/9/2021 1:09:12 AM : kService.requestChannels.Count :23
5/9/2021 1:09:12 AM : kService.requestChannels.Count :23
5/9/2021 1:09:13 AM : kService.requestChannels.Count :22
5/9/2021 1:09:13 AM : kService.requestChannels.Count :22
5/9/2021 1:09:13 AM : kService.requestChannels.Count :21
5/9/2021 1:09:13 AM : kService.requestChannels.Count :21
5/9/2021 1:09:13 AM : kService.requestChannels.Count :20
5/9/2021 1:09:13 AM : kService.requestChannels.Count :20
5/9/2021 1:09:13 AM : kService.requestChannels.Count :19
5/9/2021 1:09:13 AM : kService.requestChannels.Count :19
5/9/2021 1:09:13 AM : ping
5/9/2021 1:09:13 AM : ping
5/9/2021 1:09:13 AM : ping
5/9/2021 1:09:13 AM : kService.requestChannels.Count :18
5/9/2021 1:09:13 AM : kService.requestChannels.Count :18
5/9/2021 1:09:14 AM : kService.requestChannels.Count :17
5/9/2021 1:09:14 AM : kService.requestChannels.Count :17
5/9/2021 1:09:14 AM : kService.requestChannels.Count :16
5/9/2021 1:09:14 AM : kService.requestChannels.Count :16
5/9/2021 1:09:14 AM : kService.requestChannels.Count :15
5/9/2021 1:09:14 AM : kService.requestChannels.Count :15
5/9/2021 1:09:14 AM : kService.requestChannels.Count :14
5/9/2021 1:09:14 AM : kService.requestChannels.Count :14
5/9/2021 1:09:14 AM : ping
5/9/2021 1:09:14 AM : ping
5/9/2021 1:09:14 AM : ping
5/9/2021 1:09:15 AM : kService.requestChannels.Count :13
5/9/2021 1:09:15 AM : kService.requestChannels.Count :13
5/9/2021 1:09:16 AM : ping
5/9/2021 1:09:16 AM : ping
5/9/2021 1:09:16 AM : ping
5/9/2021 1:09:16 AM : kService.requestChannels.Count :13
5/9/2021 1:09:16 AM : kService.requestChannels.Count :12
5/9/2021 1:09:16 AM : kService.requestChannels.Count :12
5/9/2021 1:09:16 AM : kService.requestChannels.Count :11
5/9/2021 1:09:16 AM : kService.requestChannels.Count :11
5/9/2021 1:09:16 AM : kService.requestChannels.Count :10
5/9/2021 1:09:16 AM : kService.requestChannels.Count :10
5/9/2021 1:09:16 AM : kService.requestChannels.Count :9
5/9/2021 1:09:16 AM : kService.requestChannels.Count :9
5/9/2021 1:09:17 AM : ping
5/9/2021 1:09:17 AM : ping
5/9/2021 1:09:17 AM : ping
5/9/2021 1:09:17 AM : kService.requestChannels.Count :8
5/9/2021 1:09:17 AM : kService.requestChannels.Count :8
5/9/2021 1:09:17 AM : kService.requestChannels.Count :7
5/9/2021 1:09:17 AM : kService.requestChannels.Count :7
5/9/2021 1:09:18 AM : kService.requestChannels.Count :6
5/9/2021 1:09:18 AM : kService.requestChannels.Count :6
5/9/2021 1:09:18 AM : ping
5/9/2021 1:09:18 AM : ping
5/9/2021 1:09:18 AM : ping
5/9/2021 1:09:18 AM : kService.requestChannels.Count :5
5/9/2021 1:09:18 AM : kService.requestChannels.Count :5
5/9/2021 1:09:18 AM : kService.requestChannels.Count :4
5/9/2021 1:09:18 AM : kService.requestChannels.Count :4
5/9/2021 1:09:19 AM : kService.requestChannels.Count :3
5/9/2021 1:09:19 AM : kService.requestChannels.Count :3
5/9/2021 1:09:19 AM : ping
5/9/2021 1:09:19 AM : ping
5/9/2021 1:09:19 AM : ping
5/9/2021 1:09:19 AM : kService.requestChannels.Count :2
5/9/2021 1:09:19 AM : kService.requestChannels.Count :2
5/9/2021 1:09:19 AM : kService.requestChannels.Count :1
5/9/2021 1:09:19 AM : kService.requestChannels.Count :1
5/9/2021 1:09:20 AM : kService.requestChannels.Count :0
5/9/2021 1:09:20 AM : kService.requestChannels.Count :0
5/9/2021 1:09:20 AM : ping
5/9/2021 1:09:20 AM : ping
5/9/2021 1:09:20 AM : ping
5/9/2021 1:09:21 AM : ping
5/9/2021 1:09:21 AM : ping
5/9/2021 1:09:21 AM : ping
5/9/2021 1:09:22 AM : ping
5/9/2021 1:09:22 AM : ping
5/9/2021 1:09:22 AM : ping
5/9/2021 1:09:23 AM : ping
5/9/2021 1:09:23 AM : ping
5/9/2021 1:09:23 AM : ping
5/9/2021 1:09:24 AM : ping
5/9/2021 1:09:24 AM : ping
5/9/2021 1:09:24 AM : ping
5/9/2021 1:09:26 AM : ping
5/9/2021 1:09:26 AM : ping
5/9/2021 1:09:26 AM : ping
5/9/2021 1:09:27 AM : ping
5/9/2021 1:09:27 AM : ping
5/9/2021 1:09:27 AM : ping
5/9/2021 1:09:28 AM : ping
5/9/2021 1:09:28 AM : ping
5/9/2021 1:09:28 AM : ping
5/9/2021 1:09:29 AM : ping
5/9/2021 1:09:29 AM : ping
5/9/2021 1:09:29 AM : ping
5/9/2021 1:09:30 AM : ping
5/9/2021 1:09:30 AM : ping
5/9/2021 1:09:30 AM : ping
5/9/2021 1:09:31 AM : ping
5/9/2021 1:09:31 AM : ping
5/9/2021 1:09:31 AM : ping
