log begin
..............
5/15/2021 1:25:17 AM : ping
5/15/2021 1:25:17 AM : ping
5/15/2021 1:25:17 AM : ping
5/15/2021 1:25:18 AM : ping
5/15/2021 1:25:18 AM : ping
5/15/2021 1:25:18 AM : ping
5/15/2021 1:25:19 AM : ping
5/15/2021 1:25:19 AM : ping
5/15/2021 1:25:19 AM : ping
5/15/2021 1:25:20 AM : ping
5/15/2021 1:25:20 AM : ping
5/15/2021 1:25:20 AM : ping
5/15/2021 1:25:22 AM : ping
5/15/2021 1:25:22 AM : ping
5/15/2021 1:25:22 AM : ping
5/15/2021 1:25:23 AM : ping
5/15/2021 1:25:23 AM : ping
5/15/2021 1:25:23 AM : ping
5/15/2021 1:25:24 AM : ping
5/15/2021 1:25:24 AM : ping
5/15/2021 1:25:24 AM : ping
5/15/2021 1:25:25 AM : ping
5/15/2021 1:25:25 AM : ping
5/15/2021 1:25:25 AM : ping
5/15/2021 1:25:26 AM : ping
5/15/2021 1:25:26 AM : ping
5/15/2021 1:25:26 AM : ping
5/15/2021 1:25:27 AM : ping
5/15/2021 1:25:27 AM : ping
5/15/2021 1:25:27 AM : ping
5/15/2021 1:25:28 AM : ping
5/15/2021 1:25:28 AM : ping
5/15/2021 1:25:28 AM : ping
5/15/2021 1:25:29 AM : ping
5/15/2021 1:25:29 AM : ping
5/15/2021 1:25:29 AM : ping
5/15/2021 1:25:30 AM : ping
5/15/2021 1:25:30 AM : ping
5/15/2021 1:25:30 AM : ping
5/15/2021 1:25:31 AM : ping
5/15/2021 1:25:31 AM : ping
5/15/2021 1:25:32 AM : ping
5/15/2021 1:25:33 AM : ping
5/15/2021 1:25:33 AM : ping
5/15/2021 1:25:33 AM : ping
5/15/2021 1:25:34 AM : ping
5/15/2021 1:25:34 AM : ping
5/15/2021 1:25:34 AM : ping
5/15/2021 1:25:35 AM : ping
5/15/2021 1:25:35 AM : ping
5/15/2021 1:25:35 AM : ping
5/15/2021 1:25:36 AM : ping
5/15/2021 1:25:36 AM : ping
5/15/2021 1:25:36 AM : ping
5/15/2021 1:25:37 AM : ping
5/15/2021 1:25:37 AM : ping
5/15/2021 1:25:37 AM : ping
5/15/2021 1:25:38 AM : ping
5/15/2021 1:25:38 AM : ping
5/15/2021 1:25:38 AM : ping
5/15/2021 1:25:39 AM : ping
5/15/2021 1:25:39 AM : ping
5/15/2021 1:25:39 AM : ping
5/15/2021 1:25:40 AM : ping
5/15/2021 1:25:40 AM : ping
5/15/2021 1:25:40 AM : ping
5/15/2021 1:25:41 AM : ping
5/15/2021 1:25:41 AM : ping
5/15/2021 1:25:41 AM : ping
5/15/2021 1:25:43 AM : ping
5/15/2021 1:25:43 AM : ping
5/15/2021 1:25:43 AM : ping
5/15/2021 1:25:44 AM : ping
5/15/2021 1:25:44 AM : ping
5/15/2021 1:25:44 AM : ping
5/15/2021 1:25:45 AM : ping
5/15/2021 1:25:45 AM : ping
5/15/2021 1:25:45 AM : ping
5/15/2021 1:25:46 AM : ping
5/15/2021 1:25:46 AM : ping
5/15/2021 1:25:46 AM : ping
5/15/2021 1:25:47 AM : ping
5/15/2021 1:25:47 AM : ping
5/15/2021 1:25:47 AM : ping
5/15/2021 1:25:48 AM : ping
5/15/2021 1:25:48 AM : ping
5/15/2021 1:25:48 AM : ping
5/15/2021 1:25:49 AM : ping
5/15/2021 1:25:49 AM : ping
5/15/2021 1:25:49 AM : ping
5/15/2021 1:25:50 AM : ping
5/15/2021 1:25:50 AM : ping
5/15/2021 1:25:50 AM : ping
5/15/2021 1:25:51 AM : ping
5/15/2021 1:25:51 AM : ping
5/15/2021 1:25:51 AM : ping
5/15/2021 1:25:53 AM : ping
5/15/2021 1:25:53 AM : ping
5/15/2021 1:25:53 AM : ping
5/15/2021 1:25:54 AM : ping
5/15/2021 1:25:54 AM : ping
5/15/2021 1:25:54 AM : ping
5/15/2021 1:25:55 AM : ping
5/15/2021 1:25:55 AM : ping
5/15/2021 1:25:55 AM : ping
5/15/2021 1:25:56 AM : ping
5/15/2021 1:25:56 AM : ping
5/15/2021 1:25:56 AM : ping
5/15/2021 1:25:57 AM : ping
5/15/2021 1:25:57 AM : ping
5/15/2021 1:25:57 AM : ping
5/15/2021 1:25:58 AM : ping
5/15/2021 1:25:58 AM : ping
5/15/2021 1:25:58 AM : ping
5/15/2021 1:25:59 AM : ping
5/15/2021 1:25:59 AM : ping
5/15/2021 1:25:59 AM : ping
5/15/2021 1:26:00 AM : ping
5/15/2021 1:26:00 AM : ping
5/15/2021 1:26:00 AM : ping
5/15/2021 1:26:01 AM : ping
5/15/2021 1:26:01 AM : ping
5/15/2021 1:26:01 AM : ping
5/15/2021 1:26:02 AM : ping
5/15/2021 1:26:02 AM : ping
5/15/2021 1:26:03 AM : ping
5/15/2021 1:26:04 AM : ping
5/15/2021 1:26:04 AM : ping
5/15/2021 1:26:04 AM : ping
5/15/2021 1:26:05 AM : ping
5/15/2021 1:26:05 AM : ping
5/15/2021 1:26:05 AM : ping
5/15/2021 1:26:06 AM : ping
5/15/2021 1:26:06 AM : ping
5/15/2021 1:26:06 AM : ping
5/15/2021 1:26:07 AM : ping
5/15/2021 1:26:07 AM : ping
5/15/2021 1:26:07 AM : ping
5/15/2021 1:26:08 AM : ping
5/15/2021 1:26:08 AM : ping
5/15/2021 1:26:08 AM : ping
5/15/2021 1:26:09 AM : ping
5/15/2021 1:26:09 AM : ping
5/15/2021 1:26:09 AM : ping
5/15/2021 1:26:10 AM : ping
5/15/2021 1:26:10 AM : ping
5/15/2021 1:26:10 AM : ping
5/15/2021 1:26:11 AM : ping
5/15/2021 1:26:11 AM : ping
5/15/2021 1:26:11 AM : ping
5/15/2021 1:26:12 AM : ping
5/15/2021 1:26:12 AM : ping
5/15/2021 1:26:12 AM : ping
5/15/2021 1:26:14 AM : ping
5/15/2021 1:26:14 AM : ping
5/15/2021 1:26:14 AM : ping
5/15/2021 1:26:15 AM : ping
5/15/2021 1:26:15 AM : ping
5/15/2021 1:26:15 AM : ping
5/15/2021 1:26:16 AM : ping
5/15/2021 1:26:16 AM : ping
5/15/2021 1:26:16 AM : ping
5/15/2021 1:26:17 AM : ping
5/15/2021 1:26:17 AM : ping
5/15/2021 1:26:17 AM : ping
5/15/2021 1:26:18 AM : ping
5/15/2021 1:26:18 AM : ping
5/15/2021 1:26:18 AM : ping
5/15/2021 1:26:19 AM : ping
5/15/2021 1:26:19 AM : ping
5/15/2021 1:26:19 AM : ping
5/15/2021 1:26:20 AM : ping
5/15/2021 1:26:20 AM : ping
5/15/2021 1:26:20 AM : ping
5/15/2021 1:26:21 AM : ping
5/15/2021 1:26:21 AM : ping
5/15/2021 1:26:21 AM : ping
5/15/2021 1:26:22 AM : ping
5/15/2021 1:26:22 AM : ping
5/15/2021 1:26:22 AM : ping
5/15/2021 1:26:24 AM : ping
5/15/2021 1:26:24 AM : ping
5/15/2021 1:26:24 AM : ping
5/15/2021 1:26:25 AM : ping
5/15/2021 1:26:25 AM : ping
5/15/2021 1:26:25 AM : ping
5/15/2021 1:26:26 AM : ping
5/15/2021 1:26:26 AM : ping
5/15/2021 1:26:26 AM : ping
5/15/2021 1:26:27 AM : ping
5/15/2021 1:26:27 AM : ping
5/15/2021 1:26:27 AM : ping
5/15/2021 1:26:28 AM : ping
5/15/2021 1:26:28 AM : ping
5/15/2021 1:26:28 AM : ping
5/15/2021 1:26:29 AM : ping
5/15/2021 1:26:29 AM : ping
5/15/2021 1:26:29 AM : ping
5/15/2021 1:26:30 AM : ping
5/15/2021 1:26:30 AM : ping
5/15/2021 1:26:30 AM : ping
5/15/2021 1:26:31 AM : ping
5/15/2021 1:26:31 AM : ping
5/15/2021 1:26:31 AM : ping
5/15/2021 1:26:32 AM : ping
5/15/2021 1:26:32 AM : ping
5/15/2021 1:26:32 AM : ping
5/15/2021 1:26:33 AM : ping
5/15/2021 1:26:33 AM : ping
5/15/2021 1:26:34 AM : ping
5/15/2021 1:26:35 AM : ping
5/15/2021 1:26:35 AM : ping
5/15/2021 1:26:35 AM : ping
5/15/2021 1:26:36 AM : ping
5/15/2021 1:26:36 AM : ping
5/15/2021 1:26:36 AM : ping
5/15/2021 1:26:37 AM : ping
5/15/2021 1:26:37 AM : ping
5/15/2021 1:26:37 AM : ping
5/15/2021 1:26:37 AM : kService.requestChannels.Count :2
5/15/2021 1:26:37 AM : kService.requestChannels.Count :2
5/15/2021 1:26:38 AM : ping
5/15/2021 1:26:38 AM : ping
5/15/2021 1:26:38 AM : ping
5/15/2021 1:26:39 AM : ping
5/15/2021 1:26:39 AM : ping
5/15/2021 1:26:39 AM : ping
5/15/2021 1:26:40 AM : ping
5/15/2021 1:26:40 AM : ping
5/15/2021 1:26:40 AM : ping
5/15/2021 1:26:41 AM : ping
5/15/2021 1:26:41 AM : ping
5/15/2021 1:26:41 AM : ping
5/15/2021 1:26:42 AM : ping
5/15/2021 1:26:42 AM : ping
5/15/2021 1:26:42 AM : ping
5/15/2021 1:26:43 AM : ping
5/15/2021 1:26:43 AM : ping
5/15/2021 1:26:43 AM : ping
5/15/2021 1:26:45 AM : ping
5/15/2021 1:26:45 AM : ping
5/15/2021 1:26:45 AM : ping
5/15/2021 1:26:46 AM : ping
5/15/2021 1:26:46 AM : ping
5/15/2021 1:26:46 AM : ping
5/15/2021 1:26:47 AM : ping
5/15/2021 1:26:47 AM : ping
5/15/2021 1:26:47 AM : ping
5/15/2021 1:26:48 AM : ping
5/15/2021 1:26:48 AM : ping
5/15/2021 1:26:48 AM : ping
5/15/2021 1:26:49 AM : ping
5/15/2021 1:26:49 AM : ping
5/15/2021 1:26:49 AM : ping
5/15/2021 1:26:50 AM : ping
5/15/2021 1:26:50 AM : ping
5/15/2021 1:26:50 AM : ping
5/15/2021 1:26:51 AM : ping
5/15/2021 1:26:51 AM : ping
5/15/2021 1:26:51 AM : ping
5/15/2021 1:26:52 AM : ping
5/15/2021 1:26:52 AM : ping
5/15/2021 1:26:52 AM : ping
5/15/2021 1:26:53 AM : ping
5/15/2021 1:26:53 AM : ping
5/15/2021 1:26:53 AM : ping
5/15/2021 1:26:55 AM : ping
5/15/2021 1:26:55 AM : ping
5/15/2021 1:26:55 AM : ping
5/15/2021 1:26:55 AM : kService.requestChannels.Count :1
5/15/2021 1:26:55 AM : kService.requestChannels.Count :1
5/15/2021 1:26:56 AM : ping
5/15/2021 1:26:56 AM : ping
5/15/2021 1:26:56 AM : ping
5/15/2021 1:26:57 AM : ping
5/15/2021 1:26:57 AM : ping
5/15/2021 1:26:57 AM : ping
5/15/2021 1:26:58 AM : ping
5/15/2021 1:26:58 AM : ping
5/15/2021 1:26:58 AM : ping
5/15/2021 1:26:59 AM : ping
5/15/2021 1:26:59 AM : ping
5/15/2021 1:26:59 AM : ping
5/15/2021 1:27:00 AM : ping
5/15/2021 1:27:00 AM : ping
5/15/2021 1:27:00 AM : ping
5/15/2021 1:27:01 AM : ping
5/15/2021 1:27:01 AM : ping
5/15/2021 1:27:01 AM : ping
5/15/2021 1:27:02 AM : ping
5/15/2021 1:27:02 AM : ping
5/15/2021 1:27:02 AM : ping
5/15/2021 1:27:03 AM : ping
5/15/2021 1:27:03 AM : ping
5/15/2021 1:27:03 AM : ping
5/15/2021 1:27:04 AM : ping
5/15/2021 1:27:04 AM : ping
5/15/2021 1:27:04 AM : ~KChannel()
5/15/2021 1:27:05 AM : ping
5/15/2021 1:27:06 AM : ping
5/15/2021 1:27:06 AM : ping
5/15/2021 1:27:06 AM : ping
5/15/2021 1:27:07 AM : ping
5/15/2021 1:27:07 AM : ping
5/15/2021 1:27:07 AM : ping
5/15/2021 1:27:08 AM : ping
5/15/2021 1:27:08 AM : ping
5/15/2021 1:27:08 AM : ping
5/15/2021 1:27:09 AM : ping
5/15/2021 1:27:09 AM : ping
5/15/2021 1:27:09 AM : ping
5/15/2021 1:27:10 AM : ping
5/15/2021 1:27:10 AM : ping
5/15/2021 1:27:10 AM : ping
5/15/2021 1:27:11 AM : ping
5/15/2021 1:27:11 AM : ping
5/15/2021 1:27:11 AM : ping
5/15/2021 1:27:12 AM : ping
5/15/2021 1:27:12 AM : ping
5/15/2021 1:27:12 AM : ping
5/15/2021 1:27:13 AM : ping
5/15/2021 1:27:13 AM : ping
5/15/2021 1:27:13 AM : ping
5/15/2021 1:27:14 AM : ping
5/15/2021 1:27:14 AM : ping
5/15/2021 1:27:14 AM : ping
5/15/2021 1:27:16 AM : ping
5/15/2021 1:27:16 AM : ping
5/15/2021 1:27:16 AM : ping
5/15/2021 1:27:17 AM : ping
5/15/2021 1:27:17 AM : ping
5/15/2021 1:27:17 AM : ping
5/15/2021 1:27:18 AM : ping
5/15/2021 1:27:18 AM : ping
5/15/2021 1:27:18 AM : ping
5/15/2021 1:27:19 AM : ping
5/15/2021 1:27:19 AM : ping
5/15/2021 1:27:19 AM : ping
5/15/2021 1:27:20 AM : ping
5/15/2021 1:27:20 AM : ping
5/15/2021 1:27:20 AM : ping
5/15/2021 1:27:21 AM : ping
5/15/2021 1:27:21 AM : ping
5/15/2021 1:27:21 AM : ping
5/15/2021 1:27:22 AM : ping
5/15/2021 1:27:22 AM : ping
5/15/2021 1:27:22 AM : ping
5/15/2021 1:27:23 AM : ping
5/15/2021 1:27:23 AM : ping
5/15/2021 1:27:23 AM : ping
5/15/2021 1:27:24 AM : ping
5/15/2021 1:27:24 AM : ping
5/15/2021 1:27:24 AM : ping
5/15/2021 1:27:26 AM : ping
5/15/2021 1:27:26 AM : ping
5/15/2021 1:27:26 AM : ping
5/15/2021 1:27:27 AM : ping
5/15/2021 1:27:27 AM : ping
5/15/2021 1:27:27 AM : ping
5/15/2021 1:27:28 AM : ping
5/15/2021 1:27:28 AM : ping
5/15/2021 1:27:28 AM : ping
5/15/2021 1:27:29 AM : ping
5/15/2021 1:27:29 AM : ping
5/15/2021 1:27:29 AM : ping
5/15/2021 1:27:30 AM : ping
5/15/2021 1:27:30 AM : ping
5/15/2021 1:27:30 AM : ping
5/15/2021 1:27:31 AM : ping
5/15/2021 1:27:31 AM : ping
5/15/2021 1:27:31 AM : ping
5/15/2021 1:27:32 AM : ping
5/15/2021 1:27:32 AM : ping
5/15/2021 1:27:32 AM : ping
5/15/2021 1:27:33 AM : ping
5/15/2021 1:27:33 AM : ping
5/15/2021 1:27:33 AM : ping
5/15/2021 1:27:34 AM : ping
5/15/2021 1:27:34 AM : ping
5/15/2021 1:27:34 AM : ping
5/15/2021 1:27:35 AM : ping
5/15/2021 1:27:35 AM : ping
5/15/2021 1:27:35 AM : ping
5/15/2021 1:27:37 AM : ping
5/15/2021 1:27:37 AM : ping
5/15/2021 1:27:37 AM : ping
5/15/2021 1:27:38 AM : ping
5/15/2021 1:27:38 AM : ping
5/15/2021 1:27:38 AM : ping
