log begin
..............
5/8/2021 9:38:46 PM : ping
5/8/2021 9:38:46 PM : ping
5/8/2021 9:38:46 PM : ping
5/8/2021 9:38:47 PM : ping
5/8/2021 9:38:47 PM : ping
5/8/2021 9:38:47 PM : ping
5/8/2021 9:38:48 PM : ping
5/8/2021 9:38:48 PM : ping
5/8/2021 9:38:48 PM : ping
5/8/2021 9:38:49 PM : ping
5/8/2021 9:38:49 PM : ping
5/8/2021 9:38:49 PM : ping
5/8/2021 9:38:50 PM : ping
5/8/2021 9:38:50 PM : ping
5/8/2021 9:38:50 PM : ping
5/8/2021 9:38:51 PM : ping
5/8/2021 9:38:51 PM : ping
5/8/2021 9:38:51 PM : ping
5/8/2021 9:38:52 PM : ping
5/8/2021 9:38:52 PM : ping
5/8/2021 9:38:52 PM : ping
5/8/2021 9:38:53 PM : ping
5/8/2021 9:38:53 PM : ping
5/8/2021 9:38:53 PM : ping
5/8/2021 9:38:55 PM : ping
5/8/2021 9:38:55 PM : ping
5/8/2021 9:38:55 PM : ping
5/8/2021 9:38:56 PM : ping
5/8/2021 9:38:56 PM : ping
5/8/2021 9:38:56 PM : ping
5/8/2021 9:38:57 PM : ping
5/8/2021 9:38:57 PM : ping
5/8/2021 9:38:57 PM : ping
5/8/2021 9:38:57 PM : launch server at port: 7003
5/8/2021 9:38:57 PM : launch server at port: 7004
5/8/2021 9:38:58 PM : ping
5/8/2021 9:38:58 PM : ping
5/8/2021 9:38:58 PM : ping
5/8/2021 9:38:59 PM : ping
5/8/2021 9:38:59 PM : ping
5/8/2021 9:38:59 PM : ping
5/8/2021 9:39:00 PM : launch server at port: 7005
5/8/2021 9:39:00 PM : ping
5/8/2021 9:39:00 PM : ping
5/8/2021 9:39:00 PM : ping
5/8/2021 9:39:01 PM : launch server at port: 7006
5/8/2021 9:39:01 PM : ping
5/8/2021 9:39:01 PM : ping
5/8/2021 9:39:01 PM : ping
5/8/2021 9:39:02 PM : ping
5/8/2021 9:39:02 PM : ping
5/8/2021 9:39:02 PM : ping
5/8/2021 9:39:03 PM : launch server at port: 7007
5/8/2021 9:39:03 PM : ping
5/8/2021 9:39:03 PM : ping
5/8/2021 9:39:03 PM : ping
5/8/2021 9:39:05 PM : ping
5/8/2021 9:39:05 PM : ping
5/8/2021 9:39:05 PM : ping
5/8/2021 9:39:06 PM : ping
5/8/2021 9:39:06 PM : ping
5/8/2021 9:39:06 PM : ping
5/8/2021 9:39:06 PM : launch server at port: 7008
5/8/2021 9:39:07 PM : ping
5/8/2021 9:39:07 PM : ping
5/8/2021 9:39:07 PM : ping
5/8/2021 9:39:08 PM : ping
5/8/2021 9:39:08 PM : ping
5/8/2021 9:39:08 PM : ping
5/8/2021 9:39:08 PM : launch server at port: 7009
5/8/2021 9:39:09 PM : ping
5/8/2021 9:39:09 PM : ping
5/8/2021 9:39:09 PM : ping
5/8/2021 9:39:10 PM : ping
5/8/2021 9:39:10 PM : ping
5/8/2021 9:39:10 PM : ping
5/8/2021 9:39:11 PM : launch server at port: 7010
5/8/2021 9:39:11 PM : ping
5/8/2021 9:39:11 PM : ping
5/8/2021 9:39:11 PM : ping
5/8/2021 9:39:12 PM : ping
5/8/2021 9:39:12 PM : ping
5/8/2021 9:39:12 PM : ping
5/8/2021 9:39:13 PM : ping
5/8/2021 9:39:13 PM : ping
5/8/2021 9:39:13 PM : ping
5/8/2021 9:39:15 PM : ping
5/8/2021 9:39:15 PM : ping
5/8/2021 9:39:15 PM : ping
5/8/2021 9:39:16 PM : ping
5/8/2021 9:39:16 PM : ping
5/8/2021 9:39:16 PM : ping
5/8/2021 9:39:17 PM : ping
5/8/2021 9:39:17 PM : ping
5/8/2021 9:39:17 PM : ping
5/8/2021 9:39:18 PM : ping
5/8/2021 9:39:18 PM : ping
5/8/2021 9:39:18 PM : ping
5/8/2021 9:39:19 PM : ping
5/8/2021 9:39:19 PM : ping
5/8/2021 9:39:19 PM : ping
5/8/2021 9:39:20 PM : ping
5/8/2021 9:39:20 PM : ping
5/8/2021 9:39:20 PM : ping
5/8/2021 9:39:21 PM : ping
5/8/2021 9:39:21 PM : ping
5/8/2021 9:39:21 PM : ping
5/8/2021 9:39:22 PM : ping
5/8/2021 9:39:22 PM : ping
5/8/2021 9:39:22 PM : ping
5/8/2021 9:39:23 PM : ping
5/8/2021 9:39:23 PM : ping
5/8/2021 9:39:23 PM : ping
5/8/2021 9:39:25 PM : ping
5/8/2021 9:39:25 PM : ping
5/8/2021 9:39:25 PM : ping
5/8/2021 9:39:26 PM : ping
5/8/2021 9:39:26 PM : ping
5/8/2021 9:39:26 PM : ping
5/8/2021 9:39:27 PM : ping
5/8/2021 9:39:27 PM : ping
5/8/2021 9:39:27 PM : ping
5/8/2021 9:39:28 PM : ping
5/8/2021 9:39:28 PM : ping
5/8/2021 9:39:28 PM : ping
5/8/2021 9:39:29 PM : ping
5/8/2021 9:39:29 PM : ping
5/8/2021 9:39:29 PM : ping
5/8/2021 9:39:30 PM : ping
5/8/2021 9:39:30 PM : ping
5/8/2021 9:39:30 PM : ping
5/8/2021 9:39:31 PM : ping
5/8/2021 9:39:31 PM : ping
5/8/2021 9:39:31 PM : ping
5/8/2021 9:39:32 PM : ping
5/8/2021 9:39:32 PM : ping
5/8/2021 9:39:32 PM : ping
5/8/2021 9:39:33 PM : ping
5/8/2021 9:39:33 PM : ping
5/8/2021 9:39:33 PM : ping
5/8/2021 9:39:35 PM : ping
5/8/2021 9:39:35 PM : ping
5/8/2021 9:39:35 PM : ping
5/8/2021 9:39:36 PM : ping
5/8/2021 9:39:36 PM : ping
5/8/2021 9:39:36 PM : ping
5/8/2021 9:39:37 PM : ping
5/8/2021 9:39:37 PM : ping
5/8/2021 9:39:37 PM : ping
5/8/2021 9:39:38 PM : ping
5/8/2021 9:39:38 PM : ping
5/8/2021 9:39:38 PM : ping
5/8/2021 9:39:39 PM : ping
5/8/2021 9:39:39 PM : ping
5/8/2021 9:39:39 PM : ping
5/8/2021 9:39:40 PM : ping
5/8/2021 9:39:40 PM : ping
5/8/2021 9:39:40 PM : ping
5/8/2021 9:39:41 PM : ping
5/8/2021 9:39:41 PM : ping
5/8/2021 9:39:41 PM : ping
5/8/2021 9:39:42 PM : ping
5/8/2021 9:39:42 PM : ping
5/8/2021 9:39:42 PM : ping
5/8/2021 9:39:43 PM : ping
5/8/2021 9:39:43 PM : ping
5/8/2021 9:39:43 PM : ping
5/8/2021 9:39:45 PM : ping
5/8/2021 9:39:45 PM : ping
5/8/2021 9:39:45 PM : ping
5/8/2021 9:39:46 PM : ping
5/8/2021 9:39:46 PM : ping
5/8/2021 9:39:46 PM : ping
5/8/2021 9:39:47 PM : ping
5/8/2021 9:39:47 PM : ping
5/8/2021 9:39:47 PM : ping
5/8/2021 9:39:48 PM : ping
5/8/2021 9:39:48 PM : ping
5/8/2021 9:39:48 PM : ping
5/8/2021 9:39:49 PM : ping
5/8/2021 9:39:49 PM : ping
5/8/2021 9:39:49 PM : ping
5/8/2021 9:39:50 PM : ping
5/8/2021 9:39:50 PM : ping
5/8/2021 9:39:50 PM : ping
5/8/2021 9:39:51 PM : ping
5/8/2021 9:39:51 PM : ping
5/8/2021 9:39:51 PM : ping
5/8/2021 9:39:52 PM : ping
5/8/2021 9:39:52 PM : ping
5/8/2021 9:39:52 PM : ping
5/8/2021 9:39:53 PM : ping
5/8/2021 9:39:53 PM : ping
5/8/2021 9:39:53 PM : ping
5/8/2021 9:39:55 PM : ping
5/8/2021 9:39:55 PM : ping
5/8/2021 9:39:55 PM : ping
5/8/2021 9:39:56 PM : ping
5/8/2021 9:39:56 PM : ping
5/8/2021 9:39:56 PM : ping
5/8/2021 9:39:57 PM : ping
5/8/2021 9:39:57 PM : ping
5/8/2021 9:39:57 PM : ping
5/8/2021 9:39:58 PM : ping
5/8/2021 9:39:58 PM : ping
5/8/2021 9:39:58 PM : ping
5/8/2021 9:39:59 PM : ping
5/8/2021 9:39:59 PM : ping
5/8/2021 9:39:59 PM : ping
5/8/2021 9:40:00 PM : ping
5/8/2021 9:40:00 PM : ping
5/8/2021 9:40:00 PM : ping
5/8/2021 9:40:01 PM : ping
5/8/2021 9:40:01 PM : ping
5/8/2021 9:40:01 PM : ping
5/8/2021 9:40:02 PM : ping
5/8/2021 9:40:02 PM : ping
5/8/2021 9:40:02 PM : ping
5/8/2021 9:40:03 PM : ping
5/8/2021 9:40:03 PM : ping
5/8/2021 9:40:04 PM : ping
5/8/2021 9:40:05 PM : ping
5/8/2021 9:40:05 PM : ping
5/8/2021 9:40:05 PM : ping
5/8/2021 9:40:06 PM : ping
5/8/2021 9:40:06 PM : ping
5/8/2021 9:40:06 PM : ping
5/8/2021 9:40:07 PM : ping
5/8/2021 9:40:07 PM : ping
5/8/2021 9:40:07 PM : ping
5/8/2021 9:40:08 PM : ping
5/8/2021 9:40:08 PM : ping
5/8/2021 9:40:08 PM : ping
5/8/2021 9:40:09 PM : ping
5/8/2021 9:40:09 PM : ping
5/8/2021 9:40:09 PM : ping
5/8/2021 9:40:10 PM : ping
5/8/2021 9:40:10 PM : ping
5/8/2021 9:40:10 PM : ping
5/8/2021 9:40:11 PM : ping
5/8/2021 9:40:11 PM : ping
5/8/2021 9:40:11 PM : ping
5/8/2021 9:40:12 PM : ping
5/8/2021 9:40:12 PM : ping
5/8/2021 9:40:12 PM : ping
5/8/2021 9:40:13 PM : ping
5/8/2021 9:40:13 PM : ping
5/8/2021 9:40:13 PM : ping
5/8/2021 9:40:15 PM : ping
5/8/2021 9:40:15 PM : ping
5/8/2021 9:40:15 PM : ping
5/8/2021 9:40:16 PM : ping
5/8/2021 9:40:16 PM : ping
5/8/2021 9:40:16 PM : ping
5/8/2021 9:40:17 PM : ping
5/8/2021 9:40:17 PM : ping
5/8/2021 9:40:17 PM : ping
5/8/2021 9:40:18 PM : ping
5/8/2021 9:40:18 PM : ping
5/8/2021 9:40:18 PM : ping
5/8/2021 9:40:19 PM : ping
5/8/2021 9:40:19 PM : ping
5/8/2021 9:40:19 PM : ping
5/8/2021 9:40:20 PM : ping
5/8/2021 9:40:20 PM : ping
5/8/2021 9:40:20 PM : ping
5/8/2021 9:40:21 PM : ping
5/8/2021 9:40:21 PM : ping
5/8/2021 9:40:21 PM : ping
5/8/2021 9:40:22 PM : ping
5/8/2021 9:40:22 PM : ping
5/8/2021 9:40:22 PM : ping
5/8/2021 9:40:23 PM : ping
5/8/2021 9:40:23 PM : ping
5/8/2021 9:40:24 PM : ping
5/8/2021 9:40:25 PM : ping
5/8/2021 9:40:25 PM : ping
5/8/2021 9:40:25 PM : ping
5/8/2021 9:40:26 PM : ping
5/8/2021 9:40:26 PM : ping
5/8/2021 9:40:26 PM : ping
5/8/2021 9:40:27 PM : ping
5/8/2021 9:40:27 PM : ping
5/8/2021 9:40:27 PM : ping
5/8/2021 9:40:28 PM : ping
5/8/2021 9:40:28 PM : ping
5/8/2021 9:40:28 PM : ping
5/8/2021 9:40:29 PM : ping
5/8/2021 9:40:29 PM : ping
5/8/2021 9:40:29 PM : ping
5/8/2021 9:40:30 PM : ping
5/8/2021 9:40:30 PM : ping
5/8/2021 9:40:30 PM : ping
5/8/2021 9:40:31 PM : ping
5/8/2021 9:40:31 PM : ping
5/8/2021 9:40:31 PM : ping
5/8/2021 9:40:32 PM : ping
5/8/2021 9:40:32 PM : ping
5/8/2021 9:40:32 PM : ping
5/8/2021 9:40:34 PM : ping
5/8/2021 9:40:34 PM : ping
5/8/2021 9:40:34 PM : ping
5/8/2021 9:40:35 PM : ping
5/8/2021 9:40:35 PM : ping
5/8/2021 9:40:35 PM : ping
5/8/2021 9:40:36 PM : ping
5/8/2021 9:40:36 PM : ping
5/8/2021 9:40:36 PM : ping
5/8/2021 9:40:37 PM : ping
5/8/2021 9:40:37 PM : ping
5/8/2021 9:40:37 PM : ping
5/8/2021 9:40:38 PM : ping
5/8/2021 9:40:38 PM : ping
5/8/2021 9:40:38 PM : ping
5/8/2021 9:40:39 PM : ping
5/8/2021 9:40:39 PM : ping
5/8/2021 9:40:39 PM : ping
5/8/2021 9:40:40 PM : ping
5/8/2021 9:40:40 PM : ping
5/8/2021 9:40:40 PM : ping
5/8/2021 9:40:41 PM : ping
5/8/2021 9:40:41 PM : ping
5/8/2021 9:40:41 PM : ping
5/8/2021 9:40:42 PM : ping
5/8/2021 9:40:42 PM : ping
5/8/2021 9:40:42 PM : ping
5/8/2021 9:40:44 PM : ping
5/8/2021 9:40:44 PM : ping
5/8/2021 9:40:44 PM : ping
5/8/2021 9:40:45 PM : ping
5/8/2021 9:40:45 PM : ping
5/8/2021 9:40:45 PM : ping
5/8/2021 9:40:46 PM : ping
5/8/2021 9:40:46 PM : ping
5/8/2021 9:40:46 PM : ping
5/8/2021 9:40:47 PM : ping
5/8/2021 9:40:47 PM : ping
5/8/2021 9:40:47 PM : ping
5/8/2021 9:40:48 PM : ping
5/8/2021 9:40:48 PM : ping
5/8/2021 9:40:48 PM : ping
5/8/2021 9:40:49 PM : ping
5/8/2021 9:40:49 PM : ping
5/8/2021 9:40:49 PM : ping
5/8/2021 9:40:50 PM : ping
5/8/2021 9:40:50 PM : ping
5/8/2021 9:40:50 PM : ping
5/8/2021 9:40:51 PM : ping
5/8/2021 9:40:51 PM : ping
5/8/2021 9:40:51 PM : ping
5/8/2021 9:40:52 PM : ping
5/8/2021 9:40:52 PM : ping
5/8/2021 9:40:52 PM : ping
5/8/2021 9:40:54 PM : ping
5/8/2021 9:40:54 PM : ping
5/8/2021 9:40:54 PM : ping
5/8/2021 9:40:55 PM : ping
5/8/2021 9:40:55 PM : ping
5/8/2021 9:40:55 PM : ping
5/8/2021 9:40:56 PM : ping
5/8/2021 9:40:56 PM : ping
5/8/2021 9:40:56 PM : ping
5/8/2021 9:40:57 PM : ping
5/8/2021 9:40:57 PM : ping
5/8/2021 9:40:57 PM : ping
5/8/2021 9:40:58 PM : ping
5/8/2021 9:40:58 PM : ping
5/8/2021 9:40:58 PM : ping
5/8/2021 9:40:59 PM : ping
5/8/2021 9:40:59 PM : ping
5/8/2021 9:40:59 PM : ping
5/8/2021 9:41:00 PM : ping
5/8/2021 9:41:00 PM : ping
5/8/2021 9:41:00 PM : ping
5/8/2021 9:41:01 PM : ping
5/8/2021 9:41:01 PM : ping
5/8/2021 9:41:01 PM : ping
5/8/2021 9:41:02 PM : ping
5/8/2021 9:41:02 PM : ping
5/8/2021 9:41:02 PM : ping
5/8/2021 9:41:03 PM : ping
5/8/2021 9:41:03 PM : ping
5/8/2021 9:41:04 PM : ping
5/8/2021 9:41:05 PM : ping
5/8/2021 9:41:05 PM : ping
5/8/2021 9:41:05 PM : ping
5/8/2021 9:41:06 PM : ping
5/8/2021 9:41:06 PM : ping
5/8/2021 9:41:06 PM : ping
5/8/2021 9:41:07 PM : ping
5/8/2021 9:41:07 PM : ping
5/8/2021 9:41:07 PM : ping
5/8/2021 9:41:08 PM : ping
5/8/2021 9:41:08 PM : ping
5/8/2021 9:41:08 PM : ping
5/8/2021 9:41:09 PM : ping
5/8/2021 9:41:09 PM : ping
5/8/2021 9:41:09 PM : ping
5/8/2021 9:41:10 PM : ping
5/8/2021 9:41:10 PM : ping
5/8/2021 9:41:10 PM : ping
5/8/2021 9:41:11 PM : ping
5/8/2021 9:41:11 PM : ping
5/8/2021 9:41:11 PM : ping
5/8/2021 9:41:12 PM : ping
5/8/2021 9:41:12 PM : ping
5/8/2021 9:41:12 PM : ping
5/8/2021 9:41:13 PM : ping
5/8/2021 9:41:13 PM : ping
5/8/2021 9:41:14 PM : ping
5/8/2021 9:41:15 PM : ping
5/8/2021 9:41:15 PM : ping
5/8/2021 9:41:15 PM : ping
5/8/2021 9:41:16 PM : ping
5/8/2021 9:41:16 PM : ping
5/8/2021 9:41:16 PM : ping
5/8/2021 9:41:17 PM : ping
5/8/2021 9:41:17 PM : ping
5/8/2021 9:41:17 PM : ping
5/8/2021 9:41:18 PM : ping
5/8/2021 9:41:18 PM : ping
5/8/2021 9:41:18 PM : ping
5/8/2021 9:41:19 PM : ping
5/8/2021 9:41:19 PM : ping
5/8/2021 9:41:19 PM : ping
5/8/2021 9:41:20 PM : ping
5/8/2021 9:41:20 PM : ping
5/8/2021 9:41:20 PM : ping
5/8/2021 9:41:21 PM : ping
5/8/2021 9:41:21 PM : ping
5/8/2021 9:41:21 PM : ping
5/8/2021 9:41:22 PM : ping
5/8/2021 9:41:22 PM : ping
5/8/2021 9:41:22 PM : ping
5/8/2021 9:41:23 PM : ping
5/8/2021 9:41:23 PM : ping
5/8/2021 9:41:23 PM : ping
5/8/2021 9:41:25 PM : ping
5/8/2021 9:41:25 PM : ping
5/8/2021 9:41:25 PM : ping
5/8/2021 9:41:26 PM : ping
5/8/2021 9:41:26 PM : ping
5/8/2021 9:41:26 PM : ping
5/8/2021 9:41:27 PM : ping
5/8/2021 9:41:27 PM : ping
5/8/2021 9:41:27 PM : ping
5/8/2021 9:41:28 PM : ping
5/8/2021 9:41:28 PM : ping
5/8/2021 9:41:28 PM : ping
5/8/2021 9:41:29 PM : ping
5/8/2021 9:41:29 PM : ping
5/8/2021 9:41:29 PM : ping
5/8/2021 9:41:30 PM : ping
5/8/2021 9:41:30 PM : ping
5/8/2021 9:41:30 PM : ping
5/8/2021 9:41:31 PM : ping
5/8/2021 9:41:31 PM : ping
5/8/2021 9:41:31 PM : ping
5/8/2021 9:41:32 PM : ping
5/8/2021 9:41:32 PM : ping
5/8/2021 9:41:32 PM : ping
5/8/2021 9:41:33 PM : ping
5/8/2021 9:41:33 PM : ping
5/8/2021 9:41:33 PM : ping
5/8/2021 9:41:35 PM : ping
5/8/2021 9:41:35 PM : ping
5/8/2021 9:41:35 PM : ping
5/8/2021 9:41:36 PM : ping
5/8/2021 9:41:36 PM : ping
5/8/2021 9:41:36 PM : ping
5/8/2021 9:41:37 PM : ping
5/8/2021 9:41:37 PM : ping
5/8/2021 9:41:37 PM : ping
5/8/2021 9:41:38 PM : ping
5/8/2021 9:41:38 PM : ping
5/8/2021 9:41:38 PM : ping
5/8/2021 9:41:39 PM : ping
5/8/2021 9:41:39 PM : ping
5/8/2021 9:41:39 PM : ping
5/8/2021 9:41:40 PM : ping
5/8/2021 9:41:40 PM : ping
5/8/2021 9:41:40 PM : ping
5/8/2021 9:41:41 PM : ping
5/8/2021 9:41:41 PM : ping
5/8/2021 9:41:41 PM : ping
5/8/2021 9:41:42 PM : ping
5/8/2021 9:41:42 PM : ping
5/8/2021 9:41:42 PM : ping
5/8/2021 9:41:43 PM : ping
5/8/2021 9:41:43 PM : ping
5/8/2021 9:41:43 PM : ping
5/8/2021 9:41:45 PM : ping
5/8/2021 9:41:45 PM : ping
5/8/2021 9:41:45 PM : ping
5/8/2021 9:41:46 PM : ping
5/8/2021 9:41:46 PM : ping
5/8/2021 9:41:46 PM : ping
5/8/2021 9:41:47 PM : ping
5/8/2021 9:41:47 PM : ping
5/8/2021 9:41:47 PM : ping
5/8/2021 9:41:48 PM : ping
5/8/2021 9:41:48 PM : ping
5/8/2021 9:41:48 PM : ping
5/8/2021 9:41:49 PM : ping
5/8/2021 9:41:49 PM : ping
5/8/2021 9:41:49 PM : ping
5/8/2021 9:41:50 PM : ping
5/8/2021 9:41:50 PM : ping
5/8/2021 9:41:50 PM : ping
5/8/2021 9:41:51 PM : ping
5/8/2021 9:41:51 PM : ping
5/8/2021 9:41:51 PM : ping
5/8/2021 9:41:52 PM : ping
5/8/2021 9:41:52 PM : ping
5/8/2021 9:41:52 PM : ping
5/8/2021 9:41:53 PM : ping
5/8/2021 9:41:53 PM : ping
5/8/2021 9:41:53 PM : ping
5/8/2021 9:41:55 PM : ping
5/8/2021 9:41:55 PM : ping
5/8/2021 9:41:55 PM : ping
5/8/2021 9:41:56 PM : ping
5/8/2021 9:41:56 PM : ping
5/8/2021 9:41:56 PM : ping
5/8/2021 9:41:57 PM : ping
5/8/2021 9:41:57 PM : ping
5/8/2021 9:41:57 PM : ping
5/8/2021 9:41:58 PM : ping
5/8/2021 9:41:58 PM : ping
5/8/2021 9:41:58 PM : ping
5/8/2021 9:41:59 PM : ping
5/8/2021 9:41:59 PM : ping
5/8/2021 9:41:59 PM : ping
5/8/2021 9:42:00 PM : ping
5/8/2021 9:42:00 PM : ping
5/8/2021 9:42:00 PM : ping
5/8/2021 9:42:01 PM : ping
5/8/2021 9:42:01 PM : ping
5/8/2021 9:42:01 PM : ping
5/8/2021 9:42:02 PM : ping
5/8/2021 9:42:02 PM : ping
5/8/2021 9:42:02 PM : ping
5/8/2021 9:42:03 PM : ping
5/8/2021 9:42:03 PM : ping
5/8/2021 9:42:03 PM : ping
5/8/2021 9:42:05 PM : ping
5/8/2021 9:42:05 PM : ping
5/8/2021 9:42:05 PM : ping
5/8/2021 9:42:06 PM : ping
5/8/2021 9:42:06 PM : ping
5/8/2021 9:42:06 PM : ping
5/8/2021 9:42:07 PM : ping
5/8/2021 9:42:07 PM : ping
5/8/2021 9:42:07 PM : ping
5/8/2021 9:42:08 PM : ping
5/8/2021 9:42:08 PM : ping
5/8/2021 9:42:08 PM : ping
5/8/2021 9:42:09 PM : ping
5/8/2021 9:42:09 PM : ping
5/8/2021 9:42:09 PM : ping
5/8/2021 9:42:10 PM : ping
5/8/2021 9:42:10 PM : ping
5/8/2021 9:42:10 PM : ping
5/8/2021 9:42:11 PM : ping
5/8/2021 9:42:11 PM : ping
5/8/2021 9:42:11 PM : ping
5/8/2021 9:42:12 PM : ping
5/8/2021 9:42:12 PM : ping
5/8/2021 9:42:12 PM : ping
5/8/2021 9:42:13 PM : ping
5/8/2021 9:42:13 PM : ping
5/8/2021 9:42:13 PM : ping
5/8/2021 9:42:15 PM : ping
5/8/2021 9:42:15 PM : ping
5/8/2021 9:42:15 PM : ping
5/8/2021 9:42:16 PM : ping
5/8/2021 9:42:16 PM : ping
5/8/2021 9:42:16 PM : ping
5/8/2021 9:42:17 PM : ping
5/8/2021 9:42:17 PM : ping
5/8/2021 9:42:17 PM : ping
5/8/2021 9:42:18 PM : ping
5/8/2021 9:42:18 PM : ping
5/8/2021 9:42:18 PM : ping
5/8/2021 9:42:19 PM : ping
5/8/2021 9:42:19 PM : ping
5/8/2021 9:42:19 PM : ping
5/8/2021 9:42:20 PM : ping
5/8/2021 9:42:20 PM : ping
5/8/2021 9:42:20 PM : ping
5/8/2021 9:42:21 PM : ping
5/8/2021 9:42:21 PM : ping
5/8/2021 9:42:21 PM : ping
5/8/2021 9:42:22 PM : ping
5/8/2021 9:42:22 PM : ping
5/8/2021 9:42:22 PM : ping
5/8/2021 9:42:23 PM : ping
5/8/2021 9:42:23 PM : ping
5/8/2021 9:42:23 PM : ping
5/8/2021 9:42:24 PM : ping
5/8/2021 9:42:24 PM : ping
5/8/2021 9:42:24 PM : ping
5/8/2021 9:42:25 PM : kService.requestChannels.Count :11
5/8/2021 9:42:25 PM : kService.requestChannels.Count :11
5/8/2021 9:42:26 PM : ping
5/8/2021 9:42:26 PM : ping
5/8/2021 9:42:26 PM : ping
5/8/2021 9:42:27 PM : ping
5/8/2021 9:42:27 PM : ping
5/8/2021 9:42:27 PM : ping
5/8/2021 9:42:28 PM : ping
5/8/2021 9:42:28 PM : ping
5/8/2021 9:42:28 PM : ping
5/8/2021 9:42:29 PM : ping
5/8/2021 9:42:29 PM : ping
5/8/2021 9:42:29 PM : ping
5/8/2021 9:42:30 PM : ping
5/8/2021 9:42:30 PM : ping
5/8/2021 9:42:30 PM : ping
5/8/2021 9:42:30 PM : kService.requestChannels.Count :10
5/8/2021 9:42:30 PM : kService.requestChannels.Count :10
5/8/2021 9:42:31 PM : ping
5/8/2021 9:42:31 PM : ping
5/8/2021 9:42:31 PM : ping
5/8/2021 9:42:32 PM : ping
5/8/2021 9:42:32 PM : ping
5/8/2021 9:42:32 PM : ping
5/8/2021 9:42:33 PM : ping
5/8/2021 9:42:33 PM : ping
5/8/2021 9:42:33 PM : ping
5/8/2021 9:42:34 PM : ping
5/8/2021 9:42:34 PM : ping
5/8/2021 9:42:34 PM : ping
5/8/2021 9:42:36 PM : ping
5/8/2021 9:42:36 PM : ping
5/8/2021 9:42:36 PM : ping
5/8/2021 9:42:37 PM : ping
5/8/2021 9:42:37 PM : ping
5/8/2021 9:42:37 PM : ping
5/8/2021 9:42:38 PM : ping
5/8/2021 9:42:38 PM : ping
5/8/2021 9:42:38 PM : ping
5/8/2021 9:42:39 PM : ping
5/8/2021 9:42:39 PM : ping
5/8/2021 9:42:39 PM : ping
5/8/2021 9:42:40 PM : ping
5/8/2021 9:42:40 PM : ping
5/8/2021 9:42:40 PM : ping
5/8/2021 9:42:41 PM : ping
5/8/2021 9:42:41 PM : ping
5/8/2021 9:42:41 PM : ping
5/8/2021 9:42:42 PM : ping
5/8/2021 9:42:42 PM : ping
5/8/2021 9:42:42 PM : ping
5/8/2021 9:42:43 PM : ping
5/8/2021 9:42:43 PM : ping
5/8/2021 9:42:43 PM : ping
5/8/2021 9:42:44 PM : ping
5/8/2021 9:42:44 PM : ping
5/8/2021 9:42:44 PM : ping
5/8/2021 9:42:46 PM : ping
5/8/2021 9:42:46 PM : ping
5/8/2021 9:42:46 PM : ping
5/8/2021 9:42:47 PM : ping
5/8/2021 9:42:47 PM : ping
5/8/2021 9:42:47 PM : ping
5/8/2021 9:42:48 PM : ping
5/8/2021 9:42:48 PM : ping
5/8/2021 9:42:48 PM : ping
5/8/2021 9:42:49 PM : ping
5/8/2021 9:42:49 PM : ping
5/8/2021 9:42:49 PM : ping
5/8/2021 9:42:50 PM : ping
5/8/2021 9:42:50 PM : ping
5/8/2021 9:42:50 PM : ping
5/8/2021 9:42:51 PM : ping
5/8/2021 9:42:51 PM : ping
5/8/2021 9:42:51 PM : ping
5/8/2021 9:42:52 PM : ping
5/8/2021 9:42:52 PM : ping
5/8/2021 9:42:52 PM : ping
5/8/2021 9:42:53 PM : ping
5/8/2021 9:42:53 PM : ping
5/8/2021 9:42:53 PM : ping
5/8/2021 9:42:54 PM : ping
5/8/2021 9:42:54 PM : ping
5/8/2021 9:42:54 PM : ping
5/8/2021 9:42:55 PM : ping
5/8/2021 9:42:55 PM : ping
5/8/2021 9:42:55 PM : ping
5/8/2021 9:42:57 PM : ping
5/8/2021 9:42:57 PM : ping
5/8/2021 9:42:57 PM : ping
5/8/2021 9:42:58 PM : ping
5/8/2021 9:42:58 PM : ping
5/8/2021 9:42:58 PM : ping
5/8/2021 9:42:59 PM : ping
5/8/2021 9:42:59 PM : ping
5/8/2021 9:42:59 PM : ping
5/8/2021 9:43:00 PM : ping
5/8/2021 9:43:00 PM : ping
5/8/2021 9:43:00 PM : ping
5/8/2021 9:43:01 PM : ping
5/8/2021 9:43:01 PM : ping
5/8/2021 9:43:01 PM : ping
5/8/2021 9:43:02 PM : ping
5/8/2021 9:43:02 PM : ping
5/8/2021 9:43:02 PM : ping
5/8/2021 9:43:03 PM : ping
5/8/2021 9:43:03 PM : ping
5/8/2021 9:43:03 PM : ping
5/8/2021 9:43:04 PM : ping
5/8/2021 9:43:04 PM : ping
5/8/2021 9:43:04 PM : ping
5/8/2021 9:43:05 PM : ping
5/8/2021 9:43:05 PM : ping
5/8/2021 9:43:05 PM : ping
5/8/2021 9:43:07 PM : ping
5/8/2021 9:43:07 PM : ping
5/8/2021 9:43:07 PM : ping
5/8/2021 9:43:08 PM : ping
5/8/2021 9:43:08 PM : ping
5/8/2021 9:43:08 PM : ping
5/8/2021 9:43:09 PM : ping
5/8/2021 9:43:09 PM : ping
5/8/2021 9:43:09 PM : ping
5/8/2021 9:43:10 PM : ping
5/8/2021 9:43:10 PM : ping
5/8/2021 9:43:10 PM : ping
5/8/2021 9:43:11 PM : ping
5/8/2021 9:43:11 PM : ping
5/8/2021 9:43:11 PM : ping
5/8/2021 9:43:12 PM : ping
5/8/2021 9:43:12 PM : ping
5/8/2021 9:43:12 PM : ping
5/8/2021 9:43:13 PM : ping
5/8/2021 9:43:13 PM : ping
5/8/2021 9:43:13 PM : ping
5/8/2021 9:43:14 PM : ping
5/8/2021 9:43:14 PM : ping
5/8/2021 9:43:14 PM : ping
5/8/2021 9:43:15 PM : ping
5/8/2021 9:43:15 PM : ping
5/8/2021 9:43:15 PM : ping
5/8/2021 9:43:17 PM : ping
5/8/2021 9:43:17 PM : ping
5/8/2021 9:43:17 PM : ping
5/8/2021 9:43:18 PM : ping
5/8/2021 9:43:18 PM : ping
5/8/2021 9:43:18 PM : ping
5/8/2021 9:43:19 PM : ping
5/8/2021 9:43:19 PM : ping
5/8/2021 9:43:19 PM : ping
5/8/2021 9:43:20 PM : ping
5/8/2021 9:43:20 PM : ping
5/8/2021 9:43:20 PM : ping
5/8/2021 9:43:20 PM : kService.requestChannels.Count :9
5/8/2021 9:43:20 PM : kService.requestChannels.Count :9
5/8/2021 9:43:21 PM : ping
5/8/2021 9:43:21 PM : ping
5/8/2021 9:43:21 PM : ping
5/8/2021 9:43:22 PM : ping
5/8/2021 9:43:22 PM : ping
5/8/2021 9:43:22 PM : ping
5/8/2021 9:43:23 PM : ping
5/8/2021 9:43:23 PM : ping
5/8/2021 9:43:23 PM : ping
5/8/2021 9:43:24 PM : ping
5/8/2021 9:43:24 PM : ping
5/8/2021 9:43:24 PM : ping
5/8/2021 9:43:25 PM : ping
5/8/2021 9:43:25 PM : ping
5/8/2021 9:43:25 PM : ping
5/8/2021 9:43:26 PM : ping
5/8/2021 9:43:26 PM : ping
5/8/2021 9:43:26 PM : ping
5/8/2021 9:43:28 PM : ping
5/8/2021 9:43:28 PM : ping
5/8/2021 9:43:28 PM : ping
5/8/2021 9:43:29 PM : ping
5/8/2021 9:43:29 PM : ping
5/8/2021 9:43:29 PM : ping
5/8/2021 9:43:30 PM : ping
5/8/2021 9:43:30 PM : ping
5/8/2021 9:43:30 PM : ping
5/8/2021 9:43:31 PM : ping
5/8/2021 9:43:31 PM : ping
5/8/2021 9:43:31 PM : ping
5/8/2021 9:43:32 PM : ping
5/8/2021 9:43:32 PM : ping
5/8/2021 9:43:32 PM : ping
5/8/2021 9:43:33 PM : ping
5/8/2021 9:43:33 PM : ping
5/8/2021 9:43:33 PM : ping
5/8/2021 9:43:34 PM : ping
5/8/2021 9:43:34 PM : ping
5/8/2021 9:43:34 PM : ping
5/8/2021 9:43:35 PM : ping
5/8/2021 9:43:35 PM : ping
5/8/2021 9:43:35 PM : ping
5/8/2021 9:43:36 PM : ping
5/8/2021 9:43:36 PM : ping
5/8/2021 9:43:36 PM : ping
5/8/2021 9:43:38 PM : ping
5/8/2021 9:43:38 PM : ping
5/8/2021 9:43:38 PM : ping
5/8/2021 9:43:39 PM : ping
5/8/2021 9:43:39 PM : ping
5/8/2021 9:43:39 PM : ping
5/8/2021 9:43:40 PM : ping
5/8/2021 9:43:40 PM : ping
5/8/2021 9:43:40 PM : ping
5/8/2021 9:43:41 PM : ping
5/8/2021 9:43:41 PM : ping
5/8/2021 9:43:41 PM : ping
5/8/2021 9:43:42 PM : ping
5/8/2021 9:43:42 PM : ping
5/8/2021 9:43:42 PM : ping
5/8/2021 9:43:43 PM : ping
5/8/2021 9:43:43 PM : ping
5/8/2021 9:43:43 PM : ping
5/8/2021 9:43:44 PM : ping
5/8/2021 9:43:44 PM : ping
5/8/2021 9:43:44 PM : ping
5/8/2021 9:43:45 PM : ping
5/8/2021 9:43:45 PM : ping
5/8/2021 9:43:45 PM : ping
5/8/2021 9:43:46 PM : ping
5/8/2021 9:43:46 PM : ping
5/8/2021 9:43:46 PM : ping
5/8/2021 9:43:48 PM : ping
5/8/2021 9:43:48 PM : ping
5/8/2021 9:43:48 PM : ping
5/8/2021 9:43:49 PM : ping
5/8/2021 9:43:49 PM : ping
5/8/2021 9:43:49 PM : ping
5/8/2021 9:43:50 PM : ping
5/8/2021 9:43:50 PM : ping
5/8/2021 9:43:50 PM : ping
5/8/2021 9:43:51 PM : ping
5/8/2021 9:43:51 PM : ping
5/8/2021 9:43:51 PM : ping
5/8/2021 9:43:52 PM : ping
5/8/2021 9:43:52 PM : ping
5/8/2021 9:43:52 PM : ping
5/8/2021 9:43:53 PM : ping
5/8/2021 9:43:53 PM : ping
5/8/2021 9:43:53 PM : ping
5/8/2021 9:43:54 PM : ping
5/8/2021 9:43:54 PM : ping
5/8/2021 9:43:54 PM : ping
5/8/2021 9:43:55 PM : ping
5/8/2021 9:43:55 PM : ping
5/8/2021 9:43:55 PM : ping
5/8/2021 9:43:56 PM : ping
5/8/2021 9:43:56 PM : ping
5/8/2021 9:43:56 PM : ping
5/8/2021 9:43:57 PM : ping
5/8/2021 9:43:57 PM : ping
5/8/2021 9:43:57 PM : ping
5/8/2021 9:43:59 PM : ping
5/8/2021 9:43:59 PM : ping
5/8/2021 9:43:59 PM : ping
5/8/2021 9:44:00 PM : ping
5/8/2021 9:44:00 PM : ping
5/8/2021 9:44:00 PM : ping
5/8/2021 9:44:01 PM : ping
5/8/2021 9:44:01 PM : ping
5/8/2021 9:44:01 PM : ping
5/8/2021 9:44:02 PM : ping
5/8/2021 9:44:02 PM : ping
5/8/2021 9:44:02 PM : ping
5/8/2021 9:44:03 PM : ping
5/8/2021 9:44:03 PM : ping
5/8/2021 9:44:03 PM : ping
5/8/2021 9:44:04 PM : ping
5/8/2021 9:44:04 PM : ping
5/8/2021 9:44:04 PM : ping
5/8/2021 9:44:05 PM : ping
5/8/2021 9:44:05 PM : ping
5/8/2021 9:44:05 PM : ping
5/8/2021 9:44:06 PM : ping
5/8/2021 9:44:06 PM : ping
5/8/2021 9:44:06 PM : ping
5/8/2021 9:44:07 PM : ping
5/8/2021 9:44:07 PM : ping
5/8/2021 9:44:07 PM : ping
5/8/2021 9:44:09 PM : ping
5/8/2021 9:44:09 PM : ping
5/8/2021 9:44:09 PM : ping
5/8/2021 9:44:10 PM : ping
5/8/2021 9:44:10 PM : ping
5/8/2021 9:44:10 PM : ping
5/8/2021 9:44:11 PM : ping
5/8/2021 9:44:11 PM : ping
5/8/2021 9:44:11 PM : ping
5/8/2021 9:44:12 PM : ping
5/8/2021 9:44:12 PM : ping
5/8/2021 9:44:12 PM : ping
5/8/2021 9:44:13 PM : ping
5/8/2021 9:44:13 PM : ping
5/8/2021 9:44:13 PM : ping
5/8/2021 9:44:14 PM : ping
5/8/2021 9:44:14 PM : ping
5/8/2021 9:44:14 PM : ping
5/8/2021 9:44:15 PM : ping
5/8/2021 9:44:15 PM : ping
5/8/2021 9:44:15 PM : ping
5/8/2021 9:44:16 PM : ping
5/8/2021 9:44:16 PM : ping
5/8/2021 9:44:16 PM : ping
5/8/2021 9:44:17 PM : ping
5/8/2021 9:44:17 PM : ping
5/8/2021 9:44:17 PM : ping
5/8/2021 9:44:18 PM : ping
5/8/2021 9:44:18 PM : ping
5/8/2021 9:44:18 PM : ping
5/8/2021 9:44:20 PM : ping
5/8/2021 9:44:20 PM : ping
5/8/2021 9:44:20 PM : ping
5/8/2021 9:44:21 PM : ping
5/8/2021 9:44:21 PM : ping
5/8/2021 9:44:21 PM : ping
5/8/2021 9:44:22 PM : ping
5/8/2021 9:44:22 PM : ping
5/8/2021 9:44:22 PM : ping
5/8/2021 9:44:23 PM : ping
5/8/2021 9:44:23 PM : ping
5/8/2021 9:44:23 PM : ping
5/8/2021 9:44:24 PM : ping
5/8/2021 9:44:24 PM : ping
5/8/2021 9:44:24 PM : ping
5/8/2021 9:44:25 PM : ping
5/8/2021 9:44:25 PM : ping
5/8/2021 9:44:25 PM : ping
5/8/2021 9:44:26 PM : ping
5/8/2021 9:44:26 PM : ping
5/8/2021 9:44:26 PM : ping
5/8/2021 9:44:27 PM : ping
5/8/2021 9:44:27 PM : ping
5/8/2021 9:44:27 PM : ping
5/8/2021 9:44:28 PM : ping
5/8/2021 9:44:28 PM : ping
5/8/2021 9:44:28 PM : ping
5/8/2021 9:44:30 PM : ping
5/8/2021 9:44:30 PM : ping
5/8/2021 9:44:30 PM : ping
5/8/2021 9:44:31 PM : ping
5/8/2021 9:44:31 PM : ping
5/8/2021 9:44:31 PM : ping
5/8/2021 9:44:32 PM : ping
5/8/2021 9:44:32 PM : ping
5/8/2021 9:44:32 PM : ping
5/8/2021 9:44:33 PM : ping
5/8/2021 9:44:33 PM : ping
5/8/2021 9:44:33 PM : ping
5/8/2021 9:44:34 PM : ping
5/8/2021 9:44:34 PM : ping
5/8/2021 9:44:34 PM : ping
5/8/2021 9:44:35 PM : ping
5/8/2021 9:44:35 PM : ping
5/8/2021 9:44:35 PM : ping
5/8/2021 9:44:36 PM : ping
5/8/2021 9:44:36 PM : ping
5/8/2021 9:44:36 PM : ping
5/8/2021 9:44:37 PM : ping
5/8/2021 9:44:37 PM : ping
5/8/2021 9:44:37 PM : ping
5/8/2021 9:44:38 PM : ping
5/8/2021 9:44:38 PM : ping
5/8/2021 9:44:38 PM : ping
5/8/2021 9:44:38 PM : kService.requestChannels.Count :8
5/8/2021 9:44:38 PM : kService.requestChannels.Count :8
5/8/2021 9:44:40 PM : ping
5/8/2021 9:44:40 PM : ping
5/8/2021 9:44:40 PM : ping
5/8/2021 9:44:41 PM : ping
5/8/2021 9:44:41 PM : ping
5/8/2021 9:44:41 PM : ping
5/8/2021 9:44:42 PM : ping
5/8/2021 9:44:42 PM : ping
5/8/2021 9:44:42 PM : ping
5/8/2021 9:44:43 PM : ping
5/8/2021 9:44:43 PM : ping
5/8/2021 9:44:43 PM : ping
5/8/2021 9:44:44 PM : ping
5/8/2021 9:44:44 PM : ping
5/8/2021 9:44:44 PM : ping
5/8/2021 9:44:45 PM : ping
5/8/2021 9:44:45 PM : ping
5/8/2021 9:44:45 PM : ping
5/8/2021 9:44:46 PM : ping
5/8/2021 9:44:46 PM : ping
5/8/2021 9:44:46 PM : ping
5/8/2021 9:44:47 PM : ping
5/8/2021 9:44:47 PM : ping
5/8/2021 9:44:47 PM : ping
5/8/2021 9:44:48 PM : ping
5/8/2021 9:44:48 PM : ping
5/8/2021 9:44:48 PM : ping
5/8/2021 9:44:49 PM : ping
5/8/2021 9:44:49 PM : ping
5/8/2021 9:44:49 PM : ping
5/8/2021 9:44:51 PM : ping
5/8/2021 9:44:51 PM : ping
5/8/2021 9:44:51 PM : ping
5/8/2021 9:44:52 PM : ping
5/8/2021 9:44:52 PM : ping
5/8/2021 9:44:52 PM : ping
5/8/2021 9:44:53 PM : ping
5/8/2021 9:44:53 PM : ping
5/8/2021 9:44:53 PM : ping
5/8/2021 9:44:54 PM : ping
5/8/2021 9:44:54 PM : ping
5/8/2021 9:44:54 PM : ping
5/8/2021 9:44:55 PM : ping
5/8/2021 9:44:55 PM : ping
5/8/2021 9:44:55 PM : ping
5/8/2021 9:44:56 PM : ping
5/8/2021 9:44:56 PM : ping
5/8/2021 9:44:56 PM : ping
5/8/2021 9:44:57 PM : ping
5/8/2021 9:44:57 PM : ping
5/8/2021 9:44:57 PM : ping
5/8/2021 9:44:58 PM : ping
5/8/2021 9:44:58 PM : ping
5/8/2021 9:44:58 PM : ping
5/8/2021 9:44:59 PM : ping
5/8/2021 9:44:59 PM : ping
5/8/2021 9:44:59 PM : ping
5/8/2021 9:45:01 PM : ping
5/8/2021 9:45:01 PM : ping
5/8/2021 9:45:01 PM : ping
5/8/2021 9:45:02 PM : ping
5/8/2021 9:45:02 PM : ping
5/8/2021 9:45:02 PM : ping
5/8/2021 9:45:03 PM : ping
5/8/2021 9:45:03 PM : ping
5/8/2021 9:45:03 PM : ping
5/8/2021 9:45:04 PM : ping
5/8/2021 9:45:04 PM : ping
5/8/2021 9:45:04 PM : ping
5/8/2021 9:45:05 PM : ping
5/8/2021 9:45:05 PM : ping
5/8/2021 9:45:05 PM : ping
5/8/2021 9:45:06 PM : ping
5/8/2021 9:45:06 PM : ping
5/8/2021 9:45:06 PM : ping
5/8/2021 9:45:07 PM : ping
5/8/2021 9:45:07 PM : ping
5/8/2021 9:45:07 PM : ping
5/8/2021 9:45:07 PM : kService.requestChannels.Count :7
5/8/2021 9:45:07 PM : kService.requestChannels.Count :7
5/8/2021 9:45:08 PM : ping
5/8/2021 9:45:08 PM : ping
5/8/2021 9:45:08 PM : ping
5/8/2021 9:45:09 PM : ping
5/8/2021 9:45:09 PM : ping
5/8/2021 9:45:09 PM : ping
5/8/2021 9:45:11 PM : ping
5/8/2021 9:45:11 PM : ping
5/8/2021 9:45:11 PM : ping
5/8/2021 9:45:12 PM : ping
5/8/2021 9:45:12 PM : ping
5/8/2021 9:45:12 PM : ping
5/8/2021 9:45:13 PM : ping
5/8/2021 9:45:13 PM : ping
5/8/2021 9:45:13 PM : ping
5/8/2021 9:45:14 PM : ping
5/8/2021 9:45:14 PM : ping
5/8/2021 9:45:14 PM : ping
5/8/2021 9:45:15 PM : ping
5/8/2021 9:45:15 PM : ping
5/8/2021 9:45:15 PM : ping
5/8/2021 9:45:16 PM : ping
5/8/2021 9:45:16 PM : ping
5/8/2021 9:45:16 PM : ping
5/8/2021 9:45:17 PM : ping
5/8/2021 9:45:17 PM : ping
5/8/2021 9:45:17 PM : ping
5/8/2021 9:45:18 PM : ping
5/8/2021 9:45:18 PM : ping
5/8/2021 9:45:18 PM : ping
5/8/2021 9:45:19 PM : ping
5/8/2021 9:45:19 PM : ping
5/8/2021 9:45:19 PM : ping
5/8/2021 9:45:20 PM : ping
5/8/2021 9:45:20 PM : ping
5/8/2021 9:45:20 PM : ping
5/8/2021 9:45:22 PM : ping
5/8/2021 9:45:22 PM : ping
5/8/2021 9:45:22 PM : ping
5/8/2021 9:45:23 PM : ping
5/8/2021 9:45:23 PM : ping
5/8/2021 9:45:23 PM : ping
5/8/2021 9:45:24 PM : ping
5/8/2021 9:45:24 PM : ping
5/8/2021 9:45:24 PM : ping
5/8/2021 9:45:25 PM : ping
5/8/2021 9:45:25 PM : ping
5/8/2021 9:45:25 PM : ping
5/8/2021 9:45:26 PM : ping
5/8/2021 9:45:26 PM : ping
5/8/2021 9:45:26 PM : ping
5/8/2021 9:45:27 PM : ping
5/8/2021 9:45:27 PM : ping
5/8/2021 9:45:27 PM : ping
5/8/2021 9:45:28 PM : ping
5/8/2021 9:45:28 PM : ping
5/8/2021 9:45:28 PM : ping
5/8/2021 9:45:29 PM : ping
5/8/2021 9:45:29 PM : ping
5/8/2021 9:45:29 PM : ping
5/8/2021 9:45:30 PM : ping
5/8/2021 9:45:30 PM : ping
5/8/2021 9:45:30 PM : ping
5/8/2021 9:45:32 PM : ping
5/8/2021 9:45:32 PM : ping
5/8/2021 9:45:32 PM : ping
5/8/2021 9:45:33 PM : ping
5/8/2021 9:45:33 PM : ping
5/8/2021 9:45:33 PM : ping
5/8/2021 9:45:34 PM : ping
5/8/2021 9:45:34 PM : ping
5/8/2021 9:45:34 PM : ping
5/8/2021 9:45:35 PM : ping
5/8/2021 9:45:35 PM : ping
5/8/2021 9:45:35 PM : ping
5/8/2021 9:45:36 PM : ping
5/8/2021 9:45:36 PM : ping
5/8/2021 9:45:36 PM : ping
5/8/2021 9:45:37 PM : ping
5/8/2021 9:45:37 PM : ping
5/8/2021 9:45:37 PM : ping
5/8/2021 9:45:38 PM : ping
5/8/2021 9:45:38 PM : ping
5/8/2021 9:45:38 PM : ping
5/8/2021 9:45:39 PM : ping
5/8/2021 9:45:39 PM : ping
5/8/2021 9:45:39 PM : ping
5/8/2021 9:45:40 PM : ping
5/8/2021 9:45:40 PM : ping
5/8/2021 9:45:40 PM : ping
5/8/2021 9:45:42 PM : ping
5/8/2021 9:45:42 PM : ping
5/8/2021 9:45:42 PM : ping
5/8/2021 9:45:43 PM : ping
5/8/2021 9:45:43 PM : ping
5/8/2021 9:45:43 PM : ping
5/8/2021 9:45:44 PM : kService.requestChannels.Count :6
5/8/2021 9:45:44 PM : kService.requestChannels.Count :6
5/8/2021 9:45:44 PM : ping
5/8/2021 9:45:44 PM : ping
5/8/2021 9:45:44 PM : ping
5/8/2021 9:45:45 PM : ping
5/8/2021 9:45:45 PM : ping
5/8/2021 9:45:45 PM : ping
5/8/2021 9:45:46 PM : ping
5/8/2021 9:45:46 PM : ping
5/8/2021 9:45:46 PM : ping
5/8/2021 9:45:47 PM : ping
5/8/2021 9:45:47 PM : ping
5/8/2021 9:45:47 PM : ping
5/8/2021 9:45:48 PM : ping
5/8/2021 9:45:48 PM : ping
5/8/2021 9:45:48 PM : ping
5/8/2021 9:45:49 PM : ping
5/8/2021 9:45:49 PM : ping
5/8/2021 9:45:49 PM : ping
5/8/2021 9:45:50 PM : ping
5/8/2021 9:45:50 PM : ping
5/8/2021 9:45:50 PM : ping
5/8/2021 9:45:51 PM : ping
5/8/2021 9:45:51 PM : ping
5/8/2021 9:45:52 PM : ping
5/8/2021 9:45:53 PM : ping
5/8/2021 9:45:53 PM : ping
5/8/2021 9:45:53 PM : ping
5/8/2021 9:45:54 PM : ping
5/8/2021 9:45:54 PM : ping
5/8/2021 9:45:54 PM : ping
5/8/2021 9:45:55 PM : ping
5/8/2021 9:45:55 PM : ping
5/8/2021 9:45:55 PM : ping
5/8/2021 9:45:56 PM : ping
5/8/2021 9:45:56 PM : ping
5/8/2021 9:45:56 PM : ping
5/8/2021 9:45:57 PM : ping
5/8/2021 9:45:57 PM : ping
5/8/2021 9:45:57 PM : ping
5/8/2021 9:45:58 PM : ping
5/8/2021 9:45:58 PM : ping
5/8/2021 9:45:58 PM : ping
5/8/2021 9:45:59 PM : ping
5/8/2021 9:45:59 PM : ping
5/8/2021 9:45:59 PM : ping
5/8/2021 9:46:00 PM : ping
5/8/2021 9:46:00 PM : ping
5/8/2021 9:46:00 PM : ping
5/8/2021 9:46:01 PM : ping
5/8/2021 9:46:01 PM : ping
5/8/2021 9:46:01 PM : ping
5/8/2021 9:46:03 PM : ping
5/8/2021 9:46:03 PM : ping
5/8/2021 9:46:03 PM : ping
5/8/2021 9:46:04 PM : ping
5/8/2021 9:46:04 PM : ping
5/8/2021 9:46:04 PM : ping
5/8/2021 9:46:05 PM : ping
5/8/2021 9:46:05 PM : ping
5/8/2021 9:46:05 PM : ping
5/8/2021 9:46:06 PM : ping
5/8/2021 9:46:06 PM : ping
5/8/2021 9:46:06 PM : ping
5/8/2021 9:46:07 PM : ping
5/8/2021 9:46:07 PM : ping
5/8/2021 9:46:07 PM : ping
5/8/2021 9:46:08 PM : ping
5/8/2021 9:46:08 PM : ping
5/8/2021 9:46:08 PM : ping
5/8/2021 9:46:09 PM : ping
5/8/2021 9:46:09 PM : ping
5/8/2021 9:46:09 PM : ping
5/8/2021 9:46:10 PM : ping
5/8/2021 9:46:10 PM : ping
5/8/2021 9:46:10 PM : ping
5/8/2021 9:46:11 PM : ping
5/8/2021 9:46:11 PM : ping
5/8/2021 9:46:11 PM : ping
5/8/2021 9:46:13 PM : ping
5/8/2021 9:46:13 PM : ping
5/8/2021 9:46:13 PM : ping
5/8/2021 9:46:14 PM : ping
5/8/2021 9:46:14 PM : ping
5/8/2021 9:46:14 PM : ping
5/8/2021 9:46:15 PM : ping
5/8/2021 9:46:15 PM : ping
5/8/2021 9:46:15 PM : ping
5/8/2021 9:46:16 PM : ping
5/8/2021 9:46:16 PM : ping
5/8/2021 9:46:16 PM : ping
5/8/2021 9:46:17 PM : ping
5/8/2021 9:46:17 PM : ping
5/8/2021 9:46:17 PM : ping
5/8/2021 9:46:18 PM : ping
5/8/2021 9:46:18 PM : ping
5/8/2021 9:46:18 PM : ping
5/8/2021 9:46:19 PM : ping
5/8/2021 9:46:19 PM : ping
5/8/2021 9:46:19 PM : ping
5/8/2021 9:46:20 PM : ping
5/8/2021 9:46:20 PM : ping
5/8/2021 9:46:20 PM : ping
5/8/2021 9:46:21 PM : ping
5/8/2021 9:46:21 PM : ping
5/8/2021 9:46:21 PM : ping
5/8/2021 9:46:22 PM : ping
5/8/2021 9:46:22 PM : ping
5/8/2021 9:46:22 PM : ping
5/8/2021 9:46:24 PM : ping
5/8/2021 9:46:24 PM : ping
5/8/2021 9:46:24 PM : ping
5/8/2021 9:46:25 PM : ping
5/8/2021 9:46:25 PM : ping
5/8/2021 9:46:25 PM : ping
5/8/2021 9:46:26 PM : ping
5/8/2021 9:46:26 PM : ping
5/8/2021 9:46:26 PM : ping
5/8/2021 9:46:27 PM : ping
5/8/2021 9:46:27 PM : ping
5/8/2021 9:46:27 PM : ping
5/8/2021 9:46:28 PM : ping
5/8/2021 9:46:28 PM : ping
5/8/2021 9:46:28 PM : ping
5/8/2021 9:46:29 PM : ping
5/8/2021 9:46:29 PM : ping
5/8/2021 9:46:29 PM : ping
5/8/2021 9:46:30 PM : ping
5/8/2021 9:46:30 PM : ping
5/8/2021 9:46:30 PM : ping
5/8/2021 9:46:31 PM : ping
5/8/2021 9:46:31 PM : ping
5/8/2021 9:46:31 PM : ping
5/8/2021 9:46:32 PM : ping
5/8/2021 9:46:32 PM : ping
5/8/2021 9:46:32 PM : ping
5/8/2021 9:46:34 PM : ping
5/8/2021 9:46:34 PM : ping
5/8/2021 9:46:34 PM : ping
5/8/2021 9:46:35 PM : ping
5/8/2021 9:46:35 PM : ping
5/8/2021 9:46:35 PM : ping
5/8/2021 9:46:36 PM : ping
5/8/2021 9:46:36 PM : ping
5/8/2021 9:46:36 PM : ping
5/8/2021 9:46:37 PM : ping
5/8/2021 9:46:37 PM : ping
5/8/2021 9:46:37 PM : ping
5/8/2021 9:46:38 PM : ping
5/8/2021 9:46:38 PM : ping
5/8/2021 9:46:38 PM : ping
5/8/2021 9:46:39 PM : ping
5/8/2021 9:46:39 PM : ping
5/8/2021 9:46:39 PM : ping
5/8/2021 9:46:40 PM : ping
5/8/2021 9:46:40 PM : ping
5/8/2021 9:46:40 PM : ping
5/8/2021 9:46:41 PM : ping
5/8/2021 9:46:41 PM : ping
5/8/2021 9:46:41 PM : ping
5/8/2021 9:46:42 PM : ping
5/8/2021 9:46:42 PM : ping
5/8/2021 9:46:42 PM : ping
5/8/2021 9:46:44 PM : ping
5/8/2021 9:46:44 PM : ping
5/8/2021 9:46:44 PM : ping
5/8/2021 9:46:45 PM : ping
5/8/2021 9:46:45 PM : ping
5/8/2021 9:46:45 PM : ping
5/8/2021 9:46:46 PM : ping
5/8/2021 9:46:46 PM : ping
5/8/2021 9:46:46 PM : ping
5/8/2021 9:46:47 PM : ping
5/8/2021 9:46:47 PM : ping
5/8/2021 9:46:47 PM : ping
5/8/2021 9:46:48 PM : ping
5/8/2021 9:46:48 PM : ping
5/8/2021 9:46:48 PM : ping
5/8/2021 9:46:49 PM : ping
5/8/2021 9:46:49 PM : ping
5/8/2021 9:46:49 PM : ping
5/8/2021 9:46:50 PM : ping
5/8/2021 9:46:50 PM : ping
5/8/2021 9:46:50 PM : ping
5/8/2021 9:46:51 PM : ping
5/8/2021 9:46:51 PM : ping
5/8/2021 9:46:51 PM : ping
5/8/2021 9:46:52 PM : ping
5/8/2021 9:46:52 PM : ping
5/8/2021 9:46:52 PM : ping
5/8/2021 9:46:53 PM : ping
5/8/2021 9:46:53 PM : ping
5/8/2021 9:46:53 PM : ping
5/8/2021 9:46:55 PM : ping
5/8/2021 9:46:55 PM : ping
5/8/2021 9:46:55 PM : ping
5/8/2021 9:46:56 PM : ping
5/8/2021 9:46:56 PM : ping
5/8/2021 9:46:56 PM : ping
5/8/2021 9:46:57 PM : ping
5/8/2021 9:46:57 PM : ping
5/8/2021 9:46:57 PM : ping
5/8/2021 9:46:58 PM : ping
5/8/2021 9:46:58 PM : ping
5/8/2021 9:46:58 PM : ping
5/8/2021 9:46:59 PM : ping
5/8/2021 9:46:59 PM : ping
5/8/2021 9:46:59 PM : ping
5/8/2021 9:47:00 PM : kService.requestChannels.Count :5
5/8/2021 9:47:00 PM : kService.requestChannels.Count :5
5/8/2021 9:47:00 PM : ping
5/8/2021 9:47:00 PM : ping
5/8/2021 9:47:00 PM : ping
5/8/2021 9:47:01 PM : ping
5/8/2021 9:47:01 PM : ping
5/8/2021 9:47:01 PM : ping
5/8/2021 9:47:02 PM : ping
5/8/2021 9:47:02 PM : ping
5/8/2021 9:47:02 PM : ping
5/8/2021 9:47:03 PM : kService.requestChannels.Count :4
5/8/2021 9:47:03 PM : kService.requestChannels.Count :4
5/8/2021 9:47:03 PM : ping
5/8/2021 9:47:03 PM : ping
5/8/2021 9:47:03 PM : ping
5/8/2021 9:47:05 PM : ping
5/8/2021 9:47:05 PM : ping
5/8/2021 9:47:05 PM : ping
5/8/2021 9:47:06 PM : ping
5/8/2021 9:47:06 PM : ping
5/8/2021 9:47:06 PM : ping
5/8/2021 9:47:07 PM : ping
5/8/2021 9:47:07 PM : ping
5/8/2021 9:47:07 PM : ping
5/8/2021 9:47:08 PM : ping
5/8/2021 9:47:08 PM : ping
5/8/2021 9:47:08 PM : ping
5/8/2021 9:47:09 PM : ping
5/8/2021 9:47:09 PM : ping
5/8/2021 9:47:09 PM : ping
5/8/2021 9:47:10 PM : ping
5/8/2021 9:47:10 PM : ping
5/8/2021 9:47:10 PM : ping
5/8/2021 9:47:11 PM : ping
5/8/2021 9:47:11 PM : ping
5/8/2021 9:47:11 PM : ping
5/8/2021 9:47:12 PM : ping
5/8/2021 9:47:12 PM : ping
5/8/2021 9:47:12 PM : ping
5/8/2021 9:47:13 PM : ping
5/8/2021 9:47:13 PM : ping
5/8/2021 9:47:13 PM : ping
5/8/2021 9:47:15 PM : ping
5/8/2021 9:47:15 PM : ping
5/8/2021 9:47:15 PM : ping
5/8/2021 9:47:16 PM : ping
5/8/2021 9:47:16 PM : ping
5/8/2021 9:47:16 PM : ping
5/8/2021 9:47:17 PM : ping
5/8/2021 9:47:17 PM : ping
5/8/2021 9:47:17 PM : ping
5/8/2021 9:47:18 PM : ping
5/8/2021 9:47:18 PM : ping
5/8/2021 9:47:18 PM : ping
5/8/2021 9:47:19 PM : ping
5/8/2021 9:47:19 PM : ping
5/8/2021 9:47:19 PM : ping
5/8/2021 9:47:20 PM : kService.requestChannels.Count :3
5/8/2021 9:47:20 PM : kService.requestChannels.Count :3
5/8/2021 9:47:20 PM : ping
5/8/2021 9:47:20 PM : ping
5/8/2021 9:47:20 PM : ping
5/8/2021 9:47:21 PM : ping
5/8/2021 9:47:21 PM : ping
5/8/2021 9:47:21 PM : ping
5/8/2021 9:47:22 PM : ping
5/8/2021 9:47:22 PM : ping
5/8/2021 9:47:22 PM : ping
5/8/2021 9:47:23 PM : ping
5/8/2021 9:47:23 PM : ping
5/8/2021 9:47:23 PM : ping
5/8/2021 9:47:25 PM : ping
5/8/2021 9:47:25 PM : ping
5/8/2021 9:47:25 PM : ping
5/8/2021 9:47:26 PM : ping
5/8/2021 9:47:26 PM : ping
5/8/2021 9:47:26 PM : ping
5/8/2021 9:47:27 PM : ping
5/8/2021 9:47:27 PM : ping
5/8/2021 9:47:27 PM : ping
5/8/2021 9:47:28 PM : kService.requestChannels.Count :2
5/8/2021 9:47:28 PM : kService.requestChannels.Count :2
5/8/2021 9:47:28 PM : ping
5/8/2021 9:47:28 PM : ping
5/8/2021 9:47:28 PM : ping
5/8/2021 9:47:29 PM : ping
5/8/2021 9:47:29 PM : ping
5/8/2021 9:47:29 PM : ping
5/8/2021 9:47:30 PM : ping
5/8/2021 9:47:30 PM : ping
5/8/2021 9:47:30 PM : ping
5/8/2021 9:47:31 PM : ping
5/8/2021 9:47:31 PM : ping
5/8/2021 9:47:31 PM : ping
5/8/2021 9:47:32 PM : ping
5/8/2021 9:47:32 PM : ping
5/8/2021 9:47:32 PM : ping
5/8/2021 9:47:33 PM : ping
5/8/2021 9:47:33 PM : ping
5/8/2021 9:47:33 PM : ping
5/8/2021 9:47:34 PM : ping
5/8/2021 9:47:34 PM : ping
5/8/2021 9:47:35 PM : ping
5/8/2021 9:47:36 PM : ping
5/8/2021 9:47:36 PM : ping
5/8/2021 9:47:36 PM : ping
5/8/2021 9:47:37 PM : ping
5/8/2021 9:47:37 PM : ping
5/8/2021 9:47:37 PM : ping
5/8/2021 9:47:38 PM : ping
5/8/2021 9:47:38 PM : ping
5/8/2021 9:47:38 PM : ping
5/8/2021 9:47:39 PM : ping
5/8/2021 9:47:39 PM : ping
5/8/2021 9:47:39 PM : ping
5/8/2021 9:47:40 PM : ping
5/8/2021 9:47:40 PM : ping
5/8/2021 9:47:40 PM : ping
5/8/2021 9:47:41 PM : ping
5/8/2021 9:47:41 PM : ping
5/8/2021 9:47:41 PM : ping
5/8/2021 9:47:42 PM : ping
5/8/2021 9:47:42 PM : ping
5/8/2021 9:47:42 PM : ping
5/8/2021 9:47:43 PM : ping
5/8/2021 9:47:43 PM : ping
5/8/2021 9:47:43 PM : ping
5/8/2021 9:47:44 PM : ping
5/8/2021 9:47:44 PM : ping
5/8/2021 9:47:44 PM : ping
5/8/2021 9:47:46 PM : ping
5/8/2021 9:47:46 PM : ping
5/8/2021 9:47:46 PM : ping
5/8/2021 9:47:47 PM : ping
5/8/2021 9:47:47 PM : ping
5/8/2021 9:47:47 PM : ping
5/8/2021 9:47:48 PM : ping
5/8/2021 9:47:48 PM : ping
5/8/2021 9:47:48 PM : ping
5/8/2021 9:47:49 PM : ping
5/8/2021 9:47:49 PM : ping
5/8/2021 9:47:49 PM : ping
5/8/2021 9:47:50 PM : ping
5/8/2021 9:47:50 PM : ping
5/8/2021 9:47:50 PM : ping
5/8/2021 9:47:51 PM : ping
5/8/2021 9:47:51 PM : ping
5/8/2021 9:47:51 PM : ping
5/8/2021 9:47:52 PM : ping
5/8/2021 9:47:52 PM : ping
5/8/2021 9:47:52 PM : ping
5/8/2021 9:47:53 PM : ping
5/8/2021 9:47:53 PM : ping
5/8/2021 9:47:53 PM : ping
5/8/2021 9:47:54 PM : ping
5/8/2021 9:47:54 PM : ping
5/8/2021 9:47:54 PM : ping
5/8/2021 9:47:56 PM : ping
5/8/2021 9:47:56 PM : ping
5/8/2021 9:47:56 PM : ping
5/8/2021 9:47:57 PM : ping
5/8/2021 9:47:57 PM : ping
5/8/2021 9:47:57 PM : ping
5/8/2021 9:47:58 PM : ping
5/8/2021 9:47:58 PM : ping
5/8/2021 9:47:58 PM : ping
5/8/2021 9:47:59 PM : ping
5/8/2021 9:47:59 PM : ping
5/8/2021 9:47:59 PM : ping
5/8/2021 9:48:00 PM : ping
5/8/2021 9:48:00 PM : ping
5/8/2021 9:48:00 PM : ping
5/8/2021 9:48:01 PM : ping
5/8/2021 9:48:01 PM : ping
5/8/2021 9:48:01 PM : ping
5/8/2021 9:48:02 PM : ping
5/8/2021 9:48:02 PM : ping
5/8/2021 9:48:02 PM : ping
5/8/2021 9:48:03 PM : ping
5/8/2021 9:48:03 PM : ping
5/8/2021 9:48:03 PM : ping
5/8/2021 9:48:04 PM : ping
5/8/2021 9:48:04 PM : ping
5/8/2021 9:48:04 PM : ping
5/8/2021 9:48:06 PM : ping
5/8/2021 9:48:06 PM : ping
5/8/2021 9:48:06 PM : ping
5/8/2021 9:48:07 PM : ping
5/8/2021 9:48:07 PM : ping
5/8/2021 9:48:07 PM : ping
5/8/2021 9:48:08 PM : ping
5/8/2021 9:48:08 PM : ping
5/8/2021 9:48:08 PM : ping
5/8/2021 9:48:09 PM : ping
5/8/2021 9:48:09 PM : ping
5/8/2021 9:48:09 PM : ping
5/8/2021 9:48:10 PM : ping
5/8/2021 9:48:10 PM : ping
5/8/2021 9:48:10 PM : ping
5/8/2021 9:48:11 PM : ping
5/8/2021 9:48:11 PM : ping
5/8/2021 9:48:11 PM : ping
5/8/2021 9:48:12 PM : ping
5/8/2021 9:48:12 PM : ping
5/8/2021 9:48:12 PM : ping
5/8/2021 9:48:13 PM : ping
5/8/2021 9:48:13 PM : ping
5/8/2021 9:48:13 PM : ping
5/8/2021 9:48:14 PM : ping
5/8/2021 9:48:14 PM : ping
5/8/2021 9:48:14 PM : ping
5/8/2021 9:48:16 PM : ping
5/8/2021 9:48:16 PM : ping
5/8/2021 9:48:16 PM : ping
5/8/2021 9:48:17 PM : ping
5/8/2021 9:48:17 PM : ping
5/8/2021 9:48:17 PM : ping
5/8/2021 9:48:18 PM : ping
5/8/2021 9:48:18 PM : ping
5/8/2021 9:48:18 PM : ping
5/8/2021 9:48:19 PM : ping
5/8/2021 9:48:19 PM : ping
5/8/2021 9:48:19 PM : ping
5/8/2021 9:48:20 PM : ping
5/8/2021 9:48:20 PM : ping
5/8/2021 9:48:20 PM : ping
5/8/2021 9:48:21 PM : ping
5/8/2021 9:48:21 PM : ping
5/8/2021 9:48:21 PM : ping
5/8/2021 9:48:22 PM : ping
5/8/2021 9:48:22 PM : ping
5/8/2021 9:48:22 PM : ping
5/8/2021 9:48:23 PM : ping
5/8/2021 9:48:23 PM : ping
5/8/2021 9:48:23 PM : ping
5/8/2021 9:48:24 PM : ping
5/8/2021 9:48:24 PM : ping
5/8/2021 9:48:24 PM : ping
5/8/2021 9:48:25 PM : ping
5/8/2021 9:48:25 PM : ping
5/8/2021 9:48:26 PM : ping
5/8/2021 9:48:27 PM : ping
5/8/2021 9:48:27 PM : ping
5/8/2021 9:48:27 PM : ping
5/8/2021 9:48:28 PM : ping
5/8/2021 9:48:28 PM : ping
5/8/2021 9:48:28 PM : ping
5/8/2021 9:48:29 PM : ping
5/8/2021 9:48:29 PM : ping
5/8/2021 9:48:29 PM : ping
5/8/2021 9:48:30 PM : kService.requestChannels.Count :1
5/8/2021 9:48:30 PM : kService.requestChannels.Count :1
5/8/2021 9:48:30 PM : ping
5/8/2021 9:48:30 PM : ping
5/8/2021 9:48:30 PM : ping
5/8/2021 9:48:31 PM : ping
5/8/2021 9:48:31 PM : ping
5/8/2021 9:48:31 PM : ping
5/8/2021 9:48:32 PM : ping
5/8/2021 9:48:32 PM : ping
5/8/2021 9:48:32 PM : ping
5/8/2021 9:48:33 PM : ping
5/8/2021 9:48:33 PM : ping
5/8/2021 9:48:33 PM : ping
5/8/2021 9:48:34 PM : kService.requestChannels.Count :0
5/8/2021 9:48:34 PM : kService.requestChannels.Count :0
5/8/2021 9:48:34 PM : ping
5/8/2021 9:48:34 PM : ping
5/8/2021 9:48:34 PM : ping
5/8/2021 9:48:35 PM : ping
5/8/2021 9:48:35 PM : ping
5/8/2021 9:48:35 PM : ping
5/8/2021 9:48:37 PM : ping
5/8/2021 9:48:37 PM : ping
5/8/2021 9:48:37 PM : ping
5/8/2021 9:48:38 PM : ping
5/8/2021 9:48:38 PM : ping
5/8/2021 9:48:38 PM : ping
5/8/2021 9:48:39 PM : ping
5/8/2021 9:48:39 PM : ping
5/8/2021 9:48:39 PM : ping
5/8/2021 9:48:40 PM : ping
5/8/2021 9:48:40 PM : ping
5/8/2021 9:48:40 PM : ping
5/8/2021 9:48:41 PM : ping
5/8/2021 9:48:41 PM : ping
5/8/2021 9:48:41 PM : ping
5/8/2021 9:48:42 PM : ping
5/8/2021 9:48:42 PM : ping
5/8/2021 9:48:42 PM : ping
5/8/2021 9:48:43 PM : ping
5/8/2021 9:48:43 PM : ping
5/8/2021 9:48:43 PM : ping
5/8/2021 9:48:44 PM : ping
5/8/2021 9:48:44 PM : ping
5/8/2021 9:48:44 PM : ping
5/8/2021 9:48:45 PM : ping
5/8/2021 9:48:45 PM : ping
5/8/2021 9:48:45 PM : ping
5/8/2021 9:48:47 PM : ping
5/8/2021 9:48:47 PM : ping
5/8/2021 9:48:47 PM : ping
5/8/2021 9:48:48 PM : ping
5/8/2021 9:48:48 PM : ping
5/8/2021 9:48:48 PM : ping
5/8/2021 9:48:49 PM : ping
5/8/2021 9:48:49 PM : ping
5/8/2021 9:48:49 PM : ping
5/8/2021 9:48:50 PM : ping
5/8/2021 9:48:50 PM : ping
5/8/2021 9:48:50 PM : ping
5/8/2021 9:48:51 PM : ping
5/8/2021 9:48:51 PM : ping
5/8/2021 9:48:51 PM : ping
5/8/2021 9:48:52 PM : ping
5/8/2021 9:48:52 PM : ping
5/8/2021 9:48:52 PM : ping
5/8/2021 9:48:53 PM : ping
5/8/2021 9:48:53 PM : ping
5/8/2021 9:48:53 PM : ping
5/8/2021 9:48:54 PM : ping
5/8/2021 9:48:54 PM : ping
5/8/2021 9:48:54 PM : ping
5/8/2021 9:48:55 PM : ping
5/8/2021 9:48:55 PM : ping
5/8/2021 9:48:55 PM : ping
5/8/2021 9:48:57 PM : ping
5/8/2021 9:48:57 PM : ping
5/8/2021 9:48:57 PM : ping
5/8/2021 9:48:58 PM : ping
5/8/2021 9:48:58 PM : ping
5/8/2021 9:48:58 PM : ping
5/8/2021 9:48:59 PM : ping
5/8/2021 9:48:59 PM : ping
5/8/2021 9:48:59 PM : ping
5/8/2021 9:49:00 PM : ping
5/8/2021 9:49:00 PM : ping
5/8/2021 9:49:00 PM : ping
5/8/2021 9:49:01 PM : ping
5/8/2021 9:49:01 PM : ping
5/8/2021 9:49:01 PM : ping
5/8/2021 9:49:02 PM : ping
5/8/2021 9:49:02 PM : ping
5/8/2021 9:49:02 PM : ping
5/8/2021 9:49:03 PM : ping
5/8/2021 9:49:03 PM : ping
5/8/2021 9:49:03 PM : ping
5/8/2021 9:49:04 PM : ping
5/8/2021 9:49:04 PM : ping
5/8/2021 9:49:04 PM : ping
5/8/2021 9:49:05 PM : ping
5/8/2021 9:49:05 PM : ping
5/8/2021 9:49:05 PM : ping
5/8/2021 9:49:06 PM : ping
5/8/2021 9:49:06 PM : ping
5/8/2021 9:49:07 PM : ping
5/8/2021 9:49:08 PM : ping
5/8/2021 9:49:08 PM : ping
5/8/2021 9:49:08 PM : ping
5/8/2021 9:49:09 PM : ping
5/8/2021 9:49:09 PM : ping
5/8/2021 9:49:09 PM : ping
5/8/2021 9:49:10 PM : ping
5/8/2021 9:49:10 PM : ping
5/8/2021 9:49:10 PM : ping
5/8/2021 9:49:11 PM : ping
5/8/2021 9:49:11 PM : ping
5/8/2021 9:49:11 PM : ping
5/8/2021 9:49:12 PM : ping
5/8/2021 9:49:12 PM : ping
5/8/2021 9:49:12 PM : ping
5/8/2021 9:49:13 PM : ping
5/8/2021 9:49:13 PM : ping
5/8/2021 9:49:13 PM : ping
5/8/2021 9:49:14 PM : ping
5/8/2021 9:49:14 PM : ping
5/8/2021 9:49:14 PM : ping
5/8/2021 9:49:15 PM : ping
5/8/2021 9:49:15 PM : ping
5/8/2021 9:49:15 PM : ping
5/8/2021 9:49:16 PM : ping
5/8/2021 9:49:16 PM : ping
5/8/2021 9:49:16 PM : ping
5/8/2021 9:49:18 PM : ping
5/8/2021 9:49:18 PM : ping
5/8/2021 9:49:18 PM : ping
5/8/2021 9:49:19 PM : ping
5/8/2021 9:49:19 PM : ping
5/8/2021 9:49:19 PM : ping
5/8/2021 9:49:20 PM : ping
5/8/2021 9:49:20 PM : ping
5/8/2021 9:49:20 PM : ping
5/8/2021 9:49:21 PM : ping
5/8/2021 9:49:21 PM : ping
5/8/2021 9:49:21 PM : ping
5/8/2021 9:49:22 PM : ping
5/8/2021 9:49:22 PM : ping
5/8/2021 9:49:22 PM : ping
5/8/2021 9:49:23 PM : ping
5/8/2021 9:49:23 PM : ping
5/8/2021 9:49:23 PM : ping
5/8/2021 9:49:24 PM : ping
5/8/2021 9:49:24 PM : ping
5/8/2021 9:49:24 PM : ping
5/8/2021 9:49:25 PM : ping
5/8/2021 9:49:25 PM : ping
5/8/2021 9:49:25 PM : ping
5/8/2021 9:49:26 PM : ping
5/8/2021 9:49:26 PM : ping
5/8/2021 9:49:26 PM : ping
5/8/2021 9:49:28 PM : ping
5/8/2021 9:49:28 PM : ping
5/8/2021 9:49:28 PM : ping
5/8/2021 9:49:29 PM : ping
5/8/2021 9:49:29 PM : ping
5/8/2021 9:49:29 PM : ping
5/8/2021 9:49:30 PM : ping
5/8/2021 9:49:30 PM : ping
5/8/2021 9:49:30 PM : ping
5/8/2021 9:49:31 PM : ping
5/8/2021 9:49:31 PM : ping
5/8/2021 9:49:31 PM : ping
5/8/2021 9:49:32 PM : ping
5/8/2021 9:49:32 PM : ping
5/8/2021 9:49:32 PM : ping
5/8/2021 9:49:33 PM : ping
5/8/2021 9:49:33 PM : ping
5/8/2021 9:49:33 PM : ping
5/8/2021 9:49:34 PM : ping
5/8/2021 9:49:34 PM : ping
5/8/2021 9:49:34 PM : ping
5/8/2021 9:49:35 PM : ping
5/8/2021 9:49:35 PM : ping
5/8/2021 9:49:35 PM : ping
5/8/2021 9:49:36 PM : ping
5/8/2021 9:49:36 PM : ping
5/8/2021 9:49:36 PM : ping
5/8/2021 9:49:37 PM : ping
5/8/2021 9:49:37 PM : ping
5/8/2021 9:49:38 PM : ping
5/8/2021 9:49:39 PM : ping
5/8/2021 9:49:39 PM : ping
5/8/2021 9:49:39 PM : ping
5/8/2021 9:49:40 PM : ping
5/8/2021 9:49:40 PM : ping
5/8/2021 9:49:40 PM : ping
5/8/2021 9:49:41 PM : ping
5/8/2021 9:49:41 PM : ping
5/8/2021 9:49:41 PM : ping
5/8/2021 9:49:42 PM : ping
5/8/2021 9:49:42 PM : ping
5/8/2021 9:49:42 PM : ping
5/8/2021 9:49:43 PM : ping
5/8/2021 9:49:43 PM : ping
5/8/2021 9:49:43 PM : ping
5/8/2021 9:49:44 PM : ping
5/8/2021 9:49:44 PM : ping
5/8/2021 9:49:44 PM : ping
5/8/2021 9:49:45 PM : ping
5/8/2021 9:49:45 PM : ping
5/8/2021 9:49:45 PM : ping
5/8/2021 9:49:46 PM : ping
5/8/2021 9:49:46 PM : ping
5/8/2021 9:49:46 PM : ping
5/8/2021 9:49:47 PM : ping
5/8/2021 9:49:47 PM : ping
5/8/2021 9:49:47 PM : ping
5/8/2021 9:49:49 PM : ping
5/8/2021 9:49:49 PM : ping
5/8/2021 9:49:49 PM : ping
5/8/2021 9:49:50 PM : ping
5/8/2021 9:49:50 PM : ping
5/8/2021 9:49:50 PM : ping
5/8/2021 9:49:51 PM : ping
5/8/2021 9:49:51 PM : ping
5/8/2021 9:49:51 PM : ping
5/8/2021 9:49:52 PM : ping
5/8/2021 9:49:52 PM : ping
5/8/2021 9:49:52 PM : ping
5/8/2021 9:49:53 PM : ping
5/8/2021 9:49:53 PM : ping
5/8/2021 9:49:53 PM : ping
5/8/2021 9:49:54 PM : ping
5/8/2021 9:49:54 PM : ping
5/8/2021 9:49:54 PM : ping
5/8/2021 9:49:55 PM : ping
5/8/2021 9:49:55 PM : ping
5/8/2021 9:49:55 PM : ping
5/8/2021 9:49:56 PM : ping
5/8/2021 9:49:56 PM : ping
5/8/2021 9:49:56 PM : ping
5/8/2021 9:49:57 PM : ping
5/8/2021 9:49:57 PM : ping
5/8/2021 9:49:57 PM : ping
5/8/2021 9:49:59 PM : ping
5/8/2021 9:49:59 PM : ping
5/8/2021 9:49:59 PM : ping
5/8/2021 9:50:00 PM : ping
5/8/2021 9:50:00 PM : ping
5/8/2021 9:50:00 PM : ping
5/8/2021 9:50:01 PM : ping
5/8/2021 9:50:01 PM : ping
5/8/2021 9:50:01 PM : ping
5/8/2021 9:50:02 PM : ping
5/8/2021 9:50:02 PM : ping
5/8/2021 9:50:02 PM : ping
5/8/2021 9:50:03 PM : ping
5/8/2021 9:50:03 PM : ping
5/8/2021 9:50:03 PM : ping
5/8/2021 9:50:04 PM : ping
5/8/2021 9:50:04 PM : ping
5/8/2021 9:50:04 PM : ping
5/8/2021 9:50:05 PM : ping
5/8/2021 9:50:05 PM : ping
5/8/2021 9:50:05 PM : ping
5/8/2021 9:50:06 PM : ping
5/8/2021 9:50:06 PM : ping
5/8/2021 9:50:06 PM : ping
5/8/2021 9:50:07 PM : ping
5/8/2021 9:50:07 PM : ping
5/8/2021 9:50:07 PM : ping
5/8/2021 9:50:09 PM : ping
5/8/2021 9:50:09 PM : ping
5/8/2021 9:50:09 PM : ping
5/8/2021 9:50:10 PM : ping
5/8/2021 9:50:10 PM : ping
5/8/2021 9:50:10 PM : ping
5/8/2021 9:50:11 PM : ping
5/8/2021 9:50:11 PM : ping
5/8/2021 9:50:11 PM : ping
5/8/2021 9:50:12 PM : ping
5/8/2021 9:50:12 PM : ping
5/8/2021 9:50:12 PM : ping
5/8/2021 9:50:13 PM : ping
5/8/2021 9:50:13 PM : ping
5/8/2021 9:50:13 PM : ping
5/8/2021 9:50:14 PM : ping
5/8/2021 9:50:14 PM : ping
5/8/2021 9:50:14 PM : ping
5/8/2021 9:50:15 PM : ping
5/8/2021 9:50:15 PM : ping
5/8/2021 9:50:15 PM : ping
5/8/2021 9:50:16 PM : ping
5/8/2021 9:50:16 PM : ping
5/8/2021 9:50:16 PM : ping
5/8/2021 9:50:17 PM : ping
5/8/2021 9:50:17 PM : ping
5/8/2021 9:50:17 PM : ping
5/8/2021 9:50:18 PM : ping
5/8/2021 9:50:18 PM : ping
5/8/2021 9:50:18 PM : ping
