log begin
..............
5/16/2021 10:20:26 PM : ping
5/16/2021 10:20:26 PM : ping
5/16/2021 10:20:26 PM : ping
5/16/2021 10:20:27 PM : ping
5/16/2021 10:20:27 PM : ping
5/16/2021 10:20:27 PM : ping
5/16/2021 10:20:28 PM : ping
5/16/2021 10:20:28 PM : ping
5/16/2021 10:20:28 PM : ping
5/16/2021 10:20:29 PM : ping
5/16/2021 10:20:29 PM : ping
5/16/2021 10:20:29 PM : ping
5/16/2021 10:20:30 PM : ping
5/16/2021 10:20:30 PM : ping
5/16/2021 10:20:30 PM : ping
5/16/2021 10:20:31 PM : ping
5/16/2021 10:20:31 PM : ping
5/16/2021 10:20:31 PM : ping
5/16/2021 10:20:32 PM : ping
5/16/2021 10:20:32 PM : ping
5/16/2021 10:20:32 PM : ping
5/16/2021 10:20:34 PM : ping
5/16/2021 10:20:34 PM : ping
5/16/2021 10:20:34 PM : ping
5/16/2021 10:20:35 PM : ping
5/16/2021 10:20:35 PM : ping
5/16/2021 10:20:35 PM : ping
5/16/2021 10:20:36 PM : ping
5/16/2021 10:20:36 PM : ping
5/16/2021 10:20:36 PM : ping
5/16/2021 10:20:37 PM : ping
5/16/2021 10:20:37 PM : ping
5/16/2021 10:20:37 PM : ping
5/16/2021 10:20:38 PM : ping
5/16/2021 10:20:38 PM : ping
5/16/2021 10:20:38 PM : ping
5/16/2021 10:20:39 PM : ping
5/16/2021 10:20:39 PM : ping
5/16/2021 10:20:39 PM : ping
5/16/2021 10:20:40 PM : ping
5/16/2021 10:20:40 PM : ping
5/16/2021 10:20:40 PM : ping
5/16/2021 10:20:41 PM : ping
5/16/2021 10:20:41 PM : ping
5/16/2021 10:20:41 PM : ping
5/16/2021 10:20:42 PM : ping
5/16/2021 10:20:42 PM : ping
5/16/2021 10:20:42 PM : ping
5/16/2021 10:20:44 PM : ping
5/16/2021 10:20:44 PM : ping
5/16/2021 10:20:44 PM : ping
5/16/2021 10:20:45 PM : ping
5/16/2021 10:20:45 PM : ping
5/16/2021 10:20:45 PM : ping
5/16/2021 10:20:46 PM : ping
5/16/2021 10:20:46 PM : ping
5/16/2021 10:20:46 PM : ping
5/16/2021 10:20:47 PM : ping
5/16/2021 10:20:47 PM : ping
5/16/2021 10:20:47 PM : ping
5/16/2021 10:20:48 PM : ping
5/16/2021 10:20:48 PM : ping
5/16/2021 10:20:48 PM : ping
5/16/2021 10:20:49 PM : ping
5/16/2021 10:20:49 PM : ping
5/16/2021 10:20:49 PM : ping
5/16/2021 10:20:50 PM : ping
5/16/2021 10:20:50 PM : ping
5/16/2021 10:20:50 PM : ping
5/16/2021 10:20:51 PM : ping
5/16/2021 10:20:51 PM : ping
5/16/2021 10:20:51 PM : ping
5/16/2021 10:20:52 PM : ping
5/16/2021 10:20:52 PM : ping
5/16/2021 10:20:52 PM : ping
5/16/2021 10:20:54 PM : ping
5/16/2021 10:20:54 PM : ping
5/16/2021 10:20:54 PM : ping
5/16/2021 10:20:55 PM : ping
5/16/2021 10:20:55 PM : ping
5/16/2021 10:20:55 PM : ping
5/16/2021 10:20:56 PM : ping
5/16/2021 10:20:56 PM : ping
5/16/2021 10:20:56 PM : ping
5/16/2021 10:20:57 PM : ping
5/16/2021 10:20:57 PM : ping
5/16/2021 10:20:57 PM : ping
5/16/2021 10:20:58 PM : ping
5/16/2021 10:20:58 PM : ping
5/16/2021 10:20:58 PM : ping
5/16/2021 10:20:59 PM : ping
5/16/2021 10:20:59 PM : ping
5/16/2021 10:20:59 PM : ping
5/16/2021 10:21:00 PM : ping
5/16/2021 10:21:00 PM : ping
5/16/2021 10:21:00 PM : ping
5/16/2021 10:21:01 PM : ping
5/16/2021 10:21:01 PM : ping
5/16/2021 10:21:01 PM : ping
5/16/2021 10:21:02 PM : ping
5/16/2021 10:21:02 PM : ping
5/16/2021 10:21:02 PM : ping
5/16/2021 10:21:04 PM : ping
5/16/2021 10:21:04 PM : ping
5/16/2021 10:21:04 PM : ping
5/16/2021 10:21:05 PM : ping
5/16/2021 10:21:05 PM : ping
5/16/2021 10:21:05 PM : ping
5/16/2021 10:21:06 PM : ping
5/16/2021 10:21:06 PM : ping
5/16/2021 10:21:06 PM : ping
5/16/2021 10:21:07 PM : ping
5/16/2021 10:21:07 PM : ping
5/16/2021 10:21:07 PM : ping
5/16/2021 10:21:08 PM : ping
5/16/2021 10:21:08 PM : ping
5/16/2021 10:21:08 PM : ping
5/16/2021 10:21:09 PM : ping
5/16/2021 10:21:09 PM : ping
5/16/2021 10:21:09 PM : ping
5/16/2021 10:21:10 PM : ping
5/16/2021 10:21:10 PM : ping
5/16/2021 10:21:10 PM : ping
5/16/2021 10:21:11 PM : ping
5/16/2021 10:21:11 PM : ping
5/16/2021 10:21:11 PM : ping
5/16/2021 10:21:12 PM : ping
5/16/2021 10:21:12 PM : ping
5/16/2021 10:21:12 PM : ping
5/16/2021 10:21:14 PM : ping
5/16/2021 10:21:14 PM : ping
5/16/2021 10:21:14 PM : ping
5/16/2021 10:21:15 PM : ping
5/16/2021 10:21:15 PM : ping
5/16/2021 10:21:15 PM : ping
5/16/2021 10:21:16 PM : ping
5/16/2021 10:21:16 PM : ping
5/16/2021 10:21:16 PM : ping
5/16/2021 10:21:17 PM : ping
5/16/2021 10:21:17 PM : ping
5/16/2021 10:21:17 PM : ping
5/16/2021 10:21:18 PM : ping
5/16/2021 10:21:18 PM : ping
5/16/2021 10:21:18 PM : ping
5/16/2021 10:21:19 PM : ping
5/16/2021 10:21:19 PM : ping
5/16/2021 10:21:19 PM : ping
5/16/2021 10:21:20 PM : ping
5/16/2021 10:21:20 PM : ping
5/16/2021 10:21:20 PM : ping
5/16/2021 10:21:21 PM : ping
5/16/2021 10:21:21 PM : ping
5/16/2021 10:21:21 PM : ping
5/16/2021 10:21:22 PM : ping
5/16/2021 10:21:22 PM : ping
5/16/2021 10:21:22 PM : ping
5/16/2021 10:21:24 PM : ping
5/16/2021 10:21:24 PM : ping
5/16/2021 10:21:24 PM : ping
5/16/2021 10:21:25 PM : ping
5/16/2021 10:21:25 PM : ping
5/16/2021 10:21:25 PM : ping
5/16/2021 10:21:26 PM : ping
5/16/2021 10:21:26 PM : ping
5/16/2021 10:21:26 PM : ping
5/16/2021 10:21:27 PM : ping
5/16/2021 10:21:27 PM : ping
5/16/2021 10:21:27 PM : ping
5/16/2021 10:21:28 PM : ping
5/16/2021 10:21:28 PM : ping
5/16/2021 10:21:28 PM : ping
5/16/2021 10:21:29 PM : ping
5/16/2021 10:21:29 PM : ping
5/16/2021 10:21:29 PM : ping
5/16/2021 10:21:30 PM : ping
5/16/2021 10:21:30 PM : ping
5/16/2021 10:21:30 PM : ping
5/16/2021 10:21:31 PM : launch server at port: 7003
5/16/2021 10:21:31 PM : ping
5/16/2021 10:21:31 PM : ping
5/16/2021 10:21:31 PM : ping
5/16/2021 10:21:32 PM : launch server at port: 7004
5/16/2021 10:21:32 PM : launch server at port: 7005
5/16/2021 10:21:32 PM : launch server at port: 7006
5/16/2021 10:21:32 PM : ping
5/16/2021 10:21:32 PM : ping
5/16/2021 10:21:32 PM : ping
5/16/2021 10:21:33 PM : launch server at port: 7007
5/16/2021 10:21:33 PM : launch server at port: 7008
5/16/2021 10:21:33 PM : launch server at port: 7009
5/16/2021 10:21:34 PM : ping
5/16/2021 10:21:34 PM : ping
5/16/2021 10:21:34 PM : ping
5/16/2021 10:21:35 PM : ping
5/16/2021 10:21:35 PM : ping
5/16/2021 10:21:35 PM : ping
5/16/2021 10:21:36 PM : ping
5/16/2021 10:21:36 PM : ping
5/16/2021 10:21:36 PM : ping
5/16/2021 10:21:37 PM : ping
5/16/2021 10:21:37 PM : ping
5/16/2021 10:21:37 PM : ping
5/16/2021 10:21:38 PM : ping
5/16/2021 10:21:38 PM : ping
5/16/2021 10:21:38 PM : ping
5/16/2021 10:21:39 PM : ping
5/16/2021 10:21:39 PM : ping
5/16/2021 10:21:39 PM : ping
5/16/2021 10:21:40 PM : ping
5/16/2021 10:21:40 PM : ping
5/16/2021 10:21:40 PM : ping
5/16/2021 10:21:41 PM : ping
5/16/2021 10:21:41 PM : ping
5/16/2021 10:21:41 PM : ping
5/16/2021 10:21:42 PM : ping
5/16/2021 10:21:42 PM : ping
5/16/2021 10:21:42 PM : ping
5/16/2021 10:21:44 PM : ping
5/16/2021 10:21:44 PM : ping
5/16/2021 10:21:44 PM : ping
5/16/2021 10:21:45 PM : ping
5/16/2021 10:21:45 PM : ping
5/16/2021 10:21:45 PM : ping
5/16/2021 10:21:46 PM : ping
5/16/2021 10:21:46 PM : ping
5/16/2021 10:21:46 PM : ping
5/16/2021 10:21:47 PM : ping
5/16/2021 10:21:47 PM : ping
5/16/2021 10:21:47 PM : ping
5/16/2021 10:21:48 PM : ping
5/16/2021 10:21:48 PM : ping
5/16/2021 10:21:48 PM : ping
5/16/2021 10:21:49 PM : ping
5/16/2021 10:21:49 PM : ping
5/16/2021 10:21:49 PM : ping
5/16/2021 10:21:50 PM : ping
5/16/2021 10:21:50 PM : ping
5/16/2021 10:21:50 PM : ping
5/16/2021 10:21:51 PM : ping
5/16/2021 10:21:51 PM : ping
5/16/2021 10:21:51 PM : ping
5/16/2021 10:21:52 PM : ping
5/16/2021 10:21:52 PM : ping
5/16/2021 10:21:52 PM : ping
5/16/2021 10:21:54 PM : ping
5/16/2021 10:21:54 PM : ping
5/16/2021 10:21:54 PM : ping
5/16/2021 10:21:55 PM : ping
5/16/2021 10:21:55 PM : ping
5/16/2021 10:21:55 PM : ping
5/16/2021 10:21:56 PM : ping
5/16/2021 10:21:56 PM : ping
5/16/2021 10:21:56 PM : ping
5/16/2021 10:21:57 PM : ping
5/16/2021 10:21:57 PM : ping
5/16/2021 10:21:57 PM : ping
5/16/2021 10:21:58 PM : ping
5/16/2021 10:21:58 PM : ping
5/16/2021 10:21:58 PM : ping
5/16/2021 10:21:59 PM : ping
5/16/2021 10:21:59 PM : ping
5/16/2021 10:21:59 PM : ping
5/16/2021 10:22:00 PM : ping
5/16/2021 10:22:00 PM : ping
5/16/2021 10:22:00 PM : ping
5/16/2021 10:22:01 PM : ping
5/16/2021 10:22:01 PM : ping
5/16/2021 10:22:01 PM : ping
5/16/2021 10:22:02 PM : ping
5/16/2021 10:22:02 PM : ping
5/16/2021 10:22:02 PM : ping
5/16/2021 10:22:04 PM : ping
5/16/2021 10:22:04 PM : ping
5/16/2021 10:22:04 PM : ping
5/16/2021 10:22:05 PM : ping
5/16/2021 10:22:05 PM : ping
5/16/2021 10:22:05 PM : ping
5/16/2021 10:22:06 PM : ping
5/16/2021 10:22:06 PM : ping
5/16/2021 10:22:06 PM : ping
5/16/2021 10:22:07 PM : ping
5/16/2021 10:22:07 PM : ping
5/16/2021 10:22:07 PM : ping
5/16/2021 10:22:08 PM : ping
5/16/2021 10:22:08 PM : ping
5/16/2021 10:22:08 PM : ping
5/16/2021 10:22:09 PM : ping
5/16/2021 10:22:09 PM : ping
5/16/2021 10:22:09 PM : ping
5/16/2021 10:22:10 PM : ping
5/16/2021 10:22:10 PM : ping
5/16/2021 10:22:10 PM : ping
5/16/2021 10:22:11 PM : ping
5/16/2021 10:22:11 PM : ping
5/16/2021 10:22:11 PM : ping
5/16/2021 10:22:12 PM : ping
5/16/2021 10:22:12 PM : ping
5/16/2021 10:22:12 PM : ping
5/16/2021 10:22:13 PM : ping
5/16/2021 10:22:13 PM : ping
5/16/2021 10:22:13 PM : ping
5/16/2021 10:22:15 PM : ping
5/16/2021 10:22:15 PM : ping
5/16/2021 10:22:15 PM : ping
5/16/2021 10:22:16 PM : ping
5/16/2021 10:22:16 PM : ping
5/16/2021 10:22:16 PM : ping
5/16/2021 10:22:17 PM : ping
5/16/2021 10:22:17 PM : ping
5/16/2021 10:22:17 PM : ping
5/16/2021 10:22:18 PM : ping
5/16/2021 10:22:18 PM : ping
5/16/2021 10:22:18 PM : ping
5/16/2021 10:22:19 PM : ping
5/16/2021 10:22:19 PM : ping
5/16/2021 10:22:19 PM : ping
5/16/2021 10:22:20 PM : ping
5/16/2021 10:22:20 PM : ping
5/16/2021 10:22:20 PM : ping
5/16/2021 10:22:21 PM : ping
5/16/2021 10:22:21 PM : ping
5/16/2021 10:22:21 PM : ping
5/16/2021 10:22:22 PM : ping
5/16/2021 10:22:22 PM : ping
5/16/2021 10:22:22 PM : ping
5/16/2021 10:22:23 PM : ping
5/16/2021 10:22:23 PM : ping
5/16/2021 10:22:23 PM : ping
5/16/2021 10:22:25 PM : ping
5/16/2021 10:22:25 PM : ping
5/16/2021 10:22:25 PM : ping
5/16/2021 10:22:26 PM : ping
5/16/2021 10:22:26 PM : ping
5/16/2021 10:22:26 PM : ping
5/16/2021 10:22:27 PM : ping
5/16/2021 10:22:27 PM : ping
5/16/2021 10:22:27 PM : ping
5/16/2021 10:22:28 PM : ping
5/16/2021 10:22:28 PM : ping
5/16/2021 10:22:28 PM : ping
5/16/2021 10:22:29 PM : ping
5/16/2021 10:22:29 PM : ping
5/16/2021 10:22:29 PM : ping
5/16/2021 10:22:30 PM : ping
5/16/2021 10:22:30 PM : ping
5/16/2021 10:22:30 PM : ping
5/16/2021 10:22:31 PM : ping
5/16/2021 10:22:31 PM : ping
5/16/2021 10:22:31 PM : ping
5/16/2021 10:22:32 PM : ping
5/16/2021 10:22:32 PM : ping
5/16/2021 10:22:32 PM : ping
5/16/2021 10:22:33 PM : ping
5/16/2021 10:22:33 PM : ping
5/16/2021 10:22:33 PM : ping
5/16/2021 10:22:35 PM : ping
5/16/2021 10:22:35 PM : ping
5/16/2021 10:22:35 PM : ping
5/16/2021 10:22:36 PM : ping
5/16/2021 10:22:36 PM : ping
5/16/2021 10:22:36 PM : ping
5/16/2021 10:22:37 PM : ping
5/16/2021 10:22:37 PM : ping
5/16/2021 10:22:37 PM : ping
5/16/2021 10:22:38 PM : ping
5/16/2021 10:22:38 PM : ping
5/16/2021 10:22:38 PM : ping
5/16/2021 10:22:39 PM : ping
5/16/2021 10:22:39 PM : ping
5/16/2021 10:22:39 PM : ping
5/16/2021 10:22:40 PM : ping
5/16/2021 10:22:40 PM : ping
5/16/2021 10:22:40 PM : ping
5/16/2021 10:22:41 PM : ping
5/16/2021 10:22:41 PM : ping
5/16/2021 10:22:41 PM : ping
5/16/2021 10:22:42 PM : ping
5/16/2021 10:22:42 PM : ping
5/16/2021 10:22:42 PM : ping
5/16/2021 10:22:43 PM : ping
5/16/2021 10:22:43 PM : ping
5/16/2021 10:22:43 PM : ping
5/16/2021 10:22:45 PM : ping
5/16/2021 10:22:45 PM : ping
5/16/2021 10:22:45 PM : ping
5/16/2021 10:22:46 PM : ping
5/16/2021 10:22:46 PM : ping
5/16/2021 10:22:46 PM : ping
5/16/2021 10:22:47 PM : ping
5/16/2021 10:22:47 PM : ping
5/16/2021 10:22:47 PM : ping
5/16/2021 10:22:48 PM : ping
5/16/2021 10:22:48 PM : ping
5/16/2021 10:22:48 PM : ping
5/16/2021 10:22:49 PM : ping
5/16/2021 10:22:49 PM : ping
5/16/2021 10:22:49 PM : ping
5/16/2021 10:22:50 PM : ping
5/16/2021 10:22:50 PM : ping
5/16/2021 10:22:50 PM : ping
5/16/2021 10:22:51 PM : ping
5/16/2021 10:22:51 PM : ping
5/16/2021 10:22:51 PM : ping
5/16/2021 10:22:52 PM : ping
5/16/2021 10:22:52 PM : ping
5/16/2021 10:22:52 PM : ping
5/16/2021 10:22:53 PM : ping
5/16/2021 10:22:53 PM : ping
5/16/2021 10:22:53 PM : ping
5/16/2021 10:22:55 PM : ping
5/16/2021 10:22:55 PM : ping
5/16/2021 10:22:55 PM : ping
5/16/2021 10:22:56 PM : ping
5/16/2021 10:22:56 PM : ping
5/16/2021 10:22:56 PM : ping
5/16/2021 10:22:57 PM : ping
5/16/2021 10:22:57 PM : ping
5/16/2021 10:22:57 PM : ping
5/16/2021 10:22:58 PM : ping
5/16/2021 10:22:58 PM : ping
5/16/2021 10:22:58 PM : ping
5/16/2021 10:22:59 PM : ping
5/16/2021 10:22:59 PM : ping
5/16/2021 10:22:59 PM : ping
5/16/2021 10:23:00 PM : ping
5/16/2021 10:23:00 PM : ping
5/16/2021 10:23:00 PM : ping
5/16/2021 10:23:01 PM : ping
5/16/2021 10:23:01 PM : ping
5/16/2021 10:23:01 PM : ping
5/16/2021 10:23:02 PM : ping
5/16/2021 10:23:02 PM : ping
5/16/2021 10:23:02 PM : ping
5/16/2021 10:23:03 PM : ping
5/16/2021 10:23:03 PM : ping
5/16/2021 10:23:03 PM : ping
5/16/2021 10:23:05 PM : ping
5/16/2021 10:23:05 PM : ping
5/16/2021 10:23:05 PM : ping
5/16/2021 10:23:06 PM : ping
5/16/2021 10:23:06 PM : ping
5/16/2021 10:23:06 PM : ping
5/16/2021 10:23:07 PM : ping
5/16/2021 10:23:07 PM : ping
5/16/2021 10:23:07 PM : ping
5/16/2021 10:23:08 PM : ping
5/16/2021 10:23:08 PM : ping
5/16/2021 10:23:08 PM : ping
5/16/2021 10:23:09 PM : ping
5/16/2021 10:23:09 PM : ping
5/16/2021 10:23:09 PM : ping
5/16/2021 10:23:10 PM : ping
5/16/2021 10:23:10 PM : ping
5/16/2021 10:23:10 PM : ping
5/16/2021 10:23:11 PM : ping
5/16/2021 10:23:11 PM : ping
5/16/2021 10:23:11 PM : ping
5/16/2021 10:23:12 PM : ping
5/16/2021 10:23:12 PM : ping
5/16/2021 10:23:12 PM : ping
5/16/2021 10:23:13 PM : ping
5/16/2021 10:23:13 PM : ping
5/16/2021 10:23:13 PM : ping
5/16/2021 10:23:14 PM : ping
5/16/2021 10:23:14 PM : ping
5/16/2021 10:23:14 PM : ping
5/16/2021 10:23:16 PM : ping
5/16/2021 10:23:16 PM : ping
5/16/2021 10:23:16 PM : ping
5/16/2021 10:23:17 PM : ping
5/16/2021 10:23:17 PM : ping
5/16/2021 10:23:17 PM : ping
5/16/2021 10:23:18 PM : ping
5/16/2021 10:23:18 PM : ping
5/16/2021 10:23:18 PM : ping
5/16/2021 10:23:19 PM : ping
5/16/2021 10:23:19 PM : ping
5/16/2021 10:23:19 PM : ping
5/16/2021 10:23:20 PM : ping
5/16/2021 10:23:20 PM : ping
5/16/2021 10:23:20 PM : ping
5/16/2021 10:23:21 PM : ping
5/16/2021 10:23:21 PM : ping
5/16/2021 10:23:21 PM : ping
5/16/2021 10:23:22 PM : ping
5/16/2021 10:23:22 PM : ping
5/16/2021 10:23:22 PM : ping
5/16/2021 10:23:23 PM : ping
5/16/2021 10:23:23 PM : ping
5/16/2021 10:23:23 PM : ping
5/16/2021 10:23:24 PM : ping
5/16/2021 10:23:24 PM : ping
5/16/2021 10:23:24 PM : ping
5/16/2021 10:23:26 PM : ping
5/16/2021 10:23:26 PM : ping
5/16/2021 10:23:26 PM : ping
5/16/2021 10:23:27 PM : ping
5/16/2021 10:23:27 PM : ping
5/16/2021 10:23:27 PM : ping
5/16/2021 10:23:28 PM : ping
5/16/2021 10:23:28 PM : ping
5/16/2021 10:23:28 PM : ping
5/16/2021 10:23:29 PM : ping
5/16/2021 10:23:29 PM : ping
5/16/2021 10:23:29 PM : ping
5/16/2021 10:23:30 PM : ping
5/16/2021 10:23:30 PM : ping
5/16/2021 10:23:30 PM : ping
5/16/2021 10:23:31 PM : ping
5/16/2021 10:23:31 PM : ping
5/16/2021 10:23:31 PM : ping
5/16/2021 10:23:32 PM : ping
5/16/2021 10:23:32 PM : ping
5/16/2021 10:23:32 PM : ping
5/16/2021 10:23:33 PM : ping
5/16/2021 10:23:33 PM : ping
5/16/2021 10:23:33 PM : ping
5/16/2021 10:23:34 PM : ping
5/16/2021 10:23:34 PM : ping
5/16/2021 10:23:34 PM : ping
5/16/2021 10:23:36 PM : ping
5/16/2021 10:23:36 PM : ping
5/16/2021 10:23:36 PM : ping
5/16/2021 10:23:37 PM : ping
5/16/2021 10:23:37 PM : ping
5/16/2021 10:23:37 PM : ping
5/16/2021 10:23:38 PM : ping
5/16/2021 10:23:38 PM : ping
5/16/2021 10:23:38 PM : ping
5/16/2021 10:23:39 PM : ping
5/16/2021 10:23:39 PM : ping
5/16/2021 10:23:39 PM : ping
5/16/2021 10:23:40 PM : ping
5/16/2021 10:23:40 PM : ping
5/16/2021 10:23:40 PM : ping
5/16/2021 10:23:41 PM : ping
5/16/2021 10:23:41 PM : ping
5/16/2021 10:23:41 PM : ping
5/16/2021 10:23:42 PM : ping
5/16/2021 10:23:42 PM : ping
5/16/2021 10:23:42 PM : ping
5/16/2021 10:23:43 PM : ping
5/16/2021 10:23:43 PM : ping
5/16/2021 10:23:43 PM : ping
5/16/2021 10:23:44 PM : ping
5/16/2021 10:23:44 PM : ping
5/16/2021 10:23:44 PM : ping
5/16/2021 10:23:46 PM : ping
5/16/2021 10:23:46 PM : ping
5/16/2021 10:23:46 PM : ping
5/16/2021 10:23:47 PM : ping
5/16/2021 10:23:47 PM : ping
5/16/2021 10:23:47 PM : ping
5/16/2021 10:23:48 PM : ping
5/16/2021 10:23:48 PM : ping
5/16/2021 10:23:48 PM : ping
5/16/2021 10:23:49 PM : ping
5/16/2021 10:23:49 PM : ping
5/16/2021 10:23:49 PM : ping
5/16/2021 10:23:50 PM : ping
5/16/2021 10:23:50 PM : ping
5/16/2021 10:23:50 PM : ping
5/16/2021 10:23:51 PM : ping
5/16/2021 10:23:51 PM : ping
5/16/2021 10:23:51 PM : ping
5/16/2021 10:23:52 PM : ping
5/16/2021 10:23:52 PM : ping
5/16/2021 10:23:52 PM : ping
5/16/2021 10:23:53 PM : ping
5/16/2021 10:23:53 PM : ping
5/16/2021 10:23:53 PM : ping
5/16/2021 10:23:54 PM : ping
5/16/2021 10:23:54 PM : ping
5/16/2021 10:23:54 PM : ping
5/16/2021 10:23:56 PM : ping
5/16/2021 10:23:56 PM : ping
5/16/2021 10:23:56 PM : ping
5/16/2021 10:23:57 PM : ping
5/16/2021 10:23:57 PM : ping
5/16/2021 10:23:57 PM : ping
5/16/2021 10:23:58 PM : ping
5/16/2021 10:23:58 PM : ping
5/16/2021 10:23:58 PM : ping
5/16/2021 10:23:59 PM : ping
5/16/2021 10:23:59 PM : ping
5/16/2021 10:23:59 PM : ping
5/16/2021 10:24:00 PM : ping
5/16/2021 10:24:00 PM : ping
5/16/2021 10:24:00 PM : ping
5/16/2021 10:24:01 PM : ping
5/16/2021 10:24:01 PM : ping
5/16/2021 10:24:01 PM : ping
5/16/2021 10:24:02 PM : ping
5/16/2021 10:24:02 PM : ping
5/16/2021 10:24:02 PM : ping
5/16/2021 10:24:03 PM : ping
5/16/2021 10:24:03 PM : ping
5/16/2021 10:24:03 PM : ping
5/16/2021 10:24:04 PM : ping
5/16/2021 10:24:04 PM : ping
5/16/2021 10:24:04 PM : ping
5/16/2021 10:24:06 PM : ping
5/16/2021 10:24:06 PM : ping
5/16/2021 10:24:06 PM : ping
5/16/2021 10:24:07 PM : ping
5/16/2021 10:24:07 PM : ping
5/16/2021 10:24:07 PM : ping
5/16/2021 10:24:08 PM : ping
5/16/2021 10:24:08 PM : ping
5/16/2021 10:24:08 PM : ping
5/16/2021 10:24:09 PM : ping
5/16/2021 10:24:09 PM : ping
5/16/2021 10:24:09 PM : ping
5/16/2021 10:24:10 PM : ping
5/16/2021 10:24:10 PM : ping
5/16/2021 10:24:10 PM : ping
5/16/2021 10:24:11 PM : ping
5/16/2021 10:24:11 PM : ping
5/16/2021 10:24:11 PM : ping
5/16/2021 10:24:12 PM : ping
5/16/2021 10:24:12 PM : ping
5/16/2021 10:24:12 PM : ping
5/16/2021 10:24:13 PM : ping
5/16/2021 10:24:13 PM : ping
5/16/2021 10:24:13 PM : ping
5/16/2021 10:24:14 PM : ping
5/16/2021 10:24:14 PM : ping
5/16/2021 10:24:14 PM : ping
5/16/2021 10:24:15 PM : ping
5/16/2021 10:24:15 PM : ping
5/16/2021 10:24:15 PM : ping
5/16/2021 10:24:17 PM : ping
5/16/2021 10:24:17 PM : ping
5/16/2021 10:24:17 PM : ping
5/16/2021 10:24:18 PM : ping
5/16/2021 10:24:18 PM : ping
5/16/2021 10:24:18 PM : ping
5/16/2021 10:24:19 PM : ping
5/16/2021 10:24:19 PM : ping
5/16/2021 10:24:19 PM : ping
5/16/2021 10:24:20 PM : ping
5/16/2021 10:24:20 PM : ping
5/16/2021 10:24:20 PM : ping
5/16/2021 10:24:21 PM : ping
5/16/2021 10:24:21 PM : ping
5/16/2021 10:24:21 PM : ping
5/16/2021 10:24:22 PM : ping
5/16/2021 10:24:22 PM : ping
5/16/2021 10:24:22 PM : ping
5/16/2021 10:24:23 PM : ping
5/16/2021 10:24:23 PM : ping
5/16/2021 10:24:23 PM : ping
5/16/2021 10:24:24 PM : ping
5/16/2021 10:24:24 PM : ping
5/16/2021 10:24:24 PM : ping
5/16/2021 10:24:25 PM : ping
5/16/2021 10:24:25 PM : ping
5/16/2021 10:24:25 PM : ping
5/16/2021 10:24:27 PM : ping
5/16/2021 10:24:27 PM : ping
5/16/2021 10:24:27 PM : ping
5/16/2021 10:24:28 PM : ping
5/16/2021 10:24:28 PM : ping
5/16/2021 10:24:28 PM : ping
5/16/2021 10:24:29 PM : ping
5/16/2021 10:24:29 PM : ping
5/16/2021 10:24:29 PM : ping
5/16/2021 10:24:30 PM : ping
5/16/2021 10:24:30 PM : ping
5/16/2021 10:24:30 PM : ping
5/16/2021 10:24:31 PM : ping
5/16/2021 10:24:31 PM : ping
5/16/2021 10:24:31 PM : ping
5/16/2021 10:24:32 PM : ping
5/16/2021 10:24:32 PM : ping
5/16/2021 10:24:32 PM : ping
5/16/2021 10:24:33 PM : ping
5/16/2021 10:24:33 PM : ping
5/16/2021 10:24:33 PM : ping
5/16/2021 10:24:34 PM : ping
5/16/2021 10:24:34 PM : ping
5/16/2021 10:24:34 PM : ping
5/16/2021 10:24:35 PM : ping
5/16/2021 10:24:35 PM : ping
5/16/2021 10:24:35 PM : ping
5/16/2021 10:24:37 PM : ping
5/16/2021 10:24:37 PM : ping
5/16/2021 10:24:37 PM : ping
5/16/2021 10:24:38 PM : ping
5/16/2021 10:24:38 PM : ping
5/16/2021 10:24:38 PM : ping
5/16/2021 10:24:39 PM : ping
5/16/2021 10:24:39 PM : ping
5/16/2021 10:24:39 PM : ping
5/16/2021 10:24:40 PM : ping
5/16/2021 10:24:40 PM : ping
5/16/2021 10:24:40 PM : ping
5/16/2021 10:24:41 PM : ping
5/16/2021 10:24:41 PM : ping
5/16/2021 10:24:41 PM : ping
5/16/2021 10:24:42 PM : ping
5/16/2021 10:24:42 PM : ping
5/16/2021 10:24:42 PM : ping
5/16/2021 10:24:43 PM : ping
5/16/2021 10:24:43 PM : ping
5/16/2021 10:24:43 PM : ping
5/16/2021 10:24:44 PM : ping
5/16/2021 10:24:44 PM : ping
5/16/2021 10:24:44 PM : ping
5/16/2021 10:24:45 PM : ping
5/16/2021 10:24:45 PM : ping
5/16/2021 10:24:45 PM : ping
5/16/2021 10:24:47 PM : ping
5/16/2021 10:24:47 PM : ping
5/16/2021 10:24:47 PM : ping
5/16/2021 10:24:48 PM : ping
5/16/2021 10:24:48 PM : ping
5/16/2021 10:24:48 PM : ping
5/16/2021 10:24:49 PM : ping
5/16/2021 10:24:49 PM : ping
5/16/2021 10:24:49 PM : ping
5/16/2021 10:24:50 PM : ping
5/16/2021 10:24:50 PM : ping
5/16/2021 10:24:50 PM : ping
5/16/2021 10:24:51 PM : ping
5/16/2021 10:24:51 PM : ping
5/16/2021 10:24:51 PM : ping
5/16/2021 10:24:52 PM : ping
5/16/2021 10:24:52 PM : ping
5/16/2021 10:24:52 PM : ping
5/16/2021 10:24:53 PM : ping
5/16/2021 10:24:53 PM : ping
5/16/2021 10:24:53 PM : ping
5/16/2021 10:24:54 PM : ping
5/16/2021 10:24:54 PM : ping
5/16/2021 10:24:54 PM : ping
5/16/2021 10:24:55 PM : ping
5/16/2021 10:24:55 PM : ping
5/16/2021 10:24:55 PM : ping
5/16/2021 10:24:57 PM : ping
5/16/2021 10:24:57 PM : ping
5/16/2021 10:24:57 PM : ping
5/16/2021 10:24:58 PM : ping
5/16/2021 10:24:58 PM : ping
5/16/2021 10:24:58 PM : ping
5/16/2021 10:24:59 PM : ping
5/16/2021 10:24:59 PM : ping
5/16/2021 10:24:59 PM : ping
5/16/2021 10:25:00 PM : ping
5/16/2021 10:25:00 PM : ping
5/16/2021 10:25:00 PM : ping
5/16/2021 10:25:01 PM : ping
5/16/2021 10:25:01 PM : ping
5/16/2021 10:25:01 PM : ping
5/16/2021 10:25:02 PM : ping
5/16/2021 10:25:02 PM : ping
5/16/2021 10:25:02 PM : ping
5/16/2021 10:25:03 PM : ping
5/16/2021 10:25:03 PM : ping
5/16/2021 10:25:03 PM : ping
5/16/2021 10:25:04 PM : ping
5/16/2021 10:25:04 PM : ping
5/16/2021 10:25:04 PM : ping
5/16/2021 10:25:05 PM : ping
5/16/2021 10:25:05 PM : ping
5/16/2021 10:25:05 PM : ping
5/16/2021 10:25:07 PM : ping
5/16/2021 10:25:07 PM : ping
5/16/2021 10:25:07 PM : ping
5/16/2021 10:25:08 PM : ping
5/16/2021 10:25:08 PM : ping
5/16/2021 10:25:08 PM : ping
5/16/2021 10:25:09 PM : ping
5/16/2021 10:25:09 PM : ping
5/16/2021 10:25:09 PM : ping
5/16/2021 10:25:10 PM : ping
5/16/2021 10:25:10 PM : ping
5/16/2021 10:25:10 PM : ping
5/16/2021 10:25:11 PM : ping
5/16/2021 10:25:11 PM : ping
5/16/2021 10:25:11 PM : ping
5/16/2021 10:25:12 PM : ping
5/16/2021 10:25:12 PM : ping
5/16/2021 10:25:12 PM : ping
5/16/2021 10:25:13 PM : ping
5/16/2021 10:25:13 PM : ping
5/16/2021 10:25:13 PM : ping
5/16/2021 10:25:14 PM : ping
5/16/2021 10:25:14 PM : ping
5/16/2021 10:25:14 PM : ping
5/16/2021 10:25:15 PM : ping
5/16/2021 10:25:15 PM : ping
5/16/2021 10:25:15 PM : ping
5/16/2021 10:25:16 PM : ping
5/16/2021 10:25:16 PM : ping
5/16/2021 10:25:17 PM : ping
5/16/2021 10:25:18 PM : ping
5/16/2021 10:25:18 PM : ping
5/16/2021 10:25:18 PM : ping
5/16/2021 10:25:19 PM : ping
5/16/2021 10:25:19 PM : ping
5/16/2021 10:25:19 PM : ping
5/16/2021 10:25:20 PM : ping
5/16/2021 10:25:20 PM : ping
5/16/2021 10:25:20 PM : ping
5/16/2021 10:25:21 PM : ping
5/16/2021 10:25:21 PM : ping
5/16/2021 10:25:21 PM : ping
5/16/2021 10:25:22 PM : ping
5/16/2021 10:25:22 PM : ping
5/16/2021 10:25:22 PM : ping
5/16/2021 10:25:23 PM : ping
5/16/2021 10:25:23 PM : ping
5/16/2021 10:25:23 PM : ping
5/16/2021 10:25:24 PM : ping
5/16/2021 10:25:24 PM : ping
5/16/2021 10:25:24 PM : ping
5/16/2021 10:25:25 PM : ping
5/16/2021 10:25:25 PM : ping
5/16/2021 10:25:25 PM : ping
5/16/2021 10:25:26 PM : ping
5/16/2021 10:25:26 PM : ping
5/16/2021 10:25:26 PM : ping
5/16/2021 10:25:28 PM : ping
5/16/2021 10:25:28 PM : ping
5/16/2021 10:25:28 PM : ping
5/16/2021 10:25:29 PM : ping
5/16/2021 10:25:29 PM : ping
5/16/2021 10:25:29 PM : ping
5/16/2021 10:25:30 PM : ping
5/16/2021 10:25:30 PM : ping
5/16/2021 10:25:30 PM : ping
5/16/2021 10:25:31 PM : ping
5/16/2021 10:25:31 PM : ping
5/16/2021 10:25:31 PM : ping
5/16/2021 10:25:32 PM : ping
5/16/2021 10:25:32 PM : ping
5/16/2021 10:25:32 PM : ping
5/16/2021 10:25:33 PM : ping
5/16/2021 10:25:33 PM : ping
5/16/2021 10:25:33 PM : ping
5/16/2021 10:25:34 PM : ping
5/16/2021 10:25:34 PM : ping
5/16/2021 10:25:34 PM : ping
5/16/2021 10:25:35 PM : ping
5/16/2021 10:25:35 PM : ping
5/16/2021 10:25:35 PM : ping
5/16/2021 10:25:36 PM : ping
5/16/2021 10:25:36 PM : ping
5/16/2021 10:25:36 PM : ping
5/16/2021 10:25:38 PM : ping
5/16/2021 10:25:38 PM : ping
5/16/2021 10:25:38 PM : ping
5/16/2021 10:25:39 PM : ping
5/16/2021 10:25:39 PM : ping
5/16/2021 10:25:39 PM : ping
5/16/2021 10:25:40 PM : ping
5/16/2021 10:25:40 PM : ping
5/16/2021 10:25:40 PM : ping
5/16/2021 10:25:41 PM : ping
5/16/2021 10:25:41 PM : ping
5/16/2021 10:25:41 PM : ping
5/16/2021 10:25:42 PM : ping
5/16/2021 10:25:42 PM : ping
5/16/2021 10:25:42 PM : ping
5/16/2021 10:25:43 PM : ping
5/16/2021 10:25:43 PM : ping
5/16/2021 10:25:43 PM : ping
5/16/2021 10:25:44 PM : ping
5/16/2021 10:25:44 PM : ping
5/16/2021 10:25:44 PM : ping
5/16/2021 10:25:45 PM : ping
5/16/2021 10:25:45 PM : ping
5/16/2021 10:25:45 PM : ping
5/16/2021 10:25:46 PM : ping
5/16/2021 10:25:46 PM : ping
5/16/2021 10:25:46 PM : ping
5/16/2021 10:25:48 PM : ping
5/16/2021 10:25:48 PM : ping
5/16/2021 10:25:48 PM : ping
5/16/2021 10:25:49 PM : ping
5/16/2021 10:25:49 PM : ping
5/16/2021 10:25:49 PM : ping
5/16/2021 10:25:50 PM : ping
5/16/2021 10:25:50 PM : ping
5/16/2021 10:25:50 PM : ping
5/16/2021 10:25:51 PM : ping
5/16/2021 10:25:51 PM : ping
5/16/2021 10:25:51 PM : ping
5/16/2021 10:25:52 PM : ping
5/16/2021 10:25:52 PM : ping
5/16/2021 10:25:52 PM : ping
5/16/2021 10:25:53 PM : ping
5/16/2021 10:25:53 PM : ping
5/16/2021 10:25:53 PM : ping
5/16/2021 10:25:54 PM : ping
5/16/2021 10:25:54 PM : ping
5/16/2021 10:25:54 PM : ping
5/16/2021 10:25:55 PM : ping
5/16/2021 10:25:55 PM : ping
5/16/2021 10:25:55 PM : ping
5/16/2021 10:25:56 PM : ping
5/16/2021 10:25:56 PM : ping
5/16/2021 10:25:56 PM : ping
5/16/2021 10:25:58 PM : ping
5/16/2021 10:25:58 PM : ping
5/16/2021 10:25:58 PM : ping
5/16/2021 10:25:59 PM : ping
5/16/2021 10:25:59 PM : ping
5/16/2021 10:25:59 PM : ping
5/16/2021 10:26:00 PM : ping
5/16/2021 10:26:00 PM : ping
5/16/2021 10:26:00 PM : ping
5/16/2021 10:26:01 PM : ping
5/16/2021 10:26:01 PM : ping
5/16/2021 10:26:01 PM : ping
5/16/2021 10:26:02 PM : ping
5/16/2021 10:26:02 PM : ping
5/16/2021 10:26:02 PM : ping
5/16/2021 10:26:03 PM : ping
5/16/2021 10:26:03 PM : ping
5/16/2021 10:26:03 PM : ping
5/16/2021 10:26:04 PM : ping
5/16/2021 10:26:04 PM : ping
5/16/2021 10:26:04 PM : ping
5/16/2021 10:26:05 PM : ping
5/16/2021 10:26:05 PM : ping
5/16/2021 10:26:05 PM : ping
5/16/2021 10:26:06 PM : ping
5/16/2021 10:26:06 PM : ping
5/16/2021 10:26:06 PM : ping
5/16/2021 10:26:08 PM : ping
5/16/2021 10:26:08 PM : ping
5/16/2021 10:26:08 PM : ping
5/16/2021 10:26:09 PM : ping
5/16/2021 10:26:09 PM : ping
5/16/2021 10:26:09 PM : ping
5/16/2021 10:26:10 PM : ping
5/16/2021 10:26:10 PM : ping
5/16/2021 10:26:10 PM : ping
5/16/2021 10:26:11 PM : ping
5/16/2021 10:26:11 PM : ping
5/16/2021 10:26:11 PM : ping
5/16/2021 10:26:12 PM : ping
5/16/2021 10:26:12 PM : ping
5/16/2021 10:26:12 PM : ping
5/16/2021 10:26:13 PM : ping
5/16/2021 10:26:13 PM : ping
5/16/2021 10:26:13 PM : ping
5/16/2021 10:26:14 PM : ping
5/16/2021 10:26:14 PM : ping
5/16/2021 10:26:14 PM : ping
5/16/2021 10:26:15 PM : ping
5/16/2021 10:26:15 PM : ping
5/16/2021 10:26:15 PM : ping
5/16/2021 10:26:16 PM : ping
5/16/2021 10:26:16 PM : ping
5/16/2021 10:26:16 PM : ping
5/16/2021 10:26:17 PM : ping
5/16/2021 10:26:17 PM : ping
5/16/2021 10:26:17 PM : ping
5/16/2021 10:26:19 PM : ping
5/16/2021 10:26:19 PM : ping
5/16/2021 10:26:19 PM : ping
5/16/2021 10:26:20 PM : ping
5/16/2021 10:26:20 PM : ping
5/16/2021 10:26:20 PM : ping
5/16/2021 10:26:21 PM : ping
5/16/2021 10:26:21 PM : ping
5/16/2021 10:26:21 PM : ping
5/16/2021 10:26:22 PM : ping
5/16/2021 10:26:22 PM : ping
5/16/2021 10:26:22 PM : ping
5/16/2021 10:26:23 PM : ping
5/16/2021 10:26:23 PM : ping
5/16/2021 10:26:23 PM : ping
5/16/2021 10:26:24 PM : ping
5/16/2021 10:26:24 PM : ping
5/16/2021 10:26:24 PM : ping
5/16/2021 10:26:25 PM : ping
5/16/2021 10:26:25 PM : ping
5/16/2021 10:26:25 PM : ping
5/16/2021 10:26:26 PM : ping
5/16/2021 10:26:26 PM : ping
5/16/2021 10:26:26 PM : ping
5/16/2021 10:26:27 PM : ping
5/16/2021 10:26:27 PM : ping
5/16/2021 10:26:27 PM : ping
5/16/2021 10:26:29 PM : ping
5/16/2021 10:26:29 PM : ping
5/16/2021 10:26:29 PM : ping
5/16/2021 10:26:30 PM : ping
5/16/2021 10:26:30 PM : ping
5/16/2021 10:26:30 PM : ping
5/16/2021 10:26:31 PM : ping
5/16/2021 10:26:31 PM : ping
5/16/2021 10:26:31 PM : ping
5/16/2021 10:26:32 PM : ping
5/16/2021 10:26:32 PM : ping
5/16/2021 10:26:32 PM : ping
5/16/2021 10:26:33 PM : ping
5/16/2021 10:26:33 PM : ping
5/16/2021 10:26:33 PM : ping
5/16/2021 10:26:34 PM : ping
5/16/2021 10:26:34 PM : ping
5/16/2021 10:26:34 PM : ping
5/16/2021 10:26:35 PM : ping
5/16/2021 10:26:35 PM : ping
5/16/2021 10:26:35 PM : ping
5/16/2021 10:26:36 PM : ping
5/16/2021 10:26:36 PM : ping
5/16/2021 10:26:36 PM : ping
5/16/2021 10:26:37 PM : ping
5/16/2021 10:26:37 PM : ping
5/16/2021 10:26:37 PM : ping
5/16/2021 10:26:39 PM : ping
5/16/2021 10:26:39 PM : ping
5/16/2021 10:26:39 PM : ping
5/16/2021 10:26:40 PM : ping
5/16/2021 10:26:40 PM : ping
5/16/2021 10:26:40 PM : ping
5/16/2021 10:26:41 PM : ping
5/16/2021 10:26:41 PM : ping
5/16/2021 10:26:41 PM : ping
5/16/2021 10:26:42 PM : ping
5/16/2021 10:26:42 PM : ping
5/16/2021 10:26:42 PM : ping
5/16/2021 10:26:43 PM : ping
5/16/2021 10:26:43 PM : ping
5/16/2021 10:26:43 PM : ping
5/16/2021 10:26:44 PM : ping
5/16/2021 10:26:44 PM : ping
5/16/2021 10:26:44 PM : ping
5/16/2021 10:26:45 PM : ping
5/16/2021 10:26:45 PM : ping
5/16/2021 10:26:45 PM : ping
5/16/2021 10:26:46 PM : ping
5/16/2021 10:26:46 PM : ping
5/16/2021 10:26:46 PM : ping
5/16/2021 10:26:47 PM : ping
5/16/2021 10:26:47 PM : ping
5/16/2021 10:26:47 PM : ping
5/16/2021 10:26:49 PM : ping
5/16/2021 10:26:49 PM : ping
5/16/2021 10:26:49 PM : ping
5/16/2021 10:26:50 PM : ping
5/16/2021 10:26:50 PM : ping
5/16/2021 10:26:50 PM : ping
5/16/2021 10:26:51 PM : ping
5/16/2021 10:26:51 PM : ping
5/16/2021 10:26:51 PM : ping
5/16/2021 10:26:52 PM : ping
5/16/2021 10:26:52 PM : ping
5/16/2021 10:26:52 PM : ping
5/16/2021 10:26:53 PM : ping
5/16/2021 10:26:53 PM : ping
5/16/2021 10:26:53 PM : ping
5/16/2021 10:26:54 PM : ping
5/16/2021 10:26:54 PM : ping
5/16/2021 10:26:54 PM : ping
5/16/2021 10:26:55 PM : ping
5/16/2021 10:26:55 PM : ping
5/16/2021 10:26:55 PM : ping
5/16/2021 10:26:56 PM : ping
5/16/2021 10:26:56 PM : ping
5/16/2021 10:26:56 PM : ping
5/16/2021 10:26:57 PM : ping
5/16/2021 10:26:57 PM : ping
5/16/2021 10:26:57 PM : ping
5/16/2021 10:26:59 PM : ping
5/16/2021 10:26:59 PM : ping
5/16/2021 10:26:59 PM : ping
5/16/2021 10:27:00 PM : ping
5/16/2021 10:27:00 PM : ping
5/16/2021 10:27:00 PM : ping
5/16/2021 10:27:01 PM : ping
5/16/2021 10:27:01 PM : ping
5/16/2021 10:27:01 PM : ping
5/16/2021 10:27:02 PM : ping
5/16/2021 10:27:02 PM : ping
5/16/2021 10:27:02 PM : ping
5/16/2021 10:27:03 PM : ping
5/16/2021 10:27:03 PM : ping
5/16/2021 10:27:03 PM : ping
5/16/2021 10:27:04 PM : ping
5/16/2021 10:27:04 PM : ping
5/16/2021 10:27:04 PM : ping
5/16/2021 10:27:05 PM : ping
5/16/2021 10:27:05 PM : ping
5/16/2021 10:27:05 PM : ping
5/16/2021 10:27:06 PM : ping
5/16/2021 10:27:06 PM : ping
5/16/2021 10:27:06 PM : ping
5/16/2021 10:27:07 PM : ping
5/16/2021 10:27:07 PM : ping
5/16/2021 10:27:07 PM : ping
5/16/2021 10:27:08 PM : ping
5/16/2021 10:27:08 PM : ping
5/16/2021 10:27:09 PM : ping
5/16/2021 10:27:10 PM : ping
5/16/2021 10:27:10 PM : ping
5/16/2021 10:27:10 PM : ping
5/16/2021 10:27:11 PM : ping
5/16/2021 10:27:11 PM : ping
5/16/2021 10:27:11 PM : ping
5/16/2021 10:27:12 PM : ping
5/16/2021 10:27:12 PM : ping
5/16/2021 10:27:12 PM : ping
5/16/2021 10:27:13 PM : ping
5/16/2021 10:27:13 PM : ping
5/16/2021 10:27:13 PM : ping
5/16/2021 10:27:14 PM : ping
5/16/2021 10:27:14 PM : ping
5/16/2021 10:27:14 PM : ping
5/16/2021 10:27:15 PM : ping
5/16/2021 10:27:15 PM : ping
5/16/2021 10:27:15 PM : ping
5/16/2021 10:27:16 PM : ping
5/16/2021 10:27:16 PM : ping
5/16/2021 10:27:16 PM : ping
5/16/2021 10:27:17 PM : ping
5/16/2021 10:27:17 PM : ping
5/16/2021 10:27:17 PM : ping
5/16/2021 10:27:18 PM : ping
5/16/2021 10:27:18 PM : ping
5/16/2021 10:27:18 PM : ping
5/16/2021 10:27:20 PM : ping
5/16/2021 10:27:20 PM : ping
5/16/2021 10:27:20 PM : ping
5/16/2021 10:27:21 PM : ping
5/16/2021 10:27:21 PM : ping
5/16/2021 10:27:21 PM : ping
5/16/2021 10:27:22 PM : ping
5/16/2021 10:27:22 PM : ping
5/16/2021 10:27:22 PM : ping
5/16/2021 10:27:23 PM : ping
5/16/2021 10:27:23 PM : ping
5/16/2021 10:27:23 PM : ping
5/16/2021 10:27:24 PM : ping
5/16/2021 10:27:24 PM : ping
5/16/2021 10:27:24 PM : ping
5/16/2021 10:27:25 PM : ping
5/16/2021 10:27:25 PM : ping
5/16/2021 10:27:25 PM : ping
5/16/2021 10:27:26 PM : ping
5/16/2021 10:27:26 PM : ping
5/16/2021 10:27:26 PM : ping
5/16/2021 10:27:27 PM : ping
5/16/2021 10:27:27 PM : ping
5/16/2021 10:27:27 PM : ping
5/16/2021 10:27:28 PM : ping
5/16/2021 10:27:28 PM : ping
5/16/2021 10:27:28 PM : ping
5/16/2021 10:27:30 PM : ping
5/16/2021 10:27:30 PM : ping
5/16/2021 10:27:30 PM : ping
5/16/2021 10:27:31 PM : ping
5/16/2021 10:27:31 PM : ping
5/16/2021 10:27:31 PM : ping
5/16/2021 10:27:32 PM : ping
5/16/2021 10:27:32 PM : ping
5/16/2021 10:27:32 PM : ping
5/16/2021 10:27:33 PM : ping
5/16/2021 10:27:33 PM : ping
5/16/2021 10:27:33 PM : ping
5/16/2021 10:27:34 PM : ping
5/16/2021 10:27:34 PM : ping
5/16/2021 10:27:34 PM : ping
5/16/2021 10:27:35 PM : ping
5/16/2021 10:27:35 PM : ping
5/16/2021 10:27:35 PM : ping
5/16/2021 10:27:36 PM : ping
5/16/2021 10:27:36 PM : ping
5/16/2021 10:27:36 PM : ping
5/16/2021 10:27:37 PM : ping
5/16/2021 10:27:37 PM : ping
5/16/2021 10:27:37 PM : ping
5/16/2021 10:27:38 PM : ping
5/16/2021 10:27:38 PM : ping
5/16/2021 10:27:38 PM : ping
5/16/2021 10:27:40 PM : ping
5/16/2021 10:27:40 PM : ping
5/16/2021 10:27:40 PM : ping
5/16/2021 10:27:41 PM : ping
5/16/2021 10:27:41 PM : ping
5/16/2021 10:27:41 PM : ping
5/16/2021 10:27:42 PM : ping
5/16/2021 10:27:42 PM : ping
5/16/2021 10:27:42 PM : ping
5/16/2021 10:27:43 PM : ping
5/16/2021 10:27:43 PM : ping
5/16/2021 10:27:43 PM : ping
5/16/2021 10:27:44 PM : ping
5/16/2021 10:27:44 PM : ping
5/16/2021 10:27:44 PM : ping
5/16/2021 10:27:45 PM : ping
5/16/2021 10:27:45 PM : ping
5/16/2021 10:27:45 PM : ping
5/16/2021 10:27:46 PM : ping
5/16/2021 10:27:46 PM : ping
5/16/2021 10:27:46 PM : ping
5/16/2021 10:27:47 PM : ping
5/16/2021 10:27:47 PM : ping
5/16/2021 10:27:47 PM : ping
5/16/2021 10:27:48 PM : ping
5/16/2021 10:27:48 PM : ping
5/16/2021 10:27:48 PM : ping
5/16/2021 10:27:50 PM : ping
5/16/2021 10:27:50 PM : ping
5/16/2021 10:27:50 PM : ping
5/16/2021 10:27:51 PM : ping
5/16/2021 10:27:51 PM : ping
5/16/2021 10:27:51 PM : ping
5/16/2021 10:27:52 PM : ping
5/16/2021 10:27:52 PM : ping
5/16/2021 10:27:52 PM : ping
5/16/2021 10:27:53 PM : ping
5/16/2021 10:27:53 PM : ping
5/16/2021 10:27:53 PM : ping
5/16/2021 10:27:54 PM : ping
5/16/2021 10:27:54 PM : ping
5/16/2021 10:27:54 PM : ping
5/16/2021 10:27:55 PM : ping
5/16/2021 10:27:55 PM : ping
5/16/2021 10:27:55 PM : ping
5/16/2021 10:27:56 PM : ping
5/16/2021 10:27:56 PM : ping
5/16/2021 10:27:56 PM : ping
5/16/2021 10:27:57 PM : ping
5/16/2021 10:27:57 PM : ping
5/16/2021 10:27:57 PM : ping
5/16/2021 10:27:58 PM : ping
5/16/2021 10:27:58 PM : ping
5/16/2021 10:27:58 PM : ping
5/16/2021 10:28:00 PM : ping
5/16/2021 10:28:00 PM : ping
5/16/2021 10:28:00 PM : ping
5/16/2021 10:28:01 PM : ping
5/16/2021 10:28:01 PM : ping
5/16/2021 10:28:01 PM : ping
5/16/2021 10:28:02 PM : ping
5/16/2021 10:28:02 PM : ping
5/16/2021 10:28:02 PM : ping
5/16/2021 10:28:03 PM : ping
5/16/2021 10:28:03 PM : ping
5/16/2021 10:28:03 PM : ping
5/16/2021 10:28:04 PM : ping
5/16/2021 10:28:04 PM : ping
5/16/2021 10:28:04 PM : ping
5/16/2021 10:28:05 PM : ping
5/16/2021 10:28:05 PM : ping
5/16/2021 10:28:05 PM : ping
5/16/2021 10:28:06 PM : ping
5/16/2021 10:28:06 PM : ping
5/16/2021 10:28:06 PM : ping
5/16/2021 10:28:07 PM : ping
5/16/2021 10:28:07 PM : ping
5/16/2021 10:28:07 PM : ping
5/16/2021 10:28:08 PM : ping
5/16/2021 10:28:08 PM : ping
5/16/2021 10:28:08 PM : ping
5/16/2021 10:28:09 PM : ping
5/16/2021 10:28:09 PM : ping
5/16/2021 10:28:09 PM : ping
5/16/2021 10:28:11 PM : ping
5/16/2021 10:28:11 PM : ping
5/16/2021 10:28:11 PM : ping
5/16/2021 10:28:12 PM : ping
5/16/2021 10:28:12 PM : ping
5/16/2021 10:28:12 PM : ping
5/16/2021 10:28:13 PM : ping
5/16/2021 10:28:13 PM : ping
5/16/2021 10:28:13 PM : ping
5/16/2021 10:28:14 PM : ping
5/16/2021 10:28:14 PM : ping
5/16/2021 10:28:14 PM : ping
5/16/2021 10:28:15 PM : ping
5/16/2021 10:28:15 PM : ping
5/16/2021 10:28:15 PM : ping
5/16/2021 10:28:16 PM : ping
5/16/2021 10:28:16 PM : ping
5/16/2021 10:28:16 PM : ping
5/16/2021 10:28:17 PM : ping
5/16/2021 10:28:17 PM : ping
5/16/2021 10:28:17 PM : ping
5/16/2021 10:28:18 PM : ping
5/16/2021 10:28:18 PM : ping
5/16/2021 10:28:18 PM : ping
5/16/2021 10:28:19 PM : ping
5/16/2021 10:28:19 PM : ping
5/16/2021 10:28:19 PM : ping
5/16/2021 10:28:21 PM : ping
5/16/2021 10:28:21 PM : ping
5/16/2021 10:28:21 PM : ping
5/16/2021 10:28:22 PM : ping
5/16/2021 10:28:22 PM : ping
5/16/2021 10:28:22 PM : ping
5/16/2021 10:28:23 PM : ping
5/16/2021 10:28:23 PM : ping
5/16/2021 10:28:23 PM : ping
5/16/2021 10:28:24 PM : ping
5/16/2021 10:28:24 PM : ping
5/16/2021 10:28:24 PM : ping
5/16/2021 10:28:25 PM : ping
5/16/2021 10:28:25 PM : ping
5/16/2021 10:28:25 PM : ping
5/16/2021 10:28:26 PM : ping
5/16/2021 10:28:26 PM : ping
5/16/2021 10:28:26 PM : ping
5/16/2021 10:28:27 PM : ping
5/16/2021 10:28:27 PM : ping
5/16/2021 10:28:27 PM : ping
5/16/2021 10:28:28 PM : ping
5/16/2021 10:28:28 PM : ping
5/16/2021 10:28:28 PM : ping
5/16/2021 10:28:29 PM : ping
5/16/2021 10:28:29 PM : ping
5/16/2021 10:28:29 PM : ping
5/16/2021 10:28:31 PM : ping
5/16/2021 10:28:31 PM : ping
5/16/2021 10:28:31 PM : ping
5/16/2021 10:28:32 PM : ping
5/16/2021 10:28:32 PM : ping
5/16/2021 10:28:32 PM : ping
5/16/2021 10:28:33 PM : ping
5/16/2021 10:28:33 PM : ping
5/16/2021 10:28:33 PM : ping
5/16/2021 10:28:34 PM : ping
5/16/2021 10:28:34 PM : ping
5/16/2021 10:28:34 PM : ping
5/16/2021 10:28:35 PM : ping
5/16/2021 10:28:35 PM : ping
5/16/2021 10:28:35 PM : ping
5/16/2021 10:28:36 PM : ping
5/16/2021 10:28:36 PM : ping
5/16/2021 10:28:36 PM : ping
5/16/2021 10:28:37 PM : ping
5/16/2021 10:28:37 PM : ping
5/16/2021 10:28:37 PM : ping
5/16/2021 10:28:38 PM : ping
5/16/2021 10:28:38 PM : ping
5/16/2021 10:28:38 PM : ping
5/16/2021 10:28:39 PM : ping
5/16/2021 10:28:39 PM : ping
5/16/2021 10:28:39 PM : ping
5/16/2021 10:28:41 PM : ping
5/16/2021 10:28:41 PM : ping
5/16/2021 10:28:41 PM : ping
5/16/2021 10:28:42 PM : ping
5/16/2021 10:28:42 PM : ping
5/16/2021 10:28:42 PM : ping
5/16/2021 10:28:43 PM : ping
5/16/2021 10:28:43 PM : ping
5/16/2021 10:28:43 PM : ping
5/16/2021 10:28:44 PM : ping
5/16/2021 10:28:44 PM : ping
5/16/2021 10:28:44 PM : ping
5/16/2021 10:28:45 PM : ping
5/16/2021 10:28:45 PM : ping
5/16/2021 10:28:45 PM : ping
5/16/2021 10:28:46 PM : ping
5/16/2021 10:28:46 PM : ping
5/16/2021 10:28:46 PM : ping
5/16/2021 10:28:47 PM : ping
5/16/2021 10:28:47 PM : ping
5/16/2021 10:28:47 PM : ping
5/16/2021 10:28:48 PM : ping
5/16/2021 10:28:48 PM : ping
5/16/2021 10:28:48 PM : ping
5/16/2021 10:28:49 PM : ping
5/16/2021 10:28:49 PM : ping
5/16/2021 10:28:49 PM : ping
5/16/2021 10:28:50 PM : ping
5/16/2021 10:28:50 PM : ping
5/16/2021 10:28:50 PM : ping
5/16/2021 10:28:52 PM : ping
5/16/2021 10:28:52 PM : ping
5/16/2021 10:28:52 PM : ping
5/16/2021 10:28:53 PM : ping
5/16/2021 10:28:53 PM : ping
5/16/2021 10:28:53 PM : ping
5/16/2021 10:28:54 PM : ping
5/16/2021 10:28:54 PM : ping
5/16/2021 10:28:54 PM : ping
5/16/2021 10:28:55 PM : ping
5/16/2021 10:28:55 PM : ping
5/16/2021 10:28:55 PM : ping
5/16/2021 10:28:56 PM : ping
5/16/2021 10:28:56 PM : ping
5/16/2021 10:28:56 PM : ping
5/16/2021 10:28:57 PM : ping
5/16/2021 10:28:57 PM : ping
5/16/2021 10:28:57 PM : ping
5/16/2021 10:28:58 PM : ping
5/16/2021 10:28:58 PM : ping
5/16/2021 10:28:58 PM : ping
5/16/2021 10:28:59 PM : ping
5/16/2021 10:28:59 PM : ping
5/16/2021 10:28:59 PM : ping
5/16/2021 10:29:00 PM : ping
5/16/2021 10:29:00 PM : ping
5/16/2021 10:29:00 PM : ping
5/16/2021 10:29:02 PM : ping
5/16/2021 10:29:02 PM : ping
5/16/2021 10:29:02 PM : ping
5/16/2021 10:29:03 PM : ping
5/16/2021 10:29:03 PM : ping
5/16/2021 10:29:03 PM : ping
5/16/2021 10:29:04 PM : ping
5/16/2021 10:29:04 PM : ping
5/16/2021 10:29:04 PM : ping
5/16/2021 10:29:05 PM : ping
5/16/2021 10:29:05 PM : ping
5/16/2021 10:29:05 PM : ping
5/16/2021 10:29:06 PM : ping
5/16/2021 10:29:06 PM : ping
5/16/2021 10:29:06 PM : ping
5/16/2021 10:29:07 PM : ping
5/16/2021 10:29:07 PM : ping
5/16/2021 10:29:07 PM : ping
5/16/2021 10:29:08 PM : ping
5/16/2021 10:29:08 PM : ping
5/16/2021 10:29:08 PM : ping
5/16/2021 10:29:09 PM : ping
5/16/2021 10:29:09 PM : ping
5/16/2021 10:29:09 PM : ping
5/16/2021 10:29:10 PM : ping
5/16/2021 10:29:10 PM : ping
5/16/2021 10:29:10 PM : ping
5/16/2021 10:29:12 PM : ping
5/16/2021 10:29:12 PM : ping
5/16/2021 10:29:12 PM : ping
5/16/2021 10:29:13 PM : ping
5/16/2021 10:29:13 PM : ping
5/16/2021 10:29:13 PM : ping
5/16/2021 10:29:14 PM : ping
5/16/2021 10:29:14 PM : ping
5/16/2021 10:29:14 PM : ping
5/16/2021 10:29:15 PM : ping
5/16/2021 10:29:15 PM : ping
5/16/2021 10:29:15 PM : ping
5/16/2021 10:29:16 PM : ping
5/16/2021 10:29:16 PM : ping
5/16/2021 10:29:16 PM : ping
5/16/2021 10:29:17 PM : ping
5/16/2021 10:29:17 PM : ping
5/16/2021 10:29:17 PM : ping
5/16/2021 10:29:18 PM : ping
5/16/2021 10:29:18 PM : ping
5/16/2021 10:29:18 PM : ping
5/16/2021 10:29:19 PM : ping
5/16/2021 10:29:19 PM : ping
5/16/2021 10:29:19 PM : ping
5/16/2021 10:29:20 PM : ping
5/16/2021 10:29:20 PM : ping
5/16/2021 10:29:20 PM : ping
5/16/2021 10:29:22 PM : ping
5/16/2021 10:29:22 PM : ping
5/16/2021 10:29:22 PM : ping
5/16/2021 10:29:23 PM : ping
5/16/2021 10:29:23 PM : ping
5/16/2021 10:29:23 PM : ping
5/16/2021 10:29:24 PM : ping
5/16/2021 10:29:24 PM : ping
5/16/2021 10:29:24 PM : ping
5/16/2021 10:29:25 PM : ping
5/16/2021 10:29:25 PM : ping
5/16/2021 10:29:25 PM : ping
5/16/2021 10:29:26 PM : ping
5/16/2021 10:29:26 PM : ping
5/16/2021 10:29:26 PM : ping
5/16/2021 10:29:27 PM : ping
5/16/2021 10:29:27 PM : ping
5/16/2021 10:29:27 PM : ping
5/16/2021 10:29:28 PM : ping
5/16/2021 10:29:28 PM : ping
5/16/2021 10:29:28 PM : ping
5/16/2021 10:29:29 PM : ping
5/16/2021 10:29:29 PM : ping
5/16/2021 10:29:29 PM : ping
5/16/2021 10:29:30 PM : ping
5/16/2021 10:29:30 PM : ping
5/16/2021 10:29:30 PM : ping
5/16/2021 10:29:32 PM : ping
5/16/2021 10:29:32 PM : ping
5/16/2021 10:29:32 PM : ping
5/16/2021 10:29:33 PM : ping
5/16/2021 10:29:33 PM : ping
5/16/2021 10:29:33 PM : ping
5/16/2021 10:29:34 PM : ping
5/16/2021 10:29:34 PM : ping
5/16/2021 10:29:34 PM : ping
5/16/2021 10:29:35 PM : ping
5/16/2021 10:29:35 PM : ping
5/16/2021 10:29:35 PM : ping
5/16/2021 10:29:36 PM : ping
5/16/2021 10:29:36 PM : ping
5/16/2021 10:29:36 PM : ping
5/16/2021 10:29:37 PM : ping
5/16/2021 10:29:37 PM : ping
5/16/2021 10:29:37 PM : ping
5/16/2021 10:29:38 PM : ping
5/16/2021 10:29:38 PM : ping
5/16/2021 10:29:38 PM : ping
5/16/2021 10:29:39 PM : ping
5/16/2021 10:29:39 PM : ping
5/16/2021 10:29:39 PM : ping
5/16/2021 10:29:40 PM : ping
5/16/2021 10:29:40 PM : ping
5/16/2021 10:29:40 PM : ping
5/16/2021 10:29:42 PM : ping
5/16/2021 10:29:42 PM : ping
5/16/2021 10:29:42 PM : ping
5/16/2021 10:29:43 PM : ping
5/16/2021 10:29:43 PM : ping
5/16/2021 10:29:43 PM : ping
5/16/2021 10:29:44 PM : ping
5/16/2021 10:29:44 PM : ping
5/16/2021 10:29:44 PM : ping
5/16/2021 10:29:45 PM : ping
5/16/2021 10:29:45 PM : ping
5/16/2021 10:29:45 PM : ping
5/16/2021 10:29:46 PM : ping
5/16/2021 10:29:46 PM : ping
5/16/2021 10:29:46 PM : ping
5/16/2021 10:29:47 PM : ping
5/16/2021 10:29:47 PM : ping
5/16/2021 10:29:47 PM : ping
5/16/2021 10:29:48 PM : ping
5/16/2021 10:29:48 PM : ping
5/16/2021 10:29:48 PM : ping
5/16/2021 10:29:49 PM : ping
5/16/2021 10:29:49 PM : ping
5/16/2021 10:29:49 PM : ping
5/16/2021 10:29:50 PM : ping
5/16/2021 10:29:50 PM : ping
5/16/2021 10:29:50 PM : ping
5/16/2021 10:29:52 PM : ping
5/16/2021 10:29:52 PM : ping
5/16/2021 10:29:52 PM : ping
5/16/2021 10:29:53 PM : ping
5/16/2021 10:29:53 PM : ping
5/16/2021 10:29:53 PM : ping
5/16/2021 10:29:54 PM : ping
5/16/2021 10:29:54 PM : ping
5/16/2021 10:29:54 PM : ping
5/16/2021 10:29:55 PM : ping
5/16/2021 10:29:55 PM : ping
5/16/2021 10:29:55 PM : ping
5/16/2021 10:29:56 PM : ping
5/16/2021 10:29:56 PM : ping
5/16/2021 10:29:56 PM : ping
5/16/2021 10:29:57 PM : ping
5/16/2021 10:29:57 PM : ping
5/16/2021 10:29:57 PM : ping
5/16/2021 10:29:58 PM : ping
5/16/2021 10:29:58 PM : ping
5/16/2021 10:29:58 PM : ping
5/16/2021 10:29:59 PM : ping
5/16/2021 10:29:59 PM : ping
5/16/2021 10:29:59 PM : ping
5/16/2021 10:30:00 PM : ping
5/16/2021 10:30:00 PM : ping
5/16/2021 10:30:00 PM : ping
5/16/2021 10:30:01 PM : ping
5/16/2021 10:30:01 PM : ping
5/16/2021 10:30:01 PM : ping
5/16/2021 10:30:03 PM : ping
5/16/2021 10:30:03 PM : ping
5/16/2021 10:30:03 PM : ping
5/16/2021 10:30:04 PM : ping
5/16/2021 10:30:04 PM : ping
5/16/2021 10:30:04 PM : ping
5/16/2021 10:30:05 PM : ping
5/16/2021 10:30:05 PM : ping
5/16/2021 10:30:05 PM : ping
5/16/2021 10:30:06 PM : ping
5/16/2021 10:30:06 PM : ping
5/16/2021 10:30:06 PM : ping
5/16/2021 10:30:07 PM : ping
5/16/2021 10:30:07 PM : ping
5/16/2021 10:30:07 PM : ping
5/16/2021 10:30:08 PM : ping
5/16/2021 10:30:08 PM : ping
5/16/2021 10:30:08 PM : ping
5/16/2021 10:30:09 PM : ping
5/16/2021 10:30:09 PM : ping
5/16/2021 10:30:09 PM : ping
5/16/2021 10:30:10 PM : ping
5/16/2021 10:30:10 PM : ping
5/16/2021 10:30:10 PM : ping
5/16/2021 10:30:11 PM : ping
5/16/2021 10:30:11 PM : ping
5/16/2021 10:30:11 PM : ping
5/16/2021 10:30:13 PM : ping
5/16/2021 10:30:13 PM : ping
5/16/2021 10:30:13 PM : ping
5/16/2021 10:30:14 PM : ping
5/16/2021 10:30:14 PM : ping
5/16/2021 10:30:14 PM : ping
5/16/2021 10:30:15 PM : ping
5/16/2021 10:30:15 PM : ping
5/16/2021 10:30:15 PM : ping
5/16/2021 10:30:16 PM : ping
5/16/2021 10:30:16 PM : ping
5/16/2021 10:30:16 PM : ping
5/16/2021 10:30:17 PM : ping
5/16/2021 10:30:17 PM : ping
5/16/2021 10:30:17 PM : ping
5/16/2021 10:30:18 PM : ping
5/16/2021 10:30:18 PM : ping
5/16/2021 10:30:18 PM : ping
5/16/2021 10:30:19 PM : ping
5/16/2021 10:30:19 PM : ping
5/16/2021 10:30:19 PM : ping
5/16/2021 10:30:20 PM : ping
5/16/2021 10:30:20 PM : ping
5/16/2021 10:30:20 PM : ping
5/16/2021 10:30:21 PM : ping
5/16/2021 10:30:21 PM : ping
5/16/2021 10:30:21 PM : ping
5/16/2021 10:30:23 PM : ping
5/16/2021 10:30:23 PM : ping
5/16/2021 10:30:23 PM : ping
5/16/2021 10:30:24 PM : ping
5/16/2021 10:30:24 PM : ping
5/16/2021 10:30:24 PM : ping
5/16/2021 10:30:25 PM : ping
5/16/2021 10:30:25 PM : ping
5/16/2021 10:30:25 PM : ping
5/16/2021 10:30:26 PM : ping
5/16/2021 10:30:26 PM : ping
5/16/2021 10:30:26 PM : ping
5/16/2021 10:30:27 PM : ping
5/16/2021 10:30:27 PM : ping
5/16/2021 10:30:27 PM : ping
5/16/2021 10:30:28 PM : ping
5/16/2021 10:30:28 PM : ping
5/16/2021 10:30:28 PM : ping
5/16/2021 10:30:29 PM : ping
5/16/2021 10:30:29 PM : ping
5/16/2021 10:30:29 PM : ping
5/16/2021 10:30:30 PM : ping
5/16/2021 10:30:30 PM : ping
5/16/2021 10:30:30 PM : ping
5/16/2021 10:30:31 PM : ping
5/16/2021 10:30:31 PM : ping
5/16/2021 10:30:31 PM : ping
5/16/2021 10:30:33 PM : ping
5/16/2021 10:30:33 PM : ping
5/16/2021 10:30:33 PM : ping
5/16/2021 10:30:34 PM : ping
5/16/2021 10:30:34 PM : ping
5/16/2021 10:30:34 PM : ping
5/16/2021 10:30:35 PM : ping
5/16/2021 10:30:35 PM : ping
5/16/2021 10:30:35 PM : ping
5/16/2021 10:30:36 PM : ping
5/16/2021 10:30:36 PM : ping
5/16/2021 10:30:36 PM : ping
5/16/2021 10:30:37 PM : ping
5/16/2021 10:30:37 PM : ping
5/16/2021 10:30:37 PM : ping
5/16/2021 10:30:38 PM : ping
5/16/2021 10:30:38 PM : ping
5/16/2021 10:30:38 PM : ping
5/16/2021 10:30:39 PM : ping
5/16/2021 10:30:39 PM : ping
5/16/2021 10:30:39 PM : ping
5/16/2021 10:30:40 PM : ping
5/16/2021 10:30:40 PM : ping
5/16/2021 10:30:40 PM : ping
5/16/2021 10:30:41 PM : ping
5/16/2021 10:30:41 PM : ping
5/16/2021 10:30:41 PM : ping
5/16/2021 10:30:43 PM : ping
5/16/2021 10:30:43 PM : ping
5/16/2021 10:30:43 PM : ping
5/16/2021 10:30:44 PM : ping
5/16/2021 10:30:44 PM : ping
5/16/2021 10:30:44 PM : ping
5/16/2021 10:30:45 PM : ping
5/16/2021 10:30:45 PM : ping
5/16/2021 10:30:45 PM : ping
5/16/2021 10:30:46 PM : ping
5/16/2021 10:30:46 PM : ping
5/16/2021 10:30:46 PM : ping
5/16/2021 10:30:47 PM : ping
5/16/2021 10:30:47 PM : ping
5/16/2021 10:30:47 PM : ping
5/16/2021 10:30:48 PM : ping
5/16/2021 10:30:48 PM : ping
5/16/2021 10:30:48 PM : ping
5/16/2021 10:30:49 PM : ping
5/16/2021 10:30:49 PM : ping
5/16/2021 10:30:49 PM : ping
5/16/2021 10:30:50 PM : ping
5/16/2021 10:30:50 PM : ping
5/16/2021 10:30:50 PM : ping
5/16/2021 10:30:51 PM : ping
5/16/2021 10:30:51 PM : ping
5/16/2021 10:30:51 PM : ping
5/16/2021 10:30:52 PM : ping
5/16/2021 10:30:52 PM : ping
5/16/2021 10:30:52 PM : ping
5/16/2021 10:30:54 PM : ping
5/16/2021 10:30:54 PM : ping
5/16/2021 10:30:54 PM : ping
5/16/2021 10:30:55 PM : ping
5/16/2021 10:30:55 PM : ping
5/16/2021 10:30:55 PM : ping
5/16/2021 10:30:56 PM : ping
5/16/2021 10:30:56 PM : ping
5/16/2021 10:30:56 PM : ping
5/16/2021 10:30:57 PM : ping
5/16/2021 10:30:57 PM : ping
5/16/2021 10:30:57 PM : ping
5/16/2021 10:30:58 PM : ping
5/16/2021 10:30:58 PM : ping
5/16/2021 10:30:58 PM : ping
5/16/2021 10:30:59 PM : ping
5/16/2021 10:30:59 PM : ping
5/16/2021 10:30:59 PM : ping
5/16/2021 10:31:00 PM : ping
5/16/2021 10:31:00 PM : ping
5/16/2021 10:31:00 PM : ping
5/16/2021 10:31:01 PM : ping
5/16/2021 10:31:01 PM : ping
5/16/2021 10:31:01 PM : ping
5/16/2021 10:31:02 PM : ping
5/16/2021 10:31:02 PM : ping
5/16/2021 10:31:02 PM : ping
5/16/2021 10:31:04 PM : ping
5/16/2021 10:31:04 PM : ping
5/16/2021 10:31:04 PM : ping
5/16/2021 10:31:05 PM : ping
5/16/2021 10:31:05 PM : ping
5/16/2021 10:31:05 PM : ping
5/16/2021 10:31:06 PM : ping
5/16/2021 10:31:06 PM : ping
5/16/2021 10:31:06 PM : ping
5/16/2021 10:31:07 PM : ping
5/16/2021 10:31:07 PM : ping
5/16/2021 10:31:07 PM : ping
5/16/2021 10:31:08 PM : ping
5/16/2021 10:31:08 PM : ping
5/16/2021 10:31:08 PM : ping
5/16/2021 10:31:09 PM : ping
5/16/2021 10:31:09 PM : ping
5/16/2021 10:31:09 PM : ping
5/16/2021 10:31:10 PM : ping
5/16/2021 10:31:10 PM : ping
5/16/2021 10:31:10 PM : ping
5/16/2021 10:31:11 PM : ping
5/16/2021 10:31:11 PM : ping
5/16/2021 10:31:11 PM : ping
5/16/2021 10:31:12 PM : ping
5/16/2021 10:31:12 PM : ping
5/16/2021 10:31:12 PM : ping
5/16/2021 10:31:14 PM : ping
5/16/2021 10:31:14 PM : ping
5/16/2021 10:31:14 PM : ping
5/16/2021 10:31:15 PM : ping
5/16/2021 10:31:15 PM : ping
5/16/2021 10:31:15 PM : ping
5/16/2021 10:31:16 PM : ping
5/16/2021 10:31:16 PM : ping
5/16/2021 10:31:16 PM : ping
5/16/2021 10:31:17 PM : ping
5/16/2021 10:31:17 PM : ping
5/16/2021 10:31:17 PM : ping
5/16/2021 10:31:18 PM : ping
5/16/2021 10:31:18 PM : ping
5/16/2021 10:31:18 PM : ping
5/16/2021 10:31:19 PM : ping
5/16/2021 10:31:19 PM : ping
5/16/2021 10:31:19 PM : ping
5/16/2021 10:31:20 PM : ping
5/16/2021 10:31:20 PM : ping
5/16/2021 10:31:20 PM : ping
5/16/2021 10:31:21 PM : ping
5/16/2021 10:31:21 PM : ping
5/16/2021 10:31:21 PM : ping
5/16/2021 10:31:22 PM : ping
5/16/2021 10:31:22 PM : ping
5/16/2021 10:31:22 PM : ping
5/16/2021 10:31:23 PM : ping
5/16/2021 10:31:23 PM : ping
5/16/2021 10:31:24 PM : ping
5/16/2021 10:31:25 PM : ping
5/16/2021 10:31:25 PM : ping
5/16/2021 10:31:25 PM : ping
5/16/2021 10:31:26 PM : ping
5/16/2021 10:31:26 PM : ping
5/16/2021 10:31:26 PM : ping
5/16/2021 10:31:27 PM : ping
5/16/2021 10:31:27 PM : ping
5/16/2021 10:31:27 PM : ping
5/16/2021 10:31:28 PM : ping
5/16/2021 10:31:28 PM : ping
5/16/2021 10:31:28 PM : ping
5/16/2021 10:31:29 PM : ping
5/16/2021 10:31:29 PM : ping
5/16/2021 10:31:29 PM : ping
5/16/2021 10:31:30 PM : ping
5/16/2021 10:31:30 PM : ping
5/16/2021 10:31:30 PM : ping
5/16/2021 10:31:31 PM : ping
5/16/2021 10:31:31 PM : ping
5/16/2021 10:31:31 PM : ping
5/16/2021 10:31:32 PM : ping
5/16/2021 10:31:32 PM : ping
5/16/2021 10:31:32 PM : ping
5/16/2021 10:31:33 PM : ping
5/16/2021 10:31:33 PM : ping
5/16/2021 10:31:33 PM : ping
5/16/2021 10:31:35 PM : ping
5/16/2021 10:31:35 PM : ping
5/16/2021 10:31:35 PM : ping
5/16/2021 10:31:36 PM : ping
5/16/2021 10:31:36 PM : ping
5/16/2021 10:31:36 PM : ping
5/16/2021 10:31:37 PM : ping
5/16/2021 10:31:37 PM : ping
5/16/2021 10:31:37 PM : ping
5/16/2021 10:31:38 PM : ping
5/16/2021 10:31:38 PM : ping
5/16/2021 10:31:38 PM : ping
5/16/2021 10:31:39 PM : ping
5/16/2021 10:31:39 PM : ping
5/16/2021 10:31:39 PM : ping
5/16/2021 10:31:40 PM : ping
5/16/2021 10:31:40 PM : ping
5/16/2021 10:31:40 PM : ping
5/16/2021 10:31:41 PM : ping
5/16/2021 10:31:41 PM : ping
5/16/2021 10:31:41 PM : ping
5/16/2021 10:31:42 PM : ping
5/16/2021 10:31:42 PM : ping
5/16/2021 10:31:42 PM : ping
5/16/2021 10:31:43 PM : ping
5/16/2021 10:31:43 PM : ping
5/16/2021 10:31:43 PM : ping
5/16/2021 10:31:45 PM : ping
5/16/2021 10:31:45 PM : ping
5/16/2021 10:31:45 PM : ping
5/16/2021 10:31:46 PM : ping
5/16/2021 10:31:46 PM : ping
5/16/2021 10:31:46 PM : ping
5/16/2021 10:31:47 PM : ping
5/16/2021 10:31:47 PM : ping
5/16/2021 10:31:47 PM : ping
5/16/2021 10:31:48 PM : ping
5/16/2021 10:31:48 PM : ping
5/16/2021 10:31:48 PM : ping
5/16/2021 10:31:49 PM : ping
5/16/2021 10:31:49 PM : ping
5/16/2021 10:31:49 PM : ping
5/16/2021 10:31:50 PM : ping
5/16/2021 10:31:50 PM : ping
5/16/2021 10:31:50 PM : ping
5/16/2021 10:31:51 PM : ping
5/16/2021 10:31:51 PM : ping
5/16/2021 10:31:51 PM : ping
5/16/2021 10:31:52 PM : ping
5/16/2021 10:31:52 PM : ping
5/16/2021 10:31:52 PM : ping
5/16/2021 10:31:53 PM : ping
5/16/2021 10:31:53 PM : ping
5/16/2021 10:31:53 PM : ping
5/16/2021 10:31:55 PM : ping
5/16/2021 10:31:55 PM : ping
5/16/2021 10:31:55 PM : ping
5/16/2021 10:31:56 PM : ping
5/16/2021 10:31:56 PM : ping
5/16/2021 10:31:56 PM : ping
5/16/2021 10:31:57 PM : ping
5/16/2021 10:31:57 PM : ping
5/16/2021 10:31:57 PM : ping
5/16/2021 10:31:58 PM : ping
5/16/2021 10:31:58 PM : ping
5/16/2021 10:31:58 PM : ping
5/16/2021 10:31:59 PM : ping
5/16/2021 10:31:59 PM : ping
5/16/2021 10:31:59 PM : ping
5/16/2021 10:32:00 PM : ping
5/16/2021 10:32:00 PM : ping
5/16/2021 10:32:00 PM : ping
5/16/2021 10:32:01 PM : ping
5/16/2021 10:32:01 PM : ping
5/16/2021 10:32:01 PM : ping
5/16/2021 10:32:02 PM : ping
5/16/2021 10:32:02 PM : ping
5/16/2021 10:32:02 PM : ping
5/16/2021 10:32:03 PM : ping
5/16/2021 10:32:03 PM : ping
5/16/2021 10:32:03 PM : ping
5/16/2021 10:32:05 PM : ping
5/16/2021 10:32:05 PM : ping
5/16/2021 10:32:05 PM : ping
5/16/2021 10:32:06 PM : ping
5/16/2021 10:32:06 PM : ping
5/16/2021 10:32:06 PM : ping
5/16/2021 10:32:07 PM : ping
5/16/2021 10:32:07 PM : ping
5/16/2021 10:32:07 PM : ping
5/16/2021 10:32:08 PM : ping
5/16/2021 10:32:08 PM : ping
5/16/2021 10:32:08 PM : ping
5/16/2021 10:32:09 PM : ping
5/16/2021 10:32:09 PM : ping
5/16/2021 10:32:09 PM : ping
5/16/2021 10:32:10 PM : ping
5/16/2021 10:32:10 PM : ping
5/16/2021 10:32:10 PM : ping
5/16/2021 10:32:11 PM : ping
5/16/2021 10:32:11 PM : ping
5/16/2021 10:32:11 PM : ping
5/16/2021 10:32:12 PM : ping
5/16/2021 10:32:12 PM : ping
5/16/2021 10:32:12 PM : ping
5/16/2021 10:32:13 PM : ping
5/16/2021 10:32:13 PM : ping
5/16/2021 10:32:13 PM : ping
5/16/2021 10:32:15 PM : ping
5/16/2021 10:32:15 PM : ping
5/16/2021 10:32:15 PM : ping
5/16/2021 10:32:16 PM : ping
5/16/2021 10:32:16 PM : ping
5/16/2021 10:32:16 PM : ping
5/16/2021 10:32:17 PM : ping
5/16/2021 10:32:17 PM : ping
5/16/2021 10:32:17 PM : ping
5/16/2021 10:32:18 PM : ping
5/16/2021 10:32:18 PM : ping
5/16/2021 10:32:18 PM : ping
5/16/2021 10:32:19 PM : ping
5/16/2021 10:32:19 PM : ping
5/16/2021 10:32:19 PM : ping
5/16/2021 10:32:20 PM : ping
5/16/2021 10:32:20 PM : ping
5/16/2021 10:32:20 PM : ping
5/16/2021 10:32:21 PM : ping
5/16/2021 10:32:21 PM : ping
5/16/2021 10:32:21 PM : ping
5/16/2021 10:32:22 PM : ping
5/16/2021 10:32:22 PM : ping
5/16/2021 10:32:22 PM : ping
5/16/2021 10:32:23 PM : ping
5/16/2021 10:32:23 PM : ping
5/16/2021 10:32:23 PM : ping
5/16/2021 10:32:25 PM : ping
5/16/2021 10:32:25 PM : ping
5/16/2021 10:32:25 PM : ping
5/16/2021 10:32:26 PM : ping
5/16/2021 10:32:26 PM : ping
5/16/2021 10:32:26 PM : ping
5/16/2021 10:32:27 PM : ping
5/16/2021 10:32:27 PM : ping
5/16/2021 10:32:27 PM : ping
5/16/2021 10:32:28 PM : ping
5/16/2021 10:32:28 PM : ping
5/16/2021 10:32:28 PM : ping
5/16/2021 10:32:29 PM : ping
5/16/2021 10:32:29 PM : ping
5/16/2021 10:32:29 PM : ping
5/16/2021 10:32:30 PM : ping
5/16/2021 10:32:30 PM : ping
5/16/2021 10:32:30 PM : ping
5/16/2021 10:32:31 PM : ping
5/16/2021 10:32:31 PM : ping
5/16/2021 10:32:31 PM : ping
5/16/2021 10:32:32 PM : ping
5/16/2021 10:32:32 PM : ping
5/16/2021 10:32:32 PM : ping
5/16/2021 10:32:33 PM : ping
5/16/2021 10:32:33 PM : ping
5/16/2021 10:32:33 PM : ping
5/16/2021 10:32:35 PM : ping
5/16/2021 10:32:35 PM : ping
5/16/2021 10:32:35 PM : ping
5/16/2021 10:32:36 PM : ping
5/16/2021 10:32:36 PM : ping
5/16/2021 10:32:36 PM : ping
5/16/2021 10:32:37 PM : ping
5/16/2021 10:32:37 PM : ping
5/16/2021 10:32:37 PM : ping
5/16/2021 10:32:38 PM : ping
5/16/2021 10:32:38 PM : ping
5/16/2021 10:32:38 PM : ping
5/16/2021 10:32:39 PM : ping
5/16/2021 10:32:39 PM : ping
5/16/2021 10:32:39 PM : ping
5/16/2021 10:32:40 PM : ping
5/16/2021 10:32:40 PM : ping
5/16/2021 10:32:40 PM : ping
5/16/2021 10:32:41 PM : ping
5/16/2021 10:32:41 PM : ping
5/16/2021 10:32:41 PM : ping
5/16/2021 10:32:42 PM : ping
5/16/2021 10:32:42 PM : ping
5/16/2021 10:32:42 PM : ping
5/16/2021 10:32:43 PM : ping
5/16/2021 10:32:43 PM : ping
5/16/2021 10:32:43 PM : ping
5/16/2021 10:32:44 PM : ping
5/16/2021 10:32:44 PM : ping
5/16/2021 10:32:45 PM : ping
5/16/2021 10:32:46 PM : ping
5/16/2021 10:32:46 PM : ping
5/16/2021 10:32:46 PM : ping
5/16/2021 10:32:47 PM : ping
5/16/2021 10:32:47 PM : ping
5/16/2021 10:32:47 PM : ping
5/16/2021 10:32:48 PM : ping
5/16/2021 10:32:48 PM : ping
5/16/2021 10:32:48 PM : ping
5/16/2021 10:32:49 PM : ping
5/16/2021 10:32:49 PM : ping
5/16/2021 10:32:49 PM : ping
5/16/2021 10:32:50 PM : ping
5/16/2021 10:32:50 PM : ping
5/16/2021 10:32:50 PM : ping
5/16/2021 10:32:51 PM : ping
5/16/2021 10:32:51 PM : ping
5/16/2021 10:32:51 PM : ping
5/16/2021 10:32:52 PM : ping
5/16/2021 10:32:52 PM : ping
5/16/2021 10:32:52 PM : ping
5/16/2021 10:32:53 PM : ping
5/16/2021 10:32:53 PM : ping
5/16/2021 10:32:53 PM : ping
5/16/2021 10:32:54 PM : ping
5/16/2021 10:32:54 PM : ping
5/16/2021 10:32:54 PM : ping
5/16/2021 10:32:56 PM : ping
5/16/2021 10:32:56 PM : ping
5/16/2021 10:32:56 PM : ping
5/16/2021 10:32:57 PM : ping
5/16/2021 10:32:57 PM : ping
5/16/2021 10:32:57 PM : ping
5/16/2021 10:32:58 PM : ping
5/16/2021 10:32:58 PM : ping
5/16/2021 10:32:58 PM : ping
5/16/2021 10:32:59 PM : ping
5/16/2021 10:32:59 PM : ping
5/16/2021 10:32:59 PM : ping
5/16/2021 10:33:00 PM : ping
5/16/2021 10:33:00 PM : ping
5/16/2021 10:33:00 PM : ping
5/16/2021 10:33:01 PM : ping
5/16/2021 10:33:01 PM : ping
5/16/2021 10:33:01 PM : ping
5/16/2021 10:33:02 PM : ping
5/16/2021 10:33:02 PM : ping
5/16/2021 10:33:02 PM : ping
5/16/2021 10:33:03 PM : ping
5/16/2021 10:33:03 PM : ping
5/16/2021 10:33:03 PM : ping
5/16/2021 10:33:04 PM : ping
5/16/2021 10:33:04 PM : ping
5/16/2021 10:33:04 PM : ping
5/16/2021 10:33:06 PM : ping
5/16/2021 10:33:06 PM : ping
5/16/2021 10:33:06 PM : ping
5/16/2021 10:33:07 PM : ping
5/16/2021 10:33:07 PM : ping
5/16/2021 10:33:07 PM : ping
5/16/2021 10:33:08 PM : ping
5/16/2021 10:33:08 PM : ping
5/16/2021 10:33:08 PM : ping
5/16/2021 10:33:09 PM : ping
5/16/2021 10:33:09 PM : ping
5/16/2021 10:33:09 PM : ping
5/16/2021 10:33:10 PM : ping
5/16/2021 10:33:10 PM : ping
5/16/2021 10:33:10 PM : ping
5/16/2021 10:33:11 PM : ping
5/16/2021 10:33:11 PM : ping
5/16/2021 10:33:11 PM : ping
5/16/2021 10:33:12 PM : ping
5/16/2021 10:33:12 PM : ping
5/16/2021 10:33:12 PM : ping
5/16/2021 10:33:13 PM : ping
5/16/2021 10:33:13 PM : ping
5/16/2021 10:33:13 PM : ping
5/16/2021 10:33:14 PM : ping
5/16/2021 10:33:14 PM : ping
5/16/2021 10:33:14 PM : ping
5/16/2021 10:33:16 PM : ping
5/16/2021 10:33:16 PM : ping
5/16/2021 10:33:16 PM : ping
5/16/2021 10:33:17 PM : ping
5/16/2021 10:33:17 PM : ping
5/16/2021 10:33:17 PM : ping
5/16/2021 10:33:18 PM : ping
5/16/2021 10:33:18 PM : ping
5/16/2021 10:33:18 PM : ping
5/16/2021 10:33:19 PM : ping
5/16/2021 10:33:19 PM : ping
5/16/2021 10:33:19 PM : ping
5/16/2021 10:33:20 PM : ping
5/16/2021 10:33:20 PM : ping
5/16/2021 10:33:20 PM : ping
5/16/2021 10:33:21 PM : ping
5/16/2021 10:33:21 PM : ping
5/16/2021 10:33:21 PM : ping
5/16/2021 10:33:22 PM : ping
5/16/2021 10:33:22 PM : ping
5/16/2021 10:33:22 PM : ping
5/16/2021 10:33:23 PM : ping
5/16/2021 10:33:23 PM : ping
5/16/2021 10:33:23 PM : ping
5/16/2021 10:33:24 PM : ping
5/16/2021 10:33:24 PM : ping
5/16/2021 10:33:24 PM : ping
5/16/2021 10:33:26 PM : ping
5/16/2021 10:33:26 PM : ping
5/16/2021 10:33:26 PM : ping
5/16/2021 10:33:27 PM : ping
5/16/2021 10:33:27 PM : ping
5/16/2021 10:33:27 PM : ping
5/16/2021 10:33:28 PM : ping
5/16/2021 10:33:28 PM : ping
5/16/2021 10:33:28 PM : ping
5/16/2021 10:33:29 PM : ping
5/16/2021 10:33:29 PM : ping
5/16/2021 10:33:29 PM : ping
5/16/2021 10:33:30 PM : ping
5/16/2021 10:33:30 PM : ping
5/16/2021 10:33:30 PM : ping
5/16/2021 10:33:31 PM : ping
5/16/2021 10:33:31 PM : ping
5/16/2021 10:33:31 PM : ping
5/16/2021 10:33:32 PM : ping
5/16/2021 10:33:32 PM : ping
5/16/2021 10:33:32 PM : ping
5/16/2021 10:33:33 PM : ping
5/16/2021 10:33:33 PM : ping
5/16/2021 10:33:33 PM : ping
5/16/2021 10:33:34 PM : ping
5/16/2021 10:33:34 PM : ping
5/16/2021 10:33:34 PM : ping
5/16/2021 10:33:36 PM : ping
5/16/2021 10:33:36 PM : ping
5/16/2021 10:33:36 PM : ping
5/16/2021 10:33:37 PM : ping
5/16/2021 10:33:37 PM : ping
5/16/2021 10:33:37 PM : ping
5/16/2021 10:33:38 PM : ping
5/16/2021 10:33:38 PM : ping
5/16/2021 10:33:38 PM : ping
5/16/2021 10:33:39 PM : ping
5/16/2021 10:33:39 PM : ping
5/16/2021 10:33:39 PM : ping
5/16/2021 10:33:40 PM : ping
5/16/2021 10:33:40 PM : ping
5/16/2021 10:33:40 PM : ping
5/16/2021 10:33:41 PM : ping
5/16/2021 10:33:41 PM : ping
5/16/2021 10:33:41 PM : ping
5/16/2021 10:33:42 PM : ping
5/16/2021 10:33:42 PM : ping
5/16/2021 10:33:42 PM : ping
5/16/2021 10:33:43 PM : ping
5/16/2021 10:33:43 PM : ping
5/16/2021 10:33:43 PM : ping
5/16/2021 10:33:44 PM : ping
5/16/2021 10:33:44 PM : ping
5/16/2021 10:33:44 PM : ping
5/16/2021 10:33:45 PM : ping
5/16/2021 10:33:45 PM : ping
5/16/2021 10:33:46 PM : ping
5/16/2021 10:33:47 PM : ping
5/16/2021 10:33:47 PM : ping
5/16/2021 10:33:47 PM : ping
5/16/2021 10:33:48 PM : ping
5/16/2021 10:33:48 PM : ping
5/16/2021 10:33:48 PM : ping
5/16/2021 10:33:49 PM : ping
5/16/2021 10:33:49 PM : ping
5/16/2021 10:33:49 PM : ping
5/16/2021 10:33:50 PM : ping
5/16/2021 10:33:50 PM : ping
5/16/2021 10:33:50 PM : ping
5/16/2021 10:33:51 PM : ping
5/16/2021 10:33:51 PM : ping
5/16/2021 10:33:51 PM : ping
5/16/2021 10:33:52 PM : kService.requestChannels.Count :23
5/16/2021 10:33:52 PM : kService.requestChannels.Count :23
5/16/2021 10:33:52 PM : ping
5/16/2021 10:33:52 PM : ping
5/16/2021 10:33:52 PM : ping
5/16/2021 10:33:53 PM : kService.requestChannels.Count :22
5/16/2021 10:33:53 PM : kService.requestChannels.Count :22
5/16/2021 10:33:53 PM : ping
5/16/2021 10:33:53 PM : ping
5/16/2021 10:33:53 PM : ping
5/16/2021 10:33:54 PM : ping
5/16/2021 10:33:54 PM : ping
5/16/2021 10:33:54 PM : ping
5/16/2021 10:33:55 PM : ping
5/16/2021 10:33:55 PM : ping
5/16/2021 10:33:55 PM : ping
5/16/2021 10:33:57 PM : ping
5/16/2021 10:33:57 PM : ping
5/16/2021 10:33:57 PM : ping
5/16/2021 10:33:58 PM : ping
5/16/2021 10:33:58 PM : ping
5/16/2021 10:33:58 PM : ping
5/16/2021 10:33:59 PM : ping
5/16/2021 10:33:59 PM : ping
5/16/2021 10:33:59 PM : ping
5/16/2021 10:34:00 PM : ping
5/16/2021 10:34:00 PM : ping
5/16/2021 10:34:00 PM : ping
5/16/2021 10:34:01 PM : ping
5/16/2021 10:34:01 PM : ping
5/16/2021 10:34:01 PM : ping
5/16/2021 10:34:02 PM : ping
5/16/2021 10:34:02 PM : ping
5/16/2021 10:34:02 PM : ping
5/16/2021 10:34:03 PM : kService.requestChannels.Count :21
5/16/2021 10:34:03 PM : kService.requestChannels.Count :21
5/16/2021 10:34:03 PM : ping
5/16/2021 10:34:03 PM : ping
5/16/2021 10:34:03 PM : ping
5/16/2021 10:34:04 PM : kService.requestChannels.Count :20
5/16/2021 10:34:04 PM : kService.requestChannels.Count :20
5/16/2021 10:34:04 PM : kService.requestChannels.Count :19
5/16/2021 10:34:04 PM : kService.requestChannels.Count :19
5/16/2021 10:34:04 PM : ping
5/16/2021 10:34:04 PM : ping
5/16/2021 10:34:04 PM : ping
5/16/2021 10:34:05 PM : ping
5/16/2021 10:34:05 PM : ping
5/16/2021 10:34:05 PM : ping
5/16/2021 10:34:07 PM : ping
5/16/2021 10:34:07 PM : ping
5/16/2021 10:34:07 PM : ping
5/16/2021 10:34:08 PM : ping
5/16/2021 10:34:08 PM : ping
5/16/2021 10:34:08 PM : ping
5/16/2021 10:34:09 PM : ping
5/16/2021 10:34:09 PM : ping
5/16/2021 10:34:09 PM : ping
5/16/2021 10:34:10 PM : ping
5/16/2021 10:34:10 PM : ping
5/16/2021 10:34:10 PM : ping
5/16/2021 10:34:11 PM : ping
5/16/2021 10:34:11 PM : ping
5/16/2021 10:34:11 PM : ping
5/16/2021 10:34:12 PM : ping
5/16/2021 10:34:12 PM : ping
5/16/2021 10:34:12 PM : ping
5/16/2021 10:34:13 PM : ping
5/16/2021 10:34:13 PM : ping
5/16/2021 10:34:13 PM : ping
5/16/2021 10:34:14 PM : ping
5/16/2021 10:34:14 PM : ping
5/16/2021 10:34:14 PM : ping
5/16/2021 10:34:15 PM : ping
5/16/2021 10:34:15 PM : ping
5/16/2021 10:34:15 PM : ping
5/16/2021 10:34:17 PM : ping
5/16/2021 10:34:17 PM : ping
5/16/2021 10:34:17 PM : ping
5/16/2021 10:34:18 PM : ping
5/16/2021 10:34:18 PM : ping
5/16/2021 10:34:18 PM : ping
5/16/2021 10:34:19 PM : ping
5/16/2021 10:34:19 PM : ping
5/16/2021 10:34:19 PM : ping
5/16/2021 10:34:20 PM : ping
5/16/2021 10:34:20 PM : ping
5/16/2021 10:34:20 PM : ping
5/16/2021 10:34:21 PM : ping
5/16/2021 10:34:21 PM : ping
5/16/2021 10:34:21 PM : ping
5/16/2021 10:34:22 PM : ping
5/16/2021 10:34:22 PM : ping
5/16/2021 10:34:22 PM : ping
5/16/2021 10:34:23 PM : ping
5/16/2021 10:34:23 PM : ping
5/16/2021 10:34:23 PM : ping
5/16/2021 10:34:24 PM : ping
5/16/2021 10:34:24 PM : ping
5/16/2021 10:34:24 PM : ping
5/16/2021 10:34:25 PM : ping
5/16/2021 10:34:25 PM : ping
5/16/2021 10:34:25 PM : ping
5/16/2021 10:34:27 PM : ping
5/16/2021 10:34:27 PM : ping
5/16/2021 10:34:27 PM : ping
5/16/2021 10:34:28 PM : ping
5/16/2021 10:34:28 PM : ping
5/16/2021 10:34:28 PM : ping
5/16/2021 10:34:29 PM : ping
5/16/2021 10:34:29 PM : ping
5/16/2021 10:34:29 PM : ping
5/16/2021 10:34:30 PM : ping
5/16/2021 10:34:30 PM : ping
5/16/2021 10:34:30 PM : ping
5/16/2021 10:34:31 PM : ping
5/16/2021 10:34:31 PM : ping
5/16/2021 10:34:31 PM : ping
5/16/2021 10:34:32 PM : ping
5/16/2021 10:34:32 PM : ping
5/16/2021 10:34:32 PM : ping
5/16/2021 10:34:33 PM : ping
5/16/2021 10:34:33 PM : ping
5/16/2021 10:34:33 PM : ping
5/16/2021 10:34:34 PM : ping
5/16/2021 10:34:34 PM : ping
5/16/2021 10:34:34 PM : ping
5/16/2021 10:34:35 PM : ping
5/16/2021 10:34:35 PM : ping
5/16/2021 10:34:35 PM : ping
5/16/2021 10:34:37 PM : ping
5/16/2021 10:34:37 PM : ping
5/16/2021 10:34:37 PM : ping
5/16/2021 10:34:38 PM : ping
5/16/2021 10:34:38 PM : ping
5/16/2021 10:34:38 PM : ping
5/16/2021 10:34:39 PM : ping
5/16/2021 10:34:39 PM : ping
5/16/2021 10:34:39 PM : ping
5/16/2021 10:34:40 PM : ping
5/16/2021 10:34:40 PM : ping
5/16/2021 10:34:40 PM : ping
5/16/2021 10:34:41 PM : ping
5/16/2021 10:34:41 PM : ping
5/16/2021 10:34:41 PM : ping
5/16/2021 10:34:42 PM : ping
5/16/2021 10:34:42 PM : ping
5/16/2021 10:34:42 PM : ping
5/16/2021 10:34:43 PM : ping
5/16/2021 10:34:43 PM : ping
5/16/2021 10:34:43 PM : ping
5/16/2021 10:34:44 PM : ping
5/16/2021 10:34:44 PM : ping
5/16/2021 10:34:44 PM : ping
5/16/2021 10:34:45 PM : ping
5/16/2021 10:34:45 PM : ping
5/16/2021 10:34:45 PM : ping
5/16/2021 10:34:46 PM : ping
5/16/2021 10:34:46 PM : ping
5/16/2021 10:34:47 PM : ping
5/16/2021 10:34:48 PM : ping
5/16/2021 10:34:48 PM : ping
5/16/2021 10:34:48 PM : ping
5/16/2021 10:34:49 PM : ping
5/16/2021 10:34:49 PM : ping
5/16/2021 10:34:49 PM : ping
5/16/2021 10:34:50 PM : ping
5/16/2021 10:34:50 PM : ping
5/16/2021 10:34:50 PM : ping
5/16/2021 10:34:51 PM : ping
5/16/2021 10:34:51 PM : ping
5/16/2021 10:34:51 PM : ping
5/16/2021 10:34:52 PM : ping
5/16/2021 10:34:52 PM : ping
5/16/2021 10:34:52 PM : ping
5/16/2021 10:34:53 PM : ping
5/16/2021 10:34:53 PM : ping
5/16/2021 10:34:53 PM : ping
5/16/2021 10:34:54 PM : ping
5/16/2021 10:34:54 PM : ping
5/16/2021 10:34:54 PM : ping
5/16/2021 10:34:55 PM : ping
5/16/2021 10:34:55 PM : ping
5/16/2021 10:34:55 PM : ping
5/16/2021 10:34:56 PM : ping
5/16/2021 10:34:56 PM : ping
5/16/2021 10:34:57 PM : ping
5/16/2021 10:34:58 PM : ping
5/16/2021 10:34:58 PM : ping
5/16/2021 10:34:58 PM : ping
5/16/2021 10:34:59 PM : ping
5/16/2021 10:34:59 PM : ping
5/16/2021 10:34:59 PM : ping
5/16/2021 10:35:00 PM : ping
5/16/2021 10:35:00 PM : ping
5/16/2021 10:35:00 PM : ping
5/16/2021 10:35:01 PM : ping
5/16/2021 10:35:01 PM : ping
5/16/2021 10:35:01 PM : ping
5/16/2021 10:35:02 PM : ping
5/16/2021 10:35:02 PM : ping
5/16/2021 10:35:02 PM : ping
5/16/2021 10:35:03 PM : ping
5/16/2021 10:35:03 PM : ping
5/16/2021 10:35:03 PM : ping
5/16/2021 10:35:04 PM : ping
5/16/2021 10:35:04 PM : ping
5/16/2021 10:35:04 PM : ping
5/16/2021 10:35:05 PM : ping
5/16/2021 10:35:05 PM : ping
5/16/2021 10:35:05 PM : ping
5/16/2021 10:35:06 PM : ping
5/16/2021 10:35:06 PM : ping
5/16/2021 10:35:06 PM : ping
5/16/2021 10:35:08 PM : ping
5/16/2021 10:35:08 PM : ping
5/16/2021 10:35:08 PM : ping
5/16/2021 10:35:09 PM : ping
5/16/2021 10:35:09 PM : ping
5/16/2021 10:35:09 PM : ping
5/16/2021 10:35:10 PM : ping
5/16/2021 10:35:10 PM : ping
5/16/2021 10:35:10 PM : ping
5/16/2021 10:35:11 PM : ping
5/16/2021 10:35:11 PM : ping
5/16/2021 10:35:11 PM : ping
5/16/2021 10:35:12 PM : ping
5/16/2021 10:35:12 PM : ping
5/16/2021 10:35:12 PM : ping
5/16/2021 10:35:13 PM : ping
5/16/2021 10:35:13 PM : ping
5/16/2021 10:35:13 PM : ping
5/16/2021 10:35:14 PM : ping
5/16/2021 10:35:14 PM : ping
5/16/2021 10:35:14 PM : ping
5/16/2021 10:35:15 PM : ping
5/16/2021 10:35:15 PM : ping
5/16/2021 10:35:15 PM : ping
5/16/2021 10:35:16 PM : ping
5/16/2021 10:35:16 PM : ping
5/16/2021 10:35:16 PM : ping
5/16/2021 10:35:18 PM : ping
5/16/2021 10:35:18 PM : ping
5/16/2021 10:35:18 PM : ping
5/16/2021 10:35:19 PM : ping
5/16/2021 10:35:19 PM : ping
5/16/2021 10:35:19 PM : ping
5/16/2021 10:35:20 PM : ping
5/16/2021 10:35:20 PM : ping
5/16/2021 10:35:20 PM : ping
5/16/2021 10:35:21 PM : ping
5/16/2021 10:35:21 PM : ping
5/16/2021 10:35:21 PM : ping
5/16/2021 10:35:22 PM : ping
5/16/2021 10:35:22 PM : ping
5/16/2021 10:35:22 PM : ping
5/16/2021 10:35:23 PM : ping
5/16/2021 10:35:23 PM : ping
5/16/2021 10:35:23 PM : ping
5/16/2021 10:35:24 PM : ping
5/16/2021 10:35:24 PM : ping
5/16/2021 10:35:24 PM : ping
5/16/2021 10:35:25 PM : ping
5/16/2021 10:35:25 PM : ping
5/16/2021 10:35:25 PM : ping
5/16/2021 10:35:26 PM : ping
5/16/2021 10:35:26 PM : ping
5/16/2021 10:35:26 PM : ping
5/16/2021 10:35:28 PM : ping
5/16/2021 10:35:28 PM : ping
5/16/2021 10:35:28 PM : ping
5/16/2021 10:35:29 PM : ping
5/16/2021 10:35:29 PM : ping
5/16/2021 10:35:29 PM : ping
5/16/2021 10:35:30 PM : ping
5/16/2021 10:35:30 PM : ping
5/16/2021 10:35:30 PM : ping
5/16/2021 10:35:31 PM : ping
5/16/2021 10:35:31 PM : ping
5/16/2021 10:35:31 PM : ping
5/16/2021 10:35:32 PM : ping
5/16/2021 10:35:32 PM : ping
5/16/2021 10:35:32 PM : ping
5/16/2021 10:35:33 PM : ping
5/16/2021 10:35:33 PM : ping
5/16/2021 10:35:33 PM : ping
5/16/2021 10:35:34 PM : kService.requestChannels.Count :18
5/16/2021 10:35:34 PM : kService.requestChannels.Count :18
5/16/2021 10:35:34 PM : ping
5/16/2021 10:35:34 PM : ping
5/16/2021 10:35:34 PM : ping
5/16/2021 10:35:35 PM : kService.requestChannels.Count :17
5/16/2021 10:35:35 PM : kService.requestChannels.Count :17
5/16/2021 10:35:35 PM : ping
5/16/2021 10:35:35 PM : ping
5/16/2021 10:35:35 PM : ping
5/16/2021 10:35:36 PM : ping
5/16/2021 10:35:36 PM : ping
5/16/2021 10:35:36 PM : ping
5/16/2021 10:35:36 PM : kService.requestChannels.Count :16
5/16/2021 10:35:36 PM : kService.requestChannels.Count :16
5/16/2021 10:35:37 PM : kService.requestChannels.Count :15
5/16/2021 10:35:37 PM : kService.requestChannels.Count :15
5/16/2021 10:35:37 PM : kService.requestChannels.Count :14
5/16/2021 10:35:37 PM : kService.requestChannels.Count :14
5/16/2021 10:35:38 PM : ping
5/16/2021 10:35:38 PM : ping
5/16/2021 10:35:38 PM : ping
5/16/2021 10:35:38 PM : kService.requestChannels.Count :13
5/16/2021 10:35:38 PM : kService.requestChannels.Count :13
5/16/2021 10:35:39 PM : ping
5/16/2021 10:35:39 PM : ping
5/16/2021 10:35:39 PM : ping
5/16/2021 10:35:39 PM : kService.requestChannels.Count :12
5/16/2021 10:35:39 PM : kService.requestChannels.Count :12
5/16/2021 10:35:40 PM : ping
5/16/2021 10:35:40 PM : ping
5/16/2021 10:35:40 PM : ping
5/16/2021 10:35:40 PM : kService.requestChannels.Count :11
5/16/2021 10:35:40 PM : kService.requestChannels.Count :11
5/16/2021 10:35:41 PM : ping
5/16/2021 10:35:41 PM : ping
5/16/2021 10:35:41 PM : ping
5/16/2021 10:35:41 PM : kService.requestChannels.Count :10
5/16/2021 10:35:41 PM : kService.requestChannels.Count :10
5/16/2021 10:35:42 PM : kService.requestChannels.Count :9
5/16/2021 10:35:42 PM : kService.requestChannels.Count :9
5/16/2021 10:35:42 PM : ping
5/16/2021 10:35:42 PM : ping
5/16/2021 10:35:42 PM : ping
5/16/2021 10:35:42 PM : kService.requestChannels.Count :8
5/16/2021 10:35:42 PM : kService.requestChannels.Count :8
5/16/2021 10:35:43 PM : kService.requestChannels.Count :7
5/16/2021 10:35:43 PM : kService.requestChannels.Count :7
5/16/2021 10:35:43 PM : ping
5/16/2021 10:35:43 PM : ping
5/16/2021 10:35:43 PM : ping
5/16/2021 10:35:44 PM : ping
5/16/2021 10:35:44 PM : ping
5/16/2021 10:35:44 PM : ping
5/16/2021 10:35:45 PM : kService.requestChannels.Count :6
5/16/2021 10:35:45 PM : kService.requestChannels.Count :6
5/16/2021 10:35:45 PM : kService.requestChannels.Count :5
5/16/2021 10:35:45 PM : kService.requestChannels.Count :5
5/16/2021 10:35:45 PM : ping
5/16/2021 10:35:45 PM : ping
5/16/2021 10:35:45 PM : ping
5/16/2021 10:35:46 PM : ping
5/16/2021 10:35:46 PM : ping
5/16/2021 10:35:46 PM : ping
5/16/2021 10:35:47 PM : ping
5/16/2021 10:35:47 PM : ping
5/16/2021 10:35:48 PM : ping
5/16/2021 10:35:49 PM : ping
5/16/2021 10:35:49 PM : ping
5/16/2021 10:35:49 PM : ping
5/16/2021 10:35:49 PM : kService.requestChannels.Count :4
5/16/2021 10:35:49 PM : kService.requestChannels.Count :4
5/16/2021 10:35:50 PM : ping
5/16/2021 10:35:50 PM : ping
5/16/2021 10:35:50 PM : ping
5/16/2021 10:35:51 PM : ping
5/16/2021 10:35:51 PM : ping
5/16/2021 10:35:51 PM : ping
5/16/2021 10:35:52 PM : ping
5/16/2021 10:35:52 PM : ping
5/16/2021 10:35:52 PM : ping
5/16/2021 10:35:53 PM : ping
5/16/2021 10:35:53 PM : ping
5/16/2021 10:35:53 PM : ping
5/16/2021 10:35:54 PM : ping
5/16/2021 10:35:54 PM : ping
5/16/2021 10:35:54 PM : ping
5/16/2021 10:35:54 PM : kService.requestChannels.Count :3
5/16/2021 10:35:54 PM : kService.requestChannels.Count :3
5/16/2021 10:35:55 PM : kService.requestChannels.Count :2
5/16/2021 10:35:55 PM : kService.requestChannels.Count :2
5/16/2021 10:35:55 PM : ping
5/16/2021 10:35:55 PM : ping
5/16/2021 10:35:55 PM : ping
5/16/2021 10:35:55 PM : kService.requestChannels.Count :1
5/16/2021 10:35:55 PM : kService.requestChannels.Count :1
5/16/2021 10:35:55 PM : kService.requestChannels.Count :0
5/16/2021 10:35:55 PM : kService.requestChannels.Count :0
5/16/2021 10:35:56 PM : ping
5/16/2021 10:35:56 PM : ping
5/16/2021 10:35:56 PM : ping
5/16/2021 10:35:57 PM : ping
5/16/2021 10:35:57 PM : ping
5/16/2021 10:35:57 PM : ping
5/16/2021 10:35:59 PM : ping
5/16/2021 10:35:59 PM : ping
5/16/2021 10:35:59 PM : ping
5/16/2021 10:36:00 PM : ping
5/16/2021 10:36:00 PM : ping
5/16/2021 10:36:00 PM : ping
5/16/2021 10:36:01 PM : ping
5/16/2021 10:36:01 PM : ping
5/16/2021 10:36:01 PM : ping
5/16/2021 10:36:02 PM : ping
5/16/2021 10:36:02 PM : ping
5/16/2021 10:36:02 PM : ping
5/16/2021 10:36:03 PM : ping
5/16/2021 10:36:03 PM : ping
5/16/2021 10:36:03 PM : ping
5/16/2021 10:36:04 PM : ping
5/16/2021 10:36:04 PM : ping
5/16/2021 10:36:04 PM : ping
5/16/2021 10:36:05 PM : ping
5/16/2021 10:36:05 PM : ping
5/16/2021 10:36:05 PM : ping
5/16/2021 10:36:06 PM : ping
5/16/2021 10:36:06 PM : ping
5/16/2021 10:36:06 PM : ping
5/16/2021 10:36:07 PM : ping
5/16/2021 10:36:07 PM : ping
5/16/2021 10:36:07 PM : ping
5/16/2021 10:36:09 PM : ping
5/16/2021 10:36:09 PM : ping
5/16/2021 10:36:09 PM : ping
5/16/2021 10:36:10 PM : ping
5/16/2021 10:36:10 PM : ping
5/16/2021 10:36:10 PM : ping
5/16/2021 10:36:11 PM : ping
5/16/2021 10:36:11 PM : ping
5/16/2021 10:36:11 PM : ping
5/16/2021 10:36:12 PM : ping
5/16/2021 10:36:12 PM : ping
5/16/2021 10:36:12 PM : ping
5/16/2021 10:36:13 PM : ping
5/16/2021 10:36:13 PM : ping
5/16/2021 10:36:13 PM : ping
5/16/2021 10:36:14 PM : ping
5/16/2021 10:36:14 PM : ping
5/16/2021 10:36:14 PM : ping
5/16/2021 10:36:15 PM : ping
5/16/2021 10:36:15 PM : ping
5/16/2021 10:36:15 PM : ping
5/16/2021 10:36:16 PM : ping
5/16/2021 10:36:16 PM : ping
5/16/2021 10:36:16 PM : ping
5/16/2021 10:36:17 PM : ping
5/16/2021 10:36:17 PM : ping
5/16/2021 10:36:17 PM : ping
5/16/2021 10:36:19 PM : ping
5/16/2021 10:36:19 PM : ping
5/16/2021 10:36:19 PM : ping
5/16/2021 10:36:20 PM : ping
5/16/2021 10:36:20 PM : ping
5/16/2021 10:36:20 PM : ping
5/16/2021 10:36:21 PM : ping
5/16/2021 10:36:21 PM : ping
5/16/2021 10:36:21 PM : ping
5/16/2021 10:36:22 PM : ping
5/16/2021 10:36:22 PM : ping
5/16/2021 10:36:22 PM : ping
5/16/2021 10:36:23 PM : ping
5/16/2021 10:36:23 PM : ping
5/16/2021 10:36:23 PM : ping
5/16/2021 10:36:24 PM : ping
5/16/2021 10:36:24 PM : ping
5/16/2021 10:36:24 PM : ping
5/16/2021 10:36:25 PM : ping
5/16/2021 10:36:25 PM : ping
5/16/2021 10:36:25 PM : ping
5/16/2021 10:36:26 PM : ping
5/16/2021 10:36:26 PM : ping
5/16/2021 10:36:26 PM : ping
5/16/2021 10:36:27 PM : ping
5/16/2021 10:36:27 PM : ping
5/16/2021 10:36:27 PM : ping
5/16/2021 10:36:29 PM : ping
5/16/2021 10:36:29 PM : ping
5/16/2021 10:36:29 PM : ping
5/16/2021 10:36:30 PM : ping
5/16/2021 10:36:30 PM : ping
5/16/2021 10:36:30 PM : ping
5/16/2021 10:36:31 PM : ping
5/16/2021 10:36:31 PM : ping
5/16/2021 10:36:31 PM : ping
5/16/2021 10:36:32 PM : ping
5/16/2021 10:36:32 PM : ping
5/16/2021 10:36:32 PM : ping
5/16/2021 10:36:33 PM : ping
5/16/2021 10:36:33 PM : ping
5/16/2021 10:36:33 PM : ping
5/16/2021 10:36:34 PM : ping
5/16/2021 10:36:34 PM : ping
5/16/2021 10:36:34 PM : ping
