log begin
..............
5/9/2021 2:43:24 PM : ping
5/9/2021 2:43:24 PM : ping
5/9/2021 2:43:24 PM : ping
5/9/2021 2:43:25 PM : ping
5/9/2021 2:43:25 PM : ping
5/9/2021 2:43:25 PM : ping
5/9/2021 2:43:26 PM : ping
5/9/2021 2:43:26 PM : ping
5/9/2021 2:43:26 PM : ping
5/9/2021 2:43:27 PM : ping
5/9/2021 2:43:27 PM : ping
5/9/2021 2:43:27 PM : ping
5/9/2021 2:43:28 PM : ping
5/9/2021 2:43:28 PM : ping
5/9/2021 2:43:28 PM : ping
5/9/2021 2:43:29 PM : ping
5/9/2021 2:43:29 PM : ping
5/9/2021 2:43:29 PM : ping
5/9/2021 2:43:30 PM : ping
5/9/2021 2:43:30 PM : ping
5/9/2021 2:43:30 PM : ping
5/9/2021 2:43:31 PM : ping
5/9/2021 2:43:31 PM : ping
5/9/2021 2:43:31 PM : ping
5/9/2021 2:43:33 PM : ping
5/9/2021 2:43:33 PM : ping
5/9/2021 2:43:33 PM : ping
5/9/2021 2:43:34 PM : ping
5/9/2021 2:43:34 PM : ping
5/9/2021 2:43:34 PM : ping
5/9/2021 2:43:35 PM : ping
5/9/2021 2:43:35 PM : ping
5/9/2021 2:43:35 PM : ping
5/9/2021 2:43:35 PM : launch server at port: 7003
5/9/2021 2:43:36 PM : launch server at port: 7004
5/9/2021 2:43:36 PM : ping
5/9/2021 2:43:36 PM : ping
5/9/2021 2:43:36 PM : ping
5/9/2021 2:43:37 PM : ping
5/9/2021 2:43:37 PM : ping
5/9/2021 2:43:37 PM : ping
5/9/2021 2:43:38 PM : ping
5/9/2021 2:43:38 PM : ping
5/9/2021 2:43:38 PM : ping
5/9/2021 2:43:39 PM : ping
5/9/2021 2:43:39 PM : ping
5/9/2021 2:43:39 PM : ping
5/9/2021 2:43:40 PM : ping
5/9/2021 2:43:40 PM : ping
5/9/2021 2:43:40 PM : ping
5/9/2021 2:43:41 PM : ping
5/9/2021 2:43:41 PM : ping
5/9/2021 2:43:41 PM : ping
5/9/2021 2:43:42 PM : launch server at port: 7005
5/9/2021 2:43:43 PM : ping
5/9/2021 2:43:43 PM : ping
5/9/2021 2:43:43 PM : ping
5/9/2021 2:43:43 PM : launch server at port: 7006
5/9/2021 2:43:44 PM : ping
5/9/2021 2:43:44 PM : ping
5/9/2021 2:43:44 PM : ping
5/9/2021 2:43:45 PM : ping
5/9/2021 2:43:45 PM : ping
5/9/2021 2:43:45 PM : ping
5/9/2021 2:43:46 PM : ping
5/9/2021 2:43:46 PM : ping
5/9/2021 2:43:46 PM : ping
5/9/2021 2:43:47 PM : launch server at port: 7007
5/9/2021 2:43:47 PM : ping
5/9/2021 2:43:47 PM : ping
5/9/2021 2:43:47 PM : ping
5/9/2021 2:43:47 PM : launch server at port: 7008
5/9/2021 2:43:48 PM : ping
5/9/2021 2:43:48 PM : ping
5/9/2021 2:43:48 PM : ping
5/9/2021 2:43:49 PM : ping
5/9/2021 2:43:49 PM : ping
5/9/2021 2:43:49 PM : ping
5/9/2021 2:43:50 PM : ping
5/9/2021 2:43:50 PM : ping
5/9/2021 2:43:50 PM : ping
5/9/2021 2:43:51 PM : ping
5/9/2021 2:43:51 PM : ping
5/9/2021 2:43:51 PM : ping
5/9/2021 2:43:53 PM : ping
5/9/2021 2:43:53 PM : ping
5/9/2021 2:43:53 PM : ping
5/9/2021 2:43:54 PM : ping
5/9/2021 2:43:54 PM : ping
5/9/2021 2:43:54 PM : ping
5/9/2021 2:43:54 PM : launch server at port: 7009
5/9/2021 2:43:54 PM : launch server at port: 7010
5/9/2021 2:43:55 PM : ping
5/9/2021 2:43:55 PM : ping
5/9/2021 2:43:55 PM : ping
5/9/2021 2:43:56 PM : ping
5/9/2021 2:43:56 PM : ping
5/9/2021 2:43:56 PM : ping
5/9/2021 2:43:57 PM : ping
5/9/2021 2:43:57 PM : ping
5/9/2021 2:43:57 PM : ping
5/9/2021 2:43:58 PM : ping
5/9/2021 2:43:58 PM : ping
5/9/2021 2:43:58 PM : ping
5/9/2021 2:43:59 PM : ping
5/9/2021 2:43:59 PM : ping
5/9/2021 2:43:59 PM : ping
5/9/2021 2:44:00 PM : ping
5/9/2021 2:44:00 PM : ping
5/9/2021 2:44:00 PM : ping
5/9/2021 2:44:01 PM : ping
5/9/2021 2:44:01 PM : ping
5/9/2021 2:44:01 PM : ping
5/9/2021 2:44:02 PM : launch server at port: 7011
5/9/2021 2:44:03 PM : ping
5/9/2021 2:44:03 PM : ping
5/9/2021 2:44:03 PM : ping
5/9/2021 2:44:04 PM : ping
5/9/2021 2:44:04 PM : ping
5/9/2021 2:44:04 PM : ping
5/9/2021 2:44:04 PM : launch server at port: 7012
5/9/2021 2:44:05 PM : ping
5/9/2021 2:44:05 PM : ping
5/9/2021 2:44:05 PM : ping
5/9/2021 2:44:06 PM : ping
5/9/2021 2:44:06 PM : ping
5/9/2021 2:44:06 PM : ping
5/9/2021 2:44:07 PM : ping
5/9/2021 2:44:07 PM : ping
5/9/2021 2:44:07 PM : ping
5/9/2021 2:44:08 PM : ping
5/9/2021 2:44:08 PM : ping
5/9/2021 2:44:08 PM : ping
5/9/2021 2:44:09 PM : ping
5/9/2021 2:44:09 PM : ping
5/9/2021 2:44:09 PM : ping
5/9/2021 2:44:10 PM : ping
5/9/2021 2:44:10 PM : ping
5/9/2021 2:44:10 PM : ping
5/9/2021 2:44:11 PM : ping
5/9/2021 2:44:11 PM : ping
5/9/2021 2:44:11 PM : ping
5/9/2021 2:44:13 PM : ping
5/9/2021 2:44:13 PM : ping
5/9/2021 2:44:13 PM : ping
5/9/2021 2:44:14 PM : ping
5/9/2021 2:44:14 PM : ping
5/9/2021 2:44:14 PM : ping
5/9/2021 2:44:15 PM : ping
5/9/2021 2:44:15 PM : ping
5/9/2021 2:44:15 PM : ping
5/9/2021 2:44:16 PM : ping
5/9/2021 2:44:16 PM : ping
5/9/2021 2:44:16 PM : ping
5/9/2021 2:44:17 PM : ping
5/9/2021 2:44:17 PM : ping
5/9/2021 2:44:17 PM : ping
5/9/2021 2:44:18 PM : ping
5/9/2021 2:44:18 PM : ping
5/9/2021 2:44:18 PM : ping
5/9/2021 2:44:19 PM : ping
5/9/2021 2:44:19 PM : ping
5/9/2021 2:44:19 PM : ping
5/9/2021 2:44:20 PM : launch server at port: 7013
5/9/2021 2:44:20 PM : launch server at port: 7014
5/9/2021 2:44:20 PM : ping
5/9/2021 2:44:20 PM : ping
5/9/2021 2:44:20 PM : ping
5/9/2021 2:44:21 PM : ping
5/9/2021 2:44:21 PM : ping
5/9/2021 2:44:21 PM : ping
5/9/2021 2:44:23 PM : ping
5/9/2021 2:44:23 PM : ping
5/9/2021 2:44:23 PM : ping
5/9/2021 2:44:24 PM : ping
5/9/2021 2:44:24 PM : ping
5/9/2021 2:44:24 PM : ping
5/9/2021 2:44:25 PM : ping
5/9/2021 2:44:25 PM : ping
5/9/2021 2:44:25 PM : ping
5/9/2021 2:44:25 PM : launch server at port: 7015
5/9/2021 2:44:25 PM : launch server at port: 7016
5/9/2021 2:44:26 PM : ping
5/9/2021 2:44:26 PM : ping
5/9/2021 2:44:26 PM : ping
5/9/2021 2:44:27 PM : ping
5/9/2021 2:44:27 PM : ping
5/9/2021 2:44:27 PM : ping
5/9/2021 2:44:28 PM : ping
5/9/2021 2:44:28 PM : ping
5/9/2021 2:44:28 PM : ping
5/9/2021 2:44:29 PM : ping
5/9/2021 2:44:29 PM : ping
5/9/2021 2:44:29 PM : ping
5/9/2021 2:44:30 PM : ping
5/9/2021 2:44:30 PM : ping
5/9/2021 2:44:30 PM : ping
5/9/2021 2:44:31 PM : ping
5/9/2021 2:44:31 PM : ping
5/9/2021 2:44:31 PM : ping
5/9/2021 2:44:32 PM : launch server at port: 7017
5/9/2021 2:44:33 PM : launch server at port: 7018
5/9/2021 2:44:33 PM : ping
5/9/2021 2:44:33 PM : ping
5/9/2021 2:44:33 PM : ping
5/9/2021 2:44:34 PM : ping
5/9/2021 2:44:34 PM : ping
5/9/2021 2:44:34 PM : ping
5/9/2021 2:44:35 PM : ping
5/9/2021 2:44:35 PM : ping
5/9/2021 2:44:35 PM : ping
5/9/2021 2:44:36 PM : ping
5/9/2021 2:44:36 PM : ping
5/9/2021 2:44:36 PM : ping
5/9/2021 2:44:37 PM : ping
5/9/2021 2:44:37 PM : ping
5/9/2021 2:44:37 PM : ping
5/9/2021 2:44:38 PM : launch server at port: 7019
5/9/2021 2:44:38 PM : ping
5/9/2021 2:44:38 PM : ping
5/9/2021 2:44:38 PM : ping
5/9/2021 2:44:39 PM : ping
5/9/2021 2:44:39 PM : ping
5/9/2021 2:44:39 PM : ping
5/9/2021 2:44:40 PM : ping
5/9/2021 2:44:40 PM : ping
5/9/2021 2:44:40 PM : ping
5/9/2021 2:44:41 PM : ping
5/9/2021 2:44:41 PM : ping
5/9/2021 2:44:41 PM : ping
5/9/2021 2:44:42 PM : launch server at port: 7020
5/9/2021 2:44:43 PM : ping
5/9/2021 2:44:43 PM : ping
5/9/2021 2:44:43 PM : ping
5/9/2021 2:44:43 PM : launch server at port: 7021
5/9/2021 2:44:44 PM : ping
5/9/2021 2:44:44 PM : ping
5/9/2021 2:44:44 PM : ping
5/9/2021 2:44:45 PM : ping
5/9/2021 2:44:45 PM : ping
5/9/2021 2:44:45 PM : ping
5/9/2021 2:44:46 PM : ping
5/9/2021 2:44:46 PM : ping
5/9/2021 2:44:46 PM : ping
5/9/2021 2:44:47 PM : ping
5/9/2021 2:44:47 PM : ping
5/9/2021 2:44:47 PM : ping
5/9/2021 2:44:48 PM : ping
5/9/2021 2:44:48 PM : ping
5/9/2021 2:44:48 PM : ping
5/9/2021 2:44:49 PM : ping
5/9/2021 2:44:49 PM : ping
5/9/2021 2:44:49 PM : ping
5/9/2021 2:44:50 PM : launch server at port: 7022
5/9/2021 2:44:50 PM : launch server at port: 7023
5/9/2021 2:44:50 PM : ping
5/9/2021 2:44:50 PM : ping
5/9/2021 2:44:50 PM : ping
5/9/2021 2:44:52 PM : ping
5/9/2021 2:44:52 PM : ping
5/9/2021 2:44:52 PM : ping
5/9/2021 2:44:53 PM : ping
5/9/2021 2:44:53 PM : ping
5/9/2021 2:44:53 PM : ping
5/9/2021 2:44:54 PM : ping
5/9/2021 2:44:54 PM : ping
5/9/2021 2:44:54 PM : ping
5/9/2021 2:44:55 PM : ping
5/9/2021 2:44:55 PM : ping
5/9/2021 2:44:55 PM : ping
5/9/2021 2:44:56 PM : ping
5/9/2021 2:44:56 PM : ping
5/9/2021 2:44:56 PM : ping
5/9/2021 2:44:57 PM : launch server at port: 7024
5/9/2021 2:44:57 PM : ping
5/9/2021 2:44:57 PM : ping
5/9/2021 2:44:57 PM : ping
5/9/2021 2:44:58 PM : ping
5/9/2021 2:44:58 PM : ping
5/9/2021 2:44:58 PM : ping
5/9/2021 2:45:00 PM : ping
5/9/2021 2:45:00 PM : ping
5/9/2021 2:45:00 PM : ping
5/9/2021 2:45:01 PM : ping
5/9/2021 2:45:01 PM : ping
5/9/2021 2:45:01 PM : ping
5/9/2021 2:45:02 PM : ping
5/9/2021 2:45:02 PM : ping
5/9/2021 2:45:02 PM : ping
5/9/2021 2:45:02 PM : launch server at port: 7025
5/9/2021 2:45:03 PM : launch server at port: 7026
5/9/2021 2:45:03 PM : ping
5/9/2021 2:45:03 PM : ping
5/9/2021 2:45:03 PM : ping
5/9/2021 2:45:04 PM : ping
5/9/2021 2:45:04 PM : ping
5/9/2021 2:45:04 PM : ping
5/9/2021 2:45:05 PM : ping
5/9/2021 2:45:05 PM : ping
5/9/2021 2:45:05 PM : ping
5/9/2021 2:45:06 PM : ping
5/9/2021 2:45:06 PM : ping
5/9/2021 2:45:06 PM : ping
5/9/2021 2:45:07 PM : ping
5/9/2021 2:45:07 PM : ping
5/9/2021 2:45:07 PM : ping
5/9/2021 2:45:09 PM : ping
5/9/2021 2:45:09 PM : ping
5/9/2021 2:45:09 PM : ping
5/9/2021 2:45:10 PM : ping
5/9/2021 2:45:10 PM : ping
5/9/2021 2:45:10 PM : ping
5/9/2021 2:45:10 PM : launch server at port: 7027
5/9/2021 2:45:11 PM : ping
5/9/2021 2:45:11 PM : ping
5/9/2021 2:45:11 PM : ping
5/9/2021 2:45:12 PM : ping
5/9/2021 2:45:12 PM : ping
5/9/2021 2:45:12 PM : ping
5/9/2021 2:45:13 PM : ping
5/9/2021 2:45:13 PM : ping
5/9/2021 2:45:13 PM : ping
5/9/2021 2:45:14 PM : ping
5/9/2021 2:45:14 PM : ping
5/9/2021 2:45:14 PM : ping
5/9/2021 2:45:15 PM : ping
5/9/2021 2:45:15 PM : ping
5/9/2021 2:45:15 PM : ping
5/9/2021 2:45:15 PM : launch server at port: 7028
5/9/2021 2:45:17 PM : ping
5/9/2021 2:45:17 PM : ping
5/9/2021 2:45:17 PM : ping
5/9/2021 2:45:17 PM : launch server at port: 7029
5/9/2021 2:45:18 PM : ping
5/9/2021 2:45:18 PM : ping
5/9/2021 2:45:18 PM : ping
5/9/2021 2:45:19 PM : ping
5/9/2021 2:45:19 PM : ping
5/9/2021 2:45:19 PM : ping
5/9/2021 2:45:20 PM : ping
5/9/2021 2:45:20 PM : ping
5/9/2021 2:45:20 PM : ping
5/9/2021 2:45:21 PM : ping
5/9/2021 2:45:21 PM : ping
5/9/2021 2:45:21 PM : ping
5/9/2021 2:45:22 PM : ping
5/9/2021 2:45:22 PM : ping
5/9/2021 2:45:22 PM : ping
5/9/2021 2:45:23 PM : ping
5/9/2021 2:45:23 PM : ping
5/9/2021 2:45:23 PM : ping
5/9/2021 2:45:25 PM : ping
5/9/2021 2:45:25 PM : ping
5/9/2021 2:45:25 PM : ping
5/9/2021 2:45:26 PM : ping
5/9/2021 2:45:26 PM : ping
5/9/2021 2:45:26 PM : ping
5/9/2021 2:45:27 PM : ping
5/9/2021 2:45:27 PM : ping
5/9/2021 2:45:27 PM : ping
5/9/2021 2:45:28 PM : ping
5/9/2021 2:45:28 PM : ping
5/9/2021 2:45:28 PM : ping
5/9/2021 2:45:29 PM : ping
5/9/2021 2:45:29 PM : ping
5/9/2021 2:45:29 PM : ping
5/9/2021 2:45:30 PM : ping
5/9/2021 2:45:30 PM : ping
5/9/2021 2:45:30 PM : ping
5/9/2021 2:45:31 PM : ping
5/9/2021 2:45:31 PM : ping
5/9/2021 2:45:31 PM : ping
5/9/2021 2:45:33 PM : ping
5/9/2021 2:45:33 PM : ping
5/9/2021 2:45:33 PM : ping
5/9/2021 2:45:34 PM : ping
5/9/2021 2:45:34 PM : ping
5/9/2021 2:45:34 PM : ping
5/9/2021 2:45:35 PM : ping
5/9/2021 2:45:35 PM : ping
5/9/2021 2:45:35 PM : ping
5/9/2021 2:45:36 PM : ping
5/9/2021 2:45:36 PM : ping
5/9/2021 2:45:36 PM : ping
5/9/2021 2:45:37 PM : ping
5/9/2021 2:45:37 PM : ping
5/9/2021 2:45:37 PM : ping
5/9/2021 2:45:38 PM : ping
5/9/2021 2:45:38 PM : ping
5/9/2021 2:45:38 PM : ping
5/9/2021 2:45:39 PM : ping
5/9/2021 2:45:39 PM : ping
5/9/2021 2:45:39 PM : ping
5/9/2021 2:45:40 PM : ping
5/9/2021 2:45:40 PM : ping
5/9/2021 2:45:40 PM : ping
5/9/2021 2:45:42 PM : ping
5/9/2021 2:45:42 PM : ping
5/9/2021 2:45:42 PM : ping
5/9/2021 2:45:43 PM : ping
5/9/2021 2:45:43 PM : ping
5/9/2021 2:45:43 PM : ping
5/9/2021 2:45:44 PM : ping
5/9/2021 2:45:44 PM : ping
5/9/2021 2:45:44 PM : ping
5/9/2021 2:45:45 PM : ping
5/9/2021 2:45:45 PM : ping
5/9/2021 2:45:45 PM : ping
5/9/2021 2:45:46 PM : ping
5/9/2021 2:45:46 PM : ping
5/9/2021 2:45:46 PM : ping
5/9/2021 2:45:47 PM : ping
5/9/2021 2:45:47 PM : ping
5/9/2021 2:45:47 PM : ping
5/9/2021 2:45:48 PM : ping
5/9/2021 2:45:48 PM : ping
5/9/2021 2:45:48 PM : ping
5/9/2021 2:45:50 PM : ping
5/9/2021 2:45:50 PM : ping
5/9/2021 2:45:50 PM : ping
5/9/2021 2:45:51 PM : ping
5/9/2021 2:45:51 PM : ping
5/9/2021 2:45:51 PM : ping
5/9/2021 2:45:52 PM : ping
5/9/2021 2:45:52 PM : ping
5/9/2021 2:45:52 PM : ping
5/9/2021 2:45:53 PM : ping
5/9/2021 2:45:53 PM : ping
5/9/2021 2:45:53 PM : ping
5/9/2021 2:45:54 PM : ping
5/9/2021 2:45:54 PM : ping
5/9/2021 2:45:54 PM : ping
5/9/2021 2:45:55 PM : ping
5/9/2021 2:45:55 PM : ping
5/9/2021 2:45:55 PM : ping
5/9/2021 2:45:56 PM : ping
5/9/2021 2:45:56 PM : ping
5/9/2021 2:45:56 PM : ping
5/9/2021 2:45:57 PM : ping
5/9/2021 2:45:57 PM : ping
5/9/2021 2:45:57 PM : ping
5/9/2021 2:45:59 PM : ping
5/9/2021 2:45:59 PM : ping
5/9/2021 2:45:59 PM : ping
5/9/2021 2:46:00 PM : ping
5/9/2021 2:46:00 PM : ping
5/9/2021 2:46:00 PM : ping
5/9/2021 2:46:01 PM : ping
5/9/2021 2:46:01 PM : ping
5/9/2021 2:46:01 PM : ping
5/9/2021 2:46:02 PM : ping
5/9/2021 2:46:02 PM : ping
5/9/2021 2:46:02 PM : ping
5/9/2021 2:46:03 PM : ping
5/9/2021 2:46:03 PM : ping
5/9/2021 2:46:03 PM : ping
5/9/2021 2:46:04 PM : ping
5/9/2021 2:46:04 PM : ping
5/9/2021 2:46:04 PM : ping
5/9/2021 2:46:05 PM : ping
5/9/2021 2:46:05 PM : ping
5/9/2021 2:46:05 PM : ping
5/9/2021 2:46:07 PM : ping
5/9/2021 2:46:07 PM : ping
5/9/2021 2:46:07 PM : ping
5/9/2021 2:46:08 PM : ping
5/9/2021 2:46:08 PM : ping
5/9/2021 2:46:08 PM : ping
5/9/2021 2:46:09 PM : ping
5/9/2021 2:46:09 PM : ping
5/9/2021 2:46:09 PM : ping
5/9/2021 2:46:10 PM : ping
5/9/2021 2:46:10 PM : ping
5/9/2021 2:46:10 PM : ping
5/9/2021 2:46:11 PM : ping
5/9/2021 2:46:11 PM : ping
5/9/2021 2:46:11 PM : ping
5/9/2021 2:46:12 PM : ping
5/9/2021 2:46:12 PM : ping
5/9/2021 2:46:12 PM : ping
5/9/2021 2:46:13 PM : ping
5/9/2021 2:46:13 PM : ping
5/9/2021 2:46:13 PM : ping
5/9/2021 2:46:14 PM : ping
5/9/2021 2:46:14 PM : ping
5/9/2021 2:46:14 PM : ping
5/9/2021 2:46:16 PM : ping
5/9/2021 2:46:16 PM : ping
5/9/2021 2:46:16 PM : ping
5/9/2021 2:46:17 PM : ping
5/9/2021 2:46:17 PM : ping
5/9/2021 2:46:17 PM : ping
5/9/2021 2:46:18 PM : ping
5/9/2021 2:46:18 PM : ping
5/9/2021 2:46:18 PM : ping
5/9/2021 2:46:19 PM : ping
5/9/2021 2:46:19 PM : ping
5/9/2021 2:46:19 PM : ping
5/9/2021 2:46:20 PM : ping
5/9/2021 2:46:20 PM : ping
5/9/2021 2:46:20 PM : ping
5/9/2021 2:46:21 PM : ping
5/9/2021 2:46:21 PM : ping
5/9/2021 2:46:21 PM : ping
5/9/2021 2:46:22 PM : ping
5/9/2021 2:46:22 PM : ping
5/9/2021 2:46:22 PM : ping
5/9/2021 2:46:24 PM : ping
5/9/2021 2:46:24 PM : ping
5/9/2021 2:46:24 PM : ping
5/9/2021 2:46:25 PM : ping
5/9/2021 2:46:25 PM : ping
5/9/2021 2:46:25 PM : ping
5/9/2021 2:46:26 PM : ping
5/9/2021 2:46:26 PM : ping
5/9/2021 2:46:26 PM : ping
5/9/2021 2:46:27 PM : ping
5/9/2021 2:46:27 PM : ping
5/9/2021 2:46:27 PM : ping
5/9/2021 2:46:28 PM : ping
5/9/2021 2:46:28 PM : ping
5/9/2021 2:46:28 PM : ping
5/9/2021 2:46:29 PM : ping
5/9/2021 2:46:29 PM : ping
5/9/2021 2:46:29 PM : ping
5/9/2021 2:46:30 PM : ping
5/9/2021 2:46:30 PM : ping
5/9/2021 2:46:30 PM : ping
5/9/2021 2:46:31 PM : ping
5/9/2021 2:46:31 PM : ping
5/9/2021 2:46:31 PM : ping
5/9/2021 2:46:33 PM : ping
5/9/2021 2:46:33 PM : ping
5/9/2021 2:46:33 PM : ping
5/9/2021 2:46:34 PM : ping
5/9/2021 2:46:34 PM : ping
5/9/2021 2:46:34 PM : ping
5/9/2021 2:46:35 PM : ping
5/9/2021 2:46:35 PM : ping
5/9/2021 2:46:35 PM : ping
5/9/2021 2:46:36 PM : ping
5/9/2021 2:46:36 PM : ping
5/9/2021 2:46:36 PM : ping
5/9/2021 2:46:37 PM : ping
5/9/2021 2:46:37 PM : ping
5/9/2021 2:46:37 PM : ping
5/9/2021 2:46:38 PM : ping
5/9/2021 2:46:38 PM : ping
5/9/2021 2:46:38 PM : ping
5/9/2021 2:46:39 PM : ping
5/9/2021 2:46:39 PM : ping
5/9/2021 2:46:39 PM : ping
5/9/2021 2:46:40 PM : ping
5/9/2021 2:46:40 PM : ping
5/9/2021 2:46:40 PM : ping
5/9/2021 2:46:42 PM : ping
5/9/2021 2:46:42 PM : ping
5/9/2021 2:46:42 PM : ping
5/9/2021 2:46:43 PM : ping
5/9/2021 2:46:43 PM : ping
5/9/2021 2:46:43 PM : ping
5/9/2021 2:46:44 PM : ping
5/9/2021 2:46:44 PM : ping
5/9/2021 2:46:44 PM : ping
5/9/2021 2:46:45 PM : ping
5/9/2021 2:46:45 PM : ping
5/9/2021 2:46:45 PM : ping
5/9/2021 2:46:46 PM : ping
5/9/2021 2:46:46 PM : ping
5/9/2021 2:46:46 PM : ping
5/9/2021 2:46:47 PM : ping
5/9/2021 2:46:47 PM : ping
5/9/2021 2:46:47 PM : ping
5/9/2021 2:46:48 PM : ping
5/9/2021 2:46:48 PM : ping
5/9/2021 2:46:48 PM : ping
5/9/2021 2:46:50 PM : ping
5/9/2021 2:46:50 PM : ping
5/9/2021 2:46:50 PM : ping
5/9/2021 2:46:51 PM : ping
5/9/2021 2:46:51 PM : ping
5/9/2021 2:46:51 PM : ping
5/9/2021 2:46:52 PM : ping
5/9/2021 2:46:52 PM : ping
5/9/2021 2:46:52 PM : ping
5/9/2021 2:46:53 PM : ping
5/9/2021 2:46:53 PM : ping
5/9/2021 2:46:53 PM : ping
5/9/2021 2:46:54 PM : ping
5/9/2021 2:46:54 PM : ping
5/9/2021 2:46:54 PM : ping
5/9/2021 2:46:55 PM : ping
5/9/2021 2:46:55 PM : ping
5/9/2021 2:46:55 PM : ping
5/9/2021 2:46:56 PM : ping
5/9/2021 2:46:56 PM : ping
5/9/2021 2:46:56 PM : ping
5/9/2021 2:46:58 PM : ping
5/9/2021 2:46:58 PM : ping
5/9/2021 2:46:58 PM : ping
5/9/2021 2:46:59 PM : ping
5/9/2021 2:46:59 PM : ping
5/9/2021 2:46:59 PM : ping
5/9/2021 2:47:00 PM : ping
5/9/2021 2:47:00 PM : ping
5/9/2021 2:47:00 PM : ping
5/9/2021 2:47:01 PM : ping
5/9/2021 2:47:01 PM : ping
5/9/2021 2:47:01 PM : ping
5/9/2021 2:47:02 PM : ping
5/9/2021 2:47:02 PM : ping
5/9/2021 2:47:02 PM : ping
5/9/2021 2:47:03 PM : ping
5/9/2021 2:47:03 PM : ping
5/9/2021 2:47:03 PM : ping
5/9/2021 2:47:04 PM : ping
5/9/2021 2:47:04 PM : ping
5/9/2021 2:47:04 PM : ping
5/9/2021 2:47:05 PM : ping
5/9/2021 2:47:05 PM : ping
5/9/2021 2:47:05 PM : ping
5/9/2021 2:47:07 PM : ping
5/9/2021 2:47:07 PM : ping
5/9/2021 2:47:07 PM : ping
5/9/2021 2:47:08 PM : ping
5/9/2021 2:47:08 PM : ping
5/9/2021 2:47:08 PM : ping
5/9/2021 2:47:09 PM : ping
5/9/2021 2:47:09 PM : ping
5/9/2021 2:47:09 PM : ping
5/9/2021 2:47:10 PM : ping
5/9/2021 2:47:10 PM : ping
5/9/2021 2:47:10 PM : ping
5/9/2021 2:47:11 PM : ping
5/9/2021 2:47:11 PM : ping
5/9/2021 2:47:11 PM : ping
5/9/2021 2:47:12 PM : ping
5/9/2021 2:47:12 PM : ping
5/9/2021 2:47:12 PM : ping
5/9/2021 2:47:13 PM : ping
5/9/2021 2:47:13 PM : ping
5/9/2021 2:47:13 PM : ping
5/9/2021 2:47:15 PM : ping
5/9/2021 2:47:15 PM : ping
5/9/2021 2:47:15 PM : ping
5/9/2021 2:47:16 PM : ping
5/9/2021 2:47:16 PM : ping
5/9/2021 2:47:16 PM : ping
5/9/2021 2:47:17 PM : ping
5/9/2021 2:47:17 PM : ping
5/9/2021 2:47:17 PM : ping
5/9/2021 2:47:18 PM : ping
5/9/2021 2:47:18 PM : ping
5/9/2021 2:47:18 PM : ping
5/9/2021 2:47:19 PM : ping
5/9/2021 2:47:19 PM : ping
5/9/2021 2:47:19 PM : ping
5/9/2021 2:47:20 PM : ping
5/9/2021 2:47:20 PM : ping
5/9/2021 2:47:20 PM : ping
5/9/2021 2:47:21 PM : ping
5/9/2021 2:47:21 PM : ping
5/9/2021 2:47:21 PM : ping
5/9/2021 2:47:23 PM : ping
5/9/2021 2:47:23 PM : ping
5/9/2021 2:47:23 PM : ping
5/9/2021 2:47:24 PM : ping
5/9/2021 2:47:24 PM : ping
5/9/2021 2:47:24 PM : ping
5/9/2021 2:47:25 PM : ping
5/9/2021 2:47:25 PM : ping
5/9/2021 2:47:25 PM : ping
5/9/2021 2:47:26 PM : ping
5/9/2021 2:47:26 PM : ping
5/9/2021 2:47:26 PM : ping
5/9/2021 2:47:27 PM : ping
5/9/2021 2:47:27 PM : ping
5/9/2021 2:47:27 PM : ping
5/9/2021 2:47:28 PM : ping
5/9/2021 2:47:28 PM : ping
5/9/2021 2:47:28 PM : ping
5/9/2021 2:47:29 PM : ping
5/9/2021 2:47:29 PM : ping
5/9/2021 2:47:29 PM : ping
5/9/2021 2:47:30 PM : ping
5/9/2021 2:47:30 PM : ping
5/9/2021 2:47:30 PM : ping
5/9/2021 2:47:32 PM : ping
5/9/2021 2:47:32 PM : ping
5/9/2021 2:47:32 PM : ping
5/9/2021 2:47:33 PM : ping
5/9/2021 2:47:33 PM : ping
5/9/2021 2:47:33 PM : ping
5/9/2021 2:47:34 PM : ping
5/9/2021 2:47:34 PM : ping
5/9/2021 2:47:34 PM : ping
5/9/2021 2:47:35 PM : ping
5/9/2021 2:47:35 PM : ping
5/9/2021 2:47:35 PM : ping
5/9/2021 2:47:36 PM : ping
5/9/2021 2:47:36 PM : ping
5/9/2021 2:47:36 PM : ping
5/9/2021 2:47:37 PM : ping
5/9/2021 2:47:37 PM : ping
5/9/2021 2:47:37 PM : ping
5/9/2021 2:47:38 PM : ping
5/9/2021 2:47:38 PM : ping
5/9/2021 2:47:38 PM : ping
5/9/2021 2:47:40 PM : ping
5/9/2021 2:47:40 PM : ping
5/9/2021 2:47:40 PM : ping
5/9/2021 2:47:41 PM : ping
5/9/2021 2:47:41 PM : ping
5/9/2021 2:47:41 PM : ping
5/9/2021 2:47:42 PM : ping
5/9/2021 2:47:42 PM : ping
5/9/2021 2:47:42 PM : ping
5/9/2021 2:47:43 PM : ping
5/9/2021 2:47:43 PM : ping
5/9/2021 2:47:43 PM : ping
5/9/2021 2:47:44 PM : ping
5/9/2021 2:47:44 PM : ping
5/9/2021 2:47:44 PM : ping
5/9/2021 2:47:45 PM : ping
5/9/2021 2:47:45 PM : ping
5/9/2021 2:47:45 PM : ping
5/9/2021 2:47:46 PM : ping
5/9/2021 2:47:46 PM : ping
5/9/2021 2:47:46 PM : ping
5/9/2021 2:47:48 PM : ping
5/9/2021 2:47:48 PM : ping
5/9/2021 2:47:48 PM : ping
5/9/2021 2:47:49 PM : ping
5/9/2021 2:47:49 PM : ping
5/9/2021 2:47:49 PM : ping
5/9/2021 2:47:50 PM : ping
5/9/2021 2:47:50 PM : ping
5/9/2021 2:47:50 PM : ping
5/9/2021 2:47:51 PM : ping
5/9/2021 2:47:51 PM : ping
5/9/2021 2:47:51 PM : ping
5/9/2021 2:47:52 PM : ping
5/9/2021 2:47:52 PM : ping
5/9/2021 2:47:52 PM : ping
5/9/2021 2:47:53 PM : ping
5/9/2021 2:47:53 PM : ping
5/9/2021 2:47:53 PM : ping
5/9/2021 2:47:54 PM : ping
5/9/2021 2:47:54 PM : ping
5/9/2021 2:47:54 PM : ping
5/9/2021 2:47:55 PM : ping
5/9/2021 2:47:55 PM : ping
5/9/2021 2:47:55 PM : ping
5/9/2021 2:47:57 PM : ping
5/9/2021 2:47:57 PM : ping
5/9/2021 2:47:57 PM : ping
5/9/2021 2:47:58 PM : ping
5/9/2021 2:47:58 PM : ping
5/9/2021 2:47:58 PM : ping
5/9/2021 2:47:59 PM : ping
5/9/2021 2:47:59 PM : ping
5/9/2021 2:47:59 PM : ping
5/9/2021 2:48:00 PM : ping
5/9/2021 2:48:00 PM : ping
5/9/2021 2:48:00 PM : ping
5/9/2021 2:48:01 PM : ping
5/9/2021 2:48:01 PM : ping
5/9/2021 2:48:01 PM : ping
5/9/2021 2:48:02 PM : ping
5/9/2021 2:48:02 PM : ping
5/9/2021 2:48:02 PM : ping
5/9/2021 2:48:03 PM : ping
5/9/2021 2:48:03 PM : ping
5/9/2021 2:48:03 PM : ping
5/9/2021 2:48:05 PM : ping
5/9/2021 2:48:05 PM : ping
5/9/2021 2:48:05 PM : ping
5/9/2021 2:48:06 PM : ping
5/9/2021 2:48:06 PM : ping
5/9/2021 2:48:06 PM : ping
5/9/2021 2:48:07 PM : ping
5/9/2021 2:48:07 PM : ping
5/9/2021 2:48:07 PM : ping
5/9/2021 2:48:08 PM : ping
5/9/2021 2:48:08 PM : ping
5/9/2021 2:48:08 PM : ping
5/9/2021 2:48:09 PM : ping
5/9/2021 2:48:09 PM : ping
5/9/2021 2:48:09 PM : ping
5/9/2021 2:48:10 PM : ping
5/9/2021 2:48:10 PM : ping
5/9/2021 2:48:10 PM : ping
5/9/2021 2:48:11 PM : ping
5/9/2021 2:48:11 PM : ping
5/9/2021 2:48:11 PM : ping
5/9/2021 2:48:12 PM : ping
5/9/2021 2:48:12 PM : ping
5/9/2021 2:48:12 PM : ping
5/9/2021 2:48:14 PM : ping
5/9/2021 2:48:14 PM : ping
5/9/2021 2:48:14 PM : ping
5/9/2021 2:48:15 PM : ping
5/9/2021 2:48:15 PM : ping
5/9/2021 2:48:15 PM : ping
5/9/2021 2:48:16 PM : ping
5/9/2021 2:48:16 PM : ping
5/9/2021 2:48:16 PM : ping
5/9/2021 2:48:17 PM : ping
5/9/2021 2:48:17 PM : ping
5/9/2021 2:48:17 PM : ping
5/9/2021 2:48:18 PM : ping
5/9/2021 2:48:18 PM : ping
5/9/2021 2:48:18 PM : ping
5/9/2021 2:48:19 PM : ping
5/9/2021 2:48:19 PM : ping
5/9/2021 2:48:19 PM : ping
5/9/2021 2:48:20 PM : ping
5/9/2021 2:48:20 PM : ping
5/9/2021 2:48:20 PM : ping
5/9/2021 2:48:22 PM : ping
5/9/2021 2:48:22 PM : ping
5/9/2021 2:48:22 PM : ping
5/9/2021 2:48:23 PM : ping
5/9/2021 2:48:23 PM : ping
5/9/2021 2:48:23 PM : ping
5/9/2021 2:48:24 PM : ping
5/9/2021 2:48:24 PM : ping
5/9/2021 2:48:24 PM : ping
5/9/2021 2:48:25 PM : ping
5/9/2021 2:48:25 PM : ping
5/9/2021 2:48:25 PM : ping
5/9/2021 2:48:26 PM : ping
5/9/2021 2:48:26 PM : ping
5/9/2021 2:48:26 PM : ping
5/9/2021 2:48:27 PM : ping
5/9/2021 2:48:27 PM : ping
5/9/2021 2:48:27 PM : ping
5/9/2021 2:48:28 PM : ping
5/9/2021 2:48:28 PM : ping
5/9/2021 2:48:28 PM : ping
5/9/2021 2:48:30 PM : ping
5/9/2021 2:48:30 PM : ping
5/9/2021 2:48:30 PM : ping
5/9/2021 2:48:31 PM : ping
5/9/2021 2:48:31 PM : ping
5/9/2021 2:48:31 PM : ping
5/9/2021 2:48:32 PM : ping
5/9/2021 2:48:32 PM : ping
5/9/2021 2:48:32 PM : ping
5/9/2021 2:48:33 PM : ping
5/9/2021 2:48:33 PM : ping
5/9/2021 2:48:33 PM : ping
5/9/2021 2:48:34 PM : ping
5/9/2021 2:48:34 PM : ping
5/9/2021 2:48:34 PM : ping
5/9/2021 2:48:35 PM : ping
5/9/2021 2:48:35 PM : ping
5/9/2021 2:48:35 PM : ping
5/9/2021 2:48:36 PM : ping
5/9/2021 2:48:36 PM : ping
5/9/2021 2:48:36 PM : ping
5/9/2021 2:48:37 PM : ping
5/9/2021 2:48:37 PM : ping
5/9/2021 2:48:37 PM : ping
5/9/2021 2:48:39 PM : ping
5/9/2021 2:48:39 PM : ping
5/9/2021 2:48:39 PM : ping
5/9/2021 2:48:40 PM : ping
5/9/2021 2:48:40 PM : ping
5/9/2021 2:48:40 PM : ping
5/9/2021 2:48:41 PM : ping
5/9/2021 2:48:41 PM : ping
5/9/2021 2:48:41 PM : ping
5/9/2021 2:48:42 PM : ping
5/9/2021 2:48:42 PM : ping
5/9/2021 2:48:42 PM : ping
5/9/2021 2:48:43 PM : ping
5/9/2021 2:48:43 PM : ping
5/9/2021 2:48:43 PM : ping
5/9/2021 2:48:44 PM : ping
5/9/2021 2:48:44 PM : ping
5/9/2021 2:48:44 PM : ping
5/9/2021 2:48:45 PM : ping
5/9/2021 2:48:45 PM : ping
5/9/2021 2:48:45 PM : ping
5/9/2021 2:48:47 PM : ping
5/9/2021 2:48:47 PM : ping
5/9/2021 2:48:47 PM : ping
5/9/2021 2:48:48 PM : ping
5/9/2021 2:48:48 PM : ping
5/9/2021 2:48:48 PM : ping
5/9/2021 2:48:49 PM : ping
5/9/2021 2:48:49 PM : ping
5/9/2021 2:48:49 PM : ping
5/9/2021 2:48:50 PM : ping
5/9/2021 2:48:50 PM : ping
5/9/2021 2:48:50 PM : ping
5/9/2021 2:48:51 PM : ping
5/9/2021 2:48:51 PM : ping
5/9/2021 2:48:51 PM : ping
5/9/2021 2:48:52 PM : ping
5/9/2021 2:48:52 PM : ping
5/9/2021 2:48:52 PM : ping
5/9/2021 2:48:53 PM : ping
5/9/2021 2:48:53 PM : ping
5/9/2021 2:48:53 PM : ping
5/9/2021 2:48:55 PM : ping
5/9/2021 2:48:55 PM : ping
5/9/2021 2:48:55 PM : ping
5/9/2021 2:48:56 PM : ping
5/9/2021 2:48:56 PM : ping
5/9/2021 2:48:56 PM : ping
5/9/2021 2:48:57 PM : ping
5/9/2021 2:48:57 PM : ping
5/9/2021 2:48:57 PM : ping
5/9/2021 2:48:58 PM : ping
5/9/2021 2:48:58 PM : ping
5/9/2021 2:48:58 PM : ping
5/9/2021 2:48:59 PM : ping
5/9/2021 2:48:59 PM : ping
5/9/2021 2:48:59 PM : ping
5/9/2021 2:49:00 PM : ping
5/9/2021 2:49:00 PM : ping
5/9/2021 2:49:00 PM : ping
5/9/2021 2:49:01 PM : ping
5/9/2021 2:49:01 PM : ping
5/9/2021 2:49:01 PM : ping
5/9/2021 2:49:02 PM : ping
5/9/2021 2:49:02 PM : ping
5/9/2021 2:49:02 PM : ping
5/9/2021 2:49:04 PM : ping
5/9/2021 2:49:04 PM : ping
5/9/2021 2:49:04 PM : ping
5/9/2021 2:49:05 PM : ping
5/9/2021 2:49:05 PM : ping
5/9/2021 2:49:05 PM : ping
5/9/2021 2:49:06 PM : ping
5/9/2021 2:49:06 PM : ping
5/9/2021 2:49:06 PM : ping
5/9/2021 2:49:07 PM : ping
5/9/2021 2:49:07 PM : ping
5/9/2021 2:49:07 PM : ping
5/9/2021 2:49:08 PM : ping
5/9/2021 2:49:08 PM : ping
5/9/2021 2:49:08 PM : ping
5/9/2021 2:49:09 PM : ping
5/9/2021 2:49:09 PM : ping
5/9/2021 2:49:09 PM : ping
5/9/2021 2:49:10 PM : ping
5/9/2021 2:49:10 PM : ping
5/9/2021 2:49:10 PM : ping
5/9/2021 2:49:12 PM : ping
5/9/2021 2:49:12 PM : ping
5/9/2021 2:49:12 PM : ping
5/9/2021 2:49:13 PM : ping
5/9/2021 2:49:13 PM : ping
5/9/2021 2:49:13 PM : ping
5/9/2021 2:49:14 PM : ping
5/9/2021 2:49:14 PM : ping
5/9/2021 2:49:14 PM : ping
5/9/2021 2:49:15 PM : ping
5/9/2021 2:49:15 PM : ping
5/9/2021 2:49:15 PM : ping
5/9/2021 2:49:16 PM : ping
5/9/2021 2:49:16 PM : ping
5/9/2021 2:49:16 PM : ping
5/9/2021 2:49:17 PM : ping
5/9/2021 2:49:17 PM : ping
5/9/2021 2:49:17 PM : ping
5/9/2021 2:49:18 PM : ping
5/9/2021 2:49:18 PM : ping
5/9/2021 2:49:18 PM : ping
5/9/2021 2:49:19 PM : ping
5/9/2021 2:49:19 PM : ping
5/9/2021 2:49:19 PM : ping
5/9/2021 2:49:21 PM : ping
5/9/2021 2:49:21 PM : ping
5/9/2021 2:49:21 PM : ping
5/9/2021 2:49:22 PM : ping
5/9/2021 2:49:22 PM : ping
5/9/2021 2:49:22 PM : ping
5/9/2021 2:49:23 PM : ping
5/9/2021 2:49:23 PM : ping
5/9/2021 2:49:23 PM : ping
5/9/2021 2:49:24 PM : ping
5/9/2021 2:49:24 PM : ping
5/9/2021 2:49:24 PM : ping
5/9/2021 2:49:25 PM : ping
5/9/2021 2:49:25 PM : ping
5/9/2021 2:49:25 PM : ping
5/9/2021 2:49:26 PM : ping
5/9/2021 2:49:26 PM : ping
5/9/2021 2:49:26 PM : ping
5/9/2021 2:49:27 PM : ping
5/9/2021 2:49:27 PM : ping
5/9/2021 2:49:27 PM : ping
5/9/2021 2:49:29 PM : ping
5/9/2021 2:49:29 PM : ping
5/9/2021 2:49:29 PM : ping
5/9/2021 2:49:30 PM : ping
5/9/2021 2:49:30 PM : ping
5/9/2021 2:49:30 PM : ping
5/9/2021 2:49:31 PM : ping
5/9/2021 2:49:31 PM : ping
5/9/2021 2:49:31 PM : ping
5/9/2021 2:49:32 PM : ping
5/9/2021 2:49:32 PM : ping
5/9/2021 2:49:32 PM : ping
5/9/2021 2:49:33 PM : ping
5/9/2021 2:49:33 PM : ping
5/9/2021 2:49:33 PM : ping
5/9/2021 2:49:34 PM : ping
5/9/2021 2:49:34 PM : ping
5/9/2021 2:49:34 PM : ping
5/9/2021 2:49:35 PM : ping
5/9/2021 2:49:35 PM : ping
5/9/2021 2:49:35 PM : ping
5/9/2021 2:49:37 PM : ping
5/9/2021 2:49:37 PM : ping
5/9/2021 2:49:37 PM : ping
5/9/2021 2:49:38 PM : ping
5/9/2021 2:49:38 PM : ping
5/9/2021 2:49:38 PM : ping
5/9/2021 2:49:39 PM : ping
5/9/2021 2:49:39 PM : ping
5/9/2021 2:49:39 PM : ping
5/9/2021 2:49:40 PM : ping
5/9/2021 2:49:40 PM : ping
5/9/2021 2:49:40 PM : ping
5/9/2021 2:49:41 PM : ping
5/9/2021 2:49:41 PM : ping
5/9/2021 2:49:41 PM : ping
5/9/2021 2:49:42 PM : ping
5/9/2021 2:49:42 PM : ping
5/9/2021 2:49:42 PM : ping
5/9/2021 2:49:43 PM : ping
5/9/2021 2:49:43 PM : ping
5/9/2021 2:49:43 PM : ping
5/9/2021 2:49:44 PM : ping
5/9/2021 2:49:44 PM : ping
5/9/2021 2:49:44 PM : ping
5/9/2021 2:49:46 PM : ping
5/9/2021 2:49:46 PM : ping
5/9/2021 2:49:46 PM : ping
5/9/2021 2:49:47 PM : ping
5/9/2021 2:49:47 PM : ping
5/9/2021 2:49:47 PM : ping
5/9/2021 2:49:48 PM : ping
5/9/2021 2:49:48 PM : ping
5/9/2021 2:49:48 PM : ping
5/9/2021 2:49:49 PM : ping
5/9/2021 2:49:49 PM : ping
5/9/2021 2:49:49 PM : ping
5/9/2021 2:49:50 PM : ping
5/9/2021 2:49:50 PM : ping
5/9/2021 2:49:50 PM : ping
5/9/2021 2:49:51 PM : ping
5/9/2021 2:49:51 PM : ping
5/9/2021 2:49:51 PM : ping
5/9/2021 2:49:52 PM : ping
5/9/2021 2:49:52 PM : ping
5/9/2021 2:49:52 PM : ping
5/9/2021 2:49:54 PM : ping
5/9/2021 2:49:54 PM : ping
5/9/2021 2:49:54 PM : ping
5/9/2021 2:49:55 PM : ping
5/9/2021 2:49:55 PM : ping
5/9/2021 2:49:55 PM : ping
5/9/2021 2:49:56 PM : ping
5/9/2021 2:49:56 PM : ping
5/9/2021 2:49:56 PM : ping
5/9/2021 2:49:57 PM : ping
5/9/2021 2:49:57 PM : ping
5/9/2021 2:49:57 PM : ping
5/9/2021 2:49:58 PM : ping
5/9/2021 2:49:58 PM : ping
5/9/2021 2:49:58 PM : ping
5/9/2021 2:49:59 PM : ping
5/9/2021 2:49:59 PM : ping
5/9/2021 2:49:59 PM : ping
5/9/2021 2:50:00 PM : ping
5/9/2021 2:50:00 PM : ping
5/9/2021 2:50:00 PM : ping
5/9/2021 2:50:02 PM : ping
5/9/2021 2:50:02 PM : ping
5/9/2021 2:50:02 PM : ping
5/9/2021 2:50:03 PM : ping
5/9/2021 2:50:03 PM : ping
5/9/2021 2:50:03 PM : ping
5/9/2021 2:50:04 PM : ping
5/9/2021 2:50:04 PM : ping
5/9/2021 2:50:04 PM : ping
5/9/2021 2:50:05 PM : ping
5/9/2021 2:50:05 PM : ping
5/9/2021 2:50:05 PM : ping
5/9/2021 2:50:06 PM : ping
5/9/2021 2:50:06 PM : ping
5/9/2021 2:50:06 PM : ping
5/9/2021 2:50:07 PM : ping
5/9/2021 2:50:07 PM : ping
5/9/2021 2:50:07 PM : ping
5/9/2021 2:50:08 PM : ping
5/9/2021 2:50:08 PM : ping
5/9/2021 2:50:08 PM : ping
5/9/2021 2:50:09 PM : ping
5/9/2021 2:50:09 PM : ping
5/9/2021 2:50:09 PM : ping
5/9/2021 2:50:11 PM : ping
5/9/2021 2:50:11 PM : ping
5/9/2021 2:50:11 PM : ping
5/9/2021 2:50:12 PM : ping
5/9/2021 2:50:12 PM : ping
5/9/2021 2:50:12 PM : ping
5/9/2021 2:50:13 PM : ping
5/9/2021 2:50:13 PM : ping
5/9/2021 2:50:13 PM : ping
5/9/2021 2:50:14 PM : ping
5/9/2021 2:50:14 PM : ping
5/9/2021 2:50:14 PM : ping
5/9/2021 2:50:15 PM : ping
5/9/2021 2:50:15 PM : ping
5/9/2021 2:50:15 PM : ping
5/9/2021 2:50:16 PM : ping
5/9/2021 2:50:16 PM : ping
5/9/2021 2:50:16 PM : ping
5/9/2021 2:50:17 PM : ping
5/9/2021 2:50:17 PM : ping
5/9/2021 2:50:17 PM : ping
5/9/2021 2:50:19 PM : ping
5/9/2021 2:50:19 PM : ping
5/9/2021 2:50:19 PM : ping
5/9/2021 2:50:20 PM : ping
5/9/2021 2:50:20 PM : ping
5/9/2021 2:50:20 PM : ping
5/9/2021 2:50:21 PM : ping
5/9/2021 2:50:21 PM : ping
5/9/2021 2:50:21 PM : ping
5/9/2021 2:50:22 PM : ping
5/9/2021 2:50:22 PM : ping
5/9/2021 2:50:22 PM : ping
5/9/2021 2:50:23 PM : ping
5/9/2021 2:50:23 PM : ping
5/9/2021 2:50:23 PM : ping
5/9/2021 2:50:24 PM : ping
5/9/2021 2:50:24 PM : ping
5/9/2021 2:50:24 PM : ping
5/9/2021 2:50:25 PM : ping
5/9/2021 2:50:25 PM : ping
5/9/2021 2:50:25 PM : ping
5/9/2021 2:50:26 PM : ping
5/9/2021 2:50:26 PM : ping
5/9/2021 2:50:26 PM : ping
5/9/2021 2:50:28 PM : ping
5/9/2021 2:50:28 PM : ping
5/9/2021 2:50:28 PM : ping
5/9/2021 2:50:29 PM : ping
5/9/2021 2:50:29 PM : ping
5/9/2021 2:50:29 PM : ping
5/9/2021 2:50:30 PM : ping
5/9/2021 2:50:30 PM : ping
5/9/2021 2:50:30 PM : ping
5/9/2021 2:50:31 PM : ping
5/9/2021 2:50:31 PM : ping
5/9/2021 2:50:31 PM : ping
5/9/2021 2:50:32 PM : ping
5/9/2021 2:50:32 PM : ping
5/9/2021 2:50:32 PM : ping
5/9/2021 2:50:33 PM : ping
5/9/2021 2:50:33 PM : ping
5/9/2021 2:50:33 PM : ping
5/9/2021 2:50:34 PM : ping
5/9/2021 2:50:34 PM : ping
5/9/2021 2:50:34 PM : ping
5/9/2021 2:50:36 PM : ping
5/9/2021 2:50:36 PM : ping
5/9/2021 2:50:36 PM : ping
5/9/2021 2:50:37 PM : ping
5/9/2021 2:50:37 PM : ping
5/9/2021 2:50:37 PM : ping
5/9/2021 2:50:38 PM : ping
5/9/2021 2:50:38 PM : ping
5/9/2021 2:50:38 PM : ping
5/9/2021 2:50:39 PM : ping
5/9/2021 2:50:39 PM : ping
5/9/2021 2:50:39 PM : ping
5/9/2021 2:50:40 PM : ping
5/9/2021 2:50:40 PM : ping
5/9/2021 2:50:40 PM : ping
5/9/2021 2:50:41 PM : ping
5/9/2021 2:50:41 PM : ping
5/9/2021 2:50:41 PM : ping
5/9/2021 2:50:42 PM : ping
5/9/2021 2:50:42 PM : ping
5/9/2021 2:50:42 PM : ping
5/9/2021 2:50:44 PM : ping
5/9/2021 2:50:44 PM : ping
5/9/2021 2:50:44 PM : ping
5/9/2021 2:50:45 PM : ping
5/9/2021 2:50:45 PM : ping
5/9/2021 2:50:45 PM : ping
5/9/2021 2:50:46 PM : ping
5/9/2021 2:50:46 PM : ping
5/9/2021 2:50:46 PM : ping
5/9/2021 2:50:47 PM : ping
5/9/2021 2:50:47 PM : ping
5/9/2021 2:50:47 PM : ping
5/9/2021 2:50:48 PM : ping
5/9/2021 2:50:48 PM : ping
5/9/2021 2:50:48 PM : ping
5/9/2021 2:50:49 PM : ping
5/9/2021 2:50:49 PM : ping
5/9/2021 2:50:49 PM : ping
5/9/2021 2:50:50 PM : ping
5/9/2021 2:50:50 PM : ping
5/9/2021 2:50:50 PM : ping
5/9/2021 2:50:51 PM : ping
5/9/2021 2:50:51 PM : ping
5/9/2021 2:50:51 PM : ping
5/9/2021 2:50:53 PM : ping
5/9/2021 2:50:53 PM : ping
5/9/2021 2:50:53 PM : ping
5/9/2021 2:50:54 PM : ping
5/9/2021 2:50:54 PM : ping
5/9/2021 2:50:54 PM : ping
5/9/2021 2:50:55 PM : ping
5/9/2021 2:50:55 PM : ping
5/9/2021 2:50:55 PM : ping
5/9/2021 2:50:56 PM : ping
5/9/2021 2:50:56 PM : ping
5/9/2021 2:50:56 PM : ping
5/9/2021 2:50:57 PM : ping
5/9/2021 2:50:57 PM : ping
5/9/2021 2:50:57 PM : ping
5/9/2021 2:50:58 PM : ping
5/9/2021 2:50:58 PM : ping
5/9/2021 2:50:58 PM : ping
5/9/2021 2:50:59 PM : ping
5/9/2021 2:50:59 PM : ping
5/9/2021 2:50:59 PM : ping
5/9/2021 2:51:01 PM : ping
5/9/2021 2:51:01 PM : ping
5/9/2021 2:51:01 PM : ping
5/9/2021 2:51:02 PM : ping
5/9/2021 2:51:02 PM : ping
5/9/2021 2:51:02 PM : ping
5/9/2021 2:51:03 PM : ping
5/9/2021 2:51:03 PM : ping
5/9/2021 2:51:03 PM : ping
5/9/2021 2:51:04 PM : ping
5/9/2021 2:51:04 PM : ping
5/9/2021 2:51:04 PM : ping
5/9/2021 2:51:05 PM : ping
5/9/2021 2:51:05 PM : ping
5/9/2021 2:51:05 PM : ping
5/9/2021 2:51:06 PM : ping
5/9/2021 2:51:06 PM : ping
5/9/2021 2:51:06 PM : ping
5/9/2021 2:51:07 PM : ping
5/9/2021 2:51:07 PM : ping
5/9/2021 2:51:07 PM : ping
5/9/2021 2:51:08 PM : ping
5/9/2021 2:51:08 PM : ping
5/9/2021 2:51:09 PM : ping
5/9/2021 2:51:10 PM : ping
5/9/2021 2:51:10 PM : ping
5/9/2021 2:51:10 PM : ping
5/9/2021 2:51:11 PM : ping
5/9/2021 2:51:11 PM : ping
5/9/2021 2:51:11 PM : ping
5/9/2021 2:51:12 PM : ping
5/9/2021 2:51:12 PM : ping
5/9/2021 2:51:12 PM : ping
5/9/2021 2:51:13 PM : ping
5/9/2021 2:51:13 PM : ping
5/9/2021 2:51:13 PM : ping
5/9/2021 2:51:14 PM : ping
5/9/2021 2:51:14 PM : ping
5/9/2021 2:51:14 PM : ping
5/9/2021 2:51:15 PM : ping
5/9/2021 2:51:15 PM : ping
5/9/2021 2:51:15 PM : ping
5/9/2021 2:51:16 PM : ping
5/9/2021 2:51:16 PM : ping
5/9/2021 2:51:16 PM : ping
5/9/2021 2:51:18 PM : ping
5/9/2021 2:51:18 PM : ping
5/9/2021 2:51:18 PM : ping
5/9/2021 2:51:19 PM : ping
5/9/2021 2:51:19 PM : ping
5/9/2021 2:51:19 PM : ping
5/9/2021 2:51:20 PM : ping
5/9/2021 2:51:20 PM : ping
5/9/2021 2:51:20 PM : ping
5/9/2021 2:51:21 PM : ping
5/9/2021 2:51:21 PM : ping
5/9/2021 2:51:21 PM : ping
5/9/2021 2:51:22 PM : ping
5/9/2021 2:51:22 PM : ping
5/9/2021 2:51:22 PM : ping
5/9/2021 2:51:23 PM : ping
5/9/2021 2:51:23 PM : ping
5/9/2021 2:51:23 PM : ping
5/9/2021 2:51:24 PM : ping
5/9/2021 2:51:24 PM : ping
5/9/2021 2:51:24 PM : ping
5/9/2021 2:51:25 PM : ping
5/9/2021 2:51:25 PM : ping
5/9/2021 2:51:26 PM : ping
5/9/2021 2:51:27 PM : ping
5/9/2021 2:51:27 PM : ping
5/9/2021 2:51:27 PM : ping
5/9/2021 2:51:28 PM : ping
5/9/2021 2:51:28 PM : ping
5/9/2021 2:51:28 PM : ping
5/9/2021 2:51:29 PM : ping
5/9/2021 2:51:29 PM : ping
5/9/2021 2:51:29 PM : ping
5/9/2021 2:51:30 PM : ping
5/9/2021 2:51:30 PM : ping
5/9/2021 2:51:30 PM : ping
5/9/2021 2:51:31 PM : ping
5/9/2021 2:51:31 PM : ping
5/9/2021 2:51:31 PM : ping
5/9/2021 2:51:32 PM : ping
5/9/2021 2:51:32 PM : ping
5/9/2021 2:51:32 PM : ping
5/9/2021 2:51:34 PM : ping
5/9/2021 2:51:34 PM : ping
5/9/2021 2:51:34 PM : ping
5/9/2021 2:51:35 PM : ping
5/9/2021 2:51:35 PM : ping
5/9/2021 2:51:35 PM : ping
5/9/2021 2:51:35 PM : launch server at port: 7030
5/9/2021 2:51:36 PM : ping
5/9/2021 2:51:36 PM : ping
5/9/2021 2:51:36 PM : ping
5/9/2021 2:51:37 PM : ping
5/9/2021 2:51:37 PM : ping
5/9/2021 2:51:37 PM : ping
5/9/2021 2:51:38 PM : ping
5/9/2021 2:51:38 PM : ping
5/9/2021 2:51:38 PM : ping
5/9/2021 2:51:39 PM : ping
5/9/2021 2:51:39 PM : ping
5/9/2021 2:51:39 PM : ping
5/9/2021 2:51:40 PM : launch server at port: 7031
5/9/2021 2:51:40 PM : ping
5/9/2021 2:51:40 PM : ping
5/9/2021 2:51:40 PM : ping
5/9/2021 2:51:42 PM : ping
5/9/2021 2:51:42 PM : ping
5/9/2021 2:51:42 PM : ping
5/9/2021 2:51:43 PM : ping
5/9/2021 2:51:43 PM : ping
5/9/2021 2:51:43 PM : ping
5/9/2021 2:51:44 PM : ping
5/9/2021 2:51:44 PM : ping
5/9/2021 2:51:44 PM : ping
5/9/2021 2:51:45 PM : launch server at port: 7032
5/9/2021 2:51:45 PM : ping
5/9/2021 2:51:45 PM : ping
5/9/2021 2:51:45 PM : ping
5/9/2021 2:51:46 PM : launch server at port: 7033
5/9/2021 2:51:46 PM : ping
5/9/2021 2:51:46 PM : ping
5/9/2021 2:51:46 PM : ping
5/9/2021 2:51:47 PM : ping
5/9/2021 2:51:47 PM : ping
5/9/2021 2:51:47 PM : ping
5/9/2021 2:51:48 PM : ping
5/9/2021 2:51:48 PM : ping
5/9/2021 2:51:48 PM : ping
5/9/2021 2:51:50 PM : ping
5/9/2021 2:51:50 PM : ping
5/9/2021 2:51:50 PM : ping
5/9/2021 2:51:50 PM : launch server at port: 7034
5/9/2021 2:51:51 PM : ping
5/9/2021 2:51:51 PM : ping
5/9/2021 2:51:51 PM : ping
5/9/2021 2:51:51 PM : launch server at port: 7035
5/9/2021 2:51:52 PM : ping
5/9/2021 2:51:52 PM : ping
5/9/2021 2:51:52 PM : ping
5/9/2021 2:51:53 PM : ping
5/9/2021 2:51:53 PM : ping
5/9/2021 2:51:53 PM : ping
5/9/2021 2:51:54 PM : ping
5/9/2021 2:51:54 PM : ping
5/9/2021 2:51:54 PM : ping
5/9/2021 2:51:55 PM : ping
5/9/2021 2:51:55 PM : ping
5/9/2021 2:51:55 PM : ping
5/9/2021 2:51:56 PM : ping
5/9/2021 2:51:56 PM : ping
5/9/2021 2:51:56 PM : ping
5/9/2021 2:51:58 PM : ping
5/9/2021 2:51:58 PM : ping
5/9/2021 2:51:58 PM : ping
5/9/2021 2:51:59 PM : ping
5/9/2021 2:51:59 PM : ping
5/9/2021 2:51:59 PM : ping
5/9/2021 2:51:59 PM : launch server at port: 7036
5/9/2021 2:52:00 PM : ping
5/9/2021 2:52:00 PM : ping
5/9/2021 2:52:00 PM : ping
5/9/2021 2:52:01 PM : ping
5/9/2021 2:52:01 PM : ping
5/9/2021 2:52:01 PM : ping
5/9/2021 2:52:02 PM : ping
5/9/2021 2:52:02 PM : ping
5/9/2021 2:52:02 PM : ping
5/9/2021 2:52:03 PM : ping
5/9/2021 2:52:03 PM : ping
5/9/2021 2:52:03 PM : ping
5/9/2021 2:52:05 PM : ping
5/9/2021 2:52:05 PM : ping
5/9/2021 2:52:05 PM : ping
5/9/2021 2:52:06 PM : ping
5/9/2021 2:52:06 PM : ping
5/9/2021 2:52:06 PM : ping
5/9/2021 2:52:07 PM : ping
5/9/2021 2:52:07 PM : ping
5/9/2021 2:52:07 PM : ping
5/9/2021 2:52:08 PM : ping
5/9/2021 2:52:08 PM : ping
5/9/2021 2:52:08 PM : ping
5/9/2021 2:52:09 PM : ping
5/9/2021 2:52:09 PM : ping
5/9/2021 2:52:09 PM : ping
5/9/2021 2:52:10 PM : ping
5/9/2021 2:52:10 PM : ping
5/9/2021 2:52:10 PM : ping
5/9/2021 2:52:11 PM : ping
5/9/2021 2:52:11 PM : ping
5/9/2021 2:52:11 PM : ping
5/9/2021 2:52:13 PM : ping
5/9/2021 2:52:13 PM : ping
5/9/2021 2:52:13 PM : ping
5/9/2021 2:52:14 PM : ping
5/9/2021 2:52:14 PM : ping
5/9/2021 2:52:14 PM : ping
5/9/2021 2:52:15 PM : ping
5/9/2021 2:52:15 PM : ping
5/9/2021 2:52:15 PM : ping
5/9/2021 2:52:16 PM : ping
5/9/2021 2:52:16 PM : ping
5/9/2021 2:52:16 PM : ping
5/9/2021 2:52:17 PM : ping
5/9/2021 2:52:17 PM : ping
5/9/2021 2:52:17 PM : ping
5/9/2021 2:52:18 PM : ping
5/9/2021 2:52:18 PM : ping
5/9/2021 2:52:18 PM : ping
5/9/2021 2:52:19 PM : ping
5/9/2021 2:52:19 PM : ping
5/9/2021 2:52:19 PM : ping
5/9/2021 2:52:21 PM : ping
5/9/2021 2:52:21 PM : ping
5/9/2021 2:52:21 PM : ping
5/9/2021 2:52:22 PM : ping
5/9/2021 2:52:22 PM : ping
5/9/2021 2:52:22 PM : ping
5/9/2021 2:52:23 PM : ping
5/9/2021 2:52:23 PM : ping
5/9/2021 2:52:23 PM : ping
5/9/2021 2:52:24 PM : ping
5/9/2021 2:52:24 PM : ping
5/9/2021 2:52:24 PM : ping
5/9/2021 2:52:25 PM : ping
5/9/2021 2:52:25 PM : ping
5/9/2021 2:52:25 PM : ping
5/9/2021 2:52:26 PM : ping
5/9/2021 2:52:26 PM : ping
5/9/2021 2:52:26 PM : ping
5/9/2021 2:52:28 PM : ping
5/9/2021 2:52:28 PM : ping
5/9/2021 2:52:28 PM : ping
5/9/2021 2:52:29 PM : ping
5/9/2021 2:52:29 PM : ping
5/9/2021 2:52:29 PM : ping
5/9/2021 2:52:30 PM : ping
5/9/2021 2:52:30 PM : ping
5/9/2021 2:52:30 PM : ping
5/9/2021 2:52:31 PM : ping
5/9/2021 2:52:31 PM : ping
5/9/2021 2:52:31 PM : ping
5/9/2021 2:52:32 PM : ping
5/9/2021 2:52:32 PM : ping
5/9/2021 2:52:32 PM : ping
5/9/2021 2:52:33 PM : ping
5/9/2021 2:52:33 PM : ping
5/9/2021 2:52:33 PM : ping
5/9/2021 2:52:34 PM : ping
5/9/2021 2:52:34 PM : ping
5/9/2021 2:52:34 PM : ping
5/9/2021 2:52:36 PM : ping
5/9/2021 2:52:36 PM : ping
5/9/2021 2:52:36 PM : ping
5/9/2021 2:52:37 PM : ping
5/9/2021 2:52:37 PM : ping
5/9/2021 2:52:37 PM : ping
5/9/2021 2:52:38 PM : ping
5/9/2021 2:52:38 PM : ping
5/9/2021 2:52:38 PM : ping
5/9/2021 2:52:39 PM : ping
5/9/2021 2:52:39 PM : ping
5/9/2021 2:52:39 PM : ping
5/9/2021 2:52:40 PM : ping
5/9/2021 2:52:40 PM : ping
5/9/2021 2:52:40 PM : ping
5/9/2021 2:52:41 PM : ping
5/9/2021 2:52:41 PM : ping
5/9/2021 2:52:41 PM : ping
5/9/2021 2:52:42 PM : ping
5/9/2021 2:52:42 PM : ping
5/9/2021 2:52:42 PM : ping
5/9/2021 2:52:44 PM : ping
5/9/2021 2:52:44 PM : ping
5/9/2021 2:52:44 PM : ping
5/9/2021 2:52:45 PM : ping
5/9/2021 2:52:45 PM : ping
5/9/2021 2:52:45 PM : ping
5/9/2021 2:52:46 PM : ping
5/9/2021 2:52:46 PM : ping
5/9/2021 2:52:46 PM : ping
5/9/2021 2:52:47 PM : ping
5/9/2021 2:52:47 PM : ping
5/9/2021 2:52:47 PM : ping
5/9/2021 2:52:48 PM : ping
5/9/2021 2:52:48 PM : ping
5/9/2021 2:52:48 PM : ping
5/9/2021 2:52:49 PM : ping
5/9/2021 2:52:49 PM : ping
5/9/2021 2:52:49 PM : ping
5/9/2021 2:52:50 PM : ping
5/9/2021 2:52:50 PM : ping
5/9/2021 2:52:50 PM : ping
5/9/2021 2:52:51 PM : ping
5/9/2021 2:52:51 PM : ping
5/9/2021 2:52:51 PM : ping
5/9/2021 2:52:53 PM : ping
5/9/2021 2:52:53 PM : ping
5/9/2021 2:52:53 PM : ping
5/9/2021 2:52:54 PM : ping
5/9/2021 2:52:54 PM : ping
5/9/2021 2:52:54 PM : ping
5/9/2021 2:52:55 PM : ping
5/9/2021 2:52:55 PM : ping
5/9/2021 2:52:55 PM : ping
5/9/2021 2:52:56 PM : ping
5/9/2021 2:52:56 PM : ping
5/9/2021 2:52:56 PM : ping
5/9/2021 2:52:57 PM : ping
5/9/2021 2:52:57 PM : ping
5/9/2021 2:52:57 PM : ping
5/9/2021 2:52:58 PM : ping
5/9/2021 2:52:58 PM : ping
5/9/2021 2:52:58 PM : ping
5/9/2021 2:52:59 PM : ping
5/9/2021 2:52:59 PM : ping
5/9/2021 2:52:59 PM : ping
5/9/2021 2:53:00 PM : ping
5/9/2021 2:53:00 PM : ping
5/9/2021 2:53:00 PM : ping
5/9/2021 2:53:02 PM : ping
5/9/2021 2:53:02 PM : ping
5/9/2021 2:53:02 PM : ping
5/9/2021 2:53:03 PM : ping
5/9/2021 2:53:03 PM : ping
5/9/2021 2:53:03 PM : ping
5/9/2021 2:53:04 PM : ping
5/9/2021 2:53:04 PM : ping
5/9/2021 2:53:04 PM : ping
5/9/2021 2:53:05 PM : ping
5/9/2021 2:53:05 PM : ping
5/9/2021 2:53:05 PM : ping
5/9/2021 2:53:06 PM : ping
5/9/2021 2:53:06 PM : ping
5/9/2021 2:53:06 PM : ping
5/9/2021 2:53:07 PM : ping
5/9/2021 2:53:07 PM : ping
5/9/2021 2:53:07 PM : ping
5/9/2021 2:53:08 PM : ping
5/9/2021 2:53:08 PM : ping
5/9/2021 2:53:08 PM : ping
5/9/2021 2:53:10 PM : ping
5/9/2021 2:53:10 PM : ping
5/9/2021 2:53:10 PM : ping
5/9/2021 2:53:11 PM : ping
5/9/2021 2:53:11 PM : ping
5/9/2021 2:53:11 PM : ping
5/9/2021 2:53:12 PM : ping
5/9/2021 2:53:12 PM : ping
5/9/2021 2:53:12 PM : ping
5/9/2021 2:53:13 PM : ping
5/9/2021 2:53:13 PM : ping
5/9/2021 2:53:13 PM : ping
5/9/2021 2:53:14 PM : ping
5/9/2021 2:53:14 PM : ping
5/9/2021 2:53:14 PM : ping
5/9/2021 2:53:15 PM : ping
5/9/2021 2:53:15 PM : ping
5/9/2021 2:53:15 PM : ping
5/9/2021 2:53:16 PM : ping
5/9/2021 2:53:16 PM : ping
5/9/2021 2:53:17 PM : ping
5/9/2021 2:53:18 PM : ping
5/9/2021 2:53:18 PM : ping
5/9/2021 2:53:18 PM : ping
5/9/2021 2:53:19 PM : ping
5/9/2021 2:53:19 PM : ping
5/9/2021 2:53:19 PM : ping
5/9/2021 2:53:20 PM : ping
5/9/2021 2:53:20 PM : ping
5/9/2021 2:53:20 PM : ping
5/9/2021 2:53:21 PM : ping
5/9/2021 2:53:21 PM : ping
5/9/2021 2:53:21 PM : ping
5/9/2021 2:53:22 PM : ping
5/9/2021 2:53:22 PM : ping
5/9/2021 2:53:22 PM : ping
5/9/2021 2:53:23 PM : ping
5/9/2021 2:53:23 PM : ping
5/9/2021 2:53:23 PM : ping
5/9/2021 2:53:25 PM : ping
5/9/2021 2:53:25 PM : ping
5/9/2021 2:53:25 PM : ping
5/9/2021 2:53:26 PM : ping
5/9/2021 2:53:26 PM : ping
5/9/2021 2:53:26 PM : ping
5/9/2021 2:53:27 PM : ping
5/9/2021 2:53:27 PM : ping
5/9/2021 2:53:27 PM : ping
5/9/2021 2:53:28 PM : ping
5/9/2021 2:53:28 PM : ping
5/9/2021 2:53:28 PM : ping
5/9/2021 2:53:29 PM : ping
5/9/2021 2:53:29 PM : ping
5/9/2021 2:53:29 PM : ping
5/9/2021 2:53:30 PM : ping
5/9/2021 2:53:30 PM : ping
5/9/2021 2:53:30 PM : ping
5/9/2021 2:53:31 PM : ping
5/9/2021 2:53:31 PM : ping
5/9/2021 2:53:31 PM : ping
5/9/2021 2:53:33 PM : ping
5/9/2021 2:53:33 PM : ping
5/9/2021 2:53:33 PM : ping
5/9/2021 2:53:34 PM : ping
5/9/2021 2:53:34 PM : ping
5/9/2021 2:53:34 PM : ping
5/9/2021 2:53:35 PM : ping
5/9/2021 2:53:35 PM : ping
5/9/2021 2:53:35 PM : ping
5/9/2021 2:53:36 PM : ping
5/9/2021 2:53:36 PM : ping
5/9/2021 2:53:36 PM : ping
5/9/2021 2:53:37 PM : ping
5/9/2021 2:53:37 PM : ping
5/9/2021 2:53:37 PM : ping
5/9/2021 2:53:38 PM : ping
5/9/2021 2:53:38 PM : ping
5/9/2021 2:53:38 PM : ping
5/9/2021 2:53:39 PM : ping
5/9/2021 2:53:39 PM : ping
5/9/2021 2:53:39 PM : ping
5/9/2021 2:53:41 PM : ping
5/9/2021 2:53:41 PM : ping
5/9/2021 2:53:41 PM : ping
5/9/2021 2:53:42 PM : ping
5/9/2021 2:53:42 PM : ping
5/9/2021 2:53:42 PM : ping
5/9/2021 2:53:43 PM : ping
5/9/2021 2:53:43 PM : ping
5/9/2021 2:53:43 PM : ping
5/9/2021 2:53:44 PM : ping
5/9/2021 2:53:44 PM : ping
5/9/2021 2:53:44 PM : ping
5/9/2021 2:53:45 PM : ping
5/9/2021 2:53:45 PM : ping
5/9/2021 2:53:45 PM : ping
5/9/2021 2:53:46 PM : ping
5/9/2021 2:53:46 PM : ping
5/9/2021 2:53:46 PM : ping
5/9/2021 2:53:47 PM : ping
5/9/2021 2:53:47 PM : ping
5/9/2021 2:53:48 PM : ping
5/9/2021 2:53:49 PM : ping
5/9/2021 2:53:49 PM : ping
5/9/2021 2:53:49 PM : ping
5/9/2021 2:53:50 PM : ping
5/9/2021 2:53:50 PM : ping
5/9/2021 2:53:50 PM : ping
5/9/2021 2:53:51 PM : ping
5/9/2021 2:53:51 PM : ping
5/9/2021 2:53:51 PM : ping
5/9/2021 2:53:52 PM : ping
5/9/2021 2:53:52 PM : ping
5/9/2021 2:53:52 PM : ping
5/9/2021 2:53:53 PM : ping
5/9/2021 2:53:53 PM : ping
5/9/2021 2:53:53 PM : ping
5/9/2021 2:53:54 PM : ping
5/9/2021 2:53:54 PM : ping
5/9/2021 2:53:54 PM : ping
5/9/2021 2:53:56 PM : ping
5/9/2021 2:53:56 PM : ping
5/9/2021 2:53:56 PM : ping
5/9/2021 2:53:57 PM : ping
5/9/2021 2:53:57 PM : ping
5/9/2021 2:53:57 PM : ping
5/9/2021 2:53:58 PM : ping
5/9/2021 2:53:58 PM : ping
5/9/2021 2:53:58 PM : ping
5/9/2021 2:53:59 PM : ping
5/9/2021 2:53:59 PM : ping
5/9/2021 2:53:59 PM : ping
5/9/2021 2:54:00 PM : ping
5/9/2021 2:54:00 PM : ping
5/9/2021 2:54:00 PM : ping
5/9/2021 2:54:01 PM : ping
5/9/2021 2:54:01 PM : ping
5/9/2021 2:54:01 PM : ping
5/9/2021 2:54:02 PM : ping
5/9/2021 2:54:02 PM : ping
5/9/2021 2:54:02 PM : ping
5/9/2021 2:54:04 PM : ping
5/9/2021 2:54:04 PM : ping
5/9/2021 2:54:04 PM : ping
5/9/2021 2:54:05 PM : ping
5/9/2021 2:54:05 PM : ping
5/9/2021 2:54:05 PM : ping
5/9/2021 2:54:06 PM : ping
5/9/2021 2:54:06 PM : ping
5/9/2021 2:54:06 PM : ping
5/9/2021 2:54:07 PM : ping
5/9/2021 2:54:07 PM : ping
5/9/2021 2:54:07 PM : ping
5/9/2021 2:54:08 PM : ping
5/9/2021 2:54:08 PM : ping
5/9/2021 2:54:08 PM : ping
5/9/2021 2:54:09 PM : ping
5/9/2021 2:54:09 PM : ping
5/9/2021 2:54:09 PM : ping
5/9/2021 2:54:10 PM : ping
5/9/2021 2:54:10 PM : ping
5/9/2021 2:54:10 PM : ping
5/9/2021 2:54:12 PM : ping
5/9/2021 2:54:12 PM : ping
5/9/2021 2:54:12 PM : ping
5/9/2021 2:54:13 PM : ping
5/9/2021 2:54:13 PM : ping
5/9/2021 2:54:13 PM : ping
5/9/2021 2:54:14 PM : ping
5/9/2021 2:54:14 PM : ping
5/9/2021 2:54:14 PM : ping
5/9/2021 2:54:15 PM : ping
5/9/2021 2:54:15 PM : ping
5/9/2021 2:54:15 PM : ping
5/9/2021 2:54:16 PM : ping
5/9/2021 2:54:16 PM : ping
5/9/2021 2:54:16 PM : ping
5/9/2021 2:54:17 PM : ping
5/9/2021 2:54:17 PM : ping
5/9/2021 2:54:17 PM : ping
5/9/2021 2:54:18 PM : ping
5/9/2021 2:54:18 PM : ping
5/9/2021 2:54:18 PM : ping
5/9/2021 2:54:20 PM : ping
5/9/2021 2:54:20 PM : ping
5/9/2021 2:54:20 PM : ping
5/9/2021 2:54:21 PM : ping
5/9/2021 2:54:21 PM : ping
5/9/2021 2:54:21 PM : ping
5/9/2021 2:54:22 PM : ping
5/9/2021 2:54:22 PM : ping
5/9/2021 2:54:22 PM : ping
5/9/2021 2:54:23 PM : ping
5/9/2021 2:54:23 PM : ping
5/9/2021 2:54:23 PM : ping
5/9/2021 2:54:24 PM : ping
5/9/2021 2:54:24 PM : ping
5/9/2021 2:54:24 PM : ping
5/9/2021 2:54:25 PM : ping
5/9/2021 2:54:25 PM : ping
5/9/2021 2:54:25 PM : ping
5/9/2021 2:54:26 PM : ping
5/9/2021 2:54:26 PM : ping
5/9/2021 2:54:26 PM : ping
5/9/2021 2:54:28 PM : ping
5/9/2021 2:54:28 PM : ping
5/9/2021 2:54:28 PM : ping
5/9/2021 2:54:29 PM : ping
5/9/2021 2:54:29 PM : ping
5/9/2021 2:54:29 PM : ping
5/9/2021 2:54:30 PM : ping
5/9/2021 2:54:30 PM : ping
5/9/2021 2:54:30 PM : ping
5/9/2021 2:54:31 PM : ping
5/9/2021 2:54:31 PM : ping
5/9/2021 2:54:31 PM : ping
5/9/2021 2:54:32 PM : ping
5/9/2021 2:54:32 PM : ping
5/9/2021 2:54:32 PM : ping
5/9/2021 2:54:33 PM : ping
5/9/2021 2:54:33 PM : ping
5/9/2021 2:54:33 PM : ping
5/9/2021 2:54:34 PM : ping
5/9/2021 2:54:34 PM : ping
5/9/2021 2:54:35 PM : ping
5/9/2021 2:54:36 PM : ping
5/9/2021 2:54:36 PM : ping
5/9/2021 2:54:36 PM : ping
5/9/2021 2:54:37 PM : ping
5/9/2021 2:54:37 PM : ping
5/9/2021 2:54:37 PM : ping
5/9/2021 2:54:38 PM : ping
5/9/2021 2:54:38 PM : ping
5/9/2021 2:54:38 PM : ping
5/9/2021 2:54:39 PM : ping
5/9/2021 2:54:39 PM : ping
5/9/2021 2:54:39 PM : ping
5/9/2021 2:54:40 PM : ping
5/9/2021 2:54:40 PM : ping
5/9/2021 2:54:40 PM : ping
5/9/2021 2:54:41 PM : ping
5/9/2021 2:54:41 PM : ping
5/9/2021 2:54:41 PM : ping
5/9/2021 2:54:43 PM : ping
5/9/2021 2:54:43 PM : ping
5/9/2021 2:54:43 PM : ping
5/9/2021 2:54:44 PM : ping
5/9/2021 2:54:44 PM : ping
5/9/2021 2:54:44 PM : ping
5/9/2021 2:54:45 PM : ping
5/9/2021 2:54:45 PM : ping
5/9/2021 2:54:45 PM : ping
5/9/2021 2:54:46 PM : ping
5/9/2021 2:54:46 PM : ping
5/9/2021 2:54:46 PM : ping
5/9/2021 2:54:47 PM : ping
5/9/2021 2:54:47 PM : ping
5/9/2021 2:54:47 PM : ping
5/9/2021 2:54:48 PM : ping
5/9/2021 2:54:48 PM : ping
5/9/2021 2:54:48 PM : ping
5/9/2021 2:54:49 PM : ping
5/9/2021 2:54:49 PM : ping
5/9/2021 2:54:49 PM : ping
5/9/2021 2:54:51 PM : ping
5/9/2021 2:54:51 PM : ping
5/9/2021 2:54:51 PM : ping
5/9/2021 2:54:52 PM : ping
5/9/2021 2:54:52 PM : ping
5/9/2021 2:54:52 PM : ping
5/9/2021 2:54:53 PM : ping
5/9/2021 2:54:53 PM : ping
5/9/2021 2:54:53 PM : ping
5/9/2021 2:54:54 PM : ping
5/9/2021 2:54:54 PM : ping
5/9/2021 2:54:54 PM : ping
5/9/2021 2:54:55 PM : ping
5/9/2021 2:54:55 PM : ping
5/9/2021 2:54:55 PM : ping
5/9/2021 2:54:56 PM : ping
5/9/2021 2:54:56 PM : ping
5/9/2021 2:54:56 PM : ping
5/9/2021 2:54:57 PM : ping
5/9/2021 2:54:57 PM : ping
5/9/2021 2:54:57 PM : ping
5/9/2021 2:54:59 PM : ping
5/9/2021 2:54:59 PM : ping
5/9/2021 2:54:59 PM : ping
5/9/2021 2:55:00 PM : ping
5/9/2021 2:55:00 PM : ping
5/9/2021 2:55:00 PM : ping
5/9/2021 2:55:01 PM : ping
5/9/2021 2:55:01 PM : ping
5/9/2021 2:55:01 PM : ping
5/9/2021 2:55:02 PM : ping
5/9/2021 2:55:02 PM : ping
5/9/2021 2:55:02 PM : ping
5/9/2021 2:55:03 PM : ping
5/9/2021 2:55:03 PM : ping
5/9/2021 2:55:03 PM : ping
5/9/2021 2:55:04 PM : ping
5/9/2021 2:55:04 PM : ping
5/9/2021 2:55:04 PM : ping
5/9/2021 2:55:05 PM : ping
5/9/2021 2:55:05 PM : ping
5/9/2021 2:55:05 PM : ping
5/9/2021 2:55:07 PM : ping
5/9/2021 2:55:07 PM : ping
5/9/2021 2:55:07 PM : ping
5/9/2021 2:55:08 PM : ping
5/9/2021 2:55:08 PM : ping
5/9/2021 2:55:08 PM : ping
5/9/2021 2:55:09 PM : ping
5/9/2021 2:55:09 PM : ping
5/9/2021 2:55:09 PM : ping
5/9/2021 2:55:10 PM : ping
5/9/2021 2:55:10 PM : ping
5/9/2021 2:55:10 PM : ping
5/9/2021 2:55:11 PM : ping
5/9/2021 2:55:11 PM : ping
5/9/2021 2:55:11 PM : ping
5/9/2021 2:55:12 PM : ping
5/9/2021 2:55:12 PM : ping
5/9/2021 2:55:12 PM : ping
5/9/2021 2:55:14 PM : ping
5/9/2021 2:55:14 PM : ping
5/9/2021 2:55:14 PM : ping
5/9/2021 2:55:15 PM : ping
5/9/2021 2:55:15 PM : ping
5/9/2021 2:55:15 PM : ping
5/9/2021 2:55:16 PM : ping
5/9/2021 2:55:16 PM : ping
5/9/2021 2:55:16 PM : ping
5/9/2021 2:55:17 PM : ping
5/9/2021 2:55:17 PM : ping
5/9/2021 2:55:17 PM : ping
5/9/2021 2:55:18 PM : ping
5/9/2021 2:55:18 PM : ping
5/9/2021 2:55:18 PM : ping
5/9/2021 2:55:19 PM : ping
5/9/2021 2:55:19 PM : ping
5/9/2021 2:55:19 PM : ping
5/9/2021 2:55:20 PM : ping
5/9/2021 2:55:20 PM : ping
5/9/2021 2:55:20 PM : ping
5/9/2021 2:55:22 PM : ping
5/9/2021 2:55:22 PM : ping
5/9/2021 2:55:22 PM : ping
5/9/2021 2:55:23 PM : ping
5/9/2021 2:55:23 PM : ping
5/9/2021 2:55:23 PM : ping
5/9/2021 2:55:24 PM : ping
5/9/2021 2:55:24 PM : ping
5/9/2021 2:55:24 PM : ping
5/9/2021 2:55:25 PM : ping
5/9/2021 2:55:25 PM : ping
5/9/2021 2:55:25 PM : ping
5/9/2021 2:55:26 PM : ping
5/9/2021 2:55:26 PM : ping
5/9/2021 2:55:26 PM : ping
5/9/2021 2:55:27 PM : ping
5/9/2021 2:55:27 PM : ping
5/9/2021 2:55:27 PM : ping
5/9/2021 2:55:28 PM : ping
5/9/2021 2:55:28 PM : ping
5/9/2021 2:55:28 PM : ping
5/9/2021 2:55:30 PM : ping
5/9/2021 2:55:30 PM : ping
5/9/2021 2:55:30 PM : ping
5/9/2021 2:55:31 PM : ping
5/9/2021 2:55:31 PM : ping
5/9/2021 2:55:31 PM : ping
5/9/2021 2:55:32 PM : ping
5/9/2021 2:55:32 PM : ping
5/9/2021 2:55:32 PM : ping
5/9/2021 2:55:33 PM : ping
5/9/2021 2:55:33 PM : ping
5/9/2021 2:55:33 PM : ping
5/9/2021 2:55:34 PM : ping
5/9/2021 2:55:34 PM : ping
5/9/2021 2:55:34 PM : ping
5/9/2021 2:55:35 PM : ping
5/9/2021 2:55:35 PM : ping
5/9/2021 2:55:35 PM : ping
5/9/2021 2:55:36 PM : ping
5/9/2021 2:55:36 PM : ping
5/9/2021 2:55:36 PM : ping
5/9/2021 2:55:38 PM : ping
5/9/2021 2:55:38 PM : ping
5/9/2021 2:55:38 PM : ping
5/9/2021 2:55:39 PM : ping
5/9/2021 2:55:39 PM : ping
5/9/2021 2:55:39 PM : ping
5/9/2021 2:55:40 PM : ping
5/9/2021 2:55:40 PM : ping
5/9/2021 2:55:40 PM : ping
5/9/2021 2:55:41 PM : ping
5/9/2021 2:55:41 PM : ping
5/9/2021 2:55:41 PM : ping
5/9/2021 2:55:42 PM : ping
5/9/2021 2:55:42 PM : ping
5/9/2021 2:55:42 PM : ping
5/9/2021 2:55:43 PM : ping
5/9/2021 2:55:43 PM : ping
5/9/2021 2:55:43 PM : ping
5/9/2021 2:55:45 PM : ping
5/9/2021 2:55:45 PM : ping
5/9/2021 2:55:45 PM : ping
5/9/2021 2:55:46 PM : ping
5/9/2021 2:55:46 PM : ping
5/9/2021 2:55:46 PM : ping
5/9/2021 2:55:47 PM : ping
5/9/2021 2:55:47 PM : ping
5/9/2021 2:55:47 PM : ping
5/9/2021 2:55:48 PM : ping
5/9/2021 2:55:48 PM : ping
5/9/2021 2:55:48 PM : ping
5/9/2021 2:55:49 PM : ping
5/9/2021 2:55:49 PM : ping
5/9/2021 2:55:49 PM : ping
5/9/2021 2:55:50 PM : ping
5/9/2021 2:55:50 PM : ping
5/9/2021 2:55:50 PM : ping
5/9/2021 2:55:51 PM : ping
5/9/2021 2:55:51 PM : ping
5/9/2021 2:55:51 PM : ping
5/9/2021 2:55:53 PM : ping
5/9/2021 2:55:53 PM : ping
5/9/2021 2:55:53 PM : ping
5/9/2021 2:55:54 PM : ping
5/9/2021 2:55:54 PM : ping
5/9/2021 2:55:54 PM : ping
5/9/2021 2:55:55 PM : ping
5/9/2021 2:55:55 PM : ping
5/9/2021 2:55:55 PM : ping
5/9/2021 2:55:56 PM : ping
5/9/2021 2:55:56 PM : ping
5/9/2021 2:55:56 PM : ping
5/9/2021 2:55:57 PM : ping
5/9/2021 2:55:57 PM : ping
5/9/2021 2:55:57 PM : ping
5/9/2021 2:55:58 PM : ping
5/9/2021 2:55:58 PM : ping
5/9/2021 2:55:58 PM : ping
5/9/2021 2:55:59 PM : ping
5/9/2021 2:55:59 PM : ping
5/9/2021 2:55:59 PM : ping
5/9/2021 2:56:01 PM : ping
5/9/2021 2:56:01 PM : ping
5/9/2021 2:56:01 PM : ping
5/9/2021 2:56:02 PM : ping
5/9/2021 2:56:02 PM : ping
5/9/2021 2:56:02 PM : ping
5/9/2021 2:56:03 PM : ping
5/9/2021 2:56:03 PM : ping
5/9/2021 2:56:03 PM : ping
5/9/2021 2:56:04 PM : ping
5/9/2021 2:56:04 PM : ping
5/9/2021 2:56:04 PM : ping
5/9/2021 2:56:05 PM : ping
5/9/2021 2:56:05 PM : ping
5/9/2021 2:56:05 PM : ping
5/9/2021 2:56:06 PM : ping
5/9/2021 2:56:06 PM : ping
5/9/2021 2:56:06 PM : ping
5/9/2021 2:56:07 PM : ping
5/9/2021 2:56:07 PM : ping
5/9/2021 2:56:07 PM : ping
5/9/2021 2:56:09 PM : ping
5/9/2021 2:56:09 PM : ping
5/9/2021 2:56:09 PM : ping
5/9/2021 2:56:10 PM : ping
5/9/2021 2:56:10 PM : ping
5/9/2021 2:56:10 PM : ping
5/9/2021 2:56:11 PM : ping
5/9/2021 2:56:11 PM : ping
5/9/2021 2:56:11 PM : ping
5/9/2021 2:56:12 PM : ping
5/9/2021 2:56:12 PM : ping
5/9/2021 2:56:12 PM : ping
5/9/2021 2:56:13 PM : ping
5/9/2021 2:56:13 PM : ping
5/9/2021 2:56:13 PM : ping
5/9/2021 2:56:14 PM : ping
5/9/2021 2:56:14 PM : ping
5/9/2021 2:56:14 PM : ping
5/9/2021 2:56:16 PM : ping
5/9/2021 2:56:16 PM : ping
5/9/2021 2:56:16 PM : ping
5/9/2021 2:56:17 PM : ping
5/9/2021 2:56:17 PM : ping
5/9/2021 2:56:17 PM : ping
5/9/2021 2:56:18 PM : ping
5/9/2021 2:56:18 PM : ping
5/9/2021 2:56:18 PM : ping
5/9/2021 2:56:19 PM : ping
5/9/2021 2:56:19 PM : ping
5/9/2021 2:56:19 PM : ping
5/9/2021 2:56:20 PM : ping
5/9/2021 2:56:20 PM : ping
5/9/2021 2:56:20 PM : ping
5/9/2021 2:56:21 PM : ping
5/9/2021 2:56:21 PM : ping
5/9/2021 2:56:21 PM : ping
5/9/2021 2:56:22 PM : ping
5/9/2021 2:56:22 PM : ping
5/9/2021 2:56:22 PM : ping
5/9/2021 2:56:24 PM : ping
5/9/2021 2:56:24 PM : ping
5/9/2021 2:56:24 PM : ping
5/9/2021 2:56:25 PM : ping
5/9/2021 2:56:25 PM : ping
5/9/2021 2:56:25 PM : ping
5/9/2021 2:56:26 PM : ping
5/9/2021 2:56:26 PM : ping
5/9/2021 2:56:26 PM : ping
5/9/2021 2:56:27 PM : ping
5/9/2021 2:56:27 PM : ping
5/9/2021 2:56:27 PM : launch server at port: 7037
5/9/2021 2:56:27 PM : ping
5/9/2021 2:56:28 PM : launch server at port: 7038
5/9/2021 2:56:28 PM : ping
5/9/2021 2:56:28 PM : ping
5/9/2021 2:56:28 PM : ping
5/9/2021 2:56:29 PM : ping
5/9/2021 2:56:29 PM : ping
5/9/2021 2:56:29 PM : ping
5/9/2021 2:56:31 PM : ping
5/9/2021 2:56:31 PM : ping
5/9/2021 2:56:31 PM : ping
5/9/2021 2:56:32 PM : ping
5/9/2021 2:56:32 PM : ping
5/9/2021 2:56:32 PM : ping
5/9/2021 2:56:33 PM : ping
5/9/2021 2:56:33 PM : ping
5/9/2021 2:56:33 PM : ping
5/9/2021 2:56:33 PM : launch server at port: 7039
5/9/2021 2:56:33 PM : launch server at port: 7040
5/9/2021 2:56:34 PM : ping
5/9/2021 2:56:34 PM : ping
5/9/2021 2:56:34 PM : ping
5/9/2021 2:56:35 PM : ping
5/9/2021 2:56:35 PM : ping
5/9/2021 2:56:35 PM : ping
5/9/2021 2:56:36 PM : ping
5/9/2021 2:56:36 PM : ping
5/9/2021 2:56:36 PM : ping
5/9/2021 2:56:38 PM : ping
5/9/2021 2:56:38 PM : ping
5/9/2021 2:56:38 PM : ping
5/9/2021 2:56:39 PM : ping
5/9/2021 2:56:39 PM : ping
5/9/2021 2:56:39 PM : ping
5/9/2021 2:56:39 PM : launch server at port: 7041
5/9/2021 2:56:40 PM : launch server at port: 7042
5/9/2021 2:56:40 PM : ping
5/9/2021 2:56:40 PM : ping
5/9/2021 2:56:40 PM : ping
5/9/2021 2:56:41 PM : ping
5/9/2021 2:56:41 PM : ping
5/9/2021 2:56:41 PM : ping
5/9/2021 2:56:42 PM : ping
5/9/2021 2:56:42 PM : ping
5/9/2021 2:56:42 PM : ping
5/9/2021 2:56:43 PM : ping
5/9/2021 2:56:43 PM : ping
5/9/2021 2:56:43 PM : ping
5/9/2021 2:56:45 PM : ping
5/9/2021 2:56:45 PM : ping
5/9/2021 2:56:45 PM : ping
5/9/2021 2:56:46 PM : ping
5/9/2021 2:56:46 PM : ping
5/9/2021 2:56:46 PM : ping
5/9/2021 2:56:47 PM : ping
5/9/2021 2:56:47 PM : ping
5/9/2021 2:56:47 PM : ping
5/9/2021 2:56:48 PM : ping
5/9/2021 2:56:48 PM : ping
5/9/2021 2:56:48 PM : ping
5/9/2021 2:56:49 PM : ping
5/9/2021 2:56:49 PM : ping
5/9/2021 2:56:49 PM : ping
5/9/2021 2:56:50 PM : ping
5/9/2021 2:56:50 PM : ping
5/9/2021 2:56:50 PM : ping
5/9/2021 2:56:52 PM : ping
5/9/2021 2:56:52 PM : ping
5/9/2021 2:56:52 PM : ping
5/9/2021 2:56:53 PM : ping
5/9/2021 2:56:53 PM : ping
5/9/2021 2:56:53 PM : ping
5/9/2021 2:56:54 PM : ping
5/9/2021 2:56:54 PM : ping
5/9/2021 2:56:54 PM : ping
5/9/2021 2:56:55 PM : ping
5/9/2021 2:56:55 PM : ping
5/9/2021 2:56:55 PM : ping
5/9/2021 2:56:56 PM : ping
5/9/2021 2:56:56 PM : ping
5/9/2021 2:56:56 PM : ping
5/9/2021 2:56:57 PM : ping
5/9/2021 2:56:57 PM : ping
5/9/2021 2:56:57 PM : ping
5/9/2021 2:56:59 PM : ping
5/9/2021 2:56:59 PM : ping
5/9/2021 2:56:59 PM : ping
5/9/2021 2:57:00 PM : ping
5/9/2021 2:57:00 PM : ping
5/9/2021 2:57:00 PM : ping
5/9/2021 2:57:01 PM : ping
5/9/2021 2:57:01 PM : ping
5/9/2021 2:57:01 PM : ping
5/9/2021 2:57:02 PM : ping
5/9/2021 2:57:02 PM : ping
5/9/2021 2:57:02 PM : ping
5/9/2021 2:57:03 PM : ping
5/9/2021 2:57:03 PM : ping
5/9/2021 2:57:03 PM : ping
5/9/2021 2:57:04 PM : ping
5/9/2021 2:57:04 PM : ping
5/9/2021 2:57:04 PM : ping
5/9/2021 2:57:05 PM : ping
5/9/2021 2:57:05 PM : ping
5/9/2021 2:57:05 PM : ping
5/9/2021 2:57:07 PM : ping
5/9/2021 2:57:07 PM : ping
5/9/2021 2:57:07 PM : ping
5/9/2021 2:57:08 PM : ping
5/9/2021 2:57:08 PM : ping
5/9/2021 2:57:08 PM : ping
5/9/2021 2:57:09 PM : ping
5/9/2021 2:57:09 PM : ping
5/9/2021 2:57:09 PM : ping
5/9/2021 2:57:10 PM : ping
5/9/2021 2:57:10 PM : ping
5/9/2021 2:57:10 PM : ping
5/9/2021 2:57:11 PM : ping
5/9/2021 2:57:11 PM : ping
5/9/2021 2:57:11 PM : ping
5/9/2021 2:57:12 PM : ping
5/9/2021 2:57:12 PM : ping
5/9/2021 2:57:12 PM : ping
5/9/2021 2:57:13 PM : ping
5/9/2021 2:57:13 PM : ping
5/9/2021 2:57:13 PM : ping
5/9/2021 2:57:15 PM : ping
5/9/2021 2:57:15 PM : ping
5/9/2021 2:57:15 PM : ping
5/9/2021 2:57:16 PM : ping
5/9/2021 2:57:16 PM : ping
5/9/2021 2:57:16 PM : ping
5/9/2021 2:57:17 PM : ping
5/9/2021 2:57:17 PM : ping
5/9/2021 2:57:17 PM : ping
5/9/2021 2:57:18 PM : kService.requestChannels.Count :163
5/9/2021 2:57:18 PM : kService.requestChannels.Count :163
5/9/2021 2:57:18 PM : kService.requestChannels.Count :162
5/9/2021 2:57:18 PM : kService.requestChannels.Count :162
5/9/2021 2:57:18 PM : ping
5/9/2021 2:57:18 PM : ping
5/9/2021 2:57:18 PM : ping
5/9/2021 2:57:18 PM : kService.requestChannels.Count :161
5/9/2021 2:57:18 PM : kService.requestChannels.Count :161
5/9/2021 2:57:18 PM : kService.requestChannels.Count :160
5/9/2021 2:57:18 PM : kService.requestChannels.Count :160
5/9/2021 2:57:19 PM : kService.requestChannels.Count :159
5/9/2021 2:57:19 PM : kService.requestChannels.Count :159
5/9/2021 2:57:19 PM : kService.requestChannels.Count :158
5/9/2021 2:57:19 PM : kService.requestChannels.Count :158
5/9/2021 2:57:19 PM : kService.requestChannels.Count :157
5/9/2021 2:57:19 PM : kService.requestChannels.Count :157
5/9/2021 2:57:19 PM : kService.requestChannels.Count :156
5/9/2021 2:57:19 PM : kService.requestChannels.Count :156
5/9/2021 2:57:19 PM : kService.requestChannels.Count :155
5/9/2021 2:57:19 PM : kService.requestChannels.Count :155
5/9/2021 2:57:19 PM : kService.requestChannels.Count :154
5/9/2021 2:57:19 PM : kService.requestChannels.Count :154
5/9/2021 2:57:19 PM : kService.requestChannels.Count :153
5/9/2021 2:57:19 PM : kService.requestChannels.Count :153
5/9/2021 2:57:19 PM : kService.requestChannels.Count :152
5/9/2021 2:57:19 PM : kService.requestChannels.Count :152
5/9/2021 2:57:19 PM : kService.requestChannels.Count :151
5/9/2021 2:57:19 PM : kService.requestChannels.Count :151
5/9/2021 2:57:19 PM : kService.requestChannels.Count :150
5/9/2021 2:57:19 PM : kService.requestChannels.Count :150
5/9/2021 2:57:19 PM : ping
5/9/2021 2:57:19 PM : ping
5/9/2021 2:57:19 PM : ping
5/9/2021 2:57:19 PM : kService.requestChannels.Count :149
5/9/2021 2:57:19 PM : kService.requestChannels.Count :149
5/9/2021 2:57:19 PM : kService.requestChannels.Count :148
5/9/2021 2:57:19 PM : kService.requestChannels.Count :148
5/9/2021 2:57:19 PM : kService.requestChannels.Count :147
5/9/2021 2:57:19 PM : kService.requestChannels.Count :147
5/9/2021 2:57:19 PM : kService.requestChannels.Count :146
5/9/2021 2:57:19 PM : kService.requestChannels.Count :146
5/9/2021 2:57:19 PM : kService.requestChannels.Count :145
5/9/2021 2:57:19 PM : kService.requestChannels.Count :145
5/9/2021 2:57:19 PM : kService.requestChannels.Count :144
5/9/2021 2:57:19 PM : kService.requestChannels.Count :144
5/9/2021 2:57:19 PM : kService.requestChannels.Count :143
5/9/2021 2:57:19 PM : kService.requestChannels.Count :143
5/9/2021 2:57:19 PM : kService.requestChannels.Count :142
5/9/2021 2:57:19 PM : kService.requestChannels.Count :142
5/9/2021 2:57:19 PM : kService.requestChannels.Count :141
5/9/2021 2:57:19 PM : kService.requestChannels.Count :141
5/9/2021 2:57:20 PM : kService.requestChannels.Count :140
5/9/2021 2:57:20 PM : kService.requestChannels.Count :140
5/9/2021 2:57:20 PM : kService.requestChannels.Count :139
5/9/2021 2:57:20 PM : kService.requestChannels.Count :139
5/9/2021 2:57:20 PM : kService.requestChannels.Count :138
5/9/2021 2:57:20 PM : kService.requestChannels.Count :138
5/9/2021 2:57:20 PM : kService.requestChannels.Count :137
5/9/2021 2:57:20 PM : kService.requestChannels.Count :137
5/9/2021 2:57:20 PM : kService.requestChannels.Count :136
5/9/2021 2:57:20 PM : kService.requestChannels.Count :136
5/9/2021 2:57:20 PM : kService.requestChannels.Count :135
5/9/2021 2:57:20 PM : kService.requestChannels.Count :135
5/9/2021 2:57:20 PM : kService.requestChannels.Count :134
5/9/2021 2:57:20 PM : kService.requestChannels.Count :134
5/9/2021 2:57:20 PM : kService.requestChannels.Count :133
5/9/2021 2:57:20 PM : kService.requestChannels.Count :133
5/9/2021 2:57:20 PM : kService.requestChannels.Count :132
5/9/2021 2:57:20 PM : kService.requestChannels.Count :132
5/9/2021 2:57:20 PM : kService.requestChannels.Count :131
5/9/2021 2:57:20 PM : kService.requestChannels.Count :131
5/9/2021 2:57:20 PM : kService.requestChannels.Count :130
5/9/2021 2:57:20 PM : kService.requestChannels.Count :130
5/9/2021 2:57:20 PM : ping
5/9/2021 2:57:20 PM : ping
5/9/2021 2:57:20 PM : ping
5/9/2021 2:57:20 PM : kService.requestChannels.Count :129
5/9/2021 2:57:20 PM : kService.requestChannels.Count :129
5/9/2021 2:57:20 PM : kService.requestChannels.Count :128
5/9/2021 2:57:20 PM : kService.requestChannels.Count :128
5/9/2021 2:57:20 PM : kService.requestChannels.Count :127
5/9/2021 2:57:20 PM : kService.requestChannels.Count :127
5/9/2021 2:57:20 PM : kService.requestChannels.Count :126
5/9/2021 2:57:20 PM : kService.requestChannels.Count :126
5/9/2021 2:57:20 PM : kService.requestChannels.Count :125
5/9/2021 2:57:20 PM : kService.requestChannels.Count :125
5/9/2021 2:57:21 PM : kService.requestChannels.Count :124
5/9/2021 2:57:21 PM : kService.requestChannels.Count :124
5/9/2021 2:57:21 PM : kService.requestChannels.Count :123
5/9/2021 2:57:21 PM : kService.requestChannels.Count :123
5/9/2021 2:57:21 PM : kService.requestChannels.Count :122
5/9/2021 2:57:21 PM : kService.requestChannels.Count :122
5/9/2021 2:57:21 PM : kService.requestChannels.Count :121
5/9/2021 2:57:21 PM : kService.requestChannels.Count :121
5/9/2021 2:57:21 PM : kService.requestChannels.Count :120
5/9/2021 2:57:21 PM : kService.requestChannels.Count :120
5/9/2021 2:57:21 PM : kService.requestChannels.Count :119
5/9/2021 2:57:21 PM : kService.requestChannels.Count :119
5/9/2021 2:57:21 PM : kService.requestChannels.Count :118
5/9/2021 2:57:21 PM : kService.requestChannels.Count :118
5/9/2021 2:57:21 PM : ping
5/9/2021 2:57:21 PM : ping
5/9/2021 2:57:21 PM : ping
5/9/2021 2:57:21 PM : kService.requestChannels.Count :117
5/9/2021 2:57:21 PM : kService.requestChannels.Count :117
5/9/2021 2:57:21 PM : kService.requestChannels.Count :116
5/9/2021 2:57:21 PM : kService.requestChannels.Count :116
5/9/2021 2:57:21 PM : kService.requestChannels.Count :115
5/9/2021 2:57:21 PM : kService.requestChannels.Count :115
5/9/2021 2:57:21 PM : kService.requestChannels.Count :114
5/9/2021 2:57:21 PM : kService.requestChannels.Count :114
5/9/2021 2:57:22 PM : kService.requestChannels.Count :113
5/9/2021 2:57:22 PM : kService.requestChannels.Count :113
5/9/2021 2:57:22 PM : kService.requestChannels.Count :112
5/9/2021 2:57:22 PM : kService.requestChannels.Count :112
5/9/2021 2:57:22 PM : kService.requestChannels.Count :111
5/9/2021 2:57:22 PM : kService.requestChannels.Count :111
5/9/2021 2:57:22 PM : kService.requestChannels.Count :110
5/9/2021 2:57:22 PM : kService.requestChannels.Count :110
5/9/2021 2:57:22 PM : kService.requestChannels.Count :109
5/9/2021 2:57:22 PM : kService.requestChannels.Count :109
5/9/2021 2:57:22 PM : kService.requestChannels.Count :108
5/9/2021 2:57:22 PM : kService.requestChannels.Count :108
5/9/2021 2:57:22 PM : kService.requestChannels.Count :107
5/9/2021 2:57:22 PM : kService.requestChannels.Count :107
5/9/2021 2:57:22 PM : kService.requestChannels.Count :106
5/9/2021 2:57:22 PM : kService.requestChannels.Count :106
5/9/2021 2:57:22 PM : ping
5/9/2021 2:57:22 PM : ping
5/9/2021 2:57:22 PM : ping
5/9/2021 2:57:22 PM : kService.requestChannels.Count :105
5/9/2021 2:57:22 PM : kService.requestChannels.Count :105
5/9/2021 2:57:22 PM : kService.requestChannels.Count :104
5/9/2021 2:57:22 PM : kService.requestChannels.Count :104
5/9/2021 2:57:23 PM : kService.requestChannels.Count :103
5/9/2021 2:57:23 PM : kService.requestChannels.Count :103
5/9/2021 2:57:23 PM : kService.requestChannels.Count :102
5/9/2021 2:57:23 PM : kService.requestChannels.Count :102
5/9/2021 2:57:23 PM : kService.requestChannels.Count :101
5/9/2021 2:57:23 PM : kService.requestChannels.Count :101
5/9/2021 2:57:23 PM : kService.requestChannels.Count :100
5/9/2021 2:57:23 PM : kService.requestChannels.Count :100
5/9/2021 2:57:23 PM : kService.requestChannels.Count :99
5/9/2021 2:57:23 PM : kService.requestChannels.Count :99
5/9/2021 2:57:23 PM : kService.requestChannels.Count :98
5/9/2021 2:57:23 PM : kService.requestChannels.Count :98
5/9/2021 2:57:23 PM : kService.requestChannels.Count :97
5/9/2021 2:57:23 PM : kService.requestChannels.Count :97
5/9/2021 2:57:23 PM : kService.requestChannels.Count :96
5/9/2021 2:57:23 PM : kService.requestChannels.Count :96
5/9/2021 2:57:23 PM : kService.requestChannels.Count :95
5/9/2021 2:57:23 PM : kService.requestChannels.Count :95
5/9/2021 2:57:23 PM : kService.requestChannels.Count :94
5/9/2021 2:57:23 PM : kService.requestChannels.Count :94
5/9/2021 2:57:23 PM : kService.requestChannels.Count :93
5/9/2021 2:57:23 PM : kService.requestChannels.Count :93
5/9/2021 2:57:23 PM : kService.requestChannels.Count :92
5/9/2021 2:57:23 PM : kService.requestChannels.Count :92
5/9/2021 2:57:23 PM : kService.requestChannels.Count :91
5/9/2021 2:57:23 PM : kService.requestChannels.Count :91
5/9/2021 2:57:23 PM : kService.requestChannels.Count :90
5/9/2021 2:57:23 PM : kService.requestChannels.Count :90
5/9/2021 2:57:23 PM : kService.requestChannels.Count :89
5/9/2021 2:57:23 PM : kService.requestChannels.Count :89
5/9/2021 2:57:23 PM : kService.requestChannels.Count :88
5/9/2021 2:57:23 PM : kService.requestChannels.Count :88
5/9/2021 2:57:23 PM : ping
5/9/2021 2:57:23 PM : ping
5/9/2021 2:57:23 PM : ping
5/9/2021 2:57:23 PM : kService.requestChannels.Count :87
5/9/2021 2:57:23 PM : kService.requestChannels.Count :87
5/9/2021 2:57:23 PM : kService.requestChannels.Count :86
5/9/2021 2:57:23 PM : kService.requestChannels.Count :86
5/9/2021 2:57:23 PM : kService.requestChannels.Count :85
5/9/2021 2:57:23 PM : kService.requestChannels.Count :85
5/9/2021 2:57:24 PM : kService.requestChannels.Count :84
5/9/2021 2:57:24 PM : kService.requestChannels.Count :84
5/9/2021 2:57:24 PM : kService.requestChannels.Count :83
5/9/2021 2:57:24 PM : kService.requestChannels.Count :83
5/9/2021 2:57:24 PM : kService.requestChannels.Count :82
5/9/2021 2:57:24 PM : kService.requestChannels.Count :82
5/9/2021 2:57:24 PM : kService.requestChannels.Count :81
5/9/2021 2:57:24 PM : kService.requestChannels.Count :81
5/9/2021 2:57:24 PM : kService.requestChannels.Count :80
5/9/2021 2:57:24 PM : kService.requestChannels.Count :80
5/9/2021 2:57:24 PM : kService.requestChannels.Count :79
5/9/2021 2:57:24 PM : kService.requestChannels.Count :79
5/9/2021 2:57:24 PM : kService.requestChannels.Count :78
5/9/2021 2:57:24 PM : kService.requestChannels.Count :78
5/9/2021 2:57:24 PM : kService.requestChannels.Count :77
5/9/2021 2:57:24 PM : kService.requestChannels.Count :77
5/9/2021 2:57:24 PM : kService.requestChannels.Count :76
5/9/2021 2:57:24 PM : kService.requestChannels.Count :76
5/9/2021 2:57:24 PM : kService.requestChannels.Count :75
5/9/2021 2:57:24 PM : kService.requestChannels.Count :75
5/9/2021 2:57:25 PM : ping
5/9/2021 2:57:25 PM : ping
5/9/2021 2:57:25 PM : kService.requestChannels.Count :74
5/9/2021 2:57:25 PM : kService.requestChannels.Count :74
5/9/2021 2:57:25 PM : ping
5/9/2021 2:57:25 PM : kService.requestChannels.Count :73
5/9/2021 2:57:25 PM : kService.requestChannels.Count :73
5/9/2021 2:57:25 PM : kService.requestChannels.Count :72
5/9/2021 2:57:25 PM : kService.requestChannels.Count :72
5/9/2021 2:57:25 PM : kService.requestChannels.Count :71
5/9/2021 2:57:25 PM : kService.requestChannels.Count :71
5/9/2021 2:57:25 PM : kService.requestChannels.Count :70
5/9/2021 2:57:25 PM : kService.requestChannels.Count :70
5/9/2021 2:57:25 PM : kService.requestChannels.Count :69
5/9/2021 2:57:25 PM : kService.requestChannels.Count :69
5/9/2021 2:57:25 PM : kService.requestChannels.Count :68
5/9/2021 2:57:25 PM : kService.requestChannels.Count :68
5/9/2021 2:57:25 PM : kService.requestChannels.Count :67
5/9/2021 2:57:25 PM : kService.requestChannels.Count :67
5/9/2021 2:57:25 PM : kService.requestChannels.Count :66
5/9/2021 2:57:25 PM : kService.requestChannels.Count :66
5/9/2021 2:57:25 PM : kService.requestChannels.Count :65
5/9/2021 2:57:25 PM : kService.requestChannels.Count :65
5/9/2021 2:57:25 PM : kService.requestChannels.Count :64
5/9/2021 2:57:25 PM : kService.requestChannels.Count :64
5/9/2021 2:57:25 PM : kService.requestChannels.Count :63
5/9/2021 2:57:25 PM : kService.requestChannels.Count :63
5/9/2021 2:57:25 PM : kService.requestChannels.Count :62
5/9/2021 2:57:25 PM : kService.requestChannels.Count :62
5/9/2021 2:57:25 PM : kService.requestChannels.Count :61
5/9/2021 2:57:25 PM : kService.requestChannels.Count :61
5/9/2021 2:57:25 PM : kService.requestChannels.Count :60
5/9/2021 2:57:25 PM : kService.requestChannels.Count :60
5/9/2021 2:57:25 PM : kService.requestChannels.Count :59
5/9/2021 2:57:25 PM : kService.requestChannels.Count :59
5/9/2021 2:57:26 PM : kService.requestChannels.Count :58
5/9/2021 2:57:26 PM : kService.requestChannels.Count :58
5/9/2021 2:57:26 PM : kService.requestChannels.Count :57
5/9/2021 2:57:26 PM : kService.requestChannels.Count :57
5/9/2021 2:57:26 PM : ping
5/9/2021 2:57:26 PM : ping
5/9/2021 2:57:26 PM : ping
5/9/2021 2:57:26 PM : kService.requestChannels.Count :56
5/9/2021 2:57:26 PM : kService.requestChannels.Count :56
5/9/2021 2:57:26 PM : kService.requestChannels.Count :55
5/9/2021 2:57:26 PM : kService.requestChannels.Count :55
5/9/2021 2:57:26 PM : kService.requestChannels.Count :54
5/9/2021 2:57:26 PM : kService.requestChannels.Count :54
5/9/2021 2:57:26 PM : kService.requestChannels.Count :53
5/9/2021 2:57:26 PM : kService.requestChannels.Count :53
5/9/2021 2:57:26 PM : kService.requestChannels.Count :52
5/9/2021 2:57:26 PM : kService.requestChannels.Count :52
5/9/2021 2:57:26 PM : kService.requestChannels.Count :51
5/9/2021 2:57:26 PM : kService.requestChannels.Count :51
5/9/2021 2:57:26 PM : kService.requestChannels.Count :50
5/9/2021 2:57:26 PM : kService.requestChannels.Count :50
5/9/2021 2:57:26 PM : kService.requestChannels.Count :49
5/9/2021 2:57:26 PM : kService.requestChannels.Count :49
5/9/2021 2:57:26 PM : kService.requestChannels.Count :48
5/9/2021 2:57:26 PM : kService.requestChannels.Count :48
5/9/2021 2:57:26 PM : kService.requestChannels.Count :47
5/9/2021 2:57:26 PM : kService.requestChannels.Count :47
5/9/2021 2:57:26 PM : kService.requestChannels.Count :46
5/9/2021 2:57:26 PM : kService.requestChannels.Count :46
5/9/2021 2:57:26 PM : kService.requestChannels.Count :45
5/9/2021 2:57:26 PM : kService.requestChannels.Count :45
5/9/2021 2:57:26 PM : kService.requestChannels.Count :44
5/9/2021 2:57:26 PM : kService.requestChannels.Count :44
5/9/2021 2:57:26 PM : kService.requestChannels.Count :43
5/9/2021 2:57:26 PM : kService.requestChannels.Count :43
5/9/2021 2:57:27 PM : kService.requestChannels.Count :42
5/9/2021 2:57:27 PM : kService.requestChannels.Count :42
5/9/2021 2:57:27 PM : kService.requestChannels.Count :41
5/9/2021 2:57:27 PM : kService.requestChannels.Count :41
5/9/2021 2:57:27 PM : kService.requestChannels.Count :40
5/9/2021 2:57:27 PM : kService.requestChannels.Count :40
5/9/2021 2:57:27 PM : ping
5/9/2021 2:57:27 PM : ping
5/9/2021 2:57:27 PM : kService.requestChannels.Count :39
5/9/2021 2:57:27 PM : kService.requestChannels.Count :39
5/9/2021 2:57:27 PM : ping
5/9/2021 2:57:27 PM : kService.requestChannels.Count :38
5/9/2021 2:57:27 PM : kService.requestChannels.Count :38
5/9/2021 2:57:27 PM : kService.requestChannels.Count :37
5/9/2021 2:57:27 PM : kService.requestChannels.Count :37
5/9/2021 2:57:27 PM : kService.requestChannels.Count :36
5/9/2021 2:57:27 PM : kService.requestChannels.Count :36
5/9/2021 2:57:27 PM : kService.requestChannels.Count :35
5/9/2021 2:57:27 PM : kService.requestChannels.Count :35
5/9/2021 2:57:27 PM : kService.requestChannels.Count :34
5/9/2021 2:57:27 PM : kService.requestChannels.Count :34
5/9/2021 2:57:27 PM : kService.requestChannels.Count :33
5/9/2021 2:57:27 PM : kService.requestChannels.Count :33
5/9/2021 2:57:27 PM : kService.requestChannels.Count :32
5/9/2021 2:57:27 PM : kService.requestChannels.Count :32
5/9/2021 2:57:27 PM : kService.requestChannels.Count :31
5/9/2021 2:57:27 PM : kService.requestChannels.Count :31
5/9/2021 2:57:27 PM : kService.requestChannels.Count :30
5/9/2021 2:57:27 PM : kService.requestChannels.Count :30
5/9/2021 2:57:27 PM : kService.requestChannels.Count :29
5/9/2021 2:57:27 PM : kService.requestChannels.Count :29
5/9/2021 2:57:27 PM : kService.requestChannels.Count :28
5/9/2021 2:57:27 PM : kService.requestChannels.Count :28
5/9/2021 2:57:27 PM : kService.requestChannels.Count :27
5/9/2021 2:57:27 PM : kService.requestChannels.Count :27
5/9/2021 2:57:27 PM : kService.requestChannels.Count :26
5/9/2021 2:57:27 PM : kService.requestChannels.Count :26
5/9/2021 2:57:27 PM : kService.requestChannels.Count :25
5/9/2021 2:57:27 PM : kService.requestChannels.Count :25
5/9/2021 2:57:27 PM : kService.requestChannels.Count :24
5/9/2021 2:57:27 PM : kService.requestChannels.Count :24
5/9/2021 2:57:28 PM : kService.requestChannels.Count :23
5/9/2021 2:57:28 PM : kService.requestChannels.Count :23
5/9/2021 2:57:28 PM : kService.requestChannels.Count :22
5/9/2021 2:57:28 PM : kService.requestChannels.Count :22
5/9/2021 2:57:28 PM : kService.requestChannels.Count :21
5/9/2021 2:57:28 PM : kService.requestChannels.Count :21
5/9/2021 2:57:28 PM : kService.requestChannels.Count :20
5/9/2021 2:57:28 PM : kService.requestChannels.Count :20
5/9/2021 2:57:28 PM : kService.requestChannels.Count :19
5/9/2021 2:57:28 PM : kService.requestChannels.Count :19
5/9/2021 2:57:28 PM : kService.requestChannels.Count :18
5/9/2021 2:57:28 PM : kService.requestChannels.Count :18
5/9/2021 2:57:28 PM : kService.requestChannels.Count :17
5/9/2021 2:57:28 PM : kService.requestChannels.Count :17
5/9/2021 2:57:28 PM : kService.requestChannels.Count :16
5/9/2021 2:57:28 PM : kService.requestChannels.Count :16
5/9/2021 2:57:28 PM : ping
5/9/2021 2:57:28 PM : ping
5/9/2021 2:57:28 PM : ping
5/9/2021 2:57:28 PM : kService.requestChannels.Count :15
5/9/2021 2:57:28 PM : kService.requestChannels.Count :15
5/9/2021 2:57:28 PM : kService.requestChannels.Count :14
5/9/2021 2:57:28 PM : kService.requestChannels.Count :14
5/9/2021 2:57:28 PM : kService.requestChannels.Count :13
5/9/2021 2:57:28 PM : kService.requestChannels.Count :13
5/9/2021 2:57:28 PM : kService.requestChannels.Count :12
5/9/2021 2:57:28 PM : kService.requestChannels.Count :12
5/9/2021 2:57:28 PM : kService.requestChannels.Count :11
5/9/2021 2:57:28 PM : kService.requestChannels.Count :11
5/9/2021 2:57:29 PM : kService.requestChannels.Count :10
5/9/2021 2:57:29 PM : kService.requestChannels.Count :10
5/9/2021 2:57:29 PM : kService.requestChannels.Count :9
5/9/2021 2:57:29 PM : kService.requestChannels.Count :9
5/9/2021 2:57:29 PM : kService.requestChannels.Count :8
5/9/2021 2:57:29 PM : kService.requestChannels.Count :8
5/9/2021 2:57:29 PM : kService.requestChannels.Count :7
5/9/2021 2:57:29 PM : kService.requestChannels.Count :7
5/9/2021 2:57:29 PM : kService.requestChannels.Count :6
5/9/2021 2:57:29 PM : kService.requestChannels.Count :6
5/9/2021 2:57:29 PM : ping
5/9/2021 2:57:29 PM : ping
5/9/2021 2:57:29 PM : ping
5/9/2021 2:57:29 PM : kService.requestChannels.Count :5
5/9/2021 2:57:29 PM : kService.requestChannels.Count :5
5/9/2021 2:57:29 PM : kService.requestChannels.Count :4
5/9/2021 2:57:29 PM : kService.requestChannels.Count :4
5/9/2021 2:57:30 PM : kService.requestChannels.Count :3
5/9/2021 2:57:30 PM : kService.requestChannels.Count :3
5/9/2021 2:57:30 PM : kService.requestChannels.Count :2
5/9/2021 2:57:30 PM : kService.requestChannels.Count :2
5/9/2021 2:57:30 PM : kService.requestChannels.Count :1
5/9/2021 2:57:30 PM : kService.requestChannels.Count :1
5/9/2021 2:57:30 PM : kService.requestChannels.Count :0
5/9/2021 2:57:30 PM : kService.requestChannels.Count :0
5/9/2021 2:57:30 PM : ping
5/9/2021 2:57:30 PM : ping
5/9/2021 2:57:30 PM : ping
5/9/2021 2:57:31 PM : ping
5/9/2021 2:57:31 PM : ping
5/9/2021 2:57:31 PM : ping
5/9/2021 2:57:32 PM : ping
5/9/2021 2:57:32 PM : ping
5/9/2021 2:57:32 PM : ping
5/9/2021 2:57:33 PM : ping
5/9/2021 2:57:33 PM : ping
5/9/2021 2:57:33 PM : ping
5/9/2021 2:57:35 PM : ping
5/9/2021 2:57:35 PM : ping
5/9/2021 2:57:35 PM : ping
5/9/2021 2:57:36 PM : ping
5/9/2021 2:57:36 PM : ping
5/9/2021 2:57:36 PM : ping
5/9/2021 2:57:37 PM : ping
5/9/2021 2:57:37 PM : ping
5/9/2021 2:57:37 PM : ping
5/9/2021 2:57:38 PM : ping
5/9/2021 2:57:38 PM : ping
5/9/2021 2:57:38 PM : ping
5/9/2021 2:57:39 PM : ping
5/9/2021 2:57:39 PM : ping
5/9/2021 2:57:39 PM : ping
5/9/2021 2:57:40 PM : ping
5/9/2021 2:57:40 PM : ping
5/9/2021 2:57:40 PM : ping
5/9/2021 2:57:41 PM : ping
5/9/2021 2:57:41 PM : ping
5/9/2021 2:57:41 PM : ping
5/9/2021 2:57:42 PM : ping
5/9/2021 2:57:42 PM : ping
5/9/2021 2:57:42 PM : ping
5/9/2021 2:57:43 PM : ping
5/9/2021 2:57:43 PM : ping
5/9/2021 2:57:43 PM : ping
5/9/2021 2:57:45 PM : ping
5/9/2021 2:57:45 PM : ping
5/9/2021 2:57:45 PM : ping
5/9/2021 2:57:46 PM : ping
5/9/2021 2:57:46 PM : ping
5/9/2021 2:57:46 PM : ping
5/9/2021 2:57:47 PM : ping
5/9/2021 2:57:47 PM : ping
5/9/2021 2:57:47 PM : ping
5/9/2021 2:57:47 PM : ~KChannel()
5/9/2021 2:57:47 PM : ~KChannel()
5/9/2021 2:57:47 PM : ~KChannel()
5/9/2021 2:57:47 PM : ~KChannel()
5/9/2021 2:57:47 PM : ~KChannel()
5/9/2021 2:57:47 PM : ~KChannel()
5/9/2021 2:57:47 PM : ~KChannel()
5/9/2021 2:57:47 PM : ~KChannel()
5/9/2021 2:57:47 PM : ~KChannel()
5/9/2021 2:57:47 PM : ~KChannel()
5/9/2021 2:57:47 PM : ~KChannel()
5/9/2021 2:57:47 PM : ~KChannel()
5/9/2021 2:57:47 PM : ~KChannel()
5/9/2021 2:57:47 PM : ~KChannel()
5/9/2021 2:57:47 PM : ~KChannel()
5/9/2021 2:57:47 PM : ~KChannel()
5/9/2021 2:57:47 PM : ~KChannel()
5/9/2021 2:57:47 PM : ~KChannel()
5/9/2021 2:57:47 PM : ~KChannel()
5/9/2021 2:57:47 PM : ~KChannel()
5/9/2021 2:57:47 PM : ~KChannel()
5/9/2021 2:57:47 PM : ~KChannel()
5/9/2021 2:57:47 PM : ~KChannel()
5/9/2021 2:57:47 PM : ~KChannel()
5/9/2021 2:57:47 PM : ~KChannel()
5/9/2021 2:57:47 PM : ~KChannel()
5/9/2021 2:57:47 PM : ~KChannel()
5/9/2021 2:57:47 PM : ~KChannel()
5/9/2021 2:57:47 PM : ~KChannel()
5/9/2021 2:57:47 PM : ~KChannel()
5/9/2021 2:57:47 PM : ~KChannel()
5/9/2021 2:57:47 PM : ~KChannel()
5/9/2021 2:57:47 PM : ~KChannel()
5/9/2021 2:57:47 PM : ~KChannel()
5/9/2021 2:57:47 PM : ~KChannel()
5/9/2021 2:57:47 PM : ~KChannel()
5/9/2021 2:57:47 PM : ~KChannel()
5/9/2021 2:57:47 PM : ~KChannel()
5/9/2021 2:57:47 PM : ~KChannel()
5/9/2021 2:57:47 PM : ~KChannel()
5/9/2021 2:57:47 PM : ~KChannel()
5/9/2021 2:57:47 PM : ~KChannel()
5/9/2021 2:57:47 PM : ~KChannel()
5/9/2021 2:57:47 PM : ~KChannel()
5/9/2021 2:57:47 PM : ~KChannel()
5/9/2021 2:57:47 PM : ~KChannel()
5/9/2021 2:57:47 PM : ~KChannel()
5/9/2021 2:57:47 PM : ~KChannel()
5/9/2021 2:57:47 PM : ~KChannel()
5/9/2021 2:57:47 PM : ~KChannel()
5/9/2021 2:57:47 PM : ~KChannel()
5/9/2021 2:57:47 PM : ~KChannel()
5/9/2021 2:57:47 PM : ~KChannel()
5/9/2021 2:57:47 PM : ~KChannel()
5/9/2021 2:57:47 PM : ~KChannel()
5/9/2021 2:57:47 PM : ~KChannel()
5/9/2021 2:57:47 PM : ~KChannel()
5/9/2021 2:57:47 PM : ~KChannel()
5/9/2021 2:57:47 PM : ~KChannel()
5/9/2021 2:57:47 PM : ~KChannel()
5/9/2021 2:57:47 PM : ~KChannel()
5/9/2021 2:57:47 PM : ~KChannel()
5/9/2021 2:57:47 PM : ~KChannel()
5/9/2021 2:57:47 PM : ~KChannel()
5/9/2021 2:57:47 PM : ~KChannel()
5/9/2021 2:57:47 PM : ~KChannel()
5/9/2021 2:57:47 PM : ~KChannel()
5/9/2021 2:57:47 PM : ~KChannel()
5/9/2021 2:57:47 PM : ~KChannel()
5/9/2021 2:57:47 PM : ~KChannel()
5/9/2021 2:57:47 PM : ~KChannel()
5/9/2021 2:57:47 PM : ~KChannel()
5/9/2021 2:57:47 PM : ~KChannel()
5/9/2021 2:57:47 PM : ~KChannel()
5/9/2021 2:57:47 PM : ~KChannel()
5/9/2021 2:57:47 PM : ~KChannel()
5/9/2021 2:57:47 PM : ~KChannel()
5/9/2021 2:57:47 PM : ~KChannel()
5/9/2021 2:57:47 PM : ~KChannel()
5/9/2021 2:57:47 PM : ~KChannel()
5/9/2021 2:57:47 PM : ~KChannel()
5/9/2021 2:57:47 PM : ~KChannel()
5/9/2021 2:57:47 PM : ~KChannel()
5/9/2021 2:57:47 PM : ~KChannel()
5/9/2021 2:57:47 PM : ~KChannel()
5/9/2021 2:57:47 PM : ~KChannel()
5/9/2021 2:57:47 PM : ~KChannel()
5/9/2021 2:57:47 PM : ~KChannel()
5/9/2021 2:57:47 PM : ~KChannel()
5/9/2021 2:57:47 PM : ~KChannel()
5/9/2021 2:57:47 PM : ~KChannel()
5/9/2021 2:57:47 PM : ~KChannel()
5/9/2021 2:57:47 PM : ~KChannel()
5/9/2021 2:57:47 PM : ~KChannel()
5/9/2021 2:57:47 PM : ~KChannel()
5/9/2021 2:57:47 PM : ~KChannel()
5/9/2021 2:57:47 PM : ~KChannel()
5/9/2021 2:57:47 PM : ~KChannel()
5/9/2021 2:57:47 PM : ~KChannel()
5/9/2021 2:57:47 PM : ~KChannel()
5/9/2021 2:57:47 PM : ~KChannel()
5/9/2021 2:57:47 PM : ~KChannel()
5/9/2021 2:57:47 PM : ~KChannel()
5/9/2021 2:57:47 PM : ~KChannel()
5/9/2021 2:57:47 PM : ~KChannel()
5/9/2021 2:57:47 PM : ~KChannel()
5/9/2021 2:57:47 PM : ~KChannel()
5/9/2021 2:57:47 PM : ~KChannel()
5/9/2021 2:57:47 PM : ~KChannel()
5/9/2021 2:57:47 PM : ~KChannel()
5/9/2021 2:57:47 PM : ~KChannel()
5/9/2021 2:57:47 PM : ~KChannel()
5/9/2021 2:57:47 PM : ~KChannel()
5/9/2021 2:57:47 PM : ~KChannel()
5/9/2021 2:57:47 PM : ~KChannel()
5/9/2021 2:57:47 PM : ~KChannel()
5/9/2021 2:57:47 PM : ~KChannel()
5/9/2021 2:57:47 PM : ~KChannel()
5/9/2021 2:57:47 PM : ~KChannel()
5/9/2021 2:57:47 PM : ~KChannel()
5/9/2021 2:57:47 PM : ~KChannel()
5/9/2021 2:57:47 PM : ~KChannel()
5/9/2021 2:57:47 PM : ~KChannel()
5/9/2021 2:57:47 PM : ~KChannel()
5/9/2021 2:57:47 PM : ~KChannel()
5/9/2021 2:57:47 PM : ~KChannel()
5/9/2021 2:57:47 PM : ~KChannel()
5/9/2021 2:57:47 PM : ~KChannel()
5/9/2021 2:57:47 PM : ~KChannel()
5/9/2021 2:57:47 PM : ~KChannel()
5/9/2021 2:57:47 PM : ~KChannel()
5/9/2021 2:57:47 PM : ~KChannel()
5/9/2021 2:57:47 PM : ~KChannel()
5/9/2021 2:57:47 PM : ~KChannel()
5/9/2021 2:57:47 PM : ~KChannel()
5/9/2021 2:57:47 PM : ~KChannel()
5/9/2021 2:57:47 PM : ~KChannel()
5/9/2021 2:57:47 PM : ~KChannel()
5/9/2021 2:57:47 PM : ~KChannel()
5/9/2021 2:57:47 PM : ~KChannel()
5/9/2021 2:57:47 PM : ~KChannel()
5/9/2021 2:57:47 PM : ~KChannel()
5/9/2021 2:57:47 PM : ~KChannel()
5/9/2021 2:57:47 PM : ~KChannel()
5/9/2021 2:57:47 PM : ~KChannel()
5/9/2021 2:57:47 PM : ~KChannel()
5/9/2021 2:57:47 PM : ~KChannel()
5/9/2021 2:57:47 PM : ~KChannel()
5/9/2021 2:57:47 PM : ~KChannel()
5/9/2021 2:57:47 PM : ~KChannel()
5/9/2021 2:57:47 PM : ~KChannel()
5/9/2021 2:57:47 PM : ~KChannel()
5/9/2021 2:57:47 PM : ~KChannel()
5/9/2021 2:57:47 PM : ~KChannel()
5/9/2021 2:57:47 PM : ~KChannel()
5/9/2021 2:57:47 PM : ~KChannel()
5/9/2021 2:57:47 PM : ~KChannel()
5/9/2021 2:57:47 PM : ~KChannel()
5/9/2021 2:57:47 PM : ~KChannel()
5/9/2021 2:57:47 PM : ~KChannel()
5/9/2021 2:57:47 PM : ~KChannel()
5/9/2021 2:57:47 PM : ~KChannel()
5/9/2021 2:57:47 PM : ~KChannel()
5/9/2021 2:57:47 PM : ~KChannel()
5/9/2021 2:57:48 PM : ping
5/9/2021 2:57:48 PM : ping
5/9/2021 2:57:48 PM : ping
5/9/2021 2:57:49 PM : ping
5/9/2021 2:57:49 PM : ping
5/9/2021 2:57:49 PM : ping
5/9/2021 2:57:50 PM : ping
5/9/2021 2:57:50 PM : ping
5/9/2021 2:57:50 PM : ping
5/9/2021 2:57:51 PM : ping
5/9/2021 2:57:51 PM : ping
5/9/2021 2:57:51 PM : ping
5/9/2021 2:57:52 PM : ping
5/9/2021 2:57:52 PM : ping
5/9/2021 2:57:52 PM : ping
5/9/2021 2:57:53 PM : ping
5/9/2021 2:57:53 PM : ping
5/9/2021 2:57:53 PM : ping
5/9/2021 2:57:54 PM : ping
5/9/2021 2:57:54 PM : ping
5/9/2021 2:57:55 PM : ping
5/9/2021 2:57:56 PM : ping
5/9/2021 2:57:56 PM : ping
5/9/2021 2:57:56 PM : ping
5/9/2021 2:57:57 PM : ping
5/9/2021 2:57:57 PM : ping
5/9/2021 2:57:57 PM : ping
5/9/2021 2:57:58 PM : ping
5/9/2021 2:57:58 PM : ping
5/9/2021 2:57:58 PM : ping
5/9/2021 2:57:59 PM : ping
5/9/2021 2:57:59 PM : ping
5/9/2021 2:57:59 PM : ping
5/9/2021 2:58:00 PM : ping
5/9/2021 2:58:00 PM : ping
5/9/2021 2:58:00 PM : ping
5/9/2021 2:58:01 PM : ping
5/9/2021 2:58:01 PM : ping
5/9/2021 2:58:01 PM : ping
5/9/2021 2:58:02 PM : ping
5/9/2021 2:58:02 PM : ping
5/9/2021 2:58:02 PM : ping
5/9/2021 2:58:03 PM : ping
5/9/2021 2:58:03 PM : ping
5/9/2021 2:58:03 PM : ping
5/9/2021 2:58:04 PM : ping
5/9/2021 2:58:04 PM : ping
5/9/2021 2:58:04 PM : ping
5/9/2021 2:58:06 PM : ping
5/9/2021 2:58:06 PM : ping
5/9/2021 2:58:06 PM : ping
5/9/2021 2:58:07 PM : ping
5/9/2021 2:58:07 PM : ping
5/9/2021 2:58:07 PM : ping
5/9/2021 2:58:08 PM : ping
5/9/2021 2:58:08 PM : ping
5/9/2021 2:58:08 PM : ping
5/9/2021 2:58:09 PM : ping
5/9/2021 2:58:09 PM : ping
5/9/2021 2:58:09 PM : ping
5/9/2021 2:58:10 PM : ping
5/9/2021 2:58:10 PM : ping
5/9/2021 2:58:10 PM : ping
5/9/2021 2:58:11 PM : ping
5/9/2021 2:58:11 PM : ping
5/9/2021 2:58:11 PM : ping
5/9/2021 2:58:12 PM : ping
5/9/2021 2:58:12 PM : ping
5/9/2021 2:58:12 PM : ping
5/9/2021 2:58:13 PM : ping
5/9/2021 2:58:13 PM : ping
5/9/2021 2:58:13 PM : ping
5/9/2021 2:58:14 PM : ping
5/9/2021 2:58:14 PM : ping
5/9/2021 2:58:14 PM : ping
5/9/2021 2:58:15 PM : ping
5/9/2021 2:58:15 PM : ping
5/9/2021 2:58:16 PM : ping
5/9/2021 2:58:17 PM : ping
5/9/2021 2:58:17 PM : ping
5/9/2021 2:58:17 PM : ping
5/9/2021 2:58:18 PM : ping
5/9/2021 2:58:18 PM : ping
5/9/2021 2:58:18 PM : ping
5/9/2021 2:58:19 PM : ping
5/9/2021 2:58:19 PM : ping
5/9/2021 2:58:19 PM : ping
5/9/2021 2:58:20 PM : ping
5/9/2021 2:58:20 PM : ping
5/9/2021 2:58:20 PM : ping
5/9/2021 2:58:21 PM : ping
5/9/2021 2:58:21 PM : ping
5/9/2021 2:58:21 PM : ping
5/9/2021 2:58:22 PM : ping
5/9/2021 2:58:22 PM : ping
5/9/2021 2:58:22 PM : ping
5/9/2021 2:58:23 PM : ping
5/9/2021 2:58:23 PM : ping
5/9/2021 2:58:23 PM : ping
5/9/2021 2:58:24 PM : ping
5/9/2021 2:58:24 PM : ping
5/9/2021 2:58:24 PM : ping
5/9/2021 2:58:25 PM : ping
5/9/2021 2:58:25 PM : ping
5/9/2021 2:58:25 PM : ping
5/9/2021 2:58:27 PM : ping
5/9/2021 2:58:27 PM : ping
5/9/2021 2:58:27 PM : ping
5/9/2021 2:58:28 PM : ping
5/9/2021 2:58:28 PM : ping
5/9/2021 2:58:28 PM : ping
5/9/2021 2:58:29 PM : ping
5/9/2021 2:58:29 PM : ping
5/9/2021 2:58:29 PM : ping
5/9/2021 2:58:30 PM : ping
5/9/2021 2:58:30 PM : ping
5/9/2021 2:58:30 PM : ping
5/9/2021 2:58:31 PM : ping
5/9/2021 2:58:31 PM : ping
5/9/2021 2:58:31 PM : ping
5/9/2021 2:58:32 PM : ping
5/9/2021 2:58:32 PM : ping
5/9/2021 2:58:32 PM : ping
5/9/2021 2:58:33 PM : ping
5/9/2021 2:58:33 PM : ping
5/9/2021 2:58:33 PM : ping
5/9/2021 2:58:34 PM : ping
5/9/2021 2:58:34 PM : ping
5/9/2021 2:58:34 PM : ping
5/9/2021 2:58:35 PM : ping
5/9/2021 2:58:35 PM : ping
5/9/2021 2:58:35 PM : ping
5/9/2021 2:58:37 PM : ping
5/9/2021 2:58:37 PM : ping
5/9/2021 2:58:37 PM : ping
5/9/2021 2:58:38 PM : ping
5/9/2021 2:58:38 PM : ping
5/9/2021 2:58:38 PM : ping
5/9/2021 2:58:39 PM : ping
5/9/2021 2:58:39 PM : ping
5/9/2021 2:58:39 PM : ping
5/9/2021 2:58:40 PM : ping
5/9/2021 2:58:40 PM : ping
5/9/2021 2:58:40 PM : ping
5/9/2021 2:58:41 PM : ping
5/9/2021 2:58:41 PM : ping
5/9/2021 2:58:41 PM : ping
5/9/2021 2:58:42 PM : ping
5/9/2021 2:58:42 PM : ping
5/9/2021 2:58:42 PM : ping
5/9/2021 2:58:43 PM : ping
5/9/2021 2:58:43 PM : ping
5/9/2021 2:58:43 PM : ping
5/9/2021 2:58:44 PM : ping
5/9/2021 2:58:44 PM : ping
5/9/2021 2:58:44 PM : ping
5/9/2021 2:58:45 PM : ping
5/9/2021 2:58:45 PM : ping
5/9/2021 2:58:45 PM : ping
5/9/2021 2:58:46 PM : ping
5/9/2021 2:58:46 PM : ping
5/9/2021 2:58:47 PM : ping
5/9/2021 2:58:48 PM : ping
5/9/2021 2:58:48 PM : ping
5/9/2021 2:58:48 PM : ping
5/9/2021 2:58:49 PM : ping
5/9/2021 2:58:49 PM : ping
5/9/2021 2:58:49 PM : ping
5/9/2021 2:58:50 PM : ping
5/9/2021 2:58:50 PM : ping
5/9/2021 2:58:50 PM : ping
5/9/2021 2:58:51 PM : ping
5/9/2021 2:58:51 PM : ping
5/9/2021 2:58:51 PM : ping
5/9/2021 2:58:52 PM : ping
5/9/2021 2:58:52 PM : ping
5/9/2021 2:58:52 PM : ping
5/9/2021 2:58:53 PM : ping
5/9/2021 2:58:53 PM : ping
5/9/2021 2:58:53 PM : ping
5/9/2021 2:58:54 PM : ping
5/9/2021 2:58:54 PM : ping
5/9/2021 2:58:54 PM : ping
5/9/2021 2:58:55 PM : ping
5/9/2021 2:58:55 PM : ping
5/9/2021 2:58:55 PM : ping
5/9/2021 2:58:56 PM : ping
5/9/2021 2:58:56 PM : ping
5/9/2021 2:58:56 PM : ping
5/9/2021 2:58:58 PM : ping
5/9/2021 2:58:58 PM : ping
5/9/2021 2:58:58 PM : ping
5/9/2021 2:58:59 PM : ping
5/9/2021 2:58:59 PM : ping
5/9/2021 2:58:59 PM : ping
5/9/2021 2:59:00 PM : ping
5/9/2021 2:59:00 PM : ping
5/9/2021 2:59:00 PM : ping
