log begin
..............
5/14/2021 11:14:36 PM : ping
5/14/2021 11:14:36 PM : ping
5/14/2021 11:14:36 PM : ping
5/14/2021 11:14:37 PM : ping
5/14/2021 11:14:37 PM : ping
5/14/2021 11:14:37 PM : ping
5/14/2021 11:14:38 PM : ping
5/14/2021 11:14:38 PM : ping
5/14/2021 11:14:38 PM : ping
5/14/2021 11:14:39 PM : ping
5/14/2021 11:14:39 PM : ping
5/14/2021 11:14:39 PM : ping
5/14/2021 11:14:40 PM : ping
5/14/2021 11:14:40 PM : ping
5/14/2021 11:14:40 PM : ping
5/14/2021 11:14:41 PM : ping
5/14/2021 11:14:41 PM : ping
5/14/2021 11:14:41 PM : ping
5/14/2021 11:14:42 PM : ping
5/14/2021 11:14:42 PM : ping
5/14/2021 11:14:42 PM : ping
5/14/2021 11:14:43 PM : ping
5/14/2021 11:14:43 PM : ping
5/14/2021 11:14:43 PM : ping
5/14/2021 11:14:45 PM : ping
5/14/2021 11:14:45 PM : ping
5/14/2021 11:14:45 PM : ping
5/14/2021 11:14:46 PM : ping
5/14/2021 11:14:46 PM : ping
5/14/2021 11:14:46 PM : ping
5/14/2021 11:14:47 PM : ping
5/14/2021 11:14:47 PM : ping
5/14/2021 11:14:47 PM : ping
5/14/2021 11:14:48 PM : ping
5/14/2021 11:14:48 PM : ping
5/14/2021 11:14:48 PM : ping
5/14/2021 11:14:49 PM : ping
5/14/2021 11:14:49 PM : ping
5/14/2021 11:14:49 PM : ping
5/14/2021 11:14:50 PM : ping
5/14/2021 11:14:50 PM : ping
5/14/2021 11:14:50 PM : ping
5/14/2021 11:14:51 PM : ping
5/14/2021 11:14:51 PM : ping
5/14/2021 11:14:51 PM : ping
5/14/2021 11:14:52 PM : ping
5/14/2021 11:14:52 PM : ping
5/14/2021 11:14:52 PM : ping
5/14/2021 11:14:53 PM : ping
5/14/2021 11:14:53 PM : ping
5/14/2021 11:14:53 PM : ping
5/14/2021 11:14:55 PM : ping
5/14/2021 11:14:55 PM : ping
5/14/2021 11:14:55 PM : ping
5/14/2021 11:14:56 PM : ping
5/14/2021 11:14:56 PM : ping
5/14/2021 11:14:56 PM : ping
5/14/2021 11:14:57 PM : ping
5/14/2021 11:14:57 PM : ping
5/14/2021 11:14:57 PM : ping
5/14/2021 11:14:58 PM : ping
5/14/2021 11:14:58 PM : ping
5/14/2021 11:14:58 PM : ping
5/14/2021 11:14:59 PM : ping
5/14/2021 11:14:59 PM : ping
5/14/2021 11:14:59 PM : ping
5/14/2021 11:15:00 PM : ping
5/14/2021 11:15:00 PM : ping
5/14/2021 11:15:00 PM : ping
5/14/2021 11:15:01 PM : ping
5/14/2021 11:15:01 PM : ping
5/14/2021 11:15:01 PM : ping
5/14/2021 11:15:02 PM : ping
5/14/2021 11:15:02 PM : ping
5/14/2021 11:15:02 PM : ping
5/14/2021 11:15:03 PM : ping
5/14/2021 11:15:03 PM : ping
5/14/2021 11:15:03 PM : ping
5/14/2021 11:15:05 PM : ping
5/14/2021 11:15:05 PM : ping
5/14/2021 11:15:05 PM : ping
5/14/2021 11:15:06 PM : ping
5/14/2021 11:15:06 PM : ping
5/14/2021 11:15:06 PM : ping
5/14/2021 11:15:07 PM : ping
5/14/2021 11:15:07 PM : ping
5/14/2021 11:15:07 PM : ping
5/14/2021 11:15:08 PM : ping
5/14/2021 11:15:08 PM : ping
5/14/2021 11:15:08 PM : ping
5/14/2021 11:15:09 PM : ping
5/14/2021 11:15:09 PM : ping
5/14/2021 11:15:09 PM : ping
5/14/2021 11:15:10 PM : ping
5/14/2021 11:15:10 PM : ping
5/14/2021 11:15:10 PM : ping
5/14/2021 11:15:11 PM : ping
5/14/2021 11:15:11 PM : ping
5/14/2021 11:15:11 PM : ping
5/14/2021 11:15:12 PM : ping
5/14/2021 11:15:12 PM : ping
5/14/2021 11:15:12 PM : ping
5/14/2021 11:15:13 PM : ping
5/14/2021 11:15:13 PM : ping
5/14/2021 11:15:13 PM : ping
5/14/2021 11:15:15 PM : ping
5/14/2021 11:15:15 PM : ping
5/14/2021 11:15:15 PM : ping
5/14/2021 11:15:16 PM : ping
5/14/2021 11:15:16 PM : ping
5/14/2021 11:15:16 PM : ping
5/14/2021 11:15:17 PM : ping
5/14/2021 11:15:17 PM : ping
5/14/2021 11:15:17 PM : ping
5/14/2021 11:15:18 PM : ping
5/14/2021 11:15:18 PM : ping
5/14/2021 11:15:18 PM : ping
5/14/2021 11:15:19 PM : ping
5/14/2021 11:15:19 PM : ping
5/14/2021 11:15:19 PM : ping
5/14/2021 11:15:20 PM : ping
5/14/2021 11:15:20 PM : ping
5/14/2021 11:15:20 PM : ping
5/14/2021 11:15:21 PM : ping
5/14/2021 11:15:21 PM : ping
5/14/2021 11:15:21 PM : ping
5/14/2021 11:15:22 PM : ping
5/14/2021 11:15:22 PM : ping
5/14/2021 11:15:22 PM : ping
5/14/2021 11:15:23 PM : ping
5/14/2021 11:15:23 PM : ping
5/14/2021 11:15:23 PM : ping
5/14/2021 11:15:24 PM : ping
5/14/2021 11:15:24 PM : ping
5/14/2021 11:15:25 PM : ping
5/14/2021 11:15:26 PM : ping
5/14/2021 11:15:26 PM : ping
5/14/2021 11:15:26 PM : ping
5/14/2021 11:15:27 PM : ping
5/14/2021 11:15:27 PM : ping
5/14/2021 11:15:27 PM : ping
5/14/2021 11:15:28 PM : ping
5/14/2021 11:15:28 PM : ping
5/14/2021 11:15:28 PM : ping
5/14/2021 11:15:29 PM : ping
5/14/2021 11:15:29 PM : ping
5/14/2021 11:15:29 PM : ping
5/14/2021 11:15:30 PM : ping
5/14/2021 11:15:30 PM : ping
5/14/2021 11:15:30 PM : ping
5/14/2021 11:15:31 PM : ping
5/14/2021 11:15:31 PM : ping
5/14/2021 11:15:31 PM : ping
5/14/2021 11:15:32 PM : ping
5/14/2021 11:15:32 PM : ping
5/14/2021 11:15:32 PM : ping
5/14/2021 11:15:33 PM : ping
5/14/2021 11:15:33 PM : ping
5/14/2021 11:15:33 PM : ping
5/14/2021 11:15:34 PM : ping
5/14/2021 11:15:34 PM : ping
5/14/2021 11:15:34 PM : ping
5/14/2021 11:15:36 PM : ping
5/14/2021 11:15:36 PM : ping
5/14/2021 11:15:36 PM : ping
5/14/2021 11:15:37 PM : ping
5/14/2021 11:15:37 PM : ping
5/14/2021 11:15:37 PM : ping
5/14/2021 11:15:38 PM : ping
5/14/2021 11:15:38 PM : ping
5/14/2021 11:15:38 PM : ping
5/14/2021 11:15:39 PM : ping
5/14/2021 11:15:39 PM : ping
5/14/2021 11:15:39 PM : ping
5/14/2021 11:15:40 PM : ping
5/14/2021 11:15:40 PM : ping
5/14/2021 11:15:40 PM : ping
5/14/2021 11:15:41 PM : ping
5/14/2021 11:15:41 PM : ping
5/14/2021 11:15:41 PM : ping
5/14/2021 11:15:42 PM : ping
5/14/2021 11:15:42 PM : ping
5/14/2021 11:15:42 PM : ping
5/14/2021 11:15:43 PM : ping
5/14/2021 11:15:43 PM : ping
5/14/2021 11:15:43 PM : ping
5/14/2021 11:15:44 PM : ping
5/14/2021 11:15:44 PM : ping
5/14/2021 11:15:44 PM : ping
5/14/2021 11:15:46 PM : ping
5/14/2021 11:15:46 PM : ping
5/14/2021 11:15:46 PM : ping
5/14/2021 11:15:47 PM : ping
5/14/2021 11:15:47 PM : ping
5/14/2021 11:15:47 PM : ping
5/14/2021 11:15:48 PM : ping
5/14/2021 11:15:48 PM : ping
5/14/2021 11:15:48 PM : ping
5/14/2021 11:15:49 PM : ping
5/14/2021 11:15:49 PM : ping
5/14/2021 11:15:49 PM : ping
5/14/2021 11:15:50 PM : ping
5/14/2021 11:15:50 PM : ping
5/14/2021 11:15:50 PM : ping
5/14/2021 11:15:51 PM : ping
5/14/2021 11:15:51 PM : ping
5/14/2021 11:15:51 PM : ping
5/14/2021 11:15:52 PM : ping
5/14/2021 11:15:52 PM : ping
5/14/2021 11:15:52 PM : ping
5/14/2021 11:15:53 PM : ping
5/14/2021 11:15:53 PM : ping
5/14/2021 11:15:53 PM : ping
5/14/2021 11:15:54 PM : ping
5/14/2021 11:15:54 PM : ping
5/14/2021 11:15:54 PM : ping
5/14/2021 11:15:56 PM : ping
5/14/2021 11:15:56 PM : ping
5/14/2021 11:15:56 PM : ping
5/14/2021 11:15:57 PM : ping
5/14/2021 11:15:57 PM : ping
5/14/2021 11:15:57 PM : ping
5/14/2021 11:15:58 PM : ping
5/14/2021 11:15:58 PM : ping
5/14/2021 11:15:58 PM : ping
5/14/2021 11:15:59 PM : ping
5/14/2021 11:15:59 PM : ping
5/14/2021 11:15:59 PM : ping
5/14/2021 11:16:00 PM : ping
5/14/2021 11:16:00 PM : ping
5/14/2021 11:16:00 PM : ping
5/14/2021 11:16:01 PM : ping
5/14/2021 11:16:01 PM : ping
5/14/2021 11:16:01 PM : ping
5/14/2021 11:16:02 PM : ping
5/14/2021 11:16:02 PM : ping
5/14/2021 11:16:02 PM : ping
5/14/2021 11:16:03 PM : ping
5/14/2021 11:16:03 PM : ping
5/14/2021 11:16:03 PM : ping
5/14/2021 11:16:04 PM : ping
5/14/2021 11:16:04 PM : ping
5/14/2021 11:16:04 PM : ping
5/14/2021 11:16:05 PM : ping
5/14/2021 11:16:05 PM : ping
5/14/2021 11:16:06 PM : ping
5/14/2021 11:16:07 PM : ping
5/14/2021 11:16:07 PM : ping
5/14/2021 11:16:07 PM : ping
5/14/2021 11:16:08 PM : ping
5/14/2021 11:16:08 PM : ping
5/14/2021 11:16:08 PM : ping
5/14/2021 11:16:09 PM : ping
5/14/2021 11:16:09 PM : ping
5/14/2021 11:16:09 PM : ping
5/14/2021 11:16:10 PM : ping
5/14/2021 11:16:10 PM : ping
5/14/2021 11:16:10 PM : ping
5/14/2021 11:16:11 PM : ping
5/14/2021 11:16:11 PM : ping
5/14/2021 11:16:11 PM : ping
5/14/2021 11:16:12 PM : ping
5/14/2021 11:16:12 PM : ping
5/14/2021 11:16:12 PM : ping
5/14/2021 11:16:13 PM : ping
5/14/2021 11:16:13 PM : ping
5/14/2021 11:16:13 PM : ping
5/14/2021 11:16:14 PM : ping
5/14/2021 11:16:14 PM : ping
5/14/2021 11:16:14 PM : ping
5/14/2021 11:16:16 PM : ping
5/14/2021 11:16:16 PM : ping
5/14/2021 11:16:16 PM : ping
5/14/2021 11:16:17 PM : ping
5/14/2021 11:16:17 PM : ping
5/14/2021 11:16:17 PM : ping
5/14/2021 11:16:18 PM : ping
5/14/2021 11:16:18 PM : ping
5/14/2021 11:16:18 PM : ping
5/14/2021 11:16:19 PM : ping
5/14/2021 11:16:19 PM : ping
5/14/2021 11:16:19 PM : ping
5/14/2021 11:16:20 PM : ping
5/14/2021 11:16:20 PM : ping
5/14/2021 11:16:20 PM : ping
5/14/2021 11:16:21 PM : ping
5/14/2021 11:16:21 PM : ping
5/14/2021 11:16:21 PM : ping
5/14/2021 11:16:22 PM : ping
5/14/2021 11:16:22 PM : ping
5/14/2021 11:16:22 PM : ping
5/14/2021 11:16:23 PM : ping
5/14/2021 11:16:23 PM : ping
5/14/2021 11:16:23 PM : ping
5/14/2021 11:16:24 PM : ping
5/14/2021 11:16:24 PM : ping
5/14/2021 11:16:25 PM : ping
5/14/2021 11:16:26 PM : ping
5/14/2021 11:16:26 PM : ping
5/14/2021 11:16:26 PM : ping
5/14/2021 11:16:27 PM : ping
5/14/2021 11:16:27 PM : ping
5/14/2021 11:16:27 PM : ping
5/14/2021 11:16:28 PM : ping
5/14/2021 11:16:28 PM : ping
5/14/2021 11:16:28 PM : ping
5/14/2021 11:16:29 PM : ping
5/14/2021 11:16:29 PM : ping
5/14/2021 11:16:29 PM : ping
5/14/2021 11:16:30 PM : ping
5/14/2021 11:16:30 PM : ping
5/14/2021 11:16:30 PM : ping
5/14/2021 11:16:31 PM : ping
5/14/2021 11:16:31 PM : ping
5/14/2021 11:16:31 PM : ping
5/14/2021 11:16:32 PM : ping
5/14/2021 11:16:32 PM : ping
5/14/2021 11:16:32 PM : ping
5/14/2021 11:16:33 PM : ping
5/14/2021 11:16:33 PM : ping
5/14/2021 11:16:33 PM : ping
5/14/2021 11:16:35 PM : ping
5/14/2021 11:16:35 PM : ping
5/14/2021 11:16:35 PM : ping
5/14/2021 11:16:36 PM : ping
5/14/2021 11:16:36 PM : ping
5/14/2021 11:16:36 PM : ping
5/14/2021 11:16:37 PM : ping
5/14/2021 11:16:37 PM : ping
5/14/2021 11:16:37 PM : ping
5/14/2021 11:16:38 PM : ping
5/14/2021 11:16:38 PM : ping
5/14/2021 11:16:38 PM : ping
5/14/2021 11:16:39 PM : ping
5/14/2021 11:16:39 PM : ping
5/14/2021 11:16:39 PM : ping
5/14/2021 11:16:40 PM : ping
5/14/2021 11:16:40 PM : ping
5/14/2021 11:16:40 PM : ping
5/14/2021 11:16:41 PM : ping
5/14/2021 11:16:41 PM : ping
5/14/2021 11:16:41 PM : ping
5/14/2021 11:16:42 PM : ping
5/14/2021 11:16:42 PM : ping
5/14/2021 11:16:42 PM : ping
5/14/2021 11:16:43 PM : ping
5/14/2021 11:16:43 PM : ping
5/14/2021 11:16:43 PM : ping
5/14/2021 11:16:45 PM : ping
5/14/2021 11:16:45 PM : ping
5/14/2021 11:16:45 PM : ping
5/14/2021 11:16:46 PM : ping
5/14/2021 11:16:46 PM : ping
5/14/2021 11:16:46 PM : ping
5/14/2021 11:16:47 PM : ping
5/14/2021 11:16:47 PM : ping
5/14/2021 11:16:47 PM : ping
5/14/2021 11:16:48 PM : ping
5/14/2021 11:16:48 PM : ping
5/14/2021 11:16:48 PM : ping
5/14/2021 11:16:49 PM : ping
5/14/2021 11:16:49 PM : ping
5/14/2021 11:16:49 PM : ping
5/14/2021 11:16:50 PM : ping
5/14/2021 11:16:50 PM : ping
5/14/2021 11:16:50 PM : ping
5/14/2021 11:16:51 PM : ping
5/14/2021 11:16:51 PM : ping
5/14/2021 11:16:51 PM : ping
5/14/2021 11:16:52 PM : ping
5/14/2021 11:16:52 PM : ping
5/14/2021 11:16:52 PM : ping
5/14/2021 11:16:53 PM : ping
5/14/2021 11:16:53 PM : ping
5/14/2021 11:16:54 PM : ping
5/14/2021 11:16:55 PM : ping
5/14/2021 11:16:55 PM : ping
5/14/2021 11:16:55 PM : ping
5/14/2021 11:16:56 PM : ping
5/14/2021 11:16:56 PM : ping
5/14/2021 11:16:56 PM : ping
5/14/2021 11:16:57 PM : ping
5/14/2021 11:16:57 PM : ping
5/14/2021 11:16:57 PM : ping
5/14/2021 11:16:58 PM : ping
5/14/2021 11:16:58 PM : ping
5/14/2021 11:16:58 PM : ping
5/14/2021 11:16:59 PM : ping
5/14/2021 11:16:59 PM : ping
5/14/2021 11:16:59 PM : ping
5/14/2021 11:17:00 PM : ping
5/14/2021 11:17:00 PM : ping
5/14/2021 11:17:00 PM : ping
5/14/2021 11:17:01 PM : ping
5/14/2021 11:17:01 PM : ping
5/14/2021 11:17:01 PM : ping
5/14/2021 11:17:02 PM : launch server at port: 7003
5/14/2021 11:17:02 PM : ping
5/14/2021 11:17:02 PM : ping
5/14/2021 11:17:02 PM : ping
5/14/2021 11:17:03 PM : launch server at port: 7004
5/14/2021 11:17:04 PM : ping
5/14/2021 11:17:04 PM : ping
5/14/2021 11:17:04 PM : ping
5/14/2021 11:17:05 PM : ping
5/14/2021 11:17:05 PM : ping
5/14/2021 11:17:05 PM : ping
5/14/2021 11:17:06 PM : ping
5/14/2021 11:17:06 PM : ping
5/14/2021 11:17:06 PM : ping
5/14/2021 11:17:07 PM : ping
5/14/2021 11:17:07 PM : ping
5/14/2021 11:17:07 PM : ping
5/14/2021 11:17:08 PM : ping
5/14/2021 11:17:08 PM : ping
5/14/2021 11:17:08 PM : ping
5/14/2021 11:17:09 PM : ping
5/14/2021 11:17:09 PM : ping
5/14/2021 11:17:09 PM : ping
5/14/2021 11:17:10 PM : ping
5/14/2021 11:17:10 PM : ping
5/14/2021 11:17:10 PM : ping
5/14/2021 11:17:11 PM : ping
5/14/2021 11:17:11 PM : ping
5/14/2021 11:17:11 PM : ping
5/14/2021 11:17:12 PM : ping
5/14/2021 11:17:12 PM : ping
5/14/2021 11:17:12 PM : ping
5/14/2021 11:17:14 PM : ping
5/14/2021 11:17:14 PM : ping
5/14/2021 11:17:14 PM : ping
5/14/2021 11:17:15 PM : ping
5/14/2021 11:17:15 PM : ping
5/14/2021 11:17:15 PM : ping
5/14/2021 11:17:16 PM : ping
5/14/2021 11:17:16 PM : ping
5/14/2021 11:17:16 PM : ping
5/14/2021 11:17:17 PM : ping
5/14/2021 11:17:17 PM : ping
5/14/2021 11:17:17 PM : ping
5/14/2021 11:17:18 PM : ping
5/14/2021 11:17:18 PM : ping
5/14/2021 11:17:18 PM : ping
5/14/2021 11:17:19 PM : ping
5/14/2021 11:17:19 PM : ping
5/14/2021 11:17:19 PM : ping
5/14/2021 11:17:20 PM : ping
5/14/2021 11:17:20 PM : ping
5/14/2021 11:17:20 PM : ping
5/14/2021 11:17:21 PM : ping
5/14/2021 11:17:21 PM : ping
5/14/2021 11:17:21 PM : ping
5/14/2021 11:17:22 PM : ping
5/14/2021 11:17:22 PM : ping
5/14/2021 11:17:22 PM : ping
5/14/2021 11:17:24 PM : ping
5/14/2021 11:17:24 PM : ping
5/14/2021 11:17:24 PM : ping
5/14/2021 11:17:25 PM : ping
5/14/2021 11:17:25 PM : ping
5/14/2021 11:17:25 PM : ping
5/14/2021 11:17:26 PM : ping
5/14/2021 11:17:26 PM : ping
5/14/2021 11:17:26 PM : ping
5/14/2021 11:17:27 PM : ping
5/14/2021 11:17:27 PM : ping
5/14/2021 11:17:27 PM : ping
5/14/2021 11:17:28 PM : ping
5/14/2021 11:17:28 PM : ping
5/14/2021 11:17:28 PM : ping
5/14/2021 11:17:29 PM : ping
5/14/2021 11:17:29 PM : ping
5/14/2021 11:17:29 PM : ping
5/14/2021 11:17:30 PM : ping
5/14/2021 11:17:30 PM : ping
5/14/2021 11:17:30 PM : ping
5/14/2021 11:17:31 PM : ping
5/14/2021 11:17:31 PM : ping
5/14/2021 11:17:31 PM : ping
5/14/2021 11:17:32 PM : ping
5/14/2021 11:17:32 PM : ping
5/14/2021 11:17:32 PM : ping
5/14/2021 11:17:34 PM : ping
5/14/2021 11:17:34 PM : ping
5/14/2021 11:17:34 PM : ping
5/14/2021 11:17:35 PM : ping
5/14/2021 11:17:35 PM : ping
5/14/2021 11:17:35 PM : ping
5/14/2021 11:17:36 PM : ping
5/14/2021 11:17:36 PM : ping
5/14/2021 11:17:36 PM : ping
5/14/2021 11:17:37 PM : ping
5/14/2021 11:17:37 PM : ping
5/14/2021 11:17:37 PM : ping
5/14/2021 11:17:38 PM : ping
5/14/2021 11:17:38 PM : ping
5/14/2021 11:17:38 PM : ping
5/14/2021 11:17:39 PM : ping
5/14/2021 11:17:39 PM : ping
5/14/2021 11:17:39 PM : ping
5/14/2021 11:17:40 PM : ping
5/14/2021 11:17:40 PM : ping
5/14/2021 11:17:40 PM : ping
5/14/2021 11:17:41 PM : ping
5/14/2021 11:17:41 PM : ping
5/14/2021 11:17:41 PM : ping
5/14/2021 11:17:42 PM : ping
5/14/2021 11:17:42 PM : ping
5/14/2021 11:17:43 PM : ping
5/14/2021 11:17:44 PM : ping
5/14/2021 11:17:44 PM : ping
5/14/2021 11:17:44 PM : ping
5/14/2021 11:17:45 PM : ping
5/14/2021 11:17:45 PM : ping
5/14/2021 11:17:45 PM : ping
5/14/2021 11:17:46 PM : ping
5/14/2021 11:17:46 PM : ping
5/14/2021 11:17:46 PM : ping
5/14/2021 11:17:47 PM : ping
5/14/2021 11:17:47 PM : ping
5/14/2021 11:17:47 PM : ping
5/14/2021 11:17:48 PM : ping
5/14/2021 11:17:48 PM : ping
5/14/2021 11:17:48 PM : ping
5/14/2021 11:17:49 PM : ping
5/14/2021 11:17:49 PM : ping
5/14/2021 11:17:49 PM : ping
5/14/2021 11:17:50 PM : ping
5/14/2021 11:17:50 PM : ping
5/14/2021 11:17:50 PM : ping
5/14/2021 11:17:51 PM : ping
5/14/2021 11:17:51 PM : ping
5/14/2021 11:17:51 PM : ping
5/14/2021 11:17:53 PM : ping
5/14/2021 11:17:53 PM : ping
5/14/2021 11:17:53 PM : ping
5/14/2021 11:17:54 PM : ping
5/14/2021 11:17:54 PM : ping
5/14/2021 11:17:54 PM : ping
5/14/2021 11:17:55 PM : ping
5/14/2021 11:17:55 PM : ping
5/14/2021 11:17:55 PM : ping
5/14/2021 11:17:56 PM : ping
5/14/2021 11:17:56 PM : ping
5/14/2021 11:17:56 PM : ping
5/14/2021 11:17:57 PM : ping
5/14/2021 11:17:57 PM : ping
5/14/2021 11:17:57 PM : ping
5/14/2021 11:17:58 PM : ping
5/14/2021 11:17:58 PM : ping
5/14/2021 11:17:58 PM : ping
5/14/2021 11:17:59 PM : ping
5/14/2021 11:17:59 PM : ping
5/14/2021 11:17:59 PM : ping
5/14/2021 11:18:00 PM : ping
5/14/2021 11:18:00 PM : ping
5/14/2021 11:18:00 PM : ping
5/14/2021 11:18:01 PM : ping
5/14/2021 11:18:01 PM : ping
5/14/2021 11:18:01 PM : ping
5/14/2021 11:18:03 PM : ping
5/14/2021 11:18:03 PM : ping
5/14/2021 11:18:03 PM : ping
5/14/2021 11:18:04 PM : ping
5/14/2021 11:18:04 PM : ping
5/14/2021 11:18:04 PM : ping
5/14/2021 11:18:05 PM : ping
5/14/2021 11:18:05 PM : ping
5/14/2021 11:18:05 PM : ping
5/14/2021 11:18:06 PM : ping
5/14/2021 11:18:06 PM : ping
5/14/2021 11:18:06 PM : ping
5/14/2021 11:18:07 PM : ping
5/14/2021 11:18:07 PM : ping
5/14/2021 11:18:07 PM : ping
5/14/2021 11:18:08 PM : ping
5/14/2021 11:18:08 PM : ping
5/14/2021 11:18:08 PM : ping
5/14/2021 11:18:09 PM : ping
5/14/2021 11:18:09 PM : ping
5/14/2021 11:18:09 PM : ping
5/14/2021 11:18:10 PM : ping
5/14/2021 11:18:10 PM : ping
5/14/2021 11:18:10 PM : ping
5/14/2021 11:18:11 PM : ping
5/14/2021 11:18:11 PM : ping
5/14/2021 11:18:12 PM : ping
5/14/2021 11:18:13 PM : ping
5/14/2021 11:18:13 PM : ping
5/14/2021 11:18:13 PM : ping
5/14/2021 11:18:14 PM : ping
5/14/2021 11:18:14 PM : ping
5/14/2021 11:18:14 PM : ping
5/14/2021 11:18:15 PM : ping
5/14/2021 11:18:15 PM : ping
5/14/2021 11:18:15 PM : ping
5/14/2021 11:18:16 PM : ping
5/14/2021 11:18:16 PM : ping
5/14/2021 11:18:16 PM : ping
5/14/2021 11:18:17 PM : ping
5/14/2021 11:18:17 PM : ping
5/14/2021 11:18:17 PM : ping
5/14/2021 11:18:18 PM : ping
5/14/2021 11:18:18 PM : ping
5/14/2021 11:18:18 PM : ping
5/14/2021 11:18:19 PM : ping
5/14/2021 11:18:19 PM : ping
5/14/2021 11:18:19 PM : ping
5/14/2021 11:18:20 PM : ping
5/14/2021 11:18:20 PM : ping
5/14/2021 11:18:20 PM : ping
5/14/2021 11:18:22 PM : ping
5/14/2021 11:18:22 PM : ping
5/14/2021 11:18:22 PM : ping
5/14/2021 11:18:23 PM : ping
5/14/2021 11:18:23 PM : ping
5/14/2021 11:18:23 PM : ping
5/14/2021 11:18:24 PM : ping
5/14/2021 11:18:24 PM : ping
5/14/2021 11:18:24 PM : ping
5/14/2021 11:18:25 PM : ping
5/14/2021 11:18:25 PM : ping
5/14/2021 11:18:25 PM : ping
5/14/2021 11:18:26 PM : ping
5/14/2021 11:18:26 PM : ping
5/14/2021 11:18:26 PM : ping
5/14/2021 11:18:27 PM : ping
5/14/2021 11:18:27 PM : ping
5/14/2021 11:18:27 PM : ping
5/14/2021 11:18:28 PM : ping
5/14/2021 11:18:28 PM : ping
5/14/2021 11:18:28 PM : ping
5/14/2021 11:18:29 PM : ping
5/14/2021 11:18:29 PM : ping
5/14/2021 11:18:29 PM : ping
5/14/2021 11:18:30 PM : ping
5/14/2021 11:18:30 PM : ping
5/14/2021 11:18:30 PM : ping
5/14/2021 11:18:32 PM : ping
5/14/2021 11:18:32 PM : ping
5/14/2021 11:18:32 PM : ping
5/14/2021 11:18:33 PM : ping
5/14/2021 11:18:33 PM : ping
5/14/2021 11:18:33 PM : ping
5/14/2021 11:18:34 PM : ping
5/14/2021 11:18:34 PM : ping
5/14/2021 11:18:34 PM : ping
5/14/2021 11:18:35 PM : ping
5/14/2021 11:18:35 PM : ping
5/14/2021 11:18:35 PM : ping
5/14/2021 11:18:36 PM : ping
5/14/2021 11:18:36 PM : ping
5/14/2021 11:18:36 PM : ping
5/14/2021 11:18:37 PM : ping
5/14/2021 11:18:37 PM : ping
5/14/2021 11:18:37 PM : ping
5/14/2021 11:18:38 PM : ping
5/14/2021 11:18:38 PM : ping
5/14/2021 11:18:38 PM : ping
5/14/2021 11:18:39 PM : ping
5/14/2021 11:18:39 PM : ping
5/14/2021 11:18:39 PM : ping
5/14/2021 11:18:41 PM : ping
5/14/2021 11:18:41 PM : ping
5/14/2021 11:18:41 PM : ping
5/14/2021 11:18:42 PM : ping
5/14/2021 11:18:42 PM : ping
5/14/2021 11:18:42 PM : ping
5/14/2021 11:18:43 PM : ping
5/14/2021 11:18:43 PM : ping
5/14/2021 11:18:43 PM : ping
5/14/2021 11:18:44 PM : ping
5/14/2021 11:18:44 PM : ping
5/14/2021 11:18:44 PM : ping
5/14/2021 11:18:45 PM : ping
5/14/2021 11:18:45 PM : ping
5/14/2021 11:18:45 PM : ping
5/14/2021 11:18:46 PM : ping
5/14/2021 11:18:46 PM : ping
5/14/2021 11:18:46 PM : ping
5/14/2021 11:18:47 PM : ping
5/14/2021 11:18:47 PM : ping
5/14/2021 11:18:47 PM : ping
5/14/2021 11:18:48 PM : ping
5/14/2021 11:18:48 PM : ping
5/14/2021 11:18:48 PM : ping
5/14/2021 11:18:49 PM : ping
5/14/2021 11:18:49 PM : ping
5/14/2021 11:18:49 PM : ping
5/14/2021 11:18:51 PM : ping
5/14/2021 11:18:51 PM : ping
5/14/2021 11:18:51 PM : ping
5/14/2021 11:18:52 PM : ping
5/14/2021 11:18:52 PM : ping
5/14/2021 11:18:52 PM : ping
5/14/2021 11:18:53 PM : ping
5/14/2021 11:18:53 PM : ping
5/14/2021 11:18:53 PM : ping
5/14/2021 11:18:54 PM : ping
5/14/2021 11:18:54 PM : ping
5/14/2021 11:18:54 PM : ping
5/14/2021 11:18:55 PM : ping
5/14/2021 11:18:55 PM : ping
5/14/2021 11:18:55 PM : ping
5/14/2021 11:18:56 PM : ping
5/14/2021 11:18:56 PM : ping
5/14/2021 11:18:56 PM : ping
5/14/2021 11:18:57 PM : ping
5/14/2021 11:18:57 PM : ping
5/14/2021 11:18:57 PM : ping
5/14/2021 11:18:58 PM : ping
5/14/2021 11:18:58 PM : ping
5/14/2021 11:18:58 PM : ping
5/14/2021 11:18:59 PM : ping
5/14/2021 11:18:59 PM : ping
5/14/2021 11:19:00 PM : ping
5/14/2021 11:19:01 PM : ping
5/14/2021 11:19:01 PM : ping
5/14/2021 11:19:01 PM : ping
5/14/2021 11:19:02 PM : ping
5/14/2021 11:19:02 PM : ping
5/14/2021 11:19:02 PM : ping
5/14/2021 11:19:03 PM : ping
5/14/2021 11:19:03 PM : ping
5/14/2021 11:19:03 PM : ping
5/14/2021 11:19:04 PM : ping
5/14/2021 11:19:04 PM : ping
5/14/2021 11:19:04 PM : ping
5/14/2021 11:19:05 PM : ping
5/14/2021 11:19:05 PM : ping
5/14/2021 11:19:05 PM : ping
5/14/2021 11:19:06 PM : ping
5/14/2021 11:19:06 PM : ping
5/14/2021 11:19:06 PM : ping
5/14/2021 11:19:07 PM : ping
5/14/2021 11:19:07 PM : ping
5/14/2021 11:19:07 PM : ping
5/14/2021 11:19:08 PM : ping
5/14/2021 11:19:08 PM : ping
5/14/2021 11:19:08 PM : ping
5/14/2021 11:19:10 PM : ping
5/14/2021 11:19:10 PM : ping
5/14/2021 11:19:10 PM : ping
5/14/2021 11:19:11 PM : ping
5/14/2021 11:19:11 PM : ping
5/14/2021 11:19:11 PM : ping
5/14/2021 11:19:12 PM : ping
5/14/2021 11:19:12 PM : ping
5/14/2021 11:19:12 PM : ping
5/14/2021 11:19:13 PM : ping
5/14/2021 11:19:13 PM : ping
5/14/2021 11:19:13 PM : ping
5/14/2021 11:19:14 PM : ping
5/14/2021 11:19:14 PM : ping
5/14/2021 11:19:14 PM : ping
5/14/2021 11:19:15 PM : ping
5/14/2021 11:19:15 PM : ping
5/14/2021 11:19:15 PM : ping
5/14/2021 11:19:16 PM : ping
5/14/2021 11:19:16 PM : ping
5/14/2021 11:19:16 PM : ping
5/14/2021 11:19:17 PM : ping
5/14/2021 11:19:17 PM : ping
5/14/2021 11:19:17 PM : ping
5/14/2021 11:19:18 PM : ping
5/14/2021 11:19:18 PM : ping
5/14/2021 11:19:19 PM : ping
5/14/2021 11:19:20 PM : ping
5/14/2021 11:19:20 PM : ping
5/14/2021 11:19:20 PM : ping
5/14/2021 11:19:21 PM : ping
5/14/2021 11:19:21 PM : ping
5/14/2021 11:19:21 PM : ping
5/14/2021 11:19:22 PM : ping
5/14/2021 11:19:22 PM : ping
5/14/2021 11:19:22 PM : ping
5/14/2021 11:19:23 PM : ping
5/14/2021 11:19:23 PM : ping
5/14/2021 11:19:23 PM : ping
5/14/2021 11:19:24 PM : ping
5/14/2021 11:19:24 PM : ping
5/14/2021 11:19:24 PM : ping
5/14/2021 11:19:25 PM : ping
5/14/2021 11:19:25 PM : ping
5/14/2021 11:19:25 PM : ping
5/14/2021 11:19:26 PM : ping
5/14/2021 11:19:26 PM : ping
5/14/2021 11:19:26 PM : ping
5/14/2021 11:19:27 PM : ping
5/14/2021 11:19:27 PM : ping
5/14/2021 11:19:27 PM : ping
5/14/2021 11:19:29 PM : ping
5/14/2021 11:19:29 PM : ping
5/14/2021 11:19:29 PM : ping
5/14/2021 11:19:30 PM : ping
5/14/2021 11:19:30 PM : ping
5/14/2021 11:19:30 PM : ping
5/14/2021 11:19:31 PM : ping
5/14/2021 11:19:31 PM : ping
5/14/2021 11:19:31 PM : ping
5/14/2021 11:19:32 PM : ping
5/14/2021 11:19:32 PM : ping
5/14/2021 11:19:32 PM : ping
5/14/2021 11:19:33 PM : ping
5/14/2021 11:19:33 PM : ping
5/14/2021 11:19:33 PM : ping
5/14/2021 11:19:34 PM : ping
5/14/2021 11:19:34 PM : ping
5/14/2021 11:19:34 PM : ping
5/14/2021 11:19:35 PM : ping
5/14/2021 11:19:35 PM : ping
5/14/2021 11:19:35 PM : ping
5/14/2021 11:19:36 PM : ping
5/14/2021 11:19:36 PM : ping
5/14/2021 11:19:36 PM : ping
5/14/2021 11:19:37 PM : ping
5/14/2021 11:19:37 PM : ping
5/14/2021 11:19:37 PM : ping
5/14/2021 11:19:39 PM : ping
5/14/2021 11:19:39 PM : ping
5/14/2021 11:19:39 PM : ping
5/14/2021 11:19:40 PM : ping
5/14/2021 11:19:40 PM : ping
5/14/2021 11:19:40 PM : ping
5/14/2021 11:19:41 PM : ping
5/14/2021 11:19:41 PM : ping
5/14/2021 11:19:41 PM : ping
5/14/2021 11:19:42 PM : ping
5/14/2021 11:19:42 PM : ping
5/14/2021 11:19:42 PM : ping
5/14/2021 11:19:43 PM : ping
5/14/2021 11:19:43 PM : ping
5/14/2021 11:19:43 PM : ping
5/14/2021 11:19:44 PM : ping
5/14/2021 11:19:44 PM : ping
5/14/2021 11:19:44 PM : ping
5/14/2021 11:19:45 PM : ping
5/14/2021 11:19:45 PM : ping
5/14/2021 11:19:45 PM : ping
5/14/2021 11:19:46 PM : ping
5/14/2021 11:19:46 PM : ping
5/14/2021 11:19:46 PM : ping
5/14/2021 11:19:48 PM : ping
5/14/2021 11:19:48 PM : ping
5/14/2021 11:19:48 PM : ping
5/14/2021 11:19:49 PM : ping
5/14/2021 11:19:49 PM : ping
5/14/2021 11:19:49 PM : ping
5/14/2021 11:19:50 PM : ping
5/14/2021 11:19:50 PM : ping
5/14/2021 11:19:50 PM : ping
5/14/2021 11:19:51 PM : ping
5/14/2021 11:19:51 PM : ping
5/14/2021 11:19:51 PM : ping
5/14/2021 11:19:52 PM : ping
5/14/2021 11:19:52 PM : ping
5/14/2021 11:19:52 PM : ping
5/14/2021 11:19:53 PM : ping
5/14/2021 11:19:53 PM : ping
5/14/2021 11:19:53 PM : ping
5/14/2021 11:19:54 PM : ping
5/14/2021 11:19:54 PM : ping
5/14/2021 11:19:54 PM : ping
5/14/2021 11:19:55 PM : ping
5/14/2021 11:19:55 PM : ping
5/14/2021 11:19:55 PM : ping
5/14/2021 11:19:56 PM : ping
5/14/2021 11:19:56 PM : ping
5/14/2021 11:19:56 PM : ping
5/14/2021 11:19:58 PM : ping
5/14/2021 11:19:58 PM : ping
5/14/2021 11:19:58 PM : ping
5/14/2021 11:19:59 PM : ping
5/14/2021 11:19:59 PM : ping
5/14/2021 11:19:59 PM : ping
5/14/2021 11:20:00 PM : ping
5/14/2021 11:20:00 PM : ping
5/14/2021 11:20:00 PM : ping
5/14/2021 11:20:01 PM : ping
5/14/2021 11:20:01 PM : ping
5/14/2021 11:20:01 PM : ping
5/14/2021 11:20:02 PM : ping
5/14/2021 11:20:02 PM : ping
5/14/2021 11:20:02 PM : ping
5/14/2021 11:20:03 PM : ping
5/14/2021 11:20:03 PM : ping
5/14/2021 11:20:03 PM : ping
5/14/2021 11:20:04 PM : ping
5/14/2021 11:20:04 PM : ping
5/14/2021 11:20:04 PM : ping
5/14/2021 11:20:05 PM : ping
5/14/2021 11:20:05 PM : ping
5/14/2021 11:20:05 PM : ping
5/14/2021 11:20:06 PM : ping
5/14/2021 11:20:06 PM : ping
5/14/2021 11:20:07 PM : ping
5/14/2021 11:20:08 PM : ping
5/14/2021 11:20:08 PM : ping
5/14/2021 11:20:08 PM : ping
5/14/2021 11:20:09 PM : ping
5/14/2021 11:20:09 PM : ping
5/14/2021 11:20:09 PM : ping
5/14/2021 11:20:10 PM : ping
5/14/2021 11:20:10 PM : ping
5/14/2021 11:20:10 PM : ping
5/14/2021 11:20:11 PM : ping
5/14/2021 11:20:11 PM : ping
5/14/2021 11:20:11 PM : ping
5/14/2021 11:20:12 PM : ping
5/14/2021 11:20:12 PM : ping
5/14/2021 11:20:12 PM : ping
5/14/2021 11:20:13 PM : ping
5/14/2021 11:20:13 PM : ping
5/14/2021 11:20:13 PM : ping
5/14/2021 11:20:14 PM : ping
5/14/2021 11:20:14 PM : ping
5/14/2021 11:20:14 PM : ping
5/14/2021 11:20:15 PM : ping
5/14/2021 11:20:15 PM : ping
5/14/2021 11:20:15 PM : ping
5/14/2021 11:20:17 PM : ping
5/14/2021 11:20:17 PM : ping
5/14/2021 11:20:17 PM : ping
5/14/2021 11:20:18 PM : ping
5/14/2021 11:20:18 PM : ping
5/14/2021 11:20:18 PM : ping
5/14/2021 11:20:19 PM : ping
5/14/2021 11:20:19 PM : ping
5/14/2021 11:20:19 PM : ping
5/14/2021 11:20:20 PM : ping
5/14/2021 11:20:20 PM : ping
5/14/2021 11:20:20 PM : ping
5/14/2021 11:20:21 PM : ping
5/14/2021 11:20:21 PM : ping
5/14/2021 11:20:21 PM : ping
5/14/2021 11:20:22 PM : ping
5/14/2021 11:20:22 PM : ping
5/14/2021 11:20:22 PM : ping
5/14/2021 11:20:23 PM : ping
5/14/2021 11:20:23 PM : ping
5/14/2021 11:20:23 PM : ping
5/14/2021 11:20:24 PM : ping
5/14/2021 11:20:24 PM : ping
5/14/2021 11:20:24 PM : ping
5/14/2021 11:20:25 PM : ping
5/14/2021 11:20:25 PM : ping
5/14/2021 11:20:25 PM : ping
5/14/2021 11:20:27 PM : ping
5/14/2021 11:20:27 PM : ping
5/14/2021 11:20:27 PM : ping
5/14/2021 11:20:28 PM : ping
5/14/2021 11:20:28 PM : ping
5/14/2021 11:20:28 PM : ping
5/14/2021 11:20:29 PM : ping
5/14/2021 11:20:29 PM : ping
5/14/2021 11:20:29 PM : ping
5/14/2021 11:20:30 PM : ping
5/14/2021 11:20:30 PM : ping
5/14/2021 11:20:30 PM : ping
5/14/2021 11:20:31 PM : ping
5/14/2021 11:20:31 PM : ping
5/14/2021 11:20:31 PM : ping
5/14/2021 11:20:32 PM : ping
5/14/2021 11:20:32 PM : ping
5/14/2021 11:20:32 PM : ping
5/14/2021 11:20:33 PM : ping
5/14/2021 11:20:33 PM : ping
5/14/2021 11:20:33 PM : ping
5/14/2021 11:20:34 PM : ping
5/14/2021 11:20:34 PM : ping
5/14/2021 11:20:34 PM : ping
5/14/2021 11:20:36 PM : ping
5/14/2021 11:20:36 PM : ping
5/14/2021 11:20:36 PM : ping
5/14/2021 11:20:37 PM : ping
5/14/2021 11:20:37 PM : ping
5/14/2021 11:20:37 PM : ping
5/14/2021 11:20:38 PM : ping
5/14/2021 11:20:38 PM : ping
5/14/2021 11:20:38 PM : ping
5/14/2021 11:20:39 PM : ping
5/14/2021 11:20:39 PM : ping
5/14/2021 11:20:39 PM : ping
5/14/2021 11:20:40 PM : ping
5/14/2021 11:20:40 PM : ping
5/14/2021 11:20:40 PM : ping
5/14/2021 11:20:41 PM : ping
5/14/2021 11:20:41 PM : ping
5/14/2021 11:20:41 PM : ping
5/14/2021 11:20:42 PM : ping
5/14/2021 11:20:42 PM : ping
5/14/2021 11:20:42 PM : ping
5/14/2021 11:20:43 PM : ping
5/14/2021 11:20:43 PM : ping
5/14/2021 11:20:43 PM : ping
5/14/2021 11:20:44 PM : ping
5/14/2021 11:20:44 PM : ping
5/14/2021 11:20:45 PM : ping
5/14/2021 11:20:45 PM : kService.requestChannels.Count :1
5/14/2021 11:20:46 PM : ping
5/14/2021 11:20:46 PM : ping
5/14/2021 11:20:46 PM : ping
5/14/2021 11:20:47 PM : ping
5/14/2021 11:20:47 PM : ping
5/14/2021 11:20:47 PM : ping
5/14/2021 11:20:47 PM : kService.requestChannels.Count :0
5/14/2021 11:20:47 PM : kService.requestChannels.Count :0
5/14/2021 11:20:48 PM : ping
5/14/2021 11:20:48 PM : ping
5/14/2021 11:20:48 PM : ping
5/14/2021 11:20:49 PM : ping
5/14/2021 11:20:49 PM : ping
5/14/2021 11:20:49 PM : ping
5/14/2021 11:20:50 PM : ping
5/14/2021 11:20:50 PM : ping
5/14/2021 11:20:50 PM : ping
5/14/2021 11:20:51 PM : ping
5/14/2021 11:20:51 PM : ping
5/14/2021 11:20:51 PM : ping
5/14/2021 11:20:52 PM : ping
5/14/2021 11:20:52 PM : ping
5/14/2021 11:20:52 PM : ping
5/14/2021 11:20:53 PM : kService.requestChannels.Count :0
5/14/2021 11:20:53 PM : ping
5/14/2021 11:20:53 PM : ping
5/14/2021 11:20:53 PM : ping
5/14/2021 11:20:55 PM : ping
5/14/2021 11:20:55 PM : ping
5/14/2021 11:20:55 PM : ping
5/14/2021 11:20:56 PM : ping
5/14/2021 11:20:56 PM : ping
5/14/2021 11:20:56 PM : ping
5/14/2021 11:20:57 PM : ping
5/14/2021 11:20:57 PM : ping
5/14/2021 11:20:57 PM : ping
5/14/2021 11:20:58 PM : ping
5/14/2021 11:20:58 PM : ping
5/14/2021 11:20:58 PM : ping
5/14/2021 11:20:59 PM : ping
5/14/2021 11:20:59 PM : ping
5/14/2021 11:20:59 PM : ping
5/14/2021 11:21:00 PM : ping
5/14/2021 11:21:00 PM : ping
5/14/2021 11:21:00 PM : ping
5/14/2021 11:21:01 PM : ping
5/14/2021 11:21:01 PM : ping
5/14/2021 11:21:01 PM : ping
5/14/2021 11:21:02 PM : ping
5/14/2021 11:21:02 PM : ping
5/14/2021 11:21:02 PM : ping
5/14/2021 11:21:03 PM : ping
5/14/2021 11:21:03 PM : ping
5/14/2021 11:21:03 PM : ping
5/14/2021 11:21:04 PM : ping
5/14/2021 11:21:04 PM : ping
5/14/2021 11:21:05 PM : ping
5/14/2021 11:21:06 PM : ping
5/14/2021 11:21:06 PM : ping
5/14/2021 11:21:06 PM : ping
5/14/2021 11:21:07 PM : ping
5/14/2021 11:21:07 PM : ping
5/14/2021 11:21:07 PM : ping
5/14/2021 11:21:08 PM : ping
5/14/2021 11:21:08 PM : ping
5/14/2021 11:21:08 PM : ping
5/14/2021 11:21:09 PM : ping
5/14/2021 11:21:09 PM : ping
5/14/2021 11:21:09 PM : ping
5/14/2021 11:21:10 PM : ping
5/14/2021 11:21:10 PM : ping
5/14/2021 11:21:10 PM : ping
5/14/2021 11:21:11 PM : kService.requestChannels.Count :0
5/14/2021 11:21:11 PM : ping
5/14/2021 11:21:11 PM : ping
5/14/2021 11:21:11 PM : ping
5/14/2021 11:21:12 PM : ping
5/14/2021 11:21:12 PM : ping
5/14/2021 11:21:12 PM : ping
5/14/2021 11:21:13 PM : ping
5/14/2021 11:21:13 PM : ping
5/14/2021 11:21:13 PM : ping
5/14/2021 11:21:14 PM : ping
5/14/2021 11:21:14 PM : ping
5/14/2021 11:21:14 PM : ping
5/14/2021 11:21:16 PM : ping
5/14/2021 11:21:16 PM : ping
5/14/2021 11:21:16 PM : ping
5/14/2021 11:21:17 PM : ping
5/14/2021 11:21:17 PM : ping
5/14/2021 11:21:17 PM : ping
5/14/2021 11:21:18 PM : ping
5/14/2021 11:21:18 PM : ping
5/14/2021 11:21:18 PM : ping
5/14/2021 11:21:19 PM : ping
5/14/2021 11:21:19 PM : ping
5/14/2021 11:21:19 PM : ping
5/14/2021 11:21:20 PM : ping
5/14/2021 11:21:20 PM : ping
5/14/2021 11:21:20 PM : ping
5/14/2021 11:21:21 PM : ping
5/14/2021 11:21:21 PM : ping
5/14/2021 11:21:21 PM : ping
5/14/2021 11:21:22 PM : ping
5/14/2021 11:21:22 PM : ping
5/14/2021 11:21:22 PM : ping
5/14/2021 11:21:23 PM : ping
5/14/2021 11:21:23 PM : ping
5/14/2021 11:21:23 PM : ping
5/14/2021 11:21:24 PM : ping
5/14/2021 11:21:24 PM : ping
5/14/2021 11:21:24 PM : ping
5/14/2021 11:21:26 PM : ping
5/14/2021 11:21:26 PM : ping
5/14/2021 11:21:26 PM : ping
5/14/2021 11:21:27 PM : ping
5/14/2021 11:21:27 PM : ping
5/14/2021 11:21:27 PM : ping
5/14/2021 11:21:28 PM : ping
5/14/2021 11:21:28 PM : ping
5/14/2021 11:21:28 PM : ping
5/14/2021 11:21:29 PM : ping
5/14/2021 11:21:29 PM : ping
5/14/2021 11:21:29 PM : ping
5/14/2021 11:21:30 PM : ping
5/14/2021 11:21:30 PM : ping
5/14/2021 11:21:30 PM : ping
5/14/2021 11:21:31 PM : ping
5/14/2021 11:21:31 PM : ping
5/14/2021 11:21:31 PM : ping
5/14/2021 11:21:32 PM : ping
5/14/2021 11:21:32 PM : ping
5/14/2021 11:21:32 PM : ping
5/14/2021 11:21:33 PM : ping
5/14/2021 11:21:33 PM : ping
5/14/2021 11:21:33 PM : ping
5/14/2021 11:21:34 PM : ping
5/14/2021 11:21:34 PM : ping
5/14/2021 11:21:34 PM : ping
5/14/2021 11:21:36 PM : ping
5/14/2021 11:21:36 PM : ping
5/14/2021 11:21:36 PM : ping
5/14/2021 11:21:37 PM : ping
5/14/2021 11:21:37 PM : ping
5/14/2021 11:21:37 PM : ping
5/14/2021 11:21:38 PM : ping
5/14/2021 11:21:38 PM : ping
5/14/2021 11:21:38 PM : ping
5/14/2021 11:21:39 PM : ping
5/14/2021 11:21:39 PM : ping
5/14/2021 11:21:39 PM : ping
5/14/2021 11:21:40 PM : ping
5/14/2021 11:21:40 PM : ping
5/14/2021 11:21:40 PM : ping
5/14/2021 11:21:41 PM : ping
5/14/2021 11:21:41 PM : ping
5/14/2021 11:21:41 PM : ping
5/14/2021 11:21:42 PM : ping
5/14/2021 11:21:42 PM : ping
5/14/2021 11:21:42 PM : ping
5/14/2021 11:21:43 PM : ping
5/14/2021 11:21:43 PM : ping
5/14/2021 11:21:43 PM : ping
5/14/2021 11:21:44 PM : ping
5/14/2021 11:21:44 PM : ping
5/14/2021 11:21:44 PM : ping
5/14/2021 11:21:45 PM : ping
5/14/2021 11:21:45 PM : ping
5/14/2021 11:21:45 PM : ping
5/14/2021 11:21:47 PM : ping
5/14/2021 11:21:47 PM : ping
5/14/2021 11:21:47 PM : ping
5/14/2021 11:21:48 PM : ping
5/14/2021 11:21:48 PM : ping
5/14/2021 11:21:48 PM : ping
5/14/2021 11:21:49 PM : ping
5/14/2021 11:21:49 PM : ping
5/14/2021 11:21:49 PM : ping
5/14/2021 11:21:50 PM : ping
5/14/2021 11:21:50 PM : ping
5/14/2021 11:21:50 PM : ping
5/14/2021 11:21:51 PM : ping
5/14/2021 11:21:51 PM : ping
5/14/2021 11:21:51 PM : ping
5/14/2021 11:21:52 PM : ping
5/14/2021 11:21:52 PM : ping
5/14/2021 11:21:52 PM : ping
5/14/2021 11:21:53 PM : ping
5/14/2021 11:21:53 PM : ping
5/14/2021 11:21:53 PM : ping
5/14/2021 11:21:54 PM : ping
5/14/2021 11:21:54 PM : ping
5/14/2021 11:21:54 PM : ping
5/14/2021 11:21:55 PM : ping
5/14/2021 11:21:55 PM : ping
5/14/2021 11:21:55 PM : ping
5/14/2021 11:21:57 PM : ping
5/14/2021 11:21:57 PM : ping
5/14/2021 11:21:57 PM : ping
5/14/2021 11:21:58 PM : ping
5/14/2021 11:21:58 PM : ping
5/14/2021 11:21:58 PM : ping
5/14/2021 11:21:59 PM : ping
5/14/2021 11:21:59 PM : ping
5/14/2021 11:21:59 PM : ping
5/14/2021 11:22:00 PM : ping
5/14/2021 11:22:00 PM : ping
5/14/2021 11:22:00 PM : ping
5/14/2021 11:22:01 PM : ping
5/14/2021 11:22:01 PM : ping
5/14/2021 11:22:01 PM : ping
5/14/2021 11:22:02 PM : ping
5/14/2021 11:22:02 PM : ping
5/14/2021 11:22:02 PM : ping
5/14/2021 11:22:03 PM : ping
5/14/2021 11:22:03 PM : ping
5/14/2021 11:22:03 PM : ping
5/14/2021 11:22:04 PM : ping
5/14/2021 11:22:04 PM : ping
5/14/2021 11:22:04 PM : ping
5/14/2021 11:22:05 PM : ping
5/14/2021 11:22:05 PM : ping
5/14/2021 11:22:05 PM : ping
5/14/2021 11:22:07 PM : ping
5/14/2021 11:22:07 PM : ping
5/14/2021 11:22:07 PM : ping
5/14/2021 11:22:08 PM : ping
5/14/2021 11:22:08 PM : ping
5/14/2021 11:22:08 PM : ping
5/14/2021 11:22:09 PM : ping
5/14/2021 11:22:09 PM : ping
5/14/2021 11:22:09 PM : ping
