log begin
..............
5/9/2021 2:28:34 PM : ping
5/9/2021 2:28:34 PM : ping
5/9/2021 2:28:34 PM : ping
5/9/2021 2:28:35 PM : ping
5/9/2021 2:28:35 PM : ping
5/9/2021 2:28:35 PM : ping
5/9/2021 2:28:36 PM : ping
5/9/2021 2:28:36 PM : ping
5/9/2021 2:28:36 PM : ping
5/9/2021 2:28:37 PM : ping
5/9/2021 2:28:37 PM : ping
5/9/2021 2:28:37 PM : ping
5/9/2021 2:28:38 PM : ping
5/9/2021 2:28:38 PM : ping
5/9/2021 2:28:38 PM : ping
5/9/2021 2:28:39 PM : ping
5/9/2021 2:28:39 PM : ping
5/9/2021 2:28:39 PM : ping
5/9/2021 2:28:41 PM : ping
5/9/2021 2:28:41 PM : ping
5/9/2021 2:28:41 PM : ping
5/9/2021 2:28:42 PM : ping
5/9/2021 2:28:42 PM : ping
5/9/2021 2:28:42 PM : ping
5/9/2021 2:28:43 PM : ping
5/9/2021 2:28:43 PM : ping
5/9/2021 2:28:43 PM : ping
5/9/2021 2:28:44 PM : ping
5/9/2021 2:28:44 PM : ping
5/9/2021 2:28:44 PM : ping
5/9/2021 2:28:45 PM : ping
5/9/2021 2:28:45 PM : ping
5/9/2021 2:28:45 PM : ping
5/9/2021 2:28:46 PM : ping
5/9/2021 2:28:46 PM : ping
5/9/2021 2:28:46 PM : ping
5/9/2021 2:28:47 PM : ping
5/9/2021 2:28:47 PM : ping
5/9/2021 2:28:47 PM : ping
5/9/2021 2:28:48 PM : ping
5/9/2021 2:28:48 PM : ping
5/9/2021 2:28:48 PM : ping
5/9/2021 2:28:49 PM : ping
5/9/2021 2:28:49 PM : ping
5/9/2021 2:28:49 PM : ping
5/9/2021 2:28:49 PM : launch server at port: 7003
5/9/2021 2:28:51 PM : ping
5/9/2021 2:28:51 PM : ping
5/9/2021 2:28:51 PM : ping
5/9/2021 2:28:52 PM : ping
5/9/2021 2:28:52 PM : ping
5/9/2021 2:28:52 PM : ping
5/9/2021 2:28:53 PM : ping
5/9/2021 2:28:53 PM : ping
5/9/2021 2:28:53 PM : ping
5/9/2021 2:28:54 PM : ping
5/9/2021 2:28:54 PM : ping
5/9/2021 2:28:54 PM : ping
5/9/2021 2:28:55 PM : launch server at port: 7004
5/9/2021 2:28:55 PM : ping
5/9/2021 2:28:55 PM : ping
5/9/2021 2:28:55 PM : ping
5/9/2021 2:28:55 PM : launch server at port: 7005
5/9/2021 2:28:56 PM : ping
5/9/2021 2:28:56 PM : ping
5/9/2021 2:28:56 PM : ping
5/9/2021 2:28:57 PM : ping
5/9/2021 2:28:57 PM : ping
5/9/2021 2:28:57 PM : ping
5/9/2021 2:28:58 PM : ping
5/9/2021 2:28:58 PM : ping
5/9/2021 2:28:58 PM : ping
5/9/2021 2:28:59 PM : ping
5/9/2021 2:28:59 PM : ping
5/9/2021 2:28:59 PM : ping
5/9/2021 2:29:01 PM : ping
5/9/2021 2:29:01 PM : ping
5/9/2021 2:29:01 PM : ping
5/9/2021 2:29:01 PM : launch server at port: 7006
5/9/2021 2:29:02 PM : ping
5/9/2021 2:29:02 PM : ping
5/9/2021 2:29:02 PM : ping
5/9/2021 2:29:02 PM : launch server at port: 7007
5/9/2021 2:29:03 PM : ping
5/9/2021 2:29:03 PM : ping
5/9/2021 2:29:03 PM : ping
5/9/2021 2:29:04 PM : ping
5/9/2021 2:29:04 PM : ping
5/9/2021 2:29:04 PM : ping
5/9/2021 2:29:05 PM : ping
5/9/2021 2:29:05 PM : ping
5/9/2021 2:29:05 PM : ping
5/9/2021 2:29:06 PM : ping
5/9/2021 2:29:06 PM : ping
5/9/2021 2:29:06 PM : ping
5/9/2021 2:29:07 PM : ping
5/9/2021 2:29:07 PM : ping
5/9/2021 2:29:07 PM : ping
5/9/2021 2:29:08 PM : ping
5/9/2021 2:29:08 PM : ping
5/9/2021 2:29:08 PM : ping
5/9/2021 2:29:09 PM : launch server at port: 7008
5/9/2021 2:29:09 PM : ping
5/9/2021 2:29:09 PM : ping
5/9/2021 2:29:09 PM : ping
5/9/2021 2:29:10 PM : launch server at port: 7009
5/9/2021 2:29:11 PM : ping
5/9/2021 2:29:11 PM : ping
5/9/2021 2:29:11 PM : ping
5/9/2021 2:29:12 PM : ping
5/9/2021 2:29:12 PM : ping
5/9/2021 2:29:12 PM : ping
5/9/2021 2:29:13 PM : ping
5/9/2021 2:29:13 PM : ping
5/9/2021 2:29:13 PM : ping
5/9/2021 2:29:14 PM : ping
5/9/2021 2:29:14 PM : ping
5/9/2021 2:29:14 PM : ping
5/9/2021 2:29:15 PM : ping
5/9/2021 2:29:15 PM : ping
5/9/2021 2:29:15 PM : ping
5/9/2021 2:29:15 PM : launch server at port: 7010
5/9/2021 2:29:16 PM : launch server at port: 7011
5/9/2021 2:29:16 PM : ping
5/9/2021 2:29:16 PM : ping
5/9/2021 2:29:16 PM : ping
5/9/2021 2:29:17 PM : ping
5/9/2021 2:29:17 PM : ping
5/9/2021 2:29:17 PM : ping
5/9/2021 2:29:18 PM : ping
5/9/2021 2:29:18 PM : ping
5/9/2021 2:29:18 PM : ping
5/9/2021 2:29:19 PM : ping
5/9/2021 2:29:19 PM : ping
5/9/2021 2:29:19 PM : ping
5/9/2021 2:29:21 PM : ping
5/9/2021 2:29:21 PM : ping
5/9/2021 2:29:21 PM : ping
5/9/2021 2:29:21 PM : launch server at port: 7012
5/9/2021 2:29:22 PM : ping
5/9/2021 2:29:22 PM : ping
5/9/2021 2:29:22 PM : ping
5/9/2021 2:29:23 PM : ping
5/9/2021 2:29:23 PM : ping
5/9/2021 2:29:23 PM : ping
5/9/2021 2:29:24 PM : ping
5/9/2021 2:29:24 PM : ping
5/9/2021 2:29:24 PM : ping
5/9/2021 2:29:25 PM : ping
5/9/2021 2:29:25 PM : ping
5/9/2021 2:29:25 PM : ping
5/9/2021 2:29:25 PM : launch server at port: 7013
5/9/2021 2:29:26 PM : ping
5/9/2021 2:29:26 PM : ping
5/9/2021 2:29:26 PM : ping
5/9/2021 2:29:27 PM : ping
5/9/2021 2:29:27 PM : ping
5/9/2021 2:29:27 PM : ping
5/9/2021 2:29:28 PM : ping
5/9/2021 2:29:28 PM : ping
5/9/2021 2:29:28 PM : ping
5/9/2021 2:29:29 PM : ping
5/9/2021 2:29:29 PM : ping
5/9/2021 2:29:29 PM : ping
5/9/2021 2:29:30 PM : ping
5/9/2021 2:29:30 PM : ping
5/9/2021 2:29:30 PM : ping
5/9/2021 2:29:32 PM : ping
5/9/2021 2:29:32 PM : ping
5/9/2021 2:29:32 PM : ping
5/9/2021 2:29:33 PM : ping
5/9/2021 2:29:33 PM : ping
5/9/2021 2:29:33 PM : ping
5/9/2021 2:29:33 PM : launch server at port: 7014
5/9/2021 2:29:34 PM : ping
5/9/2021 2:29:34 PM : ping
5/9/2021 2:29:34 PM : ping
5/9/2021 2:29:35 PM : ping
5/9/2021 2:29:35 PM : ping
5/9/2021 2:29:35 PM : ping
5/9/2021 2:29:36 PM : ping
5/9/2021 2:29:36 PM : ping
5/9/2021 2:29:36 PM : ping
5/9/2021 2:29:37 PM : ping
5/9/2021 2:29:37 PM : ping
5/9/2021 2:29:37 PM : ping
5/9/2021 2:29:38 PM : ping
5/9/2021 2:29:38 PM : ping
5/9/2021 2:29:38 PM : ping
5/9/2021 2:29:39 PM : launch server at port: 7015
5/9/2021 2:29:39 PM : ping
5/9/2021 2:29:39 PM : ping
5/9/2021 2:29:39 PM : ping
5/9/2021 2:29:40 PM : launch server at port: 7016
5/9/2021 2:29:40 PM : ping
5/9/2021 2:29:40 PM : ping
5/9/2021 2:29:40 PM : ping
5/9/2021 2:29:42 PM : ping
5/9/2021 2:29:42 PM : ping
5/9/2021 2:29:42 PM : ping
5/9/2021 2:29:43 PM : ping
5/9/2021 2:29:43 PM : ping
5/9/2021 2:29:43 PM : ping
5/9/2021 2:29:44 PM : ping
5/9/2021 2:29:44 PM : ping
5/9/2021 2:29:44 PM : ping
5/9/2021 2:29:45 PM : ping
5/9/2021 2:29:45 PM : ping
5/9/2021 2:29:45 PM : ping
5/9/2021 2:29:46 PM : ping
5/9/2021 2:29:46 PM : ping
5/9/2021 2:29:46 PM : ping
5/9/2021 2:29:47 PM : ping
5/9/2021 2:29:47 PM : ping
5/9/2021 2:29:47 PM : ping
5/9/2021 2:29:48 PM : ping
5/9/2021 2:29:48 PM : ping
5/9/2021 2:29:48 PM : ping
5/9/2021 2:29:49 PM : ping
5/9/2021 2:29:49 PM : ping
5/9/2021 2:29:49 PM : ping
5/9/2021 2:29:50 PM : ping
5/9/2021 2:29:50 PM : ping
5/9/2021 2:29:50 PM : ping
5/9/2021 2:29:51 PM : ping
5/9/2021 2:29:51 PM : ping
5/9/2021 2:29:52 PM : ping
5/9/2021 2:29:53 PM : ping
5/9/2021 2:29:53 PM : ping
5/9/2021 2:29:53 PM : ping
5/9/2021 2:29:54 PM : ping
5/9/2021 2:29:54 PM : ping
5/9/2021 2:29:54 PM : ping
5/9/2021 2:29:55 PM : ping
5/9/2021 2:29:55 PM : ping
5/9/2021 2:29:55 PM : ping
5/9/2021 2:29:56 PM : ping
5/9/2021 2:29:56 PM : ping
5/9/2021 2:29:56 PM : ping
5/9/2021 2:29:57 PM : ping
5/9/2021 2:29:57 PM : ping
5/9/2021 2:29:57 PM : ping
5/9/2021 2:29:58 PM : ping
5/9/2021 2:29:58 PM : ping
5/9/2021 2:29:58 PM : ping
5/9/2021 2:29:59 PM : ping
5/9/2021 2:29:59 PM : ping
5/9/2021 2:29:59 PM : ping
5/9/2021 2:30:00 PM : ping
5/9/2021 2:30:00 PM : ping
5/9/2021 2:30:00 PM : ping
5/9/2021 2:30:01 PM : ping
5/9/2021 2:30:01 PM : ping
5/9/2021 2:30:01 PM : ping
5/9/2021 2:30:03 PM : ping
5/9/2021 2:30:03 PM : ping
5/9/2021 2:30:03 PM : ping
5/9/2021 2:30:04 PM : ping
5/9/2021 2:30:04 PM : ping
5/9/2021 2:30:04 PM : ping
5/9/2021 2:30:05 PM : ping
5/9/2021 2:30:05 PM : ping
5/9/2021 2:30:05 PM : ping
5/9/2021 2:30:06 PM : ping
5/9/2021 2:30:06 PM : ping
5/9/2021 2:30:06 PM : ping
5/9/2021 2:30:07 PM : ping
5/9/2021 2:30:07 PM : ping
5/9/2021 2:30:07 PM : ping
5/9/2021 2:30:08 PM : ping
5/9/2021 2:30:08 PM : ping
5/9/2021 2:30:08 PM : ping
5/9/2021 2:30:09 PM : ping
5/9/2021 2:30:09 PM : ping
5/9/2021 2:30:09 PM : ping
5/9/2021 2:30:10 PM : ping
5/9/2021 2:30:10 PM : ping
5/9/2021 2:30:10 PM : ping
5/9/2021 2:30:11 PM : ping
5/9/2021 2:30:11 PM : ping
5/9/2021 2:30:11 PM : ping
5/9/2021 2:30:13 PM : ping
5/9/2021 2:30:13 PM : ping
5/9/2021 2:30:13 PM : ping
5/9/2021 2:30:14 PM : ping
5/9/2021 2:30:14 PM : ping
5/9/2021 2:30:14 PM : ping
5/9/2021 2:30:15 PM : ping
5/9/2021 2:30:15 PM : ping
5/9/2021 2:30:15 PM : ping
5/9/2021 2:30:16 PM : ping
5/9/2021 2:30:16 PM : ping
5/9/2021 2:30:16 PM : ping
5/9/2021 2:30:17 PM : ping
5/9/2021 2:30:17 PM : ping
5/9/2021 2:30:17 PM : ping
5/9/2021 2:30:18 PM : ping
5/9/2021 2:30:18 PM : ping
5/9/2021 2:30:18 PM : ping
5/9/2021 2:30:19 PM : ping
5/9/2021 2:30:19 PM : ping
5/9/2021 2:30:19 PM : ping
5/9/2021 2:30:20 PM : ping
5/9/2021 2:30:20 PM : ping
5/9/2021 2:30:20 PM : ping
5/9/2021 2:30:21 PM : ping
5/9/2021 2:30:21 PM : ping
5/9/2021 2:30:21 PM : ping
5/9/2021 2:30:22 PM : ping
5/9/2021 2:30:22 PM : ping
5/9/2021 2:30:22 PM : ping
5/9/2021 2:30:24 PM : ping
5/9/2021 2:30:24 PM : ping
5/9/2021 2:30:24 PM : ping
5/9/2021 2:30:25 PM : ping
5/9/2021 2:30:25 PM : ping
5/9/2021 2:30:25 PM : ping
5/9/2021 2:30:26 PM : ping
5/9/2021 2:30:26 PM : ping
5/9/2021 2:30:26 PM : ping
5/9/2021 2:30:27 PM : ping
5/9/2021 2:30:27 PM : ping
5/9/2021 2:30:27 PM : ping
5/9/2021 2:30:28 PM : ping
5/9/2021 2:30:28 PM : ping
5/9/2021 2:30:28 PM : ping
5/9/2021 2:30:29 PM : ping
5/9/2021 2:30:29 PM : ping
5/9/2021 2:30:29 PM : ping
5/9/2021 2:30:30 PM : ping
5/9/2021 2:30:30 PM : ping
5/9/2021 2:30:30 PM : ping
5/9/2021 2:30:31 PM : ping
5/9/2021 2:30:31 PM : ping
5/9/2021 2:30:31 PM : ping
5/9/2021 2:30:32 PM : ping
5/9/2021 2:30:32 PM : ping
5/9/2021 2:30:32 PM : ping
5/9/2021 2:30:34 PM : ping
5/9/2021 2:30:34 PM : ping
5/9/2021 2:30:34 PM : ping
5/9/2021 2:30:35 PM : ping
5/9/2021 2:30:35 PM : ping
5/9/2021 2:30:35 PM : ping
5/9/2021 2:30:36 PM : ping
5/9/2021 2:30:36 PM : ping
5/9/2021 2:30:36 PM : ping
5/9/2021 2:30:37 PM : ping
5/9/2021 2:30:37 PM : ping
5/9/2021 2:30:37 PM : ping
5/9/2021 2:30:38 PM : ping
5/9/2021 2:30:38 PM : ping
5/9/2021 2:30:38 PM : ping
5/9/2021 2:30:39 PM : ping
5/9/2021 2:30:39 PM : ping
5/9/2021 2:30:39 PM : ping
5/9/2021 2:30:40 PM : ping
5/9/2021 2:30:40 PM : ping
5/9/2021 2:30:40 PM : ping
5/9/2021 2:30:41 PM : ping
5/9/2021 2:30:41 PM : ping
5/9/2021 2:30:41 PM : ping
5/9/2021 2:30:42 PM : ping
5/9/2021 2:30:42 PM : ping
5/9/2021 2:30:42 PM : ping
5/9/2021 2:30:43 PM : ping
5/9/2021 2:30:43 PM : ping
5/9/2021 2:30:43 PM : ping
5/9/2021 2:30:45 PM : ping
5/9/2021 2:30:45 PM : ping
5/9/2021 2:30:45 PM : ping
5/9/2021 2:30:46 PM : ping
5/9/2021 2:30:46 PM : ping
5/9/2021 2:30:46 PM : ping
5/9/2021 2:30:47 PM : ping
5/9/2021 2:30:47 PM : ping
5/9/2021 2:30:47 PM : ping
5/9/2021 2:30:48 PM : ping
5/9/2021 2:30:48 PM : ping
5/9/2021 2:30:48 PM : ping
5/9/2021 2:30:49 PM : ping
5/9/2021 2:30:49 PM : ping
5/9/2021 2:30:49 PM : ping
5/9/2021 2:30:50 PM : ping
5/9/2021 2:30:50 PM : ping
5/9/2021 2:30:50 PM : ping
5/9/2021 2:30:51 PM : ping
5/9/2021 2:30:51 PM : ping
5/9/2021 2:30:51 PM : ping
5/9/2021 2:30:52 PM : ping
5/9/2021 2:30:52 PM : ping
5/9/2021 2:30:52 PM : ping
5/9/2021 2:30:53 PM : ping
5/9/2021 2:30:53 PM : ping
5/9/2021 2:30:53 PM : ping
5/9/2021 2:30:55 PM : ping
5/9/2021 2:30:55 PM : ping
5/9/2021 2:30:55 PM : ping
5/9/2021 2:30:56 PM : ping
5/9/2021 2:30:56 PM : ping
5/9/2021 2:30:56 PM : ping
5/9/2021 2:30:57 PM : ping
5/9/2021 2:30:57 PM : ping
5/9/2021 2:30:57 PM : ping
5/9/2021 2:30:58 PM : ping
5/9/2021 2:30:58 PM : ping
5/9/2021 2:30:58 PM : ping
5/9/2021 2:30:59 PM : ping
5/9/2021 2:30:59 PM : ping
5/9/2021 2:30:59 PM : ping
5/9/2021 2:31:00 PM : ping
5/9/2021 2:31:00 PM : ping
5/9/2021 2:31:00 PM : ping
5/9/2021 2:31:01 PM : ping
5/9/2021 2:31:01 PM : ping
5/9/2021 2:31:01 PM : ping
5/9/2021 2:31:02 PM : ping
5/9/2021 2:31:02 PM : ping
5/9/2021 2:31:02 PM : ping
5/9/2021 2:31:03 PM : ping
5/9/2021 2:31:03 PM : ping
5/9/2021 2:31:03 PM : ping
5/9/2021 2:31:04 PM : ping
5/9/2021 2:31:04 PM : ping
5/9/2021 2:31:04 PM : ping
5/9/2021 2:31:06 PM : ping
5/9/2021 2:31:06 PM : ping
5/9/2021 2:31:06 PM : ping
5/9/2021 2:31:07 PM : ping
5/9/2021 2:31:07 PM : ping
5/9/2021 2:31:07 PM : ping
5/9/2021 2:31:08 PM : ping
5/9/2021 2:31:08 PM : ping
5/9/2021 2:31:08 PM : ping
5/9/2021 2:31:09 PM : ping
5/9/2021 2:31:09 PM : ping
5/9/2021 2:31:09 PM : ping
5/9/2021 2:31:10 PM : ping
5/9/2021 2:31:10 PM : ping
5/9/2021 2:31:10 PM : ping
5/9/2021 2:31:11 PM : ping
5/9/2021 2:31:11 PM : ping
5/9/2021 2:31:11 PM : ping
5/9/2021 2:31:12 PM : ping
5/9/2021 2:31:12 PM : ping
5/9/2021 2:31:12 PM : ping
5/9/2021 2:31:13 PM : ping
5/9/2021 2:31:13 PM : ping
5/9/2021 2:31:13 PM : ping
5/9/2021 2:31:14 PM : ping
5/9/2021 2:31:14 PM : ping
5/9/2021 2:31:14 PM : ping
5/9/2021 2:31:16 PM : ping
5/9/2021 2:31:16 PM : ping
5/9/2021 2:31:16 PM : ping
5/9/2021 2:31:17 PM : ping
5/9/2021 2:31:17 PM : ping
5/9/2021 2:31:17 PM : ping
5/9/2021 2:31:18 PM : ping
5/9/2021 2:31:18 PM : ping
5/9/2021 2:31:18 PM : ping
5/9/2021 2:31:19 PM : ping
5/9/2021 2:31:19 PM : ping
5/9/2021 2:31:19 PM : ping
5/9/2021 2:31:20 PM : ping
5/9/2021 2:31:20 PM : ping
5/9/2021 2:31:20 PM : ping
5/9/2021 2:31:21 PM : ping
5/9/2021 2:31:21 PM : ping
5/9/2021 2:31:21 PM : ping
5/9/2021 2:31:22 PM : ping
5/9/2021 2:31:22 PM : ping
5/9/2021 2:31:22 PM : ping
5/9/2021 2:31:23 PM : ping
5/9/2021 2:31:23 PM : ping
5/9/2021 2:31:23 PM : ping
5/9/2021 2:31:24 PM : ping
5/9/2021 2:31:24 PM : ping
5/9/2021 2:31:24 PM : ping
5/9/2021 2:31:26 PM : ping
5/9/2021 2:31:26 PM : ping
5/9/2021 2:31:26 PM : ping
5/9/2021 2:31:27 PM : ping
5/9/2021 2:31:27 PM : ping
5/9/2021 2:31:27 PM : ping
5/9/2021 2:31:28 PM : ping
5/9/2021 2:31:28 PM : ping
5/9/2021 2:31:28 PM : ping
5/9/2021 2:31:29 PM : ping
5/9/2021 2:31:29 PM : ping
5/9/2021 2:31:29 PM : ping
5/9/2021 2:31:30 PM : ping
5/9/2021 2:31:30 PM : ping
5/9/2021 2:31:30 PM : ping
5/9/2021 2:31:31 PM : ping
5/9/2021 2:31:31 PM : ping
5/9/2021 2:31:31 PM : ping
5/9/2021 2:31:32 PM : ping
5/9/2021 2:31:32 PM : ping
5/9/2021 2:31:32 PM : ping
5/9/2021 2:31:33 PM : ping
5/9/2021 2:31:33 PM : ping
5/9/2021 2:31:33 PM : ping
5/9/2021 2:31:34 PM : ping
5/9/2021 2:31:34 PM : ping
5/9/2021 2:31:34 PM : ping
5/9/2021 2:31:35 PM : ping
5/9/2021 2:31:35 PM : ping
5/9/2021 2:31:35 PM : ping
5/9/2021 2:31:37 PM : ping
5/9/2021 2:31:37 PM : ping
5/9/2021 2:31:37 PM : ping
5/9/2021 2:31:38 PM : ping
5/9/2021 2:31:38 PM : ping
5/9/2021 2:31:38 PM : ping
5/9/2021 2:31:39 PM : ping
5/9/2021 2:31:39 PM : ping
5/9/2021 2:31:39 PM : ping
5/9/2021 2:31:40 PM : ping
5/9/2021 2:31:40 PM : ping
5/9/2021 2:31:40 PM : ping
5/9/2021 2:31:41 PM : ping
5/9/2021 2:31:41 PM : ping
5/9/2021 2:31:41 PM : ping
5/9/2021 2:31:42 PM : ping
5/9/2021 2:31:42 PM : ping
5/9/2021 2:31:42 PM : ping
5/9/2021 2:31:43 PM : ping
5/9/2021 2:31:43 PM : ping
5/9/2021 2:31:43 PM : ping
5/9/2021 2:31:44 PM : ping
5/9/2021 2:31:44 PM : ping
5/9/2021 2:31:44 PM : ping
5/9/2021 2:31:45 PM : ping
5/9/2021 2:31:45 PM : ping
5/9/2021 2:31:45 PM : ping
5/9/2021 2:31:47 PM : ping
5/9/2021 2:31:47 PM : ping
5/9/2021 2:31:47 PM : ping
5/9/2021 2:31:48 PM : ping
5/9/2021 2:31:48 PM : ping
5/9/2021 2:31:48 PM : ping
5/9/2021 2:31:49 PM : ping
5/9/2021 2:31:49 PM : ping
5/9/2021 2:31:49 PM : ping
5/9/2021 2:31:50 PM : ping
5/9/2021 2:31:50 PM : ping
5/9/2021 2:31:50 PM : ping
5/9/2021 2:31:51 PM : ping
5/9/2021 2:31:51 PM : ping
5/9/2021 2:31:51 PM : ping
5/9/2021 2:31:52 PM : ping
5/9/2021 2:31:52 PM : ping
5/9/2021 2:31:52 PM : ping
5/9/2021 2:31:53 PM : ping
5/9/2021 2:31:53 PM : ping
5/9/2021 2:31:53 PM : ping
5/9/2021 2:31:54 PM : ping
5/9/2021 2:31:54 PM : ping
5/9/2021 2:31:54 PM : ping
5/9/2021 2:31:55 PM : ping
5/9/2021 2:31:55 PM : ping
5/9/2021 2:31:55 PM : ping
5/9/2021 2:31:56 PM : launch server at port: 7017
5/9/2021 2:31:56 PM : ping
5/9/2021 2:31:56 PM : ping
5/9/2021 2:31:57 PM : ping
5/9/2021 2:31:58 PM : ping
5/9/2021 2:31:58 PM : ping
5/9/2021 2:31:58 PM : ping
5/9/2021 2:31:59 PM : ping
5/9/2021 2:31:59 PM : ping
5/9/2021 2:31:59 PM : ping
5/9/2021 2:32:00 PM : ping
5/9/2021 2:32:00 PM : ping
5/9/2021 2:32:00 PM : ping
5/9/2021 2:32:01 PM : ping
5/9/2021 2:32:01 PM : ping
5/9/2021 2:32:01 PM : ping
5/9/2021 2:32:02 PM : ping
5/9/2021 2:32:02 PM : ping
5/9/2021 2:32:02 PM : ping
5/9/2021 2:32:03 PM : ping
5/9/2021 2:32:03 PM : ping
5/9/2021 2:32:03 PM : ping
5/9/2021 2:32:04 PM : ping
5/9/2021 2:32:04 PM : ping
5/9/2021 2:32:04 PM : ping
5/9/2021 2:32:05 PM : ping
5/9/2021 2:32:05 PM : ping
5/9/2021 2:32:05 PM : ping
5/9/2021 2:32:06 PM : ping
5/9/2021 2:32:06 PM : ping
5/9/2021 2:32:06 PM : ping
5/9/2021 2:32:08 PM : ping
5/9/2021 2:32:08 PM : ping
5/9/2021 2:32:08 PM : ping
5/9/2021 2:32:09 PM : ping
5/9/2021 2:32:09 PM : ping
5/9/2021 2:32:09 PM : ping
5/9/2021 2:32:10 PM : ping
5/9/2021 2:32:10 PM : ping
5/9/2021 2:32:10 PM : ping
5/9/2021 2:32:11 PM : ping
5/9/2021 2:32:11 PM : ping
5/9/2021 2:32:11 PM : ping
5/9/2021 2:32:12 PM : ping
5/9/2021 2:32:12 PM : ping
5/9/2021 2:32:12 PM : ping
5/9/2021 2:32:13 PM : ping
5/9/2021 2:32:13 PM : ping
5/9/2021 2:32:13 PM : ping
5/9/2021 2:32:14 PM : ping
5/9/2021 2:32:14 PM : ping
5/9/2021 2:32:14 PM : ping
5/9/2021 2:32:15 PM : ping
5/9/2021 2:32:15 PM : ping
5/9/2021 2:32:15 PM : ping
5/9/2021 2:32:16 PM : ping
5/9/2021 2:32:16 PM : ping
5/9/2021 2:32:16 PM : ping
5/9/2021 2:32:18 PM : ping
5/9/2021 2:32:18 PM : ping
5/9/2021 2:32:18 PM : ping
5/9/2021 2:32:19 PM : ping
5/9/2021 2:32:19 PM : ping
5/9/2021 2:32:19 PM : ping
5/9/2021 2:32:20 PM : ping
5/9/2021 2:32:20 PM : ping
5/9/2021 2:32:20 PM : ping
5/9/2021 2:32:21 PM : ping
5/9/2021 2:32:21 PM : ping
5/9/2021 2:32:21 PM : ping
5/9/2021 2:32:22 PM : ping
5/9/2021 2:32:22 PM : ping
5/9/2021 2:32:22 PM : ping
5/9/2021 2:32:23 PM : ping
5/9/2021 2:32:23 PM : ping
5/9/2021 2:32:23 PM : ping
5/9/2021 2:32:24 PM : ping
5/9/2021 2:32:24 PM : ping
5/9/2021 2:32:24 PM : ping
5/9/2021 2:32:25 PM : ping
5/9/2021 2:32:25 PM : ping
5/9/2021 2:32:25 PM : ping
5/9/2021 2:32:26 PM : ping
5/9/2021 2:32:26 PM : ping
5/9/2021 2:32:26 PM : ping
5/9/2021 2:32:28 PM : ping
5/9/2021 2:32:28 PM : ping
5/9/2021 2:32:28 PM : ping
5/9/2021 2:32:29 PM : ping
5/9/2021 2:32:29 PM : ping
5/9/2021 2:32:29 PM : ping
5/9/2021 2:32:30 PM : ping
5/9/2021 2:32:30 PM : ping
5/9/2021 2:32:30 PM : ping
5/9/2021 2:32:31 PM : ping
5/9/2021 2:32:31 PM : ping
5/9/2021 2:32:31 PM : ping
5/9/2021 2:32:32 PM : ping
5/9/2021 2:32:32 PM : ping
5/9/2021 2:32:32 PM : ping
5/9/2021 2:33:07 PM : ping
5/9/2021 2:33:07 PM : ping
5/9/2021 2:33:07 PM : ping
5/9/2021 2:33:08 PM : ping
5/9/2021 2:33:08 PM : ping
5/9/2021 2:33:08 PM : ping
5/9/2021 2:33:09 PM : ping
5/9/2021 2:33:09 PM : ping
5/9/2021 2:33:09 PM : ping
5/9/2021 2:33:10 PM : ping
5/9/2021 2:33:10 PM : ping
5/9/2021 2:33:10 PM : ping
5/9/2021 2:33:11 PM : launch server at port: 7018
5/9/2021 2:33:11 PM : launch server at port: 7019
5/9/2021 2:33:11 PM : ping
5/9/2021 2:33:11 PM : ping
5/9/2021 2:33:11 PM : ping
5/9/2021 2:33:12 PM : ping
5/9/2021 2:33:12 PM : ping
5/9/2021 2:33:12 PM : ping
5/9/2021 2:33:13 PM : launch server at port: 7020
5/9/2021 2:33:13 PM : launch server at port: 7021
5/9/2021 2:33:14 PM : ping
5/9/2021 2:33:14 PM : ping
5/9/2021 2:33:14 PM : ping
5/9/2021 2:33:15 PM : ping
5/9/2021 2:33:15 PM : ping
5/9/2021 2:33:15 PM : ping
5/9/2021 2:33:16 PM : ping
5/9/2021 2:33:16 PM : ping
5/9/2021 2:33:16 PM : ping
5/9/2021 2:33:17 PM : ping
5/9/2021 2:33:17 PM : ping
5/9/2021 2:33:17 PM : ping
5/9/2021 2:33:18 PM : ping
5/9/2021 2:33:18 PM : ping
5/9/2021 2:33:18 PM : ping
5/9/2021 2:33:19 PM : ping
5/9/2021 2:33:19 PM : ping
5/9/2021 2:33:19 PM : ping
5/9/2021 2:33:20 PM : ping
5/9/2021 2:33:20 PM : ping
5/9/2021 2:33:20 PM : ping
5/9/2021 2:33:21 PM : ping
5/9/2021 2:33:21 PM : ping
5/9/2021 2:33:21 PM : ping
5/9/2021 2:33:22 PM : ping
5/9/2021 2:33:22 PM : ping
5/9/2021 2:33:22 PM : ping
5/9/2021 2:33:24 PM : ping
5/9/2021 2:33:24 PM : ping
5/9/2021 2:33:24 PM : ping
5/9/2021 2:33:24 PM : kService.requestChannels.Count :75
5/9/2021 2:33:24 PM : kService.requestChannels.Count :75
5/9/2021 2:33:24 PM : kService.requestChannels.Count :74
5/9/2021 2:33:24 PM : kService.requestChannels.Count :74
5/9/2021 2:33:24 PM : kService.requestChannels.Count :73
5/9/2021 2:33:24 PM : kService.requestChannels.Count :73
5/9/2021 2:33:24 PM : kService.requestChannels.Count :72
5/9/2021 2:33:24 PM : kService.requestChannels.Count :72
5/9/2021 2:33:24 PM : kService.requestChannels.Count :71
5/9/2021 2:33:24 PM : kService.requestChannels.Count :71
5/9/2021 2:33:24 PM : kService.requestChannels.Count :70
5/9/2021 2:33:24 PM : kService.requestChannels.Count :70
5/9/2021 2:33:24 PM : kService.requestChannels.Count :69
5/9/2021 2:33:24 PM : kService.requestChannels.Count :69
5/9/2021 2:33:24 PM : kService.requestChannels.Count :68
5/9/2021 2:33:24 PM : kService.requestChannels.Count :68
5/9/2021 2:33:25 PM : kService.requestChannels.Count :67
5/9/2021 2:33:25 PM : kService.requestChannels.Count :67
5/9/2021 2:33:25 PM : kService.requestChannels.Count :66
5/9/2021 2:33:25 PM : kService.requestChannels.Count :66
5/9/2021 2:33:25 PM : ping
5/9/2021 2:33:25 PM : ping
5/9/2021 2:33:25 PM : ping
5/9/2021 2:33:25 PM : kService.requestChannels.Count :65
5/9/2021 2:33:25 PM : kService.requestChannels.Count :65
5/9/2021 2:33:25 PM : kService.requestChannels.Count :64
5/9/2021 2:33:25 PM : kService.requestChannels.Count :64
5/9/2021 2:33:25 PM : kService.requestChannels.Count :63
5/9/2021 2:33:25 PM : kService.requestChannels.Count :63
5/9/2021 2:33:25 PM : kService.requestChannels.Count :62
5/9/2021 2:33:25 PM : kService.requestChannels.Count :62
5/9/2021 2:33:25 PM : kService.requestChannels.Count :61
5/9/2021 2:33:25 PM : kService.requestChannels.Count :61
5/9/2021 2:33:25 PM : kService.requestChannels.Count :60
5/9/2021 2:33:25 PM : kService.requestChannels.Count :60
5/9/2021 2:33:25 PM : kService.requestChannels.Count :59
5/9/2021 2:33:25 PM : kService.requestChannels.Count :59
5/9/2021 2:33:26 PM : kService.requestChannels.Count :58
5/9/2021 2:33:26 PM : kService.requestChannels.Count :58
5/9/2021 2:33:26 PM : ping
5/9/2021 2:33:26 PM : ping
5/9/2021 2:33:26 PM : ping
5/9/2021 2:33:26 PM : kService.requestChannels.Count :57
5/9/2021 2:33:26 PM : kService.requestChannels.Count :57
5/9/2021 2:33:26 PM : kService.requestChannels.Count :56
5/9/2021 2:33:26 PM : kService.requestChannels.Count :56
5/9/2021 2:33:26 PM : kService.requestChannels.Count :55
5/9/2021 2:33:26 PM : kService.requestChannels.Count :55
5/9/2021 2:33:26 PM : kService.requestChannels.Count :54
5/9/2021 2:33:26 PM : kService.requestChannels.Count :54
5/9/2021 2:33:26 PM : kService.requestChannels.Count :53
5/9/2021 2:33:26 PM : kService.requestChannels.Count :53
5/9/2021 2:33:26 PM : kService.requestChannels.Count :52
5/9/2021 2:33:26 PM : kService.requestChannels.Count :52
5/9/2021 2:33:27 PM : kService.requestChannels.Count :51
5/9/2021 2:33:27 PM : kService.requestChannels.Count :51
5/9/2021 2:33:27 PM : kService.requestChannels.Count :50
5/9/2021 2:33:27 PM : kService.requestChannels.Count :50
5/9/2021 2:33:27 PM : kService.requestChannels.Count :49
5/9/2021 2:33:27 PM : kService.requestChannels.Count :49
5/9/2021 2:33:27 PM : kService.requestChannels.Count :48
5/9/2021 2:33:27 PM : kService.requestChannels.Count :48
5/9/2021 2:33:27 PM : kService.requestChannels.Count :47
5/9/2021 2:33:27 PM : kService.requestChannels.Count :47
5/9/2021 2:33:27 PM : ping
5/9/2021 2:33:27 PM : ping
5/9/2021 2:33:27 PM : ping
5/9/2021 2:33:27 PM : kService.requestChannels.Count :46
5/9/2021 2:33:27 PM : kService.requestChannels.Count :46
5/9/2021 2:33:27 PM : kService.requestChannels.Count :45
5/9/2021 2:33:27 PM : kService.requestChannels.Count :45
5/9/2021 2:33:27 PM : kService.requestChannels.Count :44
5/9/2021 2:33:27 PM : kService.requestChannels.Count :44
5/9/2021 2:33:27 PM : kService.requestChannels.Count :43
5/9/2021 2:33:27 PM : kService.requestChannels.Count :43
5/9/2021 2:33:27 PM : kService.requestChannels.Count :42
5/9/2021 2:33:27 PM : kService.requestChannels.Count :42
5/9/2021 2:33:27 PM : kService.requestChannels.Count :41
5/9/2021 2:33:27 PM : kService.requestChannels.Count :41
5/9/2021 2:33:27 PM : kService.requestChannels.Count :40
5/9/2021 2:33:27 PM : kService.requestChannels.Count :40
5/9/2021 2:33:28 PM : kService.requestChannels.Count :39
5/9/2021 2:33:28 PM : kService.requestChannels.Count :39
5/9/2021 2:33:28 PM : kService.requestChannels.Count :38
5/9/2021 2:33:28 PM : kService.requestChannels.Count :38
5/9/2021 2:33:28 PM : kService.requestChannels.Count :37
5/9/2021 2:33:28 PM : kService.requestChannels.Count :37
5/9/2021 2:33:28 PM : ping
5/9/2021 2:33:28 PM : ping
5/9/2021 2:33:28 PM : ping
5/9/2021 2:33:29 PM : kService.requestChannels.Count :36
5/9/2021 2:33:29 PM : kService.requestChannels.Count :36
5/9/2021 2:33:29 PM : ping
5/9/2021 2:33:29 PM : ping
5/9/2021 2:33:29 PM : ping
5/9/2021 2:33:29 PM : kService.requestChannels.Count :35
5/9/2021 2:33:29 PM : kService.requestChannels.Count :35
5/9/2021 2:33:30 PM : kService.requestChannels.Count :34
5/9/2021 2:33:30 PM : kService.requestChannels.Count :34
5/9/2021 2:33:30 PM : kService.requestChannels.Count :33
5/9/2021 2:33:30 PM : kService.requestChannels.Count :33
5/9/2021 2:33:30 PM : ping
5/9/2021 2:33:30 PM : ping
5/9/2021 2:33:30 PM : ping
5/9/2021 2:33:30 PM : kService.requestChannels.Count :32
5/9/2021 2:33:30 PM : kService.requestChannels.Count :32
5/9/2021 2:33:31 PM : kService.requestChannels.Count :31
5/9/2021 2:33:31 PM : kService.requestChannels.Count :31
5/9/2021 2:33:31 PM : kService.requestChannels.Count :30
5/9/2021 2:33:31 PM : kService.requestChannels.Count :30
5/9/2021 2:33:31 PM : kService.requestChannels.Count :29
5/9/2021 2:33:31 PM : kService.requestChannels.Count :29
5/9/2021 2:33:31 PM : kService.requestChannels.Count :28
5/9/2021 2:33:31 PM : kService.requestChannels.Count :28
5/9/2021 2:33:31 PM : kService.requestChannels.Count :27
5/9/2021 2:33:31 PM : kService.requestChannels.Count :27
5/9/2021 2:33:31 PM : kService.requestChannels.Count :26
5/9/2021 2:33:31 PM : kService.requestChannels.Count :26
5/9/2021 2:33:31 PM : ping
5/9/2021 2:33:31 PM : ping
5/9/2021 2:33:31 PM : ping
5/9/2021 2:33:31 PM : kService.requestChannels.Count :25
5/9/2021 2:33:31 PM : kService.requestChannels.Count :25
5/9/2021 2:33:32 PM : kService.requestChannels.Count :24
5/9/2021 2:33:32 PM : kService.requestChannels.Count :24
5/9/2021 2:33:32 PM : kService.requestChannels.Count :23
5/9/2021 2:33:32 PM : kService.requestChannels.Count :23
5/9/2021 2:33:32 PM : kService.requestChannels.Count :22
5/9/2021 2:33:32 PM : kService.requestChannels.Count :22
5/9/2021 2:33:32 PM : kService.requestChannels.Count :21
5/9/2021 2:33:32 PM : kService.requestChannels.Count :21
5/9/2021 2:33:32 PM : kService.requestChannels.Count :20
5/9/2021 2:33:32 PM : kService.requestChannels.Count :20
5/9/2021 2:33:32 PM : kService.requestChannels.Count :19
5/9/2021 2:33:32 PM : kService.requestChannels.Count :19
5/9/2021 2:33:32 PM : kService.requestChannels.Count :18
5/9/2021 2:33:32 PM : kService.requestChannels.Count :18
5/9/2021 2:33:32 PM : kService.requestChannels.Count :17
5/9/2021 2:33:32 PM : kService.requestChannels.Count :17
5/9/2021 2:33:32 PM : kService.requestChannels.Count :16
5/9/2021 2:33:32 PM : kService.requestChannels.Count :16
5/9/2021 2:33:32 PM : kService.requestChannels.Count :15
5/9/2021 2:33:32 PM : kService.requestChannels.Count :15
5/9/2021 2:33:32 PM : kService.requestChannels.Count :14
5/9/2021 2:33:32 PM : kService.requestChannels.Count :14
5/9/2021 2:33:32 PM : kService.requestChannels.Count :13
5/9/2021 2:33:32 PM : kService.requestChannels.Count :13
5/9/2021 2:33:32 PM : ping
5/9/2021 2:33:32 PM : ping
5/9/2021 2:33:32 PM : ping
5/9/2021 2:33:32 PM : kService.requestChannels.Count :12
5/9/2021 2:33:32 PM : kService.requestChannels.Count :12
5/9/2021 2:33:32 PM : kService.requestChannels.Count :11
5/9/2021 2:33:32 PM : kService.requestChannels.Count :11
5/9/2021 2:33:33 PM : kService.requestChannels.Count :10
5/9/2021 2:33:33 PM : kService.requestChannels.Count :10
5/9/2021 2:33:33 PM : kService.requestChannels.Count :9
5/9/2021 2:33:33 PM : kService.requestChannels.Count :9
5/9/2021 2:33:33 PM : kService.requestChannels.Count :8
5/9/2021 2:33:33 PM : kService.requestChannels.Count :8
5/9/2021 2:33:33 PM : kService.requestChannels.Count :7
5/9/2021 2:33:33 PM : kService.requestChannels.Count :7
5/9/2021 2:33:33 PM : kService.requestChannels.Count :6
5/9/2021 2:33:33 PM : kService.requestChannels.Count :6
5/9/2021 2:33:33 PM : kService.requestChannels.Count :5
5/9/2021 2:33:33 PM : kService.requestChannels.Count :5
5/9/2021 2:33:34 PM : ping
5/9/2021 2:33:34 PM : ping
5/9/2021 2:33:34 PM : ping
5/9/2021 2:33:34 PM : kService.requestChannels.Count :4
5/9/2021 2:33:34 PM : kService.requestChannels.Count :4
5/9/2021 2:33:34 PM : kService.requestChannels.Count :3
5/9/2021 2:33:34 PM : kService.requestChannels.Count :3
5/9/2021 2:33:34 PM : kService.requestChannels.Count :2
5/9/2021 2:33:34 PM : kService.requestChannels.Count :2
5/9/2021 2:33:35 PM : kService.requestChannels.Count :1
5/9/2021 2:33:35 PM : kService.requestChannels.Count :1
5/9/2021 2:33:35 PM : ping
5/9/2021 2:33:35 PM : ping
5/9/2021 2:33:35 PM : ping
5/9/2021 2:33:35 PM : kService.requestChannels.Count :0
5/9/2021 2:33:35 PM : kService.requestChannels.Count :0
5/9/2021 2:33:36 PM : ping
5/9/2021 2:33:36 PM : ping
5/9/2021 2:33:36 PM : ping
5/9/2021 2:33:37 PM : ping
5/9/2021 2:33:37 PM : ping
5/9/2021 2:33:37 PM : ping
5/9/2021 2:33:38 PM : ping
5/9/2021 2:33:38 PM : ping
5/9/2021 2:33:38 PM : ping
5/9/2021 2:33:39 PM : ping
5/9/2021 2:33:39 PM : ping
5/9/2021 2:33:39 PM : ping
5/9/2021 2:33:40 PM : ping
5/9/2021 2:33:40 PM : ping
5/9/2021 2:33:40 PM : ping
5/9/2021 2:33:41 PM : ping
5/9/2021 2:33:41 PM : ping
5/9/2021 2:33:41 PM : ping
5/9/2021 2:33:42 PM : ping
5/9/2021 2:33:42 PM : ping
5/9/2021 2:33:42 PM : ping
5/9/2021 2:33:44 PM : ping
5/9/2021 2:33:44 PM : ping
5/9/2021 2:33:44 PM : ping
5/9/2021 2:33:45 PM : ping
5/9/2021 2:33:45 PM : ping
5/9/2021 2:33:45 PM : ping
5/9/2021 2:33:46 PM : ping
5/9/2021 2:33:46 PM : ping
5/9/2021 2:33:46 PM : ping
5/9/2021 2:33:47 PM : ping
5/9/2021 2:33:47 PM : ping
5/9/2021 2:33:47 PM : ping
5/9/2021 2:33:48 PM : ping
5/9/2021 2:33:48 PM : ping
5/9/2021 2:33:48 PM : ping
5/9/2021 2:33:49 PM : ping
5/9/2021 2:33:49 PM : ping
5/9/2021 2:33:49 PM : ping
5/9/2021 2:33:50 PM : ping
5/9/2021 2:33:50 PM : ping
5/9/2021 2:33:50 PM : ping
5/9/2021 2:33:51 PM : ping
5/9/2021 2:33:51 PM : ping
5/9/2021 2:33:51 PM : ping
5/9/2021 2:33:52 PM : ping
5/9/2021 2:33:52 PM : ping
5/9/2021 2:33:52 PM : ping
5/9/2021 2:33:54 PM : ping
5/9/2021 2:33:54 PM : ping
5/9/2021 2:33:54 PM : ping
5/9/2021 2:33:55 PM : ping
5/9/2021 2:33:55 PM : ping
5/9/2021 2:33:55 PM : ping
5/9/2021 2:33:56 PM : ping
5/9/2021 2:33:56 PM : ping
5/9/2021 2:33:56 PM : ping
5/9/2021 2:33:57 PM : ping
5/9/2021 2:33:57 PM : ping
5/9/2021 2:33:57 PM : ping
5/9/2021 2:33:58 PM : ping
5/9/2021 2:33:58 PM : ping
5/9/2021 2:33:58 PM : ping
5/9/2021 2:33:59 PM : ping
5/9/2021 2:33:59 PM : ping
5/9/2021 2:33:59 PM : ping
5/9/2021 2:34:00 PM : ping
5/9/2021 2:34:00 PM : ping
5/9/2021 2:34:00 PM : ping
5/9/2021 2:34:01 PM : ping
5/9/2021 2:34:01 PM : ping
5/9/2021 2:34:01 PM : ping
5/9/2021 2:34:02 PM : ping
5/9/2021 2:34:02 PM : ping
5/9/2021 2:34:02 PM : ping
5/9/2021 2:34:04 PM : ping
5/9/2021 2:34:04 PM : ping
5/9/2021 2:34:04 PM : ping
5/9/2021 2:34:05 PM : ping
5/9/2021 2:34:05 PM : ping
5/9/2021 2:34:05 PM : ping
5/9/2021 2:34:06 PM : ping
5/9/2021 2:34:06 PM : ping
5/9/2021 2:34:06 PM : ping
5/9/2021 2:34:07 PM : ping
5/9/2021 2:34:07 PM : ping
5/9/2021 2:34:07 PM : ping
5/9/2021 2:34:08 PM : ping
5/9/2021 2:34:08 PM : ping
5/9/2021 2:34:08 PM : ping
5/9/2021 2:34:09 PM : ping
5/9/2021 2:34:09 PM : ping
5/9/2021 2:34:09 PM : ping
5/9/2021 2:34:10 PM : ping
5/9/2021 2:34:10 PM : ping
5/9/2021 2:34:10 PM : ping
5/9/2021 2:34:11 PM : ping
5/9/2021 2:34:11 PM : ping
5/9/2021 2:34:11 PM : ping
5/9/2021 2:34:12 PM : ping
5/9/2021 2:34:12 PM : ping
5/9/2021 2:34:12 PM : ping
5/9/2021 2:34:13 PM : ping
5/9/2021 2:34:13 PM : ping
5/9/2021 2:34:14 PM : ping
5/9/2021 2:34:15 PM : ping
5/9/2021 2:34:15 PM : ping
5/9/2021 2:34:15 PM : ping
5/9/2021 2:34:16 PM : ping
5/9/2021 2:34:16 PM : ping
5/9/2021 2:34:16 PM : ping
5/9/2021 2:34:17 PM : ping
5/9/2021 2:34:17 PM : ping
5/9/2021 2:34:17 PM : ping
5/9/2021 2:34:18 PM : ping
5/9/2021 2:34:18 PM : ping
5/9/2021 2:34:18 PM : ping
5/9/2021 2:34:19 PM : ping
5/9/2021 2:34:19 PM : ping
5/9/2021 2:34:19 PM : ping
5/9/2021 2:34:20 PM : ping
5/9/2021 2:34:20 PM : ping
5/9/2021 2:34:20 PM : ping
5/9/2021 2:34:21 PM : ping
5/9/2021 2:34:21 PM : ping
5/9/2021 2:34:21 PM : ping
5/9/2021 2:34:22 PM : ping
5/9/2021 2:34:22 PM : ping
5/9/2021 2:34:22 PM : ping
5/9/2021 2:34:23 PM : ping
5/9/2021 2:34:23 PM : ping
5/9/2021 2:34:23 PM : ping
5/9/2021 2:34:25 PM : ping
5/9/2021 2:34:25 PM : ping
5/9/2021 2:34:25 PM : ping
5/9/2021 2:34:26 PM : ping
5/9/2021 2:34:26 PM : ping
5/9/2021 2:34:26 PM : ping
5/9/2021 2:34:27 PM : ping
5/9/2021 2:34:27 PM : ping
5/9/2021 2:34:27 PM : ping
5/9/2021 2:34:28 PM : ping
5/9/2021 2:34:28 PM : ping
5/9/2021 2:34:28 PM : ping
5/9/2021 2:34:29 PM : ping
5/9/2021 2:34:29 PM : ping
5/9/2021 2:34:29 PM : ping
5/9/2021 2:34:30 PM : ping
5/9/2021 2:34:30 PM : ping
5/9/2021 2:34:30 PM : ping
5/9/2021 2:34:31 PM : ping
5/9/2021 2:34:31 PM : ping
5/9/2021 2:34:31 PM : ping
5/9/2021 2:34:32 PM : ping
5/9/2021 2:34:32 PM : ping
5/9/2021 2:34:32 PM : ping
5/9/2021 2:34:33 PM : ping
5/9/2021 2:34:33 PM : ping
5/9/2021 2:34:33 PM : ping
5/9/2021 2:34:35 PM : ping
5/9/2021 2:34:35 PM : ping
5/9/2021 2:34:35 PM : ping
5/9/2021 2:34:36 PM : ping
5/9/2021 2:34:36 PM : ping
5/9/2021 2:34:36 PM : ping
5/9/2021 2:34:37 PM : ping
5/9/2021 2:34:37 PM : ping
5/9/2021 2:34:37 PM : ping
5/9/2021 2:34:38 PM : ping
5/9/2021 2:34:38 PM : ping
5/9/2021 2:34:38 PM : ping
5/9/2021 2:34:39 PM : ping
5/9/2021 2:34:39 PM : ping
5/9/2021 2:34:39 PM : ping
5/9/2021 2:34:40 PM : ping
5/9/2021 2:34:40 PM : ping
5/9/2021 2:34:40 PM : ping
5/9/2021 2:34:41 PM : ping
5/9/2021 2:34:41 PM : ping
5/9/2021 2:34:41 PM : ping
5/9/2021 2:34:42 PM : ping
5/9/2021 2:34:42 PM : ping
5/9/2021 2:34:42 PM : ping
5/9/2021 2:34:43 PM : ping
5/9/2021 2:34:43 PM : ping
5/9/2021 2:34:43 PM : ping
5/9/2021 2:34:45 PM : ping
5/9/2021 2:34:45 PM : ping
5/9/2021 2:34:45 PM : ping
5/9/2021 2:34:46 PM : ping
5/9/2021 2:34:46 PM : ping
5/9/2021 2:34:46 PM : ping
5/9/2021 2:34:47 PM : ping
5/9/2021 2:34:47 PM : ping
5/9/2021 2:34:47 PM : ping
