log begin
..............
5/9/2021 11:34:13 PM : ping
5/9/2021 11:34:13 PM : ping
5/9/2021 11:34:13 PM : ping
5/9/2021 11:34:14 PM : ping
5/9/2021 11:34:14 PM : ping
5/9/2021 11:34:14 PM : ping
5/9/2021 11:34:15 PM : ping
5/9/2021 11:34:15 PM : ping
5/9/2021 11:34:15 PM : ping
5/9/2021 11:34:16 PM : ping
5/9/2021 11:34:16 PM : ping
5/9/2021 11:34:16 PM : ping
5/9/2021 11:34:17 PM : ping
5/9/2021 11:34:17 PM : ping
5/9/2021 11:34:17 PM : ping
5/9/2021 11:34:19 PM : ping
5/9/2021 11:34:19 PM : ping
5/9/2021 11:34:19 PM : ping
5/9/2021 11:34:20 PM : ping
5/9/2021 11:34:20 PM : ping
5/9/2021 11:34:20 PM : ping
5/9/2021 11:34:21 PM : ping
5/9/2021 11:34:21 PM : ping
5/9/2021 11:34:21 PM : ping
5/9/2021 11:34:22 PM : ping
5/9/2021 11:34:22 PM : ping
5/9/2021 11:34:22 PM : ping
5/9/2021 11:34:23 PM : ping
5/9/2021 11:34:23 PM : ping
5/9/2021 11:34:23 PM : ping
5/9/2021 11:34:24 PM : ping
5/9/2021 11:34:24 PM : ping
5/9/2021 11:34:24 PM : ping
5/9/2021 11:34:25 PM : ping
5/9/2021 11:34:25 PM : ping
5/9/2021 11:34:25 PM : ping
5/9/2021 11:34:26 PM : ping
5/9/2021 11:34:26 PM : ping
5/9/2021 11:34:26 PM : ping
5/9/2021 11:34:28 PM : ping
5/9/2021 11:34:28 PM : ping
5/9/2021 11:34:28 PM : ping
5/9/2021 11:34:29 PM : ping
5/9/2021 11:34:29 PM : ping
5/9/2021 11:34:29 PM : ping
5/9/2021 11:34:30 PM : ping
5/9/2021 11:34:30 PM : ping
5/9/2021 11:34:30 PM : ping
5/9/2021 11:34:31 PM : ping
5/9/2021 11:34:31 PM : ping
5/9/2021 11:34:31 PM : ping
5/9/2021 11:34:32 PM : ping
5/9/2021 11:34:32 PM : ping
5/9/2021 11:34:32 PM : ping
5/9/2021 11:34:33 PM : ping
5/9/2021 11:34:33 PM : ping
5/9/2021 11:34:33 PM : ping
5/9/2021 11:34:34 PM : ping
5/9/2021 11:34:34 PM : ping
5/9/2021 11:34:34 PM : ping
5/9/2021 11:34:35 PM : ping
5/9/2021 11:34:35 PM : ping
5/9/2021 11:34:35 PM : ping
5/9/2021 11:34:36 PM : launch server at port: 7003
5/9/2021 11:34:36 PM : ping
5/9/2021 11:34:36 PM : ping
5/9/2021 11:34:36 PM : ping
5/9/2021 11:34:38 PM : ping
5/9/2021 11:34:38 PM : ping
5/9/2021 11:34:38 PM : ping
5/9/2021 11:34:39 PM : ping
5/9/2021 11:34:39 PM : ping
5/9/2021 11:34:39 PM : ping
5/9/2021 11:34:40 PM : ping
5/9/2021 11:34:40 PM : ping
5/9/2021 11:34:40 PM : ping
5/9/2021 11:34:41 PM : ping
5/9/2021 11:34:41 PM : ping
5/9/2021 11:34:41 PM : ping
5/9/2021 11:34:42 PM : ping
5/9/2021 11:34:42 PM : ping
5/9/2021 11:34:42 PM : ping
5/9/2021 11:34:43 PM : ping
5/9/2021 11:34:43 PM : ping
5/9/2021 11:34:43 PM : ping
5/9/2021 11:34:44 PM : ping
5/9/2021 11:34:44 PM : ping
5/9/2021 11:34:44 PM : ping
5/9/2021 11:34:45 PM : ping
5/9/2021 11:34:45 PM : ping
5/9/2021 11:34:45 PM : ping
5/9/2021 11:34:46 PM : ping
5/9/2021 11:34:46 PM : ping
5/9/2021 11:34:46 PM : ping
5/9/2021 11:34:48 PM : ping
5/9/2021 11:34:48 PM : ping
5/9/2021 11:34:48 PM : ping
5/9/2021 11:34:49 PM : ping
5/9/2021 11:34:49 PM : ping
5/9/2021 11:34:49 PM : ping
5/9/2021 11:34:50 PM : ping
5/9/2021 11:34:50 PM : ping
5/9/2021 11:34:50 PM : ping
5/9/2021 11:34:51 PM : ping
5/9/2021 11:34:51 PM : ping
5/9/2021 11:34:51 PM : ping
5/9/2021 11:34:52 PM : ping
5/9/2021 11:34:52 PM : ping
5/9/2021 11:34:52 PM : ping
5/9/2021 11:34:53 PM : ping
5/9/2021 11:34:53 PM : ping
5/9/2021 11:34:53 PM : ping
5/9/2021 11:34:54 PM : ping
5/9/2021 11:34:54 PM : ping
5/9/2021 11:34:54 PM : ping
5/9/2021 11:34:55 PM : ping
5/9/2021 11:34:55 PM : ping
5/9/2021 11:34:55 PM : ping
5/9/2021 11:34:57 PM : ping
5/9/2021 11:34:57 PM : ping
5/9/2021 11:34:57 PM : ping
5/9/2021 11:34:58 PM : ping
5/9/2021 11:34:58 PM : ping
5/9/2021 11:34:58 PM : ping
5/9/2021 11:34:59 PM : ping
5/9/2021 11:34:59 PM : ping
5/9/2021 11:34:59 PM : ping
5/9/2021 11:35:00 PM : ping
5/9/2021 11:35:00 PM : ping
5/9/2021 11:35:00 PM : ping
5/9/2021 11:35:01 PM : ping
5/9/2021 11:35:01 PM : ping
5/9/2021 11:35:01 PM : ping
5/9/2021 11:35:02 PM : ping
5/9/2021 11:35:02 PM : ping
5/9/2021 11:35:02 PM : ping
5/9/2021 11:35:03 PM : ping
5/9/2021 11:35:03 PM : ping
5/9/2021 11:35:03 PM : ping
5/9/2021 11:35:04 PM : ping
5/9/2021 11:35:04 PM : ping
5/9/2021 11:35:04 PM : ping
5/9/2021 11:35:05 PM : ping
5/9/2021 11:35:05 PM : ping
5/9/2021 11:35:05 PM : ping
5/9/2021 11:35:07 PM : ping
5/9/2021 11:35:07 PM : ping
5/9/2021 11:35:07 PM : ping
5/9/2021 11:35:08 PM : ping
5/9/2021 11:35:08 PM : ping
5/9/2021 11:35:08 PM : ping
5/9/2021 11:35:09 PM : ping
5/9/2021 11:35:09 PM : ping
5/9/2021 11:35:09 PM : ping
5/9/2021 11:35:10 PM : ping
5/9/2021 11:35:10 PM : ping
5/9/2021 11:35:10 PM : ping
5/9/2021 11:35:11 PM : ping
5/9/2021 11:35:11 PM : ping
5/9/2021 11:35:11 PM : ping
5/9/2021 11:35:12 PM : kService.requestChannels.Count :0
5/9/2021 11:35:12 PM : kService.requestChannels.Count :0
5/9/2021 11:35:12 PM : ping
5/9/2021 11:35:12 PM : ping
5/9/2021 11:35:12 PM : ping
5/9/2021 11:35:13 PM : ping
5/9/2021 11:35:13 PM : ping
5/9/2021 11:35:13 PM : ping
5/9/2021 11:35:14 PM : ping
5/9/2021 11:35:14 PM : ping
5/9/2021 11:35:14 PM : ping
5/9/2021 11:35:15 PM : ping
5/9/2021 11:35:15 PM : ping
5/9/2021 11:35:15 PM : ping
5/9/2021 11:35:17 PM : ping
5/9/2021 11:35:17 PM : ping
5/9/2021 11:35:17 PM : ping
5/9/2021 11:35:18 PM : ping
5/9/2021 11:35:18 PM : ping
5/9/2021 11:35:18 PM : ping
5/9/2021 11:35:19 PM : ping
5/9/2021 11:35:19 PM : ping
5/9/2021 11:35:19 PM : ping
5/9/2021 11:35:20 PM : ping
5/9/2021 11:35:20 PM : ping
5/9/2021 11:35:20 PM : ping
5/9/2021 11:35:21 PM : ping
5/9/2021 11:35:21 PM : ping
5/9/2021 11:35:21 PM : ping
