log begin
..............
5/13/2021 4:33:25 PM : ping
5/13/2021 4:33:25 PM : ping
5/13/2021 4:33:25 PM : ping
5/13/2021 4:33:26 PM : ping
5/13/2021 4:33:26 PM : ping
5/13/2021 4:33:26 PM : ping
5/13/2021 4:33:27 PM : ping
5/13/2021 4:33:27 PM : ping
5/13/2021 4:33:27 PM : ping
5/13/2021 4:33:28 PM : ping
5/13/2021 4:33:28 PM : ping
5/13/2021 4:33:28 PM : ping
5/13/2021 4:33:29 PM : ping
5/13/2021 4:33:29 PM : ping
5/13/2021 4:33:29 PM : ping
5/13/2021 4:33:30 PM : ping
5/13/2021 4:33:30 PM : ping
5/13/2021 4:33:30 PM : ping
5/13/2021 4:33:32 PM : ping
5/13/2021 4:33:32 PM : ping
5/13/2021 4:33:32 PM : ping
5/13/2021 4:33:33 PM : ping
5/13/2021 4:33:33 PM : ping
5/13/2021 4:33:33 PM : ping
5/13/2021 4:33:34 PM : ping
5/13/2021 4:33:34 PM : ping
5/13/2021 4:33:34 PM : ping
5/13/2021 4:33:35 PM : ping
5/13/2021 4:33:35 PM : ping
5/13/2021 4:33:35 PM : ping
5/13/2021 4:33:36 PM : ping
5/13/2021 4:33:36 PM : ping
5/13/2021 4:33:36 PM : ping
5/13/2021 4:33:37 PM : ping
5/13/2021 4:33:37 PM : ping
5/13/2021 4:33:37 PM : ping
5/13/2021 4:33:38 PM : ping
5/13/2021 4:33:38 PM : ping
5/13/2021 4:33:38 PM : ping
5/13/2021 4:33:39 PM : ping
5/13/2021 4:33:39 PM : ping
5/13/2021 4:33:39 PM : ping
5/13/2021 4:33:40 PM : ping
5/13/2021 4:33:40 PM : ping
5/13/2021 4:33:40 PM : ping
5/13/2021 4:33:42 PM : ping
5/13/2021 4:33:42 PM : ping
5/13/2021 4:33:42 PM : ping
5/13/2021 4:33:43 PM : ping
5/13/2021 4:33:43 PM : ping
5/13/2021 4:33:43 PM : ping
5/13/2021 4:33:44 PM : ping
5/13/2021 4:33:44 PM : ping
5/13/2021 4:33:44 PM : ping
5/13/2021 4:33:45 PM : ping
5/13/2021 4:33:45 PM : ping
5/13/2021 4:33:45 PM : ping
5/13/2021 4:33:46 PM : ping
5/13/2021 4:33:46 PM : ping
5/13/2021 4:33:46 PM : ping
5/13/2021 4:33:47 PM : ping
5/13/2021 4:33:47 PM : ping
5/13/2021 4:33:47 PM : ping
5/13/2021 4:33:48 PM : ping
5/13/2021 4:33:48 PM : ping
5/13/2021 4:33:48 PM : ping
5/13/2021 4:33:49 PM : ping
5/13/2021 4:33:49 PM : ping
5/13/2021 4:33:49 PM : ping
5/13/2021 4:33:50 PM : ping
5/13/2021 4:33:50 PM : ping
5/13/2021 4:33:50 PM : ping
5/13/2021 4:33:52 PM : ping
5/13/2021 4:33:52 PM : ping
5/13/2021 4:33:52 PM : ping
5/13/2021 4:33:53 PM : ping
5/13/2021 4:33:53 PM : ping
5/13/2021 4:33:53 PM : ping
5/13/2021 4:33:54 PM : ping
5/13/2021 4:33:54 PM : ping
5/13/2021 4:33:54 PM : ping
5/13/2021 4:33:55 PM : ping
5/13/2021 4:33:55 PM : ping
5/13/2021 4:33:55 PM : ping
5/13/2021 4:33:56 PM : ping
5/13/2021 4:33:56 PM : ping
5/13/2021 4:33:56 PM : ping
5/13/2021 4:33:57 PM : ping
5/13/2021 4:33:57 PM : ping
5/13/2021 4:33:57 PM : ping
5/13/2021 4:33:58 PM : ping
5/13/2021 4:33:58 PM : ping
5/13/2021 4:33:58 PM : ping
5/13/2021 4:33:59 PM : ping
5/13/2021 4:33:59 PM : ping
5/13/2021 4:33:59 PM : ping
5/13/2021 4:34:00 PM : ping
5/13/2021 4:34:00 PM : ping
5/13/2021 4:34:00 PM : ping
5/13/2021 4:34:01 PM : ping
5/13/2021 4:34:01 PM : ping
5/13/2021 4:34:02 PM : ping
5/13/2021 4:34:03 PM : ping
5/13/2021 4:34:03 PM : ping
5/13/2021 4:34:03 PM : ping
5/13/2021 4:34:04 PM : ping
5/13/2021 4:34:04 PM : ping
5/13/2021 4:34:04 PM : ping
5/13/2021 4:34:05 PM : ping
5/13/2021 4:34:05 PM : ping
5/13/2021 4:34:05 PM : ping
5/13/2021 4:34:06 PM : ping
5/13/2021 4:34:06 PM : ping
5/13/2021 4:34:06 PM : ping
5/13/2021 4:34:07 PM : ping
5/13/2021 4:34:07 PM : ping
5/13/2021 4:34:07 PM : ping
5/13/2021 4:34:08 PM : ping
5/13/2021 4:34:08 PM : ping
5/13/2021 4:34:08 PM : ping
5/13/2021 4:34:09 PM : ping
5/13/2021 4:34:09 PM : ping
5/13/2021 4:34:09 PM : ping
5/13/2021 4:34:10 PM : ping
5/13/2021 4:34:10 PM : ping
5/13/2021 4:34:10 PM : ping
5/13/2021 4:34:11 PM : ping
5/13/2021 4:34:11 PM : ping
5/13/2021 4:34:11 PM : ping
5/13/2021 4:34:13 PM : ping
5/13/2021 4:34:13 PM : ping
5/13/2021 4:34:13 PM : ping
5/13/2021 4:34:14 PM : ping
5/13/2021 4:34:14 PM : ping
5/13/2021 4:34:14 PM : ping
5/13/2021 4:34:15 PM : ping
5/13/2021 4:34:15 PM : ping
5/13/2021 4:34:15 PM : ping
5/13/2021 4:34:15 PM : launch server at port: 7003
5/13/2021 4:34:16 PM : launch server at port: 7004
5/13/2021 4:34:16 PM : ping
5/13/2021 4:34:16 PM : ping
5/13/2021 4:34:16 PM : ping
5/13/2021 4:34:17 PM : ping
5/13/2021 4:34:17 PM : ping
5/13/2021 4:34:17 PM : ping
5/13/2021 4:34:18 PM : ping
5/13/2021 4:34:18 PM : ping
5/13/2021 4:34:18 PM : ping
5/13/2021 4:34:19 PM : ping
5/13/2021 4:34:19 PM : ping
5/13/2021 4:34:19 PM : ping
5/13/2021 4:34:20 PM : ping
5/13/2021 4:34:20 PM : ping
5/13/2021 4:34:20 PM : ping
5/13/2021 4:34:21 PM : ping
5/13/2021 4:34:21 PM : ping
5/13/2021 4:34:21 PM : ping
5/13/2021 4:34:23 PM : ping
5/13/2021 4:34:23 PM : ping
5/13/2021 4:34:23 PM : ping
5/13/2021 4:34:24 PM : ping
5/13/2021 4:34:24 PM : ping
5/13/2021 4:34:24 PM : ping
5/13/2021 4:34:25 PM : ping
5/13/2021 4:34:25 PM : ping
5/13/2021 4:34:25 PM : ping
5/13/2021 4:34:26 PM : ping
5/13/2021 4:34:26 PM : ping
5/13/2021 4:34:26 PM : ping
5/13/2021 4:34:27 PM : ping
5/13/2021 4:34:27 PM : ping
5/13/2021 4:34:27 PM : ping
5/13/2021 4:34:28 PM : ping
5/13/2021 4:34:28 PM : ping
5/13/2021 4:34:28 PM : ping
5/13/2021 4:34:29 PM : ping
5/13/2021 4:34:29 PM : ping
5/13/2021 4:34:29 PM : ping
5/13/2021 4:34:30 PM : ping
5/13/2021 4:34:30 PM : ping
5/13/2021 4:34:30 PM : ping
5/13/2021 4:34:31 PM : ping
5/13/2021 4:34:31 PM : ping
5/13/2021 4:34:31 PM : ping
5/13/2021 4:34:33 PM : ping
5/13/2021 4:34:33 PM : ping
5/13/2021 4:34:33 PM : ping
5/13/2021 4:34:34 PM : ping
5/13/2021 4:34:34 PM : ping
5/13/2021 4:34:34 PM : ping
5/13/2021 4:34:35 PM : ping
5/13/2021 4:34:35 PM : ping
5/13/2021 4:34:35 PM : ping
5/13/2021 4:34:36 PM : ping
5/13/2021 4:34:36 PM : ping
5/13/2021 4:34:36 PM : ping
5/13/2021 4:34:37 PM : ping
5/13/2021 4:34:37 PM : ping
5/13/2021 4:34:37 PM : ping
5/13/2021 4:34:38 PM : ping
5/13/2021 4:34:38 PM : ping
5/13/2021 4:34:38 PM : ping
5/13/2021 4:34:39 PM : ping
5/13/2021 4:34:39 PM : ping
5/13/2021 4:34:39 PM : ping
5/13/2021 4:34:40 PM : ping
5/13/2021 4:34:40 PM : ping
5/13/2021 4:34:40 PM : ping
5/13/2021 4:34:41 PM : ping
5/13/2021 4:34:41 PM : ping
5/13/2021 4:34:41 PM : ping
5/13/2021 4:34:43 PM : ping
5/13/2021 4:34:43 PM : ping
5/13/2021 4:34:43 PM : ping
5/13/2021 4:34:44 PM : ping
5/13/2021 4:34:44 PM : ping
5/13/2021 4:34:44 PM : ping
5/13/2021 4:34:45 PM : ping
5/13/2021 4:34:45 PM : ping
5/13/2021 4:34:45 PM : ping
5/13/2021 4:34:46 PM : ping
5/13/2021 4:34:46 PM : ping
5/13/2021 4:34:46 PM : ping
5/13/2021 4:34:47 PM : ping
5/13/2021 4:34:47 PM : ping
5/13/2021 4:34:47 PM : ping
5/13/2021 4:34:48 PM : ping
5/13/2021 4:34:48 PM : ping
5/13/2021 4:34:48 PM : ping
5/13/2021 4:34:49 PM : ping
5/13/2021 4:34:49 PM : ping
5/13/2021 4:34:49 PM : ping
5/13/2021 4:34:50 PM : ping
5/13/2021 4:34:50 PM : ping
5/13/2021 4:34:50 PM : ping
5/13/2021 4:34:51 PM : ping
5/13/2021 4:34:51 PM : ping
5/13/2021 4:34:51 PM : ping
5/13/2021 4:34:53 PM : ping
5/13/2021 4:34:53 PM : ping
5/13/2021 4:34:53 PM : ping
5/13/2021 4:34:54 PM : ping
5/13/2021 4:34:54 PM : ping
5/13/2021 4:34:54 PM : ping
5/13/2021 4:34:55 PM : ping
5/13/2021 4:34:55 PM : ping
5/13/2021 4:34:55 PM : ping
5/13/2021 4:34:56 PM : ping
5/13/2021 4:34:56 PM : ping
5/13/2021 4:34:56 PM : ping
5/13/2021 4:34:57 PM : ping
5/13/2021 4:34:57 PM : ping
5/13/2021 4:34:57 PM : ping
5/13/2021 4:34:58 PM : ping
5/13/2021 4:34:58 PM : ping
5/13/2021 4:34:58 PM : ping
5/13/2021 4:34:59 PM : ping
5/13/2021 4:34:59 PM : ping
5/13/2021 4:34:59 PM : ping
5/13/2021 4:35:00 PM : ping
5/13/2021 4:35:00 PM : ping
5/13/2021 4:35:00 PM : ping
5/13/2021 4:35:01 PM : ping
5/13/2021 4:35:01 PM : ping
5/13/2021 4:35:01 PM : ping
5/13/2021 4:35:02 PM : ping
5/13/2021 4:35:02 PM : ping
5/13/2021 4:35:02 PM : ping
5/13/2021 4:35:04 PM : ping
5/13/2021 4:35:04 PM : ping
5/13/2021 4:35:04 PM : ping
5/13/2021 4:35:05 PM : ping
5/13/2021 4:35:05 PM : ping
5/13/2021 4:35:05 PM : ping
5/13/2021 4:35:06 PM : ping
5/13/2021 4:35:06 PM : ping
5/13/2021 4:35:06 PM : ping
5/13/2021 4:35:07 PM : ping
5/13/2021 4:35:07 PM : ping
5/13/2021 4:35:07 PM : ping
5/13/2021 4:35:08 PM : ping
5/13/2021 4:35:08 PM : ping
5/13/2021 4:35:08 PM : ping
5/13/2021 4:35:09 PM : ping
5/13/2021 4:35:09 PM : ping
5/13/2021 4:35:09 PM : ping
5/13/2021 4:35:10 PM : ping
5/13/2021 4:35:10 PM : ping
5/13/2021 4:35:10 PM : ping
5/13/2021 4:35:11 PM : ping
5/13/2021 4:35:11 PM : ping
5/13/2021 4:35:11 PM : ping
5/13/2021 4:35:12 PM : ping
5/13/2021 4:35:12 PM : ping
5/13/2021 4:35:12 PM : ping
5/13/2021 4:35:14 PM : ping
5/13/2021 4:35:14 PM : ping
5/13/2021 4:35:14 PM : ping
5/13/2021 4:35:15 PM : ping
5/13/2021 4:35:15 PM : ping
5/13/2021 4:35:15 PM : ping
5/13/2021 4:35:16 PM : ping
5/13/2021 4:35:16 PM : ping
5/13/2021 4:35:16 PM : ping
5/13/2021 4:35:17 PM : ping
5/13/2021 4:35:17 PM : ping
5/13/2021 4:35:17 PM : ping
5/13/2021 4:35:18 PM : ping
5/13/2021 4:35:18 PM : ping
5/13/2021 4:35:18 PM : ping
5/13/2021 4:35:19 PM : ping
5/13/2021 4:35:19 PM : ping
5/13/2021 4:35:19 PM : ping
5/13/2021 4:35:20 PM : ping
5/13/2021 4:35:20 PM : ping
5/13/2021 4:35:20 PM : ping
5/13/2021 4:35:21 PM : ping
5/13/2021 4:35:21 PM : ping
5/13/2021 4:35:21 PM : ping
5/13/2021 4:35:22 PM : kService.requestChannels.Count :1
5/13/2021 4:35:22 PM : ping
5/13/2021 4:35:22 PM : ping
5/13/2021 4:35:22 PM : ping
5/13/2021 4:35:24 PM : ping
5/13/2021 4:35:24 PM : ping
5/13/2021 4:35:24 PM : ping
5/13/2021 4:35:25 PM : ping
5/13/2021 4:35:25 PM : ping
5/13/2021 4:35:25 PM : ping
5/13/2021 4:35:26 PM : ping
5/13/2021 4:35:26 PM : ping
5/13/2021 4:35:26 PM : ping
5/13/2021 4:35:27 PM : ping
5/13/2021 4:35:27 PM : ping
5/13/2021 4:35:27 PM : ping
5/13/2021 4:35:28 PM : ping
5/13/2021 4:35:28 PM : ping
5/13/2021 4:35:28 PM : ping
5/13/2021 4:35:29 PM : ping
5/13/2021 4:35:29 PM : ping
5/13/2021 4:35:29 PM : ping
5/13/2021 4:35:30 PM : ping
5/13/2021 4:35:30 PM : ping
5/13/2021 4:35:30 PM : ping
5/13/2021 4:35:31 PM : ping
5/13/2021 4:35:31 PM : ping
5/13/2021 4:35:31 PM : ping
5/13/2021 4:35:32 PM : ping
5/13/2021 4:35:32 PM : ping
5/13/2021 4:35:32 PM : ping
5/13/2021 4:35:34 PM : ping
5/13/2021 4:35:34 PM : ping
5/13/2021 4:35:34 PM : ping
5/13/2021 4:35:35 PM : ping
5/13/2021 4:35:35 PM : ping
5/13/2021 4:35:35 PM : ping
5/13/2021 4:35:36 PM : ping
5/13/2021 4:35:36 PM : ping
5/13/2021 4:35:36 PM : ping
5/13/2021 4:35:37 PM : ping
5/13/2021 4:35:37 PM : ping
5/13/2021 4:35:37 PM : ping
5/13/2021 4:35:38 PM : ping
5/13/2021 4:35:38 PM : ping
5/13/2021 4:35:38 PM : ping
5/13/2021 4:35:39 PM : ping
5/13/2021 4:35:39 PM : ping
5/13/2021 4:35:39 PM : ping
5/13/2021 4:35:40 PM : ping
5/13/2021 4:35:40 PM : ping
5/13/2021 4:35:40 PM : ping
5/13/2021 4:35:41 PM : ping
5/13/2021 4:35:41 PM : ping
5/13/2021 4:35:41 PM : ping
5/13/2021 4:35:42 PM : ping
5/13/2021 4:35:42 PM : ping
5/13/2021 4:35:42 PM : ping
5/13/2021 4:35:44 PM : ping
5/13/2021 4:35:44 PM : ping
5/13/2021 4:35:44 PM : ping
5/13/2021 4:35:45 PM : ping
5/13/2021 4:35:45 PM : ping
5/13/2021 4:35:45 PM : ping
