log begin
..............
5/16/2021 1:08:48 AM : ping
5/16/2021 1:08:48 AM : ping
5/16/2021 1:08:48 AM : ping
5/16/2021 1:08:49 AM : ping
5/16/2021 1:08:49 AM : ping
5/16/2021 1:08:49 AM : ping
5/16/2021 1:08:50 AM : ping
5/16/2021 1:08:50 AM : ping
5/16/2021 1:08:50 AM : ping
5/16/2021 1:08:51 AM : ping
5/16/2021 1:08:51 AM : ping
5/16/2021 1:08:51 AM : ping
5/16/2021 1:08:52 AM : ping
5/16/2021 1:08:52 AM : ping
5/16/2021 1:08:52 AM : ping
5/16/2021 1:08:53 AM : ping
5/16/2021 1:08:53 AM : ping
5/16/2021 1:08:53 AM : ping
5/16/2021 1:08:55 AM : ping
5/16/2021 1:08:55 AM : ping
5/16/2021 1:08:55 AM : ping
5/16/2021 1:08:56 AM : ping
5/16/2021 1:08:56 AM : ping
5/16/2021 1:08:56 AM : ping
5/16/2021 1:08:57 AM : ping
5/16/2021 1:08:57 AM : ping
5/16/2021 1:08:57 AM : ping
5/16/2021 1:08:58 AM : ping
5/16/2021 1:08:58 AM : ping
5/16/2021 1:08:58 AM : ping
5/16/2021 1:08:59 AM : ping
5/16/2021 1:08:59 AM : ping
5/16/2021 1:08:59 AM : ping
5/16/2021 1:09:00 AM : ping
5/16/2021 1:09:00 AM : ping
5/16/2021 1:09:00 AM : ping
5/16/2021 1:09:01 AM : ping
5/16/2021 1:09:01 AM : ping
5/16/2021 1:09:01 AM : ping
5/16/2021 1:09:02 AM : ping
5/16/2021 1:09:02 AM : ping
5/16/2021 1:09:02 AM : ping
5/16/2021 1:09:03 AM : ping
5/16/2021 1:09:03 AM : ping
5/16/2021 1:09:03 AM : ping
5/16/2021 1:09:05 AM : ping
5/16/2021 1:09:05 AM : ping
5/16/2021 1:09:05 AM : ping
5/16/2021 1:09:06 AM : ping
5/16/2021 1:09:06 AM : ping
5/16/2021 1:09:06 AM : ping
5/16/2021 1:09:07 AM : ping
5/16/2021 1:09:07 AM : ping
5/16/2021 1:09:07 AM : ping
5/16/2021 1:09:08 AM : ping
5/16/2021 1:09:08 AM : ping
5/16/2021 1:09:08 AM : ping
5/16/2021 1:09:09 AM : ping
5/16/2021 1:09:09 AM : ping
5/16/2021 1:09:09 AM : ping
5/16/2021 1:09:10 AM : ping
5/16/2021 1:09:10 AM : ping
5/16/2021 1:09:10 AM : ping
5/16/2021 1:09:11 AM : ping
5/16/2021 1:09:11 AM : ping
5/16/2021 1:09:11 AM : ping
5/16/2021 1:09:12 AM : ping
5/16/2021 1:09:12 AM : ping
5/16/2021 1:09:12 AM : ping
5/16/2021 1:09:13 AM : ping
5/16/2021 1:09:13 AM : ping
5/16/2021 1:09:13 AM : ping
5/16/2021 1:09:14 AM : ping
5/16/2021 1:09:14 AM : ping
5/16/2021 1:09:15 AM : ping
5/16/2021 1:09:16 AM : ping
5/16/2021 1:09:16 AM : ping
5/16/2021 1:09:16 AM : ping
5/16/2021 1:09:17 AM : ping
5/16/2021 1:09:17 AM : ping
5/16/2021 1:09:17 AM : ping
5/16/2021 1:09:18 AM : ping
5/16/2021 1:09:18 AM : ping
5/16/2021 1:09:18 AM : ping
5/16/2021 1:09:19 AM : ping
5/16/2021 1:09:19 AM : ping
5/16/2021 1:09:19 AM : ping
5/16/2021 1:09:20 AM : ping
5/16/2021 1:09:20 AM : ping
5/16/2021 1:09:20 AM : ping
5/16/2021 1:09:21 AM : ping
5/16/2021 1:09:21 AM : ping
5/16/2021 1:09:21 AM : ping
5/16/2021 1:09:22 AM : ping
5/16/2021 1:09:22 AM : ping
5/16/2021 1:09:22 AM : ping
5/16/2021 1:09:23 AM : ping
5/16/2021 1:09:23 AM : ping
5/16/2021 1:09:23 AM : ping
5/16/2021 1:09:24 AM : ping
5/16/2021 1:09:24 AM : ping
5/16/2021 1:09:24 AM : ping
5/16/2021 1:09:26 AM : ping
5/16/2021 1:09:26 AM : ping
5/16/2021 1:09:26 AM : ping
5/16/2021 1:09:26 AM : launch server at port: 7003
5/16/2021 1:09:27 AM : ping
5/16/2021 1:09:27 AM : ping
5/16/2021 1:09:27 AM : ping
5/16/2021 1:09:28 AM : ping
5/16/2021 1:09:28 AM : ping
5/16/2021 1:09:28 AM : ping
5/16/2021 1:09:29 AM : ping
5/16/2021 1:09:29 AM : ping
5/16/2021 1:09:29 AM : ping
5/16/2021 1:09:30 AM : ping
5/16/2021 1:09:30 AM : ping
5/16/2021 1:09:30 AM : ping
5/16/2021 1:09:30 AM : launch server at port: 7004
5/16/2021 1:09:31 AM : ping
5/16/2021 1:09:31 AM : ping
5/16/2021 1:09:31 AM : ping
5/16/2021 1:09:32 AM : ping
5/16/2021 1:09:32 AM : ping
5/16/2021 1:09:32 AM : ping
5/16/2021 1:09:33 AM : ping
5/16/2021 1:09:33 AM : ping
5/16/2021 1:09:33 AM : ping
5/16/2021 1:09:35 AM : ping
5/16/2021 1:09:35 AM : ping
5/16/2021 1:09:35 AM : ping
5/16/2021 1:09:35 AM : launch server at port: 7005
5/16/2021 1:09:36 AM : ping
5/16/2021 1:09:36 AM : ping
5/16/2021 1:09:36 AM : ping
5/16/2021 1:09:37 AM : ping
5/16/2021 1:09:37 AM : ping
5/16/2021 1:09:37 AM : ping
5/16/2021 1:09:38 AM : ping
5/16/2021 1:09:38 AM : ping
5/16/2021 1:09:38 AM : ping
5/16/2021 1:09:39 AM : ping
5/16/2021 1:09:39 AM : ping
5/16/2021 1:09:39 AM : ping
5/16/2021 1:09:40 AM : ping
5/16/2021 1:09:40 AM : ping
5/16/2021 1:09:40 AM : ping
5/16/2021 1:09:41 AM : ping
5/16/2021 1:09:41 AM : ping
5/16/2021 1:09:41 AM : ping
5/16/2021 1:09:42 AM : ping
5/16/2021 1:09:42 AM : ping
5/16/2021 1:09:42 AM : ping
5/16/2021 1:09:43 AM : ping
5/16/2021 1:09:43 AM : ping
5/16/2021 1:09:43 AM : ping
5/16/2021 1:09:44 AM : ping
5/16/2021 1:09:44 AM : ping
5/16/2021 1:09:45 AM : ping
5/16/2021 1:09:46 AM : ping
5/16/2021 1:09:46 AM : ping
5/16/2021 1:09:46 AM : ping
5/16/2021 1:09:47 AM : ping
5/16/2021 1:09:47 AM : ping
5/16/2021 1:09:47 AM : ping
5/16/2021 1:09:48 AM : ping
5/16/2021 1:09:48 AM : ping
5/16/2021 1:09:48 AM : ping
5/16/2021 1:09:49 AM : ping
5/16/2021 1:09:49 AM : ping
5/16/2021 1:09:49 AM : ping
5/16/2021 1:09:50 AM : ping
5/16/2021 1:09:50 AM : ping
5/16/2021 1:09:50 AM : ping
5/16/2021 1:09:51 AM : ping
5/16/2021 1:09:51 AM : ping
5/16/2021 1:09:51 AM : ping
5/16/2021 1:09:52 AM : ping
5/16/2021 1:09:52 AM : ping
5/16/2021 1:09:52 AM : ping
5/16/2021 1:09:53 AM : ping
5/16/2021 1:09:53 AM : ping
5/16/2021 1:09:53 AM : ping
5/16/2021 1:09:55 AM : ping
5/16/2021 1:09:55 AM : ping
5/16/2021 1:09:55 AM : ping
5/16/2021 1:09:56 AM : ping
5/16/2021 1:09:56 AM : ping
5/16/2021 1:09:56 AM : ping
5/16/2021 1:09:57 AM : ping
5/16/2021 1:09:57 AM : ping
5/16/2021 1:09:57 AM : ping
5/16/2021 1:09:58 AM : ping
5/16/2021 1:09:58 AM : ping
5/16/2021 1:09:58 AM : ping
5/16/2021 1:09:59 AM : ping
5/16/2021 1:09:59 AM : ping
5/16/2021 1:09:59 AM : ping
5/16/2021 1:10:00 AM : ping
5/16/2021 1:10:00 AM : ping
5/16/2021 1:10:00 AM : ping
5/16/2021 1:10:01 AM : ping
5/16/2021 1:10:01 AM : ping
5/16/2021 1:10:01 AM : ping
5/16/2021 1:10:02 AM : ping
5/16/2021 1:10:02 AM : ping
5/16/2021 1:10:02 AM : ping
5/16/2021 1:10:03 AM : ping
5/16/2021 1:10:03 AM : ping
5/16/2021 1:10:03 AM : ping
5/16/2021 1:10:05 AM : ping
5/16/2021 1:10:05 AM : ping
5/16/2021 1:10:05 AM : ping
5/16/2021 1:10:06 AM : ping
5/16/2021 1:10:06 AM : ping
5/16/2021 1:10:06 AM : ping
5/16/2021 1:10:07 AM : ping
5/16/2021 1:10:07 AM : ping
5/16/2021 1:10:07 AM : ping
5/16/2021 1:10:08 AM : ping
5/16/2021 1:10:08 AM : ping
5/16/2021 1:10:08 AM : ping
5/16/2021 1:10:09 AM : ping
5/16/2021 1:10:09 AM : ping
5/16/2021 1:10:09 AM : ping
5/16/2021 1:10:10 AM : ping
5/16/2021 1:10:10 AM : ping
5/16/2021 1:10:10 AM : ping
5/16/2021 1:10:11 AM : ping
5/16/2021 1:10:11 AM : ping
5/16/2021 1:10:11 AM : ping
5/16/2021 1:10:12 AM : ping
5/16/2021 1:10:12 AM : ping
5/16/2021 1:10:12 AM : ping
5/16/2021 1:10:13 AM : ping
5/16/2021 1:10:13 AM : ping
5/16/2021 1:10:13 AM : ping
5/16/2021 1:10:14 AM : ping
5/16/2021 1:10:14 AM : ping
5/16/2021 1:10:15 AM : ping
5/16/2021 1:10:16 AM : ping
5/16/2021 1:10:16 AM : ping
5/16/2021 1:10:16 AM : ping
5/16/2021 1:10:17 AM : ping
5/16/2021 1:10:17 AM : ping
5/16/2021 1:10:17 AM : ping
5/16/2021 1:10:18 AM : ping
5/16/2021 1:10:18 AM : ping
5/16/2021 1:10:18 AM : ping
5/16/2021 1:10:19 AM : ping
5/16/2021 1:10:19 AM : ping
5/16/2021 1:10:19 AM : ping
5/16/2021 1:10:20 AM : ping
5/16/2021 1:10:20 AM : ping
5/16/2021 1:10:20 AM : ping
5/16/2021 1:10:21 AM : ping
5/16/2021 1:10:21 AM : ping
5/16/2021 1:10:21 AM : ping
5/16/2021 1:10:22 AM : ping
5/16/2021 1:10:22 AM : ping
5/16/2021 1:10:22 AM : ping
5/16/2021 1:10:23 AM : ping
5/16/2021 1:10:23 AM : ping
5/16/2021 1:10:23 AM : ping
5/16/2021 1:10:24 AM : ping
5/16/2021 1:10:24 AM : ping
5/16/2021 1:10:24 AM : ping
5/16/2021 1:10:26 AM : ping
5/16/2021 1:10:26 AM : ping
5/16/2021 1:10:26 AM : ping
5/16/2021 1:10:27 AM : ping
5/16/2021 1:10:27 AM : ping
5/16/2021 1:10:27 AM : ping
5/16/2021 1:10:28 AM : ping
5/16/2021 1:10:28 AM : ping
5/16/2021 1:10:28 AM : ping
5/16/2021 1:10:29 AM : ping
5/16/2021 1:10:29 AM : ping
5/16/2021 1:10:29 AM : ping
5/16/2021 1:10:30 AM : ping
5/16/2021 1:10:30 AM : ping
5/16/2021 1:10:30 AM : ping
5/16/2021 1:10:31 AM : ping
5/16/2021 1:10:31 AM : ping
5/16/2021 1:10:31 AM : ping
5/16/2021 1:10:32 AM : ping
5/16/2021 1:10:32 AM : ping
5/16/2021 1:10:32 AM : ping
5/16/2021 1:10:33 AM : ping
5/16/2021 1:10:33 AM : ping
5/16/2021 1:10:33 AM : ping
5/16/2021 1:10:34 AM : ping
5/16/2021 1:10:34 AM : ping
5/16/2021 1:10:34 AM : ping
5/16/2021 1:10:36 AM : ping
5/16/2021 1:10:36 AM : ping
5/16/2021 1:10:36 AM : ping
5/16/2021 1:10:37 AM : ping
5/16/2021 1:10:37 AM : ping
5/16/2021 1:10:37 AM : ping
5/16/2021 1:10:38 AM : ping
5/16/2021 1:10:38 AM : ping
5/16/2021 1:10:38 AM : ping
5/16/2021 1:10:39 AM : ping
5/16/2021 1:10:39 AM : ping
5/16/2021 1:10:39 AM : ping
5/16/2021 1:10:40 AM : ping
5/16/2021 1:10:40 AM : ping
5/16/2021 1:10:40 AM : ping
5/16/2021 1:10:41 AM : ping
5/16/2021 1:10:41 AM : ping
5/16/2021 1:10:41 AM : ping
5/16/2021 1:10:42 AM : ping
5/16/2021 1:10:42 AM : ping
5/16/2021 1:10:42 AM : ping
5/16/2021 1:10:43 AM : ping
5/16/2021 1:10:43 AM : ping
5/16/2021 1:10:43 AM : ping
5/16/2021 1:10:44 AM : ping
5/16/2021 1:10:44 AM : ping
5/16/2021 1:10:44 AM : ping
5/16/2021 1:10:46 AM : ping
5/16/2021 1:10:46 AM : ping
5/16/2021 1:10:46 AM : ping
5/16/2021 1:10:47 AM : ping
5/16/2021 1:10:47 AM : ping
5/16/2021 1:10:47 AM : ping
5/16/2021 1:10:48 AM : ping
5/16/2021 1:10:48 AM : ping
5/16/2021 1:10:48 AM : ping
5/16/2021 1:10:49 AM : ping
5/16/2021 1:10:49 AM : ping
5/16/2021 1:10:49 AM : ping
5/16/2021 1:10:50 AM : ping
5/16/2021 1:10:50 AM : ping
5/16/2021 1:10:50 AM : ping
5/16/2021 1:10:51 AM : ping
5/16/2021 1:10:51 AM : ping
5/16/2021 1:10:51 AM : ping
5/16/2021 1:10:52 AM : ping
5/16/2021 1:10:52 AM : ping
5/16/2021 1:10:52 AM : ping
5/16/2021 1:10:53 AM : ping
5/16/2021 1:10:53 AM : ping
5/16/2021 1:10:53 AM : ping
5/16/2021 1:10:54 AM : ping
5/16/2021 1:10:54 AM : ping
5/16/2021 1:10:54 AM : ping
5/16/2021 1:10:56 AM : ping
5/16/2021 1:10:56 AM : ping
5/16/2021 1:10:56 AM : ping
5/16/2021 1:10:57 AM : ping
5/16/2021 1:10:57 AM : ping
5/16/2021 1:10:57 AM : ping
5/16/2021 1:10:58 AM : ping
5/16/2021 1:10:58 AM : ping
5/16/2021 1:10:58 AM : ping
5/16/2021 1:10:59 AM : ping
5/16/2021 1:10:59 AM : ping
5/16/2021 1:10:59 AM : ping
5/16/2021 1:11:00 AM : ping
5/16/2021 1:11:00 AM : ping
5/16/2021 1:11:00 AM : ping
5/16/2021 1:11:01 AM : ping
5/16/2021 1:11:01 AM : ping
5/16/2021 1:11:01 AM : ping
5/16/2021 1:11:02 AM : ping
5/16/2021 1:11:02 AM : ping
5/16/2021 1:11:02 AM : ping
5/16/2021 1:11:03 AM : ping
5/16/2021 1:11:03 AM : ping
5/16/2021 1:11:03 AM : ping
5/16/2021 1:11:04 AM : ping
5/16/2021 1:11:04 AM : ping
5/16/2021 1:11:04 AM : ping
5/16/2021 1:11:06 AM : ping
5/16/2021 1:11:06 AM : ping
5/16/2021 1:11:06 AM : ping
5/16/2021 1:11:07 AM : ping
5/16/2021 1:11:07 AM : ping
5/16/2021 1:11:07 AM : ping
5/16/2021 1:11:08 AM : ping
5/16/2021 1:11:08 AM : ping
5/16/2021 1:11:08 AM : ping
5/16/2021 1:11:09 AM : ping
5/16/2021 1:11:09 AM : ping
5/16/2021 1:11:09 AM : ping
5/16/2021 1:11:10 AM : ping
5/16/2021 1:11:10 AM : ping
5/16/2021 1:11:10 AM : ping
5/16/2021 1:11:11 AM : ping
5/16/2021 1:11:11 AM : ping
5/16/2021 1:11:11 AM : ping
5/16/2021 1:11:12 AM : ping
5/16/2021 1:11:12 AM : ping
5/16/2021 1:11:12 AM : ping
5/16/2021 1:11:13 AM : ping
5/16/2021 1:11:13 AM : ping
5/16/2021 1:11:13 AM : ping
5/16/2021 1:11:14 AM : ping
5/16/2021 1:11:14 AM : ping
5/16/2021 1:11:14 AM : ping
5/16/2021 1:11:16 AM : ping
5/16/2021 1:11:16 AM : ping
5/16/2021 1:11:16 AM : ping
5/16/2021 1:11:16 AM : kService.requestChannels.Count :12
5/16/2021 1:11:16 AM : kService.requestChannels.Count :12
5/16/2021 1:11:16 AM : kService.requestChannels.Count :11
5/16/2021 1:11:16 AM : kService.requestChannels.Count :11
5/16/2021 1:11:17 AM : ping
5/16/2021 1:11:17 AM : ping
5/16/2021 1:11:17 AM : ping
5/16/2021 1:11:17 AM : kService.requestChannels.Count :10
5/16/2021 1:11:17 AM : kService.requestChannels.Count :10
5/16/2021 1:11:17 AM : kService.requestChannels.Count :9
5/16/2021 1:11:17 AM : kService.requestChannels.Count :9
5/16/2021 1:11:18 AM : ping
5/16/2021 1:11:18 AM : ping
5/16/2021 1:11:18 AM : ping
5/16/2021 1:11:18 AM : kService.requestChannels.Count :8
5/16/2021 1:11:18 AM : kService.requestChannels.Count :8
5/16/2021 1:11:18 AM : kService.requestChannels.Count :7
5/16/2021 1:11:18 AM : kService.requestChannels.Count :7
5/16/2021 1:11:19 AM : kService.requestChannels.Count :6
5/16/2021 1:11:19 AM : kService.requestChannels.Count :6
5/16/2021 1:11:19 AM : ping
5/16/2021 1:11:19 AM : ping
5/16/2021 1:11:19 AM : ping
5/16/2021 1:11:20 AM : kService.requestChannels.Count :5
5/16/2021 1:11:20 AM : kService.requestChannels.Count :5
5/16/2021 1:11:20 AM : ping
5/16/2021 1:11:20 AM : ping
5/16/2021 1:11:20 AM : ping
5/16/2021 1:11:21 AM : ping
5/16/2021 1:11:21 AM : ping
5/16/2021 1:11:21 AM : ping
5/16/2021 1:11:22 AM : ping
5/16/2021 1:11:22 AM : ping
5/16/2021 1:11:22 AM : ping
5/16/2021 1:11:23 AM : kService.requestChannels.Count :4
5/16/2021 1:11:23 AM : kService.requestChannels.Count :4
5/16/2021 1:11:23 AM : ping
5/16/2021 1:11:23 AM : ping
5/16/2021 1:11:23 AM : ping
5/16/2021 1:11:23 AM : kService.requestChannels.Count :3
5/16/2021 1:11:23 AM : kService.requestChannels.Count :3
5/16/2021 1:11:24 AM : kService.requestChannels.Count :2
5/16/2021 1:11:24 AM : kService.requestChannels.Count :2
5/16/2021 1:11:24 AM : kService.requestChannels.Count :1
5/16/2021 1:11:24 AM : kService.requestChannels.Count :1
5/16/2021 1:11:24 AM : ping
5/16/2021 1:11:24 AM : ping
5/16/2021 1:11:24 AM : ping
5/16/2021 1:11:26 AM : ping
5/16/2021 1:11:26 AM : ping
5/16/2021 1:11:26 AM : ping
5/16/2021 1:11:26 AM : kService.requestChannels.Count :0
5/16/2021 1:11:26 AM : kService.requestChannels.Count :0
5/16/2021 1:11:27 AM : ping
5/16/2021 1:11:27 AM : ping
5/16/2021 1:11:27 AM : ping
5/16/2021 1:11:28 AM : ping
5/16/2021 1:11:28 AM : ping
5/16/2021 1:11:28 AM : ping
5/16/2021 1:11:29 AM : ping
5/16/2021 1:11:29 AM : ping
5/16/2021 1:11:29 AM : ping
5/16/2021 1:11:30 AM : ping
5/16/2021 1:11:30 AM : ping
5/16/2021 1:11:30 AM : ping
5/16/2021 1:11:31 AM : ping
5/16/2021 1:11:31 AM : ping
5/16/2021 1:11:31 AM : ping
5/16/2021 1:11:32 AM : ping
5/16/2021 1:11:32 AM : ping
5/16/2021 1:11:32 AM : ping
5/16/2021 1:11:33 AM : ping
5/16/2021 1:11:33 AM : ping
5/16/2021 1:11:33 AM : ping
5/16/2021 1:11:34 AM : ping
5/16/2021 1:11:34 AM : ping
5/16/2021 1:11:34 AM : ping
5/16/2021 1:11:36 AM : ping
5/16/2021 1:11:36 AM : ping
5/16/2021 1:11:36 AM : ping
5/16/2021 1:11:37 AM : ping
5/16/2021 1:11:37 AM : ping
5/16/2021 1:11:37 AM : ping
5/16/2021 1:11:38 AM : ping
5/16/2021 1:11:38 AM : ping
5/16/2021 1:11:38 AM : ping
5/16/2021 1:11:39 AM : ping
5/16/2021 1:11:39 AM : ping
5/16/2021 1:11:39 AM : ping
5/16/2021 1:11:40 AM : ping
5/16/2021 1:11:40 AM : ping
5/16/2021 1:11:40 AM : ping
5/16/2021 1:11:41 AM : ping
5/16/2021 1:11:41 AM : ping
5/16/2021 1:11:41 AM : ping
5/16/2021 1:11:42 AM : ping
5/16/2021 1:11:42 AM : ping
5/16/2021 1:11:42 AM : ping
5/16/2021 1:11:43 AM : ping
5/16/2021 1:11:43 AM : ping
5/16/2021 1:11:43 AM : ping
5/16/2021 1:11:44 AM : ping
5/16/2021 1:11:44 AM : ping
5/16/2021 1:11:44 AM : ping
5/16/2021 1:11:45 AM : ping
5/16/2021 1:11:45 AM : ping
5/16/2021 1:11:45 AM : ping
5/16/2021 1:11:47 AM : ping
5/16/2021 1:11:47 AM : ping
5/16/2021 1:11:47 AM : ping
5/16/2021 1:11:48 AM : ping
5/16/2021 1:11:48 AM : ping
5/16/2021 1:11:48 AM : ping
5/16/2021 1:11:49 AM : ping
5/16/2021 1:11:49 AM : ping
5/16/2021 1:11:49 AM : ping
5/16/2021 1:11:50 AM : ping
5/16/2021 1:11:50 AM : ping
5/16/2021 1:11:50 AM : ping
5/16/2021 1:11:51 AM : ping
5/16/2021 1:11:51 AM : ping
5/16/2021 1:11:51 AM : ping
5/16/2021 1:11:52 AM : ping
5/16/2021 1:11:52 AM : ping
5/16/2021 1:11:52 AM : ping
5/16/2021 1:11:53 AM : ping
5/16/2021 1:11:53 AM : ping
5/16/2021 1:11:53 AM : ping
5/16/2021 1:11:54 AM : ping
5/16/2021 1:11:54 AM : ping
5/16/2021 1:11:54 AM : ping
5/16/2021 1:11:55 AM : ping
5/16/2021 1:11:55 AM : ping
5/16/2021 1:11:55 AM : ping
5/16/2021 1:11:57 AM : ping
5/16/2021 1:11:57 AM : ping
5/16/2021 1:11:57 AM : ping
5/16/2021 1:11:58 AM : ping
5/16/2021 1:11:58 AM : ping
5/16/2021 1:11:58 AM : ping
5/16/2021 1:11:59 AM : ping
5/16/2021 1:11:59 AM : ping
5/16/2021 1:11:59 AM : ping
5/16/2021 1:12:00 AM : ping
5/16/2021 1:12:00 AM : ping
5/16/2021 1:12:00 AM : ping
5/16/2021 1:12:01 AM : ping
5/16/2021 1:12:01 AM : ping
5/16/2021 1:12:01 AM : ping
5/16/2021 1:12:02 AM : ping
5/16/2021 1:12:02 AM : ping
5/16/2021 1:12:02 AM : ping
5/16/2021 1:12:03 AM : ping
5/16/2021 1:12:03 AM : ping
5/16/2021 1:12:03 AM : ping
5/16/2021 1:12:04 AM : ping
5/16/2021 1:12:04 AM : ping
5/16/2021 1:12:04 AM : ping
5/16/2021 1:12:05 AM : ping
5/16/2021 1:12:05 AM : ping
5/16/2021 1:12:05 AM : ping
5/16/2021 1:12:07 AM : ping
5/16/2021 1:12:07 AM : ping
5/16/2021 1:12:07 AM : ping
