log begin
..............
5/16/2021 1:13:21 AM : ping
5/16/2021 1:13:21 AM : ping
5/16/2021 1:13:21 AM : ping
5/16/2021 1:13:22 AM : ping
5/16/2021 1:13:22 AM : ping
5/16/2021 1:13:22 AM : ping
5/16/2021 1:13:23 AM : ping
5/16/2021 1:13:23 AM : ping
5/16/2021 1:13:23 AM : ping
5/16/2021 1:13:24 AM : ping
5/16/2021 1:13:24 AM : ping
5/16/2021 1:13:24 AM : ping
5/16/2021 1:13:25 AM : ping
5/16/2021 1:13:25 AM : ping
5/16/2021 1:13:25 AM : ping
5/16/2021 1:13:26 AM : ping
5/16/2021 1:13:26 AM : ping
5/16/2021 1:13:26 AM : ping
5/16/2021 1:13:27 AM : ping
5/16/2021 1:13:27 AM : ping
5/16/2021 1:13:27 AM : ping
5/16/2021 1:13:28 AM : ping
5/16/2021 1:13:28 AM : ping
5/16/2021 1:13:28 AM : ping
5/16/2021 1:13:30 AM : ping
5/16/2021 1:13:30 AM : ping
5/16/2021 1:13:30 AM : ping
5/16/2021 1:13:31 AM : ping
5/16/2021 1:13:31 AM : ping
5/16/2021 1:13:31 AM : ping
5/16/2021 1:13:32 AM : ping
5/16/2021 1:13:32 AM : ping
5/16/2021 1:13:32 AM : ping
5/16/2021 1:13:33 AM : ping
5/16/2021 1:13:33 AM : ping
5/16/2021 1:13:33 AM : ping
5/16/2021 1:13:34 AM : ping
5/16/2021 1:13:34 AM : ping
5/16/2021 1:13:34 AM : ping
5/16/2021 1:13:35 AM : ping
5/16/2021 1:13:35 AM : ping
5/16/2021 1:13:35 AM : ping
5/16/2021 1:13:36 AM : ping
5/16/2021 1:13:36 AM : ping
5/16/2021 1:13:36 AM : ping
5/16/2021 1:13:37 AM : ping
5/16/2021 1:13:37 AM : ping
5/16/2021 1:13:37 AM : ping
5/16/2021 1:13:38 AM : ping
5/16/2021 1:13:38 AM : ping
5/16/2021 1:13:38 AM : ping
5/16/2021 1:13:40 AM : ping
5/16/2021 1:13:40 AM : ping
5/16/2021 1:13:40 AM : ping
5/16/2021 1:13:49 AM : ping
5/16/2021 1:13:49 AM : ping
5/16/2021 1:13:49 AM : ping
5/16/2021 1:13:50 AM : ping
5/16/2021 1:13:50 AM : ping
5/16/2021 1:13:50 AM : ping
5/16/2021 1:13:52 AM : ping
5/16/2021 1:13:52 AM : ping
5/16/2021 1:13:52 AM : ping
5/16/2021 1:13:53 AM : ping
5/16/2021 1:13:53 AM : ping
5/16/2021 1:13:53 AM : ping
5/16/2021 1:13:53 AM : launch server at port: 7003
5/16/2021 1:13:54 AM : ping
5/16/2021 1:13:54 AM : ping
5/16/2021 1:13:54 AM : ping
5/16/2021 1:13:55 AM : ping
5/16/2021 1:13:55 AM : ping
5/16/2021 1:13:55 AM : ping
5/16/2021 1:13:56 AM : ping
5/16/2021 1:13:56 AM : ping
5/16/2021 1:13:56 AM : ping
5/16/2021 1:13:57 AM : ping
5/16/2021 1:13:57 AM : ping
5/16/2021 1:13:57 AM : ping
5/16/2021 1:13:58 AM : ping
5/16/2021 1:13:58 AM : ping
5/16/2021 1:13:58 AM : ping
5/16/2021 1:13:59 AM : ping
5/16/2021 1:13:59 AM : ping
5/16/2021 1:13:59 AM : ping
5/16/2021 1:14:00 AM : ping
5/16/2021 1:14:00 AM : ping
5/16/2021 1:14:00 AM : ping
5/16/2021 1:14:02 AM : ping
5/16/2021 1:14:02 AM : ping
5/16/2021 1:14:02 AM : ping
5/16/2021 1:14:03 AM : ping
5/16/2021 1:14:03 AM : ping
5/16/2021 1:14:03 AM : ping
5/16/2021 1:14:04 AM : ping
5/16/2021 1:14:04 AM : ping
5/16/2021 1:14:04 AM : ping
5/16/2021 1:14:05 AM : ping
5/16/2021 1:14:05 AM : ping
5/16/2021 1:14:05 AM : ping
5/16/2021 1:14:05 AM : launch server at port: 7004
5/16/2021 1:14:06 AM : launch server at port: 7005
5/16/2021 1:14:06 AM : launch server at port: 7006
5/16/2021 1:14:06 AM : ping
5/16/2021 1:14:06 AM : ping
5/16/2021 1:14:06 AM : ping
5/16/2021 1:14:06 AM : launch server at port: 7007
5/16/2021 1:14:07 AM : launch server at port: 7008
5/16/2021 1:14:07 AM : ping
5/16/2021 1:14:07 AM : ping
5/16/2021 1:14:07 AM : ping
5/16/2021 1:14:07 AM : launch server at port: 7009
5/16/2021 1:14:08 AM : launch server at port: 7010
5/16/2021 1:14:08 AM : ping
5/16/2021 1:14:08 AM : ping
5/16/2021 1:14:08 AM : ping
5/16/2021 1:14:08 AM : launch server at port: 7011
5/16/2021 1:14:08 AM : launch server at port: 7012
5/16/2021 1:14:09 AM : launch server at port: 7013
5/16/2021 1:14:09 AM : ping
5/16/2021 1:14:09 AM : ping
5/16/2021 1:14:09 AM : ping
5/16/2021 1:14:09 AM : launch server at port: 7014
5/16/2021 1:14:10 AM : launch server at port: 7015
5/16/2021 1:14:10 AM : ping
5/16/2021 1:14:10 AM : ping
5/16/2021 1:14:10 AM : ping
5/16/2021 1:14:12 AM : ping
5/16/2021 1:14:12 AM : ping
5/16/2021 1:14:12 AM : ping
5/16/2021 1:14:13 AM : ping
5/16/2021 1:14:13 AM : ping
5/16/2021 1:14:13 AM : ping
5/16/2021 1:14:14 AM : launch server at port: 7016
5/16/2021 1:14:14 AM : ping
5/16/2021 1:14:14 AM : ping
5/16/2021 1:14:14 AM : ping
5/16/2021 1:14:14 AM : launch server at port: 7017
5/16/2021 1:14:14 AM : launch server at port: 7018
5/16/2021 1:14:15 AM : ping
5/16/2021 1:14:15 AM : ping
5/16/2021 1:14:15 AM : ping
5/16/2021 1:14:16 AM : launch server at port: 7019
5/16/2021 1:14:16 AM : ping
5/16/2021 1:14:16 AM : ping
5/16/2021 1:14:16 AM : ping
5/16/2021 1:14:17 AM : ping
5/16/2021 1:14:17 AM : ping
5/16/2021 1:14:17 AM : ping
5/16/2021 1:14:18 AM : ping
5/16/2021 1:14:18 AM : ping
5/16/2021 1:14:18 AM : ping
5/16/2021 1:14:19 AM : ping
5/16/2021 1:14:19 AM : ping
5/16/2021 1:14:19 AM : ping
5/16/2021 1:14:20 AM : launch server at port: 7020
5/16/2021 1:14:20 AM : launch server at port: 7021
5/16/2021 1:14:20 AM : ping
5/16/2021 1:14:20 AM : ping
5/16/2021 1:14:20 AM : ping
5/16/2021 1:14:21 AM : launch server at port: 7022
5/16/2021 1:14:21 AM : launch server at port: 7023
5/16/2021 1:14:21 AM : launch server at port: 7024
5/16/2021 1:14:22 AM : ping
5/16/2021 1:14:22 AM : ping
5/16/2021 1:14:22 AM : ping
5/16/2021 1:14:22 AM : launch server at port: 7025
5/16/2021 1:14:23 AM : ping
5/16/2021 1:14:23 AM : ping
5/16/2021 1:14:23 AM : ping
5/16/2021 1:14:24 AM : ping
5/16/2021 1:14:24 AM : ping
5/16/2021 1:14:24 AM : ping
5/16/2021 1:14:25 AM : ping
5/16/2021 1:14:25 AM : ping
5/16/2021 1:14:25 AM : ping
5/16/2021 1:14:26 AM : ping
5/16/2021 1:14:26 AM : ping
5/16/2021 1:14:26 AM : ping
5/16/2021 1:14:26 AM : launch server at port: 7026
5/16/2021 1:14:27 AM : ping
5/16/2021 1:14:27 AM : ping
5/16/2021 1:14:27 AM : ping
5/16/2021 1:14:28 AM : ping
5/16/2021 1:14:28 AM : ping
5/16/2021 1:14:28 AM : ping
5/16/2021 1:14:29 AM : ping
5/16/2021 1:14:29 AM : ping
5/16/2021 1:14:29 AM : ping
5/16/2021 1:14:30 AM : ping
5/16/2021 1:14:30 AM : ping
5/16/2021 1:14:30 AM : ping
5/16/2021 1:14:32 AM : ping
5/16/2021 1:14:32 AM : ping
5/16/2021 1:14:32 AM : ping
5/16/2021 1:14:33 AM : ping
5/16/2021 1:14:33 AM : ping
5/16/2021 1:14:33 AM : ping
5/16/2021 1:14:34 AM : ping
5/16/2021 1:14:34 AM : ping
5/16/2021 1:14:34 AM : ping
5/16/2021 1:14:35 AM : ping
5/16/2021 1:14:35 AM : ping
5/16/2021 1:14:35 AM : ping
5/16/2021 1:14:36 AM : ping
5/16/2021 1:14:36 AM : ping
5/16/2021 1:14:36 AM : ping
5/16/2021 1:14:37 AM : ping
5/16/2021 1:14:37 AM : ping
5/16/2021 1:14:37 AM : ping
5/16/2021 1:14:38 AM : ping
5/16/2021 1:14:38 AM : ping
5/16/2021 1:14:38 AM : ping
5/16/2021 1:14:39 AM : ping
5/16/2021 1:14:39 AM : ping
5/16/2021 1:14:39 AM : ping
5/16/2021 1:14:40 AM : ping
5/16/2021 1:14:40 AM : ping
5/16/2021 1:14:40 AM : ping
5/16/2021 1:14:42 AM : ping
5/16/2021 1:14:42 AM : ping
5/16/2021 1:14:42 AM : ping
5/16/2021 1:14:43 AM : ping
5/16/2021 1:14:43 AM : ping
5/16/2021 1:14:43 AM : ping
5/16/2021 1:14:44 AM : ping
5/16/2021 1:14:44 AM : ping
5/16/2021 1:14:44 AM : ping
5/16/2021 1:14:45 AM : ping
5/16/2021 1:14:45 AM : ping
5/16/2021 1:14:45 AM : ping
5/16/2021 1:14:46 AM : ping
5/16/2021 1:14:46 AM : ping
5/16/2021 1:14:46 AM : ping
5/16/2021 1:14:47 AM : ping
5/16/2021 1:14:47 AM : ping
5/16/2021 1:14:47 AM : ping
5/16/2021 1:14:48 AM : ping
5/16/2021 1:14:48 AM : ping
5/16/2021 1:14:48 AM : ping
5/16/2021 1:14:49 AM : ping
5/16/2021 1:14:49 AM : ping
5/16/2021 1:14:49 AM : ping
5/16/2021 1:14:50 AM : ping
5/16/2021 1:14:50 AM : ping
5/16/2021 1:14:50 AM : ping
5/16/2021 1:14:52 AM : ping
5/16/2021 1:14:52 AM : ping
5/16/2021 1:14:52 AM : ping
5/16/2021 1:14:53 AM : ping
5/16/2021 1:14:53 AM : ping
5/16/2021 1:14:53 AM : ping
5/16/2021 1:14:54 AM : ping
5/16/2021 1:14:54 AM : ping
5/16/2021 1:14:54 AM : ping
5/16/2021 1:14:55 AM : ping
5/16/2021 1:14:55 AM : ping
5/16/2021 1:14:55 AM : ping
5/16/2021 1:14:56 AM : ping
5/16/2021 1:14:56 AM : ping
5/16/2021 1:14:56 AM : ping
5/16/2021 1:14:57 AM : ping
5/16/2021 1:14:57 AM : ping
5/16/2021 1:14:57 AM : ping
5/16/2021 1:14:58 AM : ping
5/16/2021 1:14:58 AM : ping
5/16/2021 1:14:58 AM : ping
5/16/2021 1:14:59 AM : ping
5/16/2021 1:14:59 AM : ping
5/16/2021 1:14:59 AM : ping
5/16/2021 1:15:00 AM : ping
5/16/2021 1:15:00 AM : ping
5/16/2021 1:15:00 AM : ping
5/16/2021 1:15:02 AM : ping
5/16/2021 1:15:02 AM : ping
5/16/2021 1:15:02 AM : ping
5/16/2021 1:15:03 AM : ping
5/16/2021 1:15:03 AM : ping
5/16/2021 1:15:03 AM : ping
5/16/2021 1:15:04 AM : ping
5/16/2021 1:15:04 AM : ping
5/16/2021 1:15:04 AM : ping
5/16/2021 1:15:05 AM : ping
5/16/2021 1:15:05 AM : ping
5/16/2021 1:15:05 AM : ping
5/16/2021 1:15:06 AM : ping
5/16/2021 1:15:06 AM : ping
5/16/2021 1:15:06 AM : ping
5/16/2021 1:15:07 AM : ping
5/16/2021 1:15:07 AM : ping
5/16/2021 1:15:07 AM : ping
5/16/2021 1:15:08 AM : ping
5/16/2021 1:15:08 AM : ping
5/16/2021 1:15:08 AM : ping
5/16/2021 1:15:09 AM : ping
5/16/2021 1:15:09 AM : ping
5/16/2021 1:15:09 AM : ping
5/16/2021 1:15:10 AM : ping
5/16/2021 1:15:10 AM : ping
5/16/2021 1:15:10 AM : ping
5/16/2021 1:15:12 AM : ping
5/16/2021 1:15:12 AM : ping
5/16/2021 1:15:12 AM : ping
5/16/2021 1:15:13 AM : ping
5/16/2021 1:15:13 AM : ping
5/16/2021 1:15:13 AM : ping
5/16/2021 1:15:14 AM : ping
5/16/2021 1:15:14 AM : ping
5/16/2021 1:15:14 AM : ping
5/16/2021 1:15:15 AM : ping
5/16/2021 1:15:15 AM : ping
5/16/2021 1:15:15 AM : ping
5/16/2021 1:15:16 AM : ping
5/16/2021 1:15:16 AM : ping
5/16/2021 1:15:16 AM : ping
5/16/2021 1:15:17 AM : ping
5/16/2021 1:15:17 AM : ping
5/16/2021 1:15:17 AM : ping
5/16/2021 1:15:18 AM : ping
5/16/2021 1:15:18 AM : ping
5/16/2021 1:15:18 AM : ping
5/16/2021 1:15:19 AM : ping
5/16/2021 1:15:19 AM : ping
5/16/2021 1:15:19 AM : ping
5/16/2021 1:15:20 AM : ping
5/16/2021 1:15:20 AM : ping
5/16/2021 1:15:20 AM : ping
5/16/2021 1:15:21 AM : ping
5/16/2021 1:15:21 AM : ping
5/16/2021 1:15:21 AM : ping
5/16/2021 1:15:23 AM : ping
5/16/2021 1:15:23 AM : ping
5/16/2021 1:15:23 AM : ping
5/16/2021 1:15:24 AM : ping
5/16/2021 1:15:24 AM : ping
5/16/2021 1:15:24 AM : ping
5/16/2021 1:15:25 AM : ping
5/16/2021 1:15:25 AM : ping
5/16/2021 1:15:25 AM : ping
5/16/2021 1:15:26 AM : ping
5/16/2021 1:15:26 AM : ping
5/16/2021 1:15:26 AM : ping
5/16/2021 1:15:27 AM : ping
5/16/2021 1:15:27 AM : ping
5/16/2021 1:15:27 AM : ping
5/16/2021 1:15:28 AM : ping
5/16/2021 1:15:28 AM : ping
5/16/2021 1:15:28 AM : ping
5/16/2021 1:15:29 AM : ping
5/16/2021 1:15:29 AM : ping
5/16/2021 1:15:29 AM : ping
5/16/2021 1:15:30 AM : ping
5/16/2021 1:15:30 AM : ping
5/16/2021 1:15:30 AM : ping
5/16/2021 1:15:31 AM : ping
5/16/2021 1:15:31 AM : ping
5/16/2021 1:15:31 AM : ping
5/16/2021 1:15:33 AM : ping
5/16/2021 1:15:33 AM : ping
5/16/2021 1:15:33 AM : ping
5/16/2021 1:15:34 AM : ping
5/16/2021 1:15:34 AM : ping
5/16/2021 1:15:34 AM : ping
5/16/2021 1:15:35 AM : ping
5/16/2021 1:15:35 AM : ping
5/16/2021 1:15:35 AM : ping
5/16/2021 1:15:36 AM : ping
5/16/2021 1:15:36 AM : ping
5/16/2021 1:15:36 AM : ping
5/16/2021 1:15:37 AM : ping
5/16/2021 1:15:37 AM : ping
5/16/2021 1:15:37 AM : ping
5/16/2021 1:15:38 AM : ping
5/16/2021 1:15:38 AM : ping
5/16/2021 1:15:38 AM : ping
5/16/2021 1:15:39 AM : ping
5/16/2021 1:15:39 AM : ping
5/16/2021 1:15:39 AM : ping
5/16/2021 1:15:40 AM : ping
5/16/2021 1:15:40 AM : ping
5/16/2021 1:15:40 AM : ping
5/16/2021 1:15:41 AM : ping
5/16/2021 1:15:41 AM : ping
5/16/2021 1:15:41 AM : ping
5/16/2021 1:15:43 AM : ping
5/16/2021 1:15:43 AM : ping
5/16/2021 1:15:43 AM : ping
5/16/2021 1:15:44 AM : ping
5/16/2021 1:15:44 AM : ping
5/16/2021 1:15:44 AM : ping
5/16/2021 1:15:45 AM : ping
5/16/2021 1:15:45 AM : ping
5/16/2021 1:15:45 AM : ping
5/16/2021 1:15:46 AM : ping
5/16/2021 1:15:46 AM : ping
5/16/2021 1:15:46 AM : ping
5/16/2021 1:15:47 AM : ping
5/16/2021 1:15:47 AM : ping
5/16/2021 1:15:47 AM : ping
5/16/2021 1:15:48 AM : ping
5/16/2021 1:15:48 AM : ping
5/16/2021 1:15:48 AM : ping
5/16/2021 1:15:49 AM : ping
5/16/2021 1:15:49 AM : ping
5/16/2021 1:15:49 AM : ping
5/16/2021 1:15:50 AM : ping
5/16/2021 1:15:50 AM : ping
5/16/2021 1:15:50 AM : ping
5/16/2021 1:15:51 AM : ping
5/16/2021 1:15:51 AM : ping
5/16/2021 1:15:51 AM : ping
5/16/2021 1:15:53 AM : ping
5/16/2021 1:15:53 AM : ping
5/16/2021 1:15:53 AM : ping
5/16/2021 1:15:54 AM : ping
5/16/2021 1:15:54 AM : ping
5/16/2021 1:15:54 AM : ping
5/16/2021 1:15:55 AM : ping
5/16/2021 1:15:55 AM : ping
5/16/2021 1:15:55 AM : ping
5/16/2021 1:15:56 AM : ping
5/16/2021 1:15:56 AM : ping
5/16/2021 1:15:56 AM : ping
5/16/2021 1:15:57 AM : ping
5/16/2021 1:15:57 AM : ping
5/16/2021 1:15:57 AM : ping
5/16/2021 1:15:58 AM : ping
5/16/2021 1:15:58 AM : ping
5/16/2021 1:15:58 AM : ping
5/16/2021 1:15:59 AM : ping
5/16/2021 1:15:59 AM : ping
5/16/2021 1:15:59 AM : ping
5/16/2021 1:16:00 AM : ping
5/16/2021 1:16:00 AM : ping
5/16/2021 1:16:00 AM : ping
5/16/2021 1:16:01 AM : ping
5/16/2021 1:16:01 AM : ping
5/16/2021 1:16:01 AM : ping
5/16/2021 1:16:03 AM : ping
5/16/2021 1:16:03 AM : ping
5/16/2021 1:16:03 AM : ping
5/16/2021 1:16:04 AM : ping
5/16/2021 1:16:04 AM : ping
5/16/2021 1:16:04 AM : ping
5/16/2021 1:16:05 AM : ping
5/16/2021 1:16:05 AM : ping
5/16/2021 1:16:05 AM : ping
5/16/2021 1:16:06 AM : ping
5/16/2021 1:16:06 AM : ping
5/16/2021 1:16:06 AM : ping
5/16/2021 1:16:07 AM : ping
5/16/2021 1:16:07 AM : ping
5/16/2021 1:16:07 AM : ping
5/16/2021 1:16:08 AM : ping
5/16/2021 1:16:08 AM : ping
5/16/2021 1:16:08 AM : ping
5/16/2021 1:16:09 AM : ping
5/16/2021 1:16:09 AM : ping
5/16/2021 1:16:09 AM : ping
5/16/2021 1:16:10 AM : ping
5/16/2021 1:16:10 AM : ping
5/16/2021 1:16:10 AM : ping
5/16/2021 1:16:11 AM : ping
5/16/2021 1:16:11 AM : ping
5/16/2021 1:16:11 AM : ping
5/16/2021 1:16:13 AM : ping
5/16/2021 1:16:13 AM : ping
5/16/2021 1:16:13 AM : ping
5/16/2021 1:16:14 AM : ping
5/16/2021 1:16:14 AM : ping
5/16/2021 1:16:14 AM : ping
5/16/2021 1:16:15 AM : ping
5/16/2021 1:16:15 AM : ping
5/16/2021 1:16:15 AM : ping
5/16/2021 1:16:16 AM : ping
5/16/2021 1:16:16 AM : ping
5/16/2021 1:16:16 AM : ping
5/16/2021 1:16:17 AM : ping
5/16/2021 1:16:17 AM : ping
5/16/2021 1:16:17 AM : ping
5/16/2021 1:16:18 AM : ping
5/16/2021 1:16:18 AM : ping
5/16/2021 1:16:18 AM : ping
5/16/2021 1:16:19 AM : ping
5/16/2021 1:16:19 AM : ping
5/16/2021 1:16:19 AM : ping
5/16/2021 1:16:20 AM : kService.requestChannels.Count :35
5/16/2021 1:16:20 AM : kService.requestChannels.Count :35
5/16/2021 1:16:20 AM : kService.requestChannels.Count :34
5/16/2021 1:16:20 AM : kService.requestChannels.Count :34
5/16/2021 1:16:20 AM : kService.requestChannels.Count :33
5/16/2021 1:16:20 AM : kService.requestChannels.Count :33
5/16/2021 1:16:20 AM : ping
5/16/2021 1:16:20 AM : ping
5/16/2021 1:16:20 AM : ping
5/16/2021 1:16:20 AM : kService.requestChannels.Count :32
5/16/2021 1:16:20 AM : kService.requestChannels.Count :32
5/16/2021 1:16:21 AM : kService.requestChannels.Count :31
5/16/2021 1:16:21 AM : kService.requestChannels.Count :31
5/16/2021 1:16:21 AM : kService.requestChannels.Count :30
5/16/2021 1:16:21 AM : kService.requestChannels.Count :30
5/16/2021 1:16:21 AM : kService.requestChannels.Count :29
5/16/2021 1:16:21 AM : kService.requestChannels.Count :29
5/16/2021 1:16:21 AM : kService.requestChannels.Count :28
5/16/2021 1:16:21 AM : kService.requestChannels.Count :28
5/16/2021 1:16:21 AM : kService.requestChannels.Count :27
5/16/2021 1:16:21 AM : kService.requestChannels.Count :27
5/16/2021 1:16:21 AM : ping
5/16/2021 1:16:21 AM : ping
5/16/2021 1:16:21 AM : ping
5/16/2021 1:16:21 AM : kService.requestChannels.Count :26
5/16/2021 1:16:21 AM : kService.requestChannels.Count :26
5/16/2021 1:16:22 AM : kService.requestChannels.Count :25
5/16/2021 1:16:22 AM : kService.requestChannels.Count :25
5/16/2021 1:16:22 AM : kService.requestChannels.Count :24
5/16/2021 1:16:22 AM : kService.requestChannels.Count :24
5/16/2021 1:16:22 AM : kService.requestChannels.Count :23
5/16/2021 1:16:22 AM : kService.requestChannels.Count :23
5/16/2021 1:16:22 AM : kService.requestChannels.Count :22
5/16/2021 1:16:22 AM : kService.requestChannels.Count :22
5/16/2021 1:16:22 AM : kService.requestChannels.Count :21
5/16/2021 1:16:22 AM : kService.requestChannels.Count :21
5/16/2021 1:16:23 AM : ping
5/16/2021 1:16:23 AM : ping
5/16/2021 1:16:23 AM : ping
5/16/2021 1:16:23 AM : kService.requestChannels.Count :20
5/16/2021 1:16:23 AM : kService.requestChannels.Count :20
5/16/2021 1:16:24 AM : ping
5/16/2021 1:16:24 AM : ping
5/16/2021 1:16:24 AM : ping
5/16/2021 1:16:24 AM : kService.requestChannels.Count :19
5/16/2021 1:16:24 AM : kService.requestChannels.Count :19
5/16/2021 1:16:24 AM : kService.requestChannels.Count :18
5/16/2021 1:16:24 AM : kService.requestChannels.Count :18
5/16/2021 1:16:24 AM : kService.requestChannels.Count :17
5/16/2021 1:16:24 AM : kService.requestChannels.Count :17
5/16/2021 1:16:25 AM : ping
5/16/2021 1:16:25 AM : ping
5/16/2021 1:16:25 AM : ping
5/16/2021 1:16:25 AM : kService.requestChannels.Count :16
5/16/2021 1:16:25 AM : kService.requestChannels.Count :16
5/16/2021 1:16:25 AM : kService.requestChannels.Count :15
5/16/2021 1:16:25 AM : kService.requestChannels.Count :15
5/16/2021 1:16:25 AM : kService.requestChannels.Count :14
5/16/2021 1:16:25 AM : kService.requestChannels.Count :14
5/16/2021 1:16:25 AM : kService.requestChannels.Count :13
5/16/2021 1:16:25 AM : kService.requestChannels.Count :13
5/16/2021 1:16:25 AM : kService.requestChannels.Count :12
5/16/2021 1:16:25 AM : kService.requestChannels.Count :12
5/16/2021 1:16:26 AM : ping
5/16/2021 1:16:26 AM : ping
5/16/2021 1:16:26 AM : ping
5/16/2021 1:16:26 AM : kService.requestChannels.Count :11
5/16/2021 1:16:26 AM : kService.requestChannels.Count :11
5/16/2021 1:16:26 AM : kService.requestChannels.Count :10
5/16/2021 1:16:26 AM : kService.requestChannels.Count :10
5/16/2021 1:16:26 AM : kService.requestChannels.Count :9
5/16/2021 1:16:26 AM : kService.requestChannels.Count :9
5/16/2021 1:16:27 AM : kService.requestChannels.Count :8
5/16/2021 1:16:27 AM : kService.requestChannels.Count :8
5/16/2021 1:16:27 AM : kService.requestChannels.Count :7
5/16/2021 1:16:27 AM : kService.requestChannels.Count :7
5/16/2021 1:16:27 AM : ping
5/16/2021 1:16:27 AM : ping
5/16/2021 1:16:27 AM : ping
5/16/2021 1:16:27 AM : kService.requestChannels.Count :6
5/16/2021 1:16:27 AM : kService.requestChannels.Count :6
5/16/2021 1:16:27 AM : kService.requestChannels.Count :5
5/16/2021 1:16:27 AM : kService.requestChannels.Count :5
5/16/2021 1:16:28 AM : kService.requestChannels.Count :4
5/16/2021 1:16:28 AM : kService.requestChannels.Count :4
5/16/2021 1:16:28 AM : kService.requestChannels.Count :3
5/16/2021 1:16:28 AM : kService.requestChannels.Count :3
5/16/2021 1:16:28 AM : ping
5/16/2021 1:16:28 AM : ping
5/16/2021 1:16:28 AM : ping
5/16/2021 1:16:28 AM : kService.requestChannels.Count :2
5/16/2021 1:16:28 AM : kService.requestChannels.Count :2
5/16/2021 1:16:29 AM : ping
5/16/2021 1:16:29 AM : ping
5/16/2021 1:16:29 AM : ping
5/16/2021 1:16:30 AM : kService.requestChannels.Count :1
5/16/2021 1:16:30 AM : kService.requestChannels.Count :1
5/16/2021 1:16:30 AM : ping
5/16/2021 1:16:30 AM : ping
5/16/2021 1:16:30 AM : ping
5/16/2021 1:16:30 AM : kService.requestChannels.Count :0
5/16/2021 1:16:30 AM : kService.requestChannels.Count :0
5/16/2021 1:16:31 AM : ping
5/16/2021 1:16:31 AM : ping
5/16/2021 1:16:31 AM : ping
5/16/2021 1:16:33 AM : ping
5/16/2021 1:16:33 AM : ping
5/16/2021 1:16:33 AM : ping
5/16/2021 1:16:34 AM : ping
5/16/2021 1:16:34 AM : ping
5/16/2021 1:16:34 AM : ping
5/16/2021 1:16:35 AM : ping
5/16/2021 1:16:35 AM : ping
5/16/2021 1:16:35 AM : ping
5/16/2021 1:16:36 AM : ping
5/16/2021 1:16:36 AM : ping
5/16/2021 1:16:36 AM : ping
5/16/2021 1:16:37 AM : ping
5/16/2021 1:16:37 AM : ping
5/16/2021 1:16:37 AM : ping
5/16/2021 1:16:38 AM : ping
5/16/2021 1:16:38 AM : ping
5/16/2021 1:16:38 AM : ping
5/16/2021 1:16:39 AM : ping
5/16/2021 1:16:39 AM : ping
5/16/2021 1:16:39 AM : ping
5/16/2021 1:16:40 AM : ping
5/16/2021 1:16:40 AM : ping
5/16/2021 1:16:40 AM : ping
