log begin
..............
5/8/2021 11:19:51 PM : ping
5/8/2021 11:19:51 PM : ping
5/8/2021 11:19:51 PM : ping
5/8/2021 11:19:52 PM : ping
5/8/2021 11:19:52 PM : ping
5/8/2021 11:19:52 PM : ping
5/8/2021 11:19:53 PM : ping
5/8/2021 11:19:53 PM : ping
5/8/2021 11:19:53 PM : ping
5/8/2021 11:19:55 PM : ping
5/8/2021 11:19:55 PM : ping
5/8/2021 11:19:55 PM : ping
5/8/2021 11:19:56 PM : ping
5/8/2021 11:19:56 PM : ping
5/8/2021 11:19:56 PM : ping
5/8/2021 11:19:57 PM : ping
5/8/2021 11:19:57 PM : ping
5/8/2021 11:19:57 PM : ping
5/8/2021 11:19:58 PM : ping
5/8/2021 11:19:58 PM : ping
5/8/2021 11:19:58 PM : ping
5/8/2021 11:19:59 PM : ping
5/8/2021 11:19:59 PM : ping
5/8/2021 11:19:59 PM : ping
5/8/2021 11:20:00 PM : ping
5/8/2021 11:20:00 PM : ping
5/8/2021 11:20:00 PM : ping
5/8/2021 11:20:01 PM : ping
5/8/2021 11:20:01 PM : ping
5/8/2021 11:20:01 PM : ping
5/8/2021 11:20:02 PM : ping
5/8/2021 11:20:02 PM : ping
5/8/2021 11:20:02 PM : ping
5/8/2021 11:20:04 PM : ping
5/8/2021 11:20:04 PM : ping
5/8/2021 11:20:04 PM : ping
5/8/2021 11:20:05 PM : ping
5/8/2021 11:20:05 PM : ping
5/8/2021 11:20:05 PM : ping
5/8/2021 11:20:06 PM : ping
5/8/2021 11:20:06 PM : ping
5/8/2021 11:20:06 PM : ping
5/8/2021 11:20:07 PM : ping
5/8/2021 11:20:07 PM : ping
5/8/2021 11:20:07 PM : ping
5/8/2021 11:20:08 PM : ping
5/8/2021 11:20:08 PM : ping
5/8/2021 11:20:08 PM : ping
5/8/2021 11:20:09 PM : launch server at port: 7003
5/8/2021 11:20:09 PM : ping
5/8/2021 11:20:09 PM : ping
5/8/2021 11:20:09 PM : ping
5/8/2021 11:20:10 PM : ping
5/8/2021 11:20:10 PM : ping
5/8/2021 11:20:10 PM : ping
5/8/2021 11:20:11 PM : ping
5/8/2021 11:20:11 PM : ping
5/8/2021 11:20:11 PM : ping
5/8/2021 11:20:12 PM : ping
5/8/2021 11:20:12 PM : ping
5/8/2021 11:20:12 PM : ping
5/8/2021 11:20:14 PM : ping
5/8/2021 11:20:14 PM : ping
5/8/2021 11:20:14 PM : ping
5/8/2021 11:20:15 PM : ping
5/8/2021 11:20:15 PM : ping
5/8/2021 11:20:15 PM : ping
5/8/2021 11:20:16 PM : ping
5/8/2021 11:20:16 PM : ping
5/8/2021 11:20:16 PM : ping
5/8/2021 11:20:17 PM : ping
5/8/2021 11:20:17 PM : ping
5/8/2021 11:20:17 PM : ping
5/8/2021 11:20:18 PM : ping
5/8/2021 11:20:18 PM : ping
5/8/2021 11:20:18 PM : ping
5/8/2021 11:20:19 PM : ping
5/8/2021 11:20:19 PM : ping
5/8/2021 11:20:19 PM : ping
5/8/2021 11:20:20 PM : ping
5/8/2021 11:20:20 PM : ping
5/8/2021 11:20:20 PM : ping
5/8/2021 11:20:21 PM : ping
5/8/2021 11:20:21 PM : ping
5/8/2021 11:20:21 PM : ping
5/8/2021 11:20:22 PM : ping
5/8/2021 11:20:22 PM : ping
5/8/2021 11:20:22 PM : ping
5/8/2021 11:20:23 PM : ping
5/8/2021 11:20:23 PM : ping
5/8/2021 11:20:23 PM : ping
5/8/2021 11:20:25 PM : ping
5/8/2021 11:20:25 PM : ping
5/8/2021 11:20:25 PM : ping
5/8/2021 11:20:26 PM : ping
5/8/2021 11:20:26 PM : ping
5/8/2021 11:20:26 PM : ping
5/8/2021 11:20:27 PM : ping
5/8/2021 11:20:27 PM : ping
5/8/2021 11:20:27 PM : ping
5/8/2021 11:20:28 PM : ping
5/8/2021 11:20:28 PM : ping
5/8/2021 11:20:28 PM : ping
5/8/2021 11:20:29 PM : ping
5/8/2021 11:20:29 PM : ping
5/8/2021 11:20:29 PM : ping
5/8/2021 11:20:30 PM : ping
5/8/2021 11:20:30 PM : ping
5/8/2021 11:20:30 PM : ping
5/8/2021 11:20:31 PM : ping
5/8/2021 11:20:31 PM : ping
5/8/2021 11:20:31 PM : ping
5/8/2021 11:20:32 PM : ping
5/8/2021 11:20:32 PM : ping
5/8/2021 11:20:32 PM : ping
5/8/2021 11:20:33 PM : ping
5/8/2021 11:20:33 PM : ping
5/8/2021 11:20:33 PM : ping
5/8/2021 11:20:35 PM : ping
5/8/2021 11:20:35 PM : ping
5/8/2021 11:20:35 PM : ping
5/8/2021 11:20:36 PM : ping
5/8/2021 11:20:36 PM : ping
5/8/2021 11:20:36 PM : ping
5/8/2021 11:20:37 PM : ping
5/8/2021 11:20:37 PM : ping
5/8/2021 11:20:37 PM : ping
5/8/2021 11:20:38 PM : ping
5/8/2021 11:20:38 PM : ping
5/8/2021 11:20:38 PM : ping
5/8/2021 11:20:39 PM : ping
5/8/2021 11:20:39 PM : ping
5/8/2021 11:20:39 PM : ping
5/8/2021 11:20:40 PM : ping
5/8/2021 11:20:40 PM : ping
5/8/2021 11:20:40 PM : ping
5/8/2021 11:20:41 PM : ping
5/8/2021 11:20:41 PM : ping
5/8/2021 11:20:41 PM : ping
5/8/2021 11:20:42 PM : ping
5/8/2021 11:20:42 PM : ping
5/8/2021 11:20:42 PM : ping
5/8/2021 11:20:43 PM : ping
5/8/2021 11:20:43 PM : ping
5/8/2021 11:20:43 PM : ping
5/8/2021 11:20:44 PM : kService.requestChannels.Count :0
5/8/2021 11:20:44 PM : kService.requestChannels.Count :0
5/8/2021 11:20:45 PM : ping
5/8/2021 11:20:45 PM : ping
5/8/2021 11:20:45 PM : ping
5/8/2021 11:20:46 PM : ping
5/8/2021 11:20:46 PM : ping
5/8/2021 11:20:46 PM : ping
5/8/2021 11:20:47 PM : ping
5/8/2021 11:20:47 PM : ping
5/8/2021 11:20:47 PM : ping
5/8/2021 11:20:48 PM : ping
5/8/2021 11:20:48 PM : ping
5/8/2021 11:20:48 PM : ping
5/8/2021 11:20:49 PM : ping
5/8/2021 11:20:49 PM : ping
5/8/2021 11:20:49 PM : ping
5/8/2021 11:20:50 PM : ping
5/8/2021 11:20:50 PM : ping
5/8/2021 11:20:50 PM : ping
5/8/2021 11:20:51 PM : ping
5/8/2021 11:20:51 PM : ping
5/8/2021 11:20:51 PM : ping
5/8/2021 11:20:52 PM : ping
5/8/2021 11:20:52 PM : ping
5/8/2021 11:20:52 PM : ping
5/8/2021 11:20:53 PM : ping
5/8/2021 11:20:53 PM : ping
5/8/2021 11:20:53 PM : ping
5/8/2021 11:20:55 PM : ping
5/8/2021 11:20:55 PM : ping
5/8/2021 11:20:55 PM : ping
5/8/2021 11:20:56 PM : ping
5/8/2021 11:20:56 PM : ping
5/8/2021 11:20:56 PM : ping
5/8/2021 11:20:57 PM : ping
5/8/2021 11:20:57 PM : ping
5/8/2021 11:20:57 PM : ping
5/8/2021 11:20:58 PM : ping
5/8/2021 11:20:58 PM : ping
5/8/2021 11:20:58 PM : ping
5/8/2021 11:20:59 PM : ping
5/8/2021 11:20:59 PM : ping
5/8/2021 11:20:59 PM : ping
5/8/2021 11:21:00 PM : ping
5/8/2021 11:21:00 PM : ping
5/8/2021 11:21:00 PM : ping
5/8/2021 11:21:01 PM : ping
5/8/2021 11:21:01 PM : ping
5/8/2021 11:21:01 PM : ping
5/8/2021 11:21:02 PM : ping
5/8/2021 11:21:02 PM : ping
5/8/2021 11:21:02 PM : ping
5/8/2021 11:21:03 PM : ping
5/8/2021 11:21:03 PM : ping
5/8/2021 11:21:03 PM : ping
5/8/2021 11:21:04 PM : ping
5/8/2021 11:21:04 PM : ping
5/8/2021 11:21:04 PM : ping
5/8/2021 11:21:06 PM : ping
5/8/2021 11:21:06 PM : ping
5/8/2021 11:21:06 PM : ping
5/8/2021 11:21:07 PM : ping
5/8/2021 11:21:07 PM : ping
5/8/2021 11:21:07 PM : ping
5/8/2021 11:21:08 PM : ping
5/8/2021 11:21:08 PM : ping
5/8/2021 11:21:08 PM : ping
5/8/2021 11:21:09 PM : ping
5/8/2021 11:21:09 PM : ping
5/8/2021 11:21:09 PM : ping
5/8/2021 11:21:09 PM : ~KChannel()
5/8/2021 11:21:10 PM : ping
5/8/2021 11:21:10 PM : ping
5/8/2021 11:21:10 PM : ping
5/8/2021 11:21:11 PM : ping
5/8/2021 11:21:11 PM : ping
5/8/2021 11:21:11 PM : ping
5/8/2021 11:21:12 PM : ping
5/8/2021 11:21:12 PM : ping
5/8/2021 11:21:12 PM : ping
5/8/2021 11:21:13 PM : ping
5/8/2021 11:21:13 PM : ping
5/8/2021 11:21:13 PM : ping
5/8/2021 11:21:14 PM : ping
5/8/2021 11:21:14 PM : ping
5/8/2021 11:21:14 PM : ping
5/8/2021 11:21:16 PM : ping
5/8/2021 11:21:16 PM : ping
5/8/2021 11:21:16 PM : ping
5/8/2021 11:21:17 PM : ping
5/8/2021 11:21:17 PM : ping
5/8/2021 11:21:17 PM : ping
5/8/2021 11:21:18 PM : ping
5/8/2021 11:21:18 PM : ping
5/8/2021 11:21:18 PM : ping
