log begin
..............
5/9/2021 12:40:11 AM : ping
5/9/2021 12:40:11 AM : ping
5/9/2021 12:40:11 AM : ping
5/9/2021 12:40:12 AM : ping
5/9/2021 12:40:12 AM : ping
5/9/2021 12:40:12 AM : ping
5/9/2021 12:40:13 AM : ping
5/9/2021 12:40:13 AM : ping
5/9/2021 12:40:13 AM : ping
5/9/2021 12:40:14 AM : ping
5/9/2021 12:40:14 AM : ping
5/9/2021 12:40:14 AM : ping
5/9/2021 12:40:15 AM : ping
5/9/2021 12:40:15 AM : ping
5/9/2021 12:40:15 AM : ping
5/9/2021 12:40:25 AM : ping
5/9/2021 12:40:25 AM : ping
5/9/2021 12:40:25 AM : ping
5/9/2021 12:40:26 AM : ping
5/9/2021 12:40:26 AM : ping
5/9/2021 12:40:26 AM : ping
5/9/2021 12:40:28 AM : ping
5/9/2021 12:40:28 AM : ping
5/9/2021 12:40:28 AM : ping
5/9/2021 12:40:29 AM : ping
5/9/2021 12:40:29 AM : ping
5/9/2021 12:40:29 AM : ping
5/9/2021 12:40:30 AM : launch server at port: 7003
5/9/2021 12:40:30 AM : ping
5/9/2021 12:40:30 AM : ping
5/9/2021 12:40:30 AM : ping
5/9/2021 12:40:31 AM : ping
5/9/2021 12:40:31 AM : ping
5/9/2021 12:40:31 AM : ping
5/9/2021 12:40:32 AM : ping
5/9/2021 12:40:32 AM : ping
5/9/2021 12:40:32 AM : ping
5/9/2021 12:40:33 AM : ping
5/9/2021 12:40:33 AM : ping
5/9/2021 12:40:33 AM : ping
5/9/2021 12:40:34 AM : ping
5/9/2021 12:40:34 AM : ping
5/9/2021 12:40:34 AM : ping
5/9/2021 12:40:35 AM : ping
5/9/2021 12:40:35 AM : ping
5/9/2021 12:40:35 AM : ping
5/9/2021 12:40:36 AM : ping
5/9/2021 12:40:36 AM : ping
5/9/2021 12:40:36 AM : ping
5/9/2021 12:40:38 AM : ping
5/9/2021 12:40:38 AM : ping
5/9/2021 12:40:38 AM : ping
5/9/2021 12:40:39 AM : ping
5/9/2021 12:40:39 AM : ping
5/9/2021 12:40:39 AM : ping
5/9/2021 12:40:40 AM : ping
5/9/2021 12:40:40 AM : ping
5/9/2021 12:40:40 AM : ping
5/9/2021 12:40:41 AM : ping
5/9/2021 12:40:41 AM : ping
5/9/2021 12:40:41 AM : ping
5/9/2021 12:40:42 AM : ping
5/9/2021 12:40:42 AM : ping
5/9/2021 12:40:42 AM : ping
5/9/2021 12:40:43 AM : ping
5/9/2021 12:40:43 AM : ping
5/9/2021 12:40:43 AM : ping
5/9/2021 12:40:44 AM : ping
5/9/2021 12:40:44 AM : ping
5/9/2021 12:40:44 AM : ping
5/9/2021 12:40:45 AM : ping
5/9/2021 12:40:45 AM : ping
5/9/2021 12:40:45 AM : ping
5/9/2021 12:40:45 AM : launch server at port: 7004
5/9/2021 12:40:46 AM : launch server at port: 7005
5/9/2021 12:40:46 AM : ping
5/9/2021 12:40:46 AM : ping
5/9/2021 12:40:46 AM : ping
5/9/2021 12:40:48 AM : ping
5/9/2021 12:40:48 AM : ping
5/9/2021 12:40:48 AM : ping
5/9/2021 12:40:49 AM : ping
5/9/2021 12:40:49 AM : ping
5/9/2021 12:40:49 AM : ping
5/9/2021 12:40:50 AM : ping
5/9/2021 12:40:50 AM : ping
5/9/2021 12:40:50 AM : ping
5/9/2021 12:40:51 AM : ping
5/9/2021 12:40:51 AM : ping
5/9/2021 12:40:51 AM : ping
5/9/2021 12:40:52 AM : ping
5/9/2021 12:40:52 AM : ping
5/9/2021 12:40:52 AM : ping
5/9/2021 12:40:53 AM : ping
5/9/2021 12:40:53 AM : ping
5/9/2021 12:40:53 AM : ping
5/9/2021 12:40:54 AM : ping
5/9/2021 12:40:54 AM : ping
5/9/2021 12:40:54 AM : ping
5/9/2021 12:40:54 AM : launch server at port: 7006
5/9/2021 12:40:55 AM : ping
5/9/2021 12:40:55 AM : ping
5/9/2021 12:40:55 AM : ping
5/9/2021 12:40:56 AM : ping
5/9/2021 12:40:56 AM : ping
5/9/2021 12:40:56 AM : ping
5/9/2021 12:40:57 AM : launch server at port: 7007
5/9/2021 12:40:57 AM : ping
5/9/2021 12:40:57 AM : ping
5/9/2021 12:40:58 AM : ping
5/9/2021 12:40:59 AM : ping
5/9/2021 12:40:59 AM : ping
5/9/2021 12:40:59 AM : ping
5/9/2021 12:40:59 AM : launch server at port: 7008
5/9/2021 12:41:00 AM : ping
5/9/2021 12:41:00 AM : ping
5/9/2021 12:41:00 AM : ping
5/9/2021 12:41:01 AM : ping
5/9/2021 12:41:01 AM : ping
5/9/2021 12:41:01 AM : ping
5/9/2021 12:41:02 AM : ping
5/9/2021 12:41:02 AM : ping
5/9/2021 12:41:02 AM : ping
5/9/2021 12:41:02 AM : launch server at port: 7009
5/9/2021 12:41:03 AM : ping
5/9/2021 12:41:03 AM : ping
5/9/2021 12:41:03 AM : ping
5/9/2021 12:41:04 AM : ping
5/9/2021 12:41:04 AM : ping
5/9/2021 12:41:04 AM : ping
5/9/2021 12:41:05 AM : ping
5/9/2021 12:41:05 AM : ping
5/9/2021 12:41:05 AM : ping
5/9/2021 12:41:06 AM : ping
5/9/2021 12:41:06 AM : ping
5/9/2021 12:41:06 AM : ping
5/9/2021 12:41:07 AM : ping
5/9/2021 12:41:07 AM : ping
5/9/2021 12:41:07 AM : ping
5/9/2021 12:41:09 AM : ping
5/9/2021 12:41:09 AM : ping
5/9/2021 12:41:09 AM : ping
5/9/2021 12:41:10 AM : ping
5/9/2021 12:41:10 AM : ping
5/9/2021 12:41:10 AM : ping
5/9/2021 12:41:11 AM : ping
5/9/2021 12:41:11 AM : ping
5/9/2021 12:41:11 AM : ping
5/9/2021 12:41:12 AM : ping
5/9/2021 12:41:12 AM : ping
5/9/2021 12:41:12 AM : ping
5/9/2021 12:41:13 AM : ping
5/9/2021 12:41:13 AM : ping
5/9/2021 12:41:13 AM : ping
5/9/2021 12:41:14 AM : ping
5/9/2021 12:41:14 AM : ping
5/9/2021 12:41:14 AM : ping
5/9/2021 12:41:15 AM : ping
5/9/2021 12:41:15 AM : ping
5/9/2021 12:41:15 AM : ping
5/9/2021 12:41:16 AM : ping
5/9/2021 12:41:16 AM : ping
5/9/2021 12:41:16 AM : ping
5/9/2021 12:41:17 AM : ping
5/9/2021 12:41:17 AM : ping
5/9/2021 12:41:17 AM : ping
5/9/2021 12:41:19 AM : ping
5/9/2021 12:41:19 AM : ping
5/9/2021 12:41:19 AM : ping
5/9/2021 12:41:20 AM : ping
5/9/2021 12:41:20 AM : ping
5/9/2021 12:41:20 AM : ping
5/9/2021 12:41:21 AM : ping
5/9/2021 12:41:21 AM : ping
5/9/2021 12:41:21 AM : ping
5/9/2021 12:41:22 AM : ping
5/9/2021 12:41:22 AM : ping
5/9/2021 12:41:22 AM : ping
5/9/2021 12:41:23 AM : ping
5/9/2021 12:41:23 AM : ping
5/9/2021 12:41:23 AM : ping
5/9/2021 12:41:24 AM : ping
5/9/2021 12:41:24 AM : ping
5/9/2021 12:41:24 AM : ping
5/9/2021 12:41:25 AM : ping
5/9/2021 12:41:25 AM : ping
5/9/2021 12:41:25 AM : ping
5/9/2021 12:41:26 AM : ping
5/9/2021 12:41:26 AM : ping
5/9/2021 12:41:26 AM : ping
5/9/2021 12:41:27 AM : ping
5/9/2021 12:41:27 AM : ping
5/9/2021 12:41:27 AM : ping
5/9/2021 12:41:29 AM : ping
5/9/2021 12:41:29 AM : ping
5/9/2021 12:41:29 AM : ping
5/9/2021 12:41:30 AM : ping
5/9/2021 12:41:30 AM : ping
5/9/2021 12:41:30 AM : ping
5/9/2021 12:41:31 AM : ping
5/9/2021 12:41:31 AM : ping
5/9/2021 12:41:31 AM : ping
5/9/2021 12:41:32 AM : ping
5/9/2021 12:41:32 AM : ping
5/9/2021 12:41:32 AM : ping
5/9/2021 12:41:33 AM : ping
5/9/2021 12:41:33 AM : ping
5/9/2021 12:41:33 AM : ping
5/9/2021 12:41:34 AM : ping
5/9/2021 12:41:34 AM : ping
5/9/2021 12:41:34 AM : ping
5/9/2021 12:41:35 AM : ping
5/9/2021 12:41:35 AM : ping
5/9/2021 12:41:35 AM : ping
5/9/2021 12:41:36 AM : ping
5/9/2021 12:41:36 AM : ping
5/9/2021 12:41:36 AM : ping
5/9/2021 12:41:37 AM : ping
5/9/2021 12:41:37 AM : ping
5/9/2021 12:41:37 AM : ping
5/9/2021 12:41:38 AM : ping
5/9/2021 12:41:38 AM : ping
5/9/2021 12:41:38 AM : ping
5/9/2021 12:41:40 AM : ping
5/9/2021 12:41:40 AM : ping
5/9/2021 12:41:40 AM : ping
5/9/2021 12:41:40 AM : launch server at port: 7010
5/9/2021 12:41:41 AM : ping
5/9/2021 12:41:41 AM : ping
5/9/2021 12:41:41 AM : ping
5/9/2021 12:41:42 AM : launch server at port: 7011
5/9/2021 12:41:42 AM : ping
5/9/2021 12:41:42 AM : ping
5/9/2021 12:41:42 AM : ping
5/9/2021 12:41:43 AM : ping
5/9/2021 12:41:43 AM : ping
5/9/2021 12:41:43 AM : ping
5/9/2021 12:41:44 AM : ping
5/9/2021 12:41:44 AM : ping
5/9/2021 12:41:44 AM : ping
5/9/2021 12:41:45 AM : ping
5/9/2021 12:41:45 AM : ping
5/9/2021 12:41:45 AM : ping
5/9/2021 12:41:46 AM : ping
5/9/2021 12:41:46 AM : ping
5/9/2021 12:41:46 AM : ping
5/9/2021 12:41:47 AM : launch server at port: 7012
5/9/2021 12:41:47 AM : ping
5/9/2021 12:41:47 AM : ping
5/9/2021 12:41:47 AM : ping
5/9/2021 12:41:48 AM : launch server at port: 7013
5/9/2021 12:41:48 AM : ping
5/9/2021 12:41:48 AM : ping
5/9/2021 12:41:48 AM : ping
5/9/2021 12:41:50 AM : ping
5/9/2021 12:41:50 AM : ping
5/9/2021 12:41:50 AM : ping
5/9/2021 12:41:51 AM : ping
5/9/2021 12:41:51 AM : ping
5/9/2021 12:41:51 AM : ping
5/9/2021 12:41:52 AM : ping
5/9/2021 12:41:52 AM : ping
5/9/2021 12:41:52 AM : ping
5/9/2021 12:41:53 AM : ping
5/9/2021 12:41:53 AM : ping
5/9/2021 12:41:53 AM : ping
5/9/2021 12:41:54 AM : ping
5/9/2021 12:41:54 AM : ping
5/9/2021 12:41:54 AM : ping
5/9/2021 12:41:55 AM : ping
5/9/2021 12:41:55 AM : ping
5/9/2021 12:41:55 AM : ping
5/9/2021 12:41:56 AM : ping
5/9/2021 12:41:56 AM : ping
5/9/2021 12:41:56 AM : ping
5/9/2021 12:41:57 AM : ping
5/9/2021 12:41:57 AM : ping
5/9/2021 12:41:57 AM : ping
5/9/2021 12:41:59 AM : ping
5/9/2021 12:41:59 AM : ping
5/9/2021 12:41:59 AM : ping
5/9/2021 12:42:00 AM : ping
5/9/2021 12:42:00 AM : ping
5/9/2021 12:42:00 AM : ping
5/9/2021 12:42:01 AM : ping
5/9/2021 12:42:01 AM : ping
5/9/2021 12:42:01 AM : ping
5/9/2021 12:42:02 AM : ping
5/9/2021 12:42:02 AM : ping
5/9/2021 12:42:02 AM : ping
5/9/2021 12:42:03 AM : ping
5/9/2021 12:42:03 AM : ping
5/9/2021 12:42:03 AM : ping
5/9/2021 12:42:04 AM : ping
5/9/2021 12:42:04 AM : ping
5/9/2021 12:42:04 AM : ping
5/9/2021 12:42:05 AM : ping
5/9/2021 12:42:05 AM : ping
5/9/2021 12:42:05 AM : ping
5/9/2021 12:42:06 AM : ping
5/9/2021 12:42:06 AM : ping
5/9/2021 12:42:06 AM : ping
5/9/2021 12:42:07 AM : ping
5/9/2021 12:42:07 AM : ping
5/9/2021 12:42:07 AM : ping
5/9/2021 12:42:08 AM : ping
5/9/2021 12:42:08 AM : ping
5/9/2021 12:42:08 AM : ping
5/9/2021 12:42:10 AM : ping
5/9/2021 12:42:10 AM : ping
5/9/2021 12:42:10 AM : ping
5/9/2021 12:42:11 AM : ping
5/9/2021 12:42:11 AM : ping
5/9/2021 12:42:11 AM : ping
5/9/2021 12:42:12 AM : ping
5/9/2021 12:42:12 AM : ping
5/9/2021 12:42:12 AM : ping
5/9/2021 12:42:13 AM : ping
5/9/2021 12:42:13 AM : ping
5/9/2021 12:42:13 AM : ping
5/9/2021 12:42:14 AM : ping
5/9/2021 12:42:14 AM : ping
5/9/2021 12:42:14 AM : ping
5/9/2021 12:42:15 AM : ping
5/9/2021 12:42:15 AM : ping
5/9/2021 12:42:15 AM : ping
5/9/2021 12:42:16 AM : ping
5/9/2021 12:42:16 AM : ping
5/9/2021 12:42:16 AM : ping
5/9/2021 12:42:17 AM : ping
5/9/2021 12:42:17 AM : ping
5/9/2021 12:42:17 AM : ping
5/9/2021 12:42:18 AM : ping
5/9/2021 12:42:18 AM : ping
5/9/2021 12:42:18 AM : ping
5/9/2021 12:42:20 AM : ping
5/9/2021 12:42:20 AM : ping
5/9/2021 12:42:20 AM : ping
5/9/2021 12:42:21 AM : ping
5/9/2021 12:42:21 AM : ping
5/9/2021 12:42:21 AM : ping
5/9/2021 12:42:22 AM : ping
5/9/2021 12:42:22 AM : ping
5/9/2021 12:42:22 AM : ping
5/9/2021 12:42:23 AM : ping
5/9/2021 12:42:23 AM : ping
5/9/2021 12:42:23 AM : ping
5/9/2021 12:42:24 AM : ping
5/9/2021 12:42:24 AM : ping
5/9/2021 12:42:24 AM : ping
5/9/2021 12:42:25 AM : ping
5/9/2021 12:42:25 AM : ping
5/9/2021 12:42:25 AM : ping
5/9/2021 12:42:26 AM : ping
5/9/2021 12:42:26 AM : ping
5/9/2021 12:42:26 AM : ping
5/9/2021 12:42:27 AM : ping
5/9/2021 12:42:27 AM : ping
5/9/2021 12:42:27 AM : ping
5/9/2021 12:42:28 AM : ping
5/9/2021 12:42:28 AM : ping
5/9/2021 12:42:28 AM : ping
5/9/2021 12:42:30 AM : ping
5/9/2021 12:42:30 AM : ping
5/9/2021 12:42:30 AM : ping
5/9/2021 12:42:31 AM : ping
5/9/2021 12:42:31 AM : ping
5/9/2021 12:42:31 AM : ping
5/9/2021 12:42:32 AM : ping
5/9/2021 12:42:32 AM : ping
5/9/2021 12:42:32 AM : ping
5/9/2021 12:42:33 AM : ping
5/9/2021 12:42:33 AM : ping
5/9/2021 12:42:33 AM : ping
5/9/2021 12:42:34 AM : ping
5/9/2021 12:42:34 AM : ping
5/9/2021 12:42:34 AM : ping
5/9/2021 12:42:35 AM : ping
5/9/2021 12:42:35 AM : ping
5/9/2021 12:42:35 AM : ping
5/9/2021 12:42:36 AM : ping
5/9/2021 12:42:36 AM : ping
5/9/2021 12:42:36 AM : ping
5/9/2021 12:42:37 AM : ping
5/9/2021 12:42:37 AM : ping
5/9/2021 12:42:37 AM : ping
5/9/2021 12:42:39 AM : ping
5/9/2021 12:42:39 AM : ping
5/9/2021 12:42:39 AM : ping
5/9/2021 12:42:40 AM : ping
5/9/2021 12:42:40 AM : ping
5/9/2021 12:42:40 AM : ping
5/9/2021 12:42:41 AM : ping
5/9/2021 12:42:41 AM : ping
5/9/2021 12:42:41 AM : ping
5/9/2021 12:42:42 AM : ping
5/9/2021 12:42:42 AM : ping
5/9/2021 12:42:42 AM : ping
5/9/2021 12:42:43 AM : ping
5/9/2021 12:42:43 AM : ping
5/9/2021 12:42:43 AM : ping
5/9/2021 12:42:44 AM : ping
5/9/2021 12:42:44 AM : ping
5/9/2021 12:42:44 AM : ping
5/9/2021 12:42:45 AM : ping
5/9/2021 12:42:45 AM : ping
5/9/2021 12:42:45 AM : ping
5/9/2021 12:42:46 AM : ping
5/9/2021 12:42:46 AM : ping
5/9/2021 12:42:46 AM : ping
5/9/2021 12:42:47 AM : ping
5/9/2021 12:42:47 AM : ping
5/9/2021 12:42:47 AM : ping
5/9/2021 12:42:49 AM : ping
5/9/2021 12:42:49 AM : ping
5/9/2021 12:42:49 AM : ping
5/9/2021 12:42:50 AM : ping
5/9/2021 12:42:50 AM : ping
5/9/2021 12:42:50 AM : ping
5/9/2021 12:42:51 AM : ping
5/9/2021 12:42:51 AM : ping
5/9/2021 12:42:51 AM : ping
5/9/2021 12:42:52 AM : ping
5/9/2021 12:42:52 AM : ping
5/9/2021 12:42:52 AM : ping
5/9/2021 12:42:53 AM : ping
5/9/2021 12:42:53 AM : ping
5/9/2021 12:42:53 AM : ping
5/9/2021 12:42:54 AM : ping
5/9/2021 12:42:54 AM : ping
5/9/2021 12:42:54 AM : ping
5/9/2021 12:42:55 AM : ping
5/9/2021 12:42:55 AM : ping
5/9/2021 12:42:55 AM : ping
5/9/2021 12:42:56 AM : ping
5/9/2021 12:42:56 AM : ping
5/9/2021 12:42:56 AM : ping
5/9/2021 12:42:57 AM : ping
5/9/2021 12:42:57 AM : ping
5/9/2021 12:42:57 AM : ping
5/9/2021 12:44:01 AM : ping
5/9/2021 12:44:01 AM : ping
5/9/2021 12:44:01 AM : ping
5/9/2021 12:44:02 AM : ping
5/9/2021 12:44:02 AM : ping
5/9/2021 12:44:02 AM : ping
5/9/2021 12:44:03 AM : ping
5/9/2021 12:44:03 AM : ping
5/9/2021 12:44:03 AM : ping
5/9/2021 12:44:04 AM : ping
5/9/2021 12:44:04 AM : ping
5/9/2021 12:44:04 AM : ping
5/9/2021 12:44:05 AM : launch server at port: 7014
5/9/2021 12:44:05 AM : ping
5/9/2021 12:44:05 AM : ping
5/9/2021 12:44:05 AM : ping
5/9/2021 12:44:06 AM : ping
5/9/2021 12:44:06 AM : ping
5/9/2021 12:44:06 AM : ping
5/9/2021 12:44:07 AM : ping
5/9/2021 12:44:07 AM : ping
5/9/2021 12:44:07 AM : ping
5/9/2021 12:44:09 AM : ping
5/9/2021 12:44:09 AM : ping
5/9/2021 12:44:09 AM : ping
5/9/2021 12:44:10 AM : ping
5/9/2021 12:44:10 AM : ping
5/9/2021 12:44:10 AM : ping
5/9/2021 12:44:11 AM : ping
5/9/2021 12:44:11 AM : ping
5/9/2021 12:44:11 AM : ping
5/9/2021 12:44:12 AM : kService.requestChannels.Count :56
5/9/2021 12:44:12 AM : kService.requestChannels.Count :56
5/9/2021 12:44:12 AM : ping
5/9/2021 12:44:12 AM : ping
5/9/2021 12:44:12 AM : ping
5/9/2021 12:44:12 AM : kService.requestChannels.Count :55
5/9/2021 12:44:12 AM : kService.requestChannels.Count :55
5/9/2021 12:44:13 AM : kService.requestChannels.Count :54
5/9/2021 12:44:13 AM : kService.requestChannels.Count :54
5/9/2021 12:44:13 AM : kService.requestChannels.Count :53
5/9/2021 12:44:13 AM : kService.requestChannels.Count :53
5/9/2021 12:44:13 AM : kService.requestChannels.Count :52
5/9/2021 12:44:13 AM : kService.requestChannels.Count :52
5/9/2021 12:44:13 AM : ping
5/9/2021 12:44:13 AM : ping
5/9/2021 12:44:13 AM : ping
5/9/2021 12:44:13 AM : kService.requestChannels.Count :51
5/9/2021 12:44:13 AM : kService.requestChannels.Count :51
5/9/2021 12:44:13 AM : kService.requestChannels.Count :50
5/9/2021 12:44:13 AM : kService.requestChannels.Count :50
5/9/2021 12:44:13 AM : kService.requestChannels.Count :49
5/9/2021 12:44:13 AM : kService.requestChannels.Count :49
5/9/2021 12:44:13 AM : kService.requestChannels.Count :48
5/9/2021 12:44:13 AM : kService.requestChannels.Count :48
5/9/2021 12:44:13 AM : kService.requestChannels.Count :47
5/9/2021 12:44:13 AM : kService.requestChannels.Count :47
5/9/2021 12:44:14 AM : kService.requestChannels.Count :46
5/9/2021 12:44:14 AM : kService.requestChannels.Count :46
5/9/2021 12:44:14 AM : kService.requestChannels.Count :45
5/9/2021 12:44:14 AM : kService.requestChannels.Count :45
5/9/2021 12:44:14 AM : kService.requestChannels.Count :44
5/9/2021 12:44:14 AM : kService.requestChannels.Count :44
5/9/2021 12:44:14 AM : kService.requestChannels.Count :43
5/9/2021 12:44:14 AM : kService.requestChannels.Count :43
5/9/2021 12:44:14 AM : kService.requestChannels.Count :42
5/9/2021 12:44:14 AM : kService.requestChannels.Count :42
5/9/2021 12:44:14 AM : ping
5/9/2021 12:44:14 AM : ping
5/9/2021 12:44:14 AM : ping
5/9/2021 12:44:14 AM : kService.requestChannels.Count :41
5/9/2021 12:44:14 AM : kService.requestChannels.Count :41
5/9/2021 12:44:14 AM : kService.requestChannels.Count :40
5/9/2021 12:44:14 AM : kService.requestChannels.Count :40
5/9/2021 12:44:14 AM : kService.requestChannels.Count :39
5/9/2021 12:44:14 AM : kService.requestChannels.Count :39
5/9/2021 12:44:14 AM : kService.requestChannels.Count :38
5/9/2021 12:44:14 AM : kService.requestChannels.Count :38
5/9/2021 12:44:15 AM : kService.requestChannels.Count :37
5/9/2021 12:44:15 AM : kService.requestChannels.Count :37
5/9/2021 12:44:15 AM : kService.requestChannels.Count :36
5/9/2021 12:44:15 AM : kService.requestChannels.Count :36
5/9/2021 12:44:15 AM : kService.requestChannels.Count :35
5/9/2021 12:44:15 AM : kService.requestChannels.Count :35
5/9/2021 12:44:15 AM : ping
5/9/2021 12:44:15 AM : ping
5/9/2021 12:44:15 AM : ping
5/9/2021 12:44:15 AM : kService.requestChannels.Count :34
5/9/2021 12:44:15 AM : kService.requestChannels.Count :34
5/9/2021 12:44:15 AM : kService.requestChannels.Count :33
5/9/2021 12:44:15 AM : kService.requestChannels.Count :33
5/9/2021 12:44:16 AM : kService.requestChannels.Count :32
5/9/2021 12:44:16 AM : kService.requestChannels.Count :32
5/9/2021 12:44:16 AM : kService.requestChannels.Count :31
5/9/2021 12:44:16 AM : kService.requestChannels.Count :31
5/9/2021 12:44:16 AM : kService.requestChannels.Count :30
5/9/2021 12:44:16 AM : kService.requestChannels.Count :30
5/9/2021 12:44:16 AM : ping
5/9/2021 12:44:16 AM : ping
5/9/2021 12:44:16 AM : ping
5/9/2021 12:44:16 AM : kService.requestChannels.Count :29
5/9/2021 12:44:16 AM : kService.requestChannels.Count :29
5/9/2021 12:44:17 AM : kService.requestChannels.Count :28
5/9/2021 12:44:17 AM : kService.requestChannels.Count :28
5/9/2021 12:44:17 AM : kService.requestChannels.Count :27
5/9/2021 12:44:17 AM : kService.requestChannels.Count :27
5/9/2021 12:44:17 AM : kService.requestChannels.Count :26
5/9/2021 12:44:17 AM : kService.requestChannels.Count :26
5/9/2021 12:44:17 AM : kService.requestChannels.Count :25
5/9/2021 12:44:17 AM : kService.requestChannels.Count :25
5/9/2021 12:44:17 AM : kService.requestChannels.Count :24
5/9/2021 12:44:17 AM : kService.requestChannels.Count :24
5/9/2021 12:44:17 AM : ping
5/9/2021 12:44:17 AM : ping
5/9/2021 12:44:17 AM : ping
5/9/2021 12:44:17 AM : kService.requestChannels.Count :23
5/9/2021 12:44:17 AM : kService.requestChannels.Count :23
5/9/2021 12:44:18 AM : kService.requestChannels.Count :22
5/9/2021 12:44:18 AM : kService.requestChannels.Count :22
5/9/2021 12:44:18 AM : kService.requestChannels.Count :21
5/9/2021 12:44:18 AM : kService.requestChannels.Count :21
5/9/2021 12:44:18 AM : kService.requestChannels.Count :20
5/9/2021 12:44:18 AM : kService.requestChannels.Count :20
5/9/2021 12:44:18 AM : kService.requestChannels.Count :19
5/9/2021 12:44:18 AM : kService.requestChannels.Count :19
5/9/2021 12:44:18 AM : kService.requestChannels.Count :18
5/9/2021 12:44:18 AM : kService.requestChannels.Count :18
5/9/2021 12:44:19 AM : ping
5/9/2021 12:44:19 AM : ping
5/9/2021 12:44:19 AM : ping
5/9/2021 12:44:19 AM : kService.requestChannels.Count :17
5/9/2021 12:44:19 AM : kService.requestChannels.Count :17
5/9/2021 12:44:19 AM : kService.requestChannels.Count :16
5/9/2021 12:44:19 AM : kService.requestChannels.Count :16
5/9/2021 12:44:19 AM : kService.requestChannels.Count :15
5/9/2021 12:44:19 AM : kService.requestChannels.Count :15
5/9/2021 12:44:19 AM : kService.requestChannels.Count :14
5/9/2021 12:44:19 AM : kService.requestChannels.Count :14
5/9/2021 12:44:20 AM : ping
5/9/2021 12:44:20 AM : ping
5/9/2021 12:44:20 AM : ping
5/9/2021 12:44:20 AM : kService.requestChannels.Count :13
5/9/2021 12:44:20 AM : kService.requestChannels.Count :13
5/9/2021 12:44:20 AM : kService.requestChannels.Count :12
5/9/2021 12:44:20 AM : kService.requestChannels.Count :12
5/9/2021 12:44:20 AM : kService.requestChannels.Count :11
5/9/2021 12:44:20 AM : kService.requestChannels.Count :11
5/9/2021 12:44:21 AM : kService.requestChannels.Count :10
5/9/2021 12:44:21 AM : kService.requestChannels.Count :10
5/9/2021 12:44:21 AM : ping
5/9/2021 12:44:21 AM : ping
5/9/2021 12:44:21 AM : ping
5/9/2021 12:44:21 AM : kService.requestChannels.Count :9
5/9/2021 12:44:21 AM : kService.requestChannels.Count :9
5/9/2021 12:44:21 AM : kService.requestChannels.Count :8
5/9/2021 12:44:21 AM : kService.requestChannels.Count :8
5/9/2021 12:44:22 AM : kService.requestChannels.Count :7
5/9/2021 12:44:22 AM : kService.requestChannels.Count :7
5/9/2021 12:44:22 AM : ping
5/9/2021 12:44:22 AM : ping
5/9/2021 12:44:22 AM : kService.requestChannels.Count :6
5/9/2021 12:44:22 AM : kService.requestChannels.Count :6
5/9/2021 12:44:22 AM : ping
5/9/2021 12:44:22 AM : kService.requestChannels.Count :5
5/9/2021 12:44:22 AM : kService.requestChannels.Count :5
5/9/2021 12:44:22 AM : kService.requestChannels.Count :4
5/9/2021 12:44:22 AM : kService.requestChannels.Count :4
5/9/2021 12:44:23 AM : kService.requestChannels.Count :3
5/9/2021 12:44:23 AM : kService.requestChannels.Count :3
5/9/2021 12:44:23 AM : kService.requestChannels.Count :2
5/9/2021 12:44:23 AM : kService.requestChannels.Count :2
5/9/2021 12:44:23 AM : ping
5/9/2021 12:44:23 AM : ping
5/9/2021 12:44:23 AM : ping
5/9/2021 12:44:23 AM : kService.requestChannels.Count :1
5/9/2021 12:44:23 AM : kService.requestChannels.Count :1
5/9/2021 12:44:23 AM : kService.requestChannels.Count :0
5/9/2021 12:44:23 AM : kService.requestChannels.Count :0
5/9/2021 12:44:24 AM : ping
5/9/2021 12:44:24 AM : ping
5/9/2021 12:44:24 AM : ping
5/9/2021 12:44:25 AM : ping
5/9/2021 12:44:25 AM : ping
5/9/2021 12:44:25 AM : ping
5/9/2021 12:44:26 AM : ping
5/9/2021 12:44:26 AM : ping
5/9/2021 12:44:26 AM : ping
5/9/2021 12:44:27 AM : ping
5/9/2021 12:44:27 AM : ping
5/9/2021 12:44:27 AM : ping
5/9/2021 12:44:29 AM : ping
5/9/2021 12:44:29 AM : ping
5/9/2021 12:44:29 AM : ping
5/9/2021 12:44:30 AM : ping
5/9/2021 12:44:30 AM : ping
5/9/2021 12:44:30 AM : ping
5/9/2021 12:44:31 AM : ping
5/9/2021 12:44:31 AM : ping
5/9/2021 12:44:31 AM : ping
5/9/2021 12:44:32 AM : ping
5/9/2021 12:44:32 AM : ping
5/9/2021 12:44:32 AM : ping
5/9/2021 12:44:33 AM : ping
5/9/2021 12:44:33 AM : ping
5/9/2021 12:44:33 AM : ping
5/9/2021 12:44:46 AM : ping
5/9/2021 12:44:46 AM : ping
5/9/2021 12:44:46 AM : ping
5/9/2021 12:44:47 AM : ping
5/9/2021 12:44:47 AM : ping
5/9/2021 12:44:47 AM : ping
5/9/2021 12:44:48 AM : ping
5/9/2021 12:44:48 AM : ping
5/9/2021 12:44:48 AM : ping
5/9/2021 12:44:49 AM : ping
5/9/2021 12:44:49 AM : ping
5/9/2021 12:44:49 AM : ping
5/9/2021 12:44:50 AM : ping
5/9/2021 12:44:50 AM : ping
5/9/2021 12:44:50 AM : ping
5/9/2021 12:44:51 AM : ping
5/9/2021 12:44:51 AM : ping
5/9/2021 12:44:51 AM : ping
5/9/2021 12:44:52 AM : launch server at port: 7003
5/9/2021 12:44:53 AM : ping
5/9/2021 12:44:53 AM : ping
5/9/2021 12:44:53 AM : ping
5/9/2021 12:44:54 AM : ping
5/9/2021 12:44:54 AM : ping
5/9/2021 12:44:54 AM : ping
5/9/2021 12:44:55 AM : ping
5/9/2021 12:44:55 AM : ping
5/9/2021 12:44:55 AM : ping
5/9/2021 12:44:56 AM : ping
5/9/2021 12:44:56 AM : ping
5/9/2021 12:44:56 AM : ping
5/9/2021 12:44:57 AM : ping
5/9/2021 12:44:57 AM : ping
5/9/2021 12:44:57 AM : ping
5/9/2021 12:44:58 AM : ping
5/9/2021 12:44:58 AM : ping
5/9/2021 12:44:58 AM : ping
5/9/2021 12:44:59 AM : ping
5/9/2021 12:44:59 AM : ping
5/9/2021 12:44:59 AM : ping
5/9/2021 12:45:00 AM : ping
5/9/2021 12:45:00 AM : ping
5/9/2021 12:45:00 AM : ping
5/9/2021 12:45:01 AM : ping
5/9/2021 12:45:01 AM : ping
5/9/2021 12:45:01 AM : ping
5/9/2021 12:45:03 AM : ping
5/9/2021 12:45:03 AM : ping
5/9/2021 12:45:03 AM : ping
5/9/2021 12:45:04 AM : ping
5/9/2021 12:45:04 AM : ping
5/9/2021 12:45:04 AM : ping
5/9/2021 12:45:05 AM : ping
5/9/2021 12:45:05 AM : ping
5/9/2021 12:45:05 AM : ping
5/9/2021 12:45:06 AM : ping
5/9/2021 12:45:06 AM : ping
5/9/2021 12:45:06 AM : ping
5/9/2021 12:45:07 AM : ping
5/9/2021 12:45:07 AM : ping
5/9/2021 12:45:07 AM : ping
5/9/2021 12:45:08 AM : ping
5/9/2021 12:45:08 AM : ping
5/9/2021 12:45:08 AM : ping
5/9/2021 12:45:09 AM : ping
5/9/2021 12:45:09 AM : ping
5/9/2021 12:45:09 AM : ping
5/9/2021 12:45:10 AM : ping
5/9/2021 12:45:10 AM : ping
5/9/2021 12:45:10 AM : ping
5/9/2021 12:45:11 AM : ping
5/9/2021 12:45:11 AM : ping
5/9/2021 12:45:11 AM : ping
5/9/2021 12:45:13 AM : ping
5/9/2021 12:45:13 AM : ping
5/9/2021 12:45:13 AM : ping
5/9/2021 12:45:14 AM : ping
5/9/2021 12:45:14 AM : ping
5/9/2021 12:45:14 AM : ping
5/9/2021 12:45:15 AM : ping
5/9/2021 12:45:15 AM : ping
5/9/2021 12:45:15 AM : ping
5/9/2021 12:45:16 AM : ping
5/9/2021 12:45:16 AM : ping
5/9/2021 12:45:16 AM : ping
5/9/2021 12:45:17 AM : ping
5/9/2021 12:45:17 AM : ping
5/9/2021 12:45:17 AM : ping
5/9/2021 12:45:18 AM : ping
5/9/2021 12:45:18 AM : ping
5/9/2021 12:45:18 AM : ping
5/9/2021 12:45:19 AM : ping
5/9/2021 12:45:19 AM : ping
5/9/2021 12:45:19 AM : ping
5/9/2021 12:45:20 AM : ping
5/9/2021 12:45:20 AM : ping
5/9/2021 12:45:20 AM : ping
5/9/2021 12:45:21 AM : ping
5/9/2021 12:45:21 AM : ping
5/9/2021 12:45:21 AM : ping
5/9/2021 12:45:22 AM : ping
5/9/2021 12:45:22 AM : ping
5/9/2021 12:45:22 AM : ping
5/9/2021 12:45:24 AM : ping
5/9/2021 12:45:24 AM : ping
5/9/2021 12:45:24 AM : ping
5/9/2021 12:45:25 AM : ping
5/9/2021 12:45:25 AM : ping
5/9/2021 12:45:25 AM : ping
5/9/2021 12:45:26 AM : ping
5/9/2021 12:45:26 AM : ping
5/9/2021 12:45:26 AM : ping
5/9/2021 12:45:27 AM : ping
5/9/2021 12:45:27 AM : ping
5/9/2021 12:45:27 AM : ping
5/9/2021 12:45:28 AM : ping
5/9/2021 12:45:28 AM : ping
5/9/2021 12:45:28 AM : ping
5/9/2021 12:45:29 AM : ping
5/9/2021 12:45:29 AM : ping
5/9/2021 12:45:29 AM : ping
5/9/2021 12:46:15 AM : ping
5/9/2021 12:46:15 AM : ping
5/9/2021 12:46:15 AM : ping
5/9/2021 12:46:16 AM : ping
5/9/2021 12:46:16 AM : ping
5/9/2021 12:46:16 AM : ping
5/9/2021 12:46:18 AM : ping
5/9/2021 12:46:18 AM : ping
5/9/2021 12:46:18 AM : ping
