log begin
..............
5/9/2021 12:18:21 AM : ping
5/9/2021 12:18:21 AM : ping
5/9/2021 12:18:21 AM : ping
5/9/2021 12:18:22 AM : ping
5/9/2021 12:18:22 AM : ping
5/9/2021 12:18:22 AM : ping
5/9/2021 12:18:23 AM : ping
5/9/2021 12:18:23 AM : ping
5/9/2021 12:18:23 AM : ping
5/9/2021 12:18:24 AM : ping
5/9/2021 12:18:24 AM : ping
5/9/2021 12:18:24 AM : ping
5/9/2021 12:18:26 AM : ping
5/9/2021 12:18:26 AM : ping
5/9/2021 12:18:26 AM : ping
5/9/2021 12:18:27 AM : ping
5/9/2021 12:18:27 AM : ping
5/9/2021 12:18:27 AM : ping
5/9/2021 12:18:28 AM : ping
5/9/2021 12:18:28 AM : ping
5/9/2021 12:18:28 AM : ping
5/9/2021 12:18:29 AM : ping
5/9/2021 12:18:29 AM : ping
5/9/2021 12:18:29 AM : ping
5/9/2021 12:18:30 AM : ping
5/9/2021 12:18:30 AM : ping
5/9/2021 12:18:30 AM : ping
5/9/2021 12:18:31 AM : ping
5/9/2021 12:18:31 AM : ping
5/9/2021 12:18:31 AM : ping
5/9/2021 12:18:32 AM : ping
5/9/2021 12:18:32 AM : ping
5/9/2021 12:18:32 AM : ping
5/9/2021 12:18:33 AM : ping
5/9/2021 12:18:33 AM : ping
5/9/2021 12:18:33 AM : ping
5/9/2021 12:18:34 AM : ping
5/9/2021 12:18:34 AM : ping
5/9/2021 12:18:34 AM : ping
5/9/2021 12:18:36 AM : ping
5/9/2021 12:18:36 AM : ping
5/9/2021 12:18:36 AM : ping
5/9/2021 12:18:37 AM : ping
5/9/2021 12:18:37 AM : ping
5/9/2021 12:18:37 AM : ping
5/9/2021 12:18:38 AM : ping
5/9/2021 12:18:38 AM : ping
5/9/2021 12:18:38 AM : ping
5/9/2021 12:18:39 AM : ping
5/9/2021 12:18:39 AM : ping
5/9/2021 12:18:39 AM : ping
5/9/2021 12:18:40 AM : ping
5/9/2021 12:18:40 AM : ping
5/9/2021 12:18:40 AM : ping
5/9/2021 12:18:41 AM : ping
5/9/2021 12:18:41 AM : ping
5/9/2021 12:18:41 AM : ping
5/9/2021 12:18:42 AM : ping
5/9/2021 12:18:42 AM : ping
5/9/2021 12:18:42 AM : ping
5/9/2021 12:18:43 AM : ping
5/9/2021 12:18:43 AM : ping
5/9/2021 12:18:43 AM : ping
5/9/2021 12:18:44 AM : ping
5/9/2021 12:18:44 AM : ping
5/9/2021 12:18:44 AM : ping
5/9/2021 12:18:46 AM : ping
5/9/2021 12:18:46 AM : ping
5/9/2021 12:18:46 AM : ping
5/9/2021 12:18:47 AM : ping
5/9/2021 12:18:47 AM : ping
5/9/2021 12:18:47 AM : ping
5/9/2021 12:18:48 AM : launch server at port: 7003
5/9/2021 12:18:48 AM : ping
5/9/2021 12:18:48 AM : ping
5/9/2021 12:18:48 AM : ping
5/9/2021 12:18:48 AM : launch server at port: 7004
5/9/2021 12:18:49 AM : ping
5/9/2021 12:18:49 AM : ping
5/9/2021 12:18:49 AM : ping
5/9/2021 12:18:50 AM : ping
5/9/2021 12:18:50 AM : ping
5/9/2021 12:18:50 AM : ping
5/9/2021 12:18:51 AM : ping
5/9/2021 12:18:51 AM : ping
5/9/2021 12:18:51 AM : ping
5/9/2021 12:18:52 AM : ping
5/9/2021 12:18:52 AM : ping
5/9/2021 12:18:52 AM : ping
5/9/2021 12:18:53 AM : ping
5/9/2021 12:18:53 AM : ping
5/9/2021 12:18:53 AM : ping
5/9/2021 12:18:53 AM : launch server at port: 7005
5/9/2021 12:18:54 AM : launch server at port: 7006
5/9/2021 12:18:54 AM : ping
5/9/2021 12:18:54 AM : ping
5/9/2021 12:18:54 AM : ping
5/9/2021 12:18:56 AM : ping
5/9/2021 12:18:56 AM : ping
5/9/2021 12:18:56 AM : ping
5/9/2021 12:18:57 AM : ping
5/9/2021 12:18:57 AM : ping
5/9/2021 12:18:57 AM : ping
5/9/2021 12:18:58 AM : ping
5/9/2021 12:18:58 AM : ping
5/9/2021 12:18:58 AM : ping
5/9/2021 12:18:59 AM : launch server at port: 7007
5/9/2021 12:18:59 AM : ping
5/9/2021 12:18:59 AM : ping
5/9/2021 12:18:59 AM : ping
5/9/2021 12:18:59 AM : launch server at port: 7008
5/9/2021 12:19:00 AM : ping
5/9/2021 12:19:00 AM : ping
5/9/2021 12:19:00 AM : ping
5/9/2021 12:19:01 AM : ping
5/9/2021 12:19:01 AM : ping
5/9/2021 12:19:01 AM : ping
5/9/2021 12:19:02 AM : ping
5/9/2021 12:19:02 AM : ping
5/9/2021 12:19:02 AM : ping
5/9/2021 12:19:03 AM : launch server at port: 7009
5/9/2021 12:19:03 AM : ping
5/9/2021 12:19:03 AM : ping
5/9/2021 12:19:03 AM : ping
5/9/2021 12:19:04 AM : ping
5/9/2021 12:19:04 AM : ping
5/9/2021 12:19:04 AM : ping
5/9/2021 12:19:06 AM : ping
5/9/2021 12:19:06 AM : ping
5/9/2021 12:19:06 AM : ping
5/9/2021 12:19:07 AM : ping
5/9/2021 12:19:07 AM : ping
5/9/2021 12:19:07 AM : ping
5/9/2021 12:19:08 AM : ping
5/9/2021 12:19:08 AM : ping
5/9/2021 12:19:08 AM : ping
5/9/2021 12:19:09 AM : ping
5/9/2021 12:19:09 AM : ping
5/9/2021 12:19:09 AM : ping
5/9/2021 12:19:10 AM : ping
5/9/2021 12:19:10 AM : ping
5/9/2021 12:19:10 AM : ping
5/9/2021 12:19:11 AM : launch server at port: 7010
5/9/2021 12:19:11 AM : ping
5/9/2021 12:19:11 AM : ping
5/9/2021 12:19:11 AM : ping
5/9/2021 12:19:12 AM : launch server at port: 7011
5/9/2021 12:19:12 AM : ping
5/9/2021 12:19:12 AM : ping
5/9/2021 12:19:12 AM : ping
5/9/2021 12:19:13 AM : ping
5/9/2021 12:19:13 AM : ping
5/9/2021 12:19:13 AM : ping
5/9/2021 12:19:14 AM : ping
5/9/2021 12:19:14 AM : ping
5/9/2021 12:19:14 AM : ping
5/9/2021 12:19:16 AM : ping
5/9/2021 12:19:16 AM : ping
5/9/2021 12:19:16 AM : ping
5/9/2021 12:19:17 AM : ping
5/9/2021 12:19:17 AM : ping
5/9/2021 12:19:17 AM : ping
5/9/2021 12:19:18 AM : ping
5/9/2021 12:19:18 AM : ping
5/9/2021 12:19:18 AM : ping
5/9/2021 12:19:19 AM : ping
5/9/2021 12:19:19 AM : ping
5/9/2021 12:19:19 AM : ping
5/9/2021 12:19:20 AM : ping
5/9/2021 12:19:20 AM : ping
5/9/2021 12:19:20 AM : ping
5/9/2021 12:19:21 AM : ping
5/9/2021 12:19:21 AM : ping
5/9/2021 12:19:21 AM : ping
5/9/2021 12:19:22 AM : ping
5/9/2021 12:19:22 AM : ping
5/9/2021 12:19:22 AM : ping
5/9/2021 12:19:23 AM : ping
5/9/2021 12:19:23 AM : ping
5/9/2021 12:19:23 AM : ping
5/9/2021 12:19:24 AM : ping
5/9/2021 12:19:24 AM : ping
5/9/2021 12:19:24 AM : ping
5/9/2021 12:19:26 AM : ping
5/9/2021 12:19:26 AM : ping
5/9/2021 12:19:26 AM : ping
5/9/2021 12:19:27 AM : ping
5/9/2021 12:19:27 AM : ping
5/9/2021 12:19:27 AM : ping
5/9/2021 12:19:28 AM : ping
5/9/2021 12:19:28 AM : ping
5/9/2021 12:19:28 AM : ping
5/9/2021 12:19:29 AM : ping
5/9/2021 12:19:29 AM : ping
5/9/2021 12:19:29 AM : ping
5/9/2021 12:19:30 AM : ping
5/9/2021 12:19:30 AM : ping
5/9/2021 12:19:30 AM : ping
5/9/2021 12:19:31 AM : ping
5/9/2021 12:19:31 AM : ping
5/9/2021 12:19:31 AM : ping
5/9/2021 12:19:32 AM : ping
5/9/2021 12:19:32 AM : ping
5/9/2021 12:19:32 AM : ping
5/9/2021 12:19:33 AM : ping
5/9/2021 12:19:33 AM : ping
5/9/2021 12:19:33 AM : ping
5/9/2021 12:19:34 AM : ping
5/9/2021 12:19:34 AM : ping
5/9/2021 12:19:34 AM : ping
5/9/2021 12:19:35 AM : ping
5/9/2021 12:19:35 AM : ping
5/9/2021 12:19:35 AM : ping
5/9/2021 12:19:37 AM : ping
5/9/2021 12:19:37 AM : ping
5/9/2021 12:19:37 AM : ping
5/9/2021 12:19:38 AM : ping
5/9/2021 12:19:38 AM : ping
5/9/2021 12:19:38 AM : ping
5/9/2021 12:19:39 AM : ping
5/9/2021 12:19:39 AM : ping
5/9/2021 12:19:39 AM : ping
5/9/2021 12:19:40 AM : ping
5/9/2021 12:19:40 AM : ping
5/9/2021 12:19:40 AM : ping
5/9/2021 12:19:41 AM : ping
5/9/2021 12:19:41 AM : ping
5/9/2021 12:19:41 AM : ping
5/9/2021 12:19:42 AM : ping
5/9/2021 12:19:42 AM : ping
5/9/2021 12:19:42 AM : ping
5/9/2021 12:19:43 AM : ping
5/9/2021 12:19:43 AM : ping
5/9/2021 12:19:43 AM : ping
5/9/2021 12:19:44 AM : ping
5/9/2021 12:19:44 AM : ping
5/9/2021 12:19:44 AM : ping
5/9/2021 12:19:45 AM : ping
5/9/2021 12:19:45 AM : ping
5/9/2021 12:19:45 AM : ping
5/9/2021 12:19:47 AM : ping
5/9/2021 12:19:47 AM : ping
5/9/2021 12:19:47 AM : ping
5/9/2021 12:19:48 AM : ping
5/9/2021 12:19:48 AM : ping
5/9/2021 12:19:48 AM : ping
5/9/2021 12:19:49 AM : ping
5/9/2021 12:19:49 AM : ping
5/9/2021 12:19:49 AM : ping
5/9/2021 12:19:50 AM : ping
5/9/2021 12:19:50 AM : ping
5/9/2021 12:19:50 AM : ping
5/9/2021 12:19:51 AM : ping
5/9/2021 12:19:51 AM : ping
5/9/2021 12:19:51 AM : ping
5/9/2021 12:19:52 AM : ping
5/9/2021 12:19:52 AM : ping
5/9/2021 12:19:52 AM : ping
5/9/2021 12:19:53 AM : ping
5/9/2021 12:19:53 AM : ping
5/9/2021 12:19:53 AM : ping
5/9/2021 12:19:54 AM : ping
5/9/2021 12:19:54 AM : ping
5/9/2021 12:19:54 AM : ping
5/9/2021 12:19:55 AM : ping
5/9/2021 12:19:55 AM : ping
5/9/2021 12:19:55 AM : ping
5/9/2021 12:19:57 AM : ping
5/9/2021 12:19:57 AM : ping
5/9/2021 12:19:57 AM : ping
5/9/2021 12:19:58 AM : ping
5/9/2021 12:19:58 AM : ping
5/9/2021 12:19:58 AM : ping
5/9/2021 12:19:59 AM : ping
5/9/2021 12:19:59 AM : ping
5/9/2021 12:19:59 AM : ping
5/9/2021 12:20:00 AM : ping
5/9/2021 12:20:00 AM : ping
5/9/2021 12:20:00 AM : ping
5/9/2021 12:20:01 AM : ping
5/9/2021 12:20:01 AM : ping
5/9/2021 12:20:01 AM : ping
5/9/2021 12:20:02 AM : ping
5/9/2021 12:20:02 AM : ping
5/9/2021 12:20:02 AM : ping
5/9/2021 12:20:03 AM : ping
5/9/2021 12:20:03 AM : ping
5/9/2021 12:20:03 AM : ping
5/9/2021 12:20:04 AM : ping
5/9/2021 12:20:04 AM : ping
5/9/2021 12:20:04 AM : ping
5/9/2021 12:20:05 AM : ping
5/9/2021 12:20:05 AM : ping
5/9/2021 12:20:05 AM : ping
5/9/2021 12:20:07 AM : ping
5/9/2021 12:20:07 AM : ping
5/9/2021 12:20:07 AM : ping
5/9/2021 12:20:08 AM : ping
5/9/2021 12:20:08 AM : ping
5/9/2021 12:20:08 AM : ping
5/9/2021 12:20:09 AM : ping
5/9/2021 12:20:09 AM : ping
5/9/2021 12:20:09 AM : ping
5/9/2021 12:20:10 AM : ping
5/9/2021 12:20:10 AM : ping
5/9/2021 12:20:10 AM : ping
5/9/2021 12:20:11 AM : ping
5/9/2021 12:20:11 AM : ping
5/9/2021 12:20:11 AM : ping
5/9/2021 12:20:12 AM : ping
5/9/2021 12:20:12 AM : ping
5/9/2021 12:20:12 AM : ping
5/9/2021 12:20:13 AM : ping
5/9/2021 12:20:13 AM : ping
5/9/2021 12:20:13 AM : ping
5/9/2021 12:20:14 AM : ping
5/9/2021 12:20:14 AM : ping
5/9/2021 12:20:14 AM : ping
5/9/2021 12:20:15 AM : ping
5/9/2021 12:20:15 AM : ping
5/9/2021 12:20:15 AM : ping
5/9/2021 12:20:16 AM : ping
5/9/2021 12:20:16 AM : ping
5/9/2021 12:20:16 AM : ping
5/9/2021 12:20:18 AM : ping
5/9/2021 12:20:18 AM : ping
5/9/2021 12:20:18 AM : ping
5/9/2021 12:20:19 AM : ping
5/9/2021 12:20:19 AM : ping
5/9/2021 12:20:19 AM : ping
5/9/2021 12:20:20 AM : ping
5/9/2021 12:20:20 AM : ping
5/9/2021 12:20:20 AM : ping
5/9/2021 12:20:21 AM : ping
5/9/2021 12:20:21 AM : ping
5/9/2021 12:20:21 AM : ping
5/9/2021 12:20:22 AM : ping
5/9/2021 12:20:22 AM : ping
5/9/2021 12:20:22 AM : ping
5/9/2021 12:20:23 AM : ping
5/9/2021 12:20:23 AM : ping
5/9/2021 12:20:23 AM : ping
5/9/2021 12:20:24 AM : ping
5/9/2021 12:20:24 AM : ping
5/9/2021 12:20:24 AM : ping
5/9/2021 12:20:25 AM : ping
5/9/2021 12:20:25 AM : ping
5/9/2021 12:20:25 AM : ping
5/9/2021 12:20:26 AM : ping
5/9/2021 12:20:26 AM : ping
5/9/2021 12:20:26 AM : ping
5/9/2021 12:20:28 AM : ping
5/9/2021 12:20:28 AM : ping
5/9/2021 12:20:28 AM : ping
5/9/2021 12:20:29 AM : ping
5/9/2021 12:20:29 AM : ping
5/9/2021 12:20:29 AM : ping
5/9/2021 12:20:30 AM : ping
5/9/2021 12:20:30 AM : ping
5/9/2021 12:20:30 AM : ping
5/9/2021 12:20:31 AM : ping
5/9/2021 12:20:31 AM : ping
5/9/2021 12:20:31 AM : ping
5/9/2021 12:20:32 AM : ping
5/9/2021 12:20:32 AM : ping
5/9/2021 12:20:32 AM : ping
5/9/2021 12:20:33 AM : ping
5/9/2021 12:20:33 AM : ping
5/9/2021 12:20:33 AM : ping
5/9/2021 12:20:34 AM : ping
5/9/2021 12:20:34 AM : ping
5/9/2021 12:20:34 AM : ping
5/9/2021 12:20:35 AM : ping
5/9/2021 12:20:35 AM : ping
5/9/2021 12:20:35 AM : ping
5/9/2021 12:20:36 AM : ping
5/9/2021 12:20:36 AM : ping
5/9/2021 12:20:36 AM : ping
5/9/2021 12:20:38 AM : ping
5/9/2021 12:20:38 AM : ping
5/9/2021 12:20:38 AM : ping
5/9/2021 12:20:39 AM : ping
5/9/2021 12:20:39 AM : ping
5/9/2021 12:20:39 AM : ping
5/9/2021 12:20:40 AM : ping
5/9/2021 12:20:40 AM : ping
5/9/2021 12:20:40 AM : ping
5/9/2021 12:20:41 AM : ping
5/9/2021 12:20:41 AM : ping
5/9/2021 12:20:41 AM : ping
5/9/2021 12:20:42 AM : ping
5/9/2021 12:20:42 AM : ping
5/9/2021 12:20:42 AM : ping
5/9/2021 12:20:43 AM : ping
5/9/2021 12:20:43 AM : ping
5/9/2021 12:20:43 AM : ping
5/9/2021 12:20:44 AM : ping
5/9/2021 12:20:44 AM : ping
5/9/2021 12:20:44 AM : ping
5/9/2021 12:20:45 AM : ping
5/9/2021 12:20:45 AM : ping
5/9/2021 12:20:45 AM : ping
5/9/2021 12:20:46 AM : ping
5/9/2021 12:20:46 AM : ping
5/9/2021 12:20:46 AM : ping
5/9/2021 12:20:48 AM : ping
5/9/2021 12:20:48 AM : ping
5/9/2021 12:20:48 AM : ping
5/9/2021 12:20:49 AM : ping
5/9/2021 12:20:49 AM : ping
5/9/2021 12:20:49 AM : ping
5/9/2021 12:20:50 AM : ping
5/9/2021 12:20:50 AM : ping
5/9/2021 12:20:50 AM : ping
5/9/2021 12:20:51 AM : ping
5/9/2021 12:20:51 AM : ping
5/9/2021 12:20:51 AM : ping
5/9/2021 12:20:52 AM : ping
5/9/2021 12:20:52 AM : ping
5/9/2021 12:20:52 AM : ping
5/9/2021 12:20:53 AM : ping
5/9/2021 12:20:53 AM : ping
5/9/2021 12:20:53 AM : ping
5/9/2021 12:20:54 AM : ping
5/9/2021 12:20:54 AM : ping
5/9/2021 12:20:54 AM : ping
5/9/2021 12:20:55 AM : ping
5/9/2021 12:20:55 AM : ping
5/9/2021 12:20:55 AM : ping
5/9/2021 12:20:56 AM : ping
5/9/2021 12:20:56 AM : ping
5/9/2021 12:20:56 AM : ping
5/9/2021 12:20:58 AM : ping
5/9/2021 12:20:58 AM : ping
5/9/2021 12:20:58 AM : ping
5/9/2021 12:20:59 AM : ping
5/9/2021 12:20:59 AM : ping
5/9/2021 12:20:59 AM : ping
5/9/2021 12:21:00 AM : ping
5/9/2021 12:21:00 AM : ping
5/9/2021 12:21:00 AM : ping
5/9/2021 12:21:01 AM : ping
5/9/2021 12:21:01 AM : ping
5/9/2021 12:21:01 AM : ping
5/9/2021 12:21:02 AM : ping
5/9/2021 12:21:02 AM : ping
5/9/2021 12:21:02 AM : ping
5/9/2021 12:21:03 AM : ping
5/9/2021 12:21:03 AM : ping
5/9/2021 12:21:03 AM : ping
5/9/2021 12:21:04 AM : ping
5/9/2021 12:21:04 AM : ping
5/9/2021 12:21:04 AM : ping
5/9/2021 12:21:05 AM : ping
5/9/2021 12:21:05 AM : ping
5/9/2021 12:21:05 AM : ping
5/9/2021 12:21:06 AM : ping
5/9/2021 12:21:06 AM : ping
5/9/2021 12:21:06 AM : ping
5/9/2021 12:21:08 AM : ping
5/9/2021 12:21:08 AM : ping
5/9/2021 12:21:08 AM : ping
5/9/2021 12:21:09 AM : ping
5/9/2021 12:21:09 AM : ping
5/9/2021 12:21:09 AM : ping
5/9/2021 12:21:10 AM : ping
5/9/2021 12:21:10 AM : ping
5/9/2021 12:21:10 AM : ping
5/9/2021 12:21:11 AM : ping
5/9/2021 12:21:11 AM : ping
5/9/2021 12:21:11 AM : ping
5/9/2021 12:21:12 AM : ping
5/9/2021 12:21:12 AM : ping
5/9/2021 12:21:12 AM : ping
5/9/2021 12:21:13 AM : ping
5/9/2021 12:21:13 AM : ping
5/9/2021 12:21:13 AM : ping
5/9/2021 12:21:14 AM : ping
5/9/2021 12:21:14 AM : ping
5/9/2021 12:21:14 AM : ping
5/9/2021 12:21:15 AM : ping
5/9/2021 12:21:15 AM : ping
5/9/2021 12:21:15 AM : ping
5/9/2021 12:21:16 AM : ping
5/9/2021 12:21:16 AM : ping
5/9/2021 12:21:16 AM : ping
5/9/2021 12:21:17 AM : ping
5/9/2021 12:21:17 AM : ping
5/9/2021 12:21:17 AM : ping
5/9/2021 12:21:19 AM : ping
5/9/2021 12:21:19 AM : ping
5/9/2021 12:21:19 AM : ping
5/9/2021 12:21:20 AM : ping
5/9/2021 12:21:20 AM : ping
5/9/2021 12:21:20 AM : ping
5/9/2021 12:21:21 AM : ping
5/9/2021 12:21:21 AM : ping
5/9/2021 12:21:21 AM : ping
5/9/2021 12:21:22 AM : ping
5/9/2021 12:21:22 AM : ping
5/9/2021 12:21:22 AM : ping
5/9/2021 12:21:23 AM : ping
5/9/2021 12:21:23 AM : ping
5/9/2021 12:21:23 AM : ping
5/9/2021 12:21:24 AM : ping
5/9/2021 12:21:24 AM : ping
5/9/2021 12:21:24 AM : ping
5/9/2021 12:21:25 AM : ping
5/9/2021 12:21:25 AM : ping
5/9/2021 12:21:25 AM : ping
5/9/2021 12:21:26 AM : ping
5/9/2021 12:21:26 AM : ping
5/9/2021 12:21:26 AM : ping
5/9/2021 12:21:27 AM : ping
5/9/2021 12:21:27 AM : ping
5/9/2021 12:21:27 AM : ping
5/9/2021 12:21:29 AM : ping
5/9/2021 12:21:29 AM : ping
5/9/2021 12:21:29 AM : ping
5/9/2021 12:21:30 AM : ping
5/9/2021 12:21:30 AM : ping
5/9/2021 12:21:30 AM : ping
5/9/2021 12:21:31 AM : ping
5/9/2021 12:21:31 AM : ping
5/9/2021 12:21:31 AM : ping
5/9/2021 12:21:32 AM : ping
5/9/2021 12:21:32 AM : ping
5/9/2021 12:21:32 AM : ping
5/9/2021 12:21:33 AM : ping
5/9/2021 12:21:33 AM : ping
5/9/2021 12:21:33 AM : ping
5/9/2021 12:21:34 AM : ping
5/9/2021 12:21:34 AM : ping
5/9/2021 12:21:34 AM : ping
5/9/2021 12:21:35 AM : ping
5/9/2021 12:21:35 AM : ping
5/9/2021 12:21:35 AM : ping
5/9/2021 12:21:36 AM : ping
5/9/2021 12:21:36 AM : ping
5/9/2021 12:21:36 AM : ping
5/9/2021 12:21:37 AM : ping
5/9/2021 12:21:37 AM : ping
5/9/2021 12:21:37 AM : ping
5/9/2021 12:21:39 AM : ping
5/9/2021 12:21:39 AM : ping
5/9/2021 12:21:39 AM : ping
5/9/2021 12:21:40 AM : ping
5/9/2021 12:21:40 AM : ping
5/9/2021 12:21:40 AM : ping
5/9/2021 12:21:41 AM : ping
5/9/2021 12:21:41 AM : ping
5/9/2021 12:21:41 AM : ping
5/9/2021 12:21:42 AM : ping
5/9/2021 12:21:42 AM : ping
5/9/2021 12:21:42 AM : ping
5/9/2021 12:21:43 AM : ping
5/9/2021 12:21:43 AM : ping
5/9/2021 12:21:43 AM : ping
5/9/2021 12:21:44 AM : ping
5/9/2021 12:21:44 AM : ping
5/9/2021 12:21:44 AM : ping
5/9/2021 12:21:45 AM : ping
5/9/2021 12:21:45 AM : ping
5/9/2021 12:21:45 AM : ping
5/9/2021 12:21:46 AM : ping
5/9/2021 12:21:46 AM : ping
5/9/2021 12:21:46 AM : ping
5/9/2021 12:21:47 AM : ping
5/9/2021 12:21:47 AM : ping
5/9/2021 12:21:47 AM : ping
5/9/2021 12:21:49 AM : ping
5/9/2021 12:21:49 AM : ping
5/9/2021 12:21:49 AM : ping
5/9/2021 12:21:50 AM : ping
5/9/2021 12:21:50 AM : ping
5/9/2021 12:21:50 AM : ping
5/9/2021 12:21:51 AM : ping
5/9/2021 12:21:51 AM : ping
5/9/2021 12:21:51 AM : ping
5/9/2021 12:21:52 AM : ping
5/9/2021 12:21:52 AM : ping
5/9/2021 12:21:52 AM : ping
5/9/2021 12:21:53 AM : ping
5/9/2021 12:21:53 AM : ping
5/9/2021 12:21:53 AM : ping
5/9/2021 12:21:54 AM : ping
5/9/2021 12:21:54 AM : ping
5/9/2021 12:21:54 AM : ping
5/9/2021 12:21:55 AM : ping
5/9/2021 12:21:55 AM : ping
5/9/2021 12:21:55 AM : ping
5/9/2021 12:21:56 AM : ping
5/9/2021 12:21:56 AM : ping
5/9/2021 12:21:56 AM : ping
5/9/2021 12:21:57 AM : ping
5/9/2021 12:21:57 AM : ping
5/9/2021 12:21:57 AM : ping
5/9/2021 12:21:58 AM : ping
5/9/2021 12:21:58 AM : ping
5/9/2021 12:21:58 AM : ping
5/9/2021 12:22:00 AM : ping
5/9/2021 12:22:00 AM : ping
5/9/2021 12:22:00 AM : ping
5/9/2021 12:22:01 AM : ping
5/9/2021 12:22:01 AM : ping
5/9/2021 12:22:01 AM : ping
5/9/2021 12:22:02 AM : ping
5/9/2021 12:22:02 AM : ping
5/9/2021 12:22:02 AM : ping
5/9/2021 12:22:03 AM : ping
5/9/2021 12:22:03 AM : ping
5/9/2021 12:22:03 AM : ping
5/9/2021 12:22:04 AM : ping
5/9/2021 12:22:04 AM : ping
5/9/2021 12:22:04 AM : ping
5/9/2021 12:22:05 AM : ping
5/9/2021 12:22:05 AM : ping
5/9/2021 12:22:05 AM : ping
5/9/2021 12:22:06 AM : ping
5/9/2021 12:22:06 AM : ping
5/9/2021 12:22:06 AM : ping
5/9/2021 12:22:07 AM : ping
5/9/2021 12:22:07 AM : ping
5/9/2021 12:22:07 AM : ping
5/9/2021 12:22:08 AM : ping
5/9/2021 12:22:08 AM : ping
5/9/2021 12:22:08 AM : ping
5/9/2021 12:22:10 AM : ping
5/9/2021 12:22:10 AM : ping
5/9/2021 12:22:10 AM : ping
5/9/2021 12:22:11 AM : ping
5/9/2021 12:22:11 AM : ping
5/9/2021 12:22:11 AM : ping
5/9/2021 12:22:12 AM : ping
5/9/2021 12:22:12 AM : ping
5/9/2021 12:22:12 AM : ping
5/9/2021 12:22:13 AM : ping
5/9/2021 12:22:13 AM : ping
5/9/2021 12:22:13 AM : ping
5/9/2021 12:22:14 AM : ping
5/9/2021 12:22:14 AM : ping
5/9/2021 12:22:14 AM : ping
5/9/2021 12:22:15 AM : ping
5/9/2021 12:22:15 AM : ping
5/9/2021 12:22:15 AM : ping
5/9/2021 12:22:16 AM : ping
5/9/2021 12:22:16 AM : ping
5/9/2021 12:22:16 AM : ping
5/9/2021 12:22:17 AM : ping
5/9/2021 12:22:17 AM : ping
5/9/2021 12:22:17 AM : ping
5/9/2021 12:22:18 AM : ping
5/9/2021 12:22:18 AM : ping
5/9/2021 12:22:18 AM : ping
5/9/2021 12:22:20 AM : ping
5/9/2021 12:22:20 AM : ping
5/9/2021 12:22:20 AM : ping
5/9/2021 12:22:21 AM : ping
5/9/2021 12:22:21 AM : ping
5/9/2021 12:22:21 AM : ping
5/9/2021 12:22:22 AM : ping
5/9/2021 12:22:22 AM : ping
5/9/2021 12:22:22 AM : ping
5/9/2021 12:22:23 AM : ping
5/9/2021 12:22:23 AM : ping
5/9/2021 12:22:23 AM : ping
5/9/2021 12:22:24 AM : ping
5/9/2021 12:22:24 AM : ping
5/9/2021 12:22:24 AM : ping
5/9/2021 12:22:25 AM : ping
5/9/2021 12:22:25 AM : ping
5/9/2021 12:22:25 AM : ping
5/9/2021 12:22:26 AM : ping
5/9/2021 12:22:26 AM : ping
5/9/2021 12:22:26 AM : ping
5/9/2021 12:22:27 AM : ping
5/9/2021 12:22:27 AM : ping
5/9/2021 12:22:27 AM : ping
5/9/2021 12:22:28 AM : ping
5/9/2021 12:22:28 AM : ping
5/9/2021 12:22:28 AM : ping
5/9/2021 12:22:30 AM : ping
5/9/2021 12:22:30 AM : ping
5/9/2021 12:22:30 AM : ping
5/9/2021 12:22:31 AM : ping
5/9/2021 12:22:31 AM : ping
5/9/2021 12:22:31 AM : ping
5/9/2021 12:22:32 AM : ping
5/9/2021 12:22:32 AM : ping
5/9/2021 12:22:32 AM : ping
5/9/2021 12:22:33 AM : ping
5/9/2021 12:22:33 AM : ping
5/9/2021 12:22:33 AM : ping
5/9/2021 12:22:34 AM : ping
5/9/2021 12:22:34 AM : ping
5/9/2021 12:22:34 AM : ping
5/9/2021 12:22:35 AM : ping
5/9/2021 12:22:35 AM : ping
5/9/2021 12:22:35 AM : ping
5/9/2021 12:22:36 AM : ping
5/9/2021 12:22:36 AM : ping
5/9/2021 12:22:36 AM : ping
5/9/2021 12:22:37 AM : ping
5/9/2021 12:22:37 AM : ping
5/9/2021 12:22:37 AM : ping
5/9/2021 12:22:38 AM : ping
5/9/2021 12:22:38 AM : ping
5/9/2021 12:22:38 AM : ping
5/9/2021 12:22:40 AM : ping
5/9/2021 12:22:40 AM : ping
5/9/2021 12:22:40 AM : ping
5/9/2021 12:22:41 AM : ping
5/9/2021 12:22:41 AM : ping
5/9/2021 12:22:41 AM : ping
5/9/2021 12:22:42 AM : ping
5/9/2021 12:22:42 AM : ping
5/9/2021 12:22:42 AM : ping
5/9/2021 12:22:43 AM : ping
5/9/2021 12:22:43 AM : ping
5/9/2021 12:22:43 AM : ping
5/9/2021 12:22:51 AM : ping
5/9/2021 12:22:51 AM : ping
5/9/2021 12:22:51 AM : ping
5/9/2021 12:22:52 AM : ping
5/9/2021 12:22:52 AM : ping
5/9/2021 12:22:52 AM : ping
5/9/2021 12:22:53 AM : ping
5/9/2021 12:22:53 AM : ping
5/9/2021 12:22:53 AM : ping
5/9/2021 12:22:54 AM : ping
5/9/2021 12:22:54 AM : ping
5/9/2021 12:22:54 AM : ping
5/9/2021 12:22:55 AM : ping
5/9/2021 12:22:55 AM : ping
5/9/2021 12:22:55 AM : ping
5/9/2021 12:22:56 AM : ping
5/9/2021 12:22:56 AM : ping
5/9/2021 12:22:56 AM : ping
5/9/2021 12:22:58 AM : ping
5/9/2021 12:22:58 AM : ping
5/9/2021 12:22:58 AM : ping
5/9/2021 12:22:59 AM : ping
5/9/2021 12:22:59 AM : ping
5/9/2021 12:22:59 AM : ping
5/9/2021 12:23:00 AM : ping
5/9/2021 12:23:00 AM : ping
5/9/2021 12:23:00 AM : ping
5/9/2021 12:23:01 AM : ping
5/9/2021 12:23:01 AM : ping
5/9/2021 12:23:01 AM : ping
5/9/2021 12:23:02 AM : ping
5/9/2021 12:23:02 AM : ping
5/9/2021 12:23:02 AM : ping
5/9/2021 12:23:03 AM : ping
5/9/2021 12:23:03 AM : ping
5/9/2021 12:23:03 AM : ping
5/9/2021 12:23:04 AM : ping
5/9/2021 12:23:04 AM : ping
5/9/2021 12:23:04 AM : ping
5/9/2021 12:23:05 AM : ping
5/9/2021 12:23:05 AM : ping
5/9/2021 12:23:05 AM : ping
5/9/2021 12:23:06 AM : ping
5/9/2021 12:23:06 AM : ping
5/9/2021 12:23:06 AM : ping
5/9/2021 12:23:07 AM : ping
5/9/2021 12:23:07 AM : ping
5/9/2021 12:23:07 AM : ping
5/9/2021 12:23:09 AM : ping
5/9/2021 12:23:09 AM : ping
5/9/2021 12:23:09 AM : ping
5/9/2021 12:23:10 AM : ping
5/9/2021 12:23:10 AM : ping
5/9/2021 12:23:10 AM : ping
5/9/2021 12:23:11 AM : ping
5/9/2021 12:23:11 AM : ping
5/9/2021 12:23:11 AM : ping
5/9/2021 12:23:12 AM : ping
5/9/2021 12:23:12 AM : ping
5/9/2021 12:23:12 AM : ping
5/9/2021 12:23:13 AM : ping
5/9/2021 12:23:13 AM : ping
5/9/2021 12:23:13 AM : ping
5/9/2021 12:23:14 AM : ping
5/9/2021 12:23:14 AM : ping
5/9/2021 12:23:14 AM : ping
5/9/2021 12:23:15 AM : ping
5/9/2021 12:23:15 AM : ping
5/9/2021 12:23:15 AM : ping
5/9/2021 12:23:16 AM : ping
5/9/2021 12:23:16 AM : ping
5/9/2021 12:23:16 AM : ping
5/9/2021 12:23:17 AM : ping
5/9/2021 12:23:17 AM : ping
5/9/2021 12:23:17 AM : ping
5/9/2021 12:23:50 AM : ping
5/9/2021 12:23:50 AM : ping
5/9/2021 12:23:50 AM : ping
5/9/2021 12:23:51 AM : ping
5/9/2021 12:23:51 AM : ping
5/9/2021 12:23:51 AM : ping
5/9/2021 12:23:52 AM : ping
5/9/2021 12:23:52 AM : ping
5/9/2021 12:23:52 AM : ping
5/9/2021 12:23:53 AM : ping
5/9/2021 12:23:53 AM : ping
5/9/2021 12:23:53 AM : ping
5/9/2021 12:23:54 AM : ping
5/9/2021 12:23:54 AM : ping
5/9/2021 12:23:54 AM : ping
5/9/2021 12:23:55 AM : ping
5/9/2021 12:23:55 AM : ping
5/9/2021 12:23:55 AM : ping
5/9/2021 12:23:57 AM : ping
5/9/2021 12:23:57 AM : ping
5/9/2021 12:23:57 AM : ping
5/9/2021 12:23:58 AM : ping
5/9/2021 12:23:58 AM : ping
5/9/2021 12:23:58 AM : ping
5/9/2021 12:23:59 AM : ping
5/9/2021 12:23:59 AM : ping
5/9/2021 12:23:59 AM : ping
5/9/2021 12:24:00 AM : ping
5/9/2021 12:24:00 AM : ping
5/9/2021 12:24:00 AM : ping
5/9/2021 12:24:01 AM : ping
5/9/2021 12:24:01 AM : ping
5/9/2021 12:24:01 AM : ping
5/9/2021 12:24:02 AM : ping
5/9/2021 12:24:02 AM : ping
5/9/2021 12:24:02 AM : ping
5/9/2021 12:24:03 AM : ping
5/9/2021 12:24:03 AM : ping
5/9/2021 12:24:03 AM : ping
5/9/2021 12:24:04 AM : ping
5/9/2021 12:24:04 AM : ping
5/9/2021 12:24:04 AM : ping
5/9/2021 12:24:05 AM : ping
5/9/2021 12:24:05 AM : ping
5/9/2021 12:24:05 AM : ping
5/9/2021 12:24:07 AM : ping
5/9/2021 12:24:07 AM : ping
5/9/2021 12:24:07 AM : ping
5/9/2021 12:24:08 AM : ping
5/9/2021 12:24:08 AM : ping
5/9/2021 12:24:08 AM : ping
5/9/2021 12:24:09 AM : ping
5/9/2021 12:24:09 AM : ping
5/9/2021 12:24:09 AM : ping
5/9/2021 12:24:10 AM : ping
5/9/2021 12:24:10 AM : ping
5/9/2021 12:24:10 AM : ping
5/9/2021 12:24:11 AM : ping
5/9/2021 12:24:11 AM : ping
5/9/2021 12:24:11 AM : ping
5/9/2021 12:24:12 AM : ping
5/9/2021 12:24:12 AM : ping
5/9/2021 12:24:12 AM : ping
5/9/2021 12:24:13 AM : ping
5/9/2021 12:24:13 AM : ping
5/9/2021 12:24:13 AM : ping
5/9/2021 12:24:14 AM : ping
5/9/2021 12:24:14 AM : ping
5/9/2021 12:24:14 AM : ping
5/9/2021 12:24:15 AM : ping
5/9/2021 12:24:15 AM : ping
5/9/2021 12:24:15 AM : ping
5/9/2021 12:24:17 AM : ping
5/9/2021 12:24:17 AM : ping
5/9/2021 12:24:17 AM : ping
5/9/2021 12:24:18 AM : ping
5/9/2021 12:24:18 AM : ping
5/9/2021 12:24:18 AM : ping
5/9/2021 12:24:19 AM : ping
5/9/2021 12:24:19 AM : ping
5/9/2021 12:24:19 AM : ping
5/9/2021 12:24:20 AM : ping
5/9/2021 12:24:20 AM : ping
5/9/2021 12:24:20 AM : ping
5/9/2021 12:24:20 AM : kService.requestChannels.Count :37
5/9/2021 12:24:20 AM : kService.requestChannels.Count :37
5/9/2021 12:24:21 AM : kService.requestChannels.Count :36
5/9/2021 12:24:21 AM : kService.requestChannels.Count :36
5/9/2021 12:24:21 AM : kService.requestChannels.Count :35
5/9/2021 12:24:21 AM : kService.requestChannels.Count :35
5/9/2021 12:24:21 AM : ping
5/9/2021 12:24:21 AM : ping
5/9/2021 12:24:21 AM : ping
5/9/2021 12:24:21 AM : kService.requestChannels.Count :34
5/9/2021 12:24:21 AM : kService.requestChannels.Count :34
5/9/2021 12:24:21 AM : kService.requestChannels.Count :33
5/9/2021 12:24:21 AM : kService.requestChannels.Count :33
5/9/2021 12:24:22 AM : kService.requestChannels.Count :32
5/9/2021 12:24:22 AM : kService.requestChannels.Count :32
5/9/2021 12:24:22 AM : kService.requestChannels.Count :31
5/9/2021 12:24:22 AM : kService.requestChannels.Count :31
5/9/2021 12:24:22 AM : ping
5/9/2021 12:24:22 AM : ping
5/9/2021 12:24:22 AM : ping
5/9/2021 12:24:22 AM : kService.requestChannels.Count :30
5/9/2021 12:24:22 AM : kService.requestChannels.Count :30
5/9/2021 12:24:23 AM : kService.requestChannels.Count :29
5/9/2021 12:24:23 AM : kService.requestChannels.Count :29
5/9/2021 12:24:23 AM : kService.requestChannels.Count :28
5/9/2021 12:24:23 AM : kService.requestChannels.Count :28
5/9/2021 12:24:23 AM : kService.requestChannels.Count :27
5/9/2021 12:24:23 AM : kService.requestChannels.Count :27
5/9/2021 12:24:23 AM : kService.requestChannels.Count :26
5/9/2021 12:24:23 AM : kService.requestChannels.Count :26
5/9/2021 12:24:23 AM : kService.requestChannels.Count :25
5/9/2021 12:24:23 AM : kService.requestChannels.Count :25
5/9/2021 12:24:23 AM : ping
5/9/2021 12:24:23 AM : ping
5/9/2021 12:24:23 AM : ping
5/9/2021 12:24:24 AM : kService.requestChannels.Count :24
5/9/2021 12:24:24 AM : kService.requestChannels.Count :24
5/9/2021 12:24:24 AM : kService.requestChannels.Count :23
5/9/2021 12:24:24 AM : kService.requestChannels.Count :23
5/9/2021 12:24:24 AM : ping
5/9/2021 12:24:24 AM : ping
5/9/2021 12:24:24 AM : ping
5/9/2021 12:24:25 AM : kService.requestChannels.Count :22
5/9/2021 12:24:25 AM : kService.requestChannels.Count :22
5/9/2021 12:24:25 AM : kService.requestChannels.Count :21
5/9/2021 12:24:25 AM : kService.requestChannels.Count :21
5/9/2021 12:24:25 AM : ping
5/9/2021 12:24:25 AM : ping
5/9/2021 12:24:25 AM : ping
5/9/2021 12:24:26 AM : kService.requestChannels.Count :20
5/9/2021 12:24:26 AM : kService.requestChannels.Count :20
5/9/2021 12:24:26 AM : kService.requestChannels.Count :19
5/9/2021 12:24:26 AM : kService.requestChannels.Count :19
5/9/2021 12:24:27 AM : ping
5/9/2021 12:24:27 AM : ping
5/9/2021 12:24:27 AM : ping
5/9/2021 12:24:27 AM : kService.requestChannels.Count :18
5/9/2021 12:24:27 AM : kService.requestChannels.Count :18
5/9/2021 12:24:27 AM : kService.requestChannels.Count :17
5/9/2021 12:24:27 AM : kService.requestChannels.Count :17
5/9/2021 12:24:28 AM : kService.requestChannels.Count :16
5/9/2021 12:24:28 AM : kService.requestChannels.Count :16
5/9/2021 12:24:28 AM : ping
5/9/2021 12:24:28 AM : ping
5/9/2021 12:24:28 AM : ping
5/9/2021 12:24:28 AM : kService.requestChannels.Count :15
5/9/2021 12:24:28 AM : kService.requestChannels.Count :15
5/9/2021 12:24:28 AM : kService.requestChannels.Count :14
5/9/2021 12:24:28 AM : kService.requestChannels.Count :14
5/9/2021 12:24:28 AM : kService.requestChannels.Count :13
5/9/2021 12:24:28 AM : kService.requestChannels.Count :13
5/9/2021 12:24:28 AM : kService.requestChannels.Count :12
5/9/2021 12:24:28 AM : kService.requestChannels.Count :12
5/9/2021 12:24:29 AM : kService.requestChannels.Count :11
5/9/2021 12:24:29 AM : kService.requestChannels.Count :11
5/9/2021 12:24:29 AM : kService.requestChannels.Count :10
5/9/2021 12:24:29 AM : kService.requestChannels.Count :10
5/9/2021 12:24:29 AM : ping
5/9/2021 12:24:29 AM : ping
5/9/2021 12:24:29 AM : ping
5/9/2021 12:24:29 AM : kService.requestChannels.Count :9
5/9/2021 12:24:29 AM : kService.requestChannels.Count :9
5/9/2021 12:24:29 AM : kService.requestChannels.Count :8
5/9/2021 12:24:29 AM : kService.requestChannels.Count :8
5/9/2021 12:24:30 AM : kService.requestChannels.Count :7
5/9/2021 12:24:30 AM : kService.requestChannels.Count :7
5/9/2021 12:24:30 AM : kService.requestChannels.Count :6
5/9/2021 12:24:30 AM : kService.requestChannels.Count :6
5/9/2021 12:24:30 AM : ping
5/9/2021 12:24:30 AM : ping
5/9/2021 12:24:30 AM : ping
5/9/2021 12:24:30 AM : kService.requestChannels.Count :5
5/9/2021 12:24:30 AM : kService.requestChannels.Count :5
5/9/2021 12:24:31 AM : kService.requestChannels.Count :4
5/9/2021 12:24:31 AM : kService.requestChannels.Count :4
5/9/2021 12:24:31 AM : kService.requestChannels.Count :3
5/9/2021 12:24:31 AM : kService.requestChannels.Count :3
5/9/2021 12:24:31 AM : kService.requestChannels.Count :2
5/9/2021 12:24:31 AM : kService.requestChannels.Count :2
5/9/2021 12:24:31 AM : ping
5/9/2021 12:24:31 AM : ping
5/9/2021 12:24:31 AM : ping
5/9/2021 12:24:31 AM : kService.requestChannels.Count :1
5/9/2021 12:24:31 AM : kService.requestChannels.Count :1
5/9/2021 12:24:32 AM : kService.requestChannels.Count :0
5/9/2021 12:24:32 AM : kService.requestChannels.Count :0
5/9/2021 12:24:32 AM : ping
5/9/2021 12:24:32 AM : ping
5/9/2021 12:24:32 AM : ping
5/9/2021 12:24:33 AM : ping
5/9/2021 12:24:33 AM : ping
5/9/2021 12:24:33 AM : ping
5/9/2021 12:24:34 AM : ping
5/9/2021 12:24:34 AM : ping
5/9/2021 12:24:34 AM : ping
5/9/2021 12:24:35 AM : ping
5/9/2021 12:24:35 AM : ping
5/9/2021 12:24:35 AM : ping
5/9/2021 12:24:37 AM : ping
5/9/2021 12:24:37 AM : ping
5/9/2021 12:24:37 AM : ping
5/9/2021 12:24:38 AM : ping
5/9/2021 12:24:38 AM : ping
5/9/2021 12:24:38 AM : ping
5/9/2021 12:24:39 AM : ping
5/9/2021 12:24:39 AM : ping
5/9/2021 12:24:39 AM : ping
5/9/2021 12:24:40 AM : ping
5/9/2021 12:24:40 AM : ping
5/9/2021 12:24:40 AM : ping
5/9/2021 12:24:41 AM : ping
5/9/2021 12:24:41 AM : ping
5/9/2021 12:24:41 AM : ping
5/9/2021 12:24:42 AM : ping
5/9/2021 12:24:42 AM : ping
5/9/2021 12:24:42 AM : ping
5/9/2021 12:24:43 AM : ping
5/9/2021 12:24:43 AM : ping
5/9/2021 12:24:43 AM : ping
5/9/2021 12:24:44 AM : ping
5/9/2021 12:24:44 AM : ping
5/9/2021 12:24:44 AM : ping
5/9/2021 12:24:45 AM : ping
5/9/2021 12:24:45 AM : ping
5/9/2021 12:24:45 AM : ping
5/9/2021 12:24:47 AM : ping
5/9/2021 12:24:47 AM : ping
5/9/2021 12:24:47 AM : ping
5/9/2021 12:24:48 AM : ping
5/9/2021 12:24:48 AM : ping
5/9/2021 12:24:48 AM : ping
5/9/2021 12:24:49 AM : ping
5/9/2021 12:24:49 AM : ping
5/9/2021 12:24:49 AM : ping
5/9/2021 12:24:50 AM : ping
5/9/2021 12:24:50 AM : ping
5/9/2021 12:24:50 AM : ping
5/9/2021 12:24:51 AM : ping
5/9/2021 12:24:51 AM : ping
5/9/2021 12:24:51 AM : ping
5/9/2021 12:24:52 AM : ping
5/9/2021 12:24:52 AM : ping
5/9/2021 12:24:52 AM : ping
5/9/2021 12:24:53 AM : ping
5/9/2021 12:24:53 AM : ping
5/9/2021 12:24:53 AM : ping
5/9/2021 12:24:54 AM : ping
5/9/2021 12:24:54 AM : ping
5/9/2021 12:24:54 AM : ping
5/9/2021 12:24:55 AM : ping
5/9/2021 12:24:55 AM : ping
5/9/2021 12:24:55 AM : ping
5/9/2021 12:24:57 AM : ping
5/9/2021 12:24:57 AM : ping
5/9/2021 12:24:57 AM : ping
5/9/2021 12:24:58 AM : ping
5/9/2021 12:24:58 AM : ping
5/9/2021 12:24:58 AM : ping
5/9/2021 12:24:59 AM : ping
5/9/2021 12:24:59 AM : ping
5/9/2021 12:24:59 AM : ping
5/9/2021 12:25:00 AM : ping
5/9/2021 12:25:00 AM : ping
5/9/2021 12:25:00 AM : ping
5/9/2021 12:25:01 AM : ping
5/9/2021 12:25:01 AM : ping
5/9/2021 12:25:01 AM : ping
5/9/2021 12:25:02 AM : ping
5/9/2021 12:25:02 AM : ping
5/9/2021 12:25:02 AM : ping
5/9/2021 12:25:03 AM : ping
5/9/2021 12:25:03 AM : ping
5/9/2021 12:25:03 AM : ping
5/9/2021 12:25:04 AM : ping
5/9/2021 12:25:04 AM : ping
5/9/2021 12:25:04 AM : ping
5/9/2021 12:25:05 AM : ping
5/9/2021 12:25:05 AM : ping
5/9/2021 12:25:05 AM : ping
5/9/2021 12:25:06 AM : ping
5/9/2021 12:25:06 AM : ping
5/9/2021 12:25:06 AM : ping
5/9/2021 12:25:08 AM : ping
5/9/2021 12:25:08 AM : ping
5/9/2021 12:25:08 AM : ping
5/9/2021 12:25:09 AM : ping
5/9/2021 12:25:09 AM : ping
5/9/2021 12:25:09 AM : ping
5/9/2021 12:25:10 AM : ping
5/9/2021 12:25:10 AM : ping
5/9/2021 12:25:10 AM : ping
5/9/2021 12:25:11 AM : ping
5/9/2021 12:25:11 AM : ping
5/9/2021 12:25:11 AM : ping
5/9/2021 12:25:12 AM : ping
5/9/2021 12:25:12 AM : ping
5/9/2021 12:25:12 AM : ping
5/9/2021 12:25:13 AM : ping
5/9/2021 12:25:13 AM : ping
5/9/2021 12:25:13 AM : ping
5/9/2021 12:25:14 AM : ping
5/9/2021 12:25:14 AM : ping
5/9/2021 12:25:14 AM : ping
5/9/2021 12:25:15 AM : ping
5/9/2021 12:25:15 AM : ping
5/9/2021 12:25:15 AM : ping
5/9/2021 12:25:16 AM : ping
5/9/2021 12:25:16 AM : ping
5/9/2021 12:25:16 AM : ping
5/9/2021 12:25:18 AM : ping
5/9/2021 12:25:18 AM : ping
5/9/2021 12:25:18 AM : ping
5/9/2021 12:25:19 AM : ping
5/9/2021 12:25:19 AM : ping
5/9/2021 12:25:19 AM : ping
5/9/2021 12:25:20 AM : ping
5/9/2021 12:25:20 AM : ping
5/9/2021 12:25:20 AM : ping
5/9/2021 12:25:21 AM : ping
5/9/2021 12:25:21 AM : ping
5/9/2021 12:25:21 AM : ping
5/9/2021 12:25:22 AM : ping
5/9/2021 12:25:22 AM : ping
5/9/2021 12:25:22 AM : ping
5/9/2021 12:25:23 AM : ping
5/9/2021 12:25:23 AM : ping
5/9/2021 12:25:23 AM : ping
5/9/2021 12:25:24 AM : ping
5/9/2021 12:25:24 AM : ping
5/9/2021 12:25:24 AM : ping
5/9/2021 12:25:25 AM : ping
5/9/2021 12:25:25 AM : ping
5/9/2021 12:25:25 AM : ping
5/9/2021 12:25:26 AM : ping
5/9/2021 12:25:26 AM : ping
5/9/2021 12:25:26 AM : ping
5/9/2021 12:25:28 AM : ping
5/9/2021 12:25:28 AM : ping
5/9/2021 12:25:28 AM : ping
5/9/2021 12:25:29 AM : ping
5/9/2021 12:25:29 AM : ping
5/9/2021 12:25:29 AM : ping
5/9/2021 12:25:30 AM : ping
5/9/2021 12:25:30 AM : ping
5/9/2021 12:25:30 AM : ping
5/9/2021 12:25:31 AM : ping
5/9/2021 12:25:31 AM : ping
5/9/2021 12:25:31 AM : ping
5/9/2021 12:25:32 AM : ping
5/9/2021 12:25:32 AM : ping
5/9/2021 12:25:32 AM : ping
5/9/2021 12:25:33 AM : ping
5/9/2021 12:25:33 AM : ping
5/9/2021 12:25:33 AM : ping
5/9/2021 12:25:34 AM : ping
5/9/2021 12:25:34 AM : ping
5/9/2021 12:25:34 AM : ping
5/9/2021 12:25:35 AM : ping
5/9/2021 12:25:35 AM : ping
5/9/2021 12:25:35 AM : ping
5/9/2021 12:25:36 AM : ping
5/9/2021 12:25:36 AM : ping
5/9/2021 12:25:36 AM : ping
5/9/2021 12:25:37 AM : ping
5/9/2021 12:25:37 AM : ping
5/9/2021 12:25:37 AM : ping
5/9/2021 12:25:39 AM : ping
5/9/2021 12:25:39 AM : ping
5/9/2021 12:25:39 AM : ping
5/9/2021 12:25:40 AM : ping
5/9/2021 12:25:40 AM : ping
5/9/2021 12:25:40 AM : ping
5/9/2021 12:25:41 AM : ping
5/9/2021 12:25:41 AM : ping
5/9/2021 12:25:41 AM : ping
5/9/2021 12:25:42 AM : ping
5/9/2021 12:25:42 AM : ping
5/9/2021 12:25:42 AM : ping
5/9/2021 12:25:43 AM : ping
5/9/2021 12:25:43 AM : ping
5/9/2021 12:25:43 AM : ping
5/9/2021 12:25:44 AM : ping
5/9/2021 12:25:44 AM : ping
5/9/2021 12:25:44 AM : ping
5/9/2021 12:25:45 AM : ping
5/9/2021 12:25:45 AM : ping
5/9/2021 12:25:45 AM : ping
5/9/2021 12:25:46 AM : ping
5/9/2021 12:25:46 AM : ping
5/9/2021 12:25:46 AM : ping
5/9/2021 12:25:47 AM : ping
5/9/2021 12:25:47 AM : ping
5/9/2021 12:25:47 AM : ping
5/9/2021 12:25:49 AM : ping
5/9/2021 12:25:49 AM : ping
5/9/2021 12:25:49 AM : ping
5/9/2021 12:25:50 AM : ping
5/9/2021 12:25:50 AM : ping
5/9/2021 12:25:50 AM : ping
5/9/2021 12:25:51 AM : ping
5/9/2021 12:25:51 AM : ping
5/9/2021 12:25:51 AM : ping
5/9/2021 12:25:52 AM : ping
5/9/2021 12:25:52 AM : ping
5/9/2021 12:25:52 AM : ping
5/9/2021 12:25:53 AM : ping
5/9/2021 12:25:53 AM : ping
5/9/2021 12:25:53 AM : ping
5/9/2021 12:25:54 AM : ping
5/9/2021 12:25:54 AM : ping
5/9/2021 12:25:54 AM : ping
5/9/2021 12:25:55 AM : ping
5/9/2021 12:25:55 AM : ping
5/9/2021 12:25:55 AM : ping
5/9/2021 12:25:56 AM : ping
5/9/2021 12:25:56 AM : ping
5/9/2021 12:25:56 AM : ping
5/9/2021 12:25:57 AM : ping
5/9/2021 12:25:57 AM : ping
5/9/2021 12:25:57 AM : ping
5/9/2021 12:25:59 AM : ping
5/9/2021 12:25:59 AM : ping
5/9/2021 12:25:59 AM : ping
5/9/2021 12:26:00 AM : ping
5/9/2021 12:26:00 AM : ping
5/9/2021 12:26:00 AM : ping
5/9/2021 12:26:01 AM : ping
5/9/2021 12:26:01 AM : ping
5/9/2021 12:26:01 AM : ping
5/9/2021 12:26:02 AM : ping
5/9/2021 12:26:02 AM : ping
5/9/2021 12:26:02 AM : ping
5/9/2021 12:26:03 AM : ping
5/9/2021 12:26:03 AM : ping
5/9/2021 12:26:03 AM : ping
5/9/2021 12:26:04 AM : ping
5/9/2021 12:26:04 AM : ping
5/9/2021 12:26:04 AM : ping
5/9/2021 12:26:05 AM : ping
5/9/2021 12:26:05 AM : ping
5/9/2021 12:26:05 AM : ping
5/9/2021 12:26:06 AM : ping
5/9/2021 12:26:06 AM : ping
5/9/2021 12:26:06 AM : ping
5/9/2021 12:26:07 AM : ping
5/9/2021 12:26:07 AM : ping
5/9/2021 12:26:07 AM : ping
5/9/2021 12:26:09 AM : ping
5/9/2021 12:26:09 AM : ping
5/9/2021 12:26:09 AM : ping
5/9/2021 12:26:10 AM : ping
5/9/2021 12:26:10 AM : ping
5/9/2021 12:26:10 AM : ping
5/9/2021 12:26:11 AM : ping
5/9/2021 12:26:11 AM : ping
5/9/2021 12:26:11 AM : ping
5/9/2021 12:26:12 AM : ping
5/9/2021 12:26:12 AM : ping
5/9/2021 12:26:12 AM : ping
5/9/2021 12:26:13 AM : ping
5/9/2021 12:26:13 AM : ping
5/9/2021 12:26:13 AM : ping
5/9/2021 12:26:14 AM : ping
5/9/2021 12:26:14 AM : ping
5/9/2021 12:26:14 AM : ping
5/9/2021 12:26:15 AM : ping
5/9/2021 12:26:15 AM : ping
5/9/2021 12:26:15 AM : ping
5/9/2021 12:26:16 AM : ping
5/9/2021 12:26:16 AM : ping
5/9/2021 12:26:16 AM : ping
5/9/2021 12:26:17 AM : ping
5/9/2021 12:26:17 AM : ping
5/9/2021 12:26:17 AM : ping
5/9/2021 12:26:18 AM : ping
5/9/2021 12:26:18 AM : ping
5/9/2021 12:26:18 AM : ping
5/9/2021 12:26:20 AM : ping
5/9/2021 12:26:20 AM : ping
5/9/2021 12:26:20 AM : ping
5/9/2021 12:26:21 AM : ping
5/9/2021 12:26:21 AM : ping
5/9/2021 12:26:21 AM : ping
5/9/2021 12:26:22 AM : ping
5/9/2021 12:26:22 AM : ping
5/9/2021 12:26:22 AM : ping
5/9/2021 12:26:23 AM : ping
5/9/2021 12:26:23 AM : ping
5/9/2021 12:26:23 AM : ping
5/9/2021 12:26:24 AM : ping
5/9/2021 12:26:24 AM : ping
5/9/2021 12:26:24 AM : ping
5/9/2021 12:26:25 AM : ping
5/9/2021 12:26:25 AM : ping
5/9/2021 12:26:25 AM : ping
5/9/2021 12:26:26 AM : ping
5/9/2021 12:26:26 AM : ping
5/9/2021 12:26:26 AM : ping
5/9/2021 12:26:27 AM : ping
5/9/2021 12:26:27 AM : ping
5/9/2021 12:26:27 AM : ping
5/9/2021 12:26:28 AM : ping
5/9/2021 12:26:28 AM : ping
5/9/2021 12:26:28 AM : ping
5/9/2021 12:26:30 AM : ping
5/9/2021 12:26:30 AM : ping
5/9/2021 12:26:30 AM : ping
5/9/2021 12:26:31 AM : ping
5/9/2021 12:26:31 AM : ping
5/9/2021 12:26:31 AM : ping
5/9/2021 12:26:32 AM : ping
5/9/2021 12:26:32 AM : ping
5/9/2021 12:26:32 AM : ping
5/9/2021 12:26:33 AM : ping
5/9/2021 12:26:33 AM : ping
5/9/2021 12:26:33 AM : ping
5/9/2021 12:26:34 AM : ping
5/9/2021 12:26:34 AM : ping
5/9/2021 12:26:34 AM : ping
5/9/2021 12:26:35 AM : ping
5/9/2021 12:26:35 AM : ping
5/9/2021 12:26:35 AM : ping
5/9/2021 12:26:36 AM : ping
5/9/2021 12:26:36 AM : ping
5/9/2021 12:26:36 AM : ping
5/9/2021 12:26:37 AM : ping
5/9/2021 12:26:37 AM : ping
5/9/2021 12:26:37 AM : ping
5/9/2021 12:26:38 AM : ping
5/9/2021 12:26:38 AM : ping
5/9/2021 12:26:38 AM : ping
5/9/2021 12:26:40 AM : ping
5/9/2021 12:26:40 AM : ping
5/9/2021 12:26:40 AM : ping
5/9/2021 12:26:41 AM : ping
5/9/2021 12:26:41 AM : ping
5/9/2021 12:26:41 AM : ping
5/9/2021 12:26:42 AM : ping
5/9/2021 12:26:42 AM : ping
5/9/2021 12:26:42 AM : ping
5/9/2021 12:26:43 AM : ping
5/9/2021 12:26:43 AM : ping
5/9/2021 12:26:43 AM : ping
5/9/2021 12:26:44 AM : ping
5/9/2021 12:26:44 AM : ping
5/9/2021 12:26:44 AM : ping
5/9/2021 12:26:45 AM : ping
5/9/2021 12:26:45 AM : ping
5/9/2021 12:26:45 AM : ping
5/9/2021 12:26:46 AM : ping
5/9/2021 12:26:46 AM : ping
5/9/2021 12:26:46 AM : ping
5/9/2021 12:26:47 AM : ping
5/9/2021 12:26:47 AM : ping
5/9/2021 12:26:47 AM : ping
5/9/2021 12:26:48 AM : ping
5/9/2021 12:26:48 AM : ping
5/9/2021 12:26:48 AM : ping
5/9/2021 12:26:50 AM : ping
5/9/2021 12:26:50 AM : ping
5/9/2021 12:26:50 AM : ping
5/9/2021 12:26:51 AM : ping
5/9/2021 12:26:51 AM : ping
5/9/2021 12:26:51 AM : ping
5/9/2021 12:26:52 AM : ping
5/9/2021 12:26:52 AM : ping
5/9/2021 12:26:52 AM : ping
5/9/2021 12:26:53 AM : ping
5/9/2021 12:26:53 AM : ping
5/9/2021 12:26:53 AM : ping
5/9/2021 12:26:54 AM : ping
5/9/2021 12:26:54 AM : ping
5/9/2021 12:26:54 AM : ping
5/9/2021 12:26:55 AM : ping
5/9/2021 12:26:55 AM : ping
5/9/2021 12:26:55 AM : ping
5/9/2021 12:26:56 AM : ping
5/9/2021 12:26:56 AM : ping
5/9/2021 12:26:56 AM : ping
5/9/2021 12:26:57 AM : ping
5/9/2021 12:26:57 AM : ping
5/9/2021 12:26:57 AM : ping
5/9/2021 12:26:58 AM : ping
5/9/2021 12:26:58 AM : ping
5/9/2021 12:26:58 AM : ping
5/9/2021 12:26:59 AM : ping
5/9/2021 12:26:59 AM : ping
5/9/2021 12:26:59 AM : ping
5/9/2021 12:27:01 AM : ping
5/9/2021 12:27:01 AM : ping
5/9/2021 12:27:01 AM : ping
5/9/2021 12:27:02 AM : ping
5/9/2021 12:27:02 AM : ping
5/9/2021 12:27:02 AM : ping
5/9/2021 12:27:03 AM : ping
5/9/2021 12:27:03 AM : ping
5/9/2021 12:27:03 AM : ping
5/9/2021 12:27:04 AM : ping
5/9/2021 12:27:04 AM : ping
5/9/2021 12:27:04 AM : ping
5/9/2021 12:27:05 AM : ping
5/9/2021 12:27:05 AM : ping
5/9/2021 12:27:05 AM : ping
5/9/2021 12:27:06 AM : ping
5/9/2021 12:27:06 AM : ping
5/9/2021 12:27:06 AM : ping
5/9/2021 12:27:07 AM : ping
5/9/2021 12:27:07 AM : ping
5/9/2021 12:27:07 AM : ping
5/9/2021 12:27:08 AM : ping
5/9/2021 12:27:08 AM : ping
5/9/2021 12:27:08 AM : ping
5/9/2021 12:27:09 AM : ping
5/9/2021 12:27:09 AM : ping
5/9/2021 12:27:09 AM : ping
5/9/2021 12:27:11 AM : ping
5/9/2021 12:27:11 AM : ping
5/9/2021 12:27:11 AM : ping
5/9/2021 12:27:12 AM : ping
5/9/2021 12:27:12 AM : ping
5/9/2021 12:27:12 AM : ping
5/9/2021 12:27:13 AM : ping
5/9/2021 12:27:13 AM : ping
5/9/2021 12:27:13 AM : ping
5/9/2021 12:27:14 AM : ping
5/9/2021 12:27:14 AM : ping
5/9/2021 12:27:14 AM : ping
5/9/2021 12:27:15 AM : ping
5/9/2021 12:27:15 AM : ping
5/9/2021 12:27:15 AM : ping
5/9/2021 12:27:16 AM : ping
5/9/2021 12:27:16 AM : ping
5/9/2021 12:27:16 AM : ping
5/9/2021 12:27:17 AM : ping
5/9/2021 12:27:17 AM : ping
5/9/2021 12:27:17 AM : ping
5/9/2021 12:27:18 AM : ping
5/9/2021 12:27:18 AM : ping
5/9/2021 12:27:18 AM : ping
5/9/2021 12:27:19 AM : ping
5/9/2021 12:27:19 AM : ping
5/9/2021 12:27:19 AM : ping
5/9/2021 12:27:21 AM : ping
5/9/2021 12:27:21 AM : ping
5/9/2021 12:27:21 AM : ping
5/9/2021 12:27:22 AM : ping
5/9/2021 12:27:22 AM : ping
5/9/2021 12:27:22 AM : ping
5/9/2021 12:27:23 AM : ping
5/9/2021 12:27:23 AM : ping
5/9/2021 12:27:23 AM : ping
5/9/2021 12:27:24 AM : ping
5/9/2021 12:27:24 AM : ping
5/9/2021 12:27:24 AM : ping
5/9/2021 12:27:25 AM : ping
5/9/2021 12:27:25 AM : ping
5/9/2021 12:27:25 AM : ping
5/9/2021 12:27:26 AM : ping
5/9/2021 12:27:26 AM : ping
5/9/2021 12:27:26 AM : ping
5/9/2021 12:27:27 AM : ping
5/9/2021 12:27:27 AM : ping
5/9/2021 12:27:27 AM : ping
5/9/2021 12:27:28 AM : ping
5/9/2021 12:27:28 AM : ping
5/9/2021 12:27:28 AM : ping
5/9/2021 12:27:29 AM : ping
5/9/2021 12:27:29 AM : ping
5/9/2021 12:27:29 AM : ping
5/9/2021 12:27:30 AM : ping
5/9/2021 12:27:30 AM : ping
5/9/2021 12:27:30 AM : ping
5/9/2021 12:27:32 AM : ping
5/9/2021 12:27:32 AM : ping
5/9/2021 12:27:32 AM : ping
5/9/2021 12:27:33 AM : ping
5/9/2021 12:27:33 AM : ping
5/9/2021 12:27:33 AM : ping
5/9/2021 12:27:34 AM : ping
5/9/2021 12:27:34 AM : ping
5/9/2021 12:27:34 AM : ping
5/9/2021 12:27:35 AM : ping
5/9/2021 12:27:35 AM : ping
5/9/2021 12:27:35 AM : ping
5/9/2021 12:27:36 AM : ping
5/9/2021 12:27:36 AM : ping
5/9/2021 12:27:36 AM : ping
5/9/2021 12:27:37 AM : ping
5/9/2021 12:27:37 AM : ping
5/9/2021 12:27:37 AM : ping
5/9/2021 12:27:38 AM : ping
5/9/2021 12:27:38 AM : ping
5/9/2021 12:27:38 AM : ping
5/9/2021 12:27:39 AM : ping
5/9/2021 12:27:39 AM : ping
5/9/2021 12:27:39 AM : ping
5/9/2021 12:27:40 AM : ping
5/9/2021 12:27:40 AM : ping
5/9/2021 12:27:40 AM : ping
5/9/2021 12:27:42 AM : ping
5/9/2021 12:27:42 AM : ping
5/9/2021 12:27:42 AM : ping
5/9/2021 12:27:43 AM : ping
5/9/2021 12:27:43 AM : ping
5/9/2021 12:27:43 AM : ping
5/9/2021 12:27:44 AM : ping
5/9/2021 12:27:44 AM : ping
5/9/2021 12:27:44 AM : ping
5/9/2021 12:27:45 AM : ping
5/9/2021 12:27:45 AM : ping
5/9/2021 12:27:45 AM : ping
5/9/2021 12:27:46 AM : ping
5/9/2021 12:27:46 AM : ping
5/9/2021 12:27:46 AM : ping
5/9/2021 12:27:47 AM : ping
5/9/2021 12:27:47 AM : ping
5/9/2021 12:27:47 AM : ping
5/9/2021 12:27:48 AM : ping
5/9/2021 12:27:48 AM : ping
5/9/2021 12:27:48 AM : ping
5/9/2021 12:27:49 AM : ping
5/9/2021 12:27:49 AM : ping
5/9/2021 12:27:49 AM : ping
5/9/2021 12:27:50 AM : ping
5/9/2021 12:27:50 AM : ping
5/9/2021 12:27:50 AM : ping
5/9/2021 12:27:52 AM : ping
5/9/2021 12:27:52 AM : ping
5/9/2021 12:27:52 AM : ping
5/9/2021 12:27:53 AM : ping
5/9/2021 12:27:53 AM : ping
5/9/2021 12:27:53 AM : ping
5/9/2021 12:27:54 AM : ping
5/9/2021 12:27:54 AM : ping
5/9/2021 12:27:54 AM : ping
5/9/2021 12:27:55 AM : ping
5/9/2021 12:27:55 AM : ping
5/9/2021 12:27:55 AM : ping
5/9/2021 12:27:56 AM : ping
5/9/2021 12:27:56 AM : ping
5/9/2021 12:27:56 AM : ping
5/9/2021 12:27:57 AM : ping
5/9/2021 12:27:57 AM : ping
5/9/2021 12:27:57 AM : ping
5/9/2021 12:27:58 AM : ping
5/9/2021 12:27:58 AM : ping
5/9/2021 12:27:58 AM : ping
5/9/2021 12:27:59 AM : ping
5/9/2021 12:27:59 AM : ping
5/9/2021 12:27:59 AM : ping
5/9/2021 12:28:00 AM : ping
5/9/2021 12:28:00 AM : ping
5/9/2021 12:28:00 AM : ping
5/9/2021 12:28:01 AM : ping
5/9/2021 12:28:01 AM : ping
5/9/2021 12:28:01 AM : ping
5/9/2021 12:28:03 AM : ping
5/9/2021 12:28:03 AM : ping
5/9/2021 12:28:03 AM : ping
5/9/2021 12:28:04 AM : ping
5/9/2021 12:28:04 AM : ping
5/9/2021 12:28:04 AM : ping
5/9/2021 12:28:05 AM : ping
5/9/2021 12:28:05 AM : ping
5/9/2021 12:28:05 AM : ping
5/9/2021 12:28:06 AM : ping
5/9/2021 12:28:06 AM : ping
5/9/2021 12:28:06 AM : ping
5/9/2021 12:28:07 AM : ping
5/9/2021 12:28:07 AM : ping
5/9/2021 12:28:07 AM : ping
5/9/2021 12:28:08 AM : ping
5/9/2021 12:28:08 AM : ping
5/9/2021 12:28:08 AM : ping
5/9/2021 12:28:09 AM : ping
5/9/2021 12:28:09 AM : ping
5/9/2021 12:28:09 AM : ping
5/9/2021 12:28:10 AM : ping
5/9/2021 12:28:10 AM : ping
5/9/2021 12:28:10 AM : ping
5/9/2021 12:28:11 AM : ping
5/9/2021 12:28:11 AM : ping
5/9/2021 12:28:11 AM : ping
5/9/2021 12:28:13 AM : ping
5/9/2021 12:28:13 AM : ping
5/9/2021 12:28:13 AM : ping
5/9/2021 12:28:14 AM : ping
5/9/2021 12:28:14 AM : ping
5/9/2021 12:28:14 AM : ping
5/9/2021 12:28:15 AM : ping
5/9/2021 12:28:15 AM : ping
5/9/2021 12:28:15 AM : ping
5/9/2021 12:28:16 AM : ping
5/9/2021 12:28:16 AM : ping
5/9/2021 12:28:16 AM : ping
5/9/2021 12:28:17 AM : ping
5/9/2021 12:28:17 AM : ping
5/9/2021 12:28:17 AM : ping
5/9/2021 12:28:18 AM : ping
5/9/2021 12:28:18 AM : ping
5/9/2021 12:28:18 AM : ping
5/9/2021 12:28:19 AM : ping
5/9/2021 12:28:19 AM : ping
5/9/2021 12:28:19 AM : ping
5/9/2021 12:28:20 AM : ping
5/9/2021 12:28:20 AM : ping
5/9/2021 12:28:20 AM : ping
5/9/2021 12:28:21 AM : ping
5/9/2021 12:28:21 AM : ping
5/9/2021 12:28:21 AM : ping
5/9/2021 12:28:23 AM : ping
5/9/2021 12:28:23 AM : ping
5/9/2021 12:28:23 AM : ping
5/9/2021 12:28:24 AM : ping
5/9/2021 12:28:24 AM : ping
5/9/2021 12:28:24 AM : ping
5/9/2021 12:28:25 AM : ping
5/9/2021 12:28:25 AM : ping
5/9/2021 12:28:25 AM : ping
5/9/2021 12:28:26 AM : ping
5/9/2021 12:28:26 AM : ping
5/9/2021 12:28:26 AM : ping
5/9/2021 12:28:27 AM : ping
5/9/2021 12:28:27 AM : ping
5/9/2021 12:28:27 AM : ping
5/9/2021 12:28:28 AM : ping
5/9/2021 12:28:28 AM : ping
5/9/2021 12:28:28 AM : ping
5/9/2021 12:28:29 AM : ping
5/9/2021 12:28:29 AM : ping
5/9/2021 12:28:29 AM : ping
5/9/2021 12:28:30 AM : ping
5/9/2021 12:28:30 AM : ping
5/9/2021 12:28:30 AM : ping
5/9/2021 12:28:31 AM : ping
5/9/2021 12:28:31 AM : ping
5/9/2021 12:28:31 AM : ping
5/9/2021 12:28:33 AM : ping
5/9/2021 12:28:33 AM : ping
5/9/2021 12:28:33 AM : ping
5/9/2021 12:28:34 AM : ping
5/9/2021 12:28:34 AM : ping
5/9/2021 12:28:34 AM : ping
5/9/2021 12:28:35 AM : ping
5/9/2021 12:28:35 AM : ping
5/9/2021 12:28:35 AM : ping
5/9/2021 12:28:36 AM : ping
5/9/2021 12:28:36 AM : ping
5/9/2021 12:28:36 AM : ping
5/9/2021 12:28:37 AM : ping
5/9/2021 12:28:37 AM : ping
5/9/2021 12:28:37 AM : ping
5/9/2021 12:28:38 AM : ping
5/9/2021 12:28:38 AM : ping
5/9/2021 12:28:38 AM : ping
5/9/2021 12:28:39 AM : ping
5/9/2021 12:28:39 AM : ping
5/9/2021 12:28:39 AM : ping
5/9/2021 12:28:40 AM : ping
5/9/2021 12:28:40 AM : ping
5/9/2021 12:28:40 AM : ping
5/9/2021 12:28:41 AM : ping
5/9/2021 12:28:41 AM : ping
5/9/2021 12:28:41 AM : ping
5/9/2021 12:28:42 AM : ping
5/9/2021 12:28:42 AM : ping
5/9/2021 12:28:42 AM : ping
5/9/2021 12:28:44 AM : ping
5/9/2021 12:28:44 AM : ping
5/9/2021 12:28:44 AM : ping
5/9/2021 12:28:45 AM : ping
5/9/2021 12:28:45 AM : ping
5/9/2021 12:28:45 AM : ping
5/9/2021 12:28:46 AM : ping
5/9/2021 12:28:46 AM : ping
5/9/2021 12:28:46 AM : ping
5/9/2021 12:28:47 AM : ping
5/9/2021 12:28:47 AM : ping
5/9/2021 12:28:47 AM : ping
5/9/2021 12:28:48 AM : ping
5/9/2021 12:28:48 AM : ping
5/9/2021 12:28:48 AM : ping
5/9/2021 12:28:49 AM : ping
5/9/2021 12:28:49 AM : ping
5/9/2021 12:28:49 AM : ping
5/9/2021 12:28:50 AM : ping
5/9/2021 12:28:50 AM : ping
5/9/2021 12:28:50 AM : ping
5/9/2021 12:28:51 AM : ping
5/9/2021 12:28:51 AM : ping
5/9/2021 12:28:51 AM : ping
5/9/2021 12:28:52 AM : ping
5/9/2021 12:28:52 AM : ping
5/9/2021 12:28:52 AM : ping
5/9/2021 12:28:54 AM : ping
5/9/2021 12:28:54 AM : ping
5/9/2021 12:28:54 AM : ping
5/9/2021 12:28:55 AM : ping
5/9/2021 12:28:55 AM : ping
5/9/2021 12:28:55 AM : ping
5/9/2021 12:28:56 AM : ping
5/9/2021 12:28:56 AM : ping
5/9/2021 12:28:56 AM : ping
5/9/2021 12:28:57 AM : ping
5/9/2021 12:28:57 AM : ping
5/9/2021 12:28:57 AM : ping
5/9/2021 12:28:58 AM : ping
5/9/2021 12:28:58 AM : ping
5/9/2021 12:28:58 AM : ping
5/9/2021 12:28:59 AM : ping
5/9/2021 12:28:59 AM : ping
5/9/2021 12:28:59 AM : ping
5/9/2021 12:29:00 AM : ping
5/9/2021 12:29:00 AM : ping
5/9/2021 12:29:00 AM : ping
5/9/2021 12:29:01 AM : ping
5/9/2021 12:29:01 AM : ping
5/9/2021 12:29:01 AM : ping
5/9/2021 12:29:02 AM : ping
5/9/2021 12:29:02 AM : ping
5/9/2021 12:29:02 AM : ping
5/9/2021 12:29:04 AM : ping
5/9/2021 12:29:04 AM : ping
5/9/2021 12:29:04 AM : ping
5/9/2021 12:29:05 AM : ping
5/9/2021 12:29:05 AM : ping
5/9/2021 12:29:05 AM : ping
5/9/2021 12:29:06 AM : ping
5/9/2021 12:29:06 AM : ping
5/9/2021 12:29:06 AM : ping
5/9/2021 12:29:07 AM : ping
5/9/2021 12:29:07 AM : ping
5/9/2021 12:29:07 AM : ping
5/9/2021 12:29:08 AM : ping
5/9/2021 12:29:08 AM : ping
5/9/2021 12:29:08 AM : ping
5/9/2021 12:29:09 AM : ping
5/9/2021 12:29:09 AM : ping
5/9/2021 12:29:09 AM : ping
5/9/2021 12:29:10 AM : ping
5/9/2021 12:29:10 AM : ping
5/9/2021 12:29:10 AM : ping
5/9/2021 12:29:11 AM : ping
5/9/2021 12:29:11 AM : ping
5/9/2021 12:29:11 AM : ping
5/9/2021 12:29:12 AM : ping
5/9/2021 12:29:12 AM : ping
5/9/2021 12:29:12 AM : ping
5/9/2021 12:29:14 AM : ping
5/9/2021 12:29:14 AM : ping
5/9/2021 12:29:14 AM : ping
5/9/2021 12:29:15 AM : ping
5/9/2021 12:29:15 AM : ping
5/9/2021 12:29:15 AM : ping
5/9/2021 12:29:16 AM : ping
5/9/2021 12:29:16 AM : ping
5/9/2021 12:29:16 AM : ping
5/9/2021 12:29:17 AM : ping
5/9/2021 12:29:17 AM : ping
5/9/2021 12:29:17 AM : ping
5/9/2021 12:29:18 AM : ping
5/9/2021 12:29:18 AM : ping
5/9/2021 12:29:18 AM : ping
5/9/2021 12:29:19 AM : ping
5/9/2021 12:29:19 AM : ping
5/9/2021 12:29:19 AM : ping
5/9/2021 12:29:20 AM : ping
5/9/2021 12:29:20 AM : ping
5/9/2021 12:29:20 AM : ping
5/9/2021 12:29:21 AM : ping
5/9/2021 12:29:21 AM : ping
5/9/2021 12:29:21 AM : ping
5/9/2021 12:29:22 AM : ping
5/9/2021 12:29:22 AM : ping
5/9/2021 12:29:22 AM : ping
5/9/2021 12:29:23 AM : ping
5/9/2021 12:29:23 AM : ping
5/9/2021 12:29:23 AM : ping
5/9/2021 12:29:25 AM : ping
5/9/2021 12:29:25 AM : ping
5/9/2021 12:29:25 AM : ping
5/9/2021 12:29:26 AM : ping
5/9/2021 12:29:26 AM : ping
5/9/2021 12:29:26 AM : ping
5/9/2021 12:29:27 AM : ping
5/9/2021 12:29:27 AM : ping
5/9/2021 12:29:27 AM : ping
5/9/2021 12:29:28 AM : ping
5/9/2021 12:29:28 AM : ping
5/9/2021 12:29:28 AM : ping
5/9/2021 12:29:29 AM : ping
5/9/2021 12:29:29 AM : ping
5/9/2021 12:29:29 AM : ping
5/9/2021 12:29:30 AM : ping
5/9/2021 12:29:30 AM : ping
5/9/2021 12:29:30 AM : ping
5/9/2021 12:29:31 AM : ping
5/9/2021 12:29:31 AM : ping
5/9/2021 12:29:31 AM : ping
5/9/2021 12:29:32 AM : ping
5/9/2021 12:29:32 AM : ping
5/9/2021 12:29:32 AM : ping
5/9/2021 12:29:33 AM : ping
5/9/2021 12:29:33 AM : ping
5/9/2021 12:29:33 AM : ping
5/9/2021 12:29:35 AM : ping
5/9/2021 12:29:35 AM : ping
5/9/2021 12:29:35 AM : ping
5/9/2021 12:29:36 AM : ping
5/9/2021 12:29:36 AM : ping
5/9/2021 12:29:36 AM : ping
5/9/2021 12:29:37 AM : ping
5/9/2021 12:29:37 AM : ping
5/9/2021 12:29:37 AM : ping
5/9/2021 12:29:38 AM : ping
5/9/2021 12:29:38 AM : ping
5/9/2021 12:29:38 AM : ping
5/9/2021 12:29:39 AM : ping
5/9/2021 12:29:39 AM : ping
5/9/2021 12:29:39 AM : ping
5/9/2021 12:29:40 AM : ping
5/9/2021 12:29:40 AM : ping
5/9/2021 12:29:40 AM : ping
5/9/2021 12:29:41 AM : ping
5/9/2021 12:29:41 AM : ping
5/9/2021 12:29:41 AM : ping
5/9/2021 12:29:42 AM : ping
5/9/2021 12:29:42 AM : ping
5/9/2021 12:29:42 AM : ping
5/9/2021 12:29:43 AM : ping
5/9/2021 12:29:43 AM : ping
5/9/2021 12:29:43 AM : ping
5/9/2021 12:29:45 AM : ping
5/9/2021 12:29:45 AM : ping
5/9/2021 12:29:45 AM : ping
5/9/2021 12:29:46 AM : ping
5/9/2021 12:29:46 AM : ping
5/9/2021 12:29:46 AM : ping
5/9/2021 12:29:47 AM : ping
5/9/2021 12:29:47 AM : ping
5/9/2021 12:29:47 AM : ping
5/9/2021 12:29:48 AM : ping
5/9/2021 12:29:48 AM : ping
5/9/2021 12:29:48 AM : ping
5/9/2021 12:29:49 AM : ping
5/9/2021 12:29:49 AM : ping
5/9/2021 12:29:49 AM : ping
5/9/2021 12:29:50 AM : ping
5/9/2021 12:29:50 AM : ping
5/9/2021 12:29:50 AM : ping
5/9/2021 12:29:51 AM : ping
5/9/2021 12:29:51 AM : ping
5/9/2021 12:29:51 AM : ping
5/9/2021 12:29:52 AM : ping
5/9/2021 12:29:52 AM : ping
5/9/2021 12:29:52 AM : ping
5/9/2021 12:29:53 AM : ping
5/9/2021 12:29:53 AM : ping
5/9/2021 12:29:53 AM : ping
5/9/2021 12:29:55 AM : ping
5/9/2021 12:29:55 AM : ping
5/9/2021 12:29:55 AM : ping
5/9/2021 12:29:56 AM : ping
5/9/2021 12:29:56 AM : ping
5/9/2021 12:29:56 AM : ping
5/9/2021 12:29:57 AM : ping
5/9/2021 12:29:57 AM : ping
5/9/2021 12:29:57 AM : ping
5/9/2021 12:29:58 AM : ping
5/9/2021 12:29:58 AM : ping
5/9/2021 12:29:58 AM : ping
5/9/2021 12:29:59 AM : ping
5/9/2021 12:29:59 AM : ping
5/9/2021 12:29:59 AM : ping
5/9/2021 12:30:00 AM : ping
5/9/2021 12:30:00 AM : ping
5/9/2021 12:30:00 AM : ping
5/9/2021 12:30:01 AM : ping
5/9/2021 12:30:01 AM : ping
5/9/2021 12:30:01 AM : ping
5/9/2021 12:30:02 AM : ping
5/9/2021 12:30:02 AM : ping
5/9/2021 12:30:02 AM : ping
5/9/2021 12:30:03 AM : ping
5/9/2021 12:30:03 AM : ping
5/9/2021 12:30:03 AM : ping
5/9/2021 12:30:05 AM : ping
5/9/2021 12:30:05 AM : ping
5/9/2021 12:30:05 AM : ping
5/9/2021 12:30:06 AM : ping
5/9/2021 12:30:06 AM : ping
5/9/2021 12:30:06 AM : ping
5/9/2021 12:30:07 AM : ping
5/9/2021 12:30:07 AM : ping
5/9/2021 12:30:07 AM : ping
5/9/2021 12:30:08 AM : ping
5/9/2021 12:30:08 AM : ping
5/9/2021 12:30:08 AM : ping
5/9/2021 12:30:09 AM : ping
5/9/2021 12:30:09 AM : ping
5/9/2021 12:30:09 AM : ping
5/9/2021 12:30:10 AM : ping
5/9/2021 12:30:10 AM : ping
5/9/2021 12:30:10 AM : ping
5/9/2021 12:30:11 AM : ping
5/9/2021 12:30:11 AM : ping
5/9/2021 12:30:11 AM : ping
5/9/2021 12:30:12 AM : ping
5/9/2021 12:30:12 AM : ping
5/9/2021 12:30:12 AM : ping
5/9/2021 12:30:13 AM : ping
5/9/2021 12:30:13 AM : ping
5/9/2021 12:30:13 AM : ping
5/9/2021 12:30:14 AM : ping
5/9/2021 12:30:14 AM : ping
5/9/2021 12:30:14 AM : ping
5/9/2021 12:30:16 AM : ping
5/9/2021 12:30:16 AM : ping
5/9/2021 12:30:16 AM : ping
5/9/2021 12:30:17 AM : ping
5/9/2021 12:30:17 AM : ping
5/9/2021 12:30:17 AM : ping
5/9/2021 12:30:18 AM : ping
5/9/2021 12:30:18 AM : ping
5/9/2021 12:30:18 AM : ping
5/9/2021 12:30:19 AM : ping
5/9/2021 12:30:19 AM : ping
5/9/2021 12:30:19 AM : ping
5/9/2021 12:30:20 AM : ping
5/9/2021 12:30:20 AM : ping
5/9/2021 12:30:20 AM : ping
5/9/2021 12:30:21 AM : ping
5/9/2021 12:30:21 AM : ping
5/9/2021 12:30:21 AM : ping
5/9/2021 12:30:22 AM : ping
5/9/2021 12:30:22 AM : ping
5/9/2021 12:30:22 AM : ping
5/9/2021 12:30:23 AM : ping
5/9/2021 12:30:23 AM : ping
5/9/2021 12:30:23 AM : ping
5/9/2021 12:30:24 AM : ping
5/9/2021 12:30:24 AM : ping
5/9/2021 12:30:24 AM : ping
5/9/2021 12:30:26 AM : ping
5/9/2021 12:30:26 AM : ping
5/9/2021 12:30:26 AM : ping
5/9/2021 12:30:27 AM : ping
5/9/2021 12:30:27 AM : ping
5/9/2021 12:30:27 AM : ping
5/9/2021 12:30:28 AM : ping
5/9/2021 12:30:28 AM : ping
5/9/2021 12:30:28 AM : ping
5/9/2021 12:30:29 AM : ping
5/9/2021 12:30:29 AM : ping
5/9/2021 12:30:29 AM : ping
5/9/2021 12:30:30 AM : ping
5/9/2021 12:30:30 AM : ping
5/9/2021 12:30:30 AM : ping
5/9/2021 12:30:31 AM : ping
5/9/2021 12:30:31 AM : ping
5/9/2021 12:30:31 AM : ping
5/9/2021 12:30:32 AM : ping
5/9/2021 12:30:32 AM : ping
5/9/2021 12:30:32 AM : ping
5/9/2021 12:30:33 AM : ping
5/9/2021 12:30:33 AM : ping
5/9/2021 12:30:33 AM : ping
5/9/2021 12:30:34 AM : ping
5/9/2021 12:30:34 AM : ping
5/9/2021 12:30:34 AM : ping
5/9/2021 12:30:36 AM : ping
5/9/2021 12:30:36 AM : ping
5/9/2021 12:30:36 AM : ping
5/9/2021 12:30:37 AM : ping
5/9/2021 12:30:37 AM : ping
5/9/2021 12:30:37 AM : ping
5/9/2021 12:30:38 AM : ping
5/9/2021 12:30:38 AM : ping
5/9/2021 12:30:38 AM : ping
5/9/2021 12:30:39 AM : ping
5/9/2021 12:30:39 AM : ping
5/9/2021 12:30:39 AM : ping
5/9/2021 12:30:40 AM : ping
5/9/2021 12:30:40 AM : ping
5/9/2021 12:30:40 AM : ping
5/9/2021 12:30:41 AM : ping
5/9/2021 12:30:41 AM : ping
5/9/2021 12:30:41 AM : ping
5/9/2021 12:30:42 AM : ping
5/9/2021 12:30:42 AM : ping
5/9/2021 12:30:42 AM : ping
5/9/2021 12:30:43 AM : ping
5/9/2021 12:30:43 AM : ping
5/9/2021 12:30:43 AM : ping
5/9/2021 12:30:44 AM : ping
5/9/2021 12:30:44 AM : ping
5/9/2021 12:30:44 AM : ping
5/9/2021 12:30:46 AM : ping
5/9/2021 12:30:46 AM : ping
5/9/2021 12:30:46 AM : ping
5/9/2021 12:30:47 AM : ping
5/9/2021 12:30:47 AM : ping
5/9/2021 12:30:47 AM : ping
5/9/2021 12:30:48 AM : ping
5/9/2021 12:30:48 AM : ping
5/9/2021 12:30:48 AM : ping
5/9/2021 12:30:49 AM : ping
5/9/2021 12:30:49 AM : ping
5/9/2021 12:30:49 AM : ping
5/9/2021 12:30:50 AM : ping
5/9/2021 12:30:50 AM : ping
5/9/2021 12:30:50 AM : ping
5/9/2021 12:30:51 AM : ping
5/9/2021 12:30:51 AM : ping
5/9/2021 12:30:51 AM : ping
5/9/2021 12:30:52 AM : ping
5/9/2021 12:30:52 AM : ping
5/9/2021 12:30:52 AM : ping
5/9/2021 12:30:53 AM : ping
5/9/2021 12:30:53 AM : ping
5/9/2021 12:30:53 AM : ping
5/9/2021 12:30:54 AM : ping
5/9/2021 12:30:54 AM : ping
5/9/2021 12:30:54 AM : ping
5/9/2021 12:30:56 AM : ping
5/9/2021 12:30:56 AM : ping
5/9/2021 12:30:56 AM : ping
5/9/2021 12:30:57 AM : ping
5/9/2021 12:30:57 AM : ping
5/9/2021 12:30:57 AM : ping
5/9/2021 12:30:57 AM : launch server at port: 7003
5/9/2021 12:30:58 AM : ping
5/9/2021 12:30:58 AM : ping
5/9/2021 12:30:58 AM : ping
5/9/2021 12:30:58 AM : launch server at port: 7004
5/9/2021 12:30:59 AM : ping
5/9/2021 12:30:59 AM : ping
5/9/2021 12:30:59 AM : ping
5/9/2021 12:31:00 AM : ping
5/9/2021 12:31:00 AM : ping
5/9/2021 12:31:00 AM : ping
5/9/2021 12:31:01 AM : ping
5/9/2021 12:31:01 AM : ping
5/9/2021 12:31:01 AM : ping
5/9/2021 12:31:02 AM : launch server at port: 7005
5/9/2021 12:31:02 AM : ping
5/9/2021 12:31:02 AM : ping
5/9/2021 12:31:02 AM : ping
5/9/2021 12:31:03 AM : launch server at port: 7006
5/9/2021 12:31:03 AM : ping
5/9/2021 12:31:03 AM : ping
5/9/2021 12:31:03 AM : ping
5/9/2021 12:31:04 AM : ping
5/9/2021 12:31:04 AM : ping
5/9/2021 12:31:04 AM : ping
5/9/2021 12:31:06 AM : ping
5/9/2021 12:31:06 AM : ping
5/9/2021 12:31:06 AM : ping
5/9/2021 12:31:07 AM : ping
5/9/2021 12:31:07 AM : ping
5/9/2021 12:31:07 AM : ping
5/9/2021 12:31:08 AM : ping
5/9/2021 12:31:08 AM : ping
5/9/2021 12:31:08 AM : ping
5/9/2021 12:31:09 AM : ping
5/9/2021 12:31:09 AM : ping
5/9/2021 12:31:09 AM : ping
5/9/2021 12:31:10 AM : launch server at port: 7007
5/9/2021 12:31:10 AM : ping
5/9/2021 12:31:10 AM : ping
5/9/2021 12:31:10 AM : ping
5/9/2021 12:31:11 AM : ping
5/9/2021 12:31:11 AM : ping
5/9/2021 12:31:11 AM : ping
5/9/2021 12:31:12 AM : ping
5/9/2021 12:31:12 AM : ping
5/9/2021 12:31:12 AM : ping
5/9/2021 12:31:13 AM : ping
5/9/2021 12:31:13 AM : ping
5/9/2021 12:31:13 AM : ping
5/9/2021 12:31:14 AM : ping
5/9/2021 12:31:14 AM : ping
5/9/2021 12:31:14 AM : ping
5/9/2021 12:31:16 AM : ping
5/9/2021 12:31:16 AM : ping
5/9/2021 12:31:16 AM : ping
5/9/2021 12:31:17 AM : ping
5/9/2021 12:31:17 AM : ping
5/9/2021 12:31:17 AM : ping
5/9/2021 12:31:18 AM : ping
5/9/2021 12:31:18 AM : ping
5/9/2021 12:31:18 AM : ping
5/9/2021 12:31:19 AM : ping
5/9/2021 12:31:19 AM : ping
5/9/2021 12:31:19 AM : ping
5/9/2021 12:31:20 AM : ping
5/9/2021 12:31:20 AM : ping
5/9/2021 12:31:20 AM : ping
5/9/2021 12:31:21 AM : ping
5/9/2021 12:31:21 AM : ping
5/9/2021 12:31:21 AM : ping
5/9/2021 12:31:22 AM : ping
5/9/2021 12:31:22 AM : ping
5/9/2021 12:31:22 AM : ping
5/9/2021 12:31:23 AM : ping
5/9/2021 12:31:23 AM : ping
5/9/2021 12:31:23 AM : ping
5/9/2021 12:31:24 AM : ping
5/9/2021 12:31:24 AM : ping
5/9/2021 12:31:24 AM : ping
5/9/2021 12:31:26 AM : ping
5/9/2021 12:31:26 AM : ping
5/9/2021 12:31:26 AM : ping
5/9/2021 12:31:27 AM : ping
5/9/2021 12:31:27 AM : ping
5/9/2021 12:31:27 AM : ping
5/9/2021 12:31:28 AM : ping
5/9/2021 12:31:28 AM : ping
5/9/2021 12:31:28 AM : ping
5/9/2021 12:31:29 AM : ping
5/9/2021 12:31:29 AM : ping
5/9/2021 12:31:29 AM : ping
5/9/2021 12:31:30 AM : ping
5/9/2021 12:31:30 AM : ping
5/9/2021 12:31:30 AM : ping
5/9/2021 12:31:31 AM : ~KChannel()
5/9/2021 12:31:31 AM : ~KChannel()
5/9/2021 12:31:31 AM : ~KChannel()
5/9/2021 12:31:31 AM : ~KChannel()
5/9/2021 12:31:31 AM : ~KChannel()
5/9/2021 12:31:31 AM : ~KChannel()
5/9/2021 12:31:31 AM : ~KChannel()
5/9/2021 12:31:31 AM : ~KChannel()
5/9/2021 12:31:31 AM : ~KChannel()
5/9/2021 12:31:31 AM : ~KChannel()
5/9/2021 12:31:31 AM : ~KChannel()
5/9/2021 12:31:31 AM : ~KChannel()
5/9/2021 12:31:31 AM : ~KChannel()
5/9/2021 12:31:31 AM : ~KChannel()
5/9/2021 12:31:31 AM : ~KChannel()
5/9/2021 12:31:31 AM : ~KChannel()
5/9/2021 12:31:31 AM : ~KChannel()
5/9/2021 12:31:31 AM : ~KChannel()
5/9/2021 12:31:31 AM : ~KChannel()
5/9/2021 12:31:31 AM : ~KChannel()
5/9/2021 12:31:31 AM : ~KChannel()
5/9/2021 12:31:31 AM : ~KChannel()
5/9/2021 12:31:31 AM : ~KChannel()
5/9/2021 12:31:31 AM : ~KChannel()
5/9/2021 12:31:31 AM : ~KChannel()
5/9/2021 12:31:31 AM : ~KChannel()
5/9/2021 12:31:31 AM : ~KChannel()
5/9/2021 12:31:31 AM : ~KChannel()
5/9/2021 12:31:31 AM : ~KChannel()
5/9/2021 12:31:31 AM : ~KChannel()
5/9/2021 12:31:31 AM : ~KChannel()
5/9/2021 12:31:31 AM : ~KChannel()
5/9/2021 12:31:31 AM : ~KChannel()
5/9/2021 12:31:31 AM : ~KChannel()
5/9/2021 12:31:31 AM : ~KChannel()
5/9/2021 12:31:31 AM : ~KChannel()
5/9/2021 12:31:31 AM : ~KChannel()
5/9/2021 12:31:31 AM : ~KChannel()
5/9/2021 12:31:31 AM : ping
5/9/2021 12:31:31 AM : ping
5/9/2021 12:31:31 AM : ping
5/9/2021 12:31:32 AM : ping
5/9/2021 12:31:32 AM : ping
5/9/2021 12:31:32 AM : ping
5/9/2021 12:31:33 AM : ping
5/9/2021 12:31:33 AM : ping
5/9/2021 12:31:33 AM : ping
5/9/2021 12:31:34 AM : ping
5/9/2021 12:31:34 AM : ping
5/9/2021 12:31:34 AM : ping
5/9/2021 12:31:36 AM : ping
5/9/2021 12:31:36 AM : ping
5/9/2021 12:31:36 AM : ping
5/9/2021 12:31:37 AM : ping
5/9/2021 12:31:37 AM : ping
5/9/2021 12:31:37 AM : ping
5/9/2021 12:31:38 AM : ping
5/9/2021 12:31:38 AM : ping
5/9/2021 12:31:38 AM : ping
5/9/2021 12:31:39 AM : ping
5/9/2021 12:31:39 AM : ping
5/9/2021 12:31:39 AM : ping
5/9/2021 12:31:40 AM : ping
5/9/2021 12:31:40 AM : ping
5/9/2021 12:31:40 AM : ping
5/9/2021 12:31:41 AM : ping
5/9/2021 12:31:41 AM : ping
5/9/2021 12:31:41 AM : ping
5/9/2021 12:31:42 AM : ping
5/9/2021 12:31:42 AM : ping
5/9/2021 12:31:42 AM : ping
5/9/2021 12:31:43 AM : ping
5/9/2021 12:31:43 AM : ping
5/9/2021 12:31:43 AM : ping
5/9/2021 12:31:44 AM : ping
5/9/2021 12:31:44 AM : ping
5/9/2021 12:31:44 AM : ping
5/9/2021 12:31:46 AM : ping
5/9/2021 12:31:46 AM : ping
5/9/2021 12:31:46 AM : ping
5/9/2021 12:31:47 AM : ping
5/9/2021 12:31:47 AM : ping
5/9/2021 12:31:47 AM : ping
5/9/2021 12:31:48 AM : ping
5/9/2021 12:31:48 AM : ping
5/9/2021 12:31:48 AM : ping
5/9/2021 12:31:49 AM : ping
5/9/2021 12:31:49 AM : ping
5/9/2021 12:31:49 AM : ping
5/9/2021 12:31:50 AM : ping
5/9/2021 12:31:50 AM : ping
5/9/2021 12:31:50 AM : ping
5/9/2021 12:31:51 AM : ping
5/9/2021 12:31:51 AM : ping
5/9/2021 12:31:51 AM : ping
5/9/2021 12:31:52 AM : ping
5/9/2021 12:31:52 AM : ping
5/9/2021 12:31:52 AM : ping
5/9/2021 12:31:53 AM : ping
5/9/2021 12:31:53 AM : ping
5/9/2021 12:31:53 AM : ping
5/9/2021 12:31:54 AM : ping
5/9/2021 12:31:54 AM : ping
5/9/2021 12:31:54 AM : ping
5/9/2021 12:31:56 AM : ping
5/9/2021 12:31:56 AM : ping
5/9/2021 12:31:56 AM : ping
5/9/2021 12:31:57 AM : ping
5/9/2021 12:31:57 AM : ping
5/9/2021 12:31:57 AM : ping
5/9/2021 12:31:58 AM : ping
5/9/2021 12:31:58 AM : ping
5/9/2021 12:31:58 AM : ping
5/9/2021 12:31:59 AM : ping
5/9/2021 12:31:59 AM : ping
5/9/2021 12:31:59 AM : ping
5/9/2021 12:31:59 AM : launch server at port: 7008
5/9/2021 12:32:00 AM : ping
5/9/2021 12:32:00 AM : ping
5/9/2021 12:32:00 AM : ping
5/9/2021 12:32:01 AM : ping
5/9/2021 12:32:01 AM : ping
5/9/2021 12:32:01 AM : ping
5/9/2021 12:32:02 AM : ping
5/9/2021 12:32:02 AM : ping
5/9/2021 12:32:02 AM : ping
5/9/2021 12:32:03 AM : ping
5/9/2021 12:32:03 AM : ping
5/9/2021 12:32:03 AM : ping
5/9/2021 12:32:04 AM : ping
5/9/2021 12:32:04 AM : ping
5/9/2021 12:32:04 AM : ping
5/9/2021 12:32:06 AM : ping
5/9/2021 12:32:06 AM : ping
5/9/2021 12:32:06 AM : ping
5/9/2021 12:32:07 AM : ping
5/9/2021 12:32:07 AM : ping
5/9/2021 12:32:07 AM : ping
5/9/2021 12:32:08 AM : ping
5/9/2021 12:32:08 AM : ping
5/9/2021 12:32:08 AM : ping
5/9/2021 12:32:09 AM : ping
5/9/2021 12:32:09 AM : ping
5/9/2021 12:32:09 AM : ping
5/9/2021 12:32:10 AM : ping
5/9/2021 12:32:10 AM : ping
5/9/2021 12:32:10 AM : ping
5/9/2021 12:32:11 AM : ping
5/9/2021 12:32:11 AM : ping
5/9/2021 12:32:11 AM : ping
5/9/2021 12:32:12 AM : ping
5/9/2021 12:32:12 AM : ping
5/9/2021 12:32:12 AM : ping
5/9/2021 12:32:13 AM : ping
5/9/2021 12:32:13 AM : ping
5/9/2021 12:32:13 AM : ping
5/9/2021 12:32:14 AM : ping
5/9/2021 12:32:14 AM : ping
5/9/2021 12:32:14 AM : ping
5/9/2021 12:32:16 AM : ping
5/9/2021 12:32:16 AM : ping
5/9/2021 12:32:16 AM : ping
5/9/2021 12:32:17 AM : ping
5/9/2021 12:32:17 AM : ping
5/9/2021 12:32:17 AM : ping
5/9/2021 12:32:18 AM : ping
5/9/2021 12:32:18 AM : ping
5/9/2021 12:32:18 AM : ping
5/9/2021 12:32:19 AM : ping
5/9/2021 12:32:19 AM : ping
5/9/2021 12:32:19 AM : ping
5/9/2021 12:32:20 AM : launch server at port: 7009
5/9/2021 12:32:20 AM : ping
5/9/2021 12:32:20 AM : ping
5/9/2021 12:32:20 AM : ping
5/9/2021 12:32:21 AM : ping
5/9/2021 12:32:21 AM : ping
5/9/2021 12:32:21 AM : ping
5/9/2021 12:32:21 AM : launch server at port: 7010
5/9/2021 12:32:22 AM : ping
5/9/2021 12:32:22 AM : ping
5/9/2021 12:32:22 AM : ping
5/9/2021 12:32:23 AM : ping
5/9/2021 12:32:23 AM : ping
5/9/2021 12:32:23 AM : ping
5/9/2021 12:32:24 AM : ping
5/9/2021 12:32:24 AM : ping
5/9/2021 12:32:24 AM : ping
5/9/2021 12:32:26 AM : ping
5/9/2021 12:32:26 AM : ping
5/9/2021 12:32:26 AM : ping
5/9/2021 12:32:27 AM : ping
5/9/2021 12:32:27 AM : ping
5/9/2021 12:32:27 AM : ping
5/9/2021 12:32:28 AM : ping
5/9/2021 12:32:28 AM : ping
5/9/2021 12:32:28 AM : ping
5/9/2021 12:32:29 AM : ping
5/9/2021 12:32:29 AM : ping
5/9/2021 12:32:29 AM : ping
5/9/2021 12:32:30 AM : ping
5/9/2021 12:32:30 AM : ping
5/9/2021 12:32:30 AM : ping
5/9/2021 12:32:31 AM : ping
5/9/2021 12:32:31 AM : ping
5/9/2021 12:32:31 AM : ping
5/9/2021 12:32:32 AM : ping
5/9/2021 12:32:32 AM : ping
5/9/2021 12:32:32 AM : ping
5/9/2021 12:32:33 AM : ping
5/9/2021 12:32:33 AM : ping
5/9/2021 12:32:33 AM : ping
5/9/2021 12:32:34 AM : ping
5/9/2021 12:32:34 AM : ping
5/9/2021 12:32:34 AM : ping
5/9/2021 12:32:36 AM : ping
5/9/2021 12:32:36 AM : ping
5/9/2021 12:32:36 AM : ping
5/9/2021 12:32:37 AM : ping
5/9/2021 12:32:37 AM : ping
5/9/2021 12:32:37 AM : ping
5/9/2021 12:32:38 AM : ping
5/9/2021 12:32:38 AM : ping
5/9/2021 12:32:38 AM : ping
5/9/2021 12:32:39 AM : ping
5/9/2021 12:32:39 AM : ping
5/9/2021 12:32:39 AM : ping
5/9/2021 12:32:40 AM : ping
5/9/2021 12:32:40 AM : ping
5/9/2021 12:32:40 AM : ping
5/9/2021 12:32:41 AM : ping
5/9/2021 12:32:41 AM : ping
5/9/2021 12:32:41 AM : ping
5/9/2021 12:32:42 AM : ping
5/9/2021 12:32:42 AM : ping
5/9/2021 12:32:42 AM : ping
5/9/2021 12:32:43 AM : ping
5/9/2021 12:32:43 AM : ping
5/9/2021 12:32:43 AM : ping
5/9/2021 12:32:44 AM : ping
5/9/2021 12:32:44 AM : ping
5/9/2021 12:32:44 AM : ping
5/9/2021 12:32:45 AM : ping
5/9/2021 12:32:45 AM : ping
5/9/2021 12:32:45 AM : ping
5/9/2021 12:32:47 AM : ping
5/9/2021 12:32:47 AM : ping
5/9/2021 12:32:47 AM : ping
5/9/2021 12:32:48 AM : ping
5/9/2021 12:32:48 AM : ping
5/9/2021 12:32:48 AM : ping
5/9/2021 12:32:49 AM : ping
5/9/2021 12:32:49 AM : ping
5/9/2021 12:32:49 AM : ping
5/9/2021 12:32:50 AM : ping
5/9/2021 12:32:50 AM : ping
5/9/2021 12:32:50 AM : ping
5/9/2021 12:32:51 AM : ping
5/9/2021 12:32:51 AM : ping
5/9/2021 12:32:51 AM : ping
5/9/2021 12:32:52 AM : ping
5/9/2021 12:32:52 AM : ping
5/9/2021 12:32:52 AM : ping
5/9/2021 12:32:53 AM : ping
5/9/2021 12:32:53 AM : ping
5/9/2021 12:32:53 AM : ping
5/9/2021 12:32:54 AM : ping
5/9/2021 12:32:54 AM : ping
5/9/2021 12:32:54 AM : ping
5/9/2021 12:32:55 AM : ping
5/9/2021 12:32:55 AM : ping
5/9/2021 12:32:55 AM : ping
5/9/2021 12:32:57 AM : ping
5/9/2021 12:32:57 AM : ping
5/9/2021 12:32:57 AM : ping
5/9/2021 12:32:58 AM : ping
5/9/2021 12:32:58 AM : ping
5/9/2021 12:32:58 AM : ping
5/9/2021 12:32:59 AM : ping
5/9/2021 12:32:59 AM : ping
5/9/2021 12:32:59 AM : ping
5/9/2021 12:33:00 AM : ping
5/9/2021 12:33:00 AM : ping
5/9/2021 12:33:00 AM : ping
5/9/2021 12:33:01 AM : ping
5/9/2021 12:33:01 AM : ping
5/9/2021 12:33:01 AM : ping
5/9/2021 12:33:02 AM : ping
5/9/2021 12:33:02 AM : ping
5/9/2021 12:33:02 AM : ping
5/9/2021 12:33:03 AM : ping
5/9/2021 12:33:03 AM : ping
5/9/2021 12:33:03 AM : ping
5/9/2021 12:33:04 AM : ping
5/9/2021 12:33:04 AM : ping
5/9/2021 12:33:04 AM : ping
5/9/2021 12:33:05 AM : ping
5/9/2021 12:33:05 AM : ping
5/9/2021 12:33:05 AM : ping
5/9/2021 12:33:07 AM : ping
5/9/2021 12:33:07 AM : ping
5/9/2021 12:33:07 AM : ping
5/9/2021 12:33:08 AM : ping
5/9/2021 12:33:08 AM : ping
5/9/2021 12:33:08 AM : ping
5/9/2021 12:33:09 AM : ping
5/9/2021 12:33:09 AM : ping
5/9/2021 12:33:09 AM : ping
5/9/2021 12:33:10 AM : ping
5/9/2021 12:33:10 AM : ping
5/9/2021 12:33:10 AM : ping
5/9/2021 12:33:11 AM : ping
5/9/2021 12:33:11 AM : ping
5/9/2021 12:33:11 AM : ping
5/9/2021 12:33:12 AM : ping
5/9/2021 12:33:12 AM : ping
5/9/2021 12:33:12 AM : ping
5/9/2021 12:33:13 AM : ping
5/9/2021 12:33:13 AM : ping
5/9/2021 12:33:13 AM : ping
5/9/2021 12:33:14 AM : ping
5/9/2021 12:33:14 AM : ping
5/9/2021 12:33:14 AM : ping
5/9/2021 12:33:15 AM : ping
5/9/2021 12:33:15 AM : ping
5/9/2021 12:33:15 AM : ping
5/9/2021 12:34:00 AM : ping
5/9/2021 12:34:00 AM : ping
5/9/2021 12:34:00 AM : ping
5/9/2021 12:34:01 AM : ping
5/9/2021 12:34:01 AM : ping
5/9/2021 12:34:01 AM : ping
5/9/2021 12:34:02 AM : ping
5/9/2021 12:34:02 AM : ping
5/9/2021 12:34:02 AM : ping
5/9/2021 12:34:03 AM : ping
5/9/2021 12:34:03 AM : ping
5/9/2021 12:34:03 AM : ping
5/9/2021 12:34:04 AM : ping
5/9/2021 12:34:04 AM : ping
5/9/2021 12:34:04 AM : ping
5/9/2021 12:34:05 AM : ping
5/9/2021 12:34:05 AM : ping
5/9/2021 12:34:05 AM : ping
5/9/2021 12:34:07 AM : ping
5/9/2021 12:34:07 AM : ping
5/9/2021 12:34:07 AM : ping
5/9/2021 12:34:08 AM : ping
5/9/2021 12:34:08 AM : ping
5/9/2021 12:34:08 AM : ping
5/9/2021 12:34:09 AM : ping
5/9/2021 12:34:09 AM : ping
5/9/2021 12:34:09 AM : ping
5/9/2021 12:34:10 AM : ping
5/9/2021 12:34:10 AM : ping
5/9/2021 12:34:10 AM : ping
5/9/2021 12:34:11 AM : ping
5/9/2021 12:34:11 AM : ping
5/9/2021 12:34:11 AM : ping
5/9/2021 12:34:12 AM : ping
5/9/2021 12:34:12 AM : ping
5/9/2021 12:34:12 AM : ping
5/9/2021 12:34:13 AM : ping
5/9/2021 12:34:13 AM : ping
5/9/2021 12:34:13 AM : ping
5/9/2021 12:34:14 AM : ping
5/9/2021 12:34:14 AM : ping
5/9/2021 12:34:14 AM : ping
5/9/2021 12:34:15 AM : ping
5/9/2021 12:34:15 AM : ping
5/9/2021 12:34:15 AM : ping
5/9/2021 12:34:17 AM : ping
5/9/2021 12:34:17 AM : ping
5/9/2021 12:34:17 AM : ping
5/9/2021 12:34:18 AM : ping
5/9/2021 12:34:18 AM : ping
5/9/2021 12:34:18 AM : ping
5/9/2021 12:34:43 AM : ping
5/9/2021 12:34:43 AM : ping
5/9/2021 12:34:43 AM : ping
5/9/2021 12:34:44 AM : ping
5/9/2021 12:34:44 AM : ping
5/9/2021 12:34:44 AM : ping
5/9/2021 12:34:51 AM : ping
5/9/2021 12:34:51 AM : ping
5/9/2021 12:34:51 AM : ping
5/9/2021 12:34:52 AM : ping
5/9/2021 12:34:52 AM : ping
5/9/2021 12:34:52 AM : ping
5/9/2021 12:34:53 AM : ping
5/9/2021 12:34:53 AM : ping
5/9/2021 12:34:53 AM : ping
5/9/2021 12:34:54 AM : ping
5/9/2021 12:34:54 AM : ping
5/9/2021 12:34:54 AM : ping
5/9/2021 12:34:55 AM : launch server at port: 7011
5/9/2021 12:34:56 AM : ping
5/9/2021 12:34:56 AM : ping
5/9/2021 12:34:56 AM : ping
5/9/2021 12:34:57 AM : ping
5/9/2021 12:34:57 AM : ping
5/9/2021 12:34:57 AM : ping
5/9/2021 12:34:58 AM : ping
5/9/2021 12:34:58 AM : ping
5/9/2021 12:34:58 AM : ping
5/9/2021 12:34:59 AM : ping
5/9/2021 12:34:59 AM : ping
5/9/2021 12:34:59 AM : ping
5/9/2021 12:35:00 AM : ping
5/9/2021 12:35:00 AM : ping
5/9/2021 12:35:00 AM : ping
5/9/2021 12:35:01 AM : ping
5/9/2021 12:35:01 AM : ping
5/9/2021 12:35:01 AM : ping
5/9/2021 12:35:02 AM : ping
5/9/2021 12:35:02 AM : ping
5/9/2021 12:35:02 AM : ping
5/9/2021 12:35:03 AM : ping
5/9/2021 12:35:03 AM : ping
5/9/2021 12:35:03 AM : ping
5/9/2021 12:35:04 AM : ping
5/9/2021 12:35:04 AM : ping
5/9/2021 12:35:04 AM : ping
5/9/2021 12:35:05 AM : ping
5/9/2021 12:35:05 AM : ping
5/9/2021 12:35:05 AM : ping
5/9/2021 12:35:07 AM : ping
5/9/2021 12:35:07 AM : ping
5/9/2021 12:35:07 AM : ping
5/9/2021 12:35:08 AM : ping
5/9/2021 12:35:08 AM : ping
5/9/2021 12:35:08 AM : ping
5/9/2021 12:35:09 AM : ping
5/9/2021 12:35:09 AM : ping
5/9/2021 12:35:09 AM : ping
5/9/2021 12:35:10 AM : ping
5/9/2021 12:35:10 AM : ping
5/9/2021 12:35:10 AM : ping
5/9/2021 12:35:11 AM : ping
5/9/2021 12:35:11 AM : ping
5/9/2021 12:35:11 AM : ping
5/9/2021 12:35:12 AM : ping
5/9/2021 12:35:12 AM : ping
5/9/2021 12:35:12 AM : ping
5/9/2021 12:35:13 AM : ping
5/9/2021 12:35:13 AM : ping
5/9/2021 12:35:13 AM : ping
5/9/2021 12:35:14 AM : ping
5/9/2021 12:35:14 AM : ping
5/9/2021 12:35:14 AM : ping
5/9/2021 12:35:15 AM : ping
5/9/2021 12:35:15 AM : ping
5/9/2021 12:35:15 AM : ping
5/9/2021 12:35:17 AM : ping
5/9/2021 12:35:17 AM : ping
5/9/2021 12:35:17 AM : ping
5/9/2021 12:35:18 AM : ping
5/9/2021 12:35:18 AM : ping
5/9/2021 12:35:18 AM : ping
5/9/2021 12:35:19 AM : ping
5/9/2021 12:35:19 AM : ping
5/9/2021 12:35:19 AM : ping
5/9/2021 12:35:20 AM : ping
5/9/2021 12:35:20 AM : ping
5/9/2021 12:35:20 AM : ping
5/9/2021 12:35:21 AM : ping
5/9/2021 12:35:21 AM : ping
5/9/2021 12:35:21 AM : ping
5/9/2021 12:35:22 AM : ping
5/9/2021 12:35:22 AM : ping
5/9/2021 12:35:22 AM : ping
5/9/2021 12:35:23 AM : ping
5/9/2021 12:35:23 AM : ping
5/9/2021 12:35:23 AM : ping
5/9/2021 12:35:24 AM : ping
5/9/2021 12:35:24 AM : ping
5/9/2021 12:35:24 AM : ping
5/9/2021 12:35:25 AM : ping
5/9/2021 12:35:25 AM : ping
5/9/2021 12:35:25 AM : ping
5/9/2021 12:35:27 AM : ping
5/9/2021 12:35:27 AM : ping
5/9/2021 12:35:27 AM : ping
5/9/2021 12:36:03 AM : ping
5/9/2021 12:36:03 AM : ping
5/9/2021 12:36:03 AM : ping
5/9/2021 12:36:04 AM : ping
5/9/2021 12:36:04 AM : ping
5/9/2021 12:36:04 AM : ping
5/9/2021 12:36:05 AM : ping
5/9/2021 12:36:05 AM : ping
5/9/2021 12:36:05 AM : ping
5/9/2021 12:36:06 AM : ping
5/9/2021 12:36:06 AM : ping
5/9/2021 12:36:06 AM : ping
5/9/2021 12:36:06 AM : launch server at port: 7012
5/9/2021 12:36:07 AM : ping
5/9/2021 12:36:07 AM : ping
5/9/2021 12:36:07 AM : ping
5/9/2021 12:36:08 AM : ping
5/9/2021 12:36:08 AM : ping
5/9/2021 12:36:08 AM : ping
5/9/2021 12:36:09 AM : ping
5/9/2021 12:36:09 AM : ping
5/9/2021 12:36:09 AM : ping
5/9/2021 12:36:11 AM : ping
5/9/2021 12:36:11 AM : ping
5/9/2021 12:36:11 AM : ping
5/9/2021 12:36:12 AM : ping
5/9/2021 12:36:12 AM : ping
5/9/2021 12:36:12 AM : ping
5/9/2021 12:36:13 AM : ping
5/9/2021 12:36:13 AM : ping
5/9/2021 12:36:13 AM : ping
5/9/2021 12:36:14 AM : ping
5/9/2021 12:36:14 AM : ping
5/9/2021 12:36:14 AM : ping
5/9/2021 12:36:15 AM : ping
5/9/2021 12:36:15 AM : ping
5/9/2021 12:36:15 AM : ping
5/9/2021 12:36:16 AM : ping
5/9/2021 12:36:16 AM : ping
5/9/2021 12:36:16 AM : ping
5/9/2021 12:36:17 AM : ping
5/9/2021 12:36:17 AM : ping
5/9/2021 12:36:17 AM : ping
5/9/2021 12:36:18 AM : ping
5/9/2021 12:36:18 AM : ping
5/9/2021 12:36:18 AM : ping
5/9/2021 12:36:19 AM : ping
5/9/2021 12:36:19 AM : ping
5/9/2021 12:36:19 AM : ping
5/9/2021 12:36:21 AM : ping
5/9/2021 12:36:21 AM : ping
5/9/2021 12:36:21 AM : ping
5/9/2021 12:36:22 AM : ping
5/9/2021 12:36:22 AM : ping
5/9/2021 12:36:22 AM : ping
5/9/2021 12:36:23 AM : ping
5/9/2021 12:36:23 AM : ping
5/9/2021 12:36:23 AM : ping
5/9/2021 12:36:24 AM : ping
5/9/2021 12:36:24 AM : ping
5/9/2021 12:36:24 AM : ping
5/9/2021 12:36:25 AM : ping
5/9/2021 12:36:25 AM : ping
5/9/2021 12:36:25 AM : ping
5/9/2021 12:36:26 AM : ping
5/9/2021 12:36:26 AM : ping
5/9/2021 12:36:26 AM : ping
5/9/2021 12:36:27 AM : ping
5/9/2021 12:36:27 AM : ping
5/9/2021 12:36:27 AM : ping
5/9/2021 12:36:28 AM : ping
5/9/2021 12:36:28 AM : ping
5/9/2021 12:36:28 AM : ping
5/9/2021 12:36:29 AM : ping
5/9/2021 12:36:29 AM : ping
5/9/2021 12:36:29 AM : ping
5/9/2021 12:36:31 AM : ping
5/9/2021 12:36:31 AM : ping
5/9/2021 12:36:31 AM : ping
5/9/2021 12:36:32 AM : ping
5/9/2021 12:36:32 AM : ping
5/9/2021 12:36:32 AM : ping
5/9/2021 12:36:33 AM : ping
5/9/2021 12:36:33 AM : ping
5/9/2021 12:36:33 AM : ping
5/9/2021 12:36:34 AM : ping
5/9/2021 12:36:34 AM : ping
5/9/2021 12:36:34 AM : ping
5/9/2021 12:36:35 AM : ping
5/9/2021 12:36:35 AM : ping
5/9/2021 12:36:35 AM : ping
5/9/2021 12:36:36 AM : ping
5/9/2021 12:36:36 AM : ping
5/9/2021 12:36:36 AM : ping
5/9/2021 12:36:37 AM : ping
5/9/2021 12:36:37 AM : ping
5/9/2021 12:36:37 AM : ping
5/9/2021 12:36:38 AM : ping
5/9/2021 12:36:38 AM : ping
5/9/2021 12:36:38 AM : ping
5/9/2021 12:36:39 AM : ping
5/9/2021 12:36:39 AM : ping
5/9/2021 12:36:39 AM : ping
5/9/2021 12:36:41 AM : ping
5/9/2021 12:36:41 AM : ping
5/9/2021 12:36:41 AM : ping
5/9/2021 12:36:42 AM : ping
5/9/2021 12:36:42 AM : ping
5/9/2021 12:36:42 AM : ping
5/9/2021 12:36:43 AM : ping
5/9/2021 12:36:43 AM : ping
5/9/2021 12:36:43 AM : ping
5/9/2021 12:36:44 AM : ping
5/9/2021 12:36:44 AM : ping
5/9/2021 12:36:44 AM : ping
5/9/2021 12:36:45 AM : ping
5/9/2021 12:36:45 AM : ping
5/9/2021 12:36:45 AM : ping
5/9/2021 12:36:46 AM : ping
5/9/2021 12:36:46 AM : ping
5/9/2021 12:36:46 AM : ping
5/9/2021 12:36:47 AM : ping
5/9/2021 12:36:47 AM : ping
5/9/2021 12:36:47 AM : ping
5/9/2021 12:36:48 AM : ping
5/9/2021 12:36:48 AM : ping
5/9/2021 12:36:48 AM : ping
5/9/2021 12:36:49 AM : ping
5/9/2021 12:36:49 AM : ping
5/9/2021 12:36:49 AM : ping
5/9/2021 12:36:51 AM : ping
5/9/2021 12:36:51 AM : ping
5/9/2021 12:36:51 AM : ping
5/9/2021 12:36:52 AM : ping
5/9/2021 12:36:52 AM : ping
5/9/2021 12:36:52 AM : ping
5/9/2021 12:36:53 AM : ping
5/9/2021 12:36:53 AM : ping
5/9/2021 12:36:53 AM : ping
5/9/2021 12:36:54 AM : ping
5/9/2021 12:36:54 AM : ping
5/9/2021 12:36:54 AM : ping
5/9/2021 12:36:55 AM : ping
5/9/2021 12:36:55 AM : ping
5/9/2021 12:36:55 AM : ping
5/9/2021 12:36:56 AM : ping
5/9/2021 12:36:56 AM : ping
5/9/2021 12:36:56 AM : ping
5/9/2021 12:36:57 AM : ping
5/9/2021 12:36:57 AM : ping
5/9/2021 12:36:57 AM : ping
5/9/2021 12:36:58 AM : ping
5/9/2021 12:36:58 AM : ping
5/9/2021 12:36:58 AM : ping
5/9/2021 12:36:59 AM : ping
5/9/2021 12:36:59 AM : ping
5/9/2021 12:36:59 AM : ping
5/9/2021 12:37:01 AM : ping
5/9/2021 12:37:01 AM : ping
5/9/2021 12:37:01 AM : ping
5/9/2021 12:37:02 AM : ping
5/9/2021 12:37:02 AM : ping
5/9/2021 12:37:02 AM : ping
5/9/2021 12:37:03 AM : ping
5/9/2021 12:37:03 AM : ping
5/9/2021 12:37:03 AM : ping
5/9/2021 12:37:04 AM : ping
5/9/2021 12:37:04 AM : ping
5/9/2021 12:37:04 AM : ping
5/9/2021 12:37:05 AM : ping
5/9/2021 12:37:05 AM : ping
5/9/2021 12:37:05 AM : ping
5/9/2021 12:37:06 AM : ping
5/9/2021 12:37:06 AM : ping
5/9/2021 12:37:06 AM : ping
5/9/2021 12:37:07 AM : ping
5/9/2021 12:37:07 AM : ping
5/9/2021 12:37:07 AM : ping
5/9/2021 12:37:08 AM : ping
5/9/2021 12:37:08 AM : ping
5/9/2021 12:37:08 AM : ping
5/9/2021 12:37:09 AM : ping
5/9/2021 12:37:09 AM : ping
5/9/2021 12:37:09 AM : ping
5/9/2021 12:37:11 AM : ping
5/9/2021 12:37:11 AM : ping
5/9/2021 12:37:11 AM : ping
5/9/2021 12:37:12 AM : ping
5/9/2021 12:37:12 AM : ping
5/9/2021 12:37:12 AM : ping
5/9/2021 12:37:13 AM : ping
5/9/2021 12:37:13 AM : ping
5/9/2021 12:37:13 AM : ping
5/9/2021 12:37:14 AM : kService.requestChannels.Count :28
5/9/2021 12:37:14 AM : kService.requestChannels.Count :28
5/9/2021 12:37:14 AM : ping
5/9/2021 12:37:14 AM : ping
5/9/2021 12:37:14 AM : ping
5/9/2021 12:37:14 AM : kService.requestChannels.Count :27
5/9/2021 12:37:14 AM : kService.requestChannels.Count :27
5/9/2021 12:37:15 AM : ping
5/9/2021 12:37:15 AM : ping
5/9/2021 12:37:15 AM : ping
5/9/2021 12:37:15 AM : kService.requestChannels.Count :26
5/9/2021 12:37:15 AM : kService.requestChannels.Count :26
5/9/2021 12:37:15 AM : kService.requestChannels.Count :25
5/9/2021 12:37:15 AM : kService.requestChannels.Count :25
5/9/2021 12:37:15 AM : kService.requestChannels.Count :24
5/9/2021 12:37:15 AM : kService.requestChannels.Count :24
5/9/2021 12:37:16 AM : kService.requestChannels.Count :23
5/9/2021 12:37:16 AM : kService.requestChannels.Count :23
5/9/2021 12:37:16 AM : kService.requestChannels.Count :22
5/9/2021 12:37:16 AM : kService.requestChannels.Count :22
5/9/2021 12:37:16 AM : ping
5/9/2021 12:37:16 AM : ping
5/9/2021 12:37:16 AM : ping
5/9/2021 12:37:16 AM : kService.requestChannels.Count :21
5/9/2021 12:37:16 AM : kService.requestChannels.Count :21
5/9/2021 12:37:17 AM : kService.requestChannels.Count :20
5/9/2021 12:37:17 AM : kService.requestChannels.Count :20
5/9/2021 12:37:17 AM : ping
5/9/2021 12:37:17 AM : ping
5/9/2021 12:37:17 AM : ping
5/9/2021 12:37:17 AM : kService.requestChannels.Count :19
5/9/2021 12:37:17 AM : kService.requestChannels.Count :19
5/9/2021 12:37:17 AM : kService.requestChannels.Count :18
5/9/2021 12:37:17 AM : kService.requestChannels.Count :18
5/9/2021 12:37:18 AM : ping
5/9/2021 12:37:18 AM : ping
5/9/2021 12:37:18 AM : ping
5/9/2021 12:37:19 AM : ping
5/9/2021 12:37:19 AM : ping
5/9/2021 12:37:19 AM : ping
5/9/2021 12:37:20 AM : kService.requestChannels.Count :17
5/9/2021 12:37:20 AM : kService.requestChannels.Count :17
5/9/2021 12:37:20 AM : kService.requestChannels.Count :16
5/9/2021 12:37:20 AM : kService.requestChannels.Count :16
5/9/2021 12:37:21 AM : ping
5/9/2021 12:37:21 AM : ping
5/9/2021 12:37:21 AM : ping
5/9/2021 12:37:21 AM : kService.requestChannels.Count :15
5/9/2021 12:37:21 AM : kService.requestChannels.Count :15
5/9/2021 12:37:21 AM : kService.requestChannels.Count :14
5/9/2021 12:37:21 AM : kService.requestChannels.Count :14
5/9/2021 12:37:21 AM : kService.requestChannels.Count :13
5/9/2021 12:37:21 AM : kService.requestChannels.Count :13
5/9/2021 12:37:21 AM : kService.requestChannels.Count :12
5/9/2021 12:37:21 AM : kService.requestChannels.Count :12
5/9/2021 12:37:21 AM : kService.requestChannels.Count :11
5/9/2021 12:37:21 AM : kService.requestChannels.Count :11
5/9/2021 12:37:21 AM : kService.requestChannels.Count :10
5/9/2021 12:37:21 AM : kService.requestChannels.Count :10
5/9/2021 12:37:21 AM : kService.requestChannels.Count :9
5/9/2021 12:37:21 AM : kService.requestChannels.Count :9
5/9/2021 12:37:22 AM : kService.requestChannels.Count :8
5/9/2021 12:37:22 AM : kService.requestChannels.Count :8
5/9/2021 12:37:22 AM : ping
5/9/2021 12:37:22 AM : ping
5/9/2021 12:37:22 AM : ping
5/9/2021 12:37:22 AM : kService.requestChannels.Count :7
5/9/2021 12:37:22 AM : kService.requestChannels.Count :7
5/9/2021 12:37:23 AM : kService.requestChannels.Count :6
5/9/2021 12:37:23 AM : kService.requestChannels.Count :6
5/9/2021 12:37:23 AM : ping
5/9/2021 12:37:23 AM : ping
5/9/2021 12:37:23 AM : ping
5/9/2021 12:37:23 AM : kService.requestChannels.Count :5
5/9/2021 12:37:23 AM : kService.requestChannels.Count :5
5/9/2021 12:37:23 AM : kService.requestChannels.Count :4
5/9/2021 12:37:23 AM : kService.requestChannels.Count :4
5/9/2021 12:37:24 AM : kService.requestChannels.Count :3
5/9/2021 12:37:24 AM : kService.requestChannels.Count :3
5/9/2021 12:37:24 AM : kService.requestChannels.Count :2
5/9/2021 12:37:24 AM : kService.requestChannels.Count :2
5/9/2021 12:37:24 AM : ping
5/9/2021 12:37:24 AM : ping
5/9/2021 12:37:24 AM : ping
5/9/2021 12:37:24 AM : kService.requestChannels.Count :1
5/9/2021 12:37:24 AM : kService.requestChannels.Count :1
5/9/2021 12:37:24 AM : kService.requestChannels.Count :0
5/9/2021 12:37:24 AM : kService.requestChannels.Count :0
5/9/2021 12:37:25 AM : ping
5/9/2021 12:37:25 AM : ping
5/9/2021 12:37:25 AM : ping
5/9/2021 12:37:26 AM : ping
5/9/2021 12:37:26 AM : ping
5/9/2021 12:37:26 AM : ping
5/9/2021 12:37:27 AM : ping
5/9/2021 12:37:27 AM : ping
5/9/2021 12:37:27 AM : ping
5/9/2021 12:37:28 AM : ping
5/9/2021 12:37:28 AM : ping
5/9/2021 12:37:28 AM : ping
5/9/2021 12:37:29 AM : ping
5/9/2021 12:37:29 AM : ping
5/9/2021 12:37:29 AM : ping
5/9/2021 12:37:31 AM : ping
5/9/2021 12:37:31 AM : ping
5/9/2021 12:37:31 AM : ping
5/9/2021 12:37:32 AM : ping
5/9/2021 12:37:32 AM : ping
5/9/2021 12:37:32 AM : ping
5/9/2021 12:37:33 AM : ping
5/9/2021 12:37:33 AM : ping
5/9/2021 12:37:33 AM : ping
5/9/2021 12:37:34 AM : ping
5/9/2021 12:37:34 AM : ping
5/9/2021 12:37:34 AM : ping
5/9/2021 12:37:35 AM : ping
5/9/2021 12:37:35 AM : ping
5/9/2021 12:37:35 AM : ping
5/9/2021 12:37:36 AM : ping
5/9/2021 12:37:36 AM : ping
5/9/2021 12:37:36 AM : ping
5/9/2021 12:37:37 AM : ping
5/9/2021 12:37:37 AM : ping
5/9/2021 12:37:37 AM : ping
